<?xml version="1.0" encoding="UTF-8" ?>
<testsuite failures="0" time="2.042" errors="1" skipped="0" tests="1" name="j.index.core.security.accountNumber.dao.SecUserDaoTest">
  <properties>
    <property name="java.runtime.name" value="Java(TM) SE Runtime Environment"/>
    <property name="sun.boot.library.path" value="C:\Program Files\Java\jre7\bin"/>
    <property name="java.vm.version" value="24.45-b08"/>
    <property name="java.vm.vendor" value="Oracle Corporation"/>
    <property name="java.vendor.url" value="http://java.oracle.com/"/>
    <property name="path.separator" value=";"/>
    <property name="guice.disable.misplaced.annotation.check" value="true"/>
    <property name="java.vm.name" value="Java HotSpot(TM) Client VM"/>
    <property name="file.encoding.pkg" value="sun.io"/>
    <property name="user.script" value=""/>
    <property name="user.country" value="TW"/>
    <property name="sun.java.launcher" value="SUN_STANDARD"/>
    <property name="sun.os.patch.level" value="Service Pack 1"/>
    <property name="java.vm.specification.name" value="Java Virtual Machine Specification"/>
    <property name="user.dir" value="C:\JSP\workspace\TMUHJ"/>
    <property name="java.runtime.version" value="1.7.0_45-b18"/>
    <property name="java.awt.graphicsenv" value="sun.awt.Win32GraphicsEnvironment"/>
    <property name="java.endorsed.dirs" value="C:\Program Files\Java\jre7\lib\endorsed"/>
    <property name="os.arch" value="x86"/>
    <property name="java.io.tmpdir" value="C:\Users\user\AppData\Local\Temp\"/>
    <property name="line.separator" value="
"/>
    <property name="java.vm.specification.vendor" value="Oracle Corporation"/>
    <property name="user.variant" value=""/>
    <property name="os.name" value="Windows 7"/>
    <property name="classworlds.conf" value="C:\JSP\workspace\.metadata\.plugins\org.eclipse.m2e.launching\launches\m2conf3601315405149587222.tmp"/>
    <property name="sun.jnu.encoding" value="MS950"/>
    <property name="java.library.path" value="C:\Program Files\Java\jre7\bin;C:\windows\Sun\Java\bin;C:\windows\system32;C:\windows;C:/Program Files/Java/jre7/bin/client;C:/Program Files/Java/jre7/bin;C:/Program Files/Java/jre7/lib/i386;C:\windows\system32;C:\windows;C:\windows\System32\Wbem;C:\windows\System32\WindowsPowerShell\v1.0\;C:\Program Files\TortoiseSVN\bin;C:\Program Files\Java\jdk1.7.0_45\bin;C:\J2EE\eclipse;;."/>
    <property name="java.specification.name" value="Java Platform API Specification"/>
    <property name="java.class.version" value="51.0"/>
    <property name="sun.management.compiler" value="HotSpot Client Compiler"/>
    <property name="os.version" value="6.1"/>
    <property name="user.home" value="C:\Users\user"/>
    <property name="user.timezone" value="Asia/Taipei"/>
    <property name="java.awt.printerjob" value="sun.awt.windows.WPrinterJob"/>
    <property name="java.specification.version" value="1.7"/>
    <property name="file.encoding" value="UTF-8"/>
    <property name="user.name" value="user"/>
    <property name="java.class.path" value="/C:/J2EE/eclipse/configuration/org.eclipse.osgi/bundles/1396/1/.cp/jars/plexus-classworlds-2.4.jar"/>
    <property name="java.vm.specification.version" value="1.7"/>
    <property name="sun.arch.data.model" value="32"/>
    <property name="java.home" value="C:\Program Files\Java\jre7"/>
    <property name="sun.java.command" value="org.codehaus.plexus.classworlds.launcher.Launcher -B test"/>
    <property name="java.specification.vendor" value="Oracle Corporation"/>
    <property name="user.language" value="zh"/>
    <property name="awt.toolkit" value="sun.awt.windows.WToolkit"/>
    <property name="java.vm.info" value="mixed mode, sharing"/>
    <property name="java.version" value="1.7.0_45"/>
    <property name="java.ext.dirs" value="C:\Program Files\Java\jre7\lib\ext;C:\windows\Sun\Java\lib\ext"/>
    <property name="sun.boot.class.path" value="C:\Program Files\Java\jre7\lib\resources.jar;C:\Program Files\Java\jre7\lib\rt.jar;C:\Program Files\Java\jre7\lib\sunrsasign.jar;C:\Program Files\Java\jre7\lib\jsse.jar;C:\Program Files\Java\jre7\lib\jce.jar;C:\Program Files\Java\jre7\lib\charsets.jar;C:\Program Files\Java\jre7\lib\jfr.jar;C:\Program Files\Java\jre7\classes"/>
    <property name="java.vendor" value="Oracle Corporation"/>
    <property name="maven.home" value="C:\JSP\workspace\TMUHJ\EMBEDDED"/>
    <property name="file.separator" value="\"/>
    <property name="java.vendor.url.bug" value="http://bugreport.sun.com/bugreport/"/>
    <property name="maven.bootclasspath" value="/C:/J2EE/eclipse/configuration/org.eclipse.osgi/bundles/1396/1/.cp/jars/plexus-classworlds-2.4.jar"/>
    <property name="sun.cpu.endian" value="little"/>
    <property name="sun.io.unicode.encoding" value="UnicodeLittle"/>
    <property name="sun.desktop" value="windows"/>
    <property name="sun.cpu.isalist" value="pentium_pro+mmx pentium_pro pentium+mmx pentium i486 i386 i86"/>
  </properties>
  <testcase time="1.831" classname="j.index.core.security.accountNumber.dao.SecUserDaoTest" name="testCRUD">
    <error message="Failed to load ApplicationContext" type="java.lang.IllegalStateException">java.lang.IllegalStateException: Failed to load ApplicationContext
	at org.springframework.test.context.CacheAwareContextLoaderDelegate.loadContext(CacheAwareContextLoaderDelegate.java:99)
	at org.springframework.test.context.DefaultTestContext.getApplicationContext(DefaultTestContext.java:101)
	at org.springframework.test.context.support.DependencyInjectionTestExecutionListener.injectDependencies(DependencyInjectionTestExecutionListener.java:109)
	at org.springframework.test.context.support.DependencyInjectionTestExecutionListener.prepareTestInstance(DependencyInjectionTestExecutionListener.java:75)
	at org.springframework.test.context.TestContextManager.prepareTestInstance(TestContextManager.java:319)
	at org.springframework.test.context.junit4.SpringJUnit4ClassRunner.createTest(SpringJUnit4ClassRunner.java:212)
	at org.springframework.test.context.junit4.SpringJUnit4ClassRunner$1.runReflectiveCall(SpringJUnit4ClassRunner.java:289)
	at org.junit.internal.runners.model.ReflectiveCallable.run(ReflectiveCallable.java:12)
	at org.springframework.test.context.junit4.SpringJUnit4ClassRunner.methodBlock(SpringJUnit4ClassRunner.java:291)
	at org.springframework.test.context.junit4.SpringJUnit4ClassRunner.runChild(SpringJUnit4ClassRunner.java:232)
	at org.springframework.test.context.junit4.SpringJUnit4ClassRunner.runChild(SpringJUnit4ClassRunner.java:89)
	at org.junit.runners.ParentRunner$3.run(ParentRunner.java:238)
	at org.junit.runners.ParentRunner$1.schedule(ParentRunner.java:63)
	at org.junit.runners.ParentRunner.runChildren(ParentRunner.java:236)
	at org.junit.runners.ParentRunner.access$000(ParentRunner.java:53)
	at org.junit.runners.ParentRunner$2.evaluate(ParentRunner.java:229)
	at org.springframework.test.context.junit4.statements.RunBeforeTestClassCallbacks.evaluate(RunBeforeTestClassCallbacks.java:61)
	at org.springframework.test.context.junit4.statements.RunAfterTestClassCallbacks.evaluate(RunAfterTestClassCallbacks.java:71)
	at org.junit.runners.ParentRunner.run(ParentRunner.java:309)
	at org.springframework.test.context.junit4.SpringJUnit4ClassRunner.run(SpringJUnit4ClassRunner.java:175)
	at org.apache.maven.surefire.junit4.JUnit4TestSet.execute(JUnit4TestSet.java:53)
	at org.apache.maven.surefire.junit4.JUnit4Provider.executeTestSet(JUnit4Provider.java:123)
	at org.apache.maven.surefire.junit4.JUnit4Provider.invoke(JUnit4Provider.java:104)
	at sun.reflect.NativeMethodAccessorImpl.invoke0(Native Method)
	at sun.reflect.NativeMethodAccessorImpl.invoke(Unknown Source)
	at sun.reflect.DelegatingMethodAccessorImpl.invoke(Unknown Source)
	at java.lang.reflect.Method.invoke(Unknown Source)
	at org.apache.maven.surefire.util.ReflectionUtils.invokeMethodWithArray(ReflectionUtils.java:164)
	at org.apache.maven.surefire.booter.ProviderFactory$ProviderProxy.invoke(ProviderFactory.java:110)
	at org.apache.maven.surefire.booter.SurefireStarter.invokeProvider(SurefireStarter.java:175)
	at org.apache.maven.surefire.booter.SurefireStarter.runSuitesInProcessWhenForked(SurefireStarter.java:107)
	at org.apache.maven.surefire.booter.ForkedBooter.main(ForkedBooter.java:68)
Caused by: org.springframework.beans.factory.BeanCreationException: Error creating bean with name &apos;org.springframework.jdbc.datasource.init.DataSourceInitializer#0&apos;: Invocation of init method failed; nested exception is org.springframework.dao.DataAccessResourceFailureException: Failed to execute database script; nested exception is org.springframework.jdbc.CannotGetJdbcConnectionException: Could not get JDBC Connection; nested exception is java.sql.SQLSyntaxErrorException: You have an error in your SQL syntax; check the manual that corresponds to your MariaDB server version for the right syntax to use near &apos;index&apos; at line 1
	at org.springframework.beans.factory.support.AbstractAutowireCapableBeanFactory.initializeBean(AbstractAutowireCapableBeanFactory.java:1553)
	at org.springframework.beans.factory.support.AbstractAutowireCapableBeanFactory.doCreateBean(AbstractAutowireCapableBeanFactory.java:539)
	at org.springframework.beans.factory.support.AbstractAutowireCapableBeanFactory.createBean(AbstractAutowireCapableBeanFactory.java:475)
	at org.springframework.beans.factory.support.AbstractBeanFactory$1.getObject(AbstractBeanFactory.java:304)
	at org.springframework.beans.factory.support.DefaultSingletonBeanRegistry.getSingleton(DefaultSingletonBeanRegistry.java:228)
	at org.springframework.beans.factory.support.AbstractBeanFactory.doGetBean(AbstractBeanFactory.java:300)
	at org.springframework.beans.factory.support.AbstractBeanFactory.getBean(AbstractBeanFactory.java:195)
	at org.springframework.beans.factory.support.DefaultListableBeanFactory.preInstantiateSingletons(DefaultListableBeanFactory.java:700)
	at org.springframework.context.support.AbstractApplicationContext.finishBeanFactoryInitialization(AbstractApplicationContext.java:760)
	at org.springframework.context.support.AbstractApplicationContext.refresh(AbstractApplicationContext.java:482)
	at org.springframework.test.context.support.AbstractGenericContextLoader.loadContext(AbstractGenericContextLoader.java:121)
	at org.springframework.test.context.support.AbstractGenericContextLoader.loadContext(AbstractGenericContextLoader.java:60)
	at org.springframework.test.context.support.AbstractDelegatingSmartContextLoader.delegateLoading(AbstractDelegatingSmartContextLoader.java:100)
	at org.springframework.test.context.support.AbstractDelegatingSmartContextLoader.loadContext(AbstractDelegatingSmartContextLoader.java:250)
	at org.springframework.test.context.CacheAwareContextLoaderDelegate.loadContextInternal(CacheAwareContextLoaderDelegate.java:64)
	at org.springframework.test.context.CacheAwareContextLoaderDelegate.loadContext(CacheAwareContextLoaderDelegate.java:91)
	... 31 more
Caused by: org.springframework.dao.DataAccessResourceFailureException: Failed to execute database script; nested exception is org.springframework.jdbc.CannotGetJdbcConnectionException: Could not get JDBC Connection; nested exception is java.sql.SQLSyntaxErrorException: You have an error in your SQL syntax; check the manual that corresponds to your MariaDB server version for the right syntax to use near &apos;index&apos; at line 1
	at org.springframework.jdbc.datasource.init.DatabasePopulatorUtils.execute(DatabasePopulatorUtils.java:56)
	at org.springframework.jdbc.datasource.init.DataSourceInitializer.afterPropertiesSet(DataSourceInitializer.java:84)
	at org.springframework.beans.factory.support.AbstractAutowireCapableBeanFactory.invokeInitMethods(AbstractAutowireCapableBeanFactory.java:1612)
	at org.springframework.beans.factory.support.AbstractAutowireCapableBeanFactory.initializeBean(AbstractAutowireCapableBeanFactory.java:1549)
	... 46 more
Caused by: org.springframework.jdbc.CannotGetJdbcConnectionException: Could not get JDBC Connection; nested exception is java.sql.SQLSyntaxErrorException: You have an error in your SQL syntax; check the manual that corresponds to your MariaDB server version for the right syntax to use near &apos;index&apos; at line 1
	at org.springframework.jdbc.datasource.DataSourceUtils.getConnection(DataSourceUtils.java:80)
	at org.springframework.jdbc.datasource.init.DatabasePopulatorUtils.execute(DatabasePopulatorUtils.java:45)
	... 49 more
Caused by: java.sql.SQLSyntaxErrorException: You have an error in your SQL syntax; check the manual that corresponds to your MariaDB server version for the right syntax to use near &apos;index&apos; at line 1
	at org.mariadb.jdbc.internal.SQLExceptionMapper.get(SQLExceptionMapper.java:138)
	at org.mariadb.jdbc.internal.SQLExceptionMapper.throwException(SQLExceptionMapper.java:106)
	at org.mariadb.jdbc.Driver.connect(Driver.java:114)
	at org.apache.commons.dbcp.DriverConnectionFactory.createConnection(DriverConnectionFactory.java:82)
	at org.apache.commons.dbcp.PoolableConnectionFactory.makeObject(PoolableConnectionFactory.java:256)
	at org.apache.commons.pool.impl.GenericObjectPool.borrowObject(GenericObjectPool.java:816)
	at org.apache.commons.dbcp.PoolingDataSource.getConnection(PoolingDataSource.java:115)
	at org.apache.commons.dbcp.BasicDataSource.getConnection(BasicDataSource.java:430)
	at org.springframework.jdbc.datasource.DataSourceUtils.doGetConnection(DataSourceUtils.java:111)
	at org.springframework.jdbc.datasource.DataSourceUtils.getConnection(DataSourceUtils.java:77)
	... 50 more
Caused by: org.mariadb.jdbc.internal.common.QueryException: You have an error in your SQL syntax; check the manual that corresponds to your MariaDB server version for the right syntax to use near &apos;index&apos; at line 1
	at org.mariadb.jdbc.internal.mysql.MySQLProtocol.getResult(MySQLProtocol.java:942)
	at org.mariadb.jdbc.internal.mysql.MySQLProtocol.executeQuery(MySQLProtocol.java:991)
	at org.mariadb.jdbc.internal.mysql.MySQLProtocol.executeQuery(MySQLProtocol.java:886)
	at org.mariadb.jdbc.internal.mysql.MySQLProtocol.connect(MySQLProtocol.java:504)
	at org.mariadb.jdbc.internal.mysql.MySQLProtocol.connect(MySQLProtocol.java:673)
	at org.mariadb.jdbc.internal.mysql.MySQLProtocol.&lt;init&gt;(MySQLProtocol.java:266)
	at org.mariadb.jdbc.Driver.connect(Driver.java:110)
	... 57 more
</error>
    <system-out>[2014-10-08 16:08:28,647] DEBUG (SpringJUnit4ClassRunner.java:107).&lt;init&gt; - SpringJUnit4ClassRunner constructor called with [class j.index.core.security.accountNumber.dao.SecUserDaoTest].
[2014-10-08 16:08:28,708] DEBUG (AbstractDelegatingSmartContextLoader.java:89).delegateProcessing - Delegating to GenericXmlContextLoader to process context configuration [ContextConfigurationAttributes@820a0c declaringClass = &apos;j.index.core.GenericTest&apos;, locations = &apos;{classpath:config/spring-context.xml, classpath:config/spring-service.xml, classpath:config/spring-database.xml}&apos;, classes = &apos;{}&apos;, inheritLocations = true, initializers = &apos;{}&apos;, inheritInitializers = true, name = [null], contextLoaderClass = &apos;org.springframework.test.context.ContextLoader&apos;].
[2014-10-08 16:08:28,710] DEBUG (TestContextManager.java:187).retrieveTestExecutionListeners - @TestExecutionListeners is not present for class [class j.index.core.security.accountNumber.dao.SecUserDaoTest]: using defaults.
[2014-10-08 16:08:28,734] DEBUG (ProfileValueUtils.java:70).retrieveProfileValueSource - Retrieved @ProfileValueSourceConfiguration [null] for test class [j.index.core.security.accountNumber.dao.SecUserDaoTest]
[2014-10-08 16:08:28,734] DEBUG (ProfileValueUtils.java:82).retrieveProfileValueSource - Retrieved ProfileValueSource type [class org.springframework.test.annotation.SystemProfileValueSource] for class [j.index.core.security.accountNumber.dao.SecUserDaoTest]
[2014-10-08 16:08:28,735] DEBUG (ProfileValueUtils.java:70).retrieveProfileValueSource - Retrieved @ProfileValueSourceConfiguration [null] for test class [j.index.core.security.accountNumber.dao.SecUserDaoTest]
[2014-10-08 16:08:28,735] DEBUG (ProfileValueUtils.java:82).retrieveProfileValueSource - Retrieved ProfileValueSource type [class org.springframework.test.annotation.SystemProfileValueSource] for class [j.index.core.security.accountNumber.dao.SecUserDaoTest]
[2014-10-08 16:08:28,737] DEBUG (ProfileValueUtils.java:70).retrieveProfileValueSource - Retrieved @ProfileValueSourceConfiguration [null] for test class [j.index.core.security.accountNumber.dao.SecUserDaoTest]
[2014-10-08 16:08:28,738] DEBUG (ProfileValueUtils.java:82).retrieveProfileValueSource - Retrieved ProfileValueSource type [class org.springframework.test.annotation.SystemProfileValueSource] for class [j.index.core.security.accountNumber.dao.SecUserDaoTest]
[2014-10-08 16:08:28,739] DEBUG (DependencyInjectionTestExecutionListener.java:73).prepareTestInstance - Performing dependency injection for test context [[DefaultTestContext@2c502a testClass = SecUserDaoTest, testInstance = j.index.core.security.accountNumber.dao.SecUserDaoTest@1431028, testMethod = [null], testException = [null], mergedContextConfiguration = [MergedContextConfiguration@1d9d7ab testClass = SecUserDaoTest, locations = &apos;{classpath:config/spring-context.xml, classpath:config/spring-service.xml, classpath:config/spring-database.xml}&apos;, classes = &apos;{}&apos;, contextInitializerClasses = &apos;[]&apos;, activeProfiles = &apos;{dev}&apos;, contextLoader = &apos;org.springframework.test.context.support.DelegatingSmartContextLoader&apos;, parent = [null]]]].
[2014-10-08 16:08:28,740] DEBUG (AbstractDelegatingSmartContextLoader.java:98).delegateLoading - Delegating to GenericXmlContextLoader to load context from [MergedContextConfiguration@1d9d7ab testClass = SecUserDaoTest, locations = &apos;{classpath:config/spring-context.xml, classpath:config/spring-service.xml, classpath:config/spring-database.xml}&apos;, classes = &apos;{}&apos;, contextInitializerClasses = &apos;[]&apos;, activeProfiles = &apos;{dev}&apos;, contextLoader = &apos;org.springframework.test.context.support.DelegatingSmartContextLoader&apos;, parent = [null]].
[2014-10-08 16:08:28,740] DEBUG (AbstractGenericContextLoader.java:105).loadContext - Loading ApplicationContext for merged context configuration [[MergedContextConfiguration@1d9d7ab testClass = SecUserDaoTest, locations = &apos;{classpath:config/spring-context.xml, classpath:config/spring-service.xml, classpath:config/spring-database.xml}&apos;, classes = &apos;{}&apos;, contextInitializerClasses = &apos;[]&apos;, activeProfiles = &apos;{dev}&apos;, contextLoader = &apos;org.springframework.test.context.support.DelegatingSmartContextLoader&apos;, parent = [null]]].
[2014-10-08 16:08:28,816] DEBUG (MutablePropertySources.java:110).addLast - Adding [systemProperties] PropertySource with lowest search precedence
[2014-10-08 16:08:28,818] DEBUG (MutablePropertySources.java:110).addLast - Adding [systemEnvironment] PropertySource with lowest search precedence
[2014-10-08 16:08:28,818] DEBUG (AbstractEnvironment.java:126).&lt;init&gt; - Initialized StandardEnvironment with PropertySources [systemProperties,systemEnvironment]
[2014-10-08 16:08:28,830] INFO  (XmlBeanDefinitionReader.java:316).loadBeanDefinitions - Loading XML bean definitions from class path resource [config/spring-context.xml]
[2014-10-08 16:08:28,843] DEBUG (DefaultDocumentLoader.java:73).loadDocument - Using JAXP provider [com.sun.org.apache.xerces.internal.jaxp.DocumentBuilderFactoryImpl]
[2014-10-08 16:08:28,875] DEBUG (PluggableSchemaResolver.java:141).getSchemaMappings - Loading schema mappings from [META-INF/spring.schemas]
[2014-10-08 16:08:28,880] DEBUG (PluggableSchemaResolver.java:147).getSchemaMappings - Loaded schema mappings: {http://www.springframework.org/schema/tx/spring-tx-2.5.xsd=org/springframework/transaction/config/spring-tx-2.5.xsd, http://www.springframework.org/schema/context/spring-context-3.1.xsd=org/springframework/context/config/spring-context-3.1.xsd, http://www.springframework.org/schema/util/spring-util-3.0.xsd=org/springframework/beans/factory/xml/spring-util-3.0.xsd, http://www.springframework.org/schema/tool/spring-tool.xsd=org/springframework/beans/factory/xml/spring-tool-4.0.xsd, http://www.springframework.org/schema/aop/spring-aop-3.2.xsd=org/springframework/aop/config/spring-aop-3.2.xsd, http://www.springframework.org/schema/context/spring-context-4.0.xsd=org/springframework/context/config/spring-context-4.0.xsd, http://www.springframework.org/schema/mvc/spring-mvc-3.2.xsd=org/springframework/web/servlet/config/spring-mvc-3.2.xsd, http://www.springframework.org/schema/oxm/spring-oxm-3.0.xsd=org/springframework/oxm/config/spring-oxm-3.0.xsd, http://www.springframework.org/schema/lang/spring-lang-3.2.xsd=org/springframework/scripting/config/spring-lang-3.2.xsd, http://www.springframework.org/schema/cache/spring-cache-3.2.xsd=org/springframework/cache/config/spring-cache-3.2.xsd, http://www.springframework.org/schema/jdbc/spring-jdbc-3.1.xsd=org/springframework/jdbc/config/spring-jdbc-3.1.xsd, http://www.springframework.org/schema/util/spring-util-2.0.xsd=org/springframework/beans/factory/xml/spring-util-2.0.xsd, http://www.springframework.org/schema/tool/spring-tool-3.2.xsd=org/springframework/beans/factory/xml/spring-tool-3.2.xsd, http://www.springframework.org/schema/context/spring-context.xsd=org/springframework/context/config/spring-context-4.0.xsd, http://www.springframework.org/schema/aop/spring-aop-4.0.xsd=org/springframework/aop/config/spring-aop-4.0.xsd, http://www.springframework.org/schema/jee/spring-jee-3.2.xsd=org/springframework/ejb/config/spring-jee-3.2.xsd, http://www.springframework.org/schema/context/spring-context-3.0.xsd=org/springframework/context/config/spring-context-3.0.xsd, http://www.springframework.org/schema/jdbc/spring-jdbc-4.0.xsd=org/springframework/jdbc/config/spring-jdbc-4.0.xsd, http://www.springframework.org/schema/mvc/spring-mvc-4.0.xsd=org/springframework/web/servlet/config/spring-mvc-4.0.xsd, http://www.springframework.org/schema/util/spring-util-2.5.xsd=org/springframework/beans/factory/xml/spring-util-2.5.xsd, http://www.springframework.org/schema/beans/spring-beans-3.2.xsd=org/springframework/beans/factory/xml/spring-beans-3.2.xsd, http://www.springframework.org/schema/aop/spring-aop-3.1.xsd=org/springframework/aop/config/spring-aop-3.1.xsd, http://www.springframework.org/schema/lang/spring-lang-4.0.xsd=org/springframework/scripting/config/spring-lang-4.0.xsd, http://www.springframework.org/schema/mvc/spring-mvc.xsd=org/springframework/web/servlet/config/spring-mvc-4.0.xsd, http://www.springframework.org/schema/mvc/spring-mvc-3.1.xsd=org/springframework/web/servlet/config/spring-mvc-3.1.xsd, http://www.springframework.org/schema/tool/spring-tool-4.0.xsd=org/springframework/beans/factory/xml/spring-tool-4.0.xsd, http://www.springframework.org/schema/lang/spring-lang-3.1.xsd=org/springframework/scripting/config/spring-lang-3.1.xsd, http://www.springframework.org/schema/tx/spring-tx-3.2.xsd=org/springframework/transaction/config/spring-tx-3.2.xsd, http://www.springframework.org/schema/cache/spring-cache-3.1.xsd=org/springframework/cache/config/spring-cache-3.1.xsd, http://www.springframework.org/schema/jee/spring-jee-4.0.xsd=org/springframework/ejb/config/spring-jee-4.0.xsd, http://www.springframework.org/schema/jdbc/spring-jdbc-3.0.xsd=org/springframework/jdbc/config/spring-jdbc-3.0.xsd, http://www.springframework.org/schema/jdbc/spring-jdbc.xsd=org/springframework/jdbc/config/spring-jdbc-4.0.xsd, http://www.springframework.org/schema/tool/spring-tool-3.1.xsd=org/springframework/beans/factory/xml/spring-tool-3.1.xsd, http://www.springframework.org/schema/cache/spring-cache-4.0.xsd=org/springframework/cache/config/spring-cache-4.0.xsd, http://www.springframework.org/schema/jee/spring-jee-3.1.xsd=org/springframework/ejb/config/spring-jee-3.1.xsd, http://www.springframework.org/schema/task/spring-task-3.2.xsd=org/springframework/scheduling/config/spring-task-3.2.xsd, http://www.springframework.org/schema/beans/spring-beans-3.1.xsd=org/springframework/beans/factory/xml/spring-beans-3.1.xsd, http://www.springframework.org/schema/util/spring-util.xsd=org/springframework/beans/factory/xml/spring-util-4.0.xsd, http://www.springframework.org/schema/aop/spring-aop-3.0.xsd=org/springframework/aop/config/spring-aop-3.0.xsd, http://www.springframework.org/schema/mvc/spring-mvc-3.0.xsd=org/springframework/web/servlet/config/spring-mvc-3.0.xsd, http://www.springframework.org/schema/beans/spring-beans-4.0.xsd=org/springframework/beans/factory/xml/spring-beans-4.0.xsd, http://www.springframework.org/schema/beans/spring-beans.xsd=org/springframework/beans/factory/xml/spring-beans-4.0.xsd, http://www.springframework.org/schema/lang/spring-lang-3.0.xsd=org/springframework/scripting/config/spring-lang-3.0.xsd, http://www.springframework.org/schema/tx/spring-tx-3.1.xsd=org/springframework/transaction/config/spring-tx-3.1.xsd, http://www.springframework.org/schema/context/spring-context-2.5.xsd=org/springframework/context/config/spring-context-2.5.xsd, http://www.springframework.org/schema/task/spring-task-4.0.xsd=org/springframework/scheduling/config/spring-task-4.0.xsd, http://www.springframework.org/schema/tool/spring-tool-3.0.xsd=org/springframework/beans/factory/xml/spring-tool-3.0.xsd, http://www.springframework.org/schema/tx/spring-tx-4.0.xsd=org/springframework/transaction/config/spring-tx-4.0.xsd, http://www.springframework.org/schema/aop/spring-aop-2.0.xsd=org/springframework/aop/config/spring-aop-2.0.xsd, http://www.springframework.org/schema/jee/spring-jee-3.0.xsd=org/springframework/ejb/config/spring-jee-3.0.xsd, http://www.springframework.org/schema/task/spring-task-3.1.xsd=org/springframework/scheduling/config/spring-task-3.1.xsd, http://www.springframework.org/schema/beans/spring-beans-3.0.xsd=org/springframework/beans/factory/xml/spring-beans-3.0.xsd, http://www.springframework.org/schema/jee/spring-jee.xsd=org/springframework/ejb/config/spring-jee-4.0.xsd, http://www.springframework.org/schema/aop/spring-aop-2.5.xsd=org/springframework/aop/config/spring-aop-2.5.xsd, http://www.springframework.org/schema/lang/spring-lang-2.0.xsd=org/springframework/scripting/config/spring-lang-2.0.xsd, http://www.springframework.org/schema/oxm/spring-oxm.xsd=org/springframework/oxm/config/spring-oxm-4.0.xsd, http://www.springframework.org/schema/util/spring-util-3.2.xsd=org/springframework/beans/factory/xml/spring-util-3.2.xsd, http://www.springframework.org/schema/task/spring-task.xsd=org/springframework/scheduling/config/spring-task-4.0.xsd, http://www.springframework.org/schema/tool/spring-tool-2.0.xsd=org/springframework/beans/factory/xml/spring-tool-2.0.xsd, http://www.springframework.org/schema/tx/spring-tx-3.0.xsd=org/springframework/transaction/config/spring-tx-3.0.xsd, http://www.springframework.org/schema/lang/spring-lang-2.5.xsd=org/springframework/scripting/config/spring-lang-2.5.xsd, http://www.springframework.org/schema/jee/spring-jee-2.0.xsd=org/springframework/ejb/config/spring-jee-2.0.xsd, http://www.springframework.org/schema/oxm/spring-oxm-3.2.xsd=org/springframework/oxm/config/spring-oxm-3.2.xsd, http://www.springframework.org/schema/tool/spring-tool-2.5.xsd=org/springframework/beans/factory/xml/spring-tool-2.5.xsd, http://www.springframework.org/schema/jee/spring-jee-2.5.xsd=org/springframework/ejb/config/spring-jee-2.5.xsd, http://www.springframework.org/schema/util/spring-util-4.0.xsd=org/springframework/beans/factory/xml/spring-util-4.0.xsd, http://www.springframework.org/schema/task/spring-task-3.0.xsd=org/springframework/scheduling/config/spring-task-3.0.xsd, http://www.springframework.org/schema/lang/spring-lang.xsd=org/springframework/scripting/config/spring-lang-4.0.xsd, http://www.springframework.org/schema/context/spring-context-3.2.xsd=org/springframework/context/config/spring-context-3.2.xsd, http://www.springframework.org/schema/util/spring-util-3.1.xsd=org/springframework/beans/factory/xml/spring-util-3.1.xsd, http://www.springframework.org/schema/beans/spring-beans-2.0.xsd=org/springframework/beans/factory/xml/spring-beans-2.0.xsd, http://www.springframework.org/schema/oxm/spring-oxm-4.0.xsd=org/springframework/oxm/config/spring-oxm-4.0.xsd, http://www.springframework.org/schema/cache/spring-cache.xsd=org/springframework/cache/config/spring-cache-4.0.xsd, http://www.springframework.org/schema/tx/spring-tx.xsd=org/springframework/transaction/config/spring-tx-4.0.xsd, http://www.springframework.org/schema/beans/spring-beans-2.5.xsd=org/springframework/beans/factory/xml/spring-beans-2.5.xsd, http://www.springframework.org/schema/oxm/spring-oxm-3.1.xsd=org/springframework/oxm/config/spring-oxm-3.1.xsd, http://www.springframework.org/schema/tx/spring-tx-2.0.xsd=org/springframework/transaction/config/spring-tx-2.0.xsd, http://www.springframework.org/schema/jdbc/spring-jdbc-3.2.xsd=org/springframework/jdbc/config/spring-jdbc-3.2.xsd, http://www.springframework.org/schema/aop/spring-aop.xsd=org/springframework/aop/config/spring-aop-4.0.xsd}
[2014-10-08 16:08:28,882] DEBUG (PluggableSchemaResolver.java:119).resolveEntity - Found XML schema [http://www.springframework.org/schema/beans/spring-beans.xsd] in classpath: org/springframework/beans/factory/xml/spring-beans-4.0.xsd
[2014-10-08 16:08:28,936] DEBUG (PluggableSchemaResolver.java:119).resolveEntity - Found XML schema [http://www.springframework.org/schema/context/spring-context.xsd] in classpath: org/springframework/context/config/spring-context-4.0.xsd
[2014-10-08 16:08:28,943] DEBUG (PluggableSchemaResolver.java:119).resolveEntity - Found XML schema [http://www.springframework.org/schema/tool/spring-tool-4.0.xsd] in classpath: org/springframework/beans/factory/xml/spring-tool-4.0.xsd
[2014-10-08 16:08:28,947] DEBUG (PluggableSchemaResolver.java:119).resolveEntity - Found XML schema [http://www.springframework.org/schema/util/spring-util.xsd] in classpath: org/springframework/beans/factory/xml/spring-util-4.0.xsd
[2014-10-08 16:08:28,952] DEBUG (DefaultBeanDefinitionDocumentReader.java:108).registerBeanDefinitions - Loading bean definitions
[2014-10-08 16:08:28,960] DEBUG (DefaultNamespaceHandlerResolver.java:157).getHandlerMappings - Loaded NamespaceHandler mappings: {http://www.springframework.org/schema/p=org.springframework.beans.factory.xml.SimplePropertyNamespaceHandler, http://www.springframework.org/schema/mvc=org.springframework.web.servlet.config.MvcNamespaceHandler, http://www.springframework.org/schema/util=org.springframework.beans.factory.xml.UtilNamespaceHandler, http://www.springframework.org/schema/jee=org.springframework.ejb.config.JeeNamespaceHandler, http://www.springframework.org/schema/aop=org.springframework.aop.config.AopNamespaceHandler, http://www.springframework.org/schema/oxm=org.springframework.oxm.config.OxmNamespaceHandler, http://www.springframework.org/schema/jdbc=org.springframework.jdbc.config.JdbcNamespaceHandler, http://www.springframework.org/schema/cache=org.springframework.cache.config.CacheNamespaceHandler, http://www.springframework.org/schema/c=org.springframework.beans.factory.xml.SimpleConstructorNamespaceHandler, http://www.springframework.org/schema/tx=org.springframework.transaction.config.TxNamespaceHandler, http://www.springframework.org/schema/task=org.springframework.scheduling.config.TaskNamespaceHandler, http://www.springframework.org/schema/lang=org.springframework.scripting.config.LangNamespaceHandler, http://www.springframework.org/schema/context=org.springframework.context.config.ContextNamespaceHandler}
[2014-10-08 16:08:28,990] DEBUG (PathMatchingResourcePatternResolver.java:553).doFindMatchingFileSystemResources - Looking for matching resources in directory tree [C:\JSP\workspace\TMUHJ\target\test-classes\j\index]
[2014-10-08 16:08:28,990] DEBUG (PathMatchingResourcePatternResolver.java:615).doRetrieveMatchingFiles - Searching directory [C:\JSP\workspace\TMUHJ\target\test-classes\j\index] for files matching pattern [C:/JSP/workspace/TMUHJ/target/test-classes/j/index/**/*.class]
[2014-10-08 16:08:28,992] DEBUG (PathMatchingResourcePatternResolver.java:615).doRetrieveMatchingFiles - Searching directory [C:\JSP\workspace\TMUHJ\target\test-classes\j\index\core] for files matching pattern [C:/JSP/workspace/TMUHJ/target/test-classes/j/index/**/*.class]
[2014-10-08 16:08:28,992] DEBUG (PathMatchingResourcePatternResolver.java:615).doRetrieveMatchingFiles - Searching directory [C:\JSP\workspace\TMUHJ\target\test-classes\j\index\core\security] for files matching pattern [C:/JSP/workspace/TMUHJ/target/test-classes/j/index/**/*.class]
[2014-10-08 16:08:28,993] DEBUG (PathMatchingResourcePatternResolver.java:615).doRetrieveMatchingFiles - Searching directory [C:\JSP\workspace\TMUHJ\target\test-classes\j\index\core\security\accountNumber] for files matching pattern [C:/JSP/workspace/TMUHJ/target/test-classes/j/index/**/*.class]
[2014-10-08 16:08:28,993] DEBUG (PathMatchingResourcePatternResolver.java:615).doRetrieveMatchingFiles - Searching directory [C:\JSP\workspace\TMUHJ\target\test-classes\j\index\core\security\accountNumber\dao] for files matching pattern [C:/JSP/workspace/TMUHJ/target/test-classes/j/index/**/*.class]
[2014-10-08 16:08:28,993] DEBUG (PathMatchingResourcePatternResolver.java:615).doRetrieveMatchingFiles - Searching directory [C:\JSP\workspace\TMUHJ\target\test-classes\j\index\core\security\accountNumber\service] for files matching pattern [C:/JSP/workspace/TMUHJ/target/test-classes/j/index/**/*.class]
[2014-10-08 16:08:28,994] DEBUG (PathMatchingResourcePatternResolver.java:615).doRetrieveMatchingFiles - Searching directory [C:\JSP\workspace\TMUHJ\target\test-classes\j\index\core\util] for files matching pattern [C:/JSP/workspace/TMUHJ/target/test-classes/j/index/**/*.class]
[2014-10-08 16:08:28,995] DEBUG (PathMatchingResourcePatternResolver.java:553).doFindMatchingFileSystemResources - Looking for matching resources in directory tree [C:\JSP\workspace\TMUHJ\target\classes\j\index]
[2014-10-08 16:08:28,995] DEBUG (PathMatchingResourcePatternResolver.java:615).doRetrieveMatchingFiles - Searching directory [C:\JSP\workspace\TMUHJ\target\classes\j\index] for files matching pattern [C:/JSP/workspace/TMUHJ/target/classes/j/index/**/*.class]
[2014-10-08 16:08:28,996] DEBUG (PathMatchingResourcePatternResolver.java:615).doRetrieveMatchingFiles - Searching directory [C:\JSP\workspace\TMUHJ\target\classes\j\index\core] for files matching pattern [C:/JSP/workspace/TMUHJ/target/classes/j/index/**/*.class]
[2014-10-08 16:08:28,996] DEBUG (PathMatchingResourcePatternResolver.java:615).doRetrieveMatchingFiles - Searching directory [C:\JSP\workspace\TMUHJ\target\classes\j\index\core\converter] for files matching pattern [C:/JSP/workspace/TMUHJ/target/classes/j/index/**/*.class]
[2014-10-08 16:08:28,997] DEBUG (PathMatchingResourcePatternResolver.java:615).doRetrieveMatchingFiles - Searching directory [C:\JSP\workspace\TMUHJ\target\classes\j\index\core\dao] for files matching pattern [C:/JSP/workspace/TMUHJ/target/classes/j/index/**/*.class]
[2014-10-08 16:08:28,998] DEBUG (PathMatchingResourcePatternResolver.java:615).doRetrieveMatchingFiles - Searching directory [C:\JSP\workspace\TMUHJ\target\classes\j\index\core\entity] for files matching pattern [C:/JSP/workspace/TMUHJ/target/classes/j/index/**/*.class]
[2014-10-08 16:08:28,998] DEBUG (PathMatchingResourcePatternResolver.java:615).doRetrieveMatchingFiles - Searching directory [C:\JSP\workspace\TMUHJ\target\classes\j\index\core\enums] for files matching pattern [C:/JSP/workspace/TMUHJ/target/classes/j/index/**/*.class]
[2014-10-08 16:08:28,999] DEBUG (PathMatchingResourcePatternResolver.java:615).doRetrieveMatchingFiles - Searching directory [C:\JSP\workspace\TMUHJ\target\classes\j\index\core\exception] for files matching pattern [C:/JSP/workspace/TMUHJ/target/classes/j/index/**/*.class]
[2014-10-08 16:08:28,999] DEBUG (PathMatchingResourcePatternResolver.java:615).doRetrieveMatchingFiles - Searching directory [C:\JSP\workspace\TMUHJ\target\classes\j\index\core\interceptor] for files matching pattern [C:/JSP/workspace/TMUHJ/target/classes/j/index/**/*.class]
[2014-10-08 16:08:28,999] DEBUG (PathMatchingResourcePatternResolver.java:615).doRetrieveMatchingFiles - Searching directory [C:\JSP\workspace\TMUHJ\target\classes\j\index\core\model] for files matching pattern [C:/JSP/workspace/TMUHJ/target/classes/j/index/**/*.class]
[2014-10-08 16:08:29,000] DEBUG (PathMatchingResourcePatternResolver.java:615).doRetrieveMatchingFiles - Searching directory [C:\JSP\workspace\TMUHJ\target\classes\j\index\core\security] for files matching pattern [C:/JSP/workspace/TMUHJ/target/classes/j/index/**/*.class]
[2014-10-08 16:08:29,000] DEBUG (PathMatchingResourcePatternResolver.java:615).doRetrieveMatchingFiles - Searching directory [C:\JSP\workspace\TMUHJ\target\classes\j\index\core\security\accountNumber] for files matching pattern [C:/JSP/workspace/TMUHJ/target/classes/j/index/**/*.class]
[2014-10-08 16:08:29,001] DEBUG (PathMatchingResourcePatternResolver.java:615).doRetrieveMatchingFiles - Searching directory [C:\JSP\workspace\TMUHJ\target\classes\j\index\core\security\accountNumber\entity] for files matching pattern [C:/JSP/workspace/TMUHJ/target/classes/j/index/**/*.class]
[2014-10-08 16:08:29,001] DEBUG (PathMatchingResourcePatternResolver.java:615).doRetrieveMatchingFiles - Searching directory [C:\JSP\workspace\TMUHJ\target\classes\j\index\core\security\accountNumber\service] for files matching pattern [C:/JSP/workspace/TMUHJ/target/classes/j/index/**/*.class]
[2014-10-08 16:08:29,002] DEBUG (PathMatchingResourcePatternResolver.java:615).doRetrieveMatchingFiles - Searching directory [C:\JSP\workspace\TMUHJ\target\classes\j\index\core\service] for files matching pattern [C:/JSP/workspace/TMUHJ/target/classes/j/index/**/*.class]
[2014-10-08 16:08:29,002] DEBUG (PathMatchingResourcePatternResolver.java:615).doRetrieveMatchingFiles - Searching directory [C:\JSP\workspace\TMUHJ\target\classes\j\index\core\tag] for files matching pattern [C:/JSP/workspace/TMUHJ/target/classes/j/index/**/*.class]
[2014-10-08 16:08:29,002] DEBUG (PathMatchingResourcePatternResolver.java:615).doRetrieveMatchingFiles - Searching directory [C:\JSP\workspace\TMUHJ\target\classes\j\index\core\util] for files matching pattern [C:/JSP/workspace/TMUHJ/target/classes/j/index/**/*.class]
[2014-10-08 16:08:29,003] DEBUG (PathMatchingResourcePatternResolver.java:615).doRetrieveMatchingFiles - Searching directory [C:\JSP\workspace\TMUHJ\target\classes\j\index\core\web] for files matching pattern [C:/JSP/workspace/TMUHJ/target/classes/j/index/**/*.class]
[2014-10-08 16:08:29,004] DEBUG (PathMatchingResourcePatternResolver.java:615).doRetrieveMatchingFiles - Searching directory [C:\JSP\workspace\TMUHJ\target\classes\j\index\module] for files matching pattern [C:/JSP/workspace/TMUHJ/target/classes/j/index/**/*.class]
[2014-10-08 16:08:29,004] DEBUG (PathMatchingResourcePatternResolver.java:615).doRetrieveMatchingFiles - Searching directory [C:\JSP\workspace\TMUHJ\target\classes\j\index\module\commons] for files matching pattern [C:/JSP/workspace/TMUHJ/target/classes/j/index/**/*.class]
[2014-10-08 16:08:29,004] DEBUG (PathMatchingResourcePatternResolver.java:615).doRetrieveMatchingFiles - Searching directory [C:\JSP\workspace\TMUHJ\target\classes\j\index\module\commons\dao] for files matching pattern [C:/JSP/workspace/TMUHJ/target/classes/j/index/**/*.class]
[2014-10-08 16:08:29,005] DEBUG (PathMatchingResourcePatternResolver.java:615).doRetrieveMatchingFiles - Searching directory [C:\JSP\workspace\TMUHJ\target\classes\j\index\module\commons\web] for files matching pattern [C:/JSP/workspace/TMUHJ/target/classes/j/index/**/*.class]
[2014-10-08 16:08:29,005] DEBUG (PathMatchingResourcePatternResolver.java:615).doRetrieveMatchingFiles - Searching directory [C:\JSP\workspace\TMUHJ\target\classes\j\index\module\security] for files matching pattern [C:/JSP/workspace/TMUHJ/target/classes/j/index/**/*.class]
[2014-10-08 16:08:29,005] DEBUG (PathMatchingResourcePatternResolver.java:615).doRetrieveMatchingFiles - Searching directory [C:\JSP\workspace\TMUHJ\target\classes\j\index\module\security\web] for files matching pattern [C:/JSP/workspace/TMUHJ/target/classes/j/index/**/*.class]
[2014-10-08 16:08:29,006] DEBUG (PathMatchingResourcePatternResolver.java:615).doRetrieveMatchingFiles - Searching directory [C:\JSP\workspace\TMUHJ\target\classes\j\index\module\setting] for files matching pattern [C:/JSP/workspace/TMUHJ/target/classes/j/index/**/*.class]
[2014-10-08 16:08:29,006] DEBUG (PathMatchingResourcePatternResolver.java:615).doRetrieveMatchingFiles - Searching directory [C:\JSP\workspace\TMUHJ\target\classes\j\index\module\setting\customer] for files matching pattern [C:/JSP/workspace/TMUHJ/target/classes/j/index/**/*.class]
[2014-10-08 16:08:29,007] DEBUG (PathMatchingResourcePatternResolver.java:615).doRetrieveMatchingFiles - Searching directory [C:\JSP\workspace\TMUHJ\target\classes\j\index\module\setting\customer\entity] for files matching pattern [C:/JSP/workspace/TMUHJ/target/classes/j/index/**/*.class]
[2014-10-08 16:08:29,007] DEBUG (PathMatchingResourcePatternResolver.java:615).doRetrieveMatchingFiles - Searching directory [C:\JSP\workspace\TMUHJ\target\classes\j\index\module\setting\customer\service] for files matching pattern [C:/JSP/workspace/TMUHJ/target/classes/j/index/**/*.class]
[2014-10-08 16:08:29,007] DEBUG (PathMatchingResourcePatternResolver.java:615).doRetrieveMatchingFiles - Searching directory [C:\JSP\workspace\TMUHJ\target\classes\j\index\module\setting\database] for files matching pattern [C:/JSP/workspace/TMUHJ/target/classes/j/index/**/*.class]
[2014-10-08 16:08:29,008] DEBUG (PathMatchingResourcePatternResolver.java:615).doRetrieveMatchingFiles - Searching directory [C:\JSP\workspace\TMUHJ\target\classes\j\index\module\setting\database\entity] for files matching pattern [C:/JSP/workspace/TMUHJ/target/classes/j/index/**/*.class]
[2014-10-08 16:08:29,008] DEBUG (PathMatchingResourcePatternResolver.java:615).doRetrieveMatchingFiles - Searching directory [C:\JSP\workspace\TMUHJ\target\classes\j\index\module\setting\database\service] for files matching pattern [C:/JSP/workspace/TMUHJ/target/classes/j/index/**/*.class]
[2014-10-08 16:08:29,009] DEBUG (PathMatchingResourcePatternResolver.java:615).doRetrieveMatchingFiles - Searching directory [C:\JSP\workspace\TMUHJ\target\classes\j\index\module\setting\ebook] for files matching pattern [C:/JSP/workspace/TMUHJ/target/classes/j/index/**/*.class]
[2014-10-08 16:08:29,009] DEBUG (PathMatchingResourcePatternResolver.java:615).doRetrieveMatchingFiles - Searching directory [C:\JSP\workspace\TMUHJ\target\classes\j\index\module\setting\ebook\entity] for files matching pattern [C:/JSP/workspace/TMUHJ/target/classes/j/index/**/*.class]
[2014-10-08 16:08:29,009] DEBUG (PathMatchingResourcePatternResolver.java:615).doRetrieveMatchingFiles - Searching directory [C:\JSP\workspace\TMUHJ\target\classes\j\index\module\setting\ebook\service] for files matching pattern [C:/JSP/workspace/TMUHJ/target/classes/j/index/**/*.class]
[2014-10-08 16:08:29,010] DEBUG (PathMatchingResourcePatternResolver.java:615).doRetrieveMatchingFiles - Searching directory [C:\JSP\workspace\TMUHJ\target\classes\j\index\module\setting\journal] for files matching pattern [C:/JSP/workspace/TMUHJ/target/classes/j/index/**/*.class]
[2014-10-08 16:08:29,010] DEBUG (PathMatchingResourcePatternResolver.java:615).doRetrieveMatchingFiles - Searching directory [C:\JSP\workspace\TMUHJ\target\classes\j\index\module\setting\journal\entity] for files matching pattern [C:/JSP/workspace/TMUHJ/target/classes/j/index/**/*.class]
[2014-10-08 16:08:29,011] DEBUG (PathMatchingResourcePatternResolver.java:615).doRetrieveMatchingFiles - Searching directory [C:\JSP\workspace\TMUHJ\target\classes\j\index\module\setting\journal\service] for files matching pattern [C:/JSP/workspace/TMUHJ/target/classes/j/index/**/*.class]
[2014-10-08 16:08:29,011] DEBUG (PathMatchingResourcePatternResolver.java:615).doRetrieveMatchingFiles - Searching directory [C:\JSP\workspace\TMUHJ\target\classes\j\index\module\setting\search] for files matching pattern [C:/JSP/workspace/TMUHJ/target/classes/j/index/**/*.class]
[2014-10-08 16:08:29,012] DEBUG (PathMatchingResourcePatternResolver.java:615).doRetrieveMatchingFiles - Searching directory [C:\JSP\workspace\TMUHJ\target\classes\j\index\module\setting\search\entity] for files matching pattern [C:/JSP/workspace/TMUHJ/target/classes/j/index/**/*.class]
[2014-10-08 16:08:29,012] DEBUG (PathMatchingResourcePatternResolver.java:615).doRetrieveMatchingFiles - Searching directory [C:\JSP\workspace\TMUHJ\target\classes\j\index\module\setting\search\service] for files matching pattern [C:/JSP/workspace/TMUHJ/target/classes/j/index/**/*.class]
[2014-10-08 16:08:29,014] DEBUG (PathMatchingResourcePatternResolver.java:354).findPathMatchingResources - Resolved location pattern [classpath*:j/index/**/*.class] to resources [file [C:\JSP\workspace\TMUHJ\target\test-classes\j\index\core\GenericTest.class], file [C:\JSP\workspace\TMUHJ\target\test-classes\j\index\core\JUnit4ClassRunner.class], file [C:\JSP\workspace\TMUHJ\target\test-classes\j\index\core\security\accountNumber\dao\SecUserDaoTest.class], file [C:\JSP\workspace\TMUHJ\target\test-classes\j\index\core\security\accountNumber\service\SecUserServiceTest.class], file [C:\JSP\workspace\TMUHJ\target\test-classes\j\index\core\util\EncryptorUtilTest.class], file [C:\JSP\workspace\TMUHJ\target\classes\j\index\core\converter\JodaTimeConverter.class], file [C:\JSP\workspace\TMUHJ\target\classes\j\index\core\dao\Dao.class], file [C:\JSP\workspace\TMUHJ\target\classes\j\index\core\dao\GenericDao.class], file [C:\JSP\workspace\TMUHJ\target\classes\j\index\core\dao\GenericHibernateDao.class], file [C:\JSP\workspace\TMUHJ\target\classes\j\index\core\dao\HibernateQueryLanguage.class], file [C:\JSP\workspace\TMUHJ\target\classes\j\index\core\dao\HibernateRestrictions.class], file [C:\JSP\workspace\TMUHJ\target\classes\j\index\core\dao\IiiQueryLanguage.class], file [C:\JSP\workspace\TMUHJ\target\classes\j\index\core\dao\IiiRestrictions.class], file [C:\JSP\workspace\TMUHJ\target\classes\j\index\core\entity\Entity.class], file [C:\JSP\workspace\TMUHJ\target\classes\j\index\core\entity\GenericEntity.class], file [C:\JSP\workspace\TMUHJ\target\classes\j\index\core\enums\Role.class], file [C:\JSP\workspace\TMUHJ\target\classes\j\index\core\enums\Status.class], file [C:\JSP\workspace\TMUHJ\target\classes\j\index\core\exception\BaseException.class], file [C:\JSP\workspace\TMUHJ\target\classes\j\index\core\interceptor\LoginSessionInterceptor.class], file [C:\JSP\workspace\TMUHJ\target\classes\j\index\core\model\DataSet.class], file [C:\JSP\workspace\TMUHJ\target\classes\j\index\core\model\FormModel.class], file [C:\JSP\workspace\TMUHJ\target\classes\j\index\core\model\Pager.class], file [C:\JSP\workspace\TMUHJ\target\classes\j\index\core\security\accountNumber\entity\AccountNumber.class], file [C:\JSP\workspace\TMUHJ\target\classes\j\index\core\security\accountNumber\entity\AccountNumberDao.class], file [C:\JSP\workspace\TMUHJ\target\classes\j\index\core\security\accountNumber\service\AccountNumberAction.class], file [C:\JSP\workspace\TMUHJ\target\classes\j\index\core\security\accountNumber\service\AccountNumberService.class], file [C:\JSP\workspace\TMUHJ\target\classes\j\index\core\service\CRUDService.class], file [C:\JSP\workspace\TMUHJ\target\classes\j\index\core\service\GenericService.class], file [C:\JSP\workspace\TMUHJ\target\classes\j\index\core\service\Service.class], file [C:\JSP\workspace\TMUHJ\target\classes\j\index\core\tag\BodyTag.class], file [C:\JSP\workspace\TMUHJ\target\classes\j\index\core\util\CharConstant.class], file [C:\JSP\workspace\TMUHJ\target\classes\j\index\core\util\EncryptorUtil.class], file [C:\JSP\workspace\TMUHJ\target\classes\j\index\core\util\IiiBeanFactory.class], file [C:\JSP\workspace\TMUHJ\target\classes\j\index\core\web\Action.class], file [C:\JSP\workspace\TMUHJ\target\classes\j\index\core\web\GenericAction.class], file [C:\JSP\workspace\TMUHJ\target\classes\j\index\core\web\GenericCRUDAction.class], file [C:\JSP\workspace\TMUHJ\target\classes\j\index\core\web\GenericWebAction.class], file [C:\JSP\workspace\TMUHJ\target\classes\j\index\module\commons\dao\ModuleDao.class], file [C:\JSP\workspace\TMUHJ\target\classes\j\index\module\commons\web\CommonPageAction.class], file [C:\JSP\workspace\TMUHJ\target\classes\j\index\module\security\web\AuthorizationAction.class], file [C:\JSP\workspace\TMUHJ\target\classes\j\index\module\setting\customer\entity\Customer.class], file [C:\JSP\workspace\TMUHJ\target\classes\j\index\module\setting\customer\entity\CustomerDao.class], file [C:\JSP\workspace\TMUHJ\target\classes\j\index\module\setting\customer\service\CustomerAction.class], file [C:\JSP\workspace\TMUHJ\target\classes\j\index\module\setting\customer\service\CustomerService.class], file [C:\JSP\workspace\TMUHJ\target\classes\j\index\module\setting\database\entity\Database.class], file [C:\JSP\workspace\TMUHJ\target\classes\j\index\module\setting\database\entity\DatabaseDao.class], file [C:\JSP\workspace\TMUHJ\target\classes\j\index\module\setting\database\service\DatabaseAction.class], file [C:\JSP\workspace\TMUHJ\target\classes\j\index\module\setting\database\service\DatabaseService.class], file [C:\JSP\workspace\TMUHJ\target\classes\j\index\module\setting\ebook\entity\Ebook.class], file [C:\JSP\workspace\TMUHJ\target\classes\j\index\module\setting\ebook\entity\EbookDao.class], file [C:\JSP\workspace\TMUHJ\target\classes\j\index\module\setting\ebook\service\EbookAction.class], file [C:\JSP\workspace\TMUHJ\target\classes\j\index\module\setting\ebook\service\EbookService.class], file [C:\JSP\workspace\TMUHJ\target\classes\j\index\module\setting\ebook\service\test.class], file [C:\JSP\workspace\TMUHJ\target\classes\j\index\module\setting\journal\entity\Journal.class], file [C:\JSP\workspace\TMUHJ\target\classes\j\index\module\setting\journal\entity\JournalDao.class], file [C:\JSP\workspace\TMUHJ\target\classes\j\index\module\setting\journal\service\JournalAction.class], file [C:\JSP\workspace\TMUHJ\target\classes\j\index\module\setting\journal\service\JournalService.class], file [C:\JSP\workspace\TMUHJ\target\classes\j\index\module\setting\search\entity\Search.class], file [C:\JSP\workspace\TMUHJ\target\classes\j\index\module\setting\search\entity\SearchDao.class], file [C:\JSP\workspace\TMUHJ\target\classes\j\index\module\setting\search\service\SearchAction.class], file [C:\JSP\workspace\TMUHJ\target\classes\j\index\module\setting\search\service\SearchService.class]]
[2014-10-08 16:08:29,053] DEBUG (ClassPathScanningCandidateComponentProvider.java:284).findCandidateComponents - Identified candidate component class: file [C:\JSP\workspace\TMUHJ\target\classes\j\index\core\model\DataSet.class]
[2014-10-08 16:08:29,054] DEBUG (ClassPathScanningCandidateComponentProvider.java:284).findCandidateComponents - Identified candidate component class: file [C:\JSP\workspace\TMUHJ\target\classes\j\index\core\model\Pager.class]
[2014-10-08 16:08:29,056] DEBUG (ClassPathScanningCandidateComponentProvider.java:284).findCandidateComponents - Identified candidate component class: file [C:\JSP\workspace\TMUHJ\target\classes\j\index\core\security\accountNumber\entity\AccountNumber.class]
[2014-10-08 16:08:29,058] DEBUG (ClassPathScanningCandidateComponentProvider.java:284).findCandidateComponents - Identified candidate component class: file [C:\JSP\workspace\TMUHJ\target\classes\j\index\core\security\accountNumber\entity\AccountNumberDao.class]
[2014-10-08 16:08:29,059] DEBUG (ClassPathScanningCandidateComponentProvider.java:284).findCandidateComponents - Identified candidate component class: file [C:\JSP\workspace\TMUHJ\target\classes\j\index\core\security\accountNumber\service\AccountNumberAction.class]
[2014-10-08 16:08:29,061] DEBUG (ClassPathScanningCandidateComponentProvider.java:284).findCandidateComponents - Identified candidate component class: file [C:\JSP\workspace\TMUHJ\target\classes\j\index\core\security\accountNumber\service\AccountNumberService.class]
[2014-10-08 16:08:29,064] DEBUG (ClassPathScanningCandidateComponentProvider.java:284).findCandidateComponents - Identified candidate component class: file [C:\JSP\workspace\TMUHJ\target\classes\j\index\module\commons\web\CommonPageAction.class]
[2014-10-08 16:08:29,065] DEBUG (ClassPathScanningCandidateComponentProvider.java:284).findCandidateComponents - Identified candidate component class: file [C:\JSP\workspace\TMUHJ\target\classes\j\index\module\security\web\AuthorizationAction.class]
[2014-10-08 16:08:29,065] DEBUG (ClassPathScanningCandidateComponentProvider.java:284).findCandidateComponents - Identified candidate component class: file [C:\JSP\workspace\TMUHJ\target\classes\j\index\module\setting\customer\entity\Customer.class]
[2014-10-08 16:08:29,066] DEBUG (ClassPathScanningCandidateComponentProvider.java:284).findCandidateComponents - Identified candidate component class: file [C:\JSP\workspace\TMUHJ\target\classes\j\index\module\setting\customer\entity\CustomerDao.class]
[2014-10-08 16:08:29,066] DEBUG (ClassPathScanningCandidateComponentProvider.java:284).findCandidateComponents - Identified candidate component class: file [C:\JSP\workspace\TMUHJ\target\classes\j\index\module\setting\customer\service\CustomerAction.class]
[2014-10-08 16:08:29,067] DEBUG (ClassPathScanningCandidateComponentProvider.java:284).findCandidateComponents - Identified candidate component class: file [C:\JSP\workspace\TMUHJ\target\classes\j\index\module\setting\customer\service\CustomerService.class]
[2014-10-08 16:08:29,068] DEBUG (ClassPathScanningCandidateComponentProvider.java:284).findCandidateComponents - Identified candidate component class: file [C:\JSP\workspace\TMUHJ\target\classes\j\index\module\setting\database\entity\Database.class]
[2014-10-08 16:08:29,068] DEBUG (ClassPathScanningCandidateComponentProvider.java:284).findCandidateComponents - Identified candidate component class: file [C:\JSP\workspace\TMUHJ\target\classes\j\index\module\setting\database\entity\DatabaseDao.class]
[2014-10-08 16:08:29,069] DEBUG (ClassPathScanningCandidateComponentProvider.java:284).findCandidateComponents - Identified candidate component class: file [C:\JSP\workspace\TMUHJ\target\classes\j\index\module\setting\database\service\DatabaseAction.class]
[2014-10-08 16:08:29,069] DEBUG (ClassPathScanningCandidateComponentProvider.java:284).findCandidateComponents - Identified candidate component class: file [C:\JSP\workspace\TMUHJ\target\classes\j\index\module\setting\database\service\DatabaseService.class]
[2014-10-08 16:08:29,070] DEBUG (ClassPathScanningCandidateComponentProvider.java:284).findCandidateComponents - Identified candidate component class: file [C:\JSP\workspace\TMUHJ\target\classes\j\index\module\setting\ebook\entity\Ebook.class]
[2014-10-08 16:08:29,070] DEBUG (ClassPathScanningCandidateComponentProvider.java:284).findCandidateComponents - Identified candidate component class: file [C:\JSP\workspace\TMUHJ\target\classes\j\index\module\setting\ebook\entity\EbookDao.class]
[2014-10-08 16:08:29,071] DEBUG (ClassPathScanningCandidateComponentProvider.java:284).findCandidateComponents - Identified candidate component class: file [C:\JSP\workspace\TMUHJ\target\classes\j\index\module\setting\ebook\service\EbookAction.class]
[2014-10-08 16:08:29,071] DEBUG (ClassPathScanningCandidateComponentProvider.java:284).findCandidateComponents - Identified candidate component class: file [C:\JSP\workspace\TMUHJ\target\classes\j\index\module\setting\ebook\service\EbookService.class]
[2014-10-08 16:08:29,072] DEBUG (ClassPathScanningCandidateComponentProvider.java:284).findCandidateComponents - Identified candidate component class: file [C:\JSP\workspace\TMUHJ\target\classes\j\index\module\setting\journal\entity\Journal.class]
[2014-10-08 16:08:29,073] DEBUG (ClassPathScanningCandidateComponentProvider.java:284).findCandidateComponents - Identified candidate component class: file [C:\JSP\workspace\TMUHJ\target\classes\j\index\module\setting\journal\entity\JournalDao.class]
[2014-10-08 16:08:29,073] DEBUG (ClassPathScanningCandidateComponentProvider.java:284).findCandidateComponents - Identified candidate component class: file [C:\JSP\workspace\TMUHJ\target\classes\j\index\module\setting\journal\service\JournalAction.class]
[2014-10-08 16:08:29,076] DEBUG (ClassPathScanningCandidateComponentProvider.java:284).findCandidateComponents - Identified candidate component class: file [C:\JSP\workspace\TMUHJ\target\classes\j\index\module\setting\journal\service\JournalService.class]
[2014-10-08 16:08:29,077] DEBUG (ClassPathScanningCandidateComponentProvider.java:284).findCandidateComponents - Identified candidate component class: file [C:\JSP\workspace\TMUHJ\target\classes\j\index\module\setting\search\entity\Search.class]
[2014-10-08 16:08:29,077] DEBUG (ClassPathScanningCandidateComponentProvider.java:284).findCandidateComponents - Identified candidate component class: file [C:\JSP\workspace\TMUHJ\target\classes\j\index\module\setting\search\entity\SearchDao.class]
[2014-10-08 16:08:29,078] DEBUG (ClassPathScanningCandidateComponentProvider.java:284).findCandidateComponents - Identified candidate component class: file [C:\JSP\workspace\TMUHJ\target\classes\j\index\module\setting\search\service\SearchAction.class]
[2014-10-08 16:08:29,078] DEBUG (ClassPathScanningCandidateComponentProvider.java:284).findCandidateComponents - Identified candidate component class: file [C:\JSP\workspace\TMUHJ\target\classes\j\index\module\setting\search\service\SearchService.class]
[2014-10-08 16:08:29,089] DEBUG (AbstractBeanDefinitionReader.java:223).loadBeanDefinitions - Loaded 35 bean definitions from location pattern [classpath:config/spring-context.xml]
[2014-10-08 16:08:29,089] INFO  (XmlBeanDefinitionReader.java:316).loadBeanDefinitions - Loading XML bean definitions from class path resource [config/spring-service.xml]
[2014-10-08 16:08:29,091] DEBUG (DefaultDocumentLoader.java:73).loadDocument - Using JAXP provider [com.sun.org.apache.xerces.internal.jaxp.DocumentBuilderFactoryImpl]
[2014-10-08 16:08:29,092] DEBUG (PluggableSchemaResolver.java:119).resolveEntity - Found XML schema [http://www.springframework.org/schema/beans/spring-beans.xsd] in classpath: org/springframework/beans/factory/xml/spring-beans-4.0.xsd
[2014-10-08 16:08:29,101] DEBUG (PluggableSchemaResolver.java:119).resolveEntity - Found XML schema [http://www.springframework.org/schema/context/spring-context.xsd] in classpath: org/springframework/context/config/spring-context-4.0.xsd
[2014-10-08 16:08:29,104] DEBUG (PluggableSchemaResolver.java:119).resolveEntity - Found XML schema [http://www.springframework.org/schema/tool/spring-tool-4.0.xsd] in classpath: org/springframework/beans/factory/xml/spring-tool-4.0.xsd
[2014-10-08 16:08:29,107] DEBUG (PluggableSchemaResolver.java:119).resolveEntity - Found XML schema [http://www.springframework.org/schema/aop/spring-aop.xsd] in classpath: org/springframework/aop/config/spring-aop-4.0.xsd
[2014-10-08 16:08:29,111] DEBUG (PluggableSchemaResolver.java:119).resolveEntity - Found XML schema [http://www.springframework.org/schema/tx/spring-tx.xsd] in classpath: org/springframework/transaction/config/spring-tx-4.0.xsd
[2014-10-08 16:08:29,114] DEBUG (DefaultBeanDefinitionDocumentReader.java:108).registerBeanDefinitions - Loading bean definitions
[2014-10-08 16:08:29,115] DEBUG (PathMatchingResourcePatternResolver.java:553).doFindMatchingFileSystemResources - Looking for matching resources in directory tree [C:\JSP\workspace\TMUHJ\target\test-classes\j\index]
[2014-10-08 16:08:29,115] DEBUG (PathMatchingResourcePatternResolver.java:615).doRetrieveMatchingFiles - Searching directory [C:\JSP\workspace\TMUHJ\target\test-classes\j\index] for files matching pattern [C:/JSP/workspace/TMUHJ/target/test-classes/j/index/**/*.class]
[2014-10-08 16:08:29,116] DEBUG (PathMatchingResourcePatternResolver.java:615).doRetrieveMatchingFiles - Searching directory [C:\JSP\workspace\TMUHJ\target\test-classes\j\index\core] for files matching pattern [C:/JSP/workspace/TMUHJ/target/test-classes/j/index/**/*.class]
[2014-10-08 16:08:29,116] DEBUG (PathMatchingResourcePatternResolver.java:615).doRetrieveMatchingFiles - Searching directory [C:\JSP\workspace\TMUHJ\target\test-classes\j\index\core\security] for files matching pattern [C:/JSP/workspace/TMUHJ/target/test-classes/j/index/**/*.class]
[2014-10-08 16:08:29,116] DEBUG (PathMatchingResourcePatternResolver.java:615).doRetrieveMatchingFiles - Searching directory [C:\JSP\workspace\TMUHJ\target\test-classes\j\index\core\security\accountNumber] for files matching pattern [C:/JSP/workspace/TMUHJ/target/test-classes/j/index/**/*.class]
[2014-10-08 16:08:29,117] DEBUG (PathMatchingResourcePatternResolver.java:615).doRetrieveMatchingFiles - Searching directory [C:\JSP\workspace\TMUHJ\target\test-classes\j\index\core\security\accountNumber\dao] for files matching pattern [C:/JSP/workspace/TMUHJ/target/test-classes/j/index/**/*.class]
[2014-10-08 16:08:29,117] DEBUG (PathMatchingResourcePatternResolver.java:615).doRetrieveMatchingFiles - Searching directory [C:\JSP\workspace\TMUHJ\target\test-classes\j\index\core\security\accountNumber\service] for files matching pattern [C:/JSP/workspace/TMUHJ/target/test-classes/j/index/**/*.class]
[2014-10-08 16:08:29,118] DEBUG (PathMatchingResourcePatternResolver.java:615).doRetrieveMatchingFiles - Searching directory [C:\JSP\workspace\TMUHJ\target\test-classes\j\index\core\util] for files matching pattern [C:/JSP/workspace/TMUHJ/target/test-classes/j/index/**/*.class]
[2014-10-08 16:08:29,118] DEBUG (PathMatchingResourcePatternResolver.java:553).doFindMatchingFileSystemResources - Looking for matching resources in directory tree [C:\JSP\workspace\TMUHJ\target\classes\j\index]
[2014-10-08 16:08:29,120] DEBUG (PathMatchingResourcePatternResolver.java:615).doRetrieveMatchingFiles - Searching directory [C:\JSP\workspace\TMUHJ\target\classes\j\index] for files matching pattern [C:/JSP/workspace/TMUHJ/target/classes/j/index/**/*.class]
[2014-10-08 16:08:29,121] DEBUG (PathMatchingResourcePatternResolver.java:615).doRetrieveMatchingFiles - Searching directory [C:\JSP\workspace\TMUHJ\target\classes\j\index\core] for files matching pattern [C:/JSP/workspace/TMUHJ/target/classes/j/index/**/*.class]
[2014-10-08 16:08:29,121] DEBUG (PathMatchingResourcePatternResolver.java:615).doRetrieveMatchingFiles - Searching directory [C:\JSP\workspace\TMUHJ\target\classes\j\index\core\converter] for files matching pattern [C:/JSP/workspace/TMUHJ/target/classes/j/index/**/*.class]
[2014-10-08 16:08:29,121] DEBUG (PathMatchingResourcePatternResolver.java:615).doRetrieveMatchingFiles - Searching directory [C:\JSP\workspace\TMUHJ\target\classes\j\index\core\dao] for files matching pattern [C:/JSP/workspace/TMUHJ/target/classes/j/index/**/*.class]
[2014-10-08 16:08:29,122] DEBUG (PathMatchingResourcePatternResolver.java:615).doRetrieveMatchingFiles - Searching directory [C:\JSP\workspace\TMUHJ\target\classes\j\index\core\entity] for files matching pattern [C:/JSP/workspace/TMUHJ/target/classes/j/index/**/*.class]
[2014-10-08 16:08:29,123] DEBUG (PathMatchingResourcePatternResolver.java:615).doRetrieveMatchingFiles - Searching directory [C:\JSP\workspace\TMUHJ\target\classes\j\index\core\enums] for files matching pattern [C:/JSP/workspace/TMUHJ/target/classes/j/index/**/*.class]
[2014-10-08 16:08:29,123] DEBUG (PathMatchingResourcePatternResolver.java:615).doRetrieveMatchingFiles - Searching directory [C:\JSP\workspace\TMUHJ\target\classes\j\index\core\exception] for files matching pattern [C:/JSP/workspace/TMUHJ/target/classes/j/index/**/*.class]
[2014-10-08 16:08:29,123] DEBUG (PathMatchingResourcePatternResolver.java:615).doRetrieveMatchingFiles - Searching directory [C:\JSP\workspace\TMUHJ\target\classes\j\index\core\interceptor] for files matching pattern [C:/JSP/workspace/TMUHJ/target/classes/j/index/**/*.class]
[2014-10-08 16:08:29,124] DEBUG (PathMatchingResourcePatternResolver.java:615).doRetrieveMatchingFiles - Searching directory [C:\JSP\workspace\TMUHJ\target\classes\j\index\core\model] for files matching pattern [C:/JSP/workspace/TMUHJ/target/classes/j/index/**/*.class]
[2014-10-08 16:08:29,124] DEBUG (PathMatchingResourcePatternResolver.java:615).doRetrieveMatchingFiles - Searching directory [C:\JSP\workspace\TMUHJ\target\classes\j\index\core\security] for files matching pattern [C:/JSP/workspace/TMUHJ/target/classes/j/index/**/*.class]
[2014-10-08 16:08:29,124] DEBUG (PathMatchingResourcePatternResolver.java:615).doRetrieveMatchingFiles - Searching directory [C:\JSP\workspace\TMUHJ\target\classes\j\index\core\security\accountNumber] for files matching pattern [C:/JSP/workspace/TMUHJ/target/classes/j/index/**/*.class]
[2014-10-08 16:08:29,125] DEBUG (PathMatchingResourcePatternResolver.java:615).doRetrieveMatchingFiles - Searching directory [C:\JSP\workspace\TMUHJ\target\classes\j\index\core\security\accountNumber\entity] for files matching pattern [C:/JSP/workspace/TMUHJ/target/classes/j/index/**/*.class]
[2014-10-08 16:08:29,125] DEBUG (PathMatchingResourcePatternResolver.java:615).doRetrieveMatchingFiles - Searching directory [C:\JSP\workspace\TMUHJ\target\classes\j\index\core\security\accountNumber\service] for files matching pattern [C:/JSP/workspace/TMUHJ/target/classes/j/index/**/*.class]
[2014-10-08 16:08:29,125] DEBUG (PathMatchingResourcePatternResolver.java:615).doRetrieveMatchingFiles - Searching directory [C:\JSP\workspace\TMUHJ\target\classes\j\index\core\service] for files matching pattern [C:/JSP/workspace/TMUHJ/target/classes/j/index/**/*.class]
[2014-10-08 16:08:29,126] DEBUG (PathMatchingResourcePatternResolver.java:615).doRetrieveMatchingFiles - Searching directory [C:\JSP\workspace\TMUHJ\target\classes\j\index\core\tag] for files matching pattern [C:/JSP/workspace/TMUHJ/target/classes/j/index/**/*.class]
[2014-10-08 16:08:29,126] DEBUG (PathMatchingResourcePatternResolver.java:615).doRetrieveMatchingFiles - Searching directory [C:\JSP\workspace\TMUHJ\target\classes\j\index\core\util] for files matching pattern [C:/JSP/workspace/TMUHJ/target/classes/j/index/**/*.class]
[2014-10-08 16:08:29,126] DEBUG (PathMatchingResourcePatternResolver.java:615).doRetrieveMatchingFiles - Searching directory [C:\JSP\workspace\TMUHJ\target\classes\j\index\core\web] for files matching pattern [C:/JSP/workspace/TMUHJ/target/classes/j/index/**/*.class]
[2014-10-08 16:08:29,127] DEBUG (PathMatchingResourcePatternResolver.java:615).doRetrieveMatchingFiles - Searching directory [C:\JSP\workspace\TMUHJ\target\classes\j\index\module] for files matching pattern [C:/JSP/workspace/TMUHJ/target/classes/j/index/**/*.class]
[2014-10-08 16:08:29,127] DEBUG (PathMatchingResourcePatternResolver.java:615).doRetrieveMatchingFiles - Searching directory [C:\JSP\workspace\TMUHJ\target\classes\j\index\module\commons] for files matching pattern [C:/JSP/workspace/TMUHJ/target/classes/j/index/**/*.class]
[2014-10-08 16:08:29,127] DEBUG (PathMatchingResourcePatternResolver.java:615).doRetrieveMatchingFiles - Searching directory [C:\JSP\workspace\TMUHJ\target\classes\j\index\module\commons\dao] for files matching pattern [C:/JSP/workspace/TMUHJ/target/classes/j/index/**/*.class]
[2014-10-08 16:08:29,128] DEBUG (PathMatchingResourcePatternResolver.java:615).doRetrieveMatchingFiles - Searching directory [C:\JSP\workspace\TMUHJ\target\classes\j\index\module\commons\web] for files matching pattern [C:/JSP/workspace/TMUHJ/target/classes/j/index/**/*.class]
[2014-10-08 16:08:29,128] DEBUG (PathMatchingResourcePatternResolver.java:615).doRetrieveMatchingFiles - Searching directory [C:\JSP\workspace\TMUHJ\target\classes\j\index\module\security] for files matching pattern [C:/JSP/workspace/TMUHJ/target/classes/j/index/**/*.class]
[2014-10-08 16:08:29,128] DEBUG (PathMatchingResourcePatternResolver.java:615).doRetrieveMatchingFiles - Searching directory [C:\JSP\workspace\TMUHJ\target\classes\j\index\module\security\web] for files matching pattern [C:/JSP/workspace/TMUHJ/target/classes/j/index/**/*.class]
[2014-10-08 16:08:29,129] DEBUG (PathMatchingResourcePatternResolver.java:615).doRetrieveMatchingFiles - Searching directory [C:\JSP\workspace\TMUHJ\target\classes\j\index\module\setting] for files matching pattern [C:/JSP/workspace/TMUHJ/target/classes/j/index/**/*.class]
[2014-10-08 16:08:29,129] DEBUG (PathMatchingResourcePatternResolver.java:615).doRetrieveMatchingFiles - Searching directory [C:\JSP\workspace\TMUHJ\target\classes\j\index\module\setting\customer] for files matching pattern [C:/JSP/workspace/TMUHJ/target/classes/j/index/**/*.class]
[2014-10-08 16:08:29,129] DEBUG (PathMatchingResourcePatternResolver.java:615).doRetrieveMatchingFiles - Searching directory [C:\JSP\workspace\TMUHJ\target\classes\j\index\module\setting\customer\entity] for files matching pattern [C:/JSP/workspace/TMUHJ/target/classes/j/index/**/*.class]
[2014-10-08 16:08:29,130] DEBUG (PathMatchingResourcePatternResolver.java:615).doRetrieveMatchingFiles - Searching directory [C:\JSP\workspace\TMUHJ\target\classes\j\index\module\setting\customer\service] for files matching pattern [C:/JSP/workspace/TMUHJ/target/classes/j/index/**/*.class]
[2014-10-08 16:08:29,130] DEBUG (PathMatchingResourcePatternResolver.java:615).doRetrieveMatchingFiles - Searching directory [C:\JSP\workspace\TMUHJ\target\classes\j\index\module\setting\database] for files matching pattern [C:/JSP/workspace/TMUHJ/target/classes/j/index/**/*.class]
[2014-10-08 16:08:29,130] DEBUG (PathMatchingResourcePatternResolver.java:615).doRetrieveMatchingFiles - Searching directory [C:\JSP\workspace\TMUHJ\target\classes\j\index\module\setting\database\entity] for files matching pattern [C:/JSP/workspace/TMUHJ/target/classes/j/index/**/*.class]
[2014-10-08 16:08:29,130] DEBUG (PathMatchingResourcePatternResolver.java:615).doRetrieveMatchingFiles - Searching directory [C:\JSP\workspace\TMUHJ\target\classes\j\index\module\setting\database\service] for files matching pattern [C:/JSP/workspace/TMUHJ/target/classes/j/index/**/*.class]
[2014-10-08 16:08:29,131] DEBUG (PathMatchingResourcePatternResolver.java:615).doRetrieveMatchingFiles - Searching directory [C:\JSP\workspace\TMUHJ\target\classes\j\index\module\setting\ebook] for files matching pattern [C:/JSP/workspace/TMUHJ/target/classes/j/index/**/*.class]
[2014-10-08 16:08:29,131] DEBUG (PathMatchingResourcePatternResolver.java:615).doRetrieveMatchingFiles - Searching directory [C:\JSP\workspace\TMUHJ\target\classes\j\index\module\setting\ebook\entity] for files matching pattern [C:/JSP/workspace/TMUHJ/target/classes/j/index/**/*.class]
[2014-10-08 16:08:29,131] DEBUG (PathMatchingResourcePatternResolver.java:615).doRetrieveMatchingFiles - Searching directory [C:\JSP\workspace\TMUHJ\target\classes\j\index\module\setting\ebook\service] for files matching pattern [C:/JSP/workspace/TMUHJ/target/classes/j/index/**/*.class]
[2014-10-08 16:08:29,132] DEBUG (PathMatchingResourcePatternResolver.java:615).doRetrieveMatchingFiles - Searching directory [C:\JSP\workspace\TMUHJ\target\classes\j\index\module\setting\journal] for files matching pattern [C:/JSP/workspace/TMUHJ/target/classes/j/index/**/*.class]
[2014-10-08 16:08:29,132] DEBUG (PathMatchingResourcePatternResolver.java:615).doRetrieveMatchingFiles - Searching directory [C:\JSP\workspace\TMUHJ\target\classes\j\index\module\setting\journal\entity] for files matching pattern [C:/JSP/workspace/TMUHJ/target/classes/j/index/**/*.class]
[2014-10-08 16:08:29,133] DEBUG (PathMatchingResourcePatternResolver.java:615).doRetrieveMatchingFiles - Searching directory [C:\JSP\workspace\TMUHJ\target\classes\j\index\module\setting\journal\service] for files matching pattern [C:/JSP/workspace/TMUHJ/target/classes/j/index/**/*.class]
[2014-10-08 16:08:29,133] DEBUG (PathMatchingResourcePatternResolver.java:615).doRetrieveMatchingFiles - Searching directory [C:\JSP\workspace\TMUHJ\target\classes\j\index\module\setting\search] for files matching pattern [C:/JSP/workspace/TMUHJ/target/classes/j/index/**/*.class]
[2014-10-08 16:08:29,133] DEBUG (PathMatchingResourcePatternResolver.java:615).doRetrieveMatchingFiles - Searching directory [C:\JSP\workspace\TMUHJ\target\classes\j\index\module\setting\search\entity] for files matching pattern [C:/JSP/workspace/TMUHJ/target/classes/j/index/**/*.class]
[2014-10-08 16:08:29,134] DEBUG (PathMatchingResourcePatternResolver.java:615).doRetrieveMatchingFiles - Searching directory [C:\JSP\workspace\TMUHJ\target\classes\j\index\module\setting\search\service] for files matching pattern [C:/JSP/workspace/TMUHJ/target/classes/j/index/**/*.class]
[2014-10-08 16:08:29,135] DEBUG (PathMatchingResourcePatternResolver.java:354).findPathMatchingResources - Resolved location pattern [classpath*:j/index/**/*.class] to resources [file [C:\JSP\workspace\TMUHJ\target\test-classes\j\index\core\GenericTest.class], file [C:\JSP\workspace\TMUHJ\target\test-classes\j\index\core\JUnit4ClassRunner.class], file [C:\JSP\workspace\TMUHJ\target\test-classes\j\index\core\security\accountNumber\dao\SecUserDaoTest.class], file [C:\JSP\workspace\TMUHJ\target\test-classes\j\index\core\security\accountNumber\service\SecUserServiceTest.class], file [C:\JSP\workspace\TMUHJ\target\test-classes\j\index\core\util\EncryptorUtilTest.class], file [C:\JSP\workspace\TMUHJ\target\classes\j\index\core\converter\JodaTimeConverter.class], file [C:\JSP\workspace\TMUHJ\target\classes\j\index\core\dao\Dao.class], file [C:\JSP\workspace\TMUHJ\target\classes\j\index\core\dao\GenericDao.class], file [C:\JSP\workspace\TMUHJ\target\classes\j\index\core\dao\GenericHibernateDao.class], file [C:\JSP\workspace\TMUHJ\target\classes\j\index\core\dao\HibernateQueryLanguage.class], file [C:\JSP\workspace\TMUHJ\target\classes\j\index\core\dao\HibernateRestrictions.class], file [C:\JSP\workspace\TMUHJ\target\classes\j\index\core\dao\IiiQueryLanguage.class], file [C:\JSP\workspace\TMUHJ\target\classes\j\index\core\dao\IiiRestrictions.class], file [C:\JSP\workspace\TMUHJ\target\classes\j\index\core\entity\Entity.class], file [C:\JSP\workspace\TMUHJ\target\classes\j\index\core\entity\GenericEntity.class], file [C:\JSP\workspace\TMUHJ\target\classes\j\index\core\enums\Role.class], file [C:\JSP\workspace\TMUHJ\target\classes\j\index\core\enums\Status.class], file [C:\JSP\workspace\TMUHJ\target\classes\j\index\core\exception\BaseException.class], file [C:\JSP\workspace\TMUHJ\target\classes\j\index\core\interceptor\LoginSessionInterceptor.class], file [C:\JSP\workspace\TMUHJ\target\classes\j\index\core\model\DataSet.class], file [C:\JSP\workspace\TMUHJ\target\classes\j\index\core\model\FormModel.class], file [C:\JSP\workspace\TMUHJ\target\classes\j\index\core\model\Pager.class], file [C:\JSP\workspace\TMUHJ\target\classes\j\index\core\security\accountNumber\entity\AccountNumber.class], file [C:\JSP\workspace\TMUHJ\target\classes\j\index\core\security\accountNumber\entity\AccountNumberDao.class], file [C:\JSP\workspace\TMUHJ\target\classes\j\index\core\security\accountNumber\service\AccountNumberAction.class], file [C:\JSP\workspace\TMUHJ\target\classes\j\index\core\security\accountNumber\service\AccountNumberService.class], file [C:\JSP\workspace\TMUHJ\target\classes\j\index\core\service\CRUDService.class], file [C:\JSP\workspace\TMUHJ\target\classes\j\index\core\service\GenericService.class], file [C:\JSP\workspace\TMUHJ\target\classes\j\index\core\service\Service.class], file [C:\JSP\workspace\TMUHJ\target\classes\j\index\core\tag\BodyTag.class], file [C:\JSP\workspace\TMUHJ\target\classes\j\index\core\util\CharConstant.class], file [C:\JSP\workspace\TMUHJ\target\classes\j\index\core\util\EncryptorUtil.class], file [C:\JSP\workspace\TMUHJ\target\classes\j\index\core\util\IiiBeanFactory.class], file [C:\JSP\workspace\TMUHJ\target\classes\j\index\core\web\Action.class], file [C:\JSP\workspace\TMUHJ\target\classes\j\index\core\web\GenericAction.class], file [C:\JSP\workspace\TMUHJ\target\classes\j\index\core\web\GenericCRUDAction.class], file [C:\JSP\workspace\TMUHJ\target\classes\j\index\core\web\GenericWebAction.class], file [C:\JSP\workspace\TMUHJ\target\classes\j\index\module\commons\dao\ModuleDao.class], file [C:\JSP\workspace\TMUHJ\target\classes\j\index\module\commons\web\CommonPageAction.class], file [C:\JSP\workspace\TMUHJ\target\classes\j\index\module\security\web\AuthorizationAction.class], file [C:\JSP\workspace\TMUHJ\target\classes\j\index\module\setting\customer\entity\Customer.class], file [C:\JSP\workspace\TMUHJ\target\classes\j\index\module\setting\customer\entity\CustomerDao.class], file [C:\JSP\workspace\TMUHJ\target\classes\j\index\module\setting\customer\service\CustomerAction.class], file [C:\JSP\workspace\TMUHJ\target\classes\j\index\module\setting\customer\service\CustomerService.class], file [C:\JSP\workspace\TMUHJ\target\classes\j\index\module\setting\database\entity\Database.class], file [C:\JSP\workspace\TMUHJ\target\classes\j\index\module\setting\database\entity\DatabaseDao.class], file [C:\JSP\workspace\TMUHJ\target\classes\j\index\module\setting\database\service\DatabaseAction.class], file [C:\JSP\workspace\TMUHJ\target\classes\j\index\module\setting\database\service\DatabaseService.class], file [C:\JSP\workspace\TMUHJ\target\classes\j\index\module\setting\ebook\entity\Ebook.class], file [C:\JSP\workspace\TMUHJ\target\classes\j\index\module\setting\ebook\entity\EbookDao.class], file [C:\JSP\workspace\TMUHJ\target\classes\j\index\module\setting\ebook\service\EbookAction.class], file [C:\JSP\workspace\TMUHJ\target\classes\j\index\module\setting\ebook\service\EbookService.class], file [C:\JSP\workspace\TMUHJ\target\classes\j\index\module\setting\ebook\service\test.class], file [C:\JSP\workspace\TMUHJ\target\classes\j\index\module\setting\journal\entity\Journal.class], file [C:\JSP\workspace\TMUHJ\target\classes\j\index\module\setting\journal\entity\JournalDao.class], file [C:\JSP\workspace\TMUHJ\target\classes\j\index\module\setting\journal\service\JournalAction.class], file [C:\JSP\workspace\TMUHJ\target\classes\j\index\module\setting\journal\service\JournalService.class], file [C:\JSP\workspace\TMUHJ\target\classes\j\index\module\setting\search\entity\Search.class], file [C:\JSP\workspace\TMUHJ\target\classes\j\index\module\setting\search\entity\SearchDao.class], file [C:\JSP\workspace\TMUHJ\target\classes\j\index\module\setting\search\service\SearchAction.class], file [C:\JSP\workspace\TMUHJ\target\classes\j\index\module\setting\search\service\SearchService.class]]
[2014-10-08 16:08:29,143] DEBUG (ClassPathScanningCandidateComponentProvider.java:284).findCandidateComponents - Identified candidate component class: file [C:\JSP\workspace\TMUHJ\target\classes\j\index\core\security\accountNumber\service\AccountNumberService.class]
[2014-10-08 16:08:29,146] DEBUG (ClassPathScanningCandidateComponentProvider.java:284).findCandidateComponents - Identified candidate component class: file [C:\JSP\workspace\TMUHJ\target\classes\j\index\module\setting\customer\service\CustomerService.class]
[2014-10-08 16:08:29,149] DEBUG (ClassPathScanningCandidateComponentProvider.java:284).findCandidateComponents - Identified candidate component class: file [C:\JSP\workspace\TMUHJ\target\classes\j\index\module\setting\database\service\DatabaseService.class]
[2014-10-08 16:08:29,151] DEBUG (ClassPathScanningCandidateComponentProvider.java:284).findCandidateComponents - Identified candidate component class: file [C:\JSP\workspace\TMUHJ\target\classes\j\index\module\setting\ebook\service\EbookService.class]
[2014-10-08 16:08:29,152] DEBUG (ClassPathScanningCandidateComponentProvider.java:284).findCandidateComponents - Identified candidate component class: file [C:\JSP\workspace\TMUHJ\target\classes\j\index\module\setting\journal\service\JournalService.class]
[2014-10-08 16:08:29,154] DEBUG (ClassPathScanningCandidateComponentProvider.java:284).findCandidateComponents - Identified candidate component class: file [C:\JSP\workspace\TMUHJ\target\classes\j\index\module\setting\search\service\SearchService.class]
[2014-10-08 16:08:29,172] DEBUG (AbstractBeanDefinitionReader.java:223).loadBeanDefinitions - Loaded 5 bean definitions from location pattern [classpath:config/spring-service.xml]
[2014-10-08 16:08:29,173] INFO  (XmlBeanDefinitionReader.java:316).loadBeanDefinitions - Loading XML bean definitions from class path resource [config/spring-database.xml]
[2014-10-08 16:08:29,174] DEBUG (DefaultDocumentLoader.java:73).loadDocument - Using JAXP provider [com.sun.org.apache.xerces.internal.jaxp.DocumentBuilderFactoryImpl]
[2014-10-08 16:08:29,175] DEBUG (PluggableSchemaResolver.java:119).resolveEntity - Found XML schema [http://www.springframework.org/schema/beans/spring-beans.xsd] in classpath: org/springframework/beans/factory/xml/spring-beans-4.0.xsd
[2014-10-08 16:08:29,182] DEBUG (PluggableSchemaResolver.java:119).resolveEntity - Found XML schema [http://www.springframework.org/schema/context/spring-context.xsd] in classpath: org/springframework/context/config/spring-context-4.0.xsd
[2014-10-08 16:08:29,183] DEBUG (PluggableSchemaResolver.java:119).resolveEntity - Found XML schema [http://www.springframework.org/schema/tool/spring-tool-4.0.xsd] in classpath: org/springframework/beans/factory/xml/spring-tool-4.0.xsd
[2014-10-08 16:08:29,189] DEBUG (PluggableSchemaResolver.java:119).resolveEntity - Found XML schema [http://www.springframework.org/schema/jdbc/spring-jdbc.xsd] in classpath: org/springframework/jdbc/config/spring-jdbc-4.0.xsd
[2014-10-08 16:08:29,191] DEBUG (DefaultBeanDefinitionDocumentReader.java:108).registerBeanDefinitions - Loading bean definitions
[2014-10-08 16:08:29,192] DEBUG (PathMatchingResourcePatternResolver.java:553).doFindMatchingFileSystemResources - Looking for matching resources in directory tree [C:\JSP\workspace\TMUHJ\target\test-classes\j\index]
[2014-10-08 16:08:29,192] DEBUG (PathMatchingResourcePatternResolver.java:615).doRetrieveMatchingFiles - Searching directory [C:\JSP\workspace\TMUHJ\target\test-classes\j\index] for files matching pattern [C:/JSP/workspace/TMUHJ/target/test-classes/j/index/**/*.class]
[2014-10-08 16:08:29,192] DEBUG (PathMatchingResourcePatternResolver.java:615).doRetrieveMatchingFiles - Searching directory [C:\JSP\workspace\TMUHJ\target\test-classes\j\index\core] for files matching pattern [C:/JSP/workspace/TMUHJ/target/test-classes/j/index/**/*.class]
[2014-10-08 16:08:29,192] DEBUG (PathMatchingResourcePatternResolver.java:615).doRetrieveMatchingFiles - Searching directory [C:\JSP\workspace\TMUHJ\target\test-classes\j\index\core\security] for files matching pattern [C:/JSP/workspace/TMUHJ/target/test-classes/j/index/**/*.class]
[2014-10-08 16:08:29,193] DEBUG (PathMatchingResourcePatternResolver.java:615).doRetrieveMatchingFiles - Searching directory [C:\JSP\workspace\TMUHJ\target\test-classes\j\index\core\security\accountNumber] for files matching pattern [C:/JSP/workspace/TMUHJ/target/test-classes/j/index/**/*.class]
[2014-10-08 16:08:29,193] DEBUG (PathMatchingResourcePatternResolver.java:615).doRetrieveMatchingFiles - Searching directory [C:\JSP\workspace\TMUHJ\target\test-classes\j\index\core\security\accountNumber\dao] for files matching pattern [C:/JSP/workspace/TMUHJ/target/test-classes/j/index/**/*.class]
[2014-10-08 16:08:29,193] DEBUG (PathMatchingResourcePatternResolver.java:615).doRetrieveMatchingFiles - Searching directory [C:\JSP\workspace\TMUHJ\target\test-classes\j\index\core\security\accountNumber\service] for files matching pattern [C:/JSP/workspace/TMUHJ/target/test-classes/j/index/**/*.class]
[2014-10-08 16:08:29,194] DEBUG (PathMatchingResourcePatternResolver.java:615).doRetrieveMatchingFiles - Searching directory [C:\JSP\workspace\TMUHJ\target\test-classes\j\index\core\util] for files matching pattern [C:/JSP/workspace/TMUHJ/target/test-classes/j/index/**/*.class]
[2014-10-08 16:08:29,194] DEBUG (PathMatchingResourcePatternResolver.java:553).doFindMatchingFileSystemResources - Looking for matching resources in directory tree [C:\JSP\workspace\TMUHJ\target\classes\j\index]
[2014-10-08 16:08:29,194] DEBUG (PathMatchingResourcePatternResolver.java:615).doRetrieveMatchingFiles - Searching directory [C:\JSP\workspace\TMUHJ\target\classes\j\index] for files matching pattern [C:/JSP/workspace/TMUHJ/target/classes/j/index/**/*.class]
[2014-10-08 16:08:29,194] DEBUG (PathMatchingResourcePatternResolver.java:615).doRetrieveMatchingFiles - Searching directory [C:\JSP\workspace\TMUHJ\target\classes\j\index\core] for files matching pattern [C:/JSP/workspace/TMUHJ/target/classes/j/index/**/*.class]
[2014-10-08 16:08:29,195] DEBUG (PathMatchingResourcePatternResolver.java:615).doRetrieveMatchingFiles - Searching directory [C:\JSP\workspace\TMUHJ\target\classes\j\index\core\converter] for files matching pattern [C:/JSP/workspace/TMUHJ/target/classes/j/index/**/*.class]
[2014-10-08 16:08:29,195] DEBUG (PathMatchingResourcePatternResolver.java:615).doRetrieveMatchingFiles - Searching directory [C:\JSP\workspace\TMUHJ\target\classes\j\index\core\dao] for files matching pattern [C:/JSP/workspace/TMUHJ/target/classes/j/index/**/*.class]
[2014-10-08 16:08:29,196] DEBUG (PathMatchingResourcePatternResolver.java:615).doRetrieveMatchingFiles - Searching directory [C:\JSP\workspace\TMUHJ\target\classes\j\index\core\entity] for files matching pattern [C:/JSP/workspace/TMUHJ/target/classes/j/index/**/*.class]
[2014-10-08 16:08:29,196] DEBUG (PathMatchingResourcePatternResolver.java:615).doRetrieveMatchingFiles - Searching directory [C:\JSP\workspace\TMUHJ\target\classes\j\index\core\enums] for files matching pattern [C:/JSP/workspace/TMUHJ/target/classes/j/index/**/*.class]
[2014-10-08 16:08:29,196] DEBUG (PathMatchingResourcePatternResolver.java:615).doRetrieveMatchingFiles - Searching directory [C:\JSP\workspace\TMUHJ\target\classes\j\index\core\exception] for files matching pattern [C:/JSP/workspace/TMUHJ/target/classes/j/index/**/*.class]
[2014-10-08 16:08:29,197] DEBUG (PathMatchingResourcePatternResolver.java:615).doRetrieveMatchingFiles - Searching directory [C:\JSP\workspace\TMUHJ\target\classes\j\index\core\interceptor] for files matching pattern [C:/JSP/workspace/TMUHJ/target/classes/j/index/**/*.class]
[2014-10-08 16:08:29,197] DEBUG (PathMatchingResourcePatternResolver.java:615).doRetrieveMatchingFiles - Searching directory [C:\JSP\workspace\TMUHJ\target\classes\j\index\core\model] for files matching pattern [C:/JSP/workspace/TMUHJ/target/classes/j/index/**/*.class]
[2014-10-08 16:08:29,197] DEBUG (PathMatchingResourcePatternResolver.java:615).doRetrieveMatchingFiles - Searching directory [C:\JSP\workspace\TMUHJ\target\classes\j\index\core\security] for files matching pattern [C:/JSP/workspace/TMUHJ/target/classes/j/index/**/*.class]
[2014-10-08 16:08:29,198] DEBUG (PathMatchingResourcePatternResolver.java:615).doRetrieveMatchingFiles - Searching directory [C:\JSP\workspace\TMUHJ\target\classes\j\index\core\security\accountNumber] for files matching pattern [C:/JSP/workspace/TMUHJ/target/classes/j/index/**/*.class]
[2014-10-08 16:08:29,198] DEBUG (PathMatchingResourcePatternResolver.java:615).doRetrieveMatchingFiles - Searching directory [C:\JSP\workspace\TMUHJ\target\classes\j\index\core\security\accountNumber\entity] for files matching pattern [C:/JSP/workspace/TMUHJ/target/classes/j/index/**/*.class]
[2014-10-08 16:08:29,198] DEBUG (PathMatchingResourcePatternResolver.java:615).doRetrieveMatchingFiles - Searching directory [C:\JSP\workspace\TMUHJ\target\classes\j\index\core\security\accountNumber\service] for files matching pattern [C:/JSP/workspace/TMUHJ/target/classes/j/index/**/*.class]
[2014-10-08 16:08:29,199] DEBUG (PathMatchingResourcePatternResolver.java:615).doRetrieveMatchingFiles - Searching directory [C:\JSP\workspace\TMUHJ\target\classes\j\index\core\service] for files matching pattern [C:/JSP/workspace/TMUHJ/target/classes/j/index/**/*.class]
[2014-10-08 16:08:29,199] DEBUG (PathMatchingResourcePatternResolver.java:615).doRetrieveMatchingFiles - Searching directory [C:\JSP\workspace\TMUHJ\target\classes\j\index\core\tag] for files matching pattern [C:/JSP/workspace/TMUHJ/target/classes/j/index/**/*.class]
[2014-10-08 16:08:29,200] DEBUG (PathMatchingResourcePatternResolver.java:615).doRetrieveMatchingFiles - Searching directory [C:\JSP\workspace\TMUHJ\target\classes\j\index\core\util] for files matching pattern [C:/JSP/workspace/TMUHJ/target/classes/j/index/**/*.class]
[2014-10-08 16:08:29,200] DEBUG (PathMatchingResourcePatternResolver.java:615).doRetrieveMatchingFiles - Searching directory [C:\JSP\workspace\TMUHJ\target\classes\j\index\core\web] for files matching pattern [C:/JSP/workspace/TMUHJ/target/classes/j/index/**/*.class]
[2014-10-08 16:08:29,201] DEBUG (PathMatchingResourcePatternResolver.java:615).doRetrieveMatchingFiles - Searching directory [C:\JSP\workspace\TMUHJ\target\classes\j\index\module] for files matching pattern [C:/JSP/workspace/TMUHJ/target/classes/j/index/**/*.class]
[2014-10-08 16:08:29,201] DEBUG (PathMatchingResourcePatternResolver.java:615).doRetrieveMatchingFiles - Searching directory [C:\JSP\workspace\TMUHJ\target\classes\j\index\module\commons] for files matching pattern [C:/JSP/workspace/TMUHJ/target/classes/j/index/**/*.class]
[2014-10-08 16:08:29,201] DEBUG (PathMatchingResourcePatternResolver.java:615).doRetrieveMatchingFiles - Searching directory [C:\JSP\workspace\TMUHJ\target\classes\j\index\module\commons\dao] for files matching pattern [C:/JSP/workspace/TMUHJ/target/classes/j/index/**/*.class]
[2014-10-08 16:08:29,202] DEBUG (PathMatchingResourcePatternResolver.java:615).doRetrieveMatchingFiles - Searching directory [C:\JSP\workspace\TMUHJ\target\classes\j\index\module\commons\web] for files matching pattern [C:/JSP/workspace/TMUHJ/target/classes/j/index/**/*.class]
[2014-10-08 16:08:29,202] DEBUG (PathMatchingResourcePatternResolver.java:615).doRetrieveMatchingFiles - Searching directory [C:\JSP\workspace\TMUHJ\target\classes\j\index\module\security] for files matching pattern [C:/JSP/workspace/TMUHJ/target/classes/j/index/**/*.class]
[2014-10-08 16:08:29,202] DEBUG (PathMatchingResourcePatternResolver.java:615).doRetrieveMatchingFiles - Searching directory [C:\JSP\workspace\TMUHJ\target\classes\j\index\module\security\web] for files matching pattern [C:/JSP/workspace/TMUHJ/target/classes/j/index/**/*.class]
[2014-10-08 16:08:29,202] DEBUG (PathMatchingResourcePatternResolver.java:615).doRetrieveMatchingFiles - Searching directory [C:\JSP\workspace\TMUHJ\target\classes\j\index\module\setting] for files matching pattern [C:/JSP/workspace/TMUHJ/target/classes/j/index/**/*.class]
[2014-10-08 16:08:29,203] DEBUG (PathMatchingResourcePatternResolver.java:615).doRetrieveMatchingFiles - Searching directory [C:\JSP\workspace\TMUHJ\target\classes\j\index\module\setting\customer] for files matching pattern [C:/JSP/workspace/TMUHJ/target/classes/j/index/**/*.class]
[2014-10-08 16:08:29,203] DEBUG (PathMatchingResourcePatternResolver.java:615).doRetrieveMatchingFiles - Searching directory [C:\JSP\workspace\TMUHJ\target\classes\j\index\module\setting\customer\entity] for files matching pattern [C:/JSP/workspace/TMUHJ/target/classes/j/index/**/*.class]
[2014-10-08 16:08:29,203] DEBUG (PathMatchingResourcePatternResolver.java:615).doRetrieveMatchingFiles - Searching directory [C:\JSP\workspace\TMUHJ\target\classes\j\index\module\setting\customer\service] for files matching pattern [C:/JSP/workspace/TMUHJ/target/classes/j/index/**/*.class]
[2014-10-08 16:08:29,204] DEBUG (PathMatchingResourcePatternResolver.java:615).doRetrieveMatchingFiles - Searching directory [C:\JSP\workspace\TMUHJ\target\classes\j\index\module\setting\database] for files matching pattern [C:/JSP/workspace/TMUHJ/target/classes/j/index/**/*.class]
[2014-10-08 16:08:29,204] DEBUG (PathMatchingResourcePatternResolver.java:615).doRetrieveMatchingFiles - Searching directory [C:\JSP\workspace\TMUHJ\target\classes\j\index\module\setting\database\entity] for files matching pattern [C:/JSP/workspace/TMUHJ/target/classes/j/index/**/*.class]
[2014-10-08 16:08:29,204] DEBUG (PathMatchingResourcePatternResolver.java:615).doRetrieveMatchingFiles - Searching directory [C:\JSP\workspace\TMUHJ\target\classes\j\index\module\setting\database\service] for files matching pattern [C:/JSP/workspace/TMUHJ/target/classes/j/index/**/*.class]
[2014-10-08 16:08:29,205] DEBUG (PathMatchingResourcePatternResolver.java:615).doRetrieveMatchingFiles - Searching directory [C:\JSP\workspace\TMUHJ\target\classes\j\index\module\setting\ebook] for files matching pattern [C:/JSP/workspace/TMUHJ/target/classes/j/index/**/*.class]
[2014-10-08 16:08:29,205] DEBUG (PathMatchingResourcePatternResolver.java:615).doRetrieveMatchingFiles - Searching directory [C:\JSP\workspace\TMUHJ\target\classes\j\index\module\setting\ebook\entity] for files matching pattern [C:/JSP/workspace/TMUHJ/target/classes/j/index/**/*.class]
[2014-10-08 16:08:29,205] DEBUG (PathMatchingResourcePatternResolver.java:615).doRetrieveMatchingFiles - Searching directory [C:\JSP\workspace\TMUHJ\target\classes\j\index\module\setting\ebook\service] for files matching pattern [C:/JSP/workspace/TMUHJ/target/classes/j/index/**/*.class]
[2014-10-08 16:08:29,206] DEBUG (PathMatchingResourcePatternResolver.java:615).doRetrieveMatchingFiles - Searching directory [C:\JSP\workspace\TMUHJ\target\classes\j\index\module\setting\journal] for files matching pattern [C:/JSP/workspace/TMUHJ/target/classes/j/index/**/*.class]
[2014-10-08 16:08:29,206] DEBUG (PathMatchingResourcePatternResolver.java:615).doRetrieveMatchingFiles - Searching directory [C:\JSP\workspace\TMUHJ\target\classes\j\index\module\setting\journal\entity] for files matching pattern [C:/JSP/workspace/TMUHJ/target/classes/j/index/**/*.class]
[2014-10-08 16:08:29,207] DEBUG (PathMatchingResourcePatternResolver.java:615).doRetrieveMatchingFiles - Searching directory [C:\JSP\workspace\TMUHJ\target\classes\j\index\module\setting\journal\service] for files matching pattern [C:/JSP/workspace/TMUHJ/target/classes/j/index/**/*.class]
[2014-10-08 16:08:29,207] DEBUG (PathMatchingResourcePatternResolver.java:615).doRetrieveMatchingFiles - Searching directory [C:\JSP\workspace\TMUHJ\target\classes\j\index\module\setting\search] for files matching pattern [C:/JSP/workspace/TMUHJ/target/classes/j/index/**/*.class]
[2014-10-08 16:08:29,207] DEBUG (PathMatchingResourcePatternResolver.java:615).doRetrieveMatchingFiles - Searching directory [C:\JSP\workspace\TMUHJ\target\classes\j\index\module\setting\search\entity] for files matching pattern [C:/JSP/workspace/TMUHJ/target/classes/j/index/**/*.class]
[2014-10-08 16:08:29,208] DEBUG (PathMatchingResourcePatternResolver.java:615).doRetrieveMatchingFiles - Searching directory [C:\JSP\workspace\TMUHJ\target\classes\j\index\module\setting\search\service] for files matching pattern [C:/JSP/workspace/TMUHJ/target/classes/j/index/**/*.class]
[2014-10-08 16:08:29,209] DEBUG (PathMatchingResourcePatternResolver.java:354).findPathMatchingResources - Resolved location pattern [classpath*:j/index/**/*.class] to resources [file [C:\JSP\workspace\TMUHJ\target\test-classes\j\index\core\GenericTest.class], file [C:\JSP\workspace\TMUHJ\target\test-classes\j\index\core\JUnit4ClassRunner.class], file [C:\JSP\workspace\TMUHJ\target\test-classes\j\index\core\security\accountNumber\dao\SecUserDaoTest.class], file [C:\JSP\workspace\TMUHJ\target\test-classes\j\index\core\security\accountNumber\service\SecUserServiceTest.class], file [C:\JSP\workspace\TMUHJ\target\test-classes\j\index\core\util\EncryptorUtilTest.class], file [C:\JSP\workspace\TMUHJ\target\classes\j\index\core\converter\JodaTimeConverter.class], file [C:\JSP\workspace\TMUHJ\target\classes\j\index\core\dao\Dao.class], file [C:\JSP\workspace\TMUHJ\target\classes\j\index\core\dao\GenericDao.class], file [C:\JSP\workspace\TMUHJ\target\classes\j\index\core\dao\GenericHibernateDao.class], file [C:\JSP\workspace\TMUHJ\target\classes\j\index\core\dao\HibernateQueryLanguage.class], file [C:\JSP\workspace\TMUHJ\target\classes\j\index\core\dao\HibernateRestrictions.class], file [C:\JSP\workspace\TMUHJ\target\classes\j\index\core\dao\IiiQueryLanguage.class], file [C:\JSP\workspace\TMUHJ\target\classes\j\index\core\dao\IiiRestrictions.class], file [C:\JSP\workspace\TMUHJ\target\classes\j\index\core\entity\Entity.class], file [C:\JSP\workspace\TMUHJ\target\classes\j\index\core\entity\GenericEntity.class], file [C:\JSP\workspace\TMUHJ\target\classes\j\index\core\enums\Role.class], file [C:\JSP\workspace\TMUHJ\target\classes\j\index\core\enums\Status.class], file [C:\JSP\workspace\TMUHJ\target\classes\j\index\core\exception\BaseException.class], file [C:\JSP\workspace\TMUHJ\target\classes\j\index\core\interceptor\LoginSessionInterceptor.class], file [C:\JSP\workspace\TMUHJ\target\classes\j\index\core\model\DataSet.class], file [C:\JSP\workspace\TMUHJ\target\classes\j\index\core\model\FormModel.class], file [C:\JSP\workspace\TMUHJ\target\classes\j\index\core\model\Pager.class], file [C:\JSP\workspace\TMUHJ\target\classes\j\index\core\security\accountNumber\entity\AccountNumber.class], file [C:\JSP\workspace\TMUHJ\target\classes\j\index\core\security\accountNumber\entity\AccountNumberDao.class], file [C:\JSP\workspace\TMUHJ\target\classes\j\index\core\security\accountNumber\service\AccountNumberAction.class], file [C:\JSP\workspace\TMUHJ\target\classes\j\index\core\security\accountNumber\service\AccountNumberService.class], file [C:\JSP\workspace\TMUHJ\target\classes\j\index\core\service\CRUDService.class], file [C:\JSP\workspace\TMUHJ\target\classes\j\index\core\service\GenericService.class], file [C:\JSP\workspace\TMUHJ\target\classes\j\index\core\service\Service.class], file [C:\JSP\workspace\TMUHJ\target\classes\j\index\core\tag\BodyTag.class], file [C:\JSP\workspace\TMUHJ\target\classes\j\index\core\util\CharConstant.class], file [C:\JSP\workspace\TMUHJ\target\classes\j\index\core\util\EncryptorUtil.class], file [C:\JSP\workspace\TMUHJ\target\classes\j\index\core\util\IiiBeanFactory.class], file [C:\JSP\workspace\TMUHJ\target\classes\j\index\core\web\Action.class], file [C:\JSP\workspace\TMUHJ\target\classes\j\index\core\web\GenericAction.class], file [C:\JSP\workspace\TMUHJ\target\classes\j\index\core\web\GenericCRUDAction.class], file [C:\JSP\workspace\TMUHJ\target\classes\j\index\core\web\GenericWebAction.class], file [C:\JSP\workspace\TMUHJ\target\classes\j\index\module\commons\dao\ModuleDao.class], file [C:\JSP\workspace\TMUHJ\target\classes\j\index\module\commons\web\CommonPageAction.class], file [C:\JSP\workspace\TMUHJ\target\classes\j\index\module\security\web\AuthorizationAction.class], file [C:\JSP\workspace\TMUHJ\target\classes\j\index\module\setting\customer\entity\Customer.class], file [C:\JSP\workspace\TMUHJ\target\classes\j\index\module\setting\customer\entity\CustomerDao.class], file [C:\JSP\workspace\TMUHJ\target\classes\j\index\module\setting\customer\service\CustomerAction.class], file [C:\JSP\workspace\TMUHJ\target\classes\j\index\module\setting\customer\service\CustomerService.class], file [C:\JSP\workspace\TMUHJ\target\classes\j\index\module\setting\database\entity\Database.class], file [C:\JSP\workspace\TMUHJ\target\classes\j\index\module\setting\database\entity\DatabaseDao.class], file [C:\JSP\workspace\TMUHJ\target\classes\j\index\module\setting\database\service\DatabaseAction.class], file [C:\JSP\workspace\TMUHJ\target\classes\j\index\module\setting\database\service\DatabaseService.class], file [C:\JSP\workspace\TMUHJ\target\classes\j\index\module\setting\ebook\entity\Ebook.class], file [C:\JSP\workspace\TMUHJ\target\classes\j\index\module\setting\ebook\entity\EbookDao.class], file [C:\JSP\workspace\TMUHJ\target\classes\j\index\module\setting\ebook\service\EbookAction.class], file [C:\JSP\workspace\TMUHJ\target\classes\j\index\module\setting\ebook\service\EbookService.class], file [C:\JSP\workspace\TMUHJ\target\classes\j\index\module\setting\ebook\service\test.class], file [C:\JSP\workspace\TMUHJ\target\classes\j\index\module\setting\journal\entity\Journal.class], file [C:\JSP\workspace\TMUHJ\target\classes\j\index\module\setting\journal\entity\JournalDao.class], file [C:\JSP\workspace\TMUHJ\target\classes\j\index\module\setting\journal\service\JournalAction.class], file [C:\JSP\workspace\TMUHJ\target\classes\j\index\module\setting\journal\service\JournalService.class], file [C:\JSP\workspace\TMUHJ\target\classes\j\index\module\setting\search\entity\Search.class], file [C:\JSP\workspace\TMUHJ\target\classes\j\index\module\setting\search\entity\SearchDao.class], file [C:\JSP\workspace\TMUHJ\target\classes\j\index\module\setting\search\service\SearchAction.class], file [C:\JSP\workspace\TMUHJ\target\classes\j\index\module\setting\search\service\SearchService.class]]
[2014-10-08 16:08:29,216] DEBUG (ClassPathScanningCandidateComponentProvider.java:284).findCandidateComponents - Identified candidate component class: file [C:\JSP\workspace\TMUHJ\target\classes\j\index\core\security\accountNumber\entity\AccountNumberDao.class]
[2014-10-08 16:08:29,219] DEBUG (ClassPathScanningCandidateComponentProvider.java:284).findCandidateComponents - Identified candidate component class: file [C:\JSP\workspace\TMUHJ\target\classes\j\index\module\setting\customer\entity\CustomerDao.class]
[2014-10-08 16:08:29,220] DEBUG (ClassPathScanningCandidateComponentProvider.java:284).findCandidateComponents - Identified candidate component class: file [C:\JSP\workspace\TMUHJ\target\classes\j\index\module\setting\database\entity\DatabaseDao.class]
[2014-10-08 16:08:29,222] DEBUG (ClassPathScanningCandidateComponentProvider.java:284).findCandidateComponents - Identified candidate component class: file [C:\JSP\workspace\TMUHJ\target\classes\j\index\module\setting\ebook\entity\EbookDao.class]
[2014-10-08 16:08:29,223] DEBUG (ClassPathScanningCandidateComponentProvider.java:284).findCandidateComponents - Identified candidate component class: file [C:\JSP\workspace\TMUHJ\target\classes\j\index\module\setting\journal\entity\JournalDao.class]
[2014-10-08 16:08:29,224] DEBUG (ClassPathScanningCandidateComponentProvider.java:284).findCandidateComponents - Identified candidate component class: file [C:\JSP\workspace\TMUHJ\target\classes\j\index\module\setting\search\entity\SearchDao.class]
[2014-10-08 16:08:29,231] DEBUG (AbstractBeanDefinitionReader.java:223).loadBeanDefinitions - Loaded 3 bean definitions from location pattern [classpath:config/spring-database.xml]
[2014-10-08 16:08:29,232] INFO  (AbstractApplicationContext.java:513).prepareRefresh - Refreshing org.springframework.context.support.GenericApplicationContext@a896b8: startup date [Wed Oct 08 16:08:29 CST 2014]; root of context hierarchy
[2014-10-08 16:08:29,232] DEBUG (AbstractApplicationContext.java:543).obtainFreshBeanFactory - Bean factory for org.springframework.context.support.GenericApplicationContext@a896b8: org.springframework.beans.factory.support.DefaultListableBeanFactory@364879: defining beans [org.springframework.context.annotation.internalConfigurationAnnotationProcessor,org.springframework.context.annotation.internalAutowiredAnnotationProcessor,org.springframework.context.annotation.internalRequiredAnnotationProcessor,org.springframework.context.annotation.internalCommonAnnotationProcessor,org.springframework.context.annotation.internalPersistenceAnnotationProcessor,dataSet,pager,accountNumber,accountNumberDao,accountNumberAction,accountNumberService,commonPageAction,authorizationAction,customer,customerDao,customerAction,customerService,database,databaseDao,databaseAction,databaseService,ebook,ebookDao,ebookAction,ebookService,journal,journalDao,journalAction,journalService,search,searchDao,searchAction,searchService,systemConfigurer,org.springframework.context.support.PropertySourcesPlaceholderConfigurer#0,transactionManager,org.springframework.aop.config.internalAutoProxyCreator,txAdvice,serviceOperation,org.springframework.aop.support.DefaultBeanFactoryPointcutAdvisor#0,dataSource,sessionFactory,org.springframework.jdbc.datasource.init.DataSourceInitializer#0]; root of factory hierarchy
[2014-10-08 16:08:29,258] DEBUG (DefaultSingletonBeanRegistry.java:220).getSingleton - Creating shared instance of singleton bean &apos;org.springframework.context.annotation.internalConfigurationAnnotationProcessor&apos;
[2014-10-08 16:08:29,259] DEBUG (AbstractAutowireCapableBeanFactory.java:449).createBean - Creating instance of bean &apos;org.springframework.context.annotation.internalConfigurationAnnotationProcessor&apos;
[2014-10-08 16:08:29,268] DEBUG (AbstractAutowireCapableBeanFactory.java:523).doCreateBean - Eagerly caching bean &apos;org.springframework.context.annotation.internalConfigurationAnnotationProcessor&apos; to allow for resolving potential circular references
[2014-10-08 16:08:29,270] DEBUG (AbstractAutowireCapableBeanFactory.java:477).createBean - Finished creating instance of bean &apos;org.springframework.context.annotation.internalConfigurationAnnotationProcessor&apos;
[2014-10-08 16:08:29,316] DEBUG (DefaultSingletonBeanRegistry.java:220).getSingleton - Creating shared instance of singleton bean &apos;org.springframework.context.support.PropertySourcesPlaceholderConfigurer#0&apos;
[2014-10-08 16:08:29,317] DEBUG (AbstractAutowireCapableBeanFactory.java:449).createBean - Creating instance of bean &apos;org.springframework.context.support.PropertySourcesPlaceholderConfigurer#0&apos;
[2014-10-08 16:08:29,317] DEBUG (AbstractAutowireCapableBeanFactory.java:523).doCreateBean - Eagerly caching bean &apos;org.springframework.context.support.PropertySourcesPlaceholderConfigurer#0&apos; to allow for resolving potential circular references
[2014-10-08 16:08:29,331] DEBUG (AbstractAutowireCapableBeanFactory.java:477).createBean - Finished creating instance of bean &apos;org.springframework.context.support.PropertySourcesPlaceholderConfigurer#0&apos;
[2014-10-08 16:08:29,331] DEBUG (MutablePropertySources.java:110).addLast - Adding [environmentProperties] PropertySource with lowest search precedence
[2014-10-08 16:08:29,331] INFO  (PropertiesLoaderSupport.java:172).loadProperties - Loading properties file from class path resource [datasource/datasource-maria.properties]
[2014-10-08 16:08:29,332] DEBUG (MutablePropertySources.java:110).addLast - Adding [localProperties] PropertySource with lowest search precedence
[2014-10-08 16:08:29,334] DEBUG (PropertySourcesPropertyResolver.java:81).getProperty - Searching for key &apos;dataSource.driverClassName&apos; in [environmentProperties]
[2014-10-08 16:08:29,334] DEBUG (PropertySourcesPropertyResolver.java:81).getProperty - Searching for key &apos;dataSource.driverClassName&apos; in [systemProperties]
[2014-10-08 16:08:29,334] DEBUG (PropertySourcesPropertyResolver.java:81).getProperty - Searching for key &apos;dataSource.driverClassName&apos; in [systemEnvironment]
[2014-10-08 16:08:29,335] DEBUG (PropertySourcesPropertyResolver.java:103).getProperty - Could not find key &apos;dataSource.driverClassName&apos; in any property source. Returning [null]
[2014-10-08 16:08:29,335] DEBUG (PropertySourcesPropertyResolver.java:81).getProperty - Searching for key &apos;dataSource.driverClassName&apos; in [localProperties]
[2014-10-08 16:08:29,335] DEBUG (PropertySourcesPropertyResolver.java:90).getProperty - Found key &apos;dataSource.driverClassName&apos; in [localProperties] with type [String] and value &apos;org.mariadb.jdbc.Driver&apos;
[2014-10-08 16:08:29,336] DEBUG (PropertySourcesPropertyResolver.java:81).getProperty - Searching for key &apos;dataSource.url&apos; in [environmentProperties]
[2014-10-08 16:08:29,336] DEBUG (PropertySourcesPropertyResolver.java:81).getProperty - Searching for key &apos;dataSource.url&apos; in [systemProperties]
[2014-10-08 16:08:29,337] DEBUG (PropertySourcesPropertyResolver.java:81).getProperty - Searching for key &apos;dataSource.url&apos; in [systemEnvironment]
[2014-10-08 16:08:29,337] DEBUG (PropertySourcesPropertyResolver.java:103).getProperty - Could not find key &apos;dataSource.url&apos; in any property source. Returning [null]
[2014-10-08 16:08:29,337] DEBUG (PropertySourcesPropertyResolver.java:81).getProperty - Searching for key &apos;dataSource.url&apos; in [localProperties]
[2014-10-08 16:08:29,337] DEBUG (PropertySourcesPropertyResolver.java:90).getProperty - Found key &apos;dataSource.url&apos; in [localProperties] with type [String] and value &apos;jdbc:mariadb://localhost:3306/index&apos;
[2014-10-08 16:08:29,337] DEBUG (PropertySourcesPropertyResolver.java:81).getProperty - Searching for key &apos;dataSource.username&apos; in [environmentProperties]
[2014-10-08 16:08:29,337] DEBUG (PropertySourcesPropertyResolver.java:81).getProperty - Searching for key &apos;dataSource.username&apos; in [systemProperties]
[2014-10-08 16:08:29,338] DEBUG (PropertySourcesPropertyResolver.java:81).getProperty - Searching for key &apos;dataSource.username&apos; in [systemEnvironment]
[2014-10-08 16:08:29,338] DEBUG (PropertySourcesPropertyResolver.java:103).getProperty - Could not find key &apos;dataSource.username&apos; in any property source. Returning [null]
[2014-10-08 16:08:29,338] DEBUG (PropertySourcesPropertyResolver.java:81).getProperty - Searching for key &apos;dataSource.username&apos; in [localProperties]
[2014-10-08 16:08:29,338] DEBUG (PropertySourcesPropertyResolver.java:90).getProperty - Found key &apos;dataSource.username&apos; in [localProperties] with type [String] and value &apos;root&apos;
[2014-10-08 16:08:29,338] DEBUG (PropertySourcesPropertyResolver.java:81).getProperty - Searching for key &apos;dataSource.password&apos; in [environmentProperties]
[2014-10-08 16:08:29,339] DEBUG (PropertySourcesPropertyResolver.java:81).getProperty - Searching for key &apos;dataSource.password&apos; in [systemProperties]
[2014-10-08 16:08:29,339] DEBUG (PropertySourcesPropertyResolver.java:81).getProperty - Searching for key &apos;dataSource.password&apos; in [systemEnvironment]
[2014-10-08 16:08:29,339] DEBUG (PropertySourcesPropertyResolver.java:103).getProperty - Could not find key &apos;dataSource.password&apos; in any property source. Returning [null]
[2014-10-08 16:08:29,339] DEBUG (PropertySourcesPropertyResolver.java:81).getProperty - Searching for key &apos;dataSource.password&apos; in [localProperties]
[2014-10-08 16:08:29,339] DEBUG (PropertySourcesPropertyResolver.java:90).getProperty - Found key &apos;dataSource.password&apos; in [localProperties] with type [String] and value &apos;&apos;
[2014-10-08 16:08:29,339] DEBUG (PropertySourcesPropertyResolver.java:81).getProperty - Searching for key &apos;hibernate.dialect&apos; in [environmentProperties]
[2014-10-08 16:08:29,340] DEBUG (PropertySourcesPropertyResolver.java:81).getProperty - Searching for key &apos;hibernate.dialect&apos; in [systemProperties]
[2014-10-08 16:08:29,340] DEBUG (PropertySourcesPropertyResolver.java:81).getProperty - Searching for key &apos;hibernate.dialect&apos; in [systemEnvironment]
[2014-10-08 16:08:29,340] DEBUG (PropertySourcesPropertyResolver.java:103).getProperty - Could not find key &apos;hibernate.dialect&apos; in any property source. Returning [null]
[2014-10-08 16:08:29,340] DEBUG (PropertySourcesPropertyResolver.java:81).getProperty - Searching for key &apos;hibernate.dialect&apos; in [localProperties]
[2014-10-08 16:08:29,340] DEBUG (PropertySourcesPropertyResolver.java:90).getProperty - Found key &apos;hibernate.dialect&apos; in [localProperties] with type [String] and value &apos;org.hibernate.dialect.MySQLDialect&apos;
[2014-10-08 16:08:29,341] DEBUG (PropertySourcesPropertyResolver.java:81).getProperty - Searching for key &apos;hibernate.hbm2ddl.auto&apos; in [environmentProperties]
[2014-10-08 16:08:29,341] DEBUG (PropertySourcesPropertyResolver.java:81).getProperty - Searching for key &apos;hibernate.hbm2ddl.auto&apos; in [systemProperties]
[2014-10-08 16:08:29,341] DEBUG (PropertySourcesPropertyResolver.java:81).getProperty - Searching for key &apos;hibernate.hbm2ddl.auto&apos; in [systemEnvironment]
[2014-10-08 16:08:29,341] DEBUG (PropertySourcesPropertyResolver.java:103).getProperty - Could not find key &apos;hibernate.hbm2ddl.auto&apos; in any property source. Returning [null]
[2014-10-08 16:08:29,341] DEBUG (PropertySourcesPropertyResolver.java:81).getProperty - Searching for key &apos;hibernate.hbm2ddl.auto&apos; in [localProperties]
[2014-10-08 16:08:29,341] DEBUG (PropertySourcesPropertyResolver.java:90).getProperty - Found key &apos;hibernate.hbm2ddl.auto&apos; in [localProperties] with type [String] and value &apos;create&apos;
[2014-10-08 16:08:29,342] DEBUG (PropertySourcesPropertyResolver.java:81).getProperty - Searching for key &apos;init.data&apos; in [environmentProperties]
[2014-10-08 16:08:29,342] DEBUG (PropertySourcesPropertyResolver.java:81).getProperty - Searching for key &apos;init.data&apos; in [systemProperties]
[2014-10-08 16:08:29,342] DEBUG (PropertySourcesPropertyResolver.java:81).getProperty - Searching for key &apos;init.data&apos; in [systemEnvironment]
[2014-10-08 16:08:29,342] DEBUG (PropertySourcesPropertyResolver.java:103).getProperty - Could not find key &apos;init.data&apos; in any property source. Returning [null]
[2014-10-08 16:08:29,342] DEBUG (PropertySourcesPropertyResolver.java:81).getProperty - Searching for key &apos;init.data&apos; in [localProperties]
[2014-10-08 16:08:29,343] DEBUG (PropertySourcesPropertyResolver.java:90).getProperty - Found key &apos;init.data&apos; in [localProperties] with type [String] and value &apos;classpath:sql/data-maria.sql&apos;
[2014-10-08 16:08:29,345] DEBUG (DefaultSingletonBeanRegistry.java:220).getSingleton - Creating shared instance of singleton bean &apos;org.springframework.context.annotation.internalAutowiredAnnotationProcessor&apos;
[2014-10-08 16:08:29,345] DEBUG (AbstractAutowireCapableBeanFactory.java:449).createBean - Creating instance of bean &apos;org.springframework.context.annotation.internalAutowiredAnnotationProcessor&apos;
[2014-10-08 16:08:29,346] DEBUG (AbstractAutowireCapableBeanFactory.java:523).doCreateBean - Eagerly caching bean &apos;org.springframework.context.annotation.internalAutowiredAnnotationProcessor&apos; to allow for resolving potential circular references
[2014-10-08 16:08:29,346] DEBUG (AbstractAutowireCapableBeanFactory.java:477).createBean - Finished creating instance of bean &apos;org.springframework.context.annotation.internalAutowiredAnnotationProcessor&apos;
[2014-10-08 16:08:29,346] DEBUG (DefaultSingletonBeanRegistry.java:220).getSingleton - Creating shared instance of singleton bean &apos;org.springframework.context.annotation.internalRequiredAnnotationProcessor&apos;
[2014-10-08 16:08:29,346] DEBUG (AbstractAutowireCapableBeanFactory.java:449).createBean - Creating instance of bean &apos;org.springframework.context.annotation.internalRequiredAnnotationProcessor&apos;
[2014-10-08 16:08:29,346] DEBUG (AbstractAutowireCapableBeanFactory.java:523).doCreateBean - Eagerly caching bean &apos;org.springframework.context.annotation.internalRequiredAnnotationProcessor&apos; to allow for resolving potential circular references
[2014-10-08 16:08:29,347] DEBUG (AbstractAutowireCapableBeanFactory.java:477).createBean - Finished creating instance of bean &apos;org.springframework.context.annotation.internalRequiredAnnotationProcessor&apos;
[2014-10-08 16:08:29,347] DEBUG (DefaultSingletonBeanRegistry.java:220).getSingleton - Creating shared instance of singleton bean &apos;org.springframework.context.annotation.internalCommonAnnotationProcessor&apos;
[2014-10-08 16:08:29,347] DEBUG (AbstractAutowireCapableBeanFactory.java:449).createBean - Creating instance of bean &apos;org.springframework.context.annotation.internalCommonAnnotationProcessor&apos;
[2014-10-08 16:08:29,349] DEBUG (AbstractAutowireCapableBeanFactory.java:523).doCreateBean - Eagerly caching bean &apos;org.springframework.context.annotation.internalCommonAnnotationProcessor&apos; to allow for resolving potential circular references
[2014-10-08 16:08:29,350] DEBUG (AbstractAutowireCapableBeanFactory.java:477).createBean - Finished creating instance of bean &apos;org.springframework.context.annotation.internalCommonAnnotationProcessor&apos;
[2014-10-08 16:08:29,350] DEBUG (DefaultSingletonBeanRegistry.java:220).getSingleton - Creating shared instance of singleton bean &apos;org.springframework.context.annotation.internalPersistenceAnnotationProcessor&apos;
[2014-10-08 16:08:29,350] DEBUG (AbstractAutowireCapableBeanFactory.java:449).createBean - Creating instance of bean &apos;org.springframework.context.annotation.internalPersistenceAnnotationProcessor&apos;
[2014-10-08 16:08:29,351] DEBUG (AbstractAutowireCapableBeanFactory.java:523).doCreateBean - Eagerly caching bean &apos;org.springframework.context.annotation.internalPersistenceAnnotationProcessor&apos; to allow for resolving potential circular references
[2014-10-08 16:08:29,351] DEBUG (AbstractAutowireCapableBeanFactory.java:477).createBean - Finished creating instance of bean &apos;org.springframework.context.annotation.internalPersistenceAnnotationProcessor&apos;
[2014-10-08 16:08:29,353] DEBUG (DefaultSingletonBeanRegistry.java:220).getSingleton - Creating shared instance of singleton bean &apos;org.springframework.context.annotation.ConfigurationClassPostProcessor.importAwareProcessor&apos;
[2014-10-08 16:08:29,353] DEBUG (AbstractAutowireCapableBeanFactory.java:449).createBean - Creating instance of bean &apos;org.springframework.context.annotation.ConfigurationClassPostProcessor.importAwareProcessor&apos;
[2014-10-08 16:08:29,353] DEBUG (AbstractAutowireCapableBeanFactory.java:523).doCreateBean - Eagerly caching bean &apos;org.springframework.context.annotation.ConfigurationClassPostProcessor.importAwareProcessor&apos; to allow for resolving potential circular references
[2014-10-08 16:08:29,354] DEBUG (AbstractAutowireCapableBeanFactory.java:477).createBean - Finished creating instance of bean &apos;org.springframework.context.annotation.ConfigurationClassPostProcessor.importAwareProcessor&apos;
[2014-10-08 16:08:29,354] DEBUG (DefaultSingletonBeanRegistry.java:220).getSingleton - Creating shared instance of singleton bean &apos;org.springframework.context.annotation.ConfigurationClassPostProcessor.enhancedConfigurationProcessor&apos;
[2014-10-08 16:08:29,354] DEBUG (AbstractAutowireCapableBeanFactory.java:449).createBean - Creating instance of bean &apos;org.springframework.context.annotation.ConfigurationClassPostProcessor.enhancedConfigurationProcessor&apos;
[2014-10-08 16:08:29,354] DEBUG (AbstractAutowireCapableBeanFactory.java:523).doCreateBean - Eagerly caching bean &apos;org.springframework.context.annotation.ConfigurationClassPostProcessor.enhancedConfigurationProcessor&apos; to allow for resolving potential circular references
[2014-10-08 16:08:29,354] DEBUG (AbstractAutowireCapableBeanFactory.java:477).createBean - Finished creating instance of bean &apos;org.springframework.context.annotation.ConfigurationClassPostProcessor.enhancedConfigurationProcessor&apos;
[2014-10-08 16:08:29,355] DEBUG (DefaultSingletonBeanRegistry.java:220).getSingleton - Creating shared instance of singleton bean &apos;org.springframework.aop.config.internalAutoProxyCreator&apos;
[2014-10-08 16:08:29,355] DEBUG (AbstractAutowireCapableBeanFactory.java:449).createBean - Creating instance of bean &apos;org.springframework.aop.config.internalAutoProxyCreator&apos;
[2014-10-08 16:08:29,369] DEBUG (AbstractAutowireCapableBeanFactory.java:523).doCreateBean - Eagerly caching bean &apos;org.springframework.aop.config.internalAutoProxyCreator&apos; to allow for resolving potential circular references
[2014-10-08 16:08:29,377] DEBUG (AbstractAutowireCapableBeanFactory.java:477).createBean - Finished creating instance of bean &apos;org.springframework.aop.config.internalAutoProxyCreator&apos;
[2014-10-08 16:08:29,379] DEBUG (AbstractApplicationContext.java:649).initMessageSource - Unable to locate MessageSource with name &apos;messageSource&apos;: using default [org.springframework.context.support.DelegatingMessageSource@22778a]
[2014-10-08 16:08:29,381] DEBUG (AbstractApplicationContext.java:673).initApplicationEventMulticaster - Unable to locate ApplicationEventMulticaster with name &apos;applicationEventMulticaster&apos;: using default [org.springframework.context.event.SimpleApplicationEventMulticaster@1be573d]
[2014-10-08 16:08:29,386] DEBUG (DefaultListableBeanFactory.java:669).preInstantiateSingletons - Pre-instantiating singletons in org.springframework.beans.factory.support.DefaultListableBeanFactory@364879: defining beans [org.springframework.context.annotation.internalConfigurationAnnotationProcessor,org.springframework.context.annotation.internalAutowiredAnnotationProcessor,org.springframework.context.annotation.internalRequiredAnnotationProcessor,org.springframework.context.annotation.internalCommonAnnotationProcessor,org.springframework.context.annotation.internalPersistenceAnnotationProcessor,dataSet,pager,accountNumber,accountNumberDao,accountNumberAction,accountNumberService,commonPageAction,authorizationAction,customer,customerDao,customerAction,customerService,database,databaseDao,databaseAction,databaseService,ebook,ebookDao,ebookAction,ebookService,journal,journalDao,journalAction,journalService,search,searchDao,searchAction,searchService,systemConfigurer,org.springframework.context.support.PropertySourcesPlaceholderConfigurer#0,transactionManager,org.springframework.aop.config.internalAutoProxyCreator,txAdvice,serviceOperation,org.springframework.aop.support.DefaultBeanFactoryPointcutAdvisor#0,dataSource,sessionFactory,org.springframework.jdbc.datasource.init.DataSourceInitializer#0,org.springframework.context.annotation.ConfigurationClassPostProcessor.importAwareProcessor,org.springframework.context.annotation.ConfigurationClassPostProcessor.enhancedConfigurationProcessor]; root of factory hierarchy
[2014-10-08 16:08:29,386] DEBUG (AbstractBeanFactory.java:249).doGetBean - Returning cached instance of singleton bean &apos;org.springframework.context.annotation.internalConfigurationAnnotationProcessor&apos;
[2014-10-08 16:08:29,387] DEBUG (AbstractBeanFactory.java:249).doGetBean - Returning cached instance of singleton bean &apos;org.springframework.context.annotation.internalAutowiredAnnotationProcessor&apos;
[2014-10-08 16:08:29,387] DEBUG (AbstractBeanFactory.java:249).doGetBean - Returning cached instance of singleton bean &apos;org.springframework.context.annotation.internalRequiredAnnotationProcessor&apos;
[2014-10-08 16:08:29,387] DEBUG (AbstractBeanFactory.java:249).doGetBean - Returning cached instance of singleton bean &apos;org.springframework.context.annotation.internalCommonAnnotationProcessor&apos;
[2014-10-08 16:08:29,387] DEBUG (AbstractBeanFactory.java:249).doGetBean - Returning cached instance of singleton bean &apos;org.springframework.context.annotation.internalPersistenceAnnotationProcessor&apos;
[2014-10-08 16:08:29,387] DEBUG (DefaultSingletonBeanRegistry.java:220).getSingleton - Creating shared instance of singleton bean &apos;accountNumberDao&apos;
[2014-10-08 16:08:29,387] DEBUG (AbstractAutowireCapableBeanFactory.java:449).createBean - Creating instance of bean &apos;accountNumberDao&apos;
[2014-10-08 16:08:29,390] DEBUG (DefaultSingletonBeanRegistry.java:220).getSingleton - Creating shared instance of singleton bean &apos;org.springframework.aop.support.DefaultBeanFactoryPointcutAdvisor#0&apos;
[2014-10-08 16:08:29,390] DEBUG (AbstractAutowireCapableBeanFactory.java:449).createBean - Creating instance of bean &apos;org.springframework.aop.support.DefaultBeanFactoryPointcutAdvisor#0&apos;
[2014-10-08 16:08:29,391] DEBUG (AbstractAutowireCapableBeanFactory.java:523).doCreateBean - Eagerly caching bean &apos;org.springframework.aop.support.DefaultBeanFactoryPointcutAdvisor#0&apos; to allow for resolving potential circular references
[2014-10-08 16:08:29,401] DEBUG (AbstractAutowireCapableBeanFactory.java:449).createBean - Creating instance of bean &apos;serviceOperation&apos;
[2014-10-08 16:08:29,406] DEBUG (AbstractAutowireCapableBeanFactory.java:477).createBean - Finished creating instance of bean &apos;serviceOperation&apos;
[2014-10-08 16:08:29,407] DEBUG (AbstractAutowireCapableBeanFactory.java:477).createBean - Finished creating instance of bean &apos;org.springframework.aop.support.DefaultBeanFactoryPointcutAdvisor#0&apos;
[2014-10-08 16:08:29,426] DEBUG (InjectionMetadata.java:71).checkConfigMembers - Registered injected element on class [j.index.core.security.accountNumber.entity.AccountNumberDao]: AutowiredFieldElement for private org.hibernate.SessionFactory j.index.core.dao.GenericHibernateDao.sessionFactory
[2014-10-08 16:08:29,426] DEBUG (AbstractAutowireCapableBeanFactory.java:523).doCreateBean - Eagerly caching bean &apos;accountNumberDao&apos; to allow for resolving potential circular references
[2014-10-08 16:08:29,429] DEBUG (InjectionMetadata.java:85).inject - Processing injected method of bean &apos;accountNumberDao&apos;: AutowiredFieldElement for private org.hibernate.SessionFactory j.index.core.dao.GenericHibernateDao.sessionFactory
[2014-10-08 16:08:29,431] DEBUG (AbstractBeanFactory.java:249).doGetBean - Returning cached instance of singleton bean &apos;org.springframework.aop.support.DefaultBeanFactoryPointcutAdvisor#0&apos;
[2014-10-08 16:08:29,431] DEBUG (AbstractBeanFactory.java:249).doGetBean - Returning cached instance of singleton bean &apos;org.springframework.aop.support.DefaultBeanFactoryPointcutAdvisor#0&apos;
[2014-10-08 16:08:29,434] DEBUG (DefaultSingletonBeanRegistry.java:220).getSingleton - Creating shared instance of singleton bean &apos;sessionFactory&apos;
[2014-10-08 16:08:29,435] DEBUG (AbstractAutowireCapableBeanFactory.java:449).createBean - Creating instance of bean &apos;sessionFactory&apos;
[2014-10-08 16:08:29,437] DEBUG (AbstractAutowireCapableBeanFactory.java:523).doCreateBean - Eagerly caching bean &apos;sessionFactory&apos; to allow for resolving potential circular references
[2014-10-08 16:08:29,441] DEBUG (DefaultSingletonBeanRegistry.java:220).getSingleton - Creating shared instance of singleton bean &apos;dataSource&apos;
[2014-10-08 16:08:29,441] DEBUG (AbstractAutowireCapableBeanFactory.java:449).createBean - Creating instance of bean &apos;dataSource&apos;
[2014-10-08 16:08:29,441] DEBUG (AbstractBeanFactory.java:249).doGetBean - Returning cached instance of singleton bean &apos;org.springframework.aop.support.DefaultBeanFactoryPointcutAdvisor#0&apos;
[2014-10-08 16:08:29,446] DEBUG (AbstractAutowireCapableBeanFactory.java:523).doCreateBean - Eagerly caching bean &apos;dataSource&apos; to allow for resolving potential circular references
[2014-10-08 16:08:29,449] DEBUG (AbstractBeanFactory.java:249).doGetBean - Returning cached instance of singleton bean &apos;org.springframework.aop.support.DefaultBeanFactoryPointcutAdvisor#0&apos;
[2014-10-08 16:08:29,449] DEBUG (AbstractBeanFactory.java:249).doGetBean - Returning cached instance of singleton bean &apos;org.springframework.aop.support.DefaultBeanFactoryPointcutAdvisor#0&apos;
[2014-10-08 16:08:29,574] DEBUG (AbstractAutowireCapableBeanFactory.java:477).createBean - Finished creating instance of bean &apos;dataSource&apos;
[2014-10-08 16:08:29,581] DEBUG (AbstractAutowireCapableBeanFactory.java:1595).invokeInitMethods - Invoking afterPropertiesSet() on bean with name &apos;sessionFactory&apos;
[2014-10-08 16:08:29,616] DEBUG (BasicTypeRegistry.java:146).register - Adding type registration boolean -&gt; org.hibernate.type.BooleanType@19613a1
[2014-10-08 16:08:29,617] DEBUG (BasicTypeRegistry.java:146).register - Adding type registration boolean -&gt; org.hibernate.type.BooleanType@19613a1
[2014-10-08 16:08:29,617] DEBUG (BasicTypeRegistry.java:146).register - Adding type registration java.lang.Boolean -&gt; org.hibernate.type.BooleanType@19613a1
[2014-10-08 16:08:29,618] DEBUG (BasicTypeRegistry.java:146).register - Adding type registration numeric_boolean -&gt; org.hibernate.type.NumericBooleanType@1b90609
[2014-10-08 16:08:29,619] DEBUG (BasicTypeRegistry.java:146).register - Adding type registration true_false -&gt; org.hibernate.type.TrueFalseType@bce7c9
[2014-10-08 16:08:29,619] DEBUG (BasicTypeRegistry.java:146).register - Adding type registration yes_no -&gt; org.hibernate.type.YesNoType@16c148
[2014-10-08 16:08:29,621] DEBUG (BasicTypeRegistry.java:146).register - Adding type registration byte -&gt; org.hibernate.type.ByteType@255732
[2014-10-08 16:08:29,621] DEBUG (BasicTypeRegistry.java:146).register - Adding type registration byte -&gt; org.hibernate.type.ByteType@255732
[2014-10-08 16:08:29,621] DEBUG (BasicTypeRegistry.java:146).register - Adding type registration java.lang.Byte -&gt; org.hibernate.type.ByteType@255732
[2014-10-08 16:08:29,622] DEBUG (BasicTypeRegistry.java:146).register - Adding type registration character -&gt; org.hibernate.type.CharacterType@67f451
[2014-10-08 16:08:29,622] DEBUG (BasicTypeRegistry.java:146).register - Adding type registration char -&gt; org.hibernate.type.CharacterType@67f451
[2014-10-08 16:08:29,622] DEBUG (BasicTypeRegistry.java:146).register - Adding type registration java.lang.Character -&gt; org.hibernate.type.CharacterType@67f451
[2014-10-08 16:08:29,624] DEBUG (BasicTypeRegistry.java:146).register - Adding type registration short -&gt; org.hibernate.type.ShortType@1273510
[2014-10-08 16:08:29,624] DEBUG (BasicTypeRegistry.java:146).register - Adding type registration short -&gt; org.hibernate.type.ShortType@1273510
[2014-10-08 16:08:29,624] DEBUG (BasicTypeRegistry.java:146).register - Adding type registration java.lang.Short -&gt; org.hibernate.type.ShortType@1273510
[2014-10-08 16:08:29,625] DEBUG (BasicTypeRegistry.java:146).register - Adding type registration integer -&gt; org.hibernate.type.IntegerType@500b5a
[2014-10-08 16:08:29,625] DEBUG (BasicTypeRegistry.java:146).register - Adding type registration int -&gt; org.hibernate.type.IntegerType@500b5a
[2014-10-08 16:08:29,626] DEBUG (BasicTypeRegistry.java:146).register - Adding type registration java.lang.Integer -&gt; org.hibernate.type.IntegerType@500b5a
[2014-10-08 16:08:29,627] DEBUG (BasicTypeRegistry.java:146).register - Adding type registration long -&gt; org.hibernate.type.LongType@79ac30
[2014-10-08 16:08:29,627] DEBUG (BasicTypeRegistry.java:146).register - Adding type registration long -&gt; org.hibernate.type.LongType@79ac30
[2014-10-08 16:08:29,627] DEBUG (BasicTypeRegistry.java:146).register - Adding type registration java.lang.Long -&gt; org.hibernate.type.LongType@79ac30
[2014-10-08 16:08:29,628] DEBUG (BasicTypeRegistry.java:146).register - Adding type registration float -&gt; org.hibernate.type.FloatType@585611
[2014-10-08 16:08:29,629] DEBUG (BasicTypeRegistry.java:146).register - Adding type registration float -&gt; org.hibernate.type.FloatType@585611
[2014-10-08 16:08:29,629] DEBUG (BasicTypeRegistry.java:146).register - Adding type registration java.lang.Float -&gt; org.hibernate.type.FloatType@585611
[2014-10-08 16:08:29,630] DEBUG (BasicTypeRegistry.java:146).register - Adding type registration double -&gt; org.hibernate.type.DoubleType@ba638e
[2014-10-08 16:08:29,630] DEBUG (BasicTypeRegistry.java:146).register - Adding type registration double -&gt; org.hibernate.type.DoubleType@ba638e
[2014-10-08 16:08:29,630] DEBUG (BasicTypeRegistry.java:146).register - Adding type registration java.lang.Double -&gt; org.hibernate.type.DoubleType@ba638e
[2014-10-08 16:08:29,631] DEBUG (BasicTypeRegistry.java:146).register - Adding type registration big_decimal -&gt; org.hibernate.type.BigDecimalType@1acbf5d
[2014-10-08 16:08:29,632] DEBUG (BasicTypeRegistry.java:146).register - Adding type registration java.math.BigDecimal -&gt; org.hibernate.type.BigDecimalType@1acbf5d
[2014-10-08 16:08:29,632] DEBUG (BasicTypeRegistry.java:146).register - Adding type registration big_integer -&gt; org.hibernate.type.BigIntegerType@384a7c
[2014-10-08 16:08:29,633] DEBUG (BasicTypeRegistry.java:146).register - Adding type registration java.math.BigInteger -&gt; org.hibernate.type.BigIntegerType@384a7c
[2014-10-08 16:08:29,633] DEBUG (BasicTypeRegistry.java:146).register - Adding type registration string -&gt; org.hibernate.type.StringType@1a3607e
[2014-10-08 16:08:29,634] DEBUG (BasicTypeRegistry.java:146).register - Adding type registration java.lang.String -&gt; org.hibernate.type.StringType@1a3607e
[2014-10-08 16:08:29,634] DEBUG (BasicTypeRegistry.java:146).register - Adding type registration nstring -&gt; org.hibernate.type.StringNVarcharType@8879d0
[2014-10-08 16:08:29,635] DEBUG (BasicTypeRegistry.java:146).register - Adding type registration ncharacter -&gt; org.hibernate.type.CharacterNCharType@7093d2
[2014-10-08 16:08:29,636] DEBUG (BasicTypeRegistry.java:146).register - Adding type registration url -&gt; org.hibernate.type.UrlType@313f4e
[2014-10-08 16:08:29,636] DEBUG (BasicTypeRegistry.java:146).register - Adding type registration java.net.URL -&gt; org.hibernate.type.UrlType@313f4e
[2014-10-08 16:08:29,637] DEBUG (BasicTypeRegistry.java:146).register - Adding type registration date -&gt; org.hibernate.type.DateType@c25392
[2014-10-08 16:08:29,638] DEBUG (BasicTypeRegistry.java:146).register - Adding type registration java.sql.Date -&gt; org.hibernate.type.DateType@c25392
[2014-10-08 16:08:29,639] DEBUG (BasicTypeRegistry.java:146).register - Adding type registration time -&gt; org.hibernate.type.TimeType@f7e5b2
[2014-10-08 16:08:29,639] DEBUG (BasicTypeRegistry.java:146).register - Adding type registration java.sql.Time -&gt; org.hibernate.type.TimeType@f7e5b2
[2014-10-08 16:08:29,642] DEBUG (BasicTypeRegistry.java:146).register - Adding type registration timestamp -&gt; org.hibernate.type.TimestampType@113ee65
[2014-10-08 16:08:29,642] DEBUG (BasicTypeRegistry.java:146).register - Adding type registration java.sql.Timestamp -&gt; org.hibernate.type.TimestampType@113ee65
[2014-10-08 16:08:29,642] DEBUG (BasicTypeRegistry.java:146).register - Adding type registration java.util.Date -&gt; org.hibernate.type.TimestampType@113ee65
[2014-10-08 16:08:29,643] DEBUG (BasicTypeRegistry.java:146).register - Adding type registration dbtimestamp -&gt; org.hibernate.type.DbTimestampType@374a4b
[2014-10-08 16:08:29,644] DEBUG (BasicTypeRegistry.java:146).register - Adding type registration calendar -&gt; org.hibernate.type.CalendarType@1ce1b2b
[2014-10-08 16:08:29,644] DEBUG (BasicTypeRegistry.java:146).register - Adding type registration java.util.Calendar -&gt; org.hibernate.type.CalendarType@1ce1b2b
[2014-10-08 16:08:29,644] DEBUG (BasicTypeRegistry.java:146).register - Adding type registration java.util.GregorianCalendar -&gt; org.hibernate.type.CalendarType@1ce1b2b
[2014-10-08 16:08:29,645] DEBUG (BasicTypeRegistry.java:146).register - Adding type registration calendar_date -&gt; org.hibernate.type.CalendarDateType@1c11ce0
[2014-10-08 16:08:29,646] DEBUG (BasicTypeRegistry.java:146).register - Adding type registration locale -&gt; org.hibernate.type.LocaleType@6a1e01
[2014-10-08 16:08:29,646] DEBUG (BasicTypeRegistry.java:146).register - Adding type registration java.util.Locale -&gt; org.hibernate.type.LocaleType@6a1e01
[2014-10-08 16:08:29,647] DEBUG (BasicTypeRegistry.java:146).register - Adding type registration currency -&gt; org.hibernate.type.CurrencyType@e213b5
[2014-10-08 16:08:29,647] DEBUG (BasicTypeRegistry.java:146).register - Adding type registration java.util.Currency -&gt; org.hibernate.type.CurrencyType@e213b5
[2014-10-08 16:08:29,648] DEBUG (BasicTypeRegistry.java:146).register - Adding type registration timezone -&gt; org.hibernate.type.TimeZoneType@2dc847
[2014-10-08 16:08:29,648] DEBUG (BasicTypeRegistry.java:146).register - Adding type registration java.util.TimeZone -&gt; org.hibernate.type.TimeZoneType@2dc847
[2014-10-08 16:08:29,649] DEBUG (BasicTypeRegistry.java:146).register - Adding type registration class -&gt; org.hibernate.type.ClassType@10fd228
[2014-10-08 16:08:29,649] DEBUG (BasicTypeRegistry.java:146).register - Adding type registration java.lang.Class -&gt; org.hibernate.type.ClassType@10fd228
[2014-10-08 16:08:29,650] DEBUG (BasicTypeRegistry.java:146).register - Adding type registration uuid-binary -&gt; org.hibernate.type.UUIDBinaryType@45682c
[2014-10-08 16:08:29,651] DEBUG (BasicTypeRegistry.java:146).register - Adding type registration java.util.UUID -&gt; org.hibernate.type.UUIDBinaryType@45682c
[2014-10-08 16:08:29,651] DEBUG (BasicTypeRegistry.java:146).register - Adding type registration uuid-char -&gt; org.hibernate.type.UUIDCharType@f4dd2b
[2014-10-08 16:08:29,652] DEBUG (BasicTypeRegistry.java:146).register - Adding type registration pg-uuid -&gt; org.hibernate.type.PostgresUUIDType@efbfe
[2014-10-08 16:08:29,653] DEBUG (BasicTypeRegistry.java:146).register - Adding type registration binary -&gt; org.hibernate.type.BinaryType@b5b4d1
[2014-10-08 16:08:29,653] DEBUG (BasicTypeRegistry.java:146).register - Adding type registration byte[] -&gt; org.hibernate.type.BinaryType@b5b4d1
[2014-10-08 16:08:29,653] DEBUG (BasicTypeRegistry.java:146).register - Adding type registration [B -&gt; org.hibernate.type.BinaryType@b5b4d1
[2014-10-08 16:08:29,654] DEBUG (BasicTypeRegistry.java:146).register - Adding type registration wrapper-binary -&gt; org.hibernate.type.WrapperBinaryType@734beb
[2014-10-08 16:08:29,654] DEBUG (BasicTypeRegistry.java:146).register - Adding type registration Byte[] -&gt; org.hibernate.type.WrapperBinaryType@734beb
[2014-10-08 16:08:29,655] DEBUG (BasicTypeRegistry.java:146).register - Adding type registration [Ljava.lang.Byte; -&gt; org.hibernate.type.WrapperBinaryType@734beb
[2014-10-08 16:08:29,655] DEBUG (BasicTypeRegistry.java:146).register - Adding type registration image -&gt; org.hibernate.type.ImageType@100187d
[2014-10-08 16:08:29,656] DEBUG (BasicTypeRegistry.java:146).register - Adding type registration characters -&gt; org.hibernate.type.CharArrayType@121ef78
[2014-10-08 16:08:29,656] DEBUG (BasicTypeRegistry.java:146).register - Adding type registration char[] -&gt; org.hibernate.type.CharArrayType@121ef78
[2014-10-08 16:08:29,657] DEBUG (BasicTypeRegistry.java:146).register - Adding type registration [C -&gt; org.hibernate.type.CharArrayType@121ef78
[2014-10-08 16:08:29,657] DEBUG (BasicTypeRegistry.java:146).register - Adding type registration wrapper-characters -&gt; org.hibernate.type.CharacterArrayType@1b3c169
[2014-10-08 16:08:29,658] DEBUG (BasicTypeRegistry.java:146).register - Adding type registration [Ljava.lang.Character; -&gt; org.hibernate.type.CharacterArrayType@1b3c169
[2014-10-08 16:08:29,658] DEBUG (BasicTypeRegistry.java:146).register - Adding type registration Character[] -&gt; org.hibernate.type.CharacterArrayType@1b3c169
[2014-10-08 16:08:29,658] DEBUG (BasicTypeRegistry.java:146).register - Adding type registration text -&gt; org.hibernate.type.TextType@803098
[2014-10-08 16:08:29,659] DEBUG (BasicTypeRegistry.java:146).register - Adding type registration ntext -&gt; org.hibernate.type.NTextType@11c413d
[2014-10-08 16:08:29,663] DEBUG (BasicTypeRegistry.java:146).register - Adding type registration blob -&gt; org.hibernate.type.BlobType@61ef35
[2014-10-08 16:08:29,663] DEBUG (BasicTypeRegistry.java:146).register - Adding type registration java.sql.Blob -&gt; org.hibernate.type.BlobType@61ef35
[2014-10-08 16:08:29,663] DEBUG (BasicTypeRegistry.java:146).register - Adding type registration materialized_blob -&gt; org.hibernate.type.MaterializedBlobType@1d42975
[2014-10-08 16:08:29,667] DEBUG (BasicTypeRegistry.java:146).register - Adding type registration clob -&gt; org.hibernate.type.ClobType@144c266
[2014-10-08 16:08:29,668] DEBUG (BasicTypeRegistry.java:146).register - Adding type registration java.sql.Clob -&gt; org.hibernate.type.ClobType@144c266
[2014-10-08 16:08:29,671] DEBUG (BasicTypeRegistry.java:146).register - Adding type registration nclob -&gt; org.hibernate.type.NClobType@13bcdc1
[2014-10-08 16:08:29,671] DEBUG (BasicTypeRegistry.java:146).register - Adding type registration java.sql.NClob -&gt; org.hibernate.type.NClobType@13bcdc1
[2014-10-08 16:08:29,672] DEBUG (BasicTypeRegistry.java:146).register - Adding type registration materialized_clob -&gt; org.hibernate.type.MaterializedClobType@2da39e
[2014-10-08 16:08:29,672] DEBUG (BasicTypeRegistry.java:146).register - Adding type registration materialized_nclob -&gt; org.hibernate.type.MaterializedNClobType@1c4893d
[2014-10-08 16:08:29,673] DEBUG (BasicTypeRegistry.java:146).register - Adding type registration serializable -&gt; org.hibernate.type.SerializableType@10d328
[2014-10-08 16:08:29,675] DEBUG (BasicTypeRegistry.java:146).register - Adding type registration object -&gt; org.hibernate.type.ObjectType@11e089d
[2014-10-08 16:08:29,675] DEBUG (BasicTypeRegistry.java:146).register - Adding type registration java.lang.Object -&gt; org.hibernate.type.ObjectType@11e089d
[2014-10-08 16:08:29,676] DEBUG (BasicTypeRegistry.java:146).register - Adding type registration imm_date -&gt; org.hibernate.type.AdaptedImmutableType@a8f5d0
[2014-10-08 16:08:29,676] DEBUG (BasicTypeRegistry.java:146).register - Adding type registration imm_time -&gt; org.hibernate.type.AdaptedImmutableType@a26164
[2014-10-08 16:08:29,676] DEBUG (BasicTypeRegistry.java:146).register - Adding type registration imm_timestamp -&gt; org.hibernate.type.AdaptedImmutableType@a82b22
[2014-10-08 16:08:29,676] DEBUG (BasicTypeRegistry.java:146).register - Adding type registration imm_dbtimestamp -&gt; org.hibernate.type.AdaptedImmutableType@a7e343
[2014-10-08 16:08:29,676] DEBUG (BasicTypeRegistry.java:146).register - Adding type registration imm_calendar -&gt; org.hibernate.type.AdaptedImmutableType@398091
[2014-10-08 16:08:29,677] DEBUG (BasicTypeRegistry.java:146).register - Adding type registration imm_calendar_date -&gt; org.hibernate.type.AdaptedImmutableType@127b3ce
[2014-10-08 16:08:29,677] DEBUG (BasicTypeRegistry.java:146).register - Adding type registration imm_binary -&gt; org.hibernate.type.AdaptedImmutableType@18dd67f
[2014-10-08 16:08:29,677] DEBUG (BasicTypeRegistry.java:146).register - Adding type registration imm_serializable -&gt; org.hibernate.type.AdaptedImmutableType@fd54a6
[2014-10-08 16:08:29,712] DEBUG (PathMatchingResourcePatternResolver.java:553).doFindMatchingFileSystemResources - Looking for matching resources in directory tree [C:\JSP\workspace\TMUHJ\target\test-classes\j\index]
[2014-10-08 16:08:29,713] DEBUG (PathMatchingResourcePatternResolver.java:615).doRetrieveMatchingFiles - Searching directory [C:\JSP\workspace\TMUHJ\target\test-classes\j\index] for files matching pattern [C:/JSP/workspace/TMUHJ/target/test-classes/j/index/**/entity/**/*.class]
[2014-10-08 16:08:29,713] DEBUG (PathMatchingResourcePatternResolver.java:615).doRetrieveMatchingFiles - Searching directory [C:\JSP\workspace\TMUHJ\target\test-classes\j\index\core] for files matching pattern [C:/JSP/workspace/TMUHJ/target/test-classes/j/index/**/entity/**/*.class]
[2014-10-08 16:08:29,714] DEBUG (PathMatchingResourcePatternResolver.java:615).doRetrieveMatchingFiles - Searching directory [C:\JSP\workspace\TMUHJ\target\test-classes\j\index\core\security] for files matching pattern [C:/JSP/workspace/TMUHJ/target/test-classes/j/index/**/entity/**/*.class]
[2014-10-08 16:08:29,714] DEBUG (PathMatchingResourcePatternResolver.java:615).doRetrieveMatchingFiles - Searching directory [C:\JSP\workspace\TMUHJ\target\test-classes\j\index\core\security\accountNumber] for files matching pattern [C:/JSP/workspace/TMUHJ/target/test-classes/j/index/**/entity/**/*.class]
[2014-10-08 16:08:29,714] DEBUG (PathMatchingResourcePatternResolver.java:615).doRetrieveMatchingFiles - Searching directory [C:\JSP\workspace\TMUHJ\target\test-classes\j\index\core\security\accountNumber\dao] for files matching pattern [C:/JSP/workspace/TMUHJ/target/test-classes/j/index/**/entity/**/*.class]
[2014-10-08 16:08:29,714] DEBUG (PathMatchingResourcePatternResolver.java:615).doRetrieveMatchingFiles - Searching directory [C:\JSP\workspace\TMUHJ\target\test-classes\j\index\core\security\accountNumber\service] for files matching pattern [C:/JSP/workspace/TMUHJ/target/test-classes/j/index/**/entity/**/*.class]
[2014-10-08 16:08:29,715] DEBUG (PathMatchingResourcePatternResolver.java:615).doRetrieveMatchingFiles - Searching directory [C:\JSP\workspace\TMUHJ\target\test-classes\j\index\core\util] for files matching pattern [C:/JSP/workspace/TMUHJ/target/test-classes/j/index/**/entity/**/*.class]
[2014-10-08 16:08:29,715] DEBUG (PathMatchingResourcePatternResolver.java:553).doFindMatchingFileSystemResources - Looking for matching resources in directory tree [C:\JSP\workspace\TMUHJ\target\classes\j\index]
[2014-10-08 16:08:29,715] DEBUG (PathMatchingResourcePatternResolver.java:615).doRetrieveMatchingFiles - Searching directory [C:\JSP\workspace\TMUHJ\target\classes\j\index] for files matching pattern [C:/JSP/workspace/TMUHJ/target/classes/j/index/**/entity/**/*.class]
[2014-10-08 16:08:29,715] DEBUG (PathMatchingResourcePatternResolver.java:615).doRetrieveMatchingFiles - Searching directory [C:\JSP\workspace\TMUHJ\target\classes\j\index\core] for files matching pattern [C:/JSP/workspace/TMUHJ/target/classes/j/index/**/entity/**/*.class]
[2014-10-08 16:08:29,716] DEBUG (PathMatchingResourcePatternResolver.java:615).doRetrieveMatchingFiles - Searching directory [C:\JSP\workspace\TMUHJ\target\classes\j\index\core\converter] for files matching pattern [C:/JSP/workspace/TMUHJ/target/classes/j/index/**/entity/**/*.class]
[2014-10-08 16:08:29,716] DEBUG (PathMatchingResourcePatternResolver.java:615).doRetrieveMatchingFiles - Searching directory [C:\JSP\workspace\TMUHJ\target\classes\j\index\core\dao] for files matching pattern [C:/JSP/workspace/TMUHJ/target/classes/j/index/**/entity/**/*.class]
[2014-10-08 16:08:29,717] DEBUG (PathMatchingResourcePatternResolver.java:615).doRetrieveMatchingFiles - Searching directory [C:\JSP\workspace\TMUHJ\target\classes\j\index\core\entity] for files matching pattern [C:/JSP/workspace/TMUHJ/target/classes/j/index/**/entity/**/*.class]
[2014-10-08 16:08:29,717] DEBUG (PathMatchingResourcePatternResolver.java:615).doRetrieveMatchingFiles - Searching directory [C:\JSP\workspace\TMUHJ\target\classes\j\index\core\enums] for files matching pattern [C:/JSP/workspace/TMUHJ/target/classes/j/index/**/entity/**/*.class]
[2014-10-08 16:08:29,717] DEBUG (PathMatchingResourcePatternResolver.java:615).doRetrieveMatchingFiles - Searching directory [C:\JSP\workspace\TMUHJ\target\classes\j\index\core\exception] for files matching pattern [C:/JSP/workspace/TMUHJ/target/classes/j/index/**/entity/**/*.class]
[2014-10-08 16:08:29,718] DEBUG (PathMatchingResourcePatternResolver.java:615).doRetrieveMatchingFiles - Searching directory [C:\JSP\workspace\TMUHJ\target\classes\j\index\core\interceptor] for files matching pattern [C:/JSP/workspace/TMUHJ/target/classes/j/index/**/entity/**/*.class]
[2014-10-08 16:08:29,718] DEBUG (PathMatchingResourcePatternResolver.java:615).doRetrieveMatchingFiles - Searching directory [C:\JSP\workspace\TMUHJ\target\classes\j\index\core\model] for files matching pattern [C:/JSP/workspace/TMUHJ/target/classes/j/index/**/entity/**/*.class]
[2014-10-08 16:08:29,718] DEBUG (PathMatchingResourcePatternResolver.java:615).doRetrieveMatchingFiles - Searching directory [C:\JSP\workspace\TMUHJ\target\classes\j\index\core\security] for files matching pattern [C:/JSP/workspace/TMUHJ/target/classes/j/index/**/entity/**/*.class]
[2014-10-08 16:08:29,718] DEBUG (PathMatchingResourcePatternResolver.java:615).doRetrieveMatchingFiles - Searching directory [C:\JSP\workspace\TMUHJ\target\classes\j\index\core\security\accountNumber] for files matching pattern [C:/JSP/workspace/TMUHJ/target/classes/j/index/**/entity/**/*.class]
[2014-10-08 16:08:29,719] DEBUG (PathMatchingResourcePatternResolver.java:615).doRetrieveMatchingFiles - Searching directory [C:\JSP\workspace\TMUHJ\target\classes\j\index\core\security\accountNumber\entity] for files matching pattern [C:/JSP/workspace/TMUHJ/target/classes/j/index/**/entity/**/*.class]
[2014-10-08 16:08:29,719] DEBUG (PathMatchingResourcePatternResolver.java:615).doRetrieveMatchingFiles - Searching directory [C:\JSP\workspace\TMUHJ\target\classes\j\index\core\security\accountNumber\service] for files matching pattern [C:/JSP/workspace/TMUHJ/target/classes/j/index/**/entity/**/*.class]
[2014-10-08 16:08:29,719] DEBUG (PathMatchingResourcePatternResolver.java:615).doRetrieveMatchingFiles - Searching directory [C:\JSP\workspace\TMUHJ\target\classes\j\index\core\service] for files matching pattern [C:/JSP/workspace/TMUHJ/target/classes/j/index/**/entity/**/*.class]
[2014-10-08 16:08:29,720] DEBUG (PathMatchingResourcePatternResolver.java:615).doRetrieveMatchingFiles - Searching directory [C:\JSP\workspace\TMUHJ\target\classes\j\index\core\tag] for files matching pattern [C:/JSP/workspace/TMUHJ/target/classes/j/index/**/entity/**/*.class]
[2014-10-08 16:08:29,720] DEBUG (PathMatchingResourcePatternResolver.java:615).doRetrieveMatchingFiles - Searching directory [C:\JSP\workspace\TMUHJ\target\classes\j\index\core\util] for files matching pattern [C:/JSP/workspace/TMUHJ/target/classes/j/index/**/entity/**/*.class]
[2014-10-08 16:08:29,720] DEBUG (PathMatchingResourcePatternResolver.java:615).doRetrieveMatchingFiles - Searching directory [C:\JSP\workspace\TMUHJ\target\classes\j\index\core\web] for files matching pattern [C:/JSP/workspace/TMUHJ/target/classes/j/index/**/entity/**/*.class]
[2014-10-08 16:08:29,721] DEBUG (PathMatchingResourcePatternResolver.java:615).doRetrieveMatchingFiles - Searching directory [C:\JSP\workspace\TMUHJ\target\classes\j\index\module] for files matching pattern [C:/JSP/workspace/TMUHJ/target/classes/j/index/**/entity/**/*.class]
[2014-10-08 16:08:29,721] DEBUG (PathMatchingResourcePatternResolver.java:615).doRetrieveMatchingFiles - Searching directory [C:\JSP\workspace\TMUHJ\target\classes\j\index\module\commons] for files matching pattern [C:/JSP/workspace/TMUHJ/target/classes/j/index/**/entity/**/*.class]
[2014-10-08 16:08:29,721] DEBUG (PathMatchingResourcePatternResolver.java:615).doRetrieveMatchingFiles - Searching directory [C:\JSP\workspace\TMUHJ\target\classes\j\index\module\commons\dao] for files matching pattern [C:/JSP/workspace/TMUHJ/target/classes/j/index/**/entity/**/*.class]
[2014-10-08 16:08:29,723] DEBUG (PathMatchingResourcePatternResolver.java:615).doRetrieveMatchingFiles - Searching directory [C:\JSP\workspace\TMUHJ\target\classes\j\index\module\commons\web] for files matching pattern [C:/JSP/workspace/TMUHJ/target/classes/j/index/**/entity/**/*.class]
[2014-10-08 16:08:29,724] DEBUG (PathMatchingResourcePatternResolver.java:615).doRetrieveMatchingFiles - Searching directory [C:\JSP\workspace\TMUHJ\target\classes\j\index\module\security] for files matching pattern [C:/JSP/workspace/TMUHJ/target/classes/j/index/**/entity/**/*.class]
[2014-10-08 16:08:29,724] DEBUG (PathMatchingResourcePatternResolver.java:615).doRetrieveMatchingFiles - Searching directory [C:\JSP\workspace\TMUHJ\target\classes\j\index\module\security\web] for files matching pattern [C:/JSP/workspace/TMUHJ/target/classes/j/index/**/entity/**/*.class]
[2014-10-08 16:08:29,724] DEBUG (PathMatchingResourcePatternResolver.java:615).doRetrieveMatchingFiles - Searching directory [C:\JSP\workspace\TMUHJ\target\classes\j\index\module\setting] for files matching pattern [C:/JSP/workspace/TMUHJ/target/classes/j/index/**/entity/**/*.class]
[2014-10-08 16:08:29,724] DEBUG (PathMatchingResourcePatternResolver.java:615).doRetrieveMatchingFiles - Searching directory [C:\JSP\workspace\TMUHJ\target\classes\j\index\module\setting\customer] for files matching pattern [C:/JSP/workspace/TMUHJ/target/classes/j/index/**/entity/**/*.class]
[2014-10-08 16:08:29,725] DEBUG (PathMatchingResourcePatternResolver.java:615).doRetrieveMatchingFiles - Searching directory [C:\JSP\workspace\TMUHJ\target\classes\j\index\module\setting\customer\entity] for files matching pattern [C:/JSP/workspace/TMUHJ/target/classes/j/index/**/entity/**/*.class]
[2014-10-08 16:08:29,725] DEBUG (PathMatchingResourcePatternResolver.java:615).doRetrieveMatchingFiles - Searching directory [C:\JSP\workspace\TMUHJ\target\classes\j\index\module\setting\customer\service] for files matching pattern [C:/JSP/workspace/TMUHJ/target/classes/j/index/**/entity/**/*.class]
[2014-10-08 16:08:29,725] DEBUG (PathMatchingResourcePatternResolver.java:615).doRetrieveMatchingFiles - Searching directory [C:\JSP\workspace\TMUHJ\target\classes\j\index\module\setting\database] for files matching pattern [C:/JSP/workspace/TMUHJ/target/classes/j/index/**/entity/**/*.class]
[2014-10-08 16:08:29,726] DEBUG (PathMatchingResourcePatternResolver.java:615).doRetrieveMatchingFiles - Searching directory [C:\JSP\workspace\TMUHJ\target\classes\j\index\module\setting\database\entity] for files matching pattern [C:/JSP/workspace/TMUHJ/target/classes/j/index/**/entity/**/*.class]
[2014-10-08 16:08:29,726] DEBUG (PathMatchingResourcePatternResolver.java:615).doRetrieveMatchingFiles - Searching directory [C:\JSP\workspace\TMUHJ\target\classes\j\index\module\setting\database\service] for files matching pattern [C:/JSP/workspace/TMUHJ/target/classes/j/index/**/entity/**/*.class]
[2014-10-08 16:08:29,726] DEBUG (PathMatchingResourcePatternResolver.java:615).doRetrieveMatchingFiles - Searching directory [C:\JSP\workspace\TMUHJ\target\classes\j\index\module\setting\ebook] for files matching pattern [C:/JSP/workspace/TMUHJ/target/classes/j/index/**/entity/**/*.class]
[2014-10-08 16:08:29,727] DEBUG (PathMatchingResourcePatternResolver.java:615).doRetrieveMatchingFiles - Searching directory [C:\JSP\workspace\TMUHJ\target\classes\j\index\module\setting\ebook\entity] for files matching pattern [C:/JSP/workspace/TMUHJ/target/classes/j/index/**/entity/**/*.class]
[2014-10-08 16:08:29,727] DEBUG (PathMatchingResourcePatternResolver.java:615).doRetrieveMatchingFiles - Searching directory [C:\JSP\workspace\TMUHJ\target\classes\j\index\module\setting\ebook\service] for files matching pattern [C:/JSP/workspace/TMUHJ/target/classes/j/index/**/entity/**/*.class]
[2014-10-08 16:08:29,727] DEBUG (PathMatchingResourcePatternResolver.java:615).doRetrieveMatchingFiles - Searching directory [C:\JSP\workspace\TMUHJ\target\classes\j\index\module\setting\journal] for files matching pattern [C:/JSP/workspace/TMUHJ/target/classes/j/index/**/entity/**/*.class]
[2014-10-08 16:08:29,728] DEBUG (PathMatchingResourcePatternResolver.java:615).doRetrieveMatchingFiles - Searching directory [C:\JSP\workspace\TMUHJ\target\classes\j\index\module\setting\journal\entity] for files matching pattern [C:/JSP/workspace/TMUHJ/target/classes/j/index/**/entity/**/*.class]
[2014-10-08 16:08:29,728] DEBUG (PathMatchingResourcePatternResolver.java:615).doRetrieveMatchingFiles - Searching directory [C:\JSP\workspace\TMUHJ\target\classes\j\index\module\setting\journal\service] for files matching pattern [C:/JSP/workspace/TMUHJ/target/classes/j/index/**/entity/**/*.class]
[2014-10-08 16:08:29,728] DEBUG (PathMatchingResourcePatternResolver.java:615).doRetrieveMatchingFiles - Searching directory [C:\JSP\workspace\TMUHJ\target\classes\j\index\module\setting\search] for files matching pattern [C:/JSP/workspace/TMUHJ/target/classes/j/index/**/entity/**/*.class]
[2014-10-08 16:08:29,729] DEBUG (PathMatchingResourcePatternResolver.java:615).doRetrieveMatchingFiles - Searching directory [C:\JSP\workspace\TMUHJ\target\classes\j\index\module\setting\search\entity] for files matching pattern [C:/JSP/workspace/TMUHJ/target/classes/j/index/**/entity/**/*.class]
[2014-10-08 16:08:29,729] DEBUG (PathMatchingResourcePatternResolver.java:615).doRetrieveMatchingFiles - Searching directory [C:\JSP\workspace\TMUHJ\target\classes\j\index\module\setting\search\service] for files matching pattern [C:/JSP/workspace/TMUHJ/target/classes/j/index/**/entity/**/*.class]
[2014-10-08 16:08:29,729] DEBUG (PathMatchingResourcePatternResolver.java:354).findPathMatchingResources - Resolved location pattern [classpath*:j/index/**/entity/**/*.class] to resources [file [C:\JSP\workspace\TMUHJ\target\classes\j\index\core\entity\Entity.class], file [C:\JSP\workspace\TMUHJ\target\classes\j\index\core\entity\GenericEntity.class], file [C:\JSP\workspace\TMUHJ\target\classes\j\index\core\security\accountNumber\entity\AccountNumber.class], file [C:\JSP\workspace\TMUHJ\target\classes\j\index\core\security\accountNumber\entity\AccountNumberDao.class], file [C:\JSP\workspace\TMUHJ\target\classes\j\index\module\setting\customer\entity\Customer.class], file [C:\JSP\workspace\TMUHJ\target\classes\j\index\module\setting\customer\entity\CustomerDao.class], file [C:\JSP\workspace\TMUHJ\target\classes\j\index\module\setting\database\entity\Database.class], file [C:\JSP\workspace\TMUHJ\target\classes\j\index\module\setting\database\entity\DatabaseDao.class], file [C:\JSP\workspace\TMUHJ\target\classes\j\index\module\setting\ebook\entity\Ebook.class], file [C:\JSP\workspace\TMUHJ\target\classes\j\index\module\setting\ebook\entity\EbookDao.class], file [C:\JSP\workspace\TMUHJ\target\classes\j\index\module\setting\journal\entity\Journal.class], file [C:\JSP\workspace\TMUHJ\target\classes\j\index\module\setting\journal\entity\JournalDao.class], file [C:\JSP\workspace\TMUHJ\target\classes\j\index\module\setting\search\entity\Search.class], file [C:\JSP\workspace\TMUHJ\target\classes\j\index\module\setting\search\entity\SearchDao.class]]
[2014-10-08 16:08:29,896] WARN  (JdbcServicesImpl.java:204).configure - HHH000342: Could not obtain connection to query metadata : You have an error in your SQL syntax; check the manual that corresponds to your MariaDB server version for the right syntax to use near &apos;index&apos; at line 1
[2014-10-08 16:08:30,242] ERROR (SchemaExport.java:385).execute - HHH000231: Schema export unsuccessful
java.sql.SQLSyntaxErrorException: You have an error in your SQL syntax; check the manual that corresponds to your MariaDB server version for the right syntax to use near &apos;index&apos; at line 1
	at org.mariadb.jdbc.internal.SQLExceptionMapper.get(SQLExceptionMapper.java:138)
	at org.mariadb.jdbc.internal.SQLExceptionMapper.throwException(SQLExceptionMapper.java:106)
	at org.mariadb.jdbc.Driver.connect(Driver.java:114)
	at org.apache.commons.dbcp.DriverConnectionFactory.createConnection(DriverConnectionFactory.java:82)
	at org.apache.commons.dbcp.PoolableConnectionFactory.makeObject(PoolableConnectionFactory.java:256)
	at org.apache.commons.pool.impl.GenericObjectPool.borrowObject(GenericObjectPool.java:816)
	at org.apache.commons.dbcp.PoolingDataSource.getConnection(PoolingDataSource.java:115)
	at org.apache.commons.dbcp.BasicDataSource.getConnection(BasicDataSource.java:430)
	at org.hibernate.engine.jdbc.connections.internal.DatasourceConnectionProviderImpl.getConnection(DatasourceConnectionProviderImpl.java:139)
	at org.hibernate.tool.hbm2ddl.SuppliedConnectionProviderConnectionHelper.prepare(SuppliedConnectionProviderConnectionHelper.java:51)
	at org.hibernate.tool.hbm2ddl.DatabaseExporter.&lt;init&gt;(DatabaseExporter.java:52)
	at org.hibernate.tool.hbm2ddl.SchemaExport.execute(SchemaExport.java:367)
	at org.hibernate.tool.hbm2ddl.SchemaExport.create(SchemaExport.java:304)
	at org.hibernate.tool.hbm2ddl.SchemaExport.create(SchemaExport.java:293)
	at org.hibernate.internal.SessionFactoryImpl.&lt;init&gt;(SessionFactoryImpl.java:516)
	at org.hibernate.cfg.Configuration.buildSessionFactory(Configuration.java:1857)
	at org.hibernate.cfg.Configuration.buildSessionFactory(Configuration.java:1928)
	at org.springframework.orm.hibernate4.LocalSessionFactoryBuilder.buildSessionFactory(LocalSessionFactoryBuilder.java:343)
	at org.springframework.orm.hibernate4.LocalSessionFactoryBean.buildSessionFactory(LocalSessionFactoryBean.java:431)
	at org.springframework.orm.hibernate4.LocalSessionFactoryBean.afterPropertiesSet(LocalSessionFactoryBean.java:416)
	at org.springframework.beans.factory.support.AbstractAutowireCapableBeanFactory.invokeInitMethods(AbstractAutowireCapableBeanFactory.java:1612)
	at org.springframework.beans.factory.support.AbstractAutowireCapableBeanFactory.initializeBean(AbstractAutowireCapableBeanFactory.java:1549)
	at org.springframework.beans.factory.support.AbstractAutowireCapableBeanFactory.doCreateBean(AbstractAutowireCapableBeanFactory.java:539)
	at org.springframework.beans.factory.support.AbstractAutowireCapableBeanFactory.createBean(AbstractAutowireCapableBeanFactory.java:475)
	at org.springframework.beans.factory.support.AbstractBeanFactory$1.getObject(AbstractBeanFactory.java:304)
	at org.springframework.beans.factory.support.DefaultSingletonBeanRegistry.getSingleton(DefaultSingletonBeanRegistry.java:228)
	at org.springframework.beans.factory.support.AbstractBeanFactory.doGetBean(AbstractBeanFactory.java:300)
	at org.springframework.beans.factory.support.AbstractBeanFactory.getBean(AbstractBeanFactory.java:195)
	at org.springframework.beans.factory.support.DefaultListableBeanFactory.findAutowireCandidates(DefaultListableBeanFactory.java:1014)
	at org.springframework.beans.factory.support.DefaultListableBeanFactory.doResolveDependency(DefaultListableBeanFactory.java:957)
	at org.springframework.beans.factory.support.DefaultListableBeanFactory.resolveDependency(DefaultListableBeanFactory.java:855)
	at org.springframework.beans.factory.annotation.AutowiredAnnotationBeanPostProcessor$AutowiredFieldElement.inject(AutowiredAnnotationBeanPostProcessor.java:480)
	at org.springframework.beans.factory.annotation.InjectionMetadata.inject(InjectionMetadata.java:87)
	at org.springframework.beans.factory.annotation.AutowiredAnnotationBeanPostProcessor.postProcessPropertyValues(AutowiredAnnotationBeanPostProcessor.java:289)
	at org.springframework.beans.factory.support.AbstractAutowireCapableBeanFactory.populateBean(AbstractAutowireCapableBeanFactory.java:1185)
	at org.springframework.beans.factory.support.AbstractAutowireCapableBeanFactory.doCreateBean(AbstractAutowireCapableBeanFactory.java:537)
	at org.springframework.beans.factory.support.AbstractAutowireCapableBeanFactory.createBean(AbstractAutowireCapableBeanFactory.java:475)
	at org.springframework.beans.factory.support.AbstractBeanFactory$1.getObject(AbstractBeanFactory.java:304)
	at org.springframework.beans.factory.support.DefaultSingletonBeanRegistry.getSingleton(DefaultSingletonBeanRegistry.java:228)
	at org.springframework.beans.factory.support.AbstractBeanFactory.doGetBean(AbstractBeanFactory.java:300)
	at org.springframework.beans.factory.support.AbstractBeanFactory.getBean(AbstractBeanFactory.java:195)
	at org.springframework.beans.factory.support.DefaultListableBeanFactory.preInstantiateSingletons(DefaultListableBeanFactory.java:700)
	at org.springframework.context.support.AbstractApplicationContext.finishBeanFactoryInitialization(AbstractApplicationContext.java:760)
	at org.springframework.context.support.AbstractApplicationContext.refresh(AbstractApplicationContext.java:482)
	at org.springframework.test.context.support.AbstractGenericContextLoader.loadContext(AbstractGenericContextLoader.java:121)
	at org.springframework.test.context.support.AbstractGenericContextLoader.loadContext(AbstractGenericContextLoader.java:60)
	at org.springframework.test.context.support.AbstractDelegatingSmartContextLoader.delegateLoading(AbstractDelegatingSmartContextLoader.java:100)
	at org.springframework.test.context.support.AbstractDelegatingSmartContextLoader.loadContext(AbstractDelegatingSmartContextLoader.java:250)
	at org.springframework.test.context.CacheAwareContextLoaderDelegate.loadContextInternal(CacheAwareContextLoaderDelegate.java:64)
	at org.springframework.test.context.CacheAwareContextLoaderDelegate.loadContext(CacheAwareContextLoaderDelegate.java:91)
	at org.springframework.test.context.DefaultTestContext.getApplicationContext(DefaultTestContext.java:101)
	at org.springframework.test.context.support.DependencyInjectionTestExecutionListener.injectDependencies(DependencyInjectionTestExecutionListener.java:109)
	at org.springframework.test.context.support.DependencyInjectionTestExecutionListener.prepareTestInstance(DependencyInjectionTestExecutionListener.java:75)
	at org.springframework.test.context.TestContextManager.prepareTestInstance(TestContextManager.java:319)
	at org.springframework.test.context.junit4.SpringJUnit4ClassRunner.createTest(SpringJUnit4ClassRunner.java:212)
	at org.springframework.test.context.junit4.SpringJUnit4ClassRunner$1.runReflectiveCall(SpringJUnit4ClassRunner.java:289)
	at org.junit.internal.runners.model.ReflectiveCallable.run(ReflectiveCallable.java:12)
	at org.springframework.test.context.junit4.SpringJUnit4ClassRunner.methodBlock(SpringJUnit4ClassRunner.java:291)
	at org.springframework.test.context.junit4.SpringJUnit4ClassRunner.runChild(SpringJUnit4ClassRunner.java:232)
	at org.springframework.test.context.junit4.SpringJUnit4ClassRunner.runChild(SpringJUnit4ClassRunner.java:89)
	at org.junit.runners.ParentRunner$3.run(ParentRunner.java:238)
	at org.junit.runners.ParentRunner$1.schedule(ParentRunner.java:63)
	at org.junit.runners.ParentRunner.runChildren(ParentRunner.java:236)
	at org.junit.runners.ParentRunner.access$000(ParentRunner.java:53)
	at org.junit.runners.ParentRunner$2.evaluate(ParentRunner.java:229)
	at org.springframework.test.context.junit4.statements.RunBeforeTestClassCallbacks.evaluate(RunBeforeTestClassCallbacks.java:61)
	at org.springframework.test.context.junit4.statements.RunAfterTestClassCallbacks.evaluate(RunAfterTestClassCallbacks.java:71)
	at org.junit.runners.ParentRunner.run(ParentRunner.java:309)
	at org.springframework.test.context.junit4.SpringJUnit4ClassRunner.run(SpringJUnit4ClassRunner.java:175)
	at org.apache.maven.surefire.junit4.JUnit4TestSet.execute(JUnit4TestSet.java:53)
	at org.apache.maven.surefire.junit4.JUnit4Provider.executeTestSet(JUnit4Provider.java:123)
	at org.apache.maven.surefire.junit4.JUnit4Provider.invoke(JUnit4Provider.java:104)
	at sun.reflect.NativeMethodAccessorImpl.invoke0(Native Method)
	at sun.reflect.NativeMethodAccessorImpl.invoke(Unknown Source)
	at sun.reflect.DelegatingMethodAccessorImpl.invoke(Unknown Source)
	at java.lang.reflect.Method.invoke(Unknown Source)
	at org.apache.maven.surefire.util.ReflectionUtils.invokeMethodWithArray(ReflectionUtils.java:164)
	at org.apache.maven.surefire.booter.ProviderFactory$ProviderProxy.invoke(ProviderFactory.java:110)
	at org.apache.maven.surefire.booter.SurefireStarter.invokeProvider(SurefireStarter.java:175)
	at org.apache.maven.surefire.booter.SurefireStarter.runSuitesInProcessWhenForked(SurefireStarter.java:107)
	at org.apache.maven.surefire.booter.ForkedBooter.main(ForkedBooter.java:68)
Caused by: org.mariadb.jdbc.internal.common.QueryException: You have an error in your SQL syntax; check the manual that corresponds to your MariaDB server version for the right syntax to use near &apos;index&apos; at line 1
	at org.mariadb.jdbc.internal.mysql.MySQLProtocol.getResult(MySQLProtocol.java:942)
	at org.mariadb.jdbc.internal.mysql.MySQLProtocol.executeQuery(MySQLProtocol.java:991)
	at org.mariadb.jdbc.internal.mysql.MySQLProtocol.executeQuery(MySQLProtocol.java:886)
	at org.mariadb.jdbc.internal.mysql.MySQLProtocol.connect(MySQLProtocol.java:504)
	at org.mariadb.jdbc.internal.mysql.MySQLProtocol.connect(MySQLProtocol.java:673)
	at org.mariadb.jdbc.internal.mysql.MySQLProtocol.&lt;init&gt;(MySQLProtocol.java:266)
	at org.mariadb.jdbc.Driver.connect(Driver.java:110)
	... 78 more
[2014-10-08 16:08:30,250] DEBUG (AbstractBeanFactory.java:249).doGetBean - Returning cached instance of singleton bean &apos;org.springframework.aop.support.DefaultBeanFactoryPointcutAdvisor#0&apos;
[2014-10-08 16:08:30,251] DEBUG (AbstractBeanFactory.java:249).doGetBean - Returning cached instance of singleton bean &apos;org.springframework.aop.support.DefaultBeanFactoryPointcutAdvisor#0&apos;
[2014-10-08 16:08:30,258] DEBUG (AbstractAutowireCapableBeanFactory.java:477).createBean - Finished creating instance of bean &apos;sessionFactory&apos;
[2014-10-08 16:08:30,258] DEBUG (AbstractBeanFactory.java:249).doGetBean - Returning cached instance of singleton bean &apos;org.springframework.aop.support.DefaultBeanFactoryPointcutAdvisor#0&apos;
[2014-10-08 16:08:30,258] DEBUG (AbstractBeanFactory.java:249).doGetBean - Returning cached instance of singleton bean &apos;org.springframework.aop.support.DefaultBeanFactoryPointcutAdvisor#0&apos;
[2014-10-08 16:08:30,274] DEBUG (AutowiredAnnotationBeanPostProcessor.java:427).registerDependentBeans - Autowiring by type from bean name &apos;accountNumberDao&apos; to bean named &apos;sessionFactory&apos;
[2014-10-08 16:08:30,275] DEBUG (AbstractBeanFactory.java:249).doGetBean - Returning cached instance of singleton bean &apos;org.springframework.aop.support.DefaultBeanFactoryPointcutAdvisor#0&apos;
[2014-10-08 16:08:30,275] DEBUG (AbstractBeanFactory.java:249).doGetBean - Returning cached instance of singleton bean &apos;org.springframework.aop.support.DefaultBeanFactoryPointcutAdvisor#0&apos;
[2014-10-08 16:08:30,281] DEBUG (AbstractAutowireCapableBeanFactory.java:477).createBean - Finished creating instance of bean &apos;accountNumberDao&apos;
[2014-10-08 16:08:30,281] DEBUG (DefaultSingletonBeanRegistry.java:220).getSingleton - Creating shared instance of singleton bean &apos;accountNumberService&apos;
[2014-10-08 16:08:30,281] DEBUG (AbstractAutowireCapableBeanFactory.java:449).createBean - Creating instance of bean &apos;accountNumberService&apos;
[2014-10-08 16:08:30,281] DEBUG (AbstractBeanFactory.java:249).doGetBean - Returning cached instance of singleton bean &apos;org.springframework.aop.support.DefaultBeanFactoryPointcutAdvisor#0&apos;
[2014-10-08 16:08:30,283] DEBUG (InjectionMetadata.java:71).checkConfigMembers - Registered injected element on class [j.index.core.security.accountNumber.service.AccountNumberService]: AutowiredFieldElement for private j.index.core.security.accountNumber.entity.AccountNumberDao j.index.core.service.GenericService.userDao
[2014-10-08 16:08:30,283] DEBUG (InjectionMetadata.java:71).checkConfigMembers - Registered injected element on class [j.index.core.security.accountNumber.service.AccountNumberService]: AutowiredFieldElement for private j.index.core.security.accountNumber.entity.AccountNumberDao j.index.core.security.accountNumber.service.AccountNumberService.dao
[2014-10-08 16:08:30,283] DEBUG (AbstractAutowireCapableBeanFactory.java:523).doCreateBean - Eagerly caching bean &apos;accountNumberService&apos; to allow for resolving potential circular references
[2014-10-08 16:08:30,286] DEBUG (InjectionMetadata.java:85).inject - Processing injected method of bean &apos;accountNumberService&apos;: AutowiredFieldElement for private j.index.core.security.accountNumber.entity.AccountNumberDao j.index.core.service.GenericService.userDao
[2014-10-08 16:08:30,286] DEBUG (AbstractBeanFactory.java:249).doGetBean - Returning cached instance of singleton bean &apos;accountNumberDao&apos;
[2014-10-08 16:08:30,286] DEBUG (AutowiredAnnotationBeanPostProcessor.java:427).registerDependentBeans - Autowiring by type from bean name &apos;accountNumberService&apos; to bean named &apos;accountNumberDao&apos;
[2014-10-08 16:08:30,286] DEBUG (InjectionMetadata.java:85).inject - Processing injected method of bean &apos;accountNumberService&apos;: AutowiredFieldElement for private j.index.core.security.accountNumber.entity.AccountNumberDao j.index.core.security.accountNumber.service.AccountNumberService.dao
[2014-10-08 16:08:30,287] DEBUG (AbstractBeanFactory.java:249).doGetBean - Returning cached instance of singleton bean &apos;accountNumberDao&apos;
[2014-10-08 16:08:30,287] DEBUG (AutowiredAnnotationBeanPostProcessor.java:427).registerDependentBeans - Autowiring by type from bean name &apos;accountNumberService&apos; to bean named &apos;accountNumberDao&apos;
[2014-10-08 16:08:30,287] DEBUG (AbstractBeanFactory.java:249).doGetBean - Returning cached instance of singleton bean &apos;org.springframework.aop.support.DefaultBeanFactoryPointcutAdvisor#0&apos;
[2014-10-08 16:08:30,287] DEBUG (AbstractBeanFactory.java:249).doGetBean - Returning cached instance of singleton bean &apos;org.springframework.aop.support.DefaultBeanFactoryPointcutAdvisor#0&apos;
[2014-10-08 16:08:30,288] DEBUG (DefaultSingletonBeanRegistry.java:220).getSingleton - Creating shared instance of singleton bean &apos;txAdvice&apos;
[2014-10-08 16:08:30,288] DEBUG (AbstractAutowireCapableBeanFactory.java:449).createBean - Creating instance of bean &apos;txAdvice&apos;
[2014-10-08 16:08:30,290] DEBUG (AbstractAutowireCapableBeanFactory.java:523).doCreateBean - Eagerly caching bean &apos;txAdvice&apos; to allow for resolving potential circular references
[2014-10-08 16:08:30,292] DEBUG (DefaultSingletonBeanRegistry.java:220).getSingleton - Creating shared instance of singleton bean &apos;transactionManager&apos;
[2014-10-08 16:08:30,292] DEBUG (AbstractAutowireCapableBeanFactory.java:449).createBean - Creating instance of bean &apos;transactionManager&apos;
[2014-10-08 16:08:30,292] DEBUG (AbstractBeanFactory.java:249).doGetBean - Returning cached instance of singleton bean &apos;org.springframework.aop.support.DefaultBeanFactoryPointcutAdvisor#0&apos;
[2014-10-08 16:08:30,297] DEBUG (AbstractAutowireCapableBeanFactory.java:523).doCreateBean - Eagerly caching bean &apos;transactionManager&apos; to allow for resolving potential circular references
[2014-10-08 16:08:30,300] DEBUG (AbstractBeanFactory.java:249).doGetBean - Returning cached instance of singleton bean &apos;sessionFactory&apos;
[2014-10-08 16:08:30,300] DEBUG (AbstractAutowireCapableBeanFactory.java:1595).invokeInitMethods - Invoking afterPropertiesSet() on bean with name &apos;transactionManager&apos;
[2014-10-08 16:08:30,306] INFO  (HibernateTransactionManager.java:339).afterPropertiesSet - Using DataSource [org.apache.commons.dbcp.BasicDataSource@b59d6e] of Hibernate SessionFactory for HibernateTransactionManager
[2014-10-08 16:08:30,307] DEBUG (AbstractBeanFactory.java:249).doGetBean - Returning cached instance of singleton bean &apos;org.springframework.aop.support.DefaultBeanFactoryPointcutAdvisor#0&apos;
[2014-10-08 16:08:30,307] DEBUG (AbstractBeanFactory.java:249).doGetBean - Returning cached instance of singleton bean &apos;org.springframework.aop.support.DefaultBeanFactoryPointcutAdvisor#0&apos;
[2014-10-08 16:08:30,311] DEBUG (AbstractAutowireCapableBeanFactory.java:477).createBean - Finished creating instance of bean &apos;transactionManager&apos;
[2014-10-08 16:08:30,311] DEBUG (AbstractAutowireCapableBeanFactory.java:449).createBean - Creating instance of bean &apos;(inner bean)&apos;
[2014-10-08 16:08:30,311] DEBUG (AbstractBeanFactory.java:249).doGetBean - Returning cached instance of singleton bean &apos;org.springframework.aop.support.DefaultBeanFactoryPointcutAdvisor#0&apos;
[2014-10-08 16:08:30,314] DEBUG (NameMatchTransactionAttributeSource.java:96).addTransactionalMethod - Adding transactional method [save*] with attribute [PROPAGATION_REQUIRED,ISOLATION_DEFAULT]
[2014-10-08 16:08:30,314] DEBUG (NameMatchTransactionAttributeSource.java:96).addTransactionalMethod - Adding transactional method [add*] with attribute [PROPAGATION_REQUIRED,ISOLATION_DEFAULT]
[2014-10-08 16:08:30,314] DEBUG (NameMatchTransactionAttributeSource.java:96).addTransactionalMethod - Adding transactional method [create*] with attribute [PROPAGATION_REQUIRED,ISOLATION_DEFAULT]
[2014-10-08 16:08:30,315] DEBUG (NameMatchTransactionAttributeSource.java:96).addTransactionalMethod - Adding transactional method [insert*] with attribute [PROPAGATION_REQUIRED,ISOLATION_DEFAULT]
[2014-10-08 16:08:30,315] DEBUG (NameMatchTransactionAttributeSource.java:96).addTransactionalMethod - Adding transactional method [update*] with attribute [PROPAGATION_REQUIRED,ISOLATION_DEFAULT]
[2014-10-08 16:08:30,315] DEBUG (NameMatchTransactionAttributeSource.java:96).addTransactionalMethod - Adding transactional method [edit*] with attribute [PROPAGATION_REQUIRED,ISOLATION_DEFAULT]
[2014-10-08 16:08:30,315] DEBUG (NameMatchTransactionAttributeSource.java:96).addTransactionalMethod - Adding transactional method [merge*] with attribute [PROPAGATION_REQUIRED,ISOLATION_DEFAULT]
[2014-10-08 16:08:30,315] DEBUG (NameMatchTransactionAttributeSource.java:96).addTransactionalMethod - Adding transactional method [delete*] with attribute [PROPAGATION_REQUIRED,ISOLATION_DEFAULT]
[2014-10-08 16:08:30,315] DEBUG (NameMatchTransactionAttributeSource.java:96).addTransactionalMethod - Adding transactional method [remove*] with attribute [PROPAGATION_REQUIRED,ISOLATION_DEFAULT]
[2014-10-08 16:08:30,316] DEBUG (NameMatchTransactionAttributeSource.java:96).addTransactionalMethod - Adding transactional method [put*] with attribute [PROPAGATION_REQUIRED,ISOLATION_DEFAULT]
[2014-10-08 16:08:30,316] DEBUG (NameMatchTransactionAttributeSource.java:96).addTransactionalMethod - Adding transactional method [use*] with attribute [PROPAGATION_REQUIRED,ISOLATION_DEFAULT]
[2014-10-08 16:08:30,316] DEBUG (NameMatchTransactionAttributeSource.java:96).addTransactionalMethod - Adding transactional method [get*] with attribute [PROPAGATION_REQUIRED,ISOLATION_DEFAULT,readOnly]
[2014-10-08 16:08:30,316] DEBUG (NameMatchTransactionAttributeSource.java:96).addTransactionalMethod - Adding transactional method [find*] with attribute [PROPAGATION_REQUIRED,ISOLATION_DEFAULT,readOnly]
[2014-10-08 16:08:30,316] DEBUG (NameMatchTransactionAttributeSource.java:96).addTransactionalMethod - Adding transactional method [select*] with attribute [PROPAGATION_REQUIRED,ISOLATION_DEFAULT,readOnly]
[2014-10-08 16:08:30,317] DEBUG (NameMatchTransactionAttributeSource.java:96).addTransactionalMethod - Adding transactional method [query*] with attribute [PROPAGATION_REQUIRED,ISOLATION_DEFAULT,readOnly]
[2014-10-08 16:08:30,317] DEBUG (NameMatchTransactionAttributeSource.java:96).addTransactionalMethod - Adding transactional method [count*] with attribute [PROPAGATION_REQUIRED,ISOLATION_DEFAULT,readOnly]
[2014-10-08 16:08:30,317] DEBUG (NameMatchTransactionAttributeSource.java:96).addTransactionalMethod - Adding transactional method [list*] with attribute [PROPAGATION_REQUIRED,ISOLATION_DEFAULT,readOnly]
[2014-10-08 16:08:30,317] DEBUG (NameMatchTransactionAttributeSource.java:96).addTransactionalMethod - Adding transactional method [*] with attribute [PROPAGATION_REQUIRED,ISOLATION_DEFAULT]
[2014-10-08 16:08:30,317] DEBUG (AbstractBeanFactory.java:249).doGetBean - Returning cached instance of singleton bean &apos;org.springframework.aop.support.DefaultBeanFactoryPointcutAdvisor#0&apos;
[2014-10-08 16:08:30,317] DEBUG (AbstractBeanFactory.java:249).doGetBean - Returning cached instance of singleton bean &apos;org.springframework.aop.support.DefaultBeanFactoryPointcutAdvisor#0&apos;
[2014-10-08 16:08:30,318] DEBUG (AbstractAutowireCapableBeanFactory.java:477).createBean - Finished creating instance of bean &apos;(inner bean)&apos;
[2014-10-08 16:08:30,319] DEBUG (AbstractAutowireCapableBeanFactory.java:1595).invokeInitMethods - Invoking afterPropertiesSet() on bean with name &apos;txAdvice&apos;
[2014-10-08 16:08:30,319] DEBUG (AbstractAutowireCapableBeanFactory.java:477).createBean - Finished creating instance of bean &apos;txAdvice&apos;
[2014-10-08 16:08:30,323] DEBUG (AbstractAutoProxyCreator.java:593).buildAdvisors - Creating implicit proxy for bean &apos;accountNumberService&apos; with 0 common interceptors and 2 specific interceptors
[2014-10-08 16:08:30,327] DEBUG (CglibAopProxy.java:158).getProxy - Creating CGLIB proxy: target source is SingletonTargetSource for target object [j.index.core.security.accountNumber.service.AccountNumberService@13aa544]
[2014-10-08 16:08:30,368] DEBUG (CglibAopProxy.java:804).accept - Must expose proxy on advised method: public j.index.core.model.DataSet j.index.core.security.accountNumber.service.AccountNumberService.getByRestrictions(j.index.core.model.DataSet) throws java.lang.Exception
[2014-10-08 16:08:30,369] DEBUG (CglibAopProxy.java:804).accept - Must expose proxy on advised method: protected j.index.core.dao.GenericDao j.index.core.security.accountNumber.service.AccountNumberService.getDao()
[2014-10-08 16:08:30,369] DEBUG (CglibAopProxy.java:804).accept - Must expose proxy on advised method: public java.lang.Boolean j.index.core.security.accountNumber.service.AccountNumberService.checkUser(j.index.core.security.accountNumber.entity.AccountNumber) throws java.lang.Exception
[2014-10-08 16:08:30,370] DEBUG (CglibAopProxy.java:804).accept - Must expose proxy on advised method: public j.index.core.entity.GenericEntity j.index.core.security.accountNumber.service.AccountNumberService.save(j.index.core.entity.GenericEntity,j.index.core.security.accountNumber.entity.AccountNumber) throws java.lang.Exception
[2014-10-08 16:08:30,370] DEBUG (CglibAopProxy.java:804).accept - Must expose proxy on advised method: public j.index.core.security.accountNumber.entity.AccountNumber j.index.core.security.accountNumber.service.AccountNumberService.save(j.index.core.security.accountNumber.entity.AccountNumber,j.index.core.security.accountNumber.entity.AccountNumber) throws java.lang.Exception
[2014-10-08 16:08:30,370] DEBUG (CglibAopProxy.java:804).accept - Must expose proxy on advised method: public void j.index.core.service.GenericService.deleteBySerNo(java.lang.Long) throws java.lang.Exception
[2014-10-08 16:08:30,370] DEBUG (CglibAopProxy.java:804).accept - Must expose proxy on advised method: public void j.index.core.service.GenericService.makeUserInfo(java.util.List) throws java.lang.Exception
[2014-10-08 16:08:30,370] DEBUG (CglibAopProxy.java:804).accept - Must expose proxy on advised method: public j.index.core.entity.GenericEntity j.index.core.service.GenericService.getBySerNo(java.lang.Long) throws java.lang.Exception
[2014-10-08 16:08:30,371] DEBUG (CglibAopProxy.java:804).accept - Must expose proxy on advised method: public j.index.core.entity.Entity j.index.core.service.GenericService.getBySerNo(java.lang.Long) throws java.lang.Exception
[2014-10-08 16:08:30,371] DEBUG (CglibAopProxy.java:804).accept - Must expose proxy on advised method: public j.index.core.entity.Entity j.index.core.service.GenericService.save(j.index.core.entity.Entity,j.index.core.security.accountNumber.entity.AccountNumber) throws java.lang.Exception
[2014-10-08 16:08:30,371] DEBUG (CglibAopProxy.java:804).accept - Must expose proxy on advised method: public j.index.core.security.accountNumber.entity.AccountNumber j.index.core.service.GenericService.getUserInfo(java.lang.Long) throws java.lang.Exception
[2014-10-08 16:08:30,371] DEBUG (CglibAopProxy.java:804).accept - Must expose proxy on advised method: public j.index.core.entity.Entity j.index.core.service.GenericService.update(j.index.core.entity.Entity,j.index.core.security.accountNumber.entity.AccountNumber) throws java.lang.Exception
[2014-10-08 16:08:30,372] DEBUG (CglibAopProxy.java:804).accept - Must expose proxy on advised method: public j.index.core.entity.Entity j.index.core.service.GenericService.update(j.index.core.entity.Entity,j.index.core.security.accountNumber.entity.AccountNumber,java.lang.String[]) throws java.lang.Exception
[2014-10-08 16:08:30,372] DEBUG (CglibAopProxy.java:804).accept - Must expose proxy on advised method: public j.index.core.entity.GenericEntity j.index.core.service.GenericService.update(j.index.core.entity.GenericEntity,j.index.core.security.accountNumber.entity.AccountNumber,java.lang.String[]) throws java.lang.Exception
[2014-10-08 16:08:30,372] DEBUG (CglibAopProxy.java:804).accept - Must expose proxy on advised method: public j.index.core.entity.GenericEntity j.index.core.service.GenericService.update(j.index.core.entity.GenericEntity,j.index.core.security.accountNumber.entity.AccountNumber) throws java.lang.Exception
[2014-10-08 16:08:30,372] DEBUG (CglibAopProxy.java:790).accept - Found &apos;hashCode&apos; method: public native int java.lang.Object.hashCode()
[2014-10-08 16:08:30,372] DEBUG (CglibAopProxy.java:785).accept - Found &apos;equals&apos; method: public boolean java.lang.Object.equals(java.lang.Object)
[2014-10-08 16:08:30,373] DEBUG (CglibAopProxy.java:804).accept - Must expose proxy on advised method: protected native java.lang.Object java.lang.Object.clone() throws java.lang.CloneNotSupportedException
[2014-10-08 16:08:30,373] DEBUG (CglibAopProxy.java:804).accept - Must expose proxy on advised method: public java.lang.String java.lang.Object.toString()
[2014-10-08 16:08:30,373] DEBUG (CglibAopProxy.java:773).accept - Found finalize() method - using NO_OVERRIDE
[2014-10-08 16:08:30,373] DEBUG (CglibAopProxy.java:779).accept - Method is declared on Advised interface: public abstract void org.springframework.aop.framework.Advised.setTargetSource(org.springframework.aop.TargetSource)
[2014-10-08 16:08:30,373] DEBUG (CglibAopProxy.java:779).accept - Method is declared on Advised interface: public abstract void org.springframework.aop.framework.Advised.addAdvisor(int,org.springframework.aop.Advisor) throws org.springframework.aop.framework.AopConfigException
[2014-10-08 16:08:30,373] DEBUG (CglibAopProxy.java:779).accept - Method is declared on Advised interface: public abstract void org.springframework.aop.framework.Advised.addAdvisor(org.springframework.aop.Advisor) throws org.springframework.aop.framework.AopConfigException
[2014-10-08 16:08:30,373] DEBUG (CglibAopProxy.java:779).accept - Method is declared on Advised interface: public abstract boolean org.springframework.aop.framework.Advised.isExposeProxy()
[2014-10-08 16:08:30,374] DEBUG (CglibAopProxy.java:779).accept - Method is declared on Advised interface: public abstract org.springframework.aop.TargetSource org.springframework.aop.framework.Advised.getTargetSource()
[2014-10-08 16:08:30,374] DEBUG (CglibAopProxy.java:779).accept - Method is declared on Advised interface: public abstract boolean org.springframework.aop.framework.Advised.isProxyTargetClass()
[2014-10-08 16:08:30,374] DEBUG (CglibAopProxy.java:779).accept - Method is declared on Advised interface: public abstract void org.springframework.aop.framework.Advised.setPreFiltered(boolean)
[2014-10-08 16:08:30,374] DEBUG (CglibAopProxy.java:779).accept - Method is declared on Advised interface: public abstract void org.springframework.aop.framework.Advised.setExposeProxy(boolean)
[2014-10-08 16:08:30,374] DEBUG (CglibAopProxy.java:779).accept - Method is declared on Advised interface: public abstract org.springframework.aop.Advisor[] org.springframework.aop.framework.Advised.getAdvisors()
[2014-10-08 16:08:30,374] DEBUG (CglibAopProxy.java:779).accept - Method is declared on Advised interface: public abstract java.lang.Class[] org.springframework.aop.framework.Advised.getProxiedInterfaces()
[2014-10-08 16:08:30,377] DEBUG (CglibAopProxy.java:779).accept - Method is declared on Advised interface: public abstract boolean org.springframework.aop.framework.Advised.isInterfaceProxied(java.lang.Class)
[2014-10-08 16:08:30,377] DEBUG (CglibAopProxy.java:779).accept - Method is declared on Advised interface: public abstract boolean org.springframework.aop.framework.Advised.replaceAdvisor(org.springframework.aop.Advisor,org.springframework.aop.Advisor) throws org.springframework.aop.framework.AopConfigException
[2014-10-08 16:08:30,377] DEBUG (CglibAopProxy.java:779).accept - Method is declared on Advised interface: public abstract java.lang.String org.springframework.aop.framework.Advised.toProxyConfigString()
[2014-10-08 16:08:30,377] DEBUG (CglibAopProxy.java:779).accept - Method is declared on Advised interface: public abstract void org.springframework.aop.framework.Advised.addAdvice(int,org.aopalliance.aop.Advice) throws org.springframework.aop.framework.AopConfigException
[2014-10-08 16:08:30,377] DEBUG (CglibAopProxy.java:779).accept - Method is declared on Advised interface: public abstract void org.springframework.aop.framework.Advised.addAdvice(org.aopalliance.aop.Advice) throws org.springframework.aop.framework.AopConfigException
[2014-10-08 16:08:30,377] DEBUG (CglibAopProxy.java:779).accept - Method is declared on Advised interface: public abstract boolean org.springframework.aop.framework.Advised.isPreFiltered()
[2014-10-08 16:08:30,378] DEBUG (CglibAopProxy.java:779).accept - Method is declared on Advised interface: public abstract void org.springframework.aop.framework.Advised.removeAdvisor(int) throws org.springframework.aop.framework.AopConfigException
[2014-10-08 16:08:30,378] DEBUG (CglibAopProxy.java:779).accept - Method is declared on Advised interface: public abstract boolean org.springframework.aop.framework.Advised.removeAdvisor(org.springframework.aop.Advisor)
[2014-10-08 16:08:30,378] DEBUG (CglibAopProxy.java:779).accept - Method is declared on Advised interface: public abstract boolean org.springframework.aop.framework.Advised.removeAdvice(org.aopalliance.aop.Advice)
[2014-10-08 16:08:30,378] DEBUG (CglibAopProxy.java:779).accept - Method is declared on Advised interface: public abstract int org.springframework.aop.framework.Advised.indexOf(org.aopalliance.aop.Advice)
[2014-10-08 16:08:30,378] DEBUG (CglibAopProxy.java:779).accept - Method is declared on Advised interface: public abstract int org.springframework.aop.framework.Advised.indexOf(org.springframework.aop.Advisor)
[2014-10-08 16:08:30,378] DEBUG (CglibAopProxy.java:779).accept - Method is declared on Advised interface: public abstract boolean org.springframework.aop.framework.Advised.isFrozen()
[2014-10-08 16:08:30,378] DEBUG (CglibAopProxy.java:779).accept - Method is declared on Advised interface: public abstract java.lang.Class org.springframework.aop.TargetClassAware.getTargetClass()
[2014-10-08 16:08:30,396] DEBUG (AbstractAutowireCapableBeanFactory.java:477).createBean - Finished creating instance of bean &apos;accountNumberService&apos;
[2014-10-08 16:08:30,396] DEBUG (DefaultSingletonBeanRegistry.java:220).getSingleton - Creating shared instance of singleton bean &apos;customerDao&apos;
[2014-10-08 16:08:30,396] DEBUG (AbstractAutowireCapableBeanFactory.java:449).createBean - Creating instance of bean &apos;customerDao&apos;
[2014-10-08 16:08:30,396] DEBUG (AbstractBeanFactory.java:249).doGetBean - Returning cached instance of singleton bean &apos;org.springframework.aop.support.DefaultBeanFactoryPointcutAdvisor#0&apos;
[2014-10-08 16:08:30,397] DEBUG (InjectionMetadata.java:71).checkConfigMembers - Registered injected element on class [j.index.module.setting.customer.entity.CustomerDao]: AutowiredFieldElement for private org.hibernate.SessionFactory j.index.core.dao.GenericHibernateDao.sessionFactory
[2014-10-08 16:08:30,397] DEBUG (AbstractAutowireCapableBeanFactory.java:523).doCreateBean - Eagerly caching bean &apos;customerDao&apos; to allow for resolving potential circular references
[2014-10-08 16:08:30,399] DEBUG (InjectionMetadata.java:85).inject - Processing injected method of bean &apos;customerDao&apos;: AutowiredFieldElement for private org.hibernate.SessionFactory j.index.core.dao.GenericHibernateDao.sessionFactory
[2014-10-08 16:08:30,399] DEBUG (AbstractBeanFactory.java:249).doGetBean - Returning cached instance of singleton bean &apos;sessionFactory&apos;
[2014-10-08 16:08:30,400] DEBUG (AutowiredAnnotationBeanPostProcessor.java:427).registerDependentBeans - Autowiring by type from bean name &apos;customerDao&apos; to bean named &apos;sessionFactory&apos;
[2014-10-08 16:08:30,400] DEBUG (AbstractBeanFactory.java:249).doGetBean - Returning cached instance of singleton bean &apos;org.springframework.aop.support.DefaultBeanFactoryPointcutAdvisor#0&apos;
[2014-10-08 16:08:30,400] DEBUG (AbstractBeanFactory.java:249).doGetBean - Returning cached instance of singleton bean &apos;org.springframework.aop.support.DefaultBeanFactoryPointcutAdvisor#0&apos;
[2014-10-08 16:08:30,400] DEBUG (AbstractAutowireCapableBeanFactory.java:477).createBean - Finished creating instance of bean &apos;customerDao&apos;
[2014-10-08 16:08:30,401] DEBUG (DefaultSingletonBeanRegistry.java:220).getSingleton - Creating shared instance of singleton bean &apos;customerService&apos;
[2014-10-08 16:08:30,401] DEBUG (AbstractAutowireCapableBeanFactory.java:449).createBean - Creating instance of bean &apos;customerService&apos;
[2014-10-08 16:08:30,401] DEBUG (AbstractBeanFactory.java:249).doGetBean - Returning cached instance of singleton bean &apos;org.springframework.aop.support.DefaultBeanFactoryPointcutAdvisor#0&apos;
[2014-10-08 16:08:30,402] DEBUG (InjectionMetadata.java:71).checkConfigMembers - Registered injected element on class [j.index.module.setting.customer.service.CustomerService]: AutowiredFieldElement for private j.index.core.security.accountNumber.entity.AccountNumberDao j.index.core.service.GenericService.userDao
[2014-10-08 16:08:30,402] DEBUG (InjectionMetadata.java:71).checkConfigMembers - Registered injected element on class [j.index.module.setting.customer.service.CustomerService]: AutowiredFieldElement for private j.index.module.setting.customer.entity.CustomerDao j.index.module.setting.customer.service.CustomerService.dao
[2014-10-08 16:08:30,402] DEBUG (AbstractAutowireCapableBeanFactory.java:523).doCreateBean - Eagerly caching bean &apos;customerService&apos; to allow for resolving potential circular references
[2014-10-08 16:08:30,404] DEBUG (InjectionMetadata.java:85).inject - Processing injected method of bean &apos;customerService&apos;: AutowiredFieldElement for private j.index.core.security.accountNumber.entity.AccountNumberDao j.index.core.service.GenericService.userDao
[2014-10-08 16:08:30,404] DEBUG (AbstractBeanFactory.java:249).doGetBean - Returning cached instance of singleton bean &apos;accountNumberDao&apos;
[2014-10-08 16:08:30,404] DEBUG (AutowiredAnnotationBeanPostProcessor.java:427).registerDependentBeans - Autowiring by type from bean name &apos;customerService&apos; to bean named &apos;accountNumberDao&apos;
[2014-10-08 16:08:30,404] DEBUG (InjectionMetadata.java:85).inject - Processing injected method of bean &apos;customerService&apos;: AutowiredFieldElement for private j.index.module.setting.customer.entity.CustomerDao j.index.module.setting.customer.service.CustomerService.dao
[2014-10-08 16:08:30,405] DEBUG (AbstractBeanFactory.java:249).doGetBean - Returning cached instance of singleton bean &apos;customerDao&apos;
[2014-10-08 16:08:30,405] DEBUG (AutowiredAnnotationBeanPostProcessor.java:427).registerDependentBeans - Autowiring by type from bean name &apos;customerService&apos; to bean named &apos;customerDao&apos;
[2014-10-08 16:08:30,405] DEBUG (AbstractBeanFactory.java:249).doGetBean - Returning cached instance of singleton bean &apos;org.springframework.aop.support.DefaultBeanFactoryPointcutAdvisor#0&apos;
[2014-10-08 16:08:30,405] DEBUG (AbstractBeanFactory.java:249).doGetBean - Returning cached instance of singleton bean &apos;org.springframework.aop.support.DefaultBeanFactoryPointcutAdvisor#0&apos;
[2014-10-08 16:08:30,405] DEBUG (AbstractAutoProxyCreator.java:593).buildAdvisors - Creating implicit proxy for bean &apos;customerService&apos; with 0 common interceptors and 2 specific interceptors
[2014-10-08 16:08:30,407] DEBUG (CglibAopProxy.java:158).getProxy - Creating CGLIB proxy: target source is SingletonTargetSource for target object [j.index.module.setting.customer.service.CustomerService@183e43b]
[2014-10-08 16:08:30,408] DEBUG (CglibAopProxy.java:804).accept - Must expose proxy on advised method: public j.index.core.model.DataSet j.index.module.setting.customer.service.CustomerService.getByRestrictions(j.index.core.model.DataSet) throws java.lang.Exception
[2014-10-08 16:08:30,408] DEBUG (CglibAopProxy.java:804).accept - Must expose proxy on advised method: protected j.index.core.dao.GenericDao j.index.module.setting.customer.service.CustomerService.getDao()
[2014-10-08 16:08:30,409] DEBUG (CglibAopProxy.java:804).accept - Must expose proxy on advised method: public void j.index.core.service.GenericService.deleteBySerNo(java.lang.Long) throws java.lang.Exception
[2014-10-08 16:08:30,409] DEBUG (CglibAopProxy.java:804).accept - Must expose proxy on advised method: public void j.index.core.service.GenericService.makeUserInfo(java.util.List) throws java.lang.Exception
[2014-10-08 16:08:30,409] DEBUG (CglibAopProxy.java:804).accept - Must expose proxy on advised method: public j.index.core.entity.GenericEntity j.index.core.service.GenericService.getBySerNo(java.lang.Long) throws java.lang.Exception
[2014-10-08 16:08:30,409] DEBUG (CglibAopProxy.java:804).accept - Must expose proxy on advised method: public j.index.core.entity.Entity j.index.core.service.GenericService.getBySerNo(java.lang.Long) throws java.lang.Exception
[2014-10-08 16:08:30,409] DEBUG (CglibAopProxy.java:804).accept - Must expose proxy on advised method: public j.index.core.entity.Entity j.index.core.service.GenericService.save(j.index.core.entity.Entity,j.index.core.security.accountNumber.entity.AccountNumber) throws java.lang.Exception
[2014-10-08 16:08:30,409] DEBUG (CglibAopProxy.java:804).accept - Must expose proxy on advised method: public j.index.core.entity.GenericEntity j.index.core.service.GenericService.save(j.index.core.entity.GenericEntity,j.index.core.security.accountNumber.entity.AccountNumber) throws java.lang.Exception
[2014-10-08 16:08:30,410] DEBUG (CglibAopProxy.java:804).accept - Must expose proxy on advised method: public j.index.core.security.accountNumber.entity.AccountNumber j.index.core.service.GenericService.getUserInfo(java.lang.Long) throws java.lang.Exception
[2014-10-08 16:08:30,410] DEBUG (CglibAopProxy.java:804).accept - Must expose proxy on advised method: public j.index.core.entity.Entity j.index.core.service.GenericService.update(j.index.core.entity.Entity,j.index.core.security.accountNumber.entity.AccountNumber) throws java.lang.Exception
[2014-10-08 16:08:30,410] DEBUG (CglibAopProxy.java:804).accept - Must expose proxy on advised method: public j.index.core.entity.Entity j.index.core.service.GenericService.update(j.index.core.entity.Entity,j.index.core.security.accountNumber.entity.AccountNumber,java.lang.String[]) throws java.lang.Exception
[2014-10-08 16:08:30,410] DEBUG (CglibAopProxy.java:804).accept - Must expose proxy on advised method: public j.index.core.entity.GenericEntity j.index.core.service.GenericService.update(j.index.core.entity.GenericEntity,j.index.core.security.accountNumber.entity.AccountNumber,java.lang.String[]) throws java.lang.Exception
[2014-10-08 16:08:30,410] DEBUG (CglibAopProxy.java:804).accept - Must expose proxy on advised method: public j.index.core.entity.GenericEntity j.index.core.service.GenericService.update(j.index.core.entity.GenericEntity,j.index.core.security.accountNumber.entity.AccountNumber) throws java.lang.Exception
[2014-10-08 16:08:30,410] DEBUG (CglibAopProxy.java:790).accept - Found &apos;hashCode&apos; method: public native int java.lang.Object.hashCode()
[2014-10-08 16:08:30,410] DEBUG (CglibAopProxy.java:785).accept - Found &apos;equals&apos; method: public boolean java.lang.Object.equals(java.lang.Object)
[2014-10-08 16:08:30,411] DEBUG (CglibAopProxy.java:804).accept - Must expose proxy on advised method: protected native java.lang.Object java.lang.Object.clone() throws java.lang.CloneNotSupportedException
[2014-10-08 16:08:30,411] DEBUG (CglibAopProxy.java:804).accept - Must expose proxy on advised method: public java.lang.String java.lang.Object.toString()
[2014-10-08 16:08:30,411] DEBUG (CglibAopProxy.java:773).accept - Found finalize() method - using NO_OVERRIDE
[2014-10-08 16:08:30,411] DEBUG (CglibAopProxy.java:779).accept - Method is declared on Advised interface: public abstract void org.springframework.aop.framework.Advised.setTargetSource(org.springframework.aop.TargetSource)
[2014-10-08 16:08:30,411] DEBUG (CglibAopProxy.java:779).accept - Method is declared on Advised interface: public abstract void org.springframework.aop.framework.Advised.addAdvisor(int,org.springframework.aop.Advisor) throws org.springframework.aop.framework.AopConfigException
[2014-10-08 16:08:30,411] DEBUG (CglibAopProxy.java:779).accept - Method is declared on Advised interface: public abstract void org.springframework.aop.framework.Advised.addAdvisor(org.springframework.aop.Advisor) throws org.springframework.aop.framework.AopConfigException
[2014-10-08 16:08:30,411] DEBUG (CglibAopProxy.java:779).accept - Method is declared on Advised interface: public abstract boolean org.springframework.aop.framework.Advised.isExposeProxy()
[2014-10-08 16:08:30,412] DEBUG (CglibAopProxy.java:779).accept - Method is declared on Advised interface: public abstract org.springframework.aop.TargetSource org.springframework.aop.framework.Advised.getTargetSource()
[2014-10-08 16:08:30,412] DEBUG (CglibAopProxy.java:779).accept - Method is declared on Advised interface: public abstract boolean org.springframework.aop.framework.Advised.isProxyTargetClass()
[2014-10-08 16:08:30,412] DEBUG (CglibAopProxy.java:779).accept - Method is declared on Advised interface: public abstract void org.springframework.aop.framework.Advised.setPreFiltered(boolean)
[2014-10-08 16:08:30,412] DEBUG (CglibAopProxy.java:779).accept - Method is declared on Advised interface: public abstract void org.springframework.aop.framework.Advised.setExposeProxy(boolean)
[2014-10-08 16:08:30,412] DEBUG (CglibAopProxy.java:779).accept - Method is declared on Advised interface: public abstract org.springframework.aop.Advisor[] org.springframework.aop.framework.Advised.getAdvisors()
[2014-10-08 16:08:30,412] DEBUG (CglibAopProxy.java:779).accept - Method is declared on Advised interface: public abstract java.lang.Class[] org.springframework.aop.framework.Advised.getProxiedInterfaces()
[2014-10-08 16:08:30,412] DEBUG (CglibAopProxy.java:779).accept - Method is declared on Advised interface: public abstract boolean org.springframework.aop.framework.Advised.isInterfaceProxied(java.lang.Class)
[2014-10-08 16:08:30,413] DEBUG (CglibAopProxy.java:779).accept - Method is declared on Advised interface: public abstract boolean org.springframework.aop.framework.Advised.replaceAdvisor(org.springframework.aop.Advisor,org.springframework.aop.Advisor) throws org.springframework.aop.framework.AopConfigException
[2014-10-08 16:08:30,413] DEBUG (CglibAopProxy.java:779).accept - Method is declared on Advised interface: public abstract java.lang.String org.springframework.aop.framework.Advised.toProxyConfigString()
[2014-10-08 16:08:30,413] DEBUG (CglibAopProxy.java:779).accept - Method is declared on Advised interface: public abstract void org.springframework.aop.framework.Advised.addAdvice(int,org.aopalliance.aop.Advice) throws org.springframework.aop.framework.AopConfigException
[2014-10-08 16:08:30,413] DEBUG (CglibAopProxy.java:779).accept - Method is declared on Advised interface: public abstract void org.springframework.aop.framework.Advised.addAdvice(org.aopalliance.aop.Advice) throws org.springframework.aop.framework.AopConfigException
[2014-10-08 16:08:30,413] DEBUG (CglibAopProxy.java:779).accept - Method is declared on Advised interface: public abstract boolean org.springframework.aop.framework.Advised.isPreFiltered()
[2014-10-08 16:08:30,413] DEBUG (CglibAopProxy.java:779).accept - Method is declared on Advised interface: public abstract void org.springframework.aop.framework.Advised.removeAdvisor(int) throws org.springframework.aop.framework.AopConfigException
[2014-10-08 16:08:30,413] DEBUG (CglibAopProxy.java:779).accept - Method is declared on Advised interface: public abstract boolean org.springframework.aop.framework.Advised.removeAdvisor(org.springframework.aop.Advisor)
[2014-10-08 16:08:30,413] DEBUG (CglibAopProxy.java:779).accept - Method is declared on Advised interface: public abstract boolean org.springframework.aop.framework.Advised.removeAdvice(org.aopalliance.aop.Advice)
[2014-10-08 16:08:30,414] DEBUG (CglibAopProxy.java:779).accept - Method is declared on Advised interface: public abstract int org.springframework.aop.framework.Advised.indexOf(org.aopalliance.aop.Advice)
[2014-10-08 16:08:30,414] DEBUG (CglibAopProxy.java:779).accept - Method is declared on Advised interface: public abstract int org.springframework.aop.framework.Advised.indexOf(org.springframework.aop.Advisor)
[2014-10-08 16:08:30,414] DEBUG (CglibAopProxy.java:779).accept - Method is declared on Advised interface: public abstract boolean org.springframework.aop.framework.Advised.isFrozen()
[2014-10-08 16:08:30,414] DEBUG (CglibAopProxy.java:779).accept - Method is declared on Advised interface: public abstract java.lang.Class org.springframework.aop.TargetClassAware.getTargetClass()
[2014-10-08 16:08:30,422] DEBUG (AbstractAutowireCapableBeanFactory.java:477).createBean - Finished creating instance of bean &apos;customerService&apos;
[2014-10-08 16:08:30,422] DEBUG (DefaultSingletonBeanRegistry.java:220).getSingleton - Creating shared instance of singleton bean &apos;databaseDao&apos;
[2014-10-08 16:08:30,422] DEBUG (AbstractAutowireCapableBeanFactory.java:449).createBean - Creating instance of bean &apos;databaseDao&apos;
[2014-10-08 16:08:30,422] DEBUG (AbstractBeanFactory.java:249).doGetBean - Returning cached instance of singleton bean &apos;org.springframework.aop.support.DefaultBeanFactoryPointcutAdvisor#0&apos;
[2014-10-08 16:08:30,423] DEBUG (InjectionMetadata.java:71).checkConfigMembers - Registered injected element on class [j.index.module.setting.database.entity.DatabaseDao]: AutowiredFieldElement for private org.hibernate.SessionFactory j.index.core.dao.GenericHibernateDao.sessionFactory
[2014-10-08 16:08:30,423] DEBUG (AbstractAutowireCapableBeanFactory.java:523).doCreateBean - Eagerly caching bean &apos;databaseDao&apos; to allow for resolving potential circular references
[2014-10-08 16:08:30,425] DEBUG (InjectionMetadata.java:85).inject - Processing injected method of bean &apos;databaseDao&apos;: AutowiredFieldElement for private org.hibernate.SessionFactory j.index.core.dao.GenericHibernateDao.sessionFactory
[2014-10-08 16:08:30,425] DEBUG (AbstractBeanFactory.java:249).doGetBean - Returning cached instance of singleton bean &apos;sessionFactory&apos;
[2014-10-08 16:08:30,425] DEBUG (AutowiredAnnotationBeanPostProcessor.java:427).registerDependentBeans - Autowiring by type from bean name &apos;databaseDao&apos; to bean named &apos;sessionFactory&apos;
[2014-10-08 16:08:30,425] DEBUG (AbstractBeanFactory.java:249).doGetBean - Returning cached instance of singleton bean &apos;org.springframework.aop.support.DefaultBeanFactoryPointcutAdvisor#0&apos;
[2014-10-08 16:08:30,425] DEBUG (AbstractBeanFactory.java:249).doGetBean - Returning cached instance of singleton bean &apos;org.springframework.aop.support.DefaultBeanFactoryPointcutAdvisor#0&apos;
[2014-10-08 16:08:30,426] DEBUG (AbstractAutowireCapableBeanFactory.java:477).createBean - Finished creating instance of bean &apos;databaseDao&apos;
[2014-10-08 16:08:30,426] DEBUG (DefaultSingletonBeanRegistry.java:220).getSingleton - Creating shared instance of singleton bean &apos;databaseService&apos;
[2014-10-08 16:08:30,426] DEBUG (AbstractAutowireCapableBeanFactory.java:449).createBean - Creating instance of bean &apos;databaseService&apos;
[2014-10-08 16:08:30,426] DEBUG (AbstractBeanFactory.java:249).doGetBean - Returning cached instance of singleton bean &apos;org.springframework.aop.support.DefaultBeanFactoryPointcutAdvisor#0&apos;
[2014-10-08 16:08:30,429] DEBUG (InjectionMetadata.java:71).checkConfigMembers - Registered injected element on class [j.index.module.setting.database.service.DatabaseService]: AutowiredFieldElement for private j.index.core.security.accountNumber.entity.AccountNumberDao j.index.core.service.GenericService.userDao
[2014-10-08 16:08:30,429] DEBUG (InjectionMetadata.java:71).checkConfigMembers - Registered injected element on class [j.index.module.setting.database.service.DatabaseService]: AutowiredFieldElement for private org.hibernate.SessionFactory j.index.module.setting.database.service.DatabaseService.sessionFactory
[2014-10-08 16:08:30,429] DEBUG (InjectionMetadata.java:71).checkConfigMembers - Registered injected element on class [j.index.module.setting.database.service.DatabaseService]: AutowiredFieldElement for private j.index.module.setting.database.entity.DatabaseDao j.index.module.setting.database.service.DatabaseService.dao
[2014-10-08 16:08:30,429] DEBUG (AbstractAutowireCapableBeanFactory.java:523).doCreateBean - Eagerly caching bean &apos;databaseService&apos; to allow for resolving potential circular references
[2014-10-08 16:08:30,430] DEBUG (InjectionMetadata.java:85).inject - Processing injected method of bean &apos;databaseService&apos;: AutowiredFieldElement for private j.index.core.security.accountNumber.entity.AccountNumberDao j.index.core.service.GenericService.userDao
[2014-10-08 16:08:30,430] DEBUG (AbstractBeanFactory.java:249).doGetBean - Returning cached instance of singleton bean &apos;accountNumberDao&apos;
[2014-10-08 16:08:30,431] DEBUG (AutowiredAnnotationBeanPostProcessor.java:427).registerDependentBeans - Autowiring by type from bean name &apos;databaseService&apos; to bean named &apos;accountNumberDao&apos;
[2014-10-08 16:08:30,431] DEBUG (InjectionMetadata.java:85).inject - Processing injected method of bean &apos;databaseService&apos;: AutowiredFieldElement for private org.hibernate.SessionFactory j.index.module.setting.database.service.DatabaseService.sessionFactory
[2014-10-08 16:08:30,431] DEBUG (AbstractBeanFactory.java:249).doGetBean - Returning cached instance of singleton bean &apos;sessionFactory&apos;
[2014-10-08 16:08:30,431] DEBUG (AutowiredAnnotationBeanPostProcessor.java:427).registerDependentBeans - Autowiring by type from bean name &apos;databaseService&apos; to bean named &apos;sessionFactory&apos;
[2014-10-08 16:08:30,431] DEBUG (InjectionMetadata.java:85).inject - Processing injected method of bean &apos;databaseService&apos;: AutowiredFieldElement for private j.index.module.setting.database.entity.DatabaseDao j.index.module.setting.database.service.DatabaseService.dao
[2014-10-08 16:08:30,432] DEBUG (AbstractBeanFactory.java:249).doGetBean - Returning cached instance of singleton bean &apos;databaseDao&apos;
[2014-10-08 16:08:30,432] DEBUG (AutowiredAnnotationBeanPostProcessor.java:427).registerDependentBeans - Autowiring by type from bean name &apos;databaseService&apos; to bean named &apos;databaseDao&apos;
[2014-10-08 16:08:30,432] DEBUG (AbstractBeanFactory.java:249).doGetBean - Returning cached instance of singleton bean &apos;org.springframework.aop.support.DefaultBeanFactoryPointcutAdvisor#0&apos;
[2014-10-08 16:08:30,432] DEBUG (AbstractBeanFactory.java:249).doGetBean - Returning cached instance of singleton bean &apos;org.springframework.aop.support.DefaultBeanFactoryPointcutAdvisor#0&apos;
[2014-10-08 16:08:30,432] DEBUG (AbstractAutoProxyCreator.java:593).buildAdvisors - Creating implicit proxy for bean &apos;databaseService&apos; with 0 common interceptors and 2 specific interceptors
[2014-10-08 16:08:30,432] DEBUG (CglibAopProxy.java:158).getProxy - Creating CGLIB proxy: target source is SingletonTargetSource for target object [j.index.module.setting.database.service.DatabaseService@19e151f]
[2014-10-08 16:08:30,433] DEBUG (CglibAopProxy.java:804).accept - Must expose proxy on advised method: public j.index.core.model.DataSet j.index.module.setting.database.service.DatabaseService.getByRestrictions(j.index.core.model.DataSet) throws java.lang.Exception
[2014-10-08 16:08:30,433] DEBUG (CglibAopProxy.java:804).accept - Must expose proxy on advised method: protected j.index.core.dao.GenericDao j.index.module.setting.database.service.DatabaseService.getDao()
[2014-10-08 16:08:30,434] DEBUG (CglibAopProxy.java:804).accept - Must expose proxy on advised method: public java.util.HashSet j.index.module.setting.database.service.DatabaseService.queryByKeyword(java.lang.String[]) throws java.lang.Exception
[2014-10-08 16:08:30,434] DEBUG (CglibAopProxy.java:804).accept - Must expose proxy on advised method: public void j.index.core.service.GenericService.deleteBySerNo(java.lang.Long) throws java.lang.Exception
[2014-10-08 16:08:30,434] DEBUG (CglibAopProxy.java:804).accept - Must expose proxy on advised method: public void j.index.core.service.GenericService.makeUserInfo(java.util.List) throws java.lang.Exception
[2014-10-08 16:08:30,434] DEBUG (CglibAopProxy.java:804).accept - Must expose proxy on advised method: public j.index.core.entity.GenericEntity j.index.core.service.GenericService.getBySerNo(java.lang.Long) throws java.lang.Exception
[2014-10-08 16:08:30,434] DEBUG (CglibAopProxy.java:804).accept - Must expose proxy on advised method: public j.index.core.entity.Entity j.index.core.service.GenericService.getBySerNo(java.lang.Long) throws java.lang.Exception
[2014-10-08 16:08:30,434] DEBUG (CglibAopProxy.java:804).accept - Must expose proxy on advised method: public j.index.core.entity.Entity j.index.core.service.GenericService.save(j.index.core.entity.Entity,j.index.core.security.accountNumber.entity.AccountNumber) throws java.lang.Exception
[2014-10-08 16:08:30,435] DEBUG (CglibAopProxy.java:804).accept - Must expose proxy on advised method: public j.index.core.entity.GenericEntity j.index.core.service.GenericService.save(j.index.core.entity.GenericEntity,j.index.core.security.accountNumber.entity.AccountNumber) throws java.lang.Exception
[2014-10-08 16:08:30,435] DEBUG (CglibAopProxy.java:804).accept - Must expose proxy on advised method: public j.index.core.security.accountNumber.entity.AccountNumber j.index.core.service.GenericService.getUserInfo(java.lang.Long) throws java.lang.Exception
[2014-10-08 16:08:30,435] DEBUG (CglibAopProxy.java:804).accept - Must expose proxy on advised method: public j.index.core.entity.Entity j.index.core.service.GenericService.update(j.index.core.entity.Entity,j.index.core.security.accountNumber.entity.AccountNumber) throws java.lang.Exception
[2014-10-08 16:08:30,435] DEBUG (CglibAopProxy.java:804).accept - Must expose proxy on advised method: public j.index.core.entity.Entity j.index.core.service.GenericService.update(j.index.core.entity.Entity,j.index.core.security.accountNumber.entity.AccountNumber,java.lang.String[]) throws java.lang.Exception
[2014-10-08 16:08:30,435] DEBUG (CglibAopProxy.java:804).accept - Must expose proxy on advised method: public j.index.core.entity.GenericEntity j.index.core.service.GenericService.update(j.index.core.entity.GenericEntity,j.index.core.security.accountNumber.entity.AccountNumber,java.lang.String[]) throws java.lang.Exception
[2014-10-08 16:08:30,435] DEBUG (CglibAopProxy.java:804).accept - Must expose proxy on advised method: public j.index.core.entity.GenericEntity j.index.core.service.GenericService.update(j.index.core.entity.GenericEntity,j.index.core.security.accountNumber.entity.AccountNumber) throws java.lang.Exception
[2014-10-08 16:08:30,436] DEBUG (CglibAopProxy.java:790).accept - Found &apos;hashCode&apos; method: public native int java.lang.Object.hashCode()
[2014-10-08 16:08:30,436] DEBUG (CglibAopProxy.java:785).accept - Found &apos;equals&apos; method: public boolean java.lang.Object.equals(java.lang.Object)
[2014-10-08 16:08:30,436] DEBUG (CglibAopProxy.java:804).accept - Must expose proxy on advised method: protected native java.lang.Object java.lang.Object.clone() throws java.lang.CloneNotSupportedException
[2014-10-08 16:08:30,436] DEBUG (CglibAopProxy.java:804).accept - Must expose proxy on advised method: public java.lang.String java.lang.Object.toString()
[2014-10-08 16:08:30,436] DEBUG (CglibAopProxy.java:773).accept - Found finalize() method - using NO_OVERRIDE
[2014-10-08 16:08:30,436] DEBUG (CglibAopProxy.java:779).accept - Method is declared on Advised interface: public abstract void org.springframework.aop.framework.Advised.setTargetSource(org.springframework.aop.TargetSource)
[2014-10-08 16:08:30,436] DEBUG (CglibAopProxy.java:779).accept - Method is declared on Advised interface: public abstract void org.springframework.aop.framework.Advised.addAdvisor(int,org.springframework.aop.Advisor) throws org.springframework.aop.framework.AopConfigException
[2014-10-08 16:08:30,437] DEBUG (CglibAopProxy.java:779).accept - Method is declared on Advised interface: public abstract void org.springframework.aop.framework.Advised.addAdvisor(org.springframework.aop.Advisor) throws org.springframework.aop.framework.AopConfigException
[2014-10-08 16:08:30,437] DEBUG (CglibAopProxy.java:779).accept - Method is declared on Advised interface: public abstract boolean org.springframework.aop.framework.Advised.isExposeProxy()
[2014-10-08 16:08:30,437] DEBUG (CglibAopProxy.java:779).accept - Method is declared on Advised interface: public abstract org.springframework.aop.TargetSource org.springframework.aop.framework.Advised.getTargetSource()
[2014-10-08 16:08:30,437] DEBUG (CglibAopProxy.java:779).accept - Method is declared on Advised interface: public abstract boolean org.springframework.aop.framework.Advised.isProxyTargetClass()
[2014-10-08 16:08:30,437] DEBUG (CglibAopProxy.java:779).accept - Method is declared on Advised interface: public abstract void org.springframework.aop.framework.Advised.setPreFiltered(boolean)
[2014-10-08 16:08:30,437] DEBUG (CglibAopProxy.java:779).accept - Method is declared on Advised interface: public abstract void org.springframework.aop.framework.Advised.setExposeProxy(boolean)
[2014-10-08 16:08:30,437] DEBUG (CglibAopProxy.java:779).accept - Method is declared on Advised interface: public abstract org.springframework.aop.Advisor[] org.springframework.aop.framework.Advised.getAdvisors()
[2014-10-08 16:08:30,438] DEBUG (CglibAopProxy.java:779).accept - Method is declared on Advised interface: public abstract java.lang.Class[] org.springframework.aop.framework.Advised.getProxiedInterfaces()
[2014-10-08 16:08:30,438] DEBUG (CglibAopProxy.java:779).accept - Method is declared on Advised interface: public abstract boolean org.springframework.aop.framework.Advised.isInterfaceProxied(java.lang.Class)
[2014-10-08 16:08:30,438] DEBUG (CglibAopProxy.java:779).accept - Method is declared on Advised interface: public abstract boolean org.springframework.aop.framework.Advised.replaceAdvisor(org.springframework.aop.Advisor,org.springframework.aop.Advisor) throws org.springframework.aop.framework.AopConfigException
[2014-10-08 16:08:30,438] DEBUG (CglibAopProxy.java:779).accept - Method is declared on Advised interface: public abstract java.lang.String org.springframework.aop.framework.Advised.toProxyConfigString()
[2014-10-08 16:08:30,438] DEBUG (CglibAopProxy.java:779).accept - Method is declared on Advised interface: public abstract void org.springframework.aop.framework.Advised.addAdvice(int,org.aopalliance.aop.Advice) throws org.springframework.aop.framework.AopConfigException
[2014-10-08 16:08:30,438] DEBUG (CglibAopProxy.java:779).accept - Method is declared on Advised interface: public abstract void org.springframework.aop.framework.Advised.addAdvice(org.aopalliance.aop.Advice) throws org.springframework.aop.framework.AopConfigException
[2014-10-08 16:08:30,438] DEBUG (CglibAopProxy.java:779).accept - Method is declared on Advised interface: public abstract boolean org.springframework.aop.framework.Advised.isPreFiltered()
[2014-10-08 16:08:30,438] DEBUG (CglibAopProxy.java:779).accept - Method is declared on Advised interface: public abstract void org.springframework.aop.framework.Advised.removeAdvisor(int) throws org.springframework.aop.framework.AopConfigException
[2014-10-08 16:08:30,439] DEBUG (CglibAopProxy.java:779).accept - Method is declared on Advised interface: public abstract boolean org.springframework.aop.framework.Advised.removeAdvisor(org.springframework.aop.Advisor)
[2014-10-08 16:08:30,439] DEBUG (CglibAopProxy.java:779).accept - Method is declared on Advised interface: public abstract boolean org.springframework.aop.framework.Advised.removeAdvice(org.aopalliance.aop.Advice)
[2014-10-08 16:08:30,439] DEBUG (CglibAopProxy.java:779).accept - Method is declared on Advised interface: public abstract int org.springframework.aop.framework.Advised.indexOf(org.aopalliance.aop.Advice)
[2014-10-08 16:08:30,439] DEBUG (CglibAopProxy.java:779).accept - Method is declared on Advised interface: public abstract int org.springframework.aop.framework.Advised.indexOf(org.springframework.aop.Advisor)
[2014-10-08 16:08:30,439] DEBUG (CglibAopProxy.java:779).accept - Method is declared on Advised interface: public abstract boolean org.springframework.aop.framework.Advised.isFrozen()
[2014-10-08 16:08:30,439] DEBUG (CglibAopProxy.java:779).accept - Method is declared on Advised interface: public abstract java.lang.Class org.springframework.aop.TargetClassAware.getTargetClass()
[2014-10-08 16:08:30,448] DEBUG (AbstractAutowireCapableBeanFactory.java:477).createBean - Finished creating instance of bean &apos;databaseService&apos;
[2014-10-08 16:08:30,448] DEBUG (DefaultSingletonBeanRegistry.java:220).getSingleton - Creating shared instance of singleton bean &apos;ebookDao&apos;
[2014-10-08 16:08:30,448] DEBUG (AbstractAutowireCapableBeanFactory.java:449).createBean - Creating instance of bean &apos;ebookDao&apos;
[2014-10-08 16:08:30,448] DEBUG (AbstractBeanFactory.java:249).doGetBean - Returning cached instance of singleton bean &apos;org.springframework.aop.support.DefaultBeanFactoryPointcutAdvisor#0&apos;
[2014-10-08 16:08:30,449] DEBUG (InjectionMetadata.java:71).checkConfigMembers - Registered injected element on class [j.index.module.setting.ebook.entity.EbookDao]: AutowiredFieldElement for private org.hibernate.SessionFactory j.index.core.dao.GenericHibernateDao.sessionFactory
[2014-10-08 16:08:30,449] DEBUG (AbstractAutowireCapableBeanFactory.java:523).doCreateBean - Eagerly caching bean &apos;ebookDao&apos; to allow for resolving potential circular references
[2014-10-08 16:08:30,451] DEBUG (InjectionMetadata.java:85).inject - Processing injected method of bean &apos;ebookDao&apos;: AutowiredFieldElement for private org.hibernate.SessionFactory j.index.core.dao.GenericHibernateDao.sessionFactory
[2014-10-08 16:08:30,451] DEBUG (AbstractBeanFactory.java:249).doGetBean - Returning cached instance of singleton bean &apos;sessionFactory&apos;
[2014-10-08 16:08:30,451] DEBUG (AutowiredAnnotationBeanPostProcessor.java:427).registerDependentBeans - Autowiring by type from bean name &apos;ebookDao&apos; to bean named &apos;sessionFactory&apos;
[2014-10-08 16:08:30,451] DEBUG (AbstractBeanFactory.java:249).doGetBean - Returning cached instance of singleton bean &apos;org.springframework.aop.support.DefaultBeanFactoryPointcutAdvisor#0&apos;
[2014-10-08 16:08:30,451] DEBUG (AbstractBeanFactory.java:249).doGetBean - Returning cached instance of singleton bean &apos;org.springframework.aop.support.DefaultBeanFactoryPointcutAdvisor#0&apos;
[2014-10-08 16:08:30,452] DEBUG (AbstractAutowireCapableBeanFactory.java:477).createBean - Finished creating instance of bean &apos;ebookDao&apos;
[2014-10-08 16:08:30,452] DEBUG (DefaultSingletonBeanRegistry.java:220).getSingleton - Creating shared instance of singleton bean &apos;ebookService&apos;
[2014-10-08 16:08:30,452] DEBUG (AbstractAutowireCapableBeanFactory.java:449).createBean - Creating instance of bean &apos;ebookService&apos;
[2014-10-08 16:08:30,452] DEBUG (AbstractBeanFactory.java:249).doGetBean - Returning cached instance of singleton bean &apos;org.springframework.aop.support.DefaultBeanFactoryPointcutAdvisor#0&apos;
[2014-10-08 16:08:30,453] DEBUG (InjectionMetadata.java:71).checkConfigMembers - Registered injected element on class [j.index.module.setting.ebook.service.EbookService]: AutowiredFieldElement for private j.index.core.security.accountNumber.entity.AccountNumberDao j.index.core.service.GenericService.userDao
[2014-10-08 16:08:30,453] DEBUG (InjectionMetadata.java:71).checkConfigMembers - Registered injected element on class [j.index.module.setting.ebook.service.EbookService]: AutowiredFieldElement for private org.hibernate.SessionFactory j.index.module.setting.ebook.service.EbookService.sessionFactory
[2014-10-08 16:08:30,453] DEBUG (InjectionMetadata.java:71).checkConfigMembers - Registered injected element on class [j.index.module.setting.ebook.service.EbookService]: AutowiredFieldElement for private j.index.module.setting.ebook.entity.EbookDao j.index.module.setting.ebook.service.EbookService.dao
[2014-10-08 16:08:30,453] DEBUG (AbstractAutowireCapableBeanFactory.java:523).doCreateBean - Eagerly caching bean &apos;ebookService&apos; to allow for resolving potential circular references
[2014-10-08 16:08:30,456] DEBUG (InjectionMetadata.java:85).inject - Processing injected method of bean &apos;ebookService&apos;: AutowiredFieldElement for private j.index.core.security.accountNumber.entity.AccountNumberDao j.index.core.service.GenericService.userDao
[2014-10-08 16:08:30,456] DEBUG (AbstractBeanFactory.java:249).doGetBean - Returning cached instance of singleton bean &apos;accountNumberDao&apos;
[2014-10-08 16:08:30,456] DEBUG (AutowiredAnnotationBeanPostProcessor.java:427).registerDependentBeans - Autowiring by type from bean name &apos;ebookService&apos; to bean named &apos;accountNumberDao&apos;
[2014-10-08 16:08:30,456] DEBUG (InjectionMetadata.java:85).inject - Processing injected method of bean &apos;ebookService&apos;: AutowiredFieldElement for private org.hibernate.SessionFactory j.index.module.setting.ebook.service.EbookService.sessionFactory
[2014-10-08 16:08:30,456] DEBUG (AbstractBeanFactory.java:249).doGetBean - Returning cached instance of singleton bean &apos;sessionFactory&apos;
[2014-10-08 16:08:30,456] DEBUG (AutowiredAnnotationBeanPostProcessor.java:427).registerDependentBeans - Autowiring by type from bean name &apos;ebookService&apos; to bean named &apos;sessionFactory&apos;
[2014-10-08 16:08:30,457] DEBUG (InjectionMetadata.java:85).inject - Processing injected method of bean &apos;ebookService&apos;: AutowiredFieldElement for private j.index.module.setting.ebook.entity.EbookDao j.index.module.setting.ebook.service.EbookService.dao
[2014-10-08 16:08:30,457] DEBUG (AbstractBeanFactory.java:249).doGetBean - Returning cached instance of singleton bean &apos;ebookDao&apos;
[2014-10-08 16:08:30,457] DEBUG (AutowiredAnnotationBeanPostProcessor.java:427).registerDependentBeans - Autowiring by type from bean name &apos;ebookService&apos; to bean named &apos;ebookDao&apos;
[2014-10-08 16:08:30,457] DEBUG (AbstractBeanFactory.java:249).doGetBean - Returning cached instance of singleton bean &apos;org.springframework.aop.support.DefaultBeanFactoryPointcutAdvisor#0&apos;
[2014-10-08 16:08:30,457] DEBUG (AbstractBeanFactory.java:249).doGetBean - Returning cached instance of singleton bean &apos;org.springframework.aop.support.DefaultBeanFactoryPointcutAdvisor#0&apos;
[2014-10-08 16:08:30,458] DEBUG (AbstractAutoProxyCreator.java:593).buildAdvisors - Creating implicit proxy for bean &apos;ebookService&apos; with 0 common interceptors and 2 specific interceptors
[2014-10-08 16:08:30,458] DEBUG (CglibAopProxy.java:158).getProxy - Creating CGLIB proxy: target source is SingletonTargetSource for target object [j.index.module.setting.ebook.service.EbookService@6cd1bd]
[2014-10-08 16:08:30,459] DEBUG (CglibAopProxy.java:804).accept - Must expose proxy on advised method: public j.index.core.model.DataSet j.index.module.setting.ebook.service.EbookService.getByRestrictions(j.index.core.model.DataSet) throws java.lang.Exception
[2014-10-08 16:08:30,459] DEBUG (CglibAopProxy.java:804).accept - Must expose proxy on advised method: protected j.index.core.dao.GenericDao j.index.module.setting.ebook.service.EbookService.getDao()
[2014-10-08 16:08:30,459] DEBUG (CglibAopProxy.java:804).accept - Must expose proxy on advised method: public java.util.HashSet j.index.module.setting.ebook.service.EbookService.queryByKeyword(java.lang.String[]) throws java.lang.Exception
[2014-10-08 16:08:30,459] DEBUG (CglibAopProxy.java:804).accept - Must expose proxy on advised method: public void j.index.core.service.GenericService.deleteBySerNo(java.lang.Long) throws java.lang.Exception
[2014-10-08 16:08:30,459] DEBUG (CglibAopProxy.java:804).accept - Must expose proxy on advised method: public void j.index.core.service.GenericService.makeUserInfo(java.util.List) throws java.lang.Exception
[2014-10-08 16:08:30,460] DEBUG (CglibAopProxy.java:804).accept - Must expose proxy on advised method: public j.index.core.entity.GenericEntity j.index.core.service.GenericService.getBySerNo(java.lang.Long) throws java.lang.Exception
[2014-10-08 16:08:30,460] DEBUG (CglibAopProxy.java:804).accept - Must expose proxy on advised method: public j.index.core.entity.Entity j.index.core.service.GenericService.getBySerNo(java.lang.Long) throws java.lang.Exception
[2014-10-08 16:08:30,460] DEBUG (CglibAopProxy.java:804).accept - Must expose proxy on advised method: public j.index.core.entity.Entity j.index.core.service.GenericService.save(j.index.core.entity.Entity,j.index.core.security.accountNumber.entity.AccountNumber) throws java.lang.Exception
[2014-10-08 16:08:30,460] DEBUG (CglibAopProxy.java:804).accept - Must expose proxy on advised method: public j.index.core.entity.GenericEntity j.index.core.service.GenericService.save(j.index.core.entity.GenericEntity,j.index.core.security.accountNumber.entity.AccountNumber) throws java.lang.Exception
[2014-10-08 16:08:30,460] DEBUG (CglibAopProxy.java:804).accept - Must expose proxy on advised method: public j.index.core.security.accountNumber.entity.AccountNumber j.index.core.service.GenericService.getUserInfo(java.lang.Long) throws java.lang.Exception
[2014-10-08 16:08:30,460] DEBUG (CglibAopProxy.java:804).accept - Must expose proxy on advised method: public j.index.core.entity.Entity j.index.core.service.GenericService.update(j.index.core.entity.Entity,j.index.core.security.accountNumber.entity.AccountNumber) throws java.lang.Exception
[2014-10-08 16:08:30,460] DEBUG (CglibAopProxy.java:804).accept - Must expose proxy on advised method: public j.index.core.entity.Entity j.index.core.service.GenericService.update(j.index.core.entity.Entity,j.index.core.security.accountNumber.entity.AccountNumber,java.lang.String[]) throws java.lang.Exception
[2014-10-08 16:08:30,461] DEBUG (CglibAopProxy.java:804).accept - Must expose proxy on advised method: public j.index.core.entity.GenericEntity j.index.core.service.GenericService.update(j.index.core.entity.GenericEntity,j.index.core.security.accountNumber.entity.AccountNumber,java.lang.String[]) throws java.lang.Exception
[2014-10-08 16:08:30,461] DEBUG (CglibAopProxy.java:804).accept - Must expose proxy on advised method: public j.index.core.entity.GenericEntity j.index.core.service.GenericService.update(j.index.core.entity.GenericEntity,j.index.core.security.accountNumber.entity.AccountNumber) throws java.lang.Exception
[2014-10-08 16:08:30,461] DEBUG (CglibAopProxy.java:790).accept - Found &apos;hashCode&apos; method: public native int java.lang.Object.hashCode()
[2014-10-08 16:08:30,461] DEBUG (CglibAopProxy.java:785).accept - Found &apos;equals&apos; method: public boolean java.lang.Object.equals(java.lang.Object)
[2014-10-08 16:08:30,461] DEBUG (CglibAopProxy.java:804).accept - Must expose proxy on advised method: protected native java.lang.Object java.lang.Object.clone() throws java.lang.CloneNotSupportedException
[2014-10-08 16:08:30,461] DEBUG (CglibAopProxy.java:804).accept - Must expose proxy on advised method: public java.lang.String java.lang.Object.toString()
[2014-10-08 16:08:30,461] DEBUG (CglibAopProxy.java:773).accept - Found finalize() method - using NO_OVERRIDE
[2014-10-08 16:08:30,461] DEBUG (CglibAopProxy.java:779).accept - Method is declared on Advised interface: public abstract void org.springframework.aop.framework.Advised.setTargetSource(org.springframework.aop.TargetSource)
[2014-10-08 16:08:30,462] DEBUG (CglibAopProxy.java:779).accept - Method is declared on Advised interface: public abstract void org.springframework.aop.framework.Advised.addAdvisor(int,org.springframework.aop.Advisor) throws org.springframework.aop.framework.AopConfigException
[2014-10-08 16:08:30,462] DEBUG (CglibAopProxy.java:779).accept - Method is declared on Advised interface: public abstract void org.springframework.aop.framework.Advised.addAdvisor(org.springframework.aop.Advisor) throws org.springframework.aop.framework.AopConfigException
[2014-10-08 16:08:30,462] DEBUG (CglibAopProxy.java:779).accept - Method is declared on Advised interface: public abstract boolean org.springframework.aop.framework.Advised.isExposeProxy()
[2014-10-08 16:08:30,462] DEBUG (CglibAopProxy.java:779).accept - Method is declared on Advised interface: public abstract org.springframework.aop.TargetSource org.springframework.aop.framework.Advised.getTargetSource()
[2014-10-08 16:08:30,462] DEBUG (CglibAopProxy.java:779).accept - Method is declared on Advised interface: public abstract boolean org.springframework.aop.framework.Advised.isProxyTargetClass()
[2014-10-08 16:08:30,462] DEBUG (CglibAopProxy.java:779).accept - Method is declared on Advised interface: public abstract void org.springframework.aop.framework.Advised.setPreFiltered(boolean)
[2014-10-08 16:08:30,462] DEBUG (CglibAopProxy.java:779).accept - Method is declared on Advised interface: public abstract void org.springframework.aop.framework.Advised.setExposeProxy(boolean)
[2014-10-08 16:08:30,462] DEBUG (CglibAopProxy.java:779).accept - Method is declared on Advised interface: public abstract org.springframework.aop.Advisor[] org.springframework.aop.framework.Advised.getAdvisors()
[2014-10-08 16:08:30,464] DEBUG (CglibAopProxy.java:779).accept - Method is declared on Advised interface: public abstract java.lang.Class[] org.springframework.aop.framework.Advised.getProxiedInterfaces()
[2014-10-08 16:08:30,464] DEBUG (CglibAopProxy.java:779).accept - Method is declared on Advised interface: public abstract boolean org.springframework.aop.framework.Advised.isInterfaceProxied(java.lang.Class)
[2014-10-08 16:08:30,464] DEBUG (CglibAopProxy.java:779).accept - Method is declared on Advised interface: public abstract boolean org.springframework.aop.framework.Advised.replaceAdvisor(org.springframework.aop.Advisor,org.springframework.aop.Advisor) throws org.springframework.aop.framework.AopConfigException
[2014-10-08 16:08:30,464] DEBUG (CglibAopProxy.java:779).accept - Method is declared on Advised interface: public abstract java.lang.String org.springframework.aop.framework.Advised.toProxyConfigString()
[2014-10-08 16:08:30,464] DEBUG (CglibAopProxy.java:779).accept - Method is declared on Advised interface: public abstract void org.springframework.aop.framework.Advised.addAdvice(int,org.aopalliance.aop.Advice) throws org.springframework.aop.framework.AopConfigException
[2014-10-08 16:08:30,464] DEBUG (CglibAopProxy.java:779).accept - Method is declared on Advised interface: public abstract void org.springframework.aop.framework.Advised.addAdvice(org.aopalliance.aop.Advice) throws org.springframework.aop.framework.AopConfigException
[2014-10-08 16:08:30,464] DEBUG (CglibAopProxy.java:779).accept - Method is declared on Advised interface: public abstract boolean org.springframework.aop.framework.Advised.isPreFiltered()
[2014-10-08 16:08:30,465] DEBUG (CglibAopProxy.java:779).accept - Method is declared on Advised interface: public abstract void org.springframework.aop.framework.Advised.removeAdvisor(int) throws org.springframework.aop.framework.AopConfigException
[2014-10-08 16:08:30,465] DEBUG (CglibAopProxy.java:779).accept - Method is declared on Advised interface: public abstract boolean org.springframework.aop.framework.Advised.removeAdvisor(org.springframework.aop.Advisor)
[2014-10-08 16:08:30,465] DEBUG (CglibAopProxy.java:779).accept - Method is declared on Advised interface: public abstract boolean org.springframework.aop.framework.Advised.removeAdvice(org.aopalliance.aop.Advice)
[2014-10-08 16:08:30,465] DEBUG (CglibAopProxy.java:779).accept - Method is declared on Advised interface: public abstract int org.springframework.aop.framework.Advised.indexOf(org.aopalliance.aop.Advice)
[2014-10-08 16:08:30,465] DEBUG (CglibAopProxy.java:779).accept - Method is declared on Advised interface: public abstract int org.springframework.aop.framework.Advised.indexOf(org.springframework.aop.Advisor)
[2014-10-08 16:08:30,465] DEBUG (CglibAopProxy.java:779).accept - Method is declared on Advised interface: public abstract boolean org.springframework.aop.framework.Advised.isFrozen()
[2014-10-08 16:08:30,465] DEBUG (CglibAopProxy.java:779).accept - Method is declared on Advised interface: public abstract java.lang.Class org.springframework.aop.TargetClassAware.getTargetClass()
[2014-10-08 16:08:30,472] DEBUG (AbstractAutowireCapableBeanFactory.java:477).createBean - Finished creating instance of bean &apos;ebookService&apos;
[2014-10-08 16:08:30,473] DEBUG (DefaultSingletonBeanRegistry.java:220).getSingleton - Creating shared instance of singleton bean &apos;journalDao&apos;
[2014-10-08 16:08:30,473] DEBUG (AbstractAutowireCapableBeanFactory.java:449).createBean - Creating instance of bean &apos;journalDao&apos;
[2014-10-08 16:08:30,473] DEBUG (AbstractBeanFactory.java:249).doGetBean - Returning cached instance of singleton bean &apos;org.springframework.aop.support.DefaultBeanFactoryPointcutAdvisor#0&apos;
[2014-10-08 16:08:30,474] DEBUG (InjectionMetadata.java:71).checkConfigMembers - Registered injected element on class [j.index.module.setting.journal.entity.JournalDao]: AutowiredFieldElement for private org.hibernate.SessionFactory j.index.core.dao.GenericHibernateDao.sessionFactory
[2014-10-08 16:08:30,474] DEBUG (AbstractAutowireCapableBeanFactory.java:523).doCreateBean - Eagerly caching bean &apos;journalDao&apos; to allow for resolving potential circular references
[2014-10-08 16:08:30,476] DEBUG (InjectionMetadata.java:85).inject - Processing injected method of bean &apos;journalDao&apos;: AutowiredFieldElement for private org.hibernate.SessionFactory j.index.core.dao.GenericHibernateDao.sessionFactory
[2014-10-08 16:08:30,476] DEBUG (AbstractBeanFactory.java:249).doGetBean - Returning cached instance of singleton bean &apos;sessionFactory&apos;
[2014-10-08 16:08:30,476] DEBUG (AutowiredAnnotationBeanPostProcessor.java:427).registerDependentBeans - Autowiring by type from bean name &apos;journalDao&apos; to bean named &apos;sessionFactory&apos;
[2014-10-08 16:08:30,476] DEBUG (AbstractBeanFactory.java:249).doGetBean - Returning cached instance of singleton bean &apos;org.springframework.aop.support.DefaultBeanFactoryPointcutAdvisor#0&apos;
[2014-10-08 16:08:30,476] DEBUG (AbstractBeanFactory.java:249).doGetBean - Returning cached instance of singleton bean &apos;org.springframework.aop.support.DefaultBeanFactoryPointcutAdvisor#0&apos;
[2014-10-08 16:08:30,477] DEBUG (AbstractAutowireCapableBeanFactory.java:477).createBean - Finished creating instance of bean &apos;journalDao&apos;
[2014-10-08 16:08:30,477] DEBUG (DefaultSingletonBeanRegistry.java:220).getSingleton - Creating shared instance of singleton bean &apos;journalService&apos;
[2014-10-08 16:08:30,477] DEBUG (AbstractAutowireCapableBeanFactory.java:449).createBean - Creating instance of bean &apos;journalService&apos;
[2014-10-08 16:08:30,477] DEBUG (AbstractBeanFactory.java:249).doGetBean - Returning cached instance of singleton bean &apos;org.springframework.aop.support.DefaultBeanFactoryPointcutAdvisor#0&apos;
[2014-10-08 16:08:30,478] DEBUG (InjectionMetadata.java:71).checkConfigMembers - Registered injected element on class [j.index.module.setting.journal.service.JournalService]: AutowiredFieldElement for private j.index.core.security.accountNumber.entity.AccountNumberDao j.index.core.service.GenericService.userDao
[2014-10-08 16:08:30,478] DEBUG (InjectionMetadata.java:71).checkConfigMembers - Registered injected element on class [j.index.module.setting.journal.service.JournalService]: AutowiredFieldElement for private org.hibernate.SessionFactory j.index.module.setting.journal.service.JournalService.sessionFactory
[2014-10-08 16:08:30,478] DEBUG (InjectionMetadata.java:71).checkConfigMembers - Registered injected element on class [j.index.module.setting.journal.service.JournalService]: AutowiredFieldElement for private j.index.module.setting.journal.entity.JournalDao j.index.module.setting.journal.service.JournalService.dao
[2014-10-08 16:08:30,478] DEBUG (AbstractAutowireCapableBeanFactory.java:523).doCreateBean - Eagerly caching bean &apos;journalService&apos; to allow for resolving potential circular references
[2014-10-08 16:08:30,480] DEBUG (InjectionMetadata.java:85).inject - Processing injected method of bean &apos;journalService&apos;: AutowiredFieldElement for private j.index.core.security.accountNumber.entity.AccountNumberDao j.index.core.service.GenericService.userDao
[2014-10-08 16:08:30,480] DEBUG (AbstractBeanFactory.java:249).doGetBean - Returning cached instance of singleton bean &apos;accountNumberDao&apos;
[2014-10-08 16:08:30,480] DEBUG (AutowiredAnnotationBeanPostProcessor.java:427).registerDependentBeans - Autowiring by type from bean name &apos;journalService&apos; to bean named &apos;accountNumberDao&apos;
[2014-10-08 16:08:30,480] DEBUG (InjectionMetadata.java:85).inject - Processing injected method of bean &apos;journalService&apos;: AutowiredFieldElement for private org.hibernate.SessionFactory j.index.module.setting.journal.service.JournalService.sessionFactory
[2014-10-08 16:08:30,480] DEBUG (AbstractBeanFactory.java:249).doGetBean - Returning cached instance of singleton bean &apos;sessionFactory&apos;
[2014-10-08 16:08:30,480] DEBUG (AutowiredAnnotationBeanPostProcessor.java:427).registerDependentBeans - Autowiring by type from bean name &apos;journalService&apos; to bean named &apos;sessionFactory&apos;
[2014-10-08 16:08:30,481] DEBUG (InjectionMetadata.java:85).inject - Processing injected method of bean &apos;journalService&apos;: AutowiredFieldElement for private j.index.module.setting.journal.entity.JournalDao j.index.module.setting.journal.service.JournalService.dao
[2014-10-08 16:08:30,481] DEBUG (AbstractBeanFactory.java:249).doGetBean - Returning cached instance of singleton bean &apos;journalDao&apos;
[2014-10-08 16:08:30,481] DEBUG (AutowiredAnnotationBeanPostProcessor.java:427).registerDependentBeans - Autowiring by type from bean name &apos;journalService&apos; to bean named &apos;journalDao&apos;
[2014-10-08 16:08:30,481] DEBUG (AbstractBeanFactory.java:249).doGetBean - Returning cached instance of singleton bean &apos;org.springframework.aop.support.DefaultBeanFactoryPointcutAdvisor#0&apos;
[2014-10-08 16:08:30,481] DEBUG (AbstractBeanFactory.java:249).doGetBean - Returning cached instance of singleton bean &apos;org.springframework.aop.support.DefaultBeanFactoryPointcutAdvisor#0&apos;
[2014-10-08 16:08:30,482] DEBUG (AbstractAutoProxyCreator.java:593).buildAdvisors - Creating implicit proxy for bean &apos;journalService&apos; with 0 common interceptors and 2 specific interceptors
[2014-10-08 16:08:30,482] DEBUG (CglibAopProxy.java:158).getProxy - Creating CGLIB proxy: target source is SingletonTargetSource for target object [j.index.module.setting.journal.service.JournalService@ea4a6b]
[2014-10-08 16:08:30,482] DEBUG (CglibAopProxy.java:804).accept - Must expose proxy on advised method: public j.index.core.model.DataSet j.index.module.setting.journal.service.JournalService.getByRestrictions(j.index.core.model.DataSet) throws java.lang.Exception
[2014-10-08 16:08:30,483] DEBUG (CglibAopProxy.java:804).accept - Must expose proxy on advised method: protected j.index.core.dao.GenericDao j.index.module.setting.journal.service.JournalService.getDao()
[2014-10-08 16:08:30,483] DEBUG (CglibAopProxy.java:804).accept - Must expose proxy on advised method: public java.util.HashSet j.index.module.setting.journal.service.JournalService.queryByKeyword(java.lang.String[]) throws java.lang.Exception
[2014-10-08 16:08:30,483] DEBUG (CglibAopProxy.java:804).accept - Must expose proxy on advised method: public void j.index.core.service.GenericService.deleteBySerNo(java.lang.Long) throws java.lang.Exception
[2014-10-08 16:08:30,483] DEBUG (CglibAopProxy.java:804).accept - Must expose proxy on advised method: public void j.index.core.service.GenericService.makeUserInfo(java.util.List) throws java.lang.Exception
[2014-10-08 16:08:30,484] DEBUG (CglibAopProxy.java:804).accept - Must expose proxy on advised method: public j.index.core.entity.GenericEntity j.index.core.service.GenericService.getBySerNo(java.lang.Long) throws java.lang.Exception
[2014-10-08 16:08:30,485] DEBUG (CglibAopProxy.java:804).accept - Must expose proxy on advised method: public j.index.core.entity.Entity j.index.core.service.GenericService.getBySerNo(java.lang.Long) throws java.lang.Exception
[2014-10-08 16:08:30,485] DEBUG (CglibAopProxy.java:804).accept - Must expose proxy on advised method: public j.index.core.entity.Entity j.index.core.service.GenericService.save(j.index.core.entity.Entity,j.index.core.security.accountNumber.entity.AccountNumber) throws java.lang.Exception
[2014-10-08 16:08:30,485] DEBUG (CglibAopProxy.java:804).accept - Must expose proxy on advised method: public j.index.core.entity.GenericEntity j.index.core.service.GenericService.save(j.index.core.entity.GenericEntity,j.index.core.security.accountNumber.entity.AccountNumber) throws java.lang.Exception
[2014-10-08 16:08:30,485] DEBUG (CglibAopProxy.java:804).accept - Must expose proxy on advised method: public j.index.core.security.accountNumber.entity.AccountNumber j.index.core.service.GenericService.getUserInfo(java.lang.Long) throws java.lang.Exception
[2014-10-08 16:08:30,485] DEBUG (CglibAopProxy.java:804).accept - Must expose proxy on advised method: public j.index.core.entity.Entity j.index.core.service.GenericService.update(j.index.core.entity.Entity,j.index.core.security.accountNumber.entity.AccountNumber) throws java.lang.Exception
[2014-10-08 16:08:30,485] DEBUG (CglibAopProxy.java:804).accept - Must expose proxy on advised method: public j.index.core.entity.Entity j.index.core.service.GenericService.update(j.index.core.entity.Entity,j.index.core.security.accountNumber.entity.AccountNumber,java.lang.String[]) throws java.lang.Exception
[2014-10-08 16:08:30,486] DEBUG (CglibAopProxy.java:804).accept - Must expose proxy on advised method: public j.index.core.entity.GenericEntity j.index.core.service.GenericService.update(j.index.core.entity.GenericEntity,j.index.core.security.accountNumber.entity.AccountNumber,java.lang.String[]) throws java.lang.Exception
[2014-10-08 16:08:30,486] DEBUG (CglibAopProxy.java:804).accept - Must expose proxy on advised method: public j.index.core.entity.GenericEntity j.index.core.service.GenericService.update(j.index.core.entity.GenericEntity,j.index.core.security.accountNumber.entity.AccountNumber) throws java.lang.Exception
[2014-10-08 16:08:30,486] DEBUG (CglibAopProxy.java:790).accept - Found &apos;hashCode&apos; method: public native int java.lang.Object.hashCode()
[2014-10-08 16:08:30,486] DEBUG (CglibAopProxy.java:785).accept - Found &apos;equals&apos; method: public boolean java.lang.Object.equals(java.lang.Object)
[2014-10-08 16:08:30,486] DEBUG (CglibAopProxy.java:804).accept - Must expose proxy on advised method: protected native java.lang.Object java.lang.Object.clone() throws java.lang.CloneNotSupportedException
[2014-10-08 16:08:30,486] DEBUG (CglibAopProxy.java:804).accept - Must expose proxy on advised method: public java.lang.String java.lang.Object.toString()
[2014-10-08 16:08:30,486] DEBUG (CglibAopProxy.java:773).accept - Found finalize() method - using NO_OVERRIDE
[2014-10-08 16:08:30,487] DEBUG (CglibAopProxy.java:779).accept - Method is declared on Advised interface: public abstract void org.springframework.aop.framework.Advised.setTargetSource(org.springframework.aop.TargetSource)
[2014-10-08 16:08:30,487] DEBUG (CglibAopProxy.java:779).accept - Method is declared on Advised interface: public abstract void org.springframework.aop.framework.Advised.addAdvisor(int,org.springframework.aop.Advisor) throws org.springframework.aop.framework.AopConfigException
[2014-10-08 16:08:30,487] DEBUG (CglibAopProxy.java:779).accept - Method is declared on Advised interface: public abstract void org.springframework.aop.framework.Advised.addAdvisor(org.springframework.aop.Advisor) throws org.springframework.aop.framework.AopConfigException
[2014-10-08 16:08:30,487] DEBUG (CglibAopProxy.java:779).accept - Method is declared on Advised interface: public abstract boolean org.springframework.aop.framework.Advised.isExposeProxy()
[2014-10-08 16:08:30,487] DEBUG (CglibAopProxy.java:779).accept - Method is declared on Advised interface: public abstract org.springframework.aop.TargetSource org.springframework.aop.framework.Advised.getTargetSource()
[2014-10-08 16:08:30,487] DEBUG (CglibAopProxy.java:779).accept - Method is declared on Advised interface: public abstract boolean org.springframework.aop.framework.Advised.isProxyTargetClass()
[2014-10-08 16:08:30,487] DEBUG (CglibAopProxy.java:779).accept - Method is declared on Advised interface: public abstract void org.springframework.aop.framework.Advised.setPreFiltered(boolean)
[2014-10-08 16:08:30,487] DEBUG (CglibAopProxy.java:779).accept - Method is declared on Advised interface: public abstract void org.springframework.aop.framework.Advised.setExposeProxy(boolean)
[2014-10-08 16:08:30,487] DEBUG (CglibAopProxy.java:779).accept - Method is declared on Advised interface: public abstract org.springframework.aop.Advisor[] org.springframework.aop.framework.Advised.getAdvisors()
[2014-10-08 16:08:30,488] DEBUG (CglibAopProxy.java:779).accept - Method is declared on Advised interface: public abstract java.lang.Class[] org.springframework.aop.framework.Advised.getProxiedInterfaces()
[2014-10-08 16:08:30,488] DEBUG (CglibAopProxy.java:779).accept - Method is declared on Advised interface: public abstract boolean org.springframework.aop.framework.Advised.isInterfaceProxied(java.lang.Class)
[2014-10-08 16:08:30,488] DEBUG (CglibAopProxy.java:779).accept - Method is declared on Advised interface: public abstract boolean org.springframework.aop.framework.Advised.replaceAdvisor(org.springframework.aop.Advisor,org.springframework.aop.Advisor) throws org.springframework.aop.framework.AopConfigException
[2014-10-08 16:08:30,488] DEBUG (CglibAopProxy.java:779).accept - Method is declared on Advised interface: public abstract java.lang.String org.springframework.aop.framework.Advised.toProxyConfigString()
[2014-10-08 16:08:30,488] DEBUG (CglibAopProxy.java:779).accept - Method is declared on Advised interface: public abstract void org.springframework.aop.framework.Advised.addAdvice(int,org.aopalliance.aop.Advice) throws org.springframework.aop.framework.AopConfigException
[2014-10-08 16:08:30,488] DEBUG (CglibAopProxy.java:779).accept - Method is declared on Advised interface: public abstract void org.springframework.aop.framework.Advised.addAdvice(org.aopalliance.aop.Advice) throws org.springframework.aop.framework.AopConfigException
[2014-10-08 16:08:30,488] DEBUG (CglibAopProxy.java:779).accept - Method is declared on Advised interface: public abstract boolean org.springframework.aop.framework.Advised.isPreFiltered()
[2014-10-08 16:08:30,488] DEBUG (CglibAopProxy.java:779).accept - Method is declared on Advised interface: public abstract void org.springframework.aop.framework.Advised.removeAdvisor(int) throws org.springframework.aop.framework.AopConfigException
[2014-10-08 16:08:30,489] DEBUG (CglibAopProxy.java:779).accept - Method is declared on Advised interface: public abstract boolean org.springframework.aop.framework.Advised.removeAdvisor(org.springframework.aop.Advisor)
[2014-10-08 16:08:30,489] DEBUG (CglibAopProxy.java:779).accept - Method is declared on Advised interface: public abstract boolean org.springframework.aop.framework.Advised.removeAdvice(org.aopalliance.aop.Advice)
[2014-10-08 16:08:30,489] DEBUG (CglibAopProxy.java:779).accept - Method is declared on Advised interface: public abstract int org.springframework.aop.framework.Advised.indexOf(org.aopalliance.aop.Advice)
[2014-10-08 16:08:30,489] DEBUG (CglibAopProxy.java:779).accept - Method is declared on Advised interface: public abstract int org.springframework.aop.framework.Advised.indexOf(org.springframework.aop.Advisor)
[2014-10-08 16:08:30,489] DEBUG (CglibAopProxy.java:779).accept - Method is declared on Advised interface: public abstract boolean org.springframework.aop.framework.Advised.isFrozen()
[2014-10-08 16:08:30,489] DEBUG (CglibAopProxy.java:779).accept - Method is declared on Advised interface: public abstract java.lang.Class org.springframework.aop.TargetClassAware.getTargetClass()
[2014-10-08 16:08:30,496] DEBUG (AbstractAutowireCapableBeanFactory.java:477).createBean - Finished creating instance of bean &apos;journalService&apos;
[2014-10-08 16:08:30,496] DEBUG (DefaultSingletonBeanRegistry.java:220).getSingleton - Creating shared instance of singleton bean &apos;searchDao&apos;
[2014-10-08 16:08:30,496] DEBUG (AbstractAutowireCapableBeanFactory.java:449).createBean - Creating instance of bean &apos;searchDao&apos;
[2014-10-08 16:08:30,496] DEBUG (AbstractBeanFactory.java:249).doGetBean - Returning cached instance of singleton bean &apos;org.springframework.aop.support.DefaultBeanFactoryPointcutAdvisor#0&apos;
[2014-10-08 16:08:30,497] DEBUG (InjectionMetadata.java:71).checkConfigMembers - Registered injected element on class [j.index.module.setting.search.entity.SearchDao]: AutowiredFieldElement for private org.hibernate.SessionFactory j.index.core.dao.GenericHibernateDao.sessionFactory
[2014-10-08 16:08:30,497] DEBUG (AbstractAutowireCapableBeanFactory.java:523).doCreateBean - Eagerly caching bean &apos;searchDao&apos; to allow for resolving potential circular references
[2014-10-08 16:08:30,499] DEBUG (InjectionMetadata.java:85).inject - Processing injected method of bean &apos;searchDao&apos;: AutowiredFieldElement for private org.hibernate.SessionFactory j.index.core.dao.GenericHibernateDao.sessionFactory
[2014-10-08 16:08:30,499] DEBUG (AbstractBeanFactory.java:249).doGetBean - Returning cached instance of singleton bean &apos;sessionFactory&apos;
[2014-10-08 16:08:30,499] DEBUG (AutowiredAnnotationBeanPostProcessor.java:427).registerDependentBeans - Autowiring by type from bean name &apos;searchDao&apos; to bean named &apos;sessionFactory&apos;
[2014-10-08 16:08:30,499] DEBUG (AbstractBeanFactory.java:249).doGetBean - Returning cached instance of singleton bean &apos;org.springframework.aop.support.DefaultBeanFactoryPointcutAdvisor#0&apos;
[2014-10-08 16:08:30,499] DEBUG (AbstractBeanFactory.java:249).doGetBean - Returning cached instance of singleton bean &apos;org.springframework.aop.support.DefaultBeanFactoryPointcutAdvisor#0&apos;
[2014-10-08 16:08:30,500] DEBUG (AbstractAutowireCapableBeanFactory.java:477).createBean - Finished creating instance of bean &apos;searchDao&apos;
[2014-10-08 16:08:30,500] DEBUG (DefaultSingletonBeanRegistry.java:220).getSingleton - Creating shared instance of singleton bean &apos;searchService&apos;
[2014-10-08 16:08:30,500] DEBUG (AbstractAutowireCapableBeanFactory.java:449).createBean - Creating instance of bean &apos;searchService&apos;
[2014-10-08 16:08:30,500] DEBUG (AbstractBeanFactory.java:249).doGetBean - Returning cached instance of singleton bean &apos;org.springframework.aop.support.DefaultBeanFactoryPointcutAdvisor#0&apos;
[2014-10-08 16:08:30,501] DEBUG (InjectionMetadata.java:71).checkConfigMembers - Registered injected element on class [j.index.module.setting.search.service.SearchService]: AutowiredFieldElement for private j.index.core.security.accountNumber.entity.AccountNumberDao j.index.core.service.GenericService.userDao
[2014-10-08 16:08:30,501] DEBUG (InjectionMetadata.java:71).checkConfigMembers - Registered injected element on class [j.index.module.setting.search.service.SearchService]: AutowiredFieldElement for private j.index.module.setting.search.entity.SearchDao j.index.module.setting.search.service.SearchService.dao
[2014-10-08 16:08:30,501] DEBUG (AbstractAutowireCapableBeanFactory.java:523).doCreateBean - Eagerly caching bean &apos;searchService&apos; to allow for resolving potential circular references
[2014-10-08 16:08:30,503] DEBUG (InjectionMetadata.java:85).inject - Processing injected method of bean &apos;searchService&apos;: AutowiredFieldElement for private j.index.core.security.accountNumber.entity.AccountNumberDao j.index.core.service.GenericService.userDao
[2014-10-08 16:08:30,504] DEBUG (AbstractBeanFactory.java:249).doGetBean - Returning cached instance of singleton bean &apos;accountNumberDao&apos;
[2014-10-08 16:08:30,504] DEBUG (AutowiredAnnotationBeanPostProcessor.java:427).registerDependentBeans - Autowiring by type from bean name &apos;searchService&apos; to bean named &apos;accountNumberDao&apos;
[2014-10-08 16:08:30,504] DEBUG (InjectionMetadata.java:85).inject - Processing injected method of bean &apos;searchService&apos;: AutowiredFieldElement for private j.index.module.setting.search.entity.SearchDao j.index.module.setting.search.service.SearchService.dao
[2014-10-08 16:08:30,504] DEBUG (AbstractBeanFactory.java:249).doGetBean - Returning cached instance of singleton bean &apos;searchDao&apos;
[2014-10-08 16:08:30,504] DEBUG (AutowiredAnnotationBeanPostProcessor.java:427).registerDependentBeans - Autowiring by type from bean name &apos;searchService&apos; to bean named &apos;searchDao&apos;
[2014-10-08 16:08:30,505] DEBUG (AbstractBeanFactory.java:249).doGetBean - Returning cached instance of singleton bean &apos;org.springframework.aop.support.DefaultBeanFactoryPointcutAdvisor#0&apos;
[2014-10-08 16:08:30,505] DEBUG (AbstractBeanFactory.java:249).doGetBean - Returning cached instance of singleton bean &apos;org.springframework.aop.support.DefaultBeanFactoryPointcutAdvisor#0&apos;
[2014-10-08 16:08:30,505] DEBUG (AbstractAutoProxyCreator.java:593).buildAdvisors - Creating implicit proxy for bean &apos;searchService&apos; with 0 common interceptors and 2 specific interceptors
[2014-10-08 16:08:30,505] DEBUG (CglibAopProxy.java:158).getProxy - Creating CGLIB proxy: target source is SingletonTargetSource for target object [j.index.module.setting.search.service.SearchService@15ef30c]
[2014-10-08 16:08:30,506] DEBUG (CglibAopProxy.java:804).accept - Must expose proxy on advised method: public j.index.core.model.DataSet j.index.module.setting.search.service.SearchService.getByRestrictions(j.index.core.model.DataSet) throws java.lang.Exception
[2014-10-08 16:08:30,506] DEBUG (CglibAopProxy.java:804).accept - Must expose proxy on advised method: protected j.index.core.dao.GenericDao j.index.module.setting.search.service.SearchService.getDao()
[2014-10-08 16:08:30,506] DEBUG (CglibAopProxy.java:804).accept - Must expose proxy on advised method: public void j.index.core.service.GenericService.deleteBySerNo(java.lang.Long) throws java.lang.Exception
[2014-10-08 16:08:30,506] DEBUG (CglibAopProxy.java:804).accept - Must expose proxy on advised method: public void j.index.core.service.GenericService.makeUserInfo(java.util.List) throws java.lang.Exception
[2014-10-08 16:08:30,507] DEBUG (CglibAopProxy.java:804).accept - Must expose proxy on advised method: public j.index.core.entity.GenericEntity j.index.core.service.GenericService.getBySerNo(java.lang.Long) throws java.lang.Exception
[2014-10-08 16:08:30,507] DEBUG (CglibAopProxy.java:804).accept - Must expose proxy on advised method: public j.index.core.entity.Entity j.index.core.service.GenericService.getBySerNo(java.lang.Long) throws java.lang.Exception
[2014-10-08 16:08:30,507] DEBUG (CglibAopProxy.java:804).accept - Must expose proxy on advised method: public j.index.core.entity.Entity j.index.core.service.GenericService.save(j.index.core.entity.Entity,j.index.core.security.accountNumber.entity.AccountNumber) throws java.lang.Exception
[2014-10-08 16:08:30,507] DEBUG (CglibAopProxy.java:804).accept - Must expose proxy on advised method: public j.index.core.entity.GenericEntity j.index.core.service.GenericService.save(j.index.core.entity.GenericEntity,j.index.core.security.accountNumber.entity.AccountNumber) throws java.lang.Exception
[2014-10-08 16:08:30,507] DEBUG (CglibAopProxy.java:804).accept - Must expose proxy on advised method: public j.index.core.security.accountNumber.entity.AccountNumber j.index.core.service.GenericService.getUserInfo(java.lang.Long) throws java.lang.Exception
[2014-10-08 16:08:30,507] DEBUG (CglibAopProxy.java:804).accept - Must expose proxy on advised method: public j.index.core.entity.Entity j.index.core.service.GenericService.update(j.index.core.entity.Entity,j.index.core.security.accountNumber.entity.AccountNumber) throws java.lang.Exception
[2014-10-08 16:08:30,507] DEBUG (CglibAopProxy.java:804).accept - Must expose proxy on advised method: public j.index.core.entity.Entity j.index.core.service.GenericService.update(j.index.core.entity.Entity,j.index.core.security.accountNumber.entity.AccountNumber,java.lang.String[]) throws java.lang.Exception
[2014-10-08 16:08:30,508] DEBUG (CglibAopProxy.java:804).accept - Must expose proxy on advised method: public j.index.core.entity.GenericEntity j.index.core.service.GenericService.update(j.index.core.entity.GenericEntity,j.index.core.security.accountNumber.entity.AccountNumber,java.lang.String[]) throws java.lang.Exception
[2014-10-08 16:08:30,508] DEBUG (CglibAopProxy.java:804).accept - Must expose proxy on advised method: public j.index.core.entity.GenericEntity j.index.core.service.GenericService.update(j.index.core.entity.GenericEntity,j.index.core.security.accountNumber.entity.AccountNumber) throws java.lang.Exception
[2014-10-08 16:08:30,508] DEBUG (CglibAopProxy.java:790).accept - Found &apos;hashCode&apos; method: public native int java.lang.Object.hashCode()
[2014-10-08 16:08:30,508] DEBUG (CglibAopProxy.java:785).accept - Found &apos;equals&apos; method: public boolean java.lang.Object.equals(java.lang.Object)
[2014-10-08 16:08:30,508] DEBUG (CglibAopProxy.java:804).accept - Must expose proxy on advised method: protected native java.lang.Object java.lang.Object.clone() throws java.lang.CloneNotSupportedException
[2014-10-08 16:08:30,508] DEBUG (CglibAopProxy.java:804).accept - Must expose proxy on advised method: public java.lang.String java.lang.Object.toString()
[2014-10-08 16:08:30,508] DEBUG (CglibAopProxy.java:773).accept - Found finalize() method - using NO_OVERRIDE
[2014-10-08 16:08:30,509] DEBUG (CglibAopProxy.java:779).accept - Method is declared on Advised interface: public abstract void org.springframework.aop.framework.Advised.setTargetSource(org.springframework.aop.TargetSource)
[2014-10-08 16:08:30,509] DEBUG (CglibAopProxy.java:779).accept - Method is declared on Advised interface: public abstract void org.springframework.aop.framework.Advised.addAdvisor(int,org.springframework.aop.Advisor) throws org.springframework.aop.framework.AopConfigException
[2014-10-08 16:08:30,509] DEBUG (CglibAopProxy.java:779).accept - Method is declared on Advised interface: public abstract void org.springframework.aop.framework.Advised.addAdvisor(org.springframework.aop.Advisor) throws org.springframework.aop.framework.AopConfigException
[2014-10-08 16:08:30,509] DEBUG (CglibAopProxy.java:779).accept - Method is declared on Advised interface: public abstract boolean org.springframework.aop.framework.Advised.isExposeProxy()
[2014-10-08 16:08:30,509] DEBUG (CglibAopProxy.java:779).accept - Method is declared on Advised interface: public abstract org.springframework.aop.TargetSource org.springframework.aop.framework.Advised.getTargetSource()
[2014-10-08 16:08:30,509] DEBUG (CglibAopProxy.java:779).accept - Method is declared on Advised interface: public abstract boolean org.springframework.aop.framework.Advised.isProxyTargetClass()
[2014-10-08 16:08:30,509] DEBUG (CglibAopProxy.java:779).accept - Method is declared on Advised interface: public abstract void org.springframework.aop.framework.Advised.setPreFiltered(boolean)
[2014-10-08 16:08:30,509] DEBUG (CglibAopProxy.java:779).accept - Method is declared on Advised interface: public abstract void org.springframework.aop.framework.Advised.setExposeProxy(boolean)
[2014-10-08 16:08:30,509] DEBUG (CglibAopProxy.java:779).accept - Method is declared on Advised interface: public abstract org.springframework.aop.Advisor[] org.springframework.aop.framework.Advised.getAdvisors()
[2014-10-08 16:08:30,510] DEBUG (CglibAopProxy.java:779).accept - Method is declared on Advised interface: public abstract java.lang.Class[] org.springframework.aop.framework.Advised.getProxiedInterfaces()
[2014-10-08 16:08:30,510] DEBUG (CglibAopProxy.java:779).accept - Method is declared on Advised interface: public abstract boolean org.springframework.aop.framework.Advised.isInterfaceProxied(java.lang.Class)
[2014-10-08 16:08:30,510] DEBUG (CglibAopProxy.java:779).accept - Method is declared on Advised interface: public abstract boolean org.springframework.aop.framework.Advised.replaceAdvisor(org.springframework.aop.Advisor,org.springframework.aop.Advisor) throws org.springframework.aop.framework.AopConfigException
[2014-10-08 16:08:30,510] DEBUG (CglibAopProxy.java:779).accept - Method is declared on Advised interface: public abstract java.lang.String org.springframework.aop.framework.Advised.toProxyConfigString()
[2014-10-08 16:08:30,510] DEBUG (CglibAopProxy.java:779).accept - Method is declared on Advised interface: public abstract void org.springframework.aop.framework.Advised.addAdvice(int,org.aopalliance.aop.Advice) throws org.springframework.aop.framework.AopConfigException
[2014-10-08 16:08:30,510] DEBUG (CglibAopProxy.java:779).accept - Method is declared on Advised interface: public abstract void org.springframework.aop.framework.Advised.addAdvice(org.aopalliance.aop.Advice) throws org.springframework.aop.framework.AopConfigException
[2014-10-08 16:08:30,510] DEBUG (CglibAopProxy.java:779).accept - Method is declared on Advised interface: public abstract boolean org.springframework.aop.framework.Advised.isPreFiltered()
[2014-10-08 16:08:30,510] DEBUG (CglibAopProxy.java:779).accept - Method is declared on Advised interface: public abstract void org.springframework.aop.framework.Advised.removeAdvisor(int) throws org.springframework.aop.framework.AopConfigException
[2014-10-08 16:08:30,511] DEBUG (CglibAopProxy.java:779).accept - Method is declared on Advised interface: public abstract boolean org.springframework.aop.framework.Advised.removeAdvisor(org.springframework.aop.Advisor)
[2014-10-08 16:08:30,511] DEBUG (CglibAopProxy.java:779).accept - Method is declared on Advised interface: public abstract boolean org.springframework.aop.framework.Advised.removeAdvice(org.aopalliance.aop.Advice)
[2014-10-08 16:08:30,511] DEBUG (CglibAopProxy.java:779).accept - Method is declared on Advised interface: public abstract int org.springframework.aop.framework.Advised.indexOf(org.aopalliance.aop.Advice)
[2014-10-08 16:08:30,511] DEBUG (CglibAopProxy.java:779).accept - Method is declared on Advised interface: public abstract int org.springframework.aop.framework.Advised.indexOf(org.springframework.aop.Advisor)
[2014-10-08 16:08:30,511] DEBUG (CglibAopProxy.java:779).accept - Method is declared on Advised interface: public abstract boolean org.springframework.aop.framework.Advised.isFrozen()
[2014-10-08 16:08:30,511] DEBUG (CglibAopProxy.java:779).accept - Method is declared on Advised interface: public abstract java.lang.Class org.springframework.aop.TargetClassAware.getTargetClass()
[2014-10-08 16:08:30,518] DEBUG (AbstractAutowireCapableBeanFactory.java:477).createBean - Finished creating instance of bean &apos;searchService&apos;
[2014-10-08 16:08:30,518] DEBUG (DefaultSingletonBeanRegistry.java:220).getSingleton - Creating shared instance of singleton bean &apos;systemConfigurer&apos;
[2014-10-08 16:08:30,518] DEBUG (AbstractAutowireCapableBeanFactory.java:449).createBean - Creating instance of bean &apos;systemConfigurer&apos;
[2014-10-08 16:08:30,519] DEBUG (AbstractAutowireCapableBeanFactory.java:523).doCreateBean - Eagerly caching bean &apos;systemConfigurer&apos; to allow for resolving potential circular references
[2014-10-08 16:08:30,522] DEBUG (AbstractAutowireCapableBeanFactory.java:1595).invokeInitMethods - Invoking afterPropertiesSet() on bean with name &apos;systemConfigurer&apos;
[2014-10-08 16:08:30,523] INFO  (PropertiesLoaderSupport.java:172).loadProperties - Loading properties file from class path resource [config/system.properties]
[2014-10-08 16:08:30,523] DEBUG (AbstractBeanFactory.java:249).doGetBean - Returning cached instance of singleton bean &apos;org.springframework.aop.support.DefaultBeanFactoryPointcutAdvisor#0&apos;
[2014-10-08 16:08:30,523] DEBUG (AbstractBeanFactory.java:249).doGetBean - Returning cached instance of singleton bean &apos;org.springframework.aop.support.DefaultBeanFactoryPointcutAdvisor#0&apos;
[2014-10-08 16:08:30,525] DEBUG (AbstractAutowireCapableBeanFactory.java:477).createBean - Finished creating instance of bean &apos;systemConfigurer&apos;
[2014-10-08 16:08:30,525] DEBUG (AbstractBeanFactory.java:249).doGetBean - Returning cached instance of singleton bean &apos;org.springframework.context.support.PropertySourcesPlaceholderConfigurer#0&apos;
[2014-10-08 16:08:30,525] DEBUG (AbstractBeanFactory.java:249).doGetBean - Returning cached instance of singleton bean &apos;transactionManager&apos;
[2014-10-08 16:08:30,525] DEBUG (AbstractBeanFactory.java:249).doGetBean - Returning cached instance of singleton bean &apos;org.springframework.aop.config.internalAutoProxyCreator&apos;
[2014-10-08 16:08:30,526] DEBUG (AbstractBeanFactory.java:249).doGetBean - Returning cached instance of singleton bean &apos;txAdvice&apos;
[2014-10-08 16:08:30,526] DEBUG (AbstractBeanFactory.java:249).doGetBean - Returning cached instance of singleton bean &apos;org.springframework.aop.support.DefaultBeanFactoryPointcutAdvisor#0&apos;
[2014-10-08 16:08:30,526] DEBUG (AbstractBeanFactory.java:249).doGetBean - Returning cached instance of singleton bean &apos;dataSource&apos;
[2014-10-08 16:08:30,526] DEBUG (AbstractBeanFactory.java:249).doGetBean - Returning cached instance of singleton bean &apos;sessionFactory&apos;
[2014-10-08 16:08:30,526] DEBUG (DefaultSingletonBeanRegistry.java:220).getSingleton - Creating shared instance of singleton bean &apos;org.springframework.jdbc.datasource.init.DataSourceInitializer#0&apos;
[2014-10-08 16:08:30,526] DEBUG (AbstractAutowireCapableBeanFactory.java:449).createBean - Creating instance of bean &apos;org.springframework.jdbc.datasource.init.DataSourceInitializer#0&apos;
[2014-10-08 16:08:30,526] DEBUG (AbstractBeanFactory.java:249).doGetBean - Returning cached instance of singleton bean &apos;org.springframework.aop.support.DefaultBeanFactoryPointcutAdvisor#0&apos;
[2014-10-08 16:08:30,526] DEBUG (AbstractAutowireCapableBeanFactory.java:523).doCreateBean - Eagerly caching bean &apos;org.springframework.jdbc.datasource.init.DataSourceInitializer#0&apos; to allow for resolving potential circular references
[2014-10-08 16:08:30,528] DEBUG (AbstractBeanFactory.java:249).doGetBean - Returning cached instance of singleton bean &apos;dataSource&apos;
[2014-10-08 16:08:30,528] DEBUG (AbstractAutowireCapableBeanFactory.java:449).createBean - Creating instance of bean &apos;(inner bean)#1&apos;
[2014-10-08 16:08:30,528] DEBUG (AbstractBeanFactory.java:249).doGetBean - Returning cached instance of singleton bean &apos;org.springframework.aop.support.DefaultBeanFactoryPointcutAdvisor#0&apos;
[2014-10-08 16:08:30,530] DEBUG (AbstractAutowireCapableBeanFactory.java:449).createBean - Creating instance of bean &apos;(inner bean)#2&apos;
[2014-10-08 16:08:30,530] DEBUG (AbstractBeanFactory.java:249).doGetBean - Returning cached instance of singleton bean &apos;org.springframework.aop.support.DefaultBeanFactoryPointcutAdvisor#0&apos;
[2014-10-08 16:08:30,532] DEBUG (AbstractAutowireCapableBeanFactory.java:449).createBean - Creating instance of bean &apos;(inner bean)#3&apos;
[2014-10-08 16:08:30,532] DEBUG (AbstractBeanFactory.java:249).doGetBean - Returning cached instance of singleton bean &apos;org.springframework.aop.support.DefaultBeanFactoryPointcutAdvisor#0&apos;
[2014-10-08 16:08:30,536] DEBUG (BeanUtils.java:441).findEditorByConvention - No property editor [org.springframework.core.io.ResourceLoaderEditor] found for type org.springframework.core.io.ResourceLoader according to &apos;Editor&apos; suffix convention
[2014-10-08 16:08:30,541] DEBUG (AbstractAutowireCapableBeanFactory.java:1595).invokeInitMethods - Invoking afterPropertiesSet() on bean with name &apos;(inner bean)#3&apos;
[2014-10-08 16:08:30,542] DEBUG (AbstractBeanFactory.java:249).doGetBean - Returning cached instance of singleton bean &apos;org.springframework.aop.support.DefaultBeanFactoryPointcutAdvisor#0&apos;
[2014-10-08 16:08:30,542] DEBUG (AbstractBeanFactory.java:249).doGetBean - Returning cached instance of singleton bean &apos;org.springframework.aop.support.DefaultBeanFactoryPointcutAdvisor#0&apos;
[2014-10-08 16:08:30,545] DEBUG (AbstractAutowireCapableBeanFactory.java:477).createBean - Finished creating instance of bean &apos;(inner bean)#3&apos;
[2014-10-08 16:08:30,545] DEBUG (AbstractBeanFactory.java:249).doGetBean - Returning cached instance of singleton bean &apos;org.springframework.aop.support.DefaultBeanFactoryPointcutAdvisor#0&apos;
[2014-10-08 16:08:30,546] DEBUG (AbstractBeanFactory.java:249).doGetBean - Returning cached instance of singleton bean &apos;org.springframework.aop.support.DefaultBeanFactoryPointcutAdvisor#0&apos;
[2014-10-08 16:08:30,546] DEBUG (AbstractBeanFactory.java:249).doGetBean - Returning cached instance of singleton bean &apos;org.springframework.aop.support.DefaultBeanFactoryPointcutAdvisor#0&apos;
[2014-10-08 16:08:30,546] DEBUG (AbstractBeanFactory.java:249).doGetBean - Returning cached instance of singleton bean &apos;org.springframework.aop.support.DefaultBeanFactoryPointcutAdvisor#0&apos;
[2014-10-08 16:08:30,547] DEBUG (AbstractAutowireCapableBeanFactory.java:477).createBean - Finished creating instance of bean &apos;(inner bean)#2&apos;
[2014-10-08 16:08:30,547] DEBUG (AbstractBeanFactory.java:249).doGetBean - Returning cached instance of singleton bean &apos;org.springframework.aop.support.DefaultBeanFactoryPointcutAdvisor#0&apos;
[2014-10-08 16:08:30,547] DEBUG (AbstractBeanFactory.java:249).doGetBean - Returning cached instance of singleton bean &apos;org.springframework.aop.support.DefaultBeanFactoryPointcutAdvisor#0&apos;
[2014-10-08 16:08:30,550] DEBUG (AbstractAutowireCapableBeanFactory.java:477).createBean - Finished creating instance of bean &apos;(inner bean)#1&apos;
[2014-10-08 16:08:30,550] DEBUG (AbstractAutowireCapableBeanFactory.java:449).createBean - Creating instance of bean &apos;(inner bean)#4&apos;
[2014-10-08 16:08:30,550] DEBUG (AbstractBeanFactory.java:249).doGetBean - Returning cached instance of singleton bean &apos;org.springframework.aop.support.DefaultBeanFactoryPointcutAdvisor#0&apos;
[2014-10-08 16:08:30,550] DEBUG (AbstractBeanFactory.java:249).doGetBean - Returning cached instance of singleton bean &apos;org.springframework.aop.support.DefaultBeanFactoryPointcutAdvisor#0&apos;
[2014-10-08 16:08:30,550] DEBUG (AbstractBeanFactory.java:249).doGetBean - Returning cached instance of singleton bean &apos;org.springframework.aop.support.DefaultBeanFactoryPointcutAdvisor#0&apos;
[2014-10-08 16:08:30,551] DEBUG (AbstractAutowireCapableBeanFactory.java:477).createBean - Finished creating instance of bean &apos;(inner bean)#4&apos;
[2014-10-08 16:08:30,551] DEBUG (AbstractAutowireCapableBeanFactory.java:1595).invokeInitMethods - Invoking afterPropertiesSet() on bean with name &apos;org.springframework.jdbc.datasource.init.DataSourceInitializer#0&apos;
[2014-10-08 16:08:30,554] DEBUG (DataSourceUtils.java:110).doGetConnection - Fetching JDBC Connection from DataSource
[2014-10-08 16:08:30,555] DEBUG (DefaultSingletonBeanRegistry.java:530).destroyBean - Retrieved dependent beans for bean &apos;(inner bean)#1&apos;: [org.springframework.jdbc.datasource.init.DataSourceInitializer#0]
[2014-10-08 16:08:30,559] DEBUG (DefaultSingletonBeanRegistry.java:530).destroyBean - Retrieved dependent beans for bean &apos;(inner bean)#2&apos;: [(inner bean)#1]
[2014-10-08 16:08:30,559] DEBUG (DefaultSingletonBeanRegistry.java:530).destroyBean - Retrieved dependent beans for bean &apos;(inner bean)#3&apos;: [(inner bean)#2]
[2014-10-08 16:08:30,560] DEBUG (DisposableBeanAdapter.java:244).destroy - Invoking destroy() on bean with name &apos;(inner bean)#3&apos;
[2014-10-08 16:08:30,560] DEBUG (DefaultSingletonBeanRegistry.java:474).destroySingletons - Destroying singletons in org.springframework.beans.factory.support.DefaultListableBeanFactory@364879: defining beans [org.springframework.context.annotation.internalConfigurationAnnotationProcessor,org.springframework.context.annotation.internalAutowiredAnnotationProcessor,org.springframework.context.annotation.internalRequiredAnnotationProcessor,org.springframework.context.annotation.internalCommonAnnotationProcessor,org.springframework.context.annotation.internalPersistenceAnnotationProcessor,dataSet,pager,accountNumber,accountNumberDao,accountNumberAction,accountNumberService,commonPageAction,authorizationAction,customer,customerDao,customerAction,customerService,database,databaseDao,databaseAction,databaseService,ebook,ebookDao,ebookAction,ebookService,journal,journalDao,journalAction,journalService,search,searchDao,searchAction,searchService,systemConfigurer,org.springframework.context.support.PropertySourcesPlaceholderConfigurer#0,transactionManager,org.springframework.aop.config.internalAutoProxyCreator,txAdvice,serviceOperation,org.springframework.aop.support.DefaultBeanFactoryPointcutAdvisor#0,dataSource,sessionFactory,org.springframework.jdbc.datasource.init.DataSourceInitializer#0,org.springframework.context.annotation.ConfigurationClassPostProcessor.importAwareProcessor,org.springframework.context.annotation.ConfigurationClassPostProcessor.enhancedConfigurationProcessor]; root of factory hierarchy
[2014-10-08 16:08:30,560] DEBUG (DefaultSingletonBeanRegistry.java:530).destroyBean - Retrieved dependent beans for bean &apos;(inner bean)&apos;: [txAdvice]
[2014-10-08 16:08:30,560] DEBUG (DisposableBeanAdapter.java:244).destroy - Invoking destroy() on bean with name &apos;sessionFactory&apos;
[2014-10-08 16:08:30,561] DEBUG (DisposableBeanAdapter.java:322).invokeCustomDestroyMethod - Invoking destroy method &apos;close&apos; on bean with name &apos;dataSource&apos;
[2014-10-08 16:08:30,561] ERROR (TestContextManager.java:322).prepareTestInstance - Caught exception while allowing TestExecutionListener [org.springframework.test.context.support.DependencyInjectionTestExecutionListener@1d5ab30] to prepare test instance [j.index.core.security.accountNumber.dao.SecUserDaoTest@1431028]
java.lang.IllegalStateException: Failed to load ApplicationContext
	at org.springframework.test.context.CacheAwareContextLoaderDelegate.loadContext(CacheAwareContextLoaderDelegate.java:99)
	at org.springframework.test.context.DefaultTestContext.getApplicationContext(DefaultTestContext.java:101)
	at org.springframework.test.context.support.DependencyInjectionTestExecutionListener.injectDependencies(DependencyInjectionTestExecutionListener.java:109)
	at org.springframework.test.context.support.DependencyInjectionTestExecutionListener.prepareTestInstance(DependencyInjectionTestExecutionListener.java:75)
	at org.springframework.test.context.TestContextManager.prepareTestInstance(TestContextManager.java:319)
	at org.springframework.test.context.junit4.SpringJUnit4ClassRunner.createTest(SpringJUnit4ClassRunner.java:212)
	at org.springframework.test.context.junit4.SpringJUnit4ClassRunner$1.runReflectiveCall(SpringJUnit4ClassRunner.java:289)
	at org.junit.internal.runners.model.ReflectiveCallable.run(ReflectiveCallable.java:12)
	at org.springframework.test.context.junit4.SpringJUnit4ClassRunner.methodBlock(SpringJUnit4ClassRunner.java:291)
	at org.springframework.test.context.junit4.SpringJUnit4ClassRunner.runChild(SpringJUnit4ClassRunner.java:232)
	at org.springframework.test.context.junit4.SpringJUnit4ClassRunner.runChild(SpringJUnit4ClassRunner.java:89)
	at org.junit.runners.ParentRunner$3.run(ParentRunner.java:238)
	at org.junit.runners.ParentRunner$1.schedule(ParentRunner.java:63)
	at org.junit.runners.ParentRunner.runChildren(ParentRunner.java:236)
	at org.junit.runners.ParentRunner.access$000(ParentRunner.java:53)
	at org.junit.runners.ParentRunner$2.evaluate(ParentRunner.java:229)
	at org.springframework.test.context.junit4.statements.RunBeforeTestClassCallbacks.evaluate(RunBeforeTestClassCallbacks.java:61)
	at org.springframework.test.context.junit4.statements.RunAfterTestClassCallbacks.evaluate(RunAfterTestClassCallbacks.java:71)
	at org.junit.runners.ParentRunner.run(ParentRunner.java:309)
	at org.springframework.test.context.junit4.SpringJUnit4ClassRunner.run(SpringJUnit4ClassRunner.java:175)
	at org.apache.maven.surefire.junit4.JUnit4TestSet.execute(JUnit4TestSet.java:53)
	at org.apache.maven.surefire.junit4.JUnit4Provider.executeTestSet(JUnit4Provider.java:123)
	at org.apache.maven.surefire.junit4.JUnit4Provider.invoke(JUnit4Provider.java:104)
	at sun.reflect.NativeMethodAccessorImpl.invoke0(Native Method)
	at sun.reflect.NativeMethodAccessorImpl.invoke(Unknown Source)
	at sun.reflect.DelegatingMethodAccessorImpl.invoke(Unknown Source)
	at java.lang.reflect.Method.invoke(Unknown Source)
	at org.apache.maven.surefire.util.ReflectionUtils.invokeMethodWithArray(ReflectionUtils.java:164)
	at org.apache.maven.surefire.booter.ProviderFactory$ProviderProxy.invoke(ProviderFactory.java:110)
	at org.apache.maven.surefire.booter.SurefireStarter.invokeProvider(SurefireStarter.java:175)
	at org.apache.maven.surefire.booter.SurefireStarter.runSuitesInProcessWhenForked(SurefireStarter.java:107)
	at org.apache.maven.surefire.booter.ForkedBooter.main(ForkedBooter.java:68)
Caused by: org.springframework.beans.factory.BeanCreationException: Error creating bean with name &apos;org.springframework.jdbc.datasource.init.DataSourceInitializer#0&apos;: Invocation of init method failed; nested exception is org.springframework.dao.DataAccessResourceFailureException: Failed to execute database script; nested exception is org.springframework.jdbc.CannotGetJdbcConnectionException: Could not get JDBC Connection; nested exception is java.sql.SQLSyntaxErrorException: You have an error in your SQL syntax; check the manual that corresponds to your MariaDB server version for the right syntax to use near &apos;index&apos; at line 1
	at org.springframework.beans.factory.support.AbstractAutowireCapableBeanFactory.initializeBean(AbstractAutowireCapableBeanFactory.java:1553)
	at org.springframework.beans.factory.support.AbstractAutowireCapableBeanFactory.doCreateBean(AbstractAutowireCapableBeanFactory.java:539)
	at org.springframework.beans.factory.support.AbstractAutowireCapableBeanFactory.createBean(AbstractAutowireCapableBeanFactory.java:475)
	at org.springframework.beans.factory.support.AbstractBeanFactory$1.getObject(AbstractBeanFactory.java:304)
	at org.springframework.beans.factory.support.DefaultSingletonBeanRegistry.getSingleton(DefaultSingletonBeanRegistry.java:228)
	at org.springframework.beans.factory.support.AbstractBeanFactory.doGetBean(AbstractBeanFactory.java:300)
	at org.springframework.beans.factory.support.AbstractBeanFactory.getBean(AbstractBeanFactory.java:195)
	at org.springframework.beans.factory.support.DefaultListableBeanFactory.preInstantiateSingletons(DefaultListableBeanFactory.java:700)
	at org.springframework.context.support.AbstractApplicationContext.finishBeanFactoryInitialization(AbstractApplicationContext.java:760)
	at org.springframework.context.support.AbstractApplicationContext.refresh(AbstractApplicationContext.java:482)
	at org.springframework.test.context.support.AbstractGenericContextLoader.loadContext(AbstractGenericContextLoader.java:121)
	at org.springframework.test.context.support.AbstractGenericContextLoader.loadContext(AbstractGenericContextLoader.java:60)
	at org.springframework.test.context.support.AbstractDelegatingSmartContextLoader.delegateLoading(AbstractDelegatingSmartContextLoader.java:100)
	at org.springframework.test.context.support.AbstractDelegatingSmartContextLoader.loadContext(AbstractDelegatingSmartContextLoader.java:250)
	at org.springframework.test.context.CacheAwareContextLoaderDelegate.loadContextInternal(CacheAwareContextLoaderDelegate.java:64)
	at org.springframework.test.context.CacheAwareContextLoaderDelegate.loadContext(CacheAwareContextLoaderDelegate.java:91)
	... 31 more
Caused by: org.springframework.dao.DataAccessResourceFailureException: Failed to execute database script; nested exception is org.springframework.jdbc.CannotGetJdbcConnectionException: Could not get JDBC Connection; nested exception is java.sql.SQLSyntaxErrorException: You have an error in your SQL syntax; check the manual that corresponds to your MariaDB server version for the right syntax to use near &apos;index&apos; at line 1
	at org.springframework.jdbc.datasource.init.DatabasePopulatorUtils.execute(DatabasePopulatorUtils.java:56)
	at org.springframework.jdbc.datasource.init.DataSourceInitializer.afterPropertiesSet(DataSourceInitializer.java:84)
	at org.springframework.beans.factory.support.AbstractAutowireCapableBeanFactory.invokeInitMethods(AbstractAutowireCapableBeanFactory.java:1612)
	at org.springframework.beans.factory.support.AbstractAutowireCapableBeanFactory.initializeBean(AbstractAutowireCapableBeanFactory.java:1549)
	... 46 more
Caused by: org.springframework.jdbc.CannotGetJdbcConnectionException: Could not get JDBC Connection; nested exception is java.sql.SQLSyntaxErrorException: You have an error in your SQL syntax; check the manual that corresponds to your MariaDB server version for the right syntax to use near &apos;index&apos; at line 1
	at org.springframework.jdbc.datasource.DataSourceUtils.getConnection(DataSourceUtils.java:80)
	at org.springframework.jdbc.datasource.init.DatabasePopulatorUtils.execute(DatabasePopulatorUtils.java:45)
	... 49 more
Caused by: java.sql.SQLSyntaxErrorException: You have an error in your SQL syntax; check the manual that corresponds to your MariaDB server version for the right syntax to use near &apos;index&apos; at line 1
	at org.mariadb.jdbc.internal.SQLExceptionMapper.get(SQLExceptionMapper.java:138)
	at org.mariadb.jdbc.internal.SQLExceptionMapper.throwException(SQLExceptionMapper.java:106)
	at org.mariadb.jdbc.Driver.connect(Driver.java:114)
	at org.apache.commons.dbcp.DriverConnectionFactory.createConnection(DriverConnectionFactory.java:82)
	at org.apache.commons.dbcp.PoolableConnectionFactory.makeObject(PoolableConnectionFactory.java:256)
	at org.apache.commons.pool.impl.GenericObjectPool.borrowObject(GenericObjectPool.java:816)
	at org.apache.commons.dbcp.PoolingDataSource.getConnection(PoolingDataSource.java:115)
	at org.apache.commons.dbcp.BasicDataSource.getConnection(BasicDataSource.java:430)
	at org.springframework.jdbc.datasource.DataSourceUtils.doGetConnection(DataSourceUtils.java:111)
	at org.springframework.jdbc.datasource.DataSourceUtils.getConnection(DataSourceUtils.java:77)
	... 50 more
Caused by: org.mariadb.jdbc.internal.common.QueryException: You have an error in your SQL syntax; check the manual that corresponds to your MariaDB server version for the right syntax to use near &apos;index&apos; at line 1
	at org.mariadb.jdbc.internal.mysql.MySQLProtocol.getResult(MySQLProtocol.java:942)
	at org.mariadb.jdbc.internal.mysql.MySQLProtocol.executeQuery(MySQLProtocol.java:991)
	at org.mariadb.jdbc.internal.mysql.MySQLProtocol.executeQuery(MySQLProtocol.java:886)
	at org.mariadb.jdbc.internal.mysql.MySQLProtocol.connect(MySQLProtocol.java:504)
	at org.mariadb.jdbc.internal.mysql.MySQLProtocol.connect(MySQLProtocol.java:673)
	at org.mariadb.jdbc.internal.mysql.MySQLProtocol.&lt;init&gt;(MySQLProtocol.java:266)
	at org.mariadb.jdbc.Driver.connect(Driver.java:110)
	... 57 more
</system-out>
  </testcase>
</testsuite>