<?xml version="1.0" encoding="UTF-8" ?>
<testsuite failures="1" time="11.134" errors="0" skipped="0" tests="1" name="j.index.module.setting.resourcesUnion.service.ResourcesUnionServiceTest">
  <properties>
    <property name="java.runtime.name" value="Java(TM) SE Runtime Environment"/>
    <property name="sun.boot.library.path" value="C:\Program Files\Java\jre7\bin"/>
    <property name="java.vm.version" value="24.45-b08"/>
    <property name="java.vm.vendor" value="Oracle Corporation"/>
    <property name="java.vendor.url" value="http://java.oracle.com/"/>
    <property name="path.separator" value=";"/>
    <property name="guice.disable.misplaced.annotation.check" value="true"/>
    <property name="java.vm.name" value="Java HotSpot(TM) Client VM"/>
    <property name="file.encoding.pkg" value="sun.io"/>
    <property name="user.script" value=""/>
    <property name="user.country" value="TW"/>
    <property name="sun.java.launcher" value="SUN_STANDARD"/>
    <property name="sun.os.patch.level" value="Service Pack 1"/>
    <property name="java.vm.specification.name" value="Java Virtual Machine Specification"/>
    <property name="user.dir" value="C:\tmuhj\TMUHJ"/>
    <property name="java.runtime.version" value="1.7.0_45-b18"/>
    <property name="java.awt.graphicsenv" value="sun.awt.Win32GraphicsEnvironment"/>
    <property name="java.endorsed.dirs" value="C:\Program Files\Java\jre7\lib\endorsed"/>
    <property name="os.arch" value="x86"/>
    <property name="java.io.tmpdir" value="C:\Users\user\AppData\Local\Temp\"/>
    <property name="line.separator" value="
"/>
    <property name="java.vm.specification.vendor" value="Oracle Corporation"/>
    <property name="user.variant" value=""/>
    <property name="os.name" value="Windows 7"/>
    <property name="classworlds.conf" value="C:\JSP\workspace\.metadata\.plugins\org.eclipse.m2e.launching\launches\m2conf6855757153136922809.tmp"/>
    <property name="sun.jnu.encoding" value="MS950"/>
    <property name="java.library.path" value="C:\Program Files\Java\jre7\bin;C:\windows\Sun\Java\bin;C:\windows\system32;C:\windows;C:/Program Files/Java/jre7/bin/client;C:/Program Files/Java/jre7/bin;C:/Program Files/Java/jre7/lib/i386;C:\windows\system32;C:\windows;C:\windows\System32\Wbem;C:\windows\System32\WindowsPowerShell\v1.0\;C:\Program Files\TortoiseSVN\bin;C:\Program Files\Java\jdk1.7.0_45\bin;C:\Program Files\GtkSharp\2.12\bin;C:\J2EE\eclipse;;."/>
    <property name="java.specification.name" value="Java Platform API Specification"/>
    <property name="java.class.version" value="51.0"/>
    <property name="sun.management.compiler" value="HotSpot Client Compiler"/>
    <property name="os.version" value="6.1"/>
    <property name="user.home" value="C:\Users\user"/>
    <property name="user.timezone" value="Asia/Taipei"/>
    <property name="java.awt.printerjob" value="sun.awt.windows.WPrinterJob"/>
    <property name="java.specification.version" value="1.7"/>
    <property name="file.encoding" value="UTF-8"/>
    <property name="user.name" value="user"/>
    <property name="java.class.path" value="/C:/J2EE/eclipse/configuration/org.eclipse.osgi/bundles/1396/1/.cp/jars/plexus-classworlds-2.4.jar"/>
    <property name="java.vm.specification.version" value="1.7"/>
    <property name="sun.arch.data.model" value="32"/>
    <property name="java.home" value="C:\Program Files\Java\jre7"/>
    <property name="sun.java.command" value="org.codehaus.plexus.classworlds.launcher.Launcher -B test"/>
    <property name="java.specification.vendor" value="Oracle Corporation"/>
    <property name="user.language" value="zh"/>
    <property name="awt.toolkit" value="sun.awt.windows.WToolkit"/>
    <property name="java.vm.info" value="mixed mode, sharing"/>
    <property name="java.version" value="1.7.0_45"/>
    <property name="java.ext.dirs" value="C:\Program Files\Java\jre7\lib\ext;C:\windows\Sun\Java\lib\ext"/>
    <property name="sun.boot.class.path" value="C:\Program Files\Java\jre7\lib\resources.jar;C:\Program Files\Java\jre7\lib\rt.jar;C:\Program Files\Java\jre7\lib\sunrsasign.jar;C:\Program Files\Java\jre7\lib\jsse.jar;C:\Program Files\Java\jre7\lib\jce.jar;C:\Program Files\Java\jre7\lib\charsets.jar;C:\Program Files\Java\jre7\lib\jfr.jar;C:\Program Files\Java\jre7\classes"/>
    <property name="java.vendor" value="Oracle Corporation"/>
    <property name="maven.home" value="C:\tmuhj\TMUHJ\EMBEDDED"/>
    <property name="file.separator" value="\"/>
    <property name="java.vendor.url.bug" value="http://bugreport.sun.com/bugreport/"/>
    <property name="maven.bootclasspath" value="/C:/J2EE/eclipse/configuration/org.eclipse.osgi/bundles/1396/1/.cp/jars/plexus-classworlds-2.4.jar"/>
    <property name="sun.cpu.endian" value="little"/>
    <property name="sun.io.unicode.encoding" value="UnicodeLittle"/>
    <property name="sun.desktop" value="windows"/>
    <property name="sun.cpu.isalist" value="pentium_pro+mmx pentium_pro pentium+mmx pentium i486 i386 i86"/>
  </properties>
  <testcase time="11.134" classname="j.index.module.setting.resourcesUnion.service.ResourcesUnionServiceTest" name="testCRUD">
    <failure message="expected:&lt;2&gt; but was:&lt;14384&gt;" type="java.lang.AssertionError">java.lang.AssertionError: expected:&lt;2&gt; but was:&lt;14384&gt;
	at org.junit.Assert.fail(Assert.java:88)
	at org.junit.Assert.failNotEquals(Assert.java:743)
	at org.junit.Assert.assertEquals(Assert.java:118)
	at org.junit.Assert.assertEquals(Assert.java:555)
	at org.junit.Assert.assertEquals(Assert.java:542)
	at j.index.module.setting.resourcesUnion.service.ResourcesUnionServiceTest.testCRUD(ResourcesUnionServiceTest.java:80)
	at sun.reflect.NativeMethodAccessorImpl.invoke0(Native Method)
	at sun.reflect.NativeMethodAccessorImpl.invoke(Unknown Source)
	at sun.reflect.DelegatingMethodAccessorImpl.invoke(Unknown Source)
	at java.lang.reflect.Method.invoke(Unknown Source)
	at org.junit.runners.model.FrameworkMethod$1.runReflectiveCall(FrameworkMethod.java:47)
	at org.junit.internal.runners.model.ReflectiveCallable.run(ReflectiveCallable.java:12)
	at org.junit.runners.model.FrameworkMethod.invokeExplosively(FrameworkMethod.java:44)
	at org.junit.internal.runners.statements.InvokeMethod.evaluate(InvokeMethod.java:17)
	at org.springframework.test.context.junit4.statements.RunBeforeTestMethodCallbacks.evaluate(RunBeforeTestMethodCallbacks.java:74)
	at org.springframework.test.context.junit4.statements.RunAfterTestMethodCallbacks.evaluate(RunAfterTestMethodCallbacks.java:83)
	at org.springframework.test.context.junit4.statements.SpringRepeat.evaluate(SpringRepeat.java:72)
	at org.springframework.test.context.junit4.SpringJUnit4ClassRunner.runChild(SpringJUnit4ClassRunner.java:232)
	at org.springframework.test.context.junit4.SpringJUnit4ClassRunner.runChild(SpringJUnit4ClassRunner.java:89)
	at org.junit.runners.ParentRunner$3.run(ParentRunner.java:238)
	at org.junit.runners.ParentRunner$1.schedule(ParentRunner.java:63)
	at org.junit.runners.ParentRunner.runChildren(ParentRunner.java:236)
	at org.junit.runners.ParentRunner.access$000(ParentRunner.java:53)
	at org.junit.runners.ParentRunner$2.evaluate(ParentRunner.java:229)
	at org.springframework.test.context.junit4.statements.RunBeforeTestClassCallbacks.evaluate(RunBeforeTestClassCallbacks.java:61)
	at org.springframework.test.context.junit4.statements.RunAfterTestClassCallbacks.evaluate(RunAfterTestClassCallbacks.java:71)
	at org.junit.runners.ParentRunner.run(ParentRunner.java:309)
	at org.springframework.test.context.junit4.SpringJUnit4ClassRunner.run(SpringJUnit4ClassRunner.java:175)
	at org.apache.maven.surefire.junit4.JUnit4TestSet.execute(JUnit4TestSet.java:53)
	at org.apache.maven.surefire.junit4.JUnit4Provider.executeTestSet(JUnit4Provider.java:123)
	at org.apache.maven.surefire.junit4.JUnit4Provider.invoke(JUnit4Provider.java:104)
	at sun.reflect.NativeMethodAccessorImpl.invoke0(Native Method)
	at sun.reflect.NativeMethodAccessorImpl.invoke(Unknown Source)
	at sun.reflect.DelegatingMethodAccessorImpl.invoke(Unknown Source)
	at java.lang.reflect.Method.invoke(Unknown Source)
	at org.apache.maven.surefire.util.ReflectionUtils.invokeMethodWithArray(ReflectionUtils.java:164)
	at org.apache.maven.surefire.booter.ProviderFactory$ProviderProxy.invoke(ProviderFactory.java:110)
	at org.apache.maven.surefire.booter.SurefireStarter.invokeProvider(SurefireStarter.java:175)
	at org.apache.maven.surefire.booter.SurefireStarter.runSuitesInProcessWhenForked(SurefireStarter.java:107)
	at org.apache.maven.surefire.booter.ForkedBooter.main(ForkedBooter.java:68)
</failure>
    <system-out>[2014-11-03 14:14:39,650] DEBUG (DirtiesContextTestExecutionListener.java:126).afterTestClass - After test class: context [DefaultTestContext@1c477f9 testClass = ResourcesUnionDaoTest, testInstance = [null], testMethod = [null], testException = [null], mergedContextConfiguration = [MergedContextConfiguration@ad0abe testClass = ResourcesUnionDaoTest, locations = &apos;{classpath:config/spring-context.xml, classpath:config/spring-service.xml, classpath:config/spring-database.xml}&apos;, classes = &apos;{}&apos;, contextInitializerClasses = &apos;[]&apos;, activeProfiles = &apos;{dev}&apos;, contextLoader = &apos;org.springframework.test.context.support.DelegatingSmartContextLoader&apos;, parent = [null]]], dirtiesContext [false].
[2014-11-03 14:14:39,650] DEBUG (SpringJUnit4ClassRunner.java:107).&lt;init&gt; - SpringJUnit4ClassRunner constructor called with [class j.index.module.setting.resourcesUnion.service.ResourcesUnionServiceTest].
[2014-11-03 14:14:39,650] DEBUG (AbstractDelegatingSmartContextLoader.java:89).delegateProcessing - Delegating to GenericXmlContextLoader to process context configuration [ContextConfigurationAttributes@cdc8bd declaringClass = &apos;j.index.core.GenericTest&apos;, locations = &apos;{classpath:config/spring-context.xml, classpath:config/spring-service.xml, classpath:config/spring-database.xml}&apos;, classes = &apos;{}&apos;, inheritLocations = true, initializers = &apos;{}&apos;, inheritInitializers = true, name = [null], contextLoaderClass = &apos;org.springframework.test.context.ContextLoader&apos;].
[2014-11-03 14:14:39,650] DEBUG (TestContextManager.java:187).retrieveTestExecutionListeners - @TestExecutionListeners is not present for class [class j.index.module.setting.resourcesUnion.service.ResourcesUnionServiceTest]: using defaults.
[2014-11-03 14:14:39,650] DEBUG (ProfileValueUtils.java:70).retrieveProfileValueSource - Retrieved @ProfileValueSourceConfiguration [null] for test class [j.index.module.setting.resourcesUnion.service.ResourcesUnionServiceTest]
[2014-11-03 14:14:39,650] DEBUG (ProfileValueUtils.java:82).retrieveProfileValueSource - Retrieved ProfileValueSource type [class org.springframework.test.annotation.SystemProfileValueSource] for class [j.index.module.setting.resourcesUnion.service.ResourcesUnionServiceTest]
[2014-11-03 14:14:39,650] DEBUG (ProfileValueUtils.java:70).retrieveProfileValueSource - Retrieved @ProfileValueSourceConfiguration [null] for test class [j.index.module.setting.resourcesUnion.service.ResourcesUnionServiceTest]
[2014-11-03 14:14:39,650] DEBUG (ProfileValueUtils.java:82).retrieveProfileValueSource - Retrieved ProfileValueSource type [class org.springframework.test.annotation.SystemProfileValueSource] for class [j.index.module.setting.resourcesUnion.service.ResourcesUnionServiceTest]
[2014-11-03 14:14:39,650] DEBUG (ProfileValueUtils.java:70).retrieveProfileValueSource - Retrieved @ProfileValueSourceConfiguration [null] for test class [j.index.module.setting.resourcesUnion.service.ResourcesUnionServiceTest]
[2014-11-03 14:14:39,650] DEBUG (ProfileValueUtils.java:82).retrieveProfileValueSource - Retrieved ProfileValueSource type [class org.springframework.test.annotation.SystemProfileValueSource] for class [j.index.module.setting.resourcesUnion.service.ResourcesUnionServiceTest]
[2014-11-03 14:14:39,650] DEBUG (DependencyInjectionTestExecutionListener.java:73).prepareTestInstance - Performing dependency injection for test context [[DefaultTestContext@9e9a09 testClass = ResourcesUnionServiceTest, testInstance = j.index.module.setting.resourcesUnion.service.ResourcesUnionServiceTest@92fb8e, testMethod = [null], testException = [null], mergedContextConfiguration = [MergedContextConfiguration@1c151fc testClass = ResourcesUnionServiceTest, locations = &apos;{classpath:config/spring-context.xml, classpath:config/spring-service.xml, classpath:config/spring-database.xml}&apos;, classes = &apos;{}&apos;, contextInitializerClasses = &apos;[]&apos;, activeProfiles = &apos;{dev}&apos;, contextLoader = &apos;org.springframework.test.context.support.DelegatingSmartContextLoader&apos;, parent = [null]]]].
[2014-11-03 14:14:39,650] DEBUG (CacheAwareContextLoaderDelegate.java:104).loadContext - Retrieved ApplicationContext from cache with key [[MergedContextConfiguration@1c151fc testClass = ResourcesUnionServiceTest, locations = &apos;{classpath:config/spring-context.xml, classpath:config/spring-service.xml, classpath:config/spring-database.xml}&apos;, classes = &apos;{}&apos;, contextInitializerClasses = &apos;[]&apos;, activeProfiles = &apos;{dev}&apos;, contextLoader = &apos;org.springframework.test.context.support.DelegatingSmartContextLoader&apos;, parent = [null]]].
[2014-11-03 14:14:39,660] DEBUG (InjectionMetadata.java:85).inject - Processing injected method of bean &apos;j.index.module.setting.resourcesUnion.service.ResourcesUnionServiceTest&apos;: AutowiredFieldElement for private org.springframework.context.ApplicationContext j.index.core.GenericTest.context
[2014-11-03 14:14:39,660] DEBUG (AutowiredAnnotationBeanPostProcessor.java:427).registerDependentBeans - Autowiring by type from bean name &apos;j.index.module.setting.resourcesUnion.service.ResourcesUnionServiceTest&apos; to bean named &apos;org.springframework.context.support.GenericApplicationContext@3f472b&apos;
[2014-11-03 14:14:39,660] DEBUG (InjectionMetadata.java:85).inject - Processing injected method of bean &apos;j.index.module.setting.resourcesUnion.service.ResourcesUnionServiceTest&apos;: AutowiredFieldElement for private j.index.module.apply.resourcesUnion.service.ResourcesUnionService j.index.module.setting.resourcesUnion.service.ResourcesUnionServiceTest.service
[2014-11-03 14:14:39,660] DEBUG (AbstractBeanFactory.java:249).doGetBean - Returning cached instance of singleton bean &apos;resourcesUnionService&apos;
[2014-11-03 14:14:39,660] DEBUG (AutowiredAnnotationBeanPostProcessor.java:427).registerDependentBeans - Autowiring by type from bean name &apos;j.index.module.setting.resourcesUnion.service.ResourcesUnionServiceTest&apos; to bean named &apos;resourcesUnionService&apos;
[2014-11-03 14:14:39,660] DEBUG (InjectionMetadata.java:85).inject - Processing injected method of bean &apos;j.index.module.setting.resourcesUnion.service.ResourcesUnionServiceTest&apos;: AutowiredFieldElement for private j.index.core.security.accountNumber.service.AccountNumberService j.index.module.setting.resourcesUnion.service.ResourcesUnionServiceTest.userService
[2014-11-03 14:14:39,660] DEBUG (AbstractBeanFactory.java:249).doGetBean - Returning cached instance of singleton bean &apos;accountNumberService&apos;
[2014-11-03 14:14:39,660] DEBUG (AutowiredAnnotationBeanPostProcessor.java:427).registerDependentBeans - Autowiring by type from bean name &apos;j.index.module.setting.resourcesUnion.service.ResourcesUnionServiceTest&apos; to bean named &apos;accountNumberService&apos;
[2014-11-03 14:14:39,660] DEBUG (InjectionMetadata.java:85).inject - Processing injected method of bean &apos;j.index.module.setting.resourcesUnion.service.ResourcesUnionServiceTest&apos;: AutowiredFieldElement for private j.index.core.model.DataSet j.index.module.setting.resourcesUnion.service.ResourcesUnionServiceTest.ds
[2014-11-03 14:14:39,660] DEBUG (AbstractAutowireCapableBeanFactory.java:449).createBean - Creating instance of bean &apos;dataSet&apos;
[2014-11-03 14:14:39,660] DEBUG (AbstractAutowireCapableBeanFactory.java:477).createBean - Finished creating instance of bean &apos;dataSet&apos;
[2014-11-03 14:14:39,660] DEBUG (AutowiredAnnotationBeanPostProcessor.java:427).registerDependentBeans - Autowiring by type from bean name &apos;j.index.module.setting.resourcesUnion.service.ResourcesUnionServiceTest&apos; to bean named &apos;dataSet&apos;
[2014-11-03 14:14:39,660] DEBUG (AbstractBeanFactory.java:249).doGetBean - Returning cached instance of singleton bean &apos;org.springframework.aop.support.DefaultBeanFactoryPointcutAdvisor#0&apos;
[2014-11-03 14:14:39,660] DEBUG (AbstractBeanFactory.java:249).doGetBean - Returning cached instance of singleton bean &apos;org.springframework.aop.support.DefaultBeanFactoryPointcutAdvisor#0&apos;
[2014-11-03 14:14:39,660] DEBUG (AbstractAutoProxyCreator.java:593).buildAdvisors - Creating implicit proxy for bean &apos;j.index.module.setting.resourcesUnion.service.ResourcesUnionServiceTest&apos; with 0 common interceptors and 2 specific interceptors
[2014-11-03 14:14:39,660] DEBUG (CglibAopProxy.java:158).getProxy - Creating CGLIB proxy: target source is SingletonTargetSource for target object [j.index.module.setting.resourcesUnion.service.ResourcesUnionServiceTest@92fb8e]
[2014-11-03 14:14:39,660] DEBUG (CglibAopProxy.java:804).accept - Must expose proxy on advised method: public void j.index.module.setting.resourcesUnion.service.ResourcesUnionServiceTest.testCRUD() throws java.lang.Exception
[2014-11-03 14:14:39,660] DEBUG (CglibAopProxy.java:804).accept - Must expose proxy on advised method: protected java.lang.Object j.index.core.GenericTest.getBean(java.lang.String)
[2014-11-03 14:14:39,660] DEBUG (CglibAopProxy.java:804).accept - Must expose proxy on advised method: public void j.index.core.GenericTest.setContext(org.springframework.context.ApplicationContext)
[2014-11-03 14:14:39,660] DEBUG (CglibAopProxy.java:804).accept - Must expose proxy on advised method: public org.springframework.context.ApplicationContext j.index.core.GenericTest.getContext()
[2014-11-03 14:14:39,660] DEBUG (CglibAopProxy.java:790).accept - Found &apos;hashCode&apos; method: public native int java.lang.Object.hashCode()
[2014-11-03 14:14:39,660] DEBUG (CglibAopProxy.java:785).accept - Found &apos;equals&apos; method: public boolean java.lang.Object.equals(java.lang.Object)
[2014-11-03 14:14:39,660] DEBUG (CglibAopProxy.java:804).accept - Must expose proxy on advised method: protected native java.lang.Object java.lang.Object.clone() throws java.lang.CloneNotSupportedException
[2014-11-03 14:14:39,660] DEBUG (CglibAopProxy.java:804).accept - Must expose proxy on advised method: public java.lang.String java.lang.Object.toString()
[2014-11-03 14:14:39,660] DEBUG (CglibAopProxy.java:773).accept - Found finalize() method - using NO_OVERRIDE
[2014-11-03 14:14:39,660] DEBUG (CglibAopProxy.java:779).accept - Method is declared on Advised interface: public abstract void org.springframework.aop.framework.Advised.setTargetSource(org.springframework.aop.TargetSource)
[2014-11-03 14:14:39,660] DEBUG (CglibAopProxy.java:779).accept - Method is declared on Advised interface: public abstract org.springframework.aop.TargetSource org.springframework.aop.framework.Advised.getTargetSource()
[2014-11-03 14:14:39,660] DEBUG (CglibAopProxy.java:779).accept - Method is declared on Advised interface: public abstract boolean org.springframework.aop.framework.Advised.isProxyTargetClass()
[2014-11-03 14:14:39,660] DEBUG (CglibAopProxy.java:779).accept - Method is declared on Advised interface: public abstract void org.springframework.aop.framework.Advised.addAdvisor(org.springframework.aop.Advisor) throws org.springframework.aop.framework.AopConfigException
[2014-11-03 14:14:39,660] DEBUG (CglibAopProxy.java:779).accept - Method is declared on Advised interface: public abstract void org.springframework.aop.framework.Advised.addAdvisor(int,org.springframework.aop.Advisor) throws org.springframework.aop.framework.AopConfigException
[2014-11-03 14:14:39,660] DEBUG (CglibAopProxy.java:779).accept - Method is declared on Advised interface: public abstract boolean org.springframework.aop.framework.Advised.isExposeProxy()
[2014-11-03 14:14:39,660] DEBUG (CglibAopProxy.java:779).accept - Method is declared on Advised interface: public abstract void org.springframework.aop.framework.Advised.setPreFiltered(boolean)
[2014-11-03 14:14:39,660] DEBUG (CglibAopProxy.java:779).accept - Method is declared on Advised interface: public abstract void org.springframework.aop.framework.Advised.setExposeProxy(boolean)
[2014-11-03 14:14:39,660] DEBUG (CglibAopProxy.java:779).accept - Method is declared on Advised interface: public abstract org.springframework.aop.Advisor[] org.springframework.aop.framework.Advised.getAdvisors()
[2014-11-03 14:14:39,660] DEBUG (CglibAopProxy.java:779).accept - Method is declared on Advised interface: public abstract void org.springframework.aop.framework.Advised.addAdvice(int,org.aopalliance.aop.Advice) throws org.springframework.aop.framework.AopConfigException
[2014-11-03 14:14:39,660] DEBUG (CglibAopProxy.java:779).accept - Method is declared on Advised interface: public abstract void org.springframework.aop.framework.Advised.addAdvice(org.aopalliance.aop.Advice) throws org.springframework.aop.framework.AopConfigException
[2014-11-03 14:14:39,660] DEBUG (CglibAopProxy.java:779).accept - Method is declared on Advised interface: public abstract boolean org.springframework.aop.framework.Advised.isPreFiltered()
[2014-11-03 14:14:39,660] DEBUG (CglibAopProxy.java:779).accept - Method is declared on Advised interface: public abstract void org.springframework.aop.framework.Advised.removeAdvisor(int) throws org.springframework.aop.framework.AopConfigException
[2014-11-03 14:14:39,660] DEBUG (CglibAopProxy.java:779).accept - Method is declared on Advised interface: public abstract boolean org.springframework.aop.framework.Advised.removeAdvisor(org.springframework.aop.Advisor)
[2014-11-03 14:14:39,660] DEBUG (CglibAopProxy.java:779).accept - Method is declared on Advised interface: public abstract boolean org.springframework.aop.framework.Advised.removeAdvice(org.aopalliance.aop.Advice)
[2014-11-03 14:14:39,660] DEBUG (CglibAopProxy.java:779).accept - Method is declared on Advised interface: public abstract java.lang.Class[] org.springframework.aop.framework.Advised.getProxiedInterfaces()
[2014-11-03 14:14:39,660] DEBUG (CglibAopProxy.java:779).accept - Method is declared on Advised interface: public abstract boolean org.springframework.aop.framework.Advised.isInterfaceProxied(java.lang.Class)
[2014-11-03 14:14:39,660] DEBUG (CglibAopProxy.java:779).accept - Method is declared on Advised interface: public abstract boolean org.springframework.aop.framework.Advised.replaceAdvisor(org.springframework.aop.Advisor,org.springframework.aop.Advisor) throws org.springframework.aop.framework.AopConfigException
[2014-11-03 14:14:39,660] DEBUG (CglibAopProxy.java:779).accept - Method is declared on Advised interface: public abstract java.lang.String org.springframework.aop.framework.Advised.toProxyConfigString()
[2014-11-03 14:14:39,660] DEBUG (CglibAopProxy.java:779).accept - Method is declared on Advised interface: public abstract int org.springframework.aop.framework.Advised.indexOf(org.aopalliance.aop.Advice)
[2014-11-03 14:14:39,660] DEBUG (CglibAopProxy.java:779).accept - Method is declared on Advised interface: public abstract int org.springframework.aop.framework.Advised.indexOf(org.springframework.aop.Advisor)
[2014-11-03 14:14:39,660] DEBUG (CglibAopProxy.java:779).accept - Method is declared on Advised interface: public abstract boolean org.springframework.aop.framework.Advised.isFrozen()
[2014-11-03 14:14:39,660] DEBUG (CglibAopProxy.java:779).accept - Method is declared on Advised interface: public abstract java.lang.Class org.springframework.aop.TargetClassAware.getTargetClass()
[2014-11-03 14:14:39,670] DEBUG (AbstractFallbackTransactionAttributeSource.java:108).getTransactionAttribute - Adding transactional method &apos;ResourcesUnionServiceTest.testCRUD&apos; with attribute: PROPAGATION_REQUIRED,ISOLATION_READ_COMMITTED; &apos;&apos;
[2014-11-03 14:14:39,670] DEBUG (TransactionalTestExecutionListener.java:154).beforeTestMethod - Explicit transaction definition [PROPAGATION_REQUIRED,ISOLATION_READ_COMMITTED; &apos;&apos;] found for test context [DefaultTestContext@9e9a09 testClass = ResourcesUnionServiceTest, testInstance = j.index.module.setting.resourcesUnion.service.ResourcesUnionServiceTest@92fb8e, testMethod = testCRUD@ResourcesUnionServiceTest, testException = [null], mergedContextConfiguration = [MergedContextConfiguration@1c151fc testClass = ResourcesUnionServiceTest, locations = &apos;{classpath:config/spring-context.xml, classpath:config/spring-service.xml, classpath:config/spring-database.xml}&apos;, classes = &apos;{}&apos;, contextInitializerClasses = &apos;[]&apos;, activeProfiles = &apos;{dev}&apos;, contextLoader = &apos;org.springframework.test.context.support.DelegatingSmartContextLoader&apos;, parent = [null]]]
[2014-11-03 14:14:39,670] DEBUG (CacheAwareContextLoaderDelegate.java:104).loadContext - Retrieved ApplicationContext from cache with key [[MergedContextConfiguration@1c151fc testClass = ResourcesUnionServiceTest, locations = &apos;{classpath:config/spring-context.xml, classpath:config/spring-service.xml, classpath:config/spring-database.xml}&apos;, classes = &apos;{}&apos;, contextInitializerClasses = &apos;[]&apos;, activeProfiles = &apos;{dev}&apos;, contextLoader = &apos;org.springframework.test.context.support.DelegatingSmartContextLoader&apos;, parent = [null]]].
[2014-11-03 14:14:39,670] DEBUG (TransactionalTestExecutionListener.java:543).retrieveConfigurationAttributes - Retrieved @TransactionConfiguration attributes [{defaultRollback=false, transactionManager=transactionManager}] for test class [class j.index.module.setting.resourcesUnion.service.ResourcesUnionServiceTest].
[2014-11-03 14:14:39,670] DEBUG (TransactionalTestExecutionListener.java:561).retrieveConfigurationAttributes - Retrieved TransactionConfigurationAttributes [TransactionConfigurationAttributes@808450 transactionManagerName = &apos;transactionManager&apos;, defaultRollback = false] for class [class j.index.module.setting.resourcesUnion.service.ResourcesUnionServiceTest].
[2014-11-03 14:14:39,670] DEBUG (AbstractBeanFactory.java:249).doGetBean - Returning cached instance of singleton bean &apos;transactionManager&apos;
[2014-11-03 14:14:39,670] DEBUG (AbstractPlatformTransactionManager.java:367).getTransaction - Creating new transaction with name [testCRUD]: PROPAGATION_REQUIRED,ISOLATION_READ_COMMITTED; &apos;&apos;
[2014-11-03 14:14:39,670] DEBUG (HibernateTransactionManager.java:417).doBegin - Opened new Session [SessionImpl(PersistenceContext[entityKeys=[],collectionKeys=[]];ActionQueue[insertions=org.hibernate.engine.spi.ExecutableList@16ebd2a updates=org.hibernate.engine.spi.ExecutableList@14550bb deletions=org.hibernate.engine.spi.ExecutableList@1b75f15 orphanRemovals=org.hibernate.engine.spi.ExecutableList@1c39c2e collectionCreations=org.hibernate.engine.spi.ExecutableList@142991e collectionRemovals=org.hibernate.engine.spi.ExecutableList@152a20a collectionUpdates=org.hibernate.engine.spi.ExecutableList@c7dc6 collectionQueuedOps=org.hibernate.engine.spi.ExecutableList@158a9b unresolvedInsertDependencies=UnresolvedEntityInsertActions[]])] for Hibernate transaction
[2014-11-03 14:14:39,670] DEBUG (HibernateTransactionManager.java:427).doBegin - Preparing JDBC Connection of Hibernate Session [SessionImpl(PersistenceContext[entityKeys=[],collectionKeys=[]];ActionQueue[insertions=org.hibernate.engine.spi.ExecutableList@16ebd2a updates=org.hibernate.engine.spi.ExecutableList@14550bb deletions=org.hibernate.engine.spi.ExecutableList@1b75f15 orphanRemovals=org.hibernate.engine.spi.ExecutableList@1c39c2e collectionCreations=org.hibernate.engine.spi.ExecutableList@142991e collectionRemovals=org.hibernate.engine.spi.ExecutableList@152a20a collectionUpdates=org.hibernate.engine.spi.ExecutableList@c7dc6 collectionQueuedOps=org.hibernate.engine.spi.ExecutableList@158a9b unresolvedInsertDependencies=UnresolvedEntityInsertActions[]])]
[2014-11-03 14:14:39,670] DEBUG (DataSourceUtils.java:187).prepareConnectionForTransaction - Changing isolation level of JDBC Connection [org.apache.commons.dbcp.PoolableConnection@14982bc] to 2
[2014-11-03 14:14:39,670] DEBUG (HibernateTransactionManager.java:488).doBegin - Exposing Hibernate transaction as JDBC transaction [org.apache.commons.dbcp.PoolableConnection@14982bc]
[2014-11-03 14:14:39,670] DEBUG (TransactionalTestExecutionListener.java:429).isRollback - No method-level @Rollback override: using default rollback [false] for test context [DefaultTestContext@9e9a09 testClass = ResourcesUnionServiceTest, testInstance = j.index.module.setting.resourcesUnion.service.ResourcesUnionServiceTest@92fb8e, testMethod = testCRUD@ResourcesUnionServiceTest, testException = [null], mergedContextConfiguration = [MergedContextConfiguration@1c151fc testClass = ResourcesUnionServiceTest, locations = &apos;{classpath:config/spring-context.xml, classpath:config/spring-service.xml, classpath:config/spring-database.xml}&apos;, classes = &apos;{}&apos;, contextInitializerClasses = &apos;[]&apos;, activeProfiles = &apos;{dev}&apos;, contextLoader = &apos;org.springframework.test.context.support.DelegatingSmartContextLoader&apos;, parent = [null]]].
[2014-11-03 14:14:39,670] INFO  (TransactionalTestExecutionListener.java:276).startNewTransaction - Began transaction (1) for test context [DefaultTestContext@9e9a09 testClass = ResourcesUnionServiceTest, testInstance = j.index.module.setting.resourcesUnion.service.ResourcesUnionServiceTest@92fb8e, testMethod = testCRUD@ResourcesUnionServiceTest, testException = [null], mergedContextConfiguration = [MergedContextConfiguration@1c151fc testClass = ResourcesUnionServiceTest, locations = &apos;{classpath:config/spring-context.xml, classpath:config/spring-service.xml, classpath:config/spring-database.xml}&apos;, classes = &apos;{}&apos;, contextInitializerClasses = &apos;[]&apos;, activeProfiles = &apos;{dev}&apos;, contextLoader = &apos;org.springframework.test.context.support.DelegatingSmartContextLoader&apos;, parent = [null]]]; transaction manager [org.springframework.orm.hibernate4.HibernateTransactionManager@1d33914]; rollback [false]
[2014-11-03 14:14:39,670] DEBUG (HibernateTransactionManager.java:362).doGetTransaction - Found thread-bound Session [SessionImpl(PersistenceContext[entityKeys=[],collectionKeys=[]];ActionQueue[insertions=org.hibernate.engine.spi.ExecutableList@16ebd2a updates=org.hibernate.engine.spi.ExecutableList@14550bb deletions=org.hibernate.engine.spi.ExecutableList@1b75f15 orphanRemovals=org.hibernate.engine.spi.ExecutableList@1c39c2e collectionCreations=org.hibernate.engine.spi.ExecutableList@142991e collectionRemovals=org.hibernate.engine.spi.ExecutableList@152a20a collectionUpdates=org.hibernate.engine.spi.ExecutableList@c7dc6 collectionQueuedOps=org.hibernate.engine.spi.ExecutableList@158a9b unresolvedInsertDependencies=UnresolvedEntityInsertActions[]])] for Hibernate transaction
[2014-11-03 14:14:39,670] DEBUG (AbstractPlatformTransactionManager.java:472).handleExistingTransaction - Participating in existing transaction
Hibernate: 
    select
        accountnum0_.serNo as serNo1_0_0_,
        accountnum0_.cDTime as cDTime2_0_0_,
        accountnum0_.cUid as cUid3_0_0_,
        accountnum0_.uDTime as uDTime4_0_0_,
        accountnum0_.uUid as uUid5_0_0_,
        accountnum0_.cus_serNo as cus_serN6_0_0_,
        accountnum0_.role as role7_0_0_,
        accountnum0_.status as status8_0_0_,
        accountnum0_.userID as userID9_0_0_,
        accountnum0_.userName as userNam10_0_0_,
        accountnum0_.userPW as userPW11_0_0_ 
    from
        accountNumber accountnum0_ 
    where
        accountnum0_.serNo=?
[2014-11-03 14:14:39,680] DEBUG (HibernateTransactionManager.java:362).doGetTransaction - Found thread-bound Session [SessionImpl(PersistenceContext[entityKeys=[EntityKey[j.index.core.security.accountNumber.entity.AccountNumber#1]],collectionKeys=[]];ActionQueue[insertions=org.hibernate.engine.spi.ExecutableList@16ebd2a updates=org.hibernate.engine.spi.ExecutableList@14550bb deletions=org.hibernate.engine.spi.ExecutableList@1b75f15 orphanRemovals=org.hibernate.engine.spi.ExecutableList@1c39c2e collectionCreations=org.hibernate.engine.spi.ExecutableList@142991e collectionRemovals=org.hibernate.engine.spi.ExecutableList@152a20a collectionUpdates=org.hibernate.engine.spi.ExecutableList@c7dc6 collectionQueuedOps=org.hibernate.engine.spi.ExecutableList@158a9b unresolvedInsertDependencies=UnresolvedEntityInsertActions[]])] for Hibernate transaction
[2014-11-03 14:14:39,680] DEBUG (AbstractPlatformTransactionManager.java:472).handleExistingTransaction - Participating in existing transaction
Hibernate: 
    insert 
    into
        resourcesUnion
        (cus_SerNo, dat_SerNo, ebk_SerNo, jou_SerNo, res_SerNo) 
    values
        (?, ?, ?, ?, ?)
[2014-11-03 14:14:39,690] DEBUG (HibernateTransactionManager.java:362).doGetTransaction - Found thread-bound Session [SessionImpl(PersistenceContext[entityKeys=[EntityKey[j.index.module.apply.resourcesUnion.entity.ResourcesUnion#14385], EntityKey[j.index.core.security.accountNumber.entity.AccountNumber#1]],collectionKeys=[]];ActionQueue[insertions=org.hibernate.engine.spi.ExecutableList@16ebd2a updates=org.hibernate.engine.spi.ExecutableList@14550bb deletions=org.hibernate.engine.spi.ExecutableList@1b75f15 orphanRemovals=org.hibernate.engine.spi.ExecutableList@1c39c2e collectionCreations=org.hibernate.engine.spi.ExecutableList@142991e collectionRemovals=org.hibernate.engine.spi.ExecutableList@152a20a collectionUpdates=org.hibernate.engine.spi.ExecutableList@c7dc6 collectionQueuedOps=org.hibernate.engine.spi.ExecutableList@158a9b unresolvedInsertDependencies=UnresolvedEntityInsertActions[]])] for Hibernate transaction
[2014-11-03 14:14:39,690] DEBUG (AbstractPlatformTransactionManager.java:472).handleExistingTransaction - Participating in existing transaction
Hibernate: 
    insert 
    into
        resourcesUnion
        (cus_SerNo, dat_SerNo, ebk_SerNo, jou_SerNo, res_SerNo) 
    values
        (?, ?, ?, ?, ?)
[2014-11-03 14:14:39,690] DEBUG (HibernateTransactionManager.java:362).doGetTransaction - Found thread-bound Session [SessionImpl(PersistenceContext[entityKeys=[EntityKey[j.index.module.apply.resourcesUnion.entity.ResourcesUnion#14385], EntityKey[j.index.module.apply.resourcesUnion.entity.ResourcesUnion#14386], EntityKey[j.index.core.security.accountNumber.entity.AccountNumber#1]],collectionKeys=[]];ActionQueue[insertions=org.hibernate.engine.spi.ExecutableList@16ebd2a updates=org.hibernate.engine.spi.ExecutableList@14550bb deletions=org.hibernate.engine.spi.ExecutableList@1b75f15 orphanRemovals=org.hibernate.engine.spi.ExecutableList@1c39c2e collectionCreations=org.hibernate.engine.spi.ExecutableList@142991e collectionRemovals=org.hibernate.engine.spi.ExecutableList@152a20a collectionUpdates=org.hibernate.engine.spi.ExecutableList@c7dc6 collectionQueuedOps=org.hibernate.engine.spi.ExecutableList@158a9b unresolvedInsertDependencies=UnresolvedEntityInsertActions[]])] for Hibernate transaction
[2014-11-03 14:14:39,690] DEBUG (AbstractPlatformTransactionManager.java:472).handleExistingTransaction - Participating in existing transaction
[2014-11-03 14:14:39,690] DEBUG (HibernateTransactionManager.java:362).doGetTransaction - Found thread-bound Session [SessionImpl(PersistenceContext[entityKeys=[EntityKey[j.index.module.apply.resourcesUnion.entity.ResourcesUnion#14385], EntityKey[j.index.module.apply.resourcesUnion.entity.ResourcesUnion#14386], EntityKey[j.index.core.security.accountNumber.entity.AccountNumber#1]],collectionKeys=[]];ActionQueue[insertions=org.hibernate.engine.spi.ExecutableList@16ebd2a updates=org.hibernate.engine.spi.ExecutableList@14550bb deletions=org.hibernate.engine.spi.ExecutableList@1b75f15 orphanRemovals=org.hibernate.engine.spi.ExecutableList@1c39c2e collectionCreations=org.hibernate.engine.spi.ExecutableList@142991e collectionRemovals=org.hibernate.engine.spi.ExecutableList@152a20a collectionUpdates=org.hibernate.engine.spi.ExecutableList@c7dc6 collectionQueuedOps=org.hibernate.engine.spi.ExecutableList@158a9b unresolvedInsertDependencies=UnresolvedEntityInsertActions[]])] for Hibernate transaction
[2014-11-03 14:14:39,690] DEBUG (AbstractPlatformTransactionManager.java:472).handleExistingTransaction - Participating in existing transaction
[2014-11-03 14:14:39,690] DEBUG (HibernateTransactionManager.java:362).doGetTransaction - Found thread-bound Session [SessionImpl(PersistenceContext[entityKeys=[EntityKey[j.index.module.apply.resourcesUnion.entity.ResourcesUnion#14385], EntityKey[j.index.module.apply.resourcesUnion.entity.ResourcesUnion#14386], EntityKey[j.index.core.security.accountNumber.entity.AccountNumber#1]],collectionKeys=[]];ActionQueue[insertions=org.hibernate.engine.spi.ExecutableList@16ebd2a updates=org.hibernate.engine.spi.ExecutableList@14550bb deletions=org.hibernate.engine.spi.ExecutableList@1b75f15 orphanRemovals=org.hibernate.engine.spi.ExecutableList@1c39c2e collectionCreations=org.hibernate.engine.spi.ExecutableList@142991e collectionRemovals=org.hibernate.engine.spi.ExecutableList@152a20a collectionUpdates=org.hibernate.engine.spi.ExecutableList@c7dc6 collectionQueuedOps=org.hibernate.engine.spi.ExecutableList@158a9b unresolvedInsertDependencies=UnresolvedEntityInsertActions[]])] for Hibernate transaction
[2014-11-03 14:14:39,690] DEBUG (AbstractPlatformTransactionManager.java:472).handleExistingTransaction - Participating in existing transaction
Hibernate: 
    update
        resourcesUnion 
    set
        cus_SerNo=?,
        dat_SerNo=?,
        ebk_SerNo=?,
        jou_SerNo=?,
        res_SerNo=? 
    where
        serNo=?
Hibernate: 
    select
        this_.serNo as serNo1_7_0_,
        this_.cus_SerNo as cus_SerN2_7_0_,
        this_.dat_SerNo as dat_SerN3_7_0_,
        this_.ebk_SerNo as ebk_SerN4_7_0_,
        this_.jou_SerNo as jou_SerN5_7_0_,
        this_.res_SerNo as res_SerN6_7_0_ 
    from
        resourcesUnion this_
[2014-11-03 14:14:40,382] DEBUG (TransactionalTestExecutionListener.java:429).isRollback - No method-level @Rollback override: using default rollback [false] for test context [DefaultTestContext@9e9a09 testClass = ResourcesUnionServiceTest, testInstance = j.index.module.setting.resourcesUnion.service.ResourcesUnionServiceTest@92fb8e, testMethod = testCRUD@ResourcesUnionServiceTest, testException = java.lang.AssertionError: expected:&lt;2&gt; but was:&lt;14384&gt;, mergedContextConfiguration = [MergedContextConfiguration@1c151fc testClass = ResourcesUnionServiceTest, locations = &apos;{classpath:config/spring-context.xml, classpath:config/spring-service.xml, classpath:config/spring-database.xml}&apos;, classes = &apos;{}&apos;, contextInitializerClasses = &apos;[]&apos;, activeProfiles = &apos;{dev}&apos;, contextLoader = &apos;org.springframework.test.context.support.DelegatingSmartContextLoader&apos;, parent = [null]]].
[2014-11-03 14:14:40,382] DEBUG (AbstractPlatformTransactionManager.java:755).processCommit - Initiating transaction commit
[2014-11-03 14:14:40,523] DEBUG (HibernateTransactionManager.java:551).doCommit - Committing Hibernate transaction on Session [SessionImpl(PersistenceContext[entityKeys=[EntityKey[j.index.module.apply.resourcesUnion.entity.ResourcesUnion#2], EntityKey[j.index.core.security.accountNumber.entity.AccountNumber#1], EntityKey[j.index.module.apply.resourcesUnion.entity.ResourcesUnion#1], EntityKey[j.index.module.apply.resourcesUnion.entity.ResourcesUnion#6], EntityKey[j.index.module.apply.resourcesUnion.entity.ResourcesUnion#5], EntityKey[j.index.module.apply.resourcesUnion.entity.ResourcesUnion#4], EntityKey[j.index.module.apply.resourcesUnion.entity.ResourcesUnion#3], EntityKey[j.index.module.apply.resourcesUnion.entity.ResourcesUnion#10], EntityKey[j.index.module.apply.resourcesUnion.entity.ResourcesUnion#9], EntityKey[j.index.module.apply.resourcesUnion.entity.ResourcesUnion#8], EntityKey[j.index.module.apply.resourcesUnion.entity.ResourcesUnion#7], EntityKey[j.index.module.apply.resourcesUnion.entity.ResourcesUnion#58], EntityKey[j.index.module.apply.resourcesUnion.entity.ResourcesUnion#57], EntityKey[j.index.module.apply.resourcesUnion.entity.ResourcesUnion#56], EntityKey[j.index.module.apply.resourcesUnion.entity.ResourcesUnion#55], EntityKey[j.index.module.apply.resourcesUnion.entity.ResourcesUnion#54], EntityKey[j.index.module.apply.resourcesUnion.entity.ResourcesUnion#53], EntityKey[j.index.module.apply.resourcesUnion.entity.ResourcesUnion#52], EntityKey[j.index.module.apply.resourcesUnion.entity.ResourcesUnion#51], EntityKey[j.index.module.apply.resourcesUnion.entity.ResourcesUnion#50], EntityKey[j.index.module.apply.resourcesUnion.entity.ResourcesUnion#49], EntityKey[j.index.module.apply.resourcesUnion.entity.ResourcesUnion#48], EntityKey[j.index.module.apply.resourcesUnion.entity.ResourcesUnion#47], EntityKey[j.index.module.apply.resourcesUnion.entity.ResourcesUnion#46], EntityKey[j.index.module.apply.resourcesUnion.entity.ResourcesUnion#45], EntityKey[j.index.module.apply.resourcesUnion.entity.ResourcesUnion#44], EntityKey[j.index.module.apply.resourcesUnion.entity.ResourcesUnion#43], EntityKey[j.index.module.apply.resourcesUnion.entity.ResourcesUnion#73], EntityKey[j.index.module.apply.resourcesUnion.entity.ResourcesUnion#74], EntityKey[j.index.module.apply.resourcesUnion.entity.ResourcesUnion#71], EntityKey[j.index.module.apply.resourcesUnion.entity.ResourcesUnion#72], EntityKey[j.index.module.apply.resourcesUnion.entity.ResourcesUnion#69], EntityKey[j.index.module.apply.resourcesUnion.entity.ResourcesUnion#70], EntityKey[j.index.module.apply.resourcesUnion.entity.ResourcesUnion#67], EntityKey[j.index.module.apply.resourcesUnion.entity.ResourcesUnion#68], EntityKey[j.index.module.apply.resourcesUnion.entity.ResourcesUnion#65], EntityKey[j.index.module.apply.resourcesUnion.entity.ResourcesUnion#66], EntityKey[j.index.module.apply.resourcesUnion.entity.ResourcesUnion#63], EntityKey[j.index.module.apply.resourcesUnion.entity.ResourcesUnion#64], EntityKey[j.index.module.apply.resourcesUnion.entity.ResourcesUnion#61], EntityKey[j.index.module.apply.resourcesUnion.entity.ResourcesUnion#62], EntityKey[j.index.module.apply.resourcesUnion.entity.ResourcesUnion#59], EntityKey[j.index.module.apply.resourcesUnion.entity.ResourcesUnion#60], EntityKey[j.index.module.apply.resourcesUnion.entity.ResourcesUnion#24], EntityKey[j.index.module.apply.resourcesUnion.entity.ResourcesUnion#23], EntityKey[j.index.module.apply.resourcesUnion.entity.ResourcesUnion#26], EntityKey[j.index.module.apply.resourcesUnion.entity.ResourcesUnion#25], EntityKey[j.index.module.apply.resourcesUnion.entity.ResourcesUnion#20], EntityKey[j.index.module.apply.resourcesUnion.entity.ResourcesUnion#19], EntityKey[j.index.module.apply.resourcesUnion.entity.ResourcesUnion#22], EntityKey[j.index.module.apply.resourcesUnion.entity.ResourcesUnion#21], EntityKey[j.index.module.apply.resourcesUnion.entity.ResourcesUnion#16], EntityKey[j.index.module.apply.resourcesUnion.entity.ResourcesUnion#15], EntityKey[j.index.module.apply.resourcesUnion.entity.ResourcesUnion#18], EntityKey[j.index.module.apply.resourcesUnion.entity.ResourcesUnion#17], EntityKey[j.index.module.apply.resourcesUnion.entity.ResourcesUnion#12], EntityKey[j.index.module.apply.resourcesUnion.entity.ResourcesUnion#11], EntityKey[j.index.module.apply.resourcesUnion.entity.ResourcesUnion#14], EntityKey[j.index.module.apply.resourcesUnion.entity.ResourcesUnion#13], EntityKey[j.index.module.apply.resourcesUnion.entity.ResourcesUnion#39], EntityKey[j.index.module.apply.resourcesUnion.entity.ResourcesUnion#40], EntityKey[j.index.module.apply.resourcesUnion.entity.ResourcesUnion#41], EntityKey[j.index.module.apply.resourcesUnion.entity.ResourcesUnion#42], EntityKey[j.index.module.apply.resourcesUnion.entity.ResourcesUnion#35], EntityKey[j.index.module.apply.resourcesUnion.entity.ResourcesUnion#36], EntityKey[j.index.module.apply.resourcesUnion.entity.ResourcesUnion#37], EntityKey[j.index.module.apply.resourcesUnion.entity.ResourcesUnion#38], EntityKey[j.index.module.apply.resourcesUnion.entity.ResourcesUnion#31], EntityKey[j.index.module.apply.resourcesUnion.entity.ResourcesUnion#32], EntityKey[j.index.module.apply.resourcesUnion.entity.ResourcesUnion#33], EntityKey[j.index.module.apply.resourcesUnion.entity.ResourcesUnion#34], EntityKey[j.index.module.apply.resourcesUnion.entity.ResourcesUnion#27], EntityKey[j.index.module.apply.resourcesUnion.entity.ResourcesUnion#28], EntityKey[j.index.module.apply.resourcesUnion.entity.ResourcesUnion#29], EntityKey[j.index.module.apply.resourcesUnion.entity.ResourcesUnion#30], EntityKey[j.index.module.apply.resourcesUnion.entity.ResourcesUnion#118], EntityKey[j.index.module.apply.resourcesUnion.entity.ResourcesUnion#117], EntityKey[j.index.module.apply.resourcesUnion.entity.ResourcesUnion#116], EntityKey[j.index.module.apply.resourcesUnion.entity.ResourcesUnion#115], EntityKey[j.index.module.apply.resourcesUnion.entity.ResourcesUnion#122], EntityKey[j.index.module.apply.resourcesUnion.entity.ResourcesUnion#121], EntityKey[j.index.module.apply.resourcesUnion.entity.ResourcesUnion#120], EntityKey[j.index.module.apply.resourcesUnion.entity.ResourcesUnion#119], EntityKey[j.index.module.apply.resourcesUnion.entity.ResourcesUnion#110], EntityKey[j.index.module.apply.resourcesUnion.entity.ResourcesUnion#109], EntityKey[j.index.module.apply.resourcesUnion.entity.ResourcesUnion#108], EntityKey[j.index.module.apply.resourcesUnion.entity.ResourcesUnion#107], EntityKey[j.index.module.apply.resourcesUnion.entity.ResourcesUnion#114], EntityKey[j.index.module.apply.resourcesUnion.entity.ResourcesUnion#113], EntityKey[j.index.module.apply.resourcesUnion.entity.ResourcesUnion#112], EntityKey[j.index.module.apply.resourcesUnion.entity.ResourcesUnion#111], EntityKey[j.index.module.apply.resourcesUnion.entity.ResourcesUnion#133], EntityKey[j.index.module.apply.resourcesUnion.entity.ResourcesUnion#134], EntityKey[j.index.module.apply.resourcesUnion.entity.ResourcesUnion#131], EntityKey[j.index.module.apply.resourcesUnion.entity.ResourcesUnion#132], EntityKey[j.index.module.apply.resourcesUnion.entity.ResourcesUnion#137], EntityKey[j.index.module.apply.resourcesUnion.entity.ResourcesUnion#138], EntityKey[j.index.module.apply.resourcesUnion.entity.ResourcesUnion#135], EntityKey[j.index.module.apply.resourcesUnion.entity.ResourcesUnion#136], EntityKey[j.index.module.apply.resourcesUnion.entity.ResourcesUnion#125], EntityKey[j.index.module.apply.resourcesUnion.entity.ResourcesUnion#126], EntityKey[j.index.module.apply.resourcesUnion.entity.ResourcesUnion#123], EntityKey[j.index.module.apply.resourcesUnion.entity.ResourcesUnion#124], EntityKey[j.index.module.apply.resourcesUnion.entity.ResourcesUnion#129], EntityKey[j.index.module.apply.resourcesUnion.entity.ResourcesUnion#130], EntityKey[j.index.module.apply.resourcesUnion.entity.ResourcesUnion#127], EntityKey[j.index.module.apply.resourcesUnion.entity.ResourcesUnion#128], EntityKey[j.index.module.apply.resourcesUnion.entity.ResourcesUnion#84], EntityKey[j.index.module.apply.resourcesUnion.entity.ResourcesUnion#83], EntityKey[j.index.module.apply.resourcesUnion.entity.ResourcesUnion#86], EntityKey[j.index.module.apply.resourcesUnion.entity.ResourcesUnion#85], EntityKey[j.index.module.apply.resourcesUnion.entity.ResourcesUnion#88], EntityKey[j.index.module.apply.resourcesUnion.entity.ResourcesUnion#87], EntityKey[j.index.module.apply.resourcesUnion.entity.ResourcesUnion#90], EntityKey[j.index.module.apply.resourcesUnion.entity.ResourcesUnion#89], EntityKey[j.index.module.apply.resourcesUnion.entity.ResourcesUnion#76], EntityKey[j.index.module.apply.resourcesUnion.entity.ResourcesUnion#75], EntityKey[j.index.module.apply.resourcesUnion.entity.ResourcesUnion#78], EntityKey[j.index.module.apply.resourcesUnion.entity.ResourcesUnion#77], EntityKey[j.index.module.apply.resourcesUnion.entity.ResourcesUnion#80], EntityKey[j.index.module.apply.resourcesUnion.entity.ResourcesUnion#79], EntityKey[j.index.module.apply.resourcesUnion.entity.ResourcesUnion#82], EntityKey[j.index.module.apply.resourcesUnion.entity.ResourcesUnion#81], EntityKey[j.index.module.apply.resourcesUnion.entity.ResourcesUnion#99], EntityKey[j.index.module.apply.resourcesUnion.entity.ResourcesUnion#100], EntityKey[j.index.module.apply.resourcesUnion.entity.ResourcesUnion#101], EntityKey[j.index.module.apply.resourcesUnion.entity.ResourcesUnion#102], EntityKey[j.index.module.apply.resourcesUnion.entity.ResourcesUnion#103], EntityKey[j.index.module.apply.resourcesUnion.entity.ResourcesUnion#104], EntityKey[j.index.module.apply.resourcesUnion.entity.ResourcesUnion#105], EntityKey[j.index.module.apply.resourcesUnion.entity.ResourcesUnion#106], EntityKey[j.index.module.apply.resourcesUnion.entity.ResourcesUnion#91], EntityKey[j.index.module.apply.resourcesUnion.entity.ResourcesUnion#92], EntityKey[j.index.module.apply.resourcesUnion.entity.ResourcesUnion#93], EntityKey[j.index.module.apply.resourcesUnion.entity.ResourcesUnion#94], EntityKey[j.index.module.apply.resourcesUnion.entity.ResourcesUnion#95], EntityKey[j.index.module.apply.resourcesUnion.entity.ResourcesUnion#96], EntityKey[j.index.module.apply.resourcesUnion.entity.ResourcesUnion#97], EntityKey[j.index.module.apply.resourcesUnion.entity.ResourcesUnion#98], EntityKey[j.index.module.apply.resourcesUnion.entity.ResourcesUnion#192], EntityKey[j.index.module.apply.resourcesUnion.entity.ResourcesUnion#191], EntityKey[j.index.module.apply.resourcesUnion.entity.ResourcesUnion#194], EntityKey[j.index.module.apply.resourcesUnion.entity.ResourcesUnion#193], EntityKey[j.index.module.apply.resourcesUnion.entity.ResourcesUnion#188], EntityKey[j.index.module.apply.resourcesUnion.entity.ResourcesUnion#187], EntityKey[j.index.module.apply.resourcesUnion.entity.ResourcesUnion#190], EntityKey[j.index.module.apply.resourcesUnion.entity.ResourcesUnion#189], EntityKey[j.index.module.apply.resourcesUnion.entity.ResourcesUnion#200], EntityKey[j.index.module.apply.resourcesUnion.entity.ResourcesUnion#199], EntityKey[j.index.module.apply.resourcesUnion.entity.ResourcesUnion#202], EntityKey[j.index.module.apply.resourcesUnion.entity.ResourcesUnion#201], EntityKey[j.index.module.apply.resourcesUnion.entity.ResourcesUnion#196], EntityKey[j.index.module.apply.resourcesUnion.entity.ResourcesUnion#195], EntityKey[j.index.module.apply.resourcesUnion.entity.ResourcesUnion#198], EntityKey[j.index.module.apply.resourcesUnion.entity.ResourcesUnion#197], EntityKey[j.index.module.apply.resourcesUnion.entity.ResourcesUnion#175], EntityKey[j.index.module.apply.resourcesUnion.entity.ResourcesUnion#176], EntityKey[j.index.module.apply.resourcesUnion.entity.ResourcesUnion#177], EntityKey[j.index.module.apply.resourcesUnion.entity.ResourcesUnion#178], EntityKey[j.index.module.apply.resourcesUnion.entity.ResourcesUnion#171], EntityKey[j.index.module.apply.resourcesUnion.entity.ResourcesUnion#172], EntityKey[j.index.module.apply.resourcesUnion.entity.ResourcesUnion#173], EntityKey[j.index.module.apply.resourcesUnion.entity.ResourcesUnion#174], EntityKey[j.index.module.apply.resourcesUnion.entity.ResourcesUnion#183], EntityKey[j.index.module.apply.resourcesUnion.entity.ResourcesUnion#184], EntityKey[j.index.module.apply.resourcesUnion.entity.ResourcesUnion#185], EntityKey[j.index.module.apply.resourcesUnion.entity.ResourcesUnion#186], EntityKey[j.index.module.apply.resourcesUnion.entity.ResourcesUnion#179], EntityKey[j.index.module.apply.resourcesUnion.entity.ResourcesUnion#180], EntityKey[j.index.module.apply.resourcesUnion.entity.ResourcesUnion#181], EntityKey[j.index.module.apply.resourcesUnion.entity.ResourcesUnion#182], EntityKey[j.index.module.apply.resourcesUnion.entity.ResourcesUnion#162], EntityKey[j.index.module.apply.resourcesUnion.entity.ResourcesUnion#161], EntityKey[j.index.module.apply.resourcesUnion.entity.ResourcesUnion#160], EntityKey[j.index.module.apply.resourcesUnion.entity.ResourcesUnion#159], EntityKey[j.index.module.apply.resourcesUnion.entity.ResourcesUnion#158], EntityKey[j.index.module.apply.resourcesUnion.entity.ResourcesUnion#157], EntityKey[j.index.module.apply.resourcesUnion.entity.ResourcesUnion#156], EntityKey[j.index.module.apply.resourcesUnion.entity.ResourcesUnion#155], EntityKey[j.index.module.apply.resourcesUnion.entity.ResourcesUnion#170], EntityKey[j.index.module.apply.resourcesUnion.entity.ResourcesUnion#169], EntityKey[j.index.module.apply.resourcesUnion.entity.ResourcesUnion#168], EntityKey[j.index.module.apply.resourcesUnion.entity.ResourcesUnion#167], EntityKey[j.index.module.apply.resourcesUnion.entity.ResourcesUnion#166], EntityKey[j.index.module.apply.resourcesUnion.entity.ResourcesUnion#165], EntityKey[j.index.module.apply.resourcesUnion.entity.ResourcesUnion#164], EntityKey[j.index.module.apply.resourcesUnion.entity.ResourcesUnion#163], EntityKey[j.index.module.apply.resourcesUnion.entity.ResourcesUnion#145], EntityKey[j.index.module.apply.resourcesUnion.entity.ResourcesUnion#146], EntityKey[j.index.module.apply.resourcesUnion.entity.ResourcesUnion#143], EntityKey[j.index.module.apply.resourcesUnion.entity.ResourcesUnion#144], EntityKey[j.index.module.apply.resourcesUnion.entity.ResourcesUnion#141], EntityKey[j.index.module.apply.resourcesUnion.entity.ResourcesUnion#142], EntityKey[j.index.module.apply.resourcesUnion.entity.ResourcesUnion#139], EntityKey[j.index.module.apply.resourcesUnion.entity.ResourcesUnion#140], EntityKey[j.index.module.apply.resourcesUnion.entity.ResourcesUnion#153], EntityKey[j.index.module.apply.resourcesUnion.entity.ResourcesUnion#154], EntityKey[j.index.module.apply.resourcesUnion.entity.ResourcesUnion#151], EntityKey[j.index.module.apply.resourcesUnion.entity.ResourcesUnion#152], EntityKey[j.index.module.apply.resourcesUnion.entity.ResourcesUnion#149], EntityKey[j.index.module.apply.resourcesUnion.entity.ResourcesUnion#150], EntityKey[j.index.module.apply.resourcesUnion.entity.ResourcesUnion#147], EntityKey[j.index.module.apply.resourcesUnion.entity.ResourcesUnion#148], EntityKey[j.index.module.apply.resourcesUnion.entity.ResourcesUnion#252], EntityKey[j.index.module.apply.resourcesUnion.entity.ResourcesUnion#251], EntityKey[j.index.module.apply.resourcesUnion.entity.ResourcesUnion#254], EntityKey[j.index.module.apply.resourcesUnion.entity.ResourcesUnion#253], EntityKey[j.index.module.apply.resourcesUnion.entity.ResourcesUnion#256], EntityKey[j.index.module.apply.resourcesUnion.entity.ResourcesUnion#255], EntityKey[j.index.module.apply.resourcesUnion.entity.ResourcesUnion#258], EntityKey[j.index.module.apply.resourcesUnion.entity.ResourcesUnion#257], EntityKey[j.index.module.apply.resourcesUnion.entity.ResourcesUnion#260], EntityKey[j.index.module.apply.resourcesUnion.entity.ResourcesUnion#259], EntityKey[j.index.module.apply.resourcesUnion.entity.ResourcesUnion#262], EntityKey[j.index.module.apply.resourcesUnion.entity.ResourcesUnion#261], EntityKey[j.index.module.apply.resourcesUnion.entity.ResourcesUnion#264], EntityKey[j.index.module.apply.resourcesUnion.entity.ResourcesUnion#263], EntityKey[j.index.module.apply.resourcesUnion.entity.ResourcesUnion#266], EntityKey[j.index.module.apply.resourcesUnion.entity.ResourcesUnion#265], EntityKey[j.index.module.apply.resourcesUnion.entity.ResourcesUnion#235], EntityKey[j.index.module.apply.resourcesUnion.entity.ResourcesUnion#236], EntityKey[j.index.module.apply.resourcesUnion.entity.ResourcesUnion#237], EntityKey[j.index.module.apply.resourcesUnion.entity.ResourcesUnion#238], EntityKey[j.index.module.apply.resourcesUnion.entity.ResourcesUnion#239], EntityKey[j.index.module.apply.resourcesUnion.entity.ResourcesUnion#240], EntityKey[j.index.module.apply.resourcesUnion.entity.ResourcesUnion#241], EntityKey[j.index.module.apply.resourcesUnion.entity.ResourcesUnion#242], EntityKey[j.index.module.apply.resourcesUnion.entity.ResourcesUnion#243], EntityKey[j.index.module.apply.resourcesUnion.entity.ResourcesUnion#244], EntityKey[j.index.module.apply.resourcesUnion.entity.ResourcesUnion#245], EntityKey[j.index.module.apply.resourcesUnion.entity.ResourcesUnion#246], EntityKey[j.index.module.apply.resourcesUnion.entity.ResourcesUnion#247], EntityKey[j.index.module.apply.resourcesUnion.entity.ResourcesUnion#248], EntityKey[j.index.module.apply.resourcesUnion.entity.ResourcesUnion#249], EntityKey[j.index.module.apply.resourcesUnion.entity.ResourcesUnion#250], EntityKey[j.index.module.apply.resourcesUnion.entity.ResourcesUnion#222], EntityKey[j.index.module.apply.resourcesUnion.entity.ResourcesUnion#221], EntityKey[j.index.module.apply.resourcesUnion.entity.ResourcesUnion#220], EntityKey[j.index.module.apply.resourcesUnion.entity.ResourcesUnion#219], EntityKey[j.index.module.apply.resourcesUnion.entity.ResourcesUnion#226], EntityKey[j.index.module.apply.resourcesUnion.entity.ResourcesUnion#225], EntityKey[j.index.module.apply.resourcesUnion.entity.ResourcesUnion#224], EntityKey[j.index.module.apply.resourcesUnion.entity.ResourcesUnion#223], EntityKey[j.index.module.apply.resourcesUnion.entity.ResourcesUnion#230], EntityKey[j.index.module.apply.resourcesUnion.entity.ResourcesUnion#229], EntityKey[j.index.module.apply.resourcesUnion.entity.ResourcesUnion#228], EntityKey[j.index.module.apply.resourcesUnion.entity.ResourcesUnion#227], EntityKey[j.index.module.apply.resourcesUnion.entity.ResourcesUnion#234], EntityKey[j.index.module.apply.resourcesUnion.entity.ResourcesUnion#233], EntityKey[j.index.module.apply.resourcesUnion.entity.ResourcesUnion#232], EntityKey[j.index.module.apply.resourcesUnion.entity.ResourcesUnion#231], EntityKey[j.index.module.apply.resourcesUnion.entity.ResourcesUnion#205], EntityKey[j.index.module.apply.resourcesUnion.entity.ResourcesUnion#206], EntityKey[j.index.module.apply.resourcesUnion.entity.ResourcesUnion#203], EntityKey[j.index.module.apply.resourcesUnion.entity.ResourcesUnion#204], EntityKey[j.index.module.apply.resourcesUnion.entity.ResourcesUnion#209], EntityKey[j.index.module.apply.resourcesUnion.entity.ResourcesUnion#210], EntityKey[j.index.module.apply.resourcesUnion.entity.ResourcesUnion#207], EntityKey[j.index.module.apply.resourcesUnion.entity.ResourcesUnion#208], EntityKey[j.index.module.apply.resourcesUnion.entity.ResourcesUnion#213], EntityKey[j.index.module.apply.resourcesUnion.entity.ResourcesUnion#214], EntityKey[j.index.module.apply.resourcesUnion.entity.ResourcesUnion#211], EntityKey[j.index.module.apply.resourcesUnion.entity.ResourcesUnion#212], EntityKey[j.index.module.apply.resourcesUnion.entity.ResourcesUnion#217], EntityKey[j.index.module.apply.resourcesUnion.entity.ResourcesUnion#218], EntityKey[j.index.module.apply.resourcesUnion.entity.ResourcesUnion#215], EntityKey[j.index.module.apply.resourcesUnion.entity.ResourcesUnion#216], EntityKey[j.index.module.apply.resourcesUnion.entity.ResourcesUnion#327], EntityKey[j.index.module.apply.resourcesUnion.entity.ResourcesUnion#328], EntityKey[j.index.module.apply.resourcesUnion.entity.ResourcesUnion#329], EntityKey[j.index.module.apply.resourcesUnion.entity.ResourcesUnion#330], EntityKey[j.index.module.apply.resourcesUnion.entity.ResourcesUnion#323], EntityKey[j.index.module.apply.resourcesUnion.entity.ResourcesUnion#324], EntityKey[j.index.module.apply.resourcesUnion.entity.ResourcesUnion#325], EntityKey[j.index.module.apply.resourcesUnion.entity.ResourcesUnion#326], EntityKey[j.index.module.apply.resourcesUnion.entity.ResourcesUnion#319], EntityKey[j.index.module.apply.resourcesUnion.entity.ResourcesUnion#320], EntityKey[j.index.module.apply.resourcesUnion.entity.ResourcesUnion#321], EntityKey[j.index.module.apply.resourcesUnion.entity.ResourcesUnion#322], EntityKey[j.index.module.apply.resourcesUnion.entity.ResourcesUnion#315], EntityKey[j.index.module.apply.resourcesUnion.entity.ResourcesUnion#316], EntityKey[j.index.module.apply.resourcesUnion.entity.ResourcesUnion#317], EntityKey[j.index.module.apply.resourcesUnion.entity.ResourcesUnion#318], EntityKey[j.index.module.apply.resourcesUnion.entity.ResourcesUnion#312], EntityKey[j.index.module.apply.resourcesUnion.entity.ResourcesUnion#311], EntityKey[j.index.module.apply.resourcesUnion.entity.ResourcesUnion#314], EntityKey[j.index.module.apply.resourcesUnion.entity.ResourcesUnion#313], EntityKey[j.index.module.apply.resourcesUnion.entity.ResourcesUnion#308], EntityKey[j.index.module.apply.resourcesUnion.entity.ResourcesUnion#307], EntityKey[j.index.module.apply.resourcesUnion.entity.ResourcesUnion#310], EntityKey[j.index.module.apply.resourcesUnion.entity.ResourcesUnion#309], EntityKey[j.index.module.apply.resourcesUnion.entity.ResourcesUnion#304], EntityKey[j.index.module.apply.resourcesUnion.entity.ResourcesUnion#303], EntityKey[j.index.module.apply.resourcesUnion.entity.ResourcesUnion#306], EntityKey[j.index.module.apply.resourcesUnion.entity.ResourcesUnion#305], EntityKey[j.index.module.apply.resourcesUnion.entity.ResourcesUnion#300], EntityKey[j.index.module.apply.resourcesUnion.entity.ResourcesUnion#299], EntityKey[j.index.module.apply.resourcesUnion.entity.ResourcesUnion#302], EntityKey[j.index.module.apply.resourcesUnion.entity.ResourcesUnion#301], EntityKey[j.index.module.apply.resourcesUnion.entity.ResourcesUnion#297], EntityKey[j.index.module.apply.resourcesUnion.entity.ResourcesUnion#298], EntityKey[j.index.module.apply.resourcesUnion.entity.ResourcesUnion#295], EntityKey[j.index.module.apply.resourcesUnion.entity.ResourcesUnion#296], EntityKey[j.index.module.apply.resourcesUnion.entity.ResourcesUnion#293], EntityKey[j.index.module.apply.resourcesUnion.entity.ResourcesUnion#294], EntityKey[j.index.module.apply.resourcesUnion.entity.ResourcesUnion#291], EntityKey[j.index.module.apply.resourcesUnion.entity.ResourcesUnion#292], EntityKey[j.index.module.apply.resourcesUnion.entity.ResourcesUnion#289], EntityKey[j.index.module.apply.resourcesUnion.entity.ResourcesUnion#290], EntityKey[j.index.module.apply.resourcesUnion.entity.ResourcesUnion#287], EntityKey[j.index.module.apply.resourcesUnion.entity.ResourcesUnion#288], EntityKey[j.index.module.apply.resourcesUnion.entity.ResourcesUnion#285], EntityKey[j.index.module.apply.resourcesUnion.entity.ResourcesUnion#286], EntityKey[j.index.module.apply.resourcesUnion.entity.ResourcesUnion#283], EntityKey[j.index.module.apply.resourcesUnion.entity.ResourcesUnion#284], EntityKey[j.index.module.apply.resourcesUnion.entity.ResourcesUnion#282], EntityKey[j.index.module.apply.resourcesUnion.entity.ResourcesUnion#281], EntityKey[j.index.module.apply.resourcesUnion.entity.ResourcesUnion#280], EntityKey[j.index.module.apply.resourcesUnion.entity.ResourcesUnion#279], EntityKey[j.index.module.apply.resourcesUnion.entity.ResourcesUnion#278], EntityKey[j.index.module.apply.resourcesUnion.entity.ResourcesUnion#277], EntityKey[j.index.module.apply.resourcesUnion.entity.ResourcesUnion#276], EntityKey[j.index.module.apply.resourcesUnion.entity.ResourcesUnion#275], EntityKey[j.index.module.apply.resourcesUnion.entity.ResourcesUnion#274], EntityKey[j.index.module.apply.resourcesUnion.entity.ResourcesUnion#273], EntityKey[j.index.module.apply.resourcesUnion.entity.ResourcesUnion#272], EntityKey[j.index.module.apply.resourcesUnion.entity.ResourcesUnion#271], EntityKey[j.index.module.apply.resourcesUnion.entity.ResourcesUnion#270], EntityKey[j.index.module.apply.resourcesUnion.entity.ResourcesUnion#269], EntityKey[j.index.module.apply.resourcesUnion.entity.ResourcesUnion#268], EntityKey[j.index.module.apply.resourcesUnion.entity.ResourcesUnion#267], EntityKey[j.index.module.apply.resourcesUnion.entity.ResourcesUnion#387], EntityKey[j.index.module.apply.resourcesUnion.entity.ResourcesUnion#388], EntityKey[j.index.module.apply.resourcesUnion.entity.ResourcesUnion#389], EntityKey[j.index.module.apply.resourcesUnion.entity.ResourcesUnion#390], EntityKey[j.index.module.apply.resourcesUnion.entity.ResourcesUnion#391], EntityKey[j.index.module.apply.resourcesUnion.entity.ResourcesUnion#392], EntityKey[j.index.module.apply.resourcesUnion.entity.ResourcesUnion#393], EntityKey[j.index.module.apply.resourcesUnion.entity.ResourcesUnion#394], EntityKey[j.index.module.apply.resourcesUnion.entity.ResourcesUnion#379], EntityKey[j.index.module.apply.resourcesUnion.entity.ResourcesUnion#380], EntityKey[j.index.module.apply.resourcesUnion.entity.ResourcesUnion#381], EntityKey[j.index.module.apply.resourcesUnion.entity.ResourcesUnion#382], EntityKey[j.index.module.apply.resourcesUnion.entity.ResourcesUnion#383], EntityKey[j.index.module.apply.resourcesUnion.entity.ResourcesUnion#384], EntityKey[j.index.module.apply.resourcesUnion.entity.ResourcesUnion#385], EntityKey[j.index.module.apply.resourcesUnion.entity.ResourcesUnion#386], EntityKey[j.index.module.apply.resourcesUnion.entity.ResourcesUnion#372], EntityKey[j.index.module.apply.resourcesUnion.entity.ResourcesUnion#371], EntityKey[j.index.module.apply.resourcesUnion.entity.ResourcesUnion#374], EntityKey[j.index.module.apply.resourcesUnion.entity.ResourcesUnion#373], EntityKey[j.index.module.apply.resourcesUnion.entity.ResourcesUnion#376], EntityKey[j.index.module.apply.resourcesUnion.entity.ResourcesUnion#375], EntityKey[j.index.module.apply.resourcesUnion.entity.ResourcesUnion#378], EntityKey[j.index.module.apply.resourcesUnion.entity.ResourcesUnion#377], EntityKey[j.index.module.apply.resourcesUnion.entity.ResourcesUnion#364], EntityKey[j.index.module.apply.resourcesUnion.entity.ResourcesUnion#363], EntityKey[j.index.module.apply.resourcesUnion.entity.ResourcesUnion#366], EntityKey[j.index.module.apply.resourcesUnion.entity.ResourcesUnion#365], EntityKey[j.index.module.apply.resourcesUnion.entity.ResourcesUnion#368], EntityKey[j.index.module.apply.resourcesUnion.entity.ResourcesUnion#367], EntityKey[j.index.module.apply.resourcesUnion.entity.ResourcesUnion#370], EntityKey[j.index.module.apply.resourcesUnion.entity.ResourcesUnion#369], EntityKey[j.index.module.apply.resourcesUnion.entity.ResourcesUnion#357], EntityKey[j.index.module.apply.resourcesUnion.entity.ResourcesUnion#358], EntityKey[j.index.module.apply.resourcesUnion.entity.ResourcesUnion#355], EntityKey[j.index.module.apply.resourcesUnion.entity.ResourcesUnion#356], EntityKey[j.index.module.apply.resourcesUnion.entity.ResourcesUnion#361], EntityKey[j.index.module.apply.resourcesUnion.entity.ResourcesUnion#362], EntityKey[j.index.module.apply.resourcesUnion.entity.ResourcesUnion#359], EntityKey[j.index.module.apply.resourcesUnion.entity.ResourcesUnion#360], EntityKey[j.index.module.apply.resourcesUnion.entity.ResourcesUnion#349], EntityKey[j.index.module.apply.resourcesUnion.entity.ResourcesUnion#350], EntityKey[j.index.module.apply.resourcesUnion.entity.ResourcesUnion#347], EntityKey[j.index.module.apply.resourcesUnion.entity.ResourcesUnion#348], EntityKey[j.index.module.apply.resourcesUnion.entity.ResourcesUnion#353], EntityKey[j.index.module.apply.resourcesUnion.entity.ResourcesUnion#354], EntityKey[j.index.module.apply.resourcesUnion.entity.ResourcesUnion#351], EntityKey[j.index.module.apply.resourcesUnion.entity.ResourcesUnion#352], EntityKey[j.index.module.apply.resourcesUnion.entity.ResourcesUnion#342], EntityKey[j.index.module.apply.resourcesUnion.entity.ResourcesUnion#341], EntityKey[j.index.module.apply.resourcesUnion.entity.ResourcesUnion#340], EntityKey[j.index.module.apply.resourcesUnion.entity.ResourcesUnion#339], EntityKey[j.index.module.apply.resourcesUnion.entity.ResourcesUnion#346], EntityKey[j.index.module.apply.resourcesUnion.entity.ResourcesUnion#345], EntityKey[j.index.module.apply.resourcesUnion.entity.ResourcesUnion#344], EntityKey[j.index.module.apply.resourcesUnion.entity.ResourcesUnion#343], EntityKey[j.index.module.apply.resourcesUnion.entity.ResourcesUnion#334], EntityKey[j.index.module.apply.resourcesUnion.entity.ResourcesUnion#333], EntityKey[j.index.module.apply.resourcesUnion.entity.ResourcesUnion#332], EntityKey[j.index.module.apply.resourcesUnion.entity.ResourcesUnion#331], EntityKey[j.index.module.apply.resourcesUnion.entity.ResourcesUnion#338], EntityKey[j.index.module.apply.resourcesUnion.entity.ResourcesUnion#337], EntityKey[j.index.module.apply.resourcesUnion.entity.ResourcesUnion#336], EntityKey[j.index.module.apply.resourcesUnion.entity.ResourcesUnion#335], EntityKey[j.index.module.apply.resourcesUnion.entity.ResourcesUnion#471], EntityKey[j.index.module.apply.resourcesUnion.entity.ResourcesUnion#472], EntityKey[j.index.module.apply.resourcesUnion.entity.ResourcesUnion#473], EntityKey[j.index.module.apply.resourcesUnion.entity.ResourcesUnion#474], EntityKey[j.index.module.apply.resourcesUnion.entity.ResourcesUnion#467], EntityKey[j.index.module.apply.resourcesUnion.entity.ResourcesUnion#468], EntityKey[j.index.module.apply.resourcesUnion.entity.ResourcesUnion#469], EntityKey[j.index.module.apply.resourcesUnion.entity.ResourcesUnion#470], EntityKey[j.index.module.apply.resourcesUnion.entity.ResourcesUnion#463], EntityKey[j.index.module.apply.resourcesUnion.entity.ResourcesUnion#464], EntityKey[j.index.module.apply.resourcesUnion.entity.ResourcesUnion#465], EntityKey[j.index.module.apply.resourcesUnion.entity.ResourcesUnion#466], EntityKey[j.index.module.apply.resourcesUnion.entity.ResourcesUnion#459], EntityKey[j.index.module.apply.resourcesUnion.entity.ResourcesUnion#460], EntityKey[j.index.module.apply.resourcesUnion.entity.ResourcesUnion#461], EntityKey[j.index.module.apply.resourcesUnion.entity.ResourcesUnion#462], EntityKey[j.index.module.apply.resourcesUnion.entity.ResourcesUnion#488], EntityKey[j.index.module.apply.resourcesUnion.entity.ResourcesUnion#487], EntityKey[j.index.module.apply.resourcesUnion.entity.ResourcesUnion#490], EntityKey[j.index.module.apply.resourcesUnion.entity.ResourcesUnion#489], EntityKey[j.index.module.apply.resourcesUnion.entity.ResourcesUnion#484], EntityKey[j.index.module.apply.resourcesUnion.entity.ResourcesUnion#483], EntityKey[j.index.module.apply.resourcesUnion.entity.ResourcesUnion#486], EntityKey[j.index.module.apply.resourcesUnion.entity.ResourcesUnion#485], EntityKey[j.index.module.apply.resourcesUnion.entity.ResourcesUnion#480], EntityKey[j.index.module.apply.resourcesUnion.entity.ResourcesUnion#479], EntityKey[j.index.module.apply.resourcesUnion.entity.ResourcesUnion#482], EntityKey[j.index.module.apply.resourcesUnion.entity.ResourcesUnion#481], EntityKey[j.index.module.apply.resourcesUnion.entity.ResourcesUnion#476], EntityKey[j.index.module.apply.resourcesUnion.entity.ResourcesUnion#475], EntityKey[j.index.module.apply.resourcesUnion.entity.ResourcesUnion#478], EntityKey[j.index.module.apply.resourcesUnion.entity.ResourcesUnion#477], EntityKey[j.index.module.apply.resourcesUnion.entity.ResourcesUnion#505], EntityKey[j.index.module.apply.resourcesUnion.entity.ResourcesUnion#506], EntityKey[j.index.module.apply.resourcesUnion.entity.ResourcesUnion#503], EntityKey[j.index.module.apply.resourcesUnion.entity.ResourcesUnion#504], EntityKey[j.index.module.apply.resourcesUnion.entity.ResourcesUnion#501], EntityKey[j.index.module.apply.resourcesUnion.entity.ResourcesUnion#502], EntityKey[j.index.module.apply.resourcesUnion.entity.ResourcesUnion#499], EntityKey[j.index.module.apply.resourcesUnion.entity.ResourcesUnion#500], EntityKey[j.index.module.apply.resourcesUnion.entity.ResourcesUnion#497], EntityKey[j.index.module.apply.resourcesUnion.entity.ResourcesUnion#498], EntityKey[j.index.module.apply.resourcesUnion.entity.ResourcesUnion#495], EntityKey[j.index.module.apply.resourcesUnion.entity.ResourcesUnion#496], EntityKey[j.index.module.apply.resourcesUnion.entity.ResourcesUnion#493], EntityKey[j.index.module.apply.resourcesUnion.entity.ResourcesUnion#494], EntityKey[j.index.module.apply.resourcesUnion.entity.ResourcesUnion#491], EntityKey[j.index.module.apply.resourcesUnion.entity.ResourcesUnion#492], EntityKey[j.index.module.apply.resourcesUnion.entity.ResourcesUnion#522], EntityKey[j.index.module.apply.resourcesUnion.entity.ResourcesUnion#521], EntityKey[j.index.module.apply.resourcesUnion.entity.ResourcesUnion#520], EntityKey[j.index.module.apply.resourcesUnion.entity.ResourcesUnion#519], EntityKey[j.index.module.apply.resourcesUnion.entity.ResourcesUnion#518], EntityKey[j.index.module.apply.resourcesUnion.entity.ResourcesUnion#517], EntityKey[j.index.module.apply.resourcesUnion.entity.ResourcesUnion#516], EntityKey[j.index.module.apply.resourcesUnion.entity.ResourcesUnion#515], EntityKey[j.index.module.apply.resourcesUnion.entity.ResourcesUnion#514], EntityKey[j.index.module.apply.resourcesUnion.entity.ResourcesUnion#513], EntityKey[j.index.module.apply.resourcesUnion.entity.ResourcesUnion#512], EntityKey[j.index.module.apply.resourcesUnion.entity.ResourcesUnion#511], EntityKey[j.index.module.apply.resourcesUnion.entity.ResourcesUnion#510], EntityKey[j.index.module.apply.resourcesUnion.entity.ResourcesUnion#509], EntityKey[j.index.module.apply.resourcesUnion.entity.ResourcesUnion#508], EntityKey[j.index.module.apply.resourcesUnion.entity.ResourcesUnion#507], EntityKey[j.index.module.apply.resourcesUnion.entity.ResourcesUnion#403], EntityKey[j.index.module.apply.resourcesUnion.entity.ResourcesUnion#404], EntityKey[j.index.module.apply.resourcesUnion.entity.ResourcesUnion#405], EntityKey[j.index.module.apply.resourcesUnion.entity.ResourcesUnion#406], EntityKey[j.index.module.apply.resourcesUnion.entity.ResourcesUnion#407], EntityKey[j.index.module.apply.resourcesUnion.entity.ResourcesUnion#408], EntityKey[j.index.module.apply.resourcesUnion.entity.ResourcesUnion#409], EntityKey[j.index.module.apply.resourcesUnion.entity.ResourcesUnion#410], EntityKey[j.index.module.apply.resourcesUnion.entity.ResourcesUnion#395], EntityKey[j.index.module.apply.resourcesUnion.entity.ResourcesUnion#396], EntityKey[j.index.module.apply.resourcesUnion.entity.ResourcesUnion#397], EntityKey[j.index.module.apply.resourcesUnion.entity.ResourcesUnion#398], EntityKey[j.index.module.apply.resourcesUnion.entity.ResourcesUnion#399], EntityKey[j.index.module.apply.resourcesUnion.entity.ResourcesUnion#400], EntityKey[j.index.module.apply.resourcesUnion.entity.ResourcesUnion#401], EntityKey[j.index.module.apply.resourcesUnion.entity.ResourcesUnion#402], EntityKey[j.index.module.apply.resourcesUnion.entity.ResourcesUnion#420], EntityKey[j.index.module.apply.resourcesUnion.entity.ResourcesUnion#419], EntityKey[j.index.module.apply.resourcesUnion.entity.ResourcesUnion#422], EntityKey[j.index.module.apply.resourcesUnion.entity.ResourcesUnion#421], EntityKey[j.index.module.apply.resourcesUnion.entity.ResourcesUnion#424], EntityKey[j.index.module.apply.resourcesUnion.entity.ResourcesUnion#423], EntityKey[j.index.module.apply.resourcesUnion.entity.ResourcesUnion#426], EntityKey[j.index.module.apply.resourcesUnion.entity.ResourcesUnion#425], EntityKey[j.index.module.apply.resourcesUnion.entity.ResourcesUnion#412], EntityKey[j.index.module.apply.resourcesUnion.entity.ResourcesUnion#411], EntityKey[j.index.module.apply.resourcesUnion.entity.ResourcesUnion#414], EntityKey[j.index.module.apply.resourcesUnion.entity.ResourcesUnion#413], EntityKey[j.index.module.apply.resourcesUnion.entity.ResourcesUnion#416], EntityKey[j.index.module.apply.resourcesUnion.entity.ResourcesUnion#415], EntityKey[j.index.module.apply.resourcesUnion.entity.ResourcesUnion#418], EntityKey[j.index.module.apply.resourcesUnion.entity.ResourcesUnion#417], EntityKey[j.index.module.apply.resourcesUnion.entity.ResourcesUnion#437], EntityKey[j.index.module.apply.resourcesUnion.entity.ResourcesUnion#438], EntityKey[j.index.module.apply.resourcesUnion.entity.ResourcesUnion#435], EntityKey[j.index.module.apply.resourcesUnion.entity.ResourcesUnion#436], EntityKey[j.index.module.apply.resourcesUnion.entity.ResourcesUnion#441], EntityKey[j.index.module.apply.resourcesUnion.entity.ResourcesUnion#442], EntityKey[j.index.module.apply.resourcesUnion.entity.ResourcesUnion#439], EntityKey[j.index.module.apply.resourcesUnion.entity.ResourcesUnion#440], EntityKey[j.index.module.apply.resourcesUnion.entity.ResourcesUnion#429], EntityKey[j.index.module.apply.resourcesUnion.entity.ResourcesUnion#430], EntityKey[j.index.module.apply.resourcesUnion.entity.ResourcesUnion#427], EntityKey[j.index.module.apply.resourcesUnion.entity.ResourcesUnion#428], EntityKey[j.index.module.apply.resourcesUnion.entity.ResourcesUnion#433], EntityKey[j.index.module.apply.resourcesUnion.entity.ResourcesUnion#434], EntityKey[j.index.module.apply.resourcesUnion.entity.ResourcesUnion#431], EntityKey[j.index.module.apply.resourcesUnion.entity.ResourcesUnion#432], EntityKey[j.index.module.apply.resourcesUnion.entity.ResourcesUnion#454], EntityKey[j.index.module.apply.resourcesUnion.entity.ResourcesUnion#453], EntityKey[j.index.module.apply.resourcesUnion.entity.ResourcesUnion#452], EntityKey[j.index.module.apply.resourcesUnion.entity.ResourcesUnion#451], EntityKey[j.index.module.apply.resourcesUnion.entity.ResourcesUnion#458], EntityKey[j.index.module.apply.resourcesUnion.entity.ResourcesUnion#457], EntityKey[j.index.module.apply.resourcesUnion.entity.ResourcesUnion#456], EntityKey[j.index.module.apply.resourcesUnion.entity.ResourcesUnion#455], EntityKey[j.index.module.apply.resourcesUnion.entity.ResourcesUnion#446], EntityKey[j.index.module.apply.resourcesUnion.entity.ResourcesUnion#445], EntityKey[j.index.module.apply.resourcesUnion.entity.ResourcesUnion#444], EntityKey[j.index.module.apply.resourcesUnion.entity.ResourcesUnion#443], EntityKey[j.index.module.apply.resourcesUnion.entity.ResourcesUnion#450], EntityKey[j.index.module.apply.resourcesUnion.entity.ResourcesUnion#449], EntityKey[j.index.module.apply.resourcesUnion.entity.ResourcesUnion#448], EntityKey[j.index.module.apply.resourcesUnion.entity.ResourcesUnion#447], EntityKey[j.index.module.apply.resourcesUnion.entity.ResourcesUnion#592], EntityKey[j.index.module.apply.resourcesUnion.entity.ResourcesUnion#591], EntityKey[j.index.module.apply.resourcesUnion.entity.ResourcesUnion#594], EntityKey[j.index.module.apply.resourcesUnion.entity.ResourcesUnion#593], EntityKey[j.index.module.apply.resourcesUnion.entity.ResourcesUnion#588], EntityKey[j.index.module.apply.resourcesUnion.entity.ResourcesUnion#587], EntityKey[j.index.module.apply.resourcesUnion.entity.ResourcesUnion#590], EntityKey[j.index.module.apply.resourcesUnion.entity.ResourcesUnion#589], EntityKey[j.index.module.apply.resourcesUnion.entity.ResourcesUnion#600], EntityKey[j.index.module.apply.resourcesUnion.entity.ResourcesUnion#599], EntityKey[j.index.module.apply.resourcesUnion.entity.ResourcesUnion#602], EntityKey[j.index.module.apply.resourcesUnion.entity.ResourcesUnion#601], EntityKey[j.index.module.apply.resourcesUnion.entity.ResourcesUnion#596], EntityKey[j.index.module.apply.resourcesUnion.entity.ResourcesUnion#595], EntityKey[j.index.module.apply.resourcesUnion.entity.ResourcesUnion#598], EntityKey[j.index.module.apply.resourcesUnion.entity.ResourcesUnion#597], EntityKey[j.index.module.apply.resourcesUnion.entity.ResourcesUnion#607], EntityKey[j.index.module.apply.resourcesUnion.entity.ResourcesUnion#608], EntityKey[j.index.module.apply.resourcesUnion.entity.ResourcesUnion#609], EntityKey[j.index.module.apply.resourcesUnion.entity.ResourcesUnion#610], EntityKey[j.index.module.apply.resourcesUnion.entity.ResourcesUnion#603], EntityKey[j.index.module.apply.resourcesUnion.entity.ResourcesUnion#604], EntityKey[j.index.module.apply.resourcesUnion.entity.ResourcesUnion#605], EntityKey[j.index.module.apply.resourcesUnion.entity.ResourcesUnion#606], EntityKey[j.index.module.apply.resourcesUnion.entity.ResourcesUnion#615], EntityKey[j.index.module.apply.resourcesUnion.entity.ResourcesUnion#616], EntityKey[j.index.module.apply.resourcesUnion.entity.ResourcesUnion#617], EntityKey[j.index.module.apply.resourcesUnion.entity.ResourcesUnion#618], EntityKey[j.index.module.apply.resourcesUnion.entity.ResourcesUnion#611], EntityKey[j.index.module.apply.resourcesUnion.entity.ResourcesUnion#612], EntityKey[j.index.module.apply.resourcesUnion.entity.ResourcesUnion#613], EntityKey[j.index.module.apply.resourcesUnion.entity.ResourcesUnion#614], EntityKey[j.index.module.apply.resourcesUnion.entity.ResourcesUnion#626], EntityKey[j.index.module.apply.resourcesUnion.entity.ResourcesUnion#625], EntityKey[j.index.module.apply.resourcesUnion.entity.ResourcesUnion#624], EntityKey[j.index.module.apply.resourcesUnion.entity.ResourcesUnion#623], EntityKey[j.index.module.apply.resourcesUnion.entity.ResourcesUnion#622], EntityKey[j.index.module.apply.resourcesUnion.entity.ResourcesUnion#621], EntityKey[j.index.module.apply.resourcesUnion.entity.ResourcesUnion#620], EntityKey[j.index.module.apply.resourcesUnion.entity.ResourcesUnion#619], EntityKey[j.index.module.apply.resourcesUnion.entity.ResourcesUnion#634], EntityKey[j.index.module.apply.resourcesUnion.entity.ResourcesUnion#633], EntityKey[j.index.module.apply.resourcesUnion.entity.ResourcesUnion#632], EntityKey[j.index.module.apply.resourcesUnion.entity.ResourcesUnion#631], EntityKey[j.index.module.apply.resourcesUnion.entity.ResourcesUnion#630], EntityKey[j.index.module.apply.resourcesUnion.entity.ResourcesUnion#629], EntityKey[j.index.module.apply.resourcesUnion.entity.ResourcesUnion#628], EntityKey[j.index.module.apply.resourcesUnion.entity.ResourcesUnion#627], EntityKey[j.index.module.apply.resourcesUnion.entity.ResourcesUnion#641], EntityKey[j.index.module.apply.resourcesUnion.entity.ResourcesUnion#642], EntityKey[j.index.module.apply.resourcesUnion.entity.ResourcesUnion#639], EntityKey[j.index.module.apply.resourcesUnion.entity.ResourcesUnion#640], EntityKey[j.index.module.apply.resourcesUnion.entity.ResourcesUnion#637], EntityKey[j.index.module.apply.resourcesUnion.entity.ResourcesUnion#638], EntityKey[j.index.module.apply.resourcesUnion.entity.ResourcesUnion#635], EntityKey[j.index.module.apply.resourcesUnion.entity.ResourcesUnion#636], EntityKey[j.index.module.apply.resourcesUnion.entity.ResourcesUnion#649], EntityKey[j.index.module.apply.resourcesUnion.entity.ResourcesUnion#650], EntityKey[j.index.module.apply.resourcesUnion.entity.ResourcesUnion#647], EntityKey[j.index.module.apply.resourcesUnion.entity.ResourcesUnion#648], EntityKey[j.index.module.apply.resourcesUnion.entity.ResourcesUnion#645], EntityKey[j.index.module.apply.resourcesUnion.entity.ResourcesUnion#646], EntityKey[j.index.module.apply.resourcesUnion.entity.ResourcesUnion#643], EntityKey[j.index.module.apply.resourcesUnion.entity.ResourcesUnion#644], EntityKey[j.index.module.apply.resourcesUnion.entity.ResourcesUnion#524], EntityKey[j.index.module.apply.resourcesUnion.entity.ResourcesUnion#523], EntityKey[j.index.module.apply.resourcesUnion.entity.ResourcesUnion#526], EntityKey[j.index.module.apply.resourcesUnion.entity.ResourcesUnion#525], EntityKey[j.index.module.apply.resourcesUnion.entity.ResourcesUnion#528], EntityKey[j.index.module.apply.resourcesUnion.entity.ResourcesUnion#527], EntityKey[j.index.module.apply.resourcesUnion.entity.ResourcesUnion#530], EntityKey[j.index.module.apply.resourcesUnion.entity.ResourcesUnion#529], EntityKey[j.index.module.apply.resourcesUnion.entity.ResourcesUnion#532], EntityKey[j.index.module.apply.resourcesUnion.entity.ResourcesUnion#531], EntityKey[j.index.module.apply.resourcesUnion.entity.ResourcesUnion#534], EntityKey[j.index.module.apply.resourcesUnion.entity.ResourcesUnion#533], EntityKey[j.index.module.apply.resourcesUnion.entity.ResourcesUnion#536], EntityKey[j.index.module.apply.resourcesUnion.entity.ResourcesUnion#535], EntityKey[j.index.module.apply.resourcesUnion.entity.ResourcesUnion#538], EntityKey[j.index.module.apply.resourcesUnion.entity.ResourcesUnion#537], EntityKey[j.index.module.apply.resourcesUnion.entity.ResourcesUnion#539], EntityKey[j.index.module.apply.resourcesUnion.entity.ResourcesUnion#540], EntityKey[j.index.module.apply.resourcesUnion.entity.ResourcesUnion#541], EntityKey[j.index.module.apply.resourcesUnion.entity.ResourcesUnion#542], EntityKey[j.index.module.apply.resourcesUnion.entity.ResourcesUnion#543], EntityKey[j.index.module.apply.resourcesUnion.entity.ResourcesUnion#544], EntityKey[j.index.module.apply.resourcesUnion.entity.ResourcesUnion#545], EntityKey[j.index.module.apply.resourcesUnion.entity.ResourcesUnion#546], EntityKey[j.index.module.apply.resourcesUnion.entity.ResourcesUnion#547], EntityKey[j.index.module.apply.resourcesUnion.entity.ResourcesUnion#548], EntityKey[j.index.module.apply.resourcesUnion.entity.ResourcesUnion#549], EntityKey[j.index.module.apply.resourcesUnion.entity.ResourcesUnion#550], EntityKey[j.index.module.apply.resourcesUnion.entity.ResourcesUnion#551], EntityKey[j.index.module.apply.resourcesUnion.entity.ResourcesUnion#552], EntityKey[j.index.module.apply.resourcesUnion.entity.ResourcesUnion#553], EntityKey[j.index.module.apply.resourcesUnion.entity.ResourcesUnion#554], EntityKey[j.index.module.apply.resourcesUnion.entity.ResourcesUnion#558], EntityKey[j.index.module.apply.resourcesUnion.entity.ResourcesUnion#557], EntityKey[j.index.module.apply.resourcesUnion.entity.ResourcesUnion#556], EntityKey[j.index.module.apply.resourcesUnion.entity.ResourcesUnion#555], EntityKey[j.index.module.apply.resourcesUnion.entity.ResourcesUnion#562], EntityKey[j.index.module.apply.resourcesUnion.entity.ResourcesUnion#561], EntityKey[j.index.module.apply.resourcesUnion.entity.ResourcesUnion#560], EntityKey[j.index.module.apply.resourcesUnion.entity.ResourcesUnion#559], EntityKey[j.index.module.apply.resourcesUnion.entity.ResourcesUnion#566], EntityKey[j.index.module.apply.resourcesUnion.entity.ResourcesUnion#565], EntityKey[j.index.module.apply.resourcesUnion.entity.ResourcesUnion#564], EntityKey[j.index.module.apply.resourcesUnion.entity.ResourcesUnion#563], EntityKey[j.index.module.apply.resourcesUnion.entity.ResourcesUnion#570], EntityKey[j.index.module.apply.resourcesUnion.entity.ResourcesUnion#569], EntityKey[j.index.module.apply.resourcesUnion.entity.ResourcesUnion#568], EntityKey[j.index.module.apply.resourcesUnion.entity.ResourcesUnion#567], EntityKey[j.index.module.apply.resourcesUnion.entity.ResourcesUnion#573], EntityKey[j.index.module.apply.resourcesUnion.entity.ResourcesUnion#574], EntityKey[j.index.module.apply.resourcesUnion.entity.ResourcesUnion#571], EntityKey[j.index.module.apply.resourcesUnion.entity.ResourcesUnion#572], EntityKey[j.index.module.apply.resourcesUnion.entity.ResourcesUnion#577], EntityKey[j.index.module.apply.resourcesUnion.entity.ResourcesUnion#578], EntityKey[j.index.module.apply.resourcesUnion.entity.ResourcesUnion#575], EntityKey[j.index.module.apply.resourcesUnion.entity.ResourcesUnion#576], EntityKey[j.index.module.apply.resourcesUnion.entity.ResourcesUnion#581], EntityKey[j.index.module.apply.resourcesUnion.entity.ResourcesUnion#582], EntityKey[j.index.module.apply.resourcesUnion.entity.ResourcesUnion#579], EntityKey[j.index.module.apply.resourcesUnion.entity.ResourcesUnion#580], EntityKey[j.index.module.apply.resourcesUnion.entity.ResourcesUnion#585], EntityKey[j.index.module.apply.resourcesUnion.entity.ResourcesUnion#586], EntityKey[j.index.module.apply.resourcesUnion.entity.ResourcesUnion#583], EntityKey[j.index.module.apply.resourcesUnion.entity.ResourcesUnion#584], EntityKey[j.index.module.apply.resourcesUnion.entity.ResourcesUnion#746], EntityKey[j.index.module.apply.resourcesUnion.entity.ResourcesUnion#745], EntityKey[j.index.module.apply.resourcesUnion.entity.ResourcesUnion#744], EntityKey[j.index.module.apply.resourcesUnion.entity.ResourcesUnion#743], EntityKey[j.index.module.apply.resourcesUnion.entity.ResourcesUnion#742], EntityKey[j.index.module.apply.resourcesUnion.entity.ResourcesUnion#741], EntityKey[j.index.module.apply.resourcesUnion.entity.ResourcesUnion#740], EntityKey[j.index.module.apply.resourcesUnion.entity.ResourcesUnion#739], EntityKey[j.index.module.apply.resourcesUnion.entity.ResourcesUnion#738], EntityKey[j.index.module.apply.resourcesUnion.entity.ResourcesUnion#737], EntityKey[j.index.module.apply.resourcesUnion.entity.ResourcesUnion#736], EntityKey[j.index.module.apply.resourcesUnion.entity.ResourcesUnion#735], EntityKey[j.index.module.apply.resourcesUnion.entity.ResourcesUnion#734], EntityKey[j.index.module.apply.resourcesUnion.entity.ResourcesUnion#733], EntityKey[j.index.module.apply.resourcesUnion.entity.ResourcesUnion#732], EntityKey[j.index.module.apply.resourcesUnion.entity.ResourcesUnion#731], EntityKey[j.index.module.apply.resourcesUnion.entity.ResourcesUnion#729], EntityKey[j.index.module.apply.resourcesUnion.entity.ResourcesUnion#730], EntityKey[j.index.module.apply.resourcesUnion.entity.ResourcesUnion#727], EntityKey[j.index.module.apply.resourcesUnion.entity.ResourcesUnion#728], EntityKey[j.index.module.apply.resourcesUnion.entity.ResourcesUnion#725], EntityKey[j.index.module.apply.resourcesUnion.entity.ResourcesUnion#726], EntityKey[j.index.module.apply.resourcesUnion.entity.ResourcesUnion#723], EntityKey[j.index.module.apply.resourcesUnion.entity.ResourcesUnion#724], EntityKey[j.index.module.apply.resourcesUnion.entity.ResourcesUnion#721], EntityKey[j.index.module.apply.resourcesUnion.entity.ResourcesUnion#722], EntityKey[j.index.module.apply.resourcesUnion.entity.ResourcesUnion#719], EntityKey[j.index.module.apply.resourcesUnion.entity.ResourcesUnion#720], EntityKey[j.index.module.apply.resourcesUnion.entity.ResourcesUnion#717], EntityKey[j.index.module.apply.resourcesUnion.entity.ResourcesUnion#718], EntityKey[j.index.module.apply.resourcesUnion.entity.ResourcesUnion#715], EntityKey[j.index.module.apply.resourcesUnion.entity.ResourcesUnion#716], EntityKey[j.index.module.apply.resourcesUnion.entity.ResourcesUnion#776], EntityKey[j.index.module.apply.resourcesUnion.entity.ResourcesUnion#775], EntityKey[j.index.module.apply.resourcesUnion.entity.ResourcesUnion#778], EntityKey[j.index.module.apply.resourcesUnion.entity.ResourcesUnion#777], EntityKey[j.index.module.apply.resourcesUnion.entity.ResourcesUnion#772], EntityKey[j.index.module.apply.resourcesUnion.entity.ResourcesUnion#771], EntityKey[j.index.module.apply.resourcesUnion.entity.ResourcesUnion#774], EntityKey[j.index.module.apply.resourcesUnion.entity.ResourcesUnion#773], EntityKey[j.index.module.apply.resourcesUnion.entity.ResourcesUnion#768], EntityKey[j.index.module.apply.resourcesUnion.entity.ResourcesUnion#767], EntityKey[j.index.module.apply.resourcesUnion.entity.ResourcesUnion#770], EntityKey[j.index.module.apply.resourcesUnion.entity.ResourcesUnion#769], EntityKey[j.index.module.apply.resourcesUnion.entity.ResourcesUnion#764], EntityKey[j.index.module.apply.resourcesUnion.entity.ResourcesUnion#763], EntityKey[j.index.module.apply.resourcesUnion.entity.ResourcesUnion#766], EntityKey[j.index.module.apply.resourcesUnion.entity.ResourcesUnion#765], EntityKey[j.index.module.apply.resourcesUnion.entity.ResourcesUnion#759], EntityKey[j.index.module.apply.resourcesUnion.entity.ResourcesUnion#760], EntityKey[j.index.module.apply.resourcesUnion.entity.ResourcesUnion#761], EntityKey[j.index.module.apply.resourcesUnion.entity.ResourcesUnion#762], EntityKey[j.index.module.apply.resourcesUnion.entity.ResourcesUnion#755], EntityKey[j.index.module.apply.resourcesUnion.entity.ResourcesUnion#756], EntityKey[j.index.module.apply.resourcesUnion.entity.ResourcesUnion#757], EntityKey[j.index.module.apply.resourcesUnion.entity.ResourcesUnion#758], EntityKey[j.index.module.apply.resourcesUnion.entity.ResourcesUnion#751], EntityKey[j.index.module.apply.resourcesUnion.entity.ResourcesUnion#752], EntityKey[j.index.module.apply.resourcesUnion.entity.ResourcesUnion#753], EntityKey[j.index.module.apply.resourcesUnion.entity.ResourcesUnion#754], EntityKey[j.index.module.apply.resourcesUnion.entity.ResourcesUnion#747], EntityKey[j.index.module.apply.resourcesUnion.entity.ResourcesUnion#748], EntityKey[j.index.module.apply.resourcesUnion.entity.ResourcesUnion#749], EntityKey[j.index.module.apply.resourcesUnion.entity.ResourcesUnion#750], EntityKey[j.index.module.apply.resourcesUnion.entity.ResourcesUnion#678], EntityKey[j.index.module.apply.resourcesUnion.entity.ResourcesUnion#677], EntityKey[j.index.module.apply.resourcesUnion.entity.ResourcesUnion#676], EntityKey[j.index.module.apply.resourcesUnion.entity.ResourcesUnion#675], EntityKey[j.index.module.apply.resourcesUnion.entity.ResourcesUnion#682], EntityKey[j.index.module.apply.resourcesUnion.entity.ResourcesUnion#681], EntityKey[j.index.module.apply.resourcesUnion.entity.ResourcesUnion#680], EntityKey[j.index.module.apply.resourcesUnion.entity.ResourcesUnion#679], EntityKey[j.index.module.apply.resourcesUnion.entity.ResourcesUnion#670], EntityKey[j.index.module.apply.resourcesUnion.entity.ResourcesUnion#669], EntityKey[j.index.module.apply.resourcesUnion.entity.ResourcesUnion#668], EntityKey[j.index.module.apply.resourcesUnion.entity.ResourcesUnion#667], EntityKey[j.index.module.apply.resourcesUnion.entity.ResourcesUnion#674], EntityKey[j.index.module.apply.resourcesUnion.entity.ResourcesUnion#673], EntityKey[j.index.module.apply.resourcesUnion.entity.ResourcesUnion#672], EntityKey[j.index.module.apply.resourcesUnion.entity.ResourcesUnion#671], EntityKey[j.index.module.apply.resourcesUnion.entity.ResourcesUnion#661], EntityKey[j.index.module.apply.resourcesUnion.entity.ResourcesUnion#662], EntityKey[j.index.module.apply.resourcesUnion.entity.ResourcesUnion#659], EntityKey[j.index.module.apply.resourcesUnion.entity.ResourcesUnion#660], EntityKey[j.index.module.apply.resourcesUnion.entity.ResourcesUnion#665], EntityKey[j.index.module.apply.resourcesUnion.entity.ResourcesUnion#666], EntityKey[j.index.module.apply.resourcesUnion.entity.ResourcesUnion#663], EntityKey[j.index.module.apply.resourcesUnion.entity.ResourcesUnion#664], EntityKey[j.index.module.apply.resourcesUnion.entity.ResourcesUnion#653], EntityKey[j.index.module.apply.resourcesUnion.entity.ResourcesUnion#654], EntityKey[j.index.module.apply.resourcesUnion.entity.ResourcesUnion#651], EntityKey[j.index.module.apply.resourcesUnion.entity.ResourcesUnion#652], EntityKey[j.index.module.apply.resourcesUnion.entity.ResourcesUnion#657], EntityKey[j.index.module.apply.resourcesUnion.entity.ResourcesUnion#658], EntityKey[j.index.module.apply.resourcesUnion.entity.ResourcesUnion#655], EntityKey[j.index.module.apply.resourcesUnion.entity.ResourcesUnion#656], EntityKey[j.index.module.apply.resourcesUnion.entity.ResourcesUnion#708], EntityKey[j.index.module.apply.resourcesUnion.entity.ResourcesUnion#707], EntityKey[j.index.module.apply.resourcesUnion.entity.ResourcesUnion#710], EntityKey[j.index.module.apply.resourcesUnion.entity.ResourcesUnion#709], EntityKey[j.index.module.apply.resourcesUnion.entity.ResourcesUnion#712], EntityKey[j.index.module.apply.resourcesUnion.entity.ResourcesUnion#711], EntityKey[j.index.module.apply.resourcesUnion.entity.ResourcesUnion#714], EntityKey[j.index.module.apply.resourcesUnion.entity.ResourcesUnion#713], EntityKey[j.index.module.apply.resourcesUnion.entity.ResourcesUnion#700], EntityKey[j.index.module.apply.resourcesUnion.entity.ResourcesUnion#699], EntityKey[j.index.module.apply.resourcesUnion.entity.ResourcesUnion#702], EntityKey[j.index.module.apply.resourcesUnion.entity.ResourcesUnion#701], EntityKey[j.index.module.apply.resourcesUnion.entity.ResourcesUnion#704], EntityKey[j.index.module.apply.resourcesUnion.entity.ResourcesUnion#703], EntityKey[j.index.module.apply.resourcesUnion.entity.ResourcesUnion#706], EntityKey[j.index.module.apply.resourcesUnion.entity.ResourcesUnion#705], EntityKey[j.index.module.apply.resourcesUnion.entity.ResourcesUnion#691], EntityKey[j.index.module.apply.resourcesUnion.entity.ResourcesUnion#692], EntityKey[j.index.module.apply.resourcesUnion.entity.ResourcesUnion#693], EntityKey[j.index.module.apply.resourcesUnion.entity.ResourcesUnion#694], EntityKey[j.index.module.apply.resourcesUnion.entity.ResourcesUnion#695], EntityKey[j.index.module.apply.resourcesUnion.entity.ResourcesUnion#696], EntityKey[j.index.module.apply.resourcesUnion.entity.ResourcesUnion#697], EntityKey[j.index.module.apply.resourcesUnion.entity.ResourcesUnion#698], EntityKey[j.index.module.apply.resourcesUnion.entity.ResourcesUnion#683], EntityKey[j.index.module.apply.resourcesUnion.entity.ResourcesUnion#684], EntityKey[j.index.module.apply.resourcesUnion.entity.ResourcesUnion#685], EntityKey[j.index.module.apply.resourcesUnion.entity.ResourcesUnion#686], EntityKey[j.index.module.apply.resourcesUnion.entity.ResourcesUnion#687], EntityKey[j.index.module.apply.resourcesUnion.entity.ResourcesUnion#688], EntityKey[j.index.module.apply.resourcesUnion.entity.ResourcesUnion#689], EntityKey[j.index.module.apply.resourcesUnion.entity.ResourcesUnion#690], EntityKey[j.index.module.apply.resourcesUnion.entity.ResourcesUnion#865], EntityKey[j.index.module.apply.resourcesUnion.entity.ResourcesUnion#866], EntityKey[j.index.module.apply.resourcesUnion.entity.ResourcesUnion#863], EntityKey[j.index.module.apply.resourcesUnion.entity.ResourcesUnion#864], EntityKey[j.index.module.apply.resourcesUnion.entity.ResourcesUnion#861], EntityKey[j.index.module.apply.resourcesUnion.entity.ResourcesUnion#862], EntityKey[j.index.module.apply.resourcesUnion.entity.ResourcesUnion#859], EntityKey[j.index.module.apply.resourcesUnion.entity.ResourcesUnion#860], EntityKey[j.index.module.apply.resourcesUnion.entity.ResourcesUnion#873], EntityKey[j.index.module.apply.resourcesUnion.entity.ResourcesUnion#874], EntityKey[j.index.module.apply.resourcesUnion.entity.ResourcesUnion#871], EntityKey[j.index.module.apply.resourcesUnion.entity.ResourcesUnion#872], EntityKey[j.index.module.apply.resourcesUnion.entity.ResourcesUnion#869], EntityKey[j.index.module.apply.resourcesUnion.entity.ResourcesUnion#870], EntityKey[j.index.module.apply.resourcesUnion.entity.ResourcesUnion#867], EntityKey[j.index.module.apply.resourcesUnion.entity.ResourcesUnion#868], EntityKey[j.index.module.apply.resourcesUnion.entity.ResourcesUnion#850], EntityKey[j.index.module.apply.resourcesUnion.entity.ResourcesUnion#849], EntityKey[j.index.module.apply.resourcesUnion.entity.ResourcesUnion#848], EntityKey[j.index.module.apply.resourcesUnion.entity.ResourcesUnion#847], EntityKey[j.index.module.apply.resourcesUnion.entity.ResourcesUnion#846], EntityKey[j.index.module.apply.resourcesUnion.entity.ResourcesUnion#845], EntityKey[j.index.module.apply.resourcesUnion.entity.ResourcesUnion#844], EntityKey[j.index.module.apply.resourcesUnion.entity.ResourcesUnion#843], EntityKey[j.index.module.apply.resourcesUnion.entity.ResourcesUnion#858], EntityKey[j.index.module.apply.resourcesUnion.entity.ResourcesUnion#857], EntityKey[j.index.module.apply.resourcesUnion.entity.ResourcesUnion#856], EntityKey[j.index.module.apply.resourcesUnion.entity.ResourcesUnion#855], EntityKey[j.index.module.apply.resourcesUnion.entity.ResourcesUnion#854], EntityKey[j.index.module.apply.resourcesUnion.entity.ResourcesUnion#853], EntityKey[j.index.module.apply.resourcesUnion.entity.ResourcesUnion#852], EntityKey[j.index.module.apply.resourcesUnion.entity.ResourcesUnion#851], EntityKey[j.index.module.apply.resourcesUnion.entity.ResourcesUnion#895], EntityKey[j.index.module.apply.resourcesUnion.entity.ResourcesUnion#896], EntityKey[j.index.module.apply.resourcesUnion.entity.ResourcesUnion#897], EntityKey[j.index.module.apply.resourcesUnion.entity.ResourcesUnion#898], EntityKey[j.index.module.apply.resourcesUnion.entity.ResourcesUnion#891], EntityKey[j.index.module.apply.resourcesUnion.entity.ResourcesUnion#892], EntityKey[j.index.module.apply.resourcesUnion.entity.ResourcesUnion#893], EntityKey[j.index.module.apply.resourcesUnion.entity.ResourcesUnion#894], EntityKey[j.index.module.apply.resourcesUnion.entity.ResourcesUnion#903], EntityKey[j.index.module.apply.resourcesUnion.entity.ResourcesUnion#904], EntityKey[j.index.module.apply.resourcesUnion.entity.ResourcesUnion#905], EntityKey[j.index.module.apply.resourcesUnion.entity.ResourcesUnion#906], EntityKey[j.index.module.apply.resourcesUnion.entity.ResourcesUnion#899], EntityKey[j.index.module.apply.resourcesUnion.entity.ResourcesUnion#900], EntityKey[j.index.module.apply.resourcesUnion.entity.ResourcesUnion#901], EntityKey[j.index.module.apply.resourcesUnion.entity.ResourcesUnion#902], EntityKey[j.index.module.apply.resourcesUnion.entity.ResourcesUnion#880], EntityKey[j.index.module.apply.resourcesUnion.entity.ResourcesUnion#879], EntityKey[j.index.module.apply.resourcesUnion.entity.ResourcesUnion#882], EntityKey[j.index.module.apply.resourcesUnion.entity.ResourcesUnion#881], EntityKey[j.index.module.apply.resourcesUnion.entity.ResourcesUnion#876], EntityKey[j.index.module.apply.resourcesUnion.entity.ResourcesUnion#875], EntityKey[j.index.module.apply.resourcesUnion.entity.ResourcesUnion#878], EntityKey[j.index.module.apply.resourcesUnion.entity.ResourcesUnion#877], EntityKey[j.index.module.apply.resourcesUnion.entity.ResourcesUnion#888], EntityKey[j.index.module.apply.resourcesUnion.entity.ResourcesUnion#887], EntityKey[j.index.module.apply.resourcesUnion.entity.ResourcesUnion#890], EntityKey[j.index.module.apply.resourcesUnion.entity.ResourcesUnion#889], EntityKey[j.index.module.apply.resourcesUnion.entity.ResourcesUnion#884], EntityKey[j.index.module.apply.resourcesUnion.entity.ResourcesUnion#883], EntityKey[j.index.module.apply.resourcesUnion.entity.ResourcesUnion#886], EntityKey[j.index.module.apply.resourcesUnion.entity.ResourcesUnion#885], EntityKey[j.index.module.apply.resourcesUnion.entity.ResourcesUnion#797], EntityKey[j.index.module.apply.resourcesUnion.entity.ResourcesUnion#798], EntityKey[j.index.module.apply.resourcesUnion.entity.ResourcesUnion#795], EntityKey[j.index.module.apply.resourcesUnion.entity.ResourcesUnion#796], EntityKey[j.index.module.apply.resourcesUnion.entity.ResourcesUnion#801], EntityKey[j.index.module.apply.resourcesUnion.entity.ResourcesUnion#802], EntityKey[j.index.module.apply.resourcesUnion.entity.ResourcesUnion#799], EntityKey[j.index.module.apply.resourcesUnion.entity.ResourcesUnion#800], EntityKey[j.index.module.apply.resourcesUnion.entity.ResourcesUnion#805], EntityKey[j.index.module.apply.resourcesUnion.entity.ResourcesUnion#806], EntityKey[j.index.module.apply.resourcesUnion.entity.ResourcesUnion#803], EntityKey[j.index.module.apply.resourcesUnion.entity.ResourcesUnion#804], EntityKey[j.index.module.apply.resourcesUnion.entity.ResourcesUnion#809], EntityKey[j.index.module.apply.resourcesUnion.entity.ResourcesUnion#810], EntityKey[j.index.module.apply.resourcesUnion.entity.ResourcesUnion#807], EntityKey[j.index.module.apply.resourcesUnion.entity.ResourcesUnion#808], EntityKey[j.index.module.apply.resourcesUnion.entity.ResourcesUnion#782], EntityKey[j.index.module.apply.resourcesUnion.entity.ResourcesUnion#781], EntityKey[j.index.module.apply.resourcesUnion.entity.ResourcesUnion#780], EntityKey[j.index.module.apply.resourcesUnion.entity.ResourcesUnion#779], EntityKey[j.index.module.apply.resourcesUnion.entity.ResourcesUnion#786], EntityKey[j.index.module.apply.resourcesUnion.entity.ResourcesUnion#785], EntityKey[j.index.module.apply.resourcesUnion.entity.ResourcesUnion#784], EntityKey[j.index.module.apply.resourcesUnion.entity.ResourcesUnion#783], EntityKey[j.index.module.apply.resourcesUnion.entity.ResourcesUnion#790], EntityKey[j.index.module.apply.resourcesUnion.entity.ResourcesUnion#789], EntityKey[j.index.module.apply.resourcesUnion.entity.ResourcesUnion#788], EntityKey[j.index.module.apply.resourcesUnion.entity.ResourcesUnion#787], EntityKey[j.index.module.apply.resourcesUnion.entity.ResourcesUnion#794], EntityKey[j.index.module.apply.resourcesUnion.entity.ResourcesUnion#793], EntityKey[j.index.module.apply.resourcesUnion.entity.ResourcesUnion#792], EntityKey[j.index.module.apply.resourcesUnion.entity.ResourcesUnion#791], EntityKey[j.index.module.apply.resourcesUnion.entity.ResourcesUnion#827], EntityKey[j.index.module.apply.resourcesUnion.entity.ResourcesUnion#828], EntityKey[j.index.module.apply.resourcesUnion.entity.ResourcesUnion#829], EntityKey[j.index.module.apply.resourcesUnion.entity.ResourcesUnion#830], EntityKey[j.index.module.apply.resourcesUnion.entity.ResourcesUnion#831], EntityKey[j.index.module.apply.resourcesUnion.entity.ResourcesUnion#832], EntityKey[j.index.module.apply.resourcesUnion.entity.ResourcesUnion#833], EntityKey[j.index.module.apply.resourcesUnion.entity.ResourcesUnion#834], EntityKey[j.index.module.apply.resourcesUnion.entity.ResourcesUnion#835], EntityKey[j.index.module.apply.resourcesUnion.entity.ResourcesUnion#836], EntityKey[j.index.module.apply.resourcesUnion.entity.ResourcesUnion#837], EntityKey[j.index.module.apply.resourcesUnion.entity.ResourcesUnion#838], EntityKey[j.index.module.apply.resourcesUnion.entity.ResourcesUnion#839], EntityKey[j.index.module.apply.resourcesUnion.entity.ResourcesUnion#840], EntityKey[j.index.module.apply.resourcesUnion.entity.ResourcesUnion#841], EntityKey[j.index.module.apply.resourcesUnion.entity.ResourcesUnion#842], EntityKey[j.index.module.apply.resourcesUnion.entity.ResourcesUnion#812], EntityKey[j.index.module.apply.resourcesUnion.entity.ResourcesUnion#811], EntityKey[j.index.module.apply.resourcesUnion.entity.ResourcesUnion#814], EntityKey[j.index.module.apply.resourcesUnion.entity.ResourcesUnion#813], EntityKey[j.index.module.apply.resourcesUnion.entity.ResourcesUnion#816], EntityKey[j.index.module.apply.resourcesUnion.entity.ResourcesUnion#815], EntityKey[j.index.module.apply.resourcesUnion.entity.ResourcesUnion#818], EntityKey[j.index.module.apply.resourcesUnion.entity.ResourcesUnion#817], EntityKey[j.index.module.apply.resourcesUnion.entity.ResourcesUnion#820], EntityKey[j.index.module.apply.resourcesUnion.entity.ResourcesUnion#819], EntityKey[j.index.module.apply.resourcesUnion.entity.ResourcesUnion#822], EntityKey[j.index.module.apply.resourcesUnion.entity.ResourcesUnion#821], EntityKey[j.index.module.apply.resourcesUnion.entity.ResourcesUnion#824], EntityKey[j.index.module.apply.resourcesUnion.entity.ResourcesUnion#823], EntityKey[j.index.module.apply.resourcesUnion.entity.ResourcesUnion#826], EntityKey[j.index.module.apply.resourcesUnion.entity.ResourcesUnion#825], EntityKey[j.index.module.apply.resourcesUnion.entity.ResourcesUnion#1013], EntityKey[j.index.module.apply.resourcesUnion.entity.ResourcesUnion#1014], EntityKey[j.index.module.apply.resourcesUnion.entity.ResourcesUnion#1011], EntityKey[j.index.module.apply.resourcesUnion.entity.ResourcesUnion#1012], EntityKey[j.index.module.apply.resourcesUnion.entity.ResourcesUnion#1017], EntityKey[j.index.module.apply.resourcesUnion.entity.ResourcesUnion#1018], EntityKey[j.index.module.apply.resourcesUnion.entity.ResourcesUnion#1015], EntityKey[j.index.module.apply.resourcesUnion.entity.ResourcesUnion#1016], EntityKey[j.index.module.apply.resourcesUnion.entity.ResourcesUnion#1005], EntityKey[j.index.module.apply.resourcesUnion.entity.ResourcesUnion#1006], EntityKey[j.index.module.apply.resourcesUnion.entity.ResourcesUnion#1003], EntityKey[j.index.module.apply.resourcesUnion.entity.ResourcesUnion#1004], EntityKey[j.index.module.apply.resourcesUnion.entity.ResourcesUnion#1009], EntityKey[j.index.module.apply.resourcesUnion.entity.ResourcesUnion#1010], EntityKey[j.index.module.apply.resourcesUnion.entity.ResourcesUnion#1007], EntityKey[j.index.module.apply.resourcesUnion.entity.ResourcesUnion#1008], EntityKey[j.index.module.apply.resourcesUnion.entity.ResourcesUnion#1030], EntityKey[j.index.module.apply.resourcesUnion.entity.ResourcesUnion#1029], EntityKey[j.index.module.apply.resourcesUnion.entity.ResourcesUnion#1028], EntityKey[j.index.module.apply.resourcesUnion.entity.ResourcesUnion#1027], EntityKey[j.index.module.apply.resourcesUnion.entity.ResourcesUnion#1034], EntityKey[j.index.module.apply.resourcesUnion.entity.ResourcesUnion#1033], EntityKey[j.index.module.apply.resourcesUnion.entity.ResourcesUnion#1032], EntityKey[j.index.module.apply.resourcesUnion.entity.ResourcesUnion#1031], EntityKey[j.index.module.apply.resourcesUnion.entity.ResourcesUnion#1022], EntityKey[j.index.module.apply.resourcesUnion.entity.ResourcesUnion#1021], EntityKey[j.index.module.apply.resourcesUnion.entity.ResourcesUnion#1020], EntityKey[j.index.module.apply.resourcesUnion.entity.ResourcesUnion#1019], EntityKey[j.index.module.apply.resourcesUnion.entity.ResourcesUnion#1026], EntityKey[j.index.module.apply.resourcesUnion.entity.ResourcesUnion#1025], EntityKey[j.index.module.apply.resourcesUnion.entity.ResourcesUnion#1024], EntityKey[j.index.module.apply.resourcesUnion.entity.ResourcesUnion#1023], EntityKey[j.index.module.apply.resourcesUnion.entity.ResourcesUnion#979], EntityKey[j.index.module.apply.resourcesUnion.entity.ResourcesUnion#980], EntityKey[j.index.module.apply.resourcesUnion.entity.ResourcesUnion#981], EntityKey[j.index.module.apply.resourcesUnion.entity.ResourcesUnion#982], EntityKey[j.index.module.apply.resourcesUnion.entity.ResourcesUnion#983], EntityKey[j.index.module.apply.resourcesUnion.entity.ResourcesUnion#984], EntityKey[j.index.module.apply.resourcesUnion.entity.ResourcesUnion#985], EntityKey[j.index.module.apply.resourcesUnion.entity.ResourcesUnion#986], EntityKey[j.index.module.apply.resourcesUnion.entity.ResourcesUnion#971], EntityKey[j.index.module.apply.resourcesUnion.entity.ResourcesUnion#972], EntityKey[j.index.module.apply.resourcesUnion.entity.ResourcesUnion#973], EntityKey[j.index.module.apply.resourcesUnion.entity.ResourcesUnion#974], EntityKey[j.index.module.apply.resourcesUnion.entity.ResourcesUnion#975], EntityKey[j.index.module.apply.resourcesUnion.entity.ResourcesUnion#976], EntityKey[j.index.module.apply.resourcesUnion.entity.ResourcesUnion#977], EntityKey[j.index.module.apply.resourcesUnion.entity.ResourcesUnion#978], EntityKey[j.index.module.apply.resourcesUnion.entity.ResourcesUnion#996], EntityKey[j.index.module.apply.resourcesUnion.entity.ResourcesUnion#995], EntityKey[j.index.module.apply.resourcesUnion.entity.ResourcesUnion#998], EntityKey[j.index.module.apply.resourcesUnion.entity.ResourcesUnion#997], EntityKey[j.index.module.apply.resourcesUnion.entity.ResourcesUnion#1000], EntityKey[j.index.module.apply.resourcesUnion.entity.ResourcesUnion#999], EntityKey[j.index.module.apply.resourcesUnion.entity.ResourcesUnion#1002], EntityKey[j.index.module.apply.resourcesUnion.entity.ResourcesUnion#1001], EntityKey[j.index.module.apply.resourcesUnion.entity.ResourcesUnion#988], EntityKey[j.index.module.apply.resourcesUnion.entity.ResourcesUnion#987], EntityKey[j.index.module.apply.resourcesUnion.entity.ResourcesUnion#990], EntityKey[j.index.module.apply.resourcesUnion.entity.ResourcesUnion#989], EntityKey[j.index.module.apply.resourcesUnion.entity.ResourcesUnion#992], EntityKey[j.index.module.apply.resourcesUnion.entity.ResourcesUnion#991], EntityKey[j.index.module.apply.resourcesUnion.entity.ResourcesUnion#994], EntityKey[j.index.module.apply.resourcesUnion.entity.ResourcesUnion#993], EntityKey[j.index.module.apply.resourcesUnion.entity.ResourcesUnion#953], EntityKey[j.index.module.apply.resourcesUnion.entity.ResourcesUnion#954], EntityKey[j.index.module.apply.resourcesUnion.entity.ResourcesUnion#951], EntityKey[j.index.module.apply.resourcesUnion.entity.ResourcesUnion#952], EntityKey[j.index.module.apply.resourcesUnion.entity.ResourcesUnion#949], EntityKey[j.index.module.apply.resourcesUnion.entity.ResourcesUnion#950], EntityKey[j.index.module.apply.resourcesUnion.entity.ResourcesUnion#947], EntityKey[j.index.module.apply.resourcesUnion.entity.ResourcesUnion#948], EntityKey[j.index.module.apply.resourcesUnion.entity.ResourcesUnion#945], EntityKey[j.index.module.apply.resourcesUnion.entity.ResourcesUnion#946], EntityKey[j.index.module.apply.resourcesUnion.entity.ResourcesUnion#943], EntityKey[j.index.module.apply.resourcesUnion.entity.ResourcesUnion#944], EntityKey[j.index.module.apply.resourcesUnion.entity.ResourcesUnion#941], EntityKey[j.index.module.apply.resourcesUnion.entity.ResourcesUnion#942], EntityKey[j.index.module.apply.resourcesUnion.entity.ResourcesUnion#939], EntityKey[j.index.module.apply.resourcesUnion.entity.ResourcesUnion#940], EntityKey[j.index.module.apply.resourcesUnion.entity.ResourcesUnion#970], EntityKey[j.index.module.apply.resourcesUnion.entity.ResourcesUnion#969], EntityKey[j.index.module.apply.resourcesUnion.entity.ResourcesUnion#968], EntityKey[j.index.module.apply.resourcesUnion.entity.ResourcesUnion#967], EntityKey[j.index.module.apply.resourcesUnion.entity.ResourcesUnion#966], EntityKey[j.index.module.apply.resourcesUnion.entity.ResourcesUnion#965], EntityKey[j.index.module.apply.resourcesUnion.entity.ResourcesUnion#964], EntityKey[j.index.module.apply.resourcesUnion.entity.ResourcesUnion#963], EntityKey[j.index.module.apply.resourcesUnion.entity.ResourcesUnion#962], EntityKey[j.index.module.apply.resourcesUnion.entity.ResourcesUnion#961], EntityKey[j.index.module.apply.resourcesUnion.entity.ResourcesUnion#960], EntityKey[j.index.module.apply.resourcesUnion.entity.ResourcesUnion#959], EntityKey[j.index.module.apply.resourcesUnion.entity.ResourcesUnion#958], EntityKey[j.index.module.apply.resourcesUnion.entity.ResourcesUnion#957], EntityKey[j.index.module.apply.resourcesUnion.entity.ResourcesUnion#956], EntityKey[j.index.module.apply.resourcesUnion.entity.ResourcesUnion#955], EntityKey[j.index.module.apply.resourcesUnion.entity.ResourcesUnion#919], EntityKey[j.index.module.apply.resourcesUnion.entity.ResourcesUnion#920], EntityKey[j.index.module.apply.resourcesUnion.entity.ResourcesUnion#921], EntityKey[j.index.module.apply.resourcesUnion.entity.ResourcesUnion#922], EntityKey[j.index.module.apply.resourcesUnion.entity.ResourcesUnion#915], EntityKey[j.index.module.apply.resourcesUnion.entity.ResourcesUnion#916], EntityKey[j.index.module.apply.resourcesUnion.entity.ResourcesUnion#917], EntityKey[j.index.module.apply.resourcesUnion.entity.ResourcesUnion#918], EntityKey[j.index.module.apply.resourcesUnion.entity.ResourcesUnion#911], EntityKey[j.index.module.apply.resourcesUnion.entity.ResourcesUnion#912], EntityKey[j.index.module.apply.resourcesUnion.entity.ResourcesUnion#913], EntityKey[j.index.module.apply.resourcesUnion.entity.ResourcesUnion#914], EntityKey[j.index.module.apply.resourcesUnion.entity.ResourcesUnion#907], EntityKey[j.index.module.apply.resourcesUnion.entity.ResourcesUnion#908], EntityKey[j.index.module.apply.resourcesUnion.entity.ResourcesUnion#909], EntityKey[j.index.module.apply.resourcesUnion.entity.ResourcesUnion#910], EntityKey[j.index.module.apply.resourcesUnion.entity.ResourcesUnion#936], EntityKey[j.index.module.apply.resourcesUnion.entity.ResourcesUnion#935], EntityKey[j.index.module.apply.resourcesUnion.entity.ResourcesUnion#938], EntityKey[j.index.module.apply.resourcesUnion.entity.ResourcesUnion#937], EntityKey[j.index.module.apply.resourcesUnion.entity.ResourcesUnion#932], EntityKey[j.index.module.apply.resourcesUnion.entity.ResourcesUnion#931], EntityKey[j.index.module.apply.resourcesUnion.entity.ResourcesUnion#934], EntityKey[j.index.module.apply.resourcesUnion.entity.ResourcesUnion#933], EntityKey[j.index.module.apply.resourcesUnion.entity.ResourcesUnion#928], EntityKey[j.index.module.apply.resourcesUnion.entity.ResourcesUnion#927], EntityKey[j.index.module.apply.resourcesUnion.entity.ResourcesUnion#930], EntityKey[j.index.module.apply.resourcesUnion.entity.ResourcesUnion#929], EntityKey[j.index.module.apply.resourcesUnion.entity.ResourcesUnion#924], EntityKey[j.index.module.apply.resourcesUnion.entity.ResourcesUnion#923], EntityKey[j.index.module.apply.resourcesUnion.entity.ResourcesUnion#926], EntityKey[j.index.module.apply.resourcesUnion.entity.ResourcesUnion#925], EntityKey[j.index.module.apply.resourcesUnion.entity.ResourcesUnion#1134], EntityKey[j.index.module.apply.resourcesUnion.entity.ResourcesUnion#1133], EntityKey[j.index.module.apply.resourcesUnion.entity.ResourcesUnion#1132], EntityKey[j.index.module.apply.resourcesUnion.entity.ResourcesUnion#1131], EntityKey[j.index.module.apply.resourcesUnion.entity.ResourcesUnion#1138], EntityKey[j.index.module.apply.resourcesUnion.entity.ResourcesUnion#1137], EntityKey[j.index.module.apply.resourcesUnion.entity.ResourcesUnion#1136], EntityKey[j.index.module.apply.resourcesUnion.entity.ResourcesUnion#1135], EntityKey[j.index.module.apply.resourcesUnion.entity.ResourcesUnion#1142], EntityKey[j.index.module.apply.resourcesUnion.entity.ResourcesUnion#1141], EntityKey[j.index.module.apply.resourcesUnion.entity.ResourcesUnion#1140], EntityKey[j.index.module.apply.resourcesUnion.entity.ResourcesUnion#1139], EntityKey[j.index.module.apply.resourcesUnion.entity.ResourcesUnion#1146], EntityKey[j.index.module.apply.resourcesUnion.entity.ResourcesUnion#1145], EntityKey[j.index.module.apply.resourcesUnion.entity.ResourcesUnion#1144], EntityKey[j.index.module.apply.resourcesUnion.entity.ResourcesUnion#1143], EntityKey[j.index.module.apply.resourcesUnion.entity.ResourcesUnion#1149], EntityKey[j.index.module.apply.resourcesUnion.entity.ResourcesUnion#1150], EntityKey[j.index.module.apply.resourcesUnion.entity.ResourcesUnion#1147], EntityKey[j.index.module.apply.resourcesUnion.entity.ResourcesUnion#1148], EntityKey[j.index.module.apply.resourcesUnion.entity.ResourcesUnion#1153], EntityKey[j.index.module.apply.resourcesUnion.entity.ResourcesUnion#1154], EntityKey[j.index.module.apply.resourcesUnion.entity.ResourcesUnion#1151], EntityKey[j.index.module.apply.resourcesUnion.entity.ResourcesUnion#1152], EntityKey[j.index.module.apply.resourcesUnion.entity.ResourcesUnion#1157], EntityKey[j.index.module.apply.resourcesUnion.entity.ResourcesUnion#1158], EntityKey[j.index.module.apply.resourcesUnion.entity.ResourcesUnion#1155], EntityKey[j.index.module.apply.resourcesUnion.entity.ResourcesUnion#1156], EntityKey[j.index.module.apply.resourcesUnion.entity.ResourcesUnion#1161], EntityKey[j.index.module.apply.resourcesUnion.entity.ResourcesUnion#1162], EntityKey[j.index.module.apply.resourcesUnion.entity.ResourcesUnion#1159], EntityKey[j.index.module.apply.resourcesUnion.entity.ResourcesUnion#1160], EntityKey[j.index.module.apply.resourcesUnion.entity.ResourcesUnion#1100], EntityKey[j.index.module.apply.resourcesUnion.entity.ResourcesUnion#1099], EntityKey[j.index.module.apply.resourcesUnion.entity.ResourcesUnion#1102], EntityKey[j.index.module.apply.resourcesUnion.entity.ResourcesUnion#1101], EntityKey[j.index.module.apply.resourcesUnion.entity.ResourcesUnion#1104], EntityKey[j.index.module.apply.resourcesUnion.entity.ResourcesUnion#1103], EntityKey[j.index.module.apply.resourcesUnion.entity.ResourcesUnion#1106], EntityKey[j.index.module.apply.resourcesUnion.entity.ResourcesUnion#1105], EntityKey[j.index.module.apply.resourcesUnion.entity.ResourcesUnion#1108], EntityKey[j.index.module.apply.resourcesUnion.entity.ResourcesUnion#1107], EntityKey[j.index.module.apply.resourcesUnion.entity.ResourcesUnion#1110], EntityKey[j.index.module.apply.resourcesUnion.entity.ResourcesUnion#1109], EntityKey[j.index.module.apply.resourcesUnion.entity.ResourcesUnion#1112], EntityKey[j.index.module.apply.resourcesUnion.entity.ResourcesUnion#1111], EntityKey[j.index.module.apply.resourcesUnion.entity.ResourcesUnion#1114], EntityKey[j.index.module.apply.resourcesUnion.entity.ResourcesUnion#1113], EntityKey[j.index.module.apply.resourcesUnion.entity.ResourcesUnion#1115], EntityKey[j.index.module.apply.resourcesUnion.entity.ResourcesUnion#1116], EntityKey[j.index.module.apply.resourcesUnion.entity.ResourcesUnion#1117], EntityKey[j.index.module.apply.resourcesUnion.entity.ResourcesUnion#1118], EntityKey[j.index.module.apply.resourcesUnion.entity.ResourcesUnion#1119], EntityKey[j.index.module.apply.resourcesUnion.entity.ResourcesUnion#1120], EntityKey[j.index.module.apply.resourcesUnion.entity.ResourcesUnion#1121], EntityKey[j.index.module.apply.resourcesUnion.entity.ResourcesUnion#1122], EntityKey[j.index.module.apply.resourcesUnion.entity.ResourcesUnion#1123], EntityKey[j.index.module.apply.resourcesUnion.entity.ResourcesUnion#1124], EntityKey[j.index.module.apply.resourcesUnion.entity.ResourcesUnion#1125], EntityKey[j.index.module.apply.resourcesUnion.entity.ResourcesUnion#1126], EntityKey[j.index.module.apply.resourcesUnion.entity.ResourcesUnion#1127], EntityKey[j.index.module.apply.resourcesUnion.entity.ResourcesUnion#1128], EntityKey[j.index.module.apply.resourcesUnion.entity.ResourcesUnion#1129], EntityKey[j.index.module.apply.resourcesUnion.entity.ResourcesUnion#1130], EntityKey[j.index.module.apply.resourcesUnion.entity.ResourcesUnion#1074], EntityKey[j.index.module.apply.resourcesUnion.entity.ResourcesUnion#1073], EntityKey[j.index.module.apply.resourcesUnion.entity.ResourcesUnion#1072], EntityKey[j.index.module.apply.resourcesUnion.entity.ResourcesUnion#1071], EntityKey[j.index.module.apply.resourcesUnion.entity.ResourcesUnion#1070], EntityKey[j.index.module.apply.resourcesUnion.entity.ResourcesUnion#1069], EntityKey[j.index.module.apply.resourcesUnion.entity.ResourcesUnion#1068], EntityKey[j.index.module.apply.resourcesUnion.entity.ResourcesUnion#1067], EntityKey[j.index.module.apply.resourcesUnion.entity.ResourcesUnion#1082], EntityKey[j.index.module.apply.resourcesUnion.entity.ResourcesUnion#1081], EntityKey[j.index.module.apply.resourcesUnion.entity.ResourcesUnion#1080], EntityKey[j.index.module.apply.resourcesUnion.entity.ResourcesUnion#1079], EntityKey[j.index.module.apply.resourcesUnion.entity.ResourcesUnion#1078], EntityKey[j.index.module.apply.resourcesUnion.entity.ResourcesUnion#1077], EntityKey[j.index.module.apply.resourcesUnion.entity.ResourcesUnion#1076], EntityKey[j.index.module.apply.resourcesUnion.entity.ResourcesUnion#1075], EntityKey[j.index.module.apply.resourcesUnion.entity.ResourcesUnion#1089], EntityKey[j.index.module.apply.resourcesUnion.entity.ResourcesUnion#1090], EntityKey[j.index.module.apply.resourcesUnion.entity.ResourcesUnion#1087], EntityKey[j.index.module.apply.resourcesUnion.entity.ResourcesUnion#1088], EntityKey[j.index.module.apply.resourcesUnion.entity.ResourcesUnion#1085], EntityKey[j.index.module.apply.resourcesUnion.entity.ResourcesUnion#1086], EntityKey[j.index.module.apply.resourcesUnion.entity.ResourcesUnion#1083], EntityKey[j.index.module.apply.resourcesUnion.entity.ResourcesUnion#1084], EntityKey[j.index.module.apply.resourcesUnion.entity.ResourcesUnion#1097], EntityKey[j.index.module.apply.resourcesUnion.entity.ResourcesUnion#1098], EntityKey[j.index.module.apply.resourcesUnion.entity.ResourcesUnion#1095], EntityKey[j.index.module.apply.resourcesUnion.entity.ResourcesUnion#1096], EntityKey[j.index.module.apply.resourcesUnion.entity.ResourcesUnion#1093], EntityKey[j.index.module.apply.resourcesUnion.entity.ResourcesUnion#1094], EntityKey[j.index.module.apply.resourcesUnion.entity.ResourcesUnion#1091], EntityKey[j.index.module.apply.resourcesUnion.entity.ResourcesUnion#1092], EntityKey[j.index.module.apply.resourcesUnion.entity.ResourcesUnion#1040], EntityKey[j.index.module.apply.resourcesUnion.entity.ResourcesUnion#1039], EntityKey[j.index.module.apply.resourcesUnion.entity.ResourcesUnion#1042], EntityKey[j.index.module.apply.resourcesUnion.entity.ResourcesUnion#1041], EntityKey[j.index.module.apply.resourcesUnion.entity.ResourcesUnion#1036], EntityKey[j.index.module.apply.resourcesUnion.entity.ResourcesUnion#1035], EntityKey[j.index.module.apply.resourcesUnion.entity.ResourcesUnion#1038], EntityKey[j.index.module.apply.resourcesUnion.entity.ResourcesUnion#1037], EntityKey[j.index.module.apply.resourcesUnion.entity.ResourcesUnion#1048], EntityKey[j.index.module.apply.resourcesUnion.entity.ResourcesUnion#1047], EntityKey[j.index.module.apply.resourcesUnion.entity.ResourcesUnion#1050], EntityKey[j.index.module.apply.resourcesUnion.entity.ResourcesUnion#1049], EntityKey[j.index.module.apply.resourcesUnion.entity.ResourcesUnion#1044], EntityKey[j.index.module.apply.resourcesUnion.entity.ResourcesUnion#1043], EntityKey[j.index.module.apply.resourcesUnion.entity.ResourcesUnion#1046], EntityKey[j.index.module.apply.resourcesUnion.entity.ResourcesUnion#1045], EntityKey[j.index.module.apply.resourcesUnion.entity.ResourcesUnion#1055], EntityKey[j.index.module.apply.resourcesUnion.entity.ResourcesUnion#1056], EntityKey[j.index.module.apply.resourcesUnion.entity.ResourcesUnion#1057], EntityKey[j.index.module.apply.resourcesUnion.entity.ResourcesUnion#1058], EntityKey[j.index.module.apply.resourcesUnion.entity.ResourcesUnion#1051], EntityKey[j.index.module.apply.resourcesUnion.entity.ResourcesUnion#1052], EntityKey[j.index.module.apply.resourcesUnion.entity.ResourcesUnion#1053], EntityKey[j.index.module.apply.resourcesUnion.entity.ResourcesUnion#1054], EntityKey[j.index.module.apply.resourcesUnion.entity.ResourcesUnion#1063], EntityKey[j.index.module.apply.resourcesUnion.entity.ResourcesUnion#1064], EntityKey[j.index.module.apply.resourcesUnion.entity.ResourcesUnion#1065], EntityKey[j.index.module.apply.resourcesUnion.entity.ResourcesUnion#1066], EntityKey[j.index.module.apply.resourcesUnion.entity.ResourcesUnion#1059], EntityKey[j.index.module.apply.resourcesUnion.entity.ResourcesUnion#1060], EntityKey[j.index.module.apply.resourcesUnion.entity.ResourcesUnion#1061], EntityKey[j.index.module.apply.resourcesUnion.entity.ResourcesUnion#1062], EntityKey[j.index.module.apply.resourcesUnion.entity.ResourcesUnion#1284], EntityKey[j.index.module.apply.resourcesUnion.entity.ResourcesUnion#1283], EntityKey[j.index.module.apply.resourcesUnion.entity.ResourcesUnion#1286], EntityKey[j.index.module.apply.resourcesUnion.entity.ResourcesUnion#1285], EntityKey[j.index.module.apply.resourcesUnion.entity.ResourcesUnion#1288], EntityKey[j.index.module.apply.resourcesUnion.entity.ResourcesUnion#1287], EntityKey[j.index.module.apply.resourcesUnion.entity.ResourcesUnion#1290], EntityKey[j.index.module.apply.resourcesUnion.entity.ResourcesUnion#1289], EntityKey[j.index.module.apply.resourcesUnion.entity.ResourcesUnion#1276], EntityKey[j.index.module.apply.resourcesUnion.entity.ResourcesUnion#1275], EntityKey[j.index.module.apply.resourcesUnion.entity.ResourcesUnion#1278], EntityKey[j.index.module.apply.resourcesUnion.entity.ResourcesUnion#1277], EntityKey[j.index.module.apply.resourcesUnion.entity.ResourcesUnion#1280], EntityKey[j.index.module.apply.resourcesUnion.entity.ResourcesUnion#1279], EntityKey[j.index.module.apply.resourcesUnion.entity.ResourcesUnion#1282], EntityKey[j.index.module.apply.resourcesUnion.entity.ResourcesUnion#1281], EntityKey[j.index.module.apply.resourcesUnion.entity.ResourcesUnion#1267], EntityKey[j.index.module.apply.resourcesUnion.entity.ResourcesUnion#1268], EntityKey[j.index.module.apply.resourcesUnion.entity.ResourcesUnion#1269], EntityKey[j.index.module.apply.resourcesUnion.entity.ResourcesUnion#1270], EntityKey[j.index.module.apply.resourcesUnion.entity.ResourcesUnion#1271], EntityKey[j.index.module.apply.resourcesUnion.entity.ResourcesUnion#1272], EntityKey[j.index.module.apply.resourcesUnion.entity.ResourcesUnion#1273], EntityKey[j.index.module.apply.resourcesUnion.entity.ResourcesUnion#1274], EntityKey[j.index.module.apply.resourcesUnion.entity.ResourcesUnion#1259], EntityKey[j.index.module.apply.resourcesUnion.entity.ResourcesUnion#1260], EntityKey[j.index.module.apply.resourcesUnion.entity.ResourcesUnion#1261], EntityKey[j.index.module.apply.resourcesUnion.entity.ResourcesUnion#1262], EntityKey[j.index.module.apply.resourcesUnion.entity.ResourcesUnion#1263], EntityKey[j.index.module.apply.resourcesUnion.entity.ResourcesUnion#1264], EntityKey[j.index.module.apply.resourcesUnion.entity.ResourcesUnion#1265], EntityKey[j.index.module.apply.resourcesUnion.entity.ResourcesUnion#1266], EntityKey[j.index.module.apply.resourcesUnion.entity.ResourcesUnion#1254], EntityKey[j.index.module.apply.resourcesUnion.entity.ResourcesUnion#1253], EntityKey[j.index.module.apply.resourcesUnion.entity.ResourcesUnion#1252], EntityKey[j.index.module.apply.resourcesUnion.entity.ResourcesUnion#1251], EntityKey[j.index.module.apply.resourcesUnion.entity.ResourcesUnion#1258], EntityKey[j.index.module.apply.resourcesUnion.entity.ResourcesUnion#1257], EntityKey[j.index.module.apply.resourcesUnion.entity.ResourcesUnion#1256], EntityKey[j.index.module.apply.resourcesUnion.entity.ResourcesUnion#1255], EntityKey[j.index.module.apply.resourcesUnion.entity.ResourcesUnion#1246], EntityKey[j.index.module.apply.resourcesUnion.entity.ResourcesUnion#1245], EntityKey[j.index.module.apply.resourcesUnion.entity.ResourcesUnion#1244], EntityKey[j.index.module.apply.resourcesUnion.entity.ResourcesUnion#1243], EntityKey[j.index.module.apply.resourcesUnion.entity.ResourcesUnion#1250], EntityKey[j.index.module.apply.resourcesUnion.entity.ResourcesUnion#1249], EntityKey[j.index.module.apply.resourcesUnion.entity.ResourcesUnion#1248], EntityKey[j.index.module.apply.resourcesUnion.entity.ResourcesUnion#1247], EntityKey[j.index.module.apply.resourcesUnion.entity.ResourcesUnion#1237], EntityKey[j.index.module.apply.resourcesUnion.entity.ResourcesUnion#1238], EntityKey[j.index.module.apply.resourcesUnion.entity.ResourcesUnion#1235], EntityKey[j.index.module.apply.resourcesUnion.entity.ResourcesUnion#1236], EntityKey[j.index.module.apply.resourcesUnion.entity.ResourcesUnion#1241], EntityKey[j.index.module.apply.resourcesUnion.entity.ResourcesUnion#1242], EntityKey[j.index.module.apply.resourcesUnion.entity.ResourcesUnion#1239], EntityKey[j.index.module.apply.resourcesUnion.entity.ResourcesUnion#1240], EntityKey[j.index.module.apply.resourcesUnion.entity.ResourcesUnion#1229], EntityKey[j.index.module.apply.resourcesUnion.entity.ResourcesUnion#1230], EntityKey[j.index.module.apply.resourcesUnion.entity.ResourcesUnion#1227], EntityKey[j.index.module.apply.resourcesUnion.entity.ResourcesUnion#1228], EntityKey[j.index.module.apply.resourcesUnion.entity.ResourcesUnion#1233], EntityKey[j.index.module.apply.resourcesUnion.entity.ResourcesUnion#1234], EntityKey[j.index.module.apply.resourcesUnion.entity.ResourcesUnion#1231], EntityKey[j.index.module.apply.resourcesUnion.entity.ResourcesUnion#1232], EntityKey[j.index.module.apply.resourcesUnion.entity.ResourcesUnion#1224], EntityKey[j.index.module.apply.resourcesUnion.entity.ResourcesUnion#1223], EntityKey[j.index.module.apply.resourcesUnion.entity.ResourcesUnion#1226], EntityKey[j.index.module.apply.resourcesUnion.entity.ResourcesUnion#1225], EntityKey[j.index.module.apply.resourcesUnion.entity.ResourcesUnion#1220], EntityKey[j.index.module.apply.resourcesUnion.entity.ResourcesUnion#1219], EntityKey[j.index.module.apply.resourcesUnion.entity.ResourcesUnion#1222], EntityKey[j.index.module.apply.resourcesUnion.entity.ResourcesUnion#1221], EntityKey[j.index.module.apply.resourcesUnion.entity.ResourcesUnion#1216], EntityKey[j.index.module.apply.resourcesUnion.entity.ResourcesUnion#1215], EntityKey[j.index.module.apply.resourcesUnion.entity.ResourcesUnion#1218], EntityKey[j.index.module.apply.resourcesUnion.entity.ResourcesUnion#1217], EntityKey[j.index.module.apply.resourcesUnion.entity.ResourcesUnion#1212], EntityKey[j.index.module.apply.resourcesUnion.entity.ResourcesUnion#1211], EntityKey[j.index.module.apply.resourcesUnion.entity.ResourcesUnion#1214], EntityKey[j.index.module.apply.resourcesUnion.entity.ResourcesUnion#1213], EntityKey[j.index.module.apply.resourcesUnion.entity.ResourcesUnion#1207], EntityKey[j.index.module.apply.resourcesUnion.entity.ResourcesUnion#1208], EntityKey[j.index.module.apply.resourcesUnion.entity.ResourcesUnion#1209], EntityKey[j.index.module.apply.resourcesUnion.entity.ResourcesUnion#1210], EntityKey[j.index.module.apply.resourcesUnion.entity.ResourcesUnion#1203], EntityKey[j.index.module.apply.resourcesUnion.entity.ResourcesUnion#1204], EntityKey[j.index.module.apply.resourcesUnion.entity.ResourcesUnion#1205], EntityKey[j.index.module.apply.resourcesUnion.entity.ResourcesUnion#1206], EntityKey[j.index.module.apply.resourcesUnion.entity.ResourcesUnion#1199], EntityKey[j.index.module.apply.resourcesUnion.entity.ResourcesUnion#1200], EntityKey[j.index.module.apply.resourcesUnion.entity.ResourcesUnion#1201], EntityKey[j.index.module.apply.resourcesUnion.entity.ResourcesUnion#1202], EntityKey[j.index.module.apply.resourcesUnion.entity.ResourcesUnion#1195], EntityKey[j.index.module.apply.resourcesUnion.entity.ResourcesUnion#1196], EntityKey[j.index.module.apply.resourcesUnion.entity.ResourcesUnion#1197], EntityKey[j.index.module.apply.resourcesUnion.entity.ResourcesUnion#1198], EntityKey[j.index.module.apply.resourcesUnion.entity.ResourcesUnion#1194], EntityKey[j.index.module.apply.resourcesUnion.entity.ResourcesUnion#1193], EntityKey[j.index.module.apply.resourcesUnion.entity.ResourcesUnion#1192], EntityKey[j.index.module.apply.resourcesUnion.entity.ResourcesUnion#1191], EntityKey[j.index.module.apply.resourcesUnion.entity.ResourcesUnion#1190], EntityKey[j.index.module.apply.resourcesUnion.entity.ResourcesUnion#1189], EntityKey[j.index.module.apply.resourcesUnion.entity.ResourcesUnion#1188], EntityKey[j.index.module.apply.resourcesUnion.entity.ResourcesUnion#1187], EntityKey[j.index.module.apply.resourcesUnion.entity.ResourcesUnion#1186], EntityKey[j.index.module.apply.resourcesUnion.entity.ResourcesUnion#1185], EntityKey[j.index.module.apply.resourcesUnion.entity.ResourcesUnion#1184], EntityKey[j.index.module.apply.resourcesUnion.entity.ResourcesUnion#1183], EntityKey[j.index.module.apply.resourcesUnion.entity.ResourcesUnion#1182], EntityKey[j.index.module.apply.resourcesUnion.entity.ResourcesUnion#1181], EntityKey[j.index.module.apply.resourcesUnion.entity.ResourcesUnion#1180], EntityKey[j.index.module.apply.resourcesUnion.entity.ResourcesUnion#1179], EntityKey[j.index.module.apply.resourcesUnion.entity.ResourcesUnion#1177], EntityKey[j.index.module.apply.resourcesUnion.entity.ResourcesUnion#1178], EntityKey[j.index.module.apply.resourcesUnion.entity.ResourcesUnion#1175], EntityKey[j.index.module.apply.resourcesUnion.entity.ResourcesUnion#1176], EntityKey[j.index.module.apply.resourcesUnion.entity.ResourcesUnion#1173], EntityKey[j.index.module.apply.resourcesUnion.entity.ResourcesUnion#1174], EntityKey[j.index.module.apply.resourcesUnion.entity.ResourcesUnion#1171], EntityKey[j.index.module.apply.resourcesUnion.entity.ResourcesUnion#1172], EntityKey[j.index.module.apply.resourcesUnion.entity.ResourcesUnion#1169], EntityKey[j.index.module.apply.resourcesUnion.entity.ResourcesUnion#1170], EntityKey[j.index.module.apply.resourcesUnion.entity.ResourcesUnion#1167], EntityKey[j.index.module.apply.resourcesUnion.entity.ResourcesUnion#1168], EntityKey[j.index.module.apply.resourcesUnion.entity.ResourcesUnion#1165], EntityKey[j.index.module.apply.resourcesUnion.entity.ResourcesUnion#1166], EntityKey[j.index.module.apply.resourcesUnion.entity.ResourcesUnion#1163], EntityKey[j.index.module.apply.resourcesUnion.entity.ResourcesUnion#1164], EntityKey[j.index.module.apply.resourcesUnion.entity.ResourcesUnion#1403], EntityKey[j.index.module.apply.resourcesUnion.entity.ResourcesUnion#1404], EntityKey[j.index.module.apply.resourcesUnion.entity.ResourcesUnion#1405], EntityKey[j.index.module.apply.resourcesUnion.entity.ResourcesUnion#1406], EntityKey[j.index.module.apply.resourcesUnion.entity.ResourcesUnion#1407], EntityKey[j.index.module.apply.resourcesUnion.entity.ResourcesUnion#1408], EntityKey[j.index.module.apply.resourcesUnion.entity.ResourcesUnion#1409], EntityKey[j.index.module.apply.resourcesUnion.entity.ResourcesUnion#1410], EntityKey[j.index.module.apply.resourcesUnion.entity.ResourcesUnion#1411], EntityKey[j.index.module.apply.resourcesUnion.entity.ResourcesUnion#1412], EntityKey[j.index.module.apply.resourcesUnion.entity.ResourcesUnion#1413], EntityKey[j.index.module.apply.resourcesUnion.entity.ResourcesUnion#1414], EntityKey[j.index.module.apply.resourcesUnion.entity.ResourcesUnion#1415], EntityKey[j.index.module.apply.resourcesUnion.entity.ResourcesUnion#1416], EntityKey[j.index.module.apply.resourcesUnion.entity.ResourcesUnion#1417], EntityKey[j.index.module.apply.resourcesUnion.entity.ResourcesUnion#1418], EntityKey[j.index.module.apply.resourcesUnion.entity.ResourcesUnion#1388], EntityKey[j.index.module.apply.resourcesUnion.entity.ResourcesUnion#1387], EntityKey[j.index.module.apply.resourcesUnion.entity.ResourcesUnion#1390], EntityKey[j.index.module.apply.resourcesUnion.entity.ResourcesUnion#1389], EntityKey[j.index.module.apply.resourcesUnion.entity.ResourcesUnion#1392], EntityKey[j.index.module.apply.resourcesUnion.entity.ResourcesUnion#1391], EntityKey[j.index.module.apply.resourcesUnion.entity.ResourcesUnion#1394], EntityKey[j.index.module.apply.resourcesUnion.entity.ResourcesUnion#1393], EntityKey[j.index.module.apply.resourcesUnion.entity.ResourcesUnion#1396], EntityKey[j.index.module.apply.resourcesUnion.entity.ResourcesUnion#1395], EntityKey[j.index.module.apply.resourcesUnion.entity.ResourcesUnion#1398], EntityKey[j.index.module.apply.resourcesUnion.entity.ResourcesUnion#1397], EntityKey[j.index.module.apply.resourcesUnion.entity.ResourcesUnion#1400], EntityKey[j.index.module.apply.resourcesUnion.entity.ResourcesUnion#1399], EntityKey[j.index.module.apply.resourcesUnion.entity.ResourcesUnion#1402], EntityKey[j.index.module.apply.resourcesUnion.entity.ResourcesUnion#1401], EntityKey[j.index.module.apply.resourcesUnion.entity.ResourcesUnion#1373], EntityKey[j.index.module.apply.resourcesUnion.entity.ResourcesUnion#1374], EntityKey[j.index.module.apply.resourcesUnion.entity.ResourcesUnion#1371], EntityKey[j.index.module.apply.resourcesUnion.entity.ResourcesUnion#1372], EntityKey[j.index.module.apply.resourcesUnion.entity.ResourcesUnion#1377], EntityKey[j.index.module.apply.resourcesUnion.entity.ResourcesUnion#1378], EntityKey[j.index.module.apply.resourcesUnion.entity.ResourcesUnion#1375], EntityKey[j.index.module.apply.resourcesUnion.entity.ResourcesUnion#1376], EntityKey[j.index.module.apply.resourcesUnion.entity.ResourcesUnion#1381], EntityKey[j.index.module.apply.resourcesUnion.entity.ResourcesUnion#1382], EntityKey[j.index.module.apply.resourcesUnion.entity.ResourcesUnion#1379], EntityKey[j.index.module.apply.resourcesUnion.entity.ResourcesUnion#1380], EntityKey[j.index.module.apply.resourcesUnion.entity.ResourcesUnion#1385], EntityKey[j.index.module.apply.resourcesUnion.entity.ResourcesUnion#1386], EntityKey[j.index.module.apply.resourcesUnion.entity.ResourcesUnion#1383], EntityKey[j.index.module.apply.resourcesUnion.entity.ResourcesUnion#1384], EntityKey[j.index.module.apply.resourcesUnion.entity.ResourcesUnion#1358], EntityKey[j.index.module.apply.resourcesUnion.entity.ResourcesUnion#1357], EntityKey[j.index.module.apply.resourcesUnion.entity.ResourcesUnion#1356], EntityKey[j.index.module.apply.resourcesUnion.entity.ResourcesUnion#1355], EntityKey[j.index.module.apply.resourcesUnion.entity.ResourcesUnion#1362], EntityKey[j.index.module.apply.resourcesUnion.entity.ResourcesUnion#1361], EntityKey[j.index.module.apply.resourcesUnion.entity.ResourcesUnion#1360], EntityKey[j.index.module.apply.resourcesUnion.entity.ResourcesUnion#1359], EntityKey[j.index.module.apply.resourcesUnion.entity.ResourcesUnion#1366], EntityKey[j.index.module.apply.resourcesUnion.entity.ResourcesUnion#1365], EntityKey[j.index.module.apply.resourcesUnion.entity.ResourcesUnion#1364], EntityKey[j.index.module.apply.resourcesUnion.entity.ResourcesUnion#1363], EntityKey[j.index.module.apply.resourcesUnion.entity.ResourcesUnion#1370], EntityKey[j.index.module.apply.resourcesUnion.entity.ResourcesUnion#1369], EntityKey[j.index.module.apply.resourcesUnion.entity.ResourcesUnion#1368], EntityKey[j.index.module.apply.resourcesUnion.entity.ResourcesUnion#1367], EntityKey[j.index.module.apply.resourcesUnion.entity.ResourcesUnion#1343], EntityKey[j.index.module.apply.resourcesUnion.entity.ResourcesUnion#1344], EntityKey[j.index.module.apply.resourcesUnion.entity.ResourcesUnion#1345], EntityKey[j.index.module.apply.resourcesUnion.entity.ResourcesUnion#1346], EntityKey[j.index.module.apply.resourcesUnion.entity.ResourcesUnion#1339], EntityKey[j.index.module.apply.resourcesUnion.entity.ResourcesUnion#1340], EntityKey[j.index.module.apply.resourcesUnion.entity.ResourcesUnion#1341], EntityKey[j.index.module.apply.resourcesUnion.entity.ResourcesUnion#1342], EntityKey[j.index.module.apply.resourcesUnion.entity.ResourcesUnion#1351], EntityKey[j.index.module.apply.resourcesUnion.entity.ResourcesUnion#1352], EntityKey[j.index.module.apply.resourcesUnion.entity.ResourcesUnion#1353], EntityKey[j.index.module.apply.resourcesUnion.entity.ResourcesUnion#1354], EntityKey[j.index.module.apply.resourcesUnion.entity.ResourcesUnion#1347], EntityKey[j.index.module.apply.resourcesUnion.entity.ResourcesUnion#1348], EntityKey[j.index.module.apply.resourcesUnion.entity.ResourcesUnion#1349], EntityKey[j.index.module.apply.resourcesUnion.entity.ResourcesUnion#1350], EntityKey[j.index.module.apply.resourcesUnion.entity.ResourcesUnion#1328], EntityKey[j.index.module.apply.resourcesUnion.entity.ResourcesUnion#1327], EntityKey[j.index.module.apply.resourcesUnion.entity.ResourcesUnion#1330], EntityKey[j.index.module.apply.resourcesUnion.entity.ResourcesUnion#1329], EntityKey[j.index.module.apply.resourcesUnion.entity.ResourcesUnion#1324], EntityKey[j.index.module.apply.resourcesUnion.entity.ResourcesUnion#1323], EntityKey[j.index.module.apply.resourcesUnion.entity.ResourcesUnion#1326], EntityKey[j.index.module.apply.resourcesUnion.entity.ResourcesUnion#1325], EntityKey[j.index.module.apply.resourcesUnion.entity.ResourcesUnion#1336], EntityKey[j.index.module.apply.resourcesUnion.entity.ResourcesUnion#1335], EntityKey[j.index.module.apply.resourcesUnion.entity.ResourcesUnion#1338], EntityKey[j.index.module.apply.resourcesUnion.entity.ResourcesUnion#1337], EntityKey[j.index.module.apply.resourcesUnion.entity.ResourcesUnion#1332], EntityKey[j.index.module.apply.resourcesUnion.entity.ResourcesUnion#1331], EntityKey[j.index.module.apply.resourcesUnion.entity.ResourcesUnion#1334], EntityKey[j.index.module.apply.resourcesUnion.entity.ResourcesUnion#1333], EntityKey[j.index.module.apply.resourcesUnion.entity.ResourcesUnion#1313], EntityKey[j.index.module.apply.resourcesUnion.entity.ResourcesUnion#1314], EntityKey[j.index.module.apply.resourcesUnion.entity.ResourcesUnion#1311], EntityKey[j.index.module.apply.resourcesUnion.entity.ResourcesUnion#1312], EntityKey[j.index.module.apply.resourcesUnion.entity.ResourcesUnion#1309], EntityKey[j.index.module.apply.resourcesUnion.entity.ResourcesUnion#1310], EntityKey[j.index.module.apply.resourcesUnion.entity.ResourcesUnion#1307], EntityKey[j.index.module.apply.resourcesUnion.entity.ResourcesUnion#1308], EntityKey[j.index.module.apply.resourcesUnion.entity.ResourcesUnion#1321], EntityKey[j.index.module.apply.resourcesUnion.entity.ResourcesUnion#1322], EntityKey[j.index.module.apply.resourcesUnion.entity.ResourcesUnion#1319], EntityKey[j.index.module.apply.resourcesUnion.entity.ResourcesUnion#1320], EntityKey[j.index.module.apply.resourcesUnion.entity.ResourcesUnion#1317], EntityKey[j.index.module.apply.resourcesUnion.entity.ResourcesUnion#1318], EntityKey[j.index.module.apply.resourcesUnion.entity.ResourcesUnion#1315], EntityKey[j.index.module.apply.resourcesUnion.entity.ResourcesUnion#1316], EntityKey[j.index.module.apply.resourcesUnion.entity.ResourcesUnion#1298], EntityKey[j.index.module.apply.resourcesUnion.entity.ResourcesUnion#1297], EntityKey[j.index.module.apply.resourcesUnion.entity.ResourcesUnion#1296], EntityKey[j.index.module.apply.resourcesUnion.entity.ResourcesUnion#1295], EntityKey[j.index.module.apply.resourcesUnion.entity.ResourcesUnion#1294], EntityKey[j.index.module.apply.resourcesUnion.entity.ResourcesUnion#1293], EntityKey[j.index.module.apply.resourcesUnion.entity.ResourcesUnion#1292], EntityKey[j.index.module.apply.resourcesUnion.entity.ResourcesUnion#1291], EntityKey[j.index.module.apply.resourcesUnion.entity.ResourcesUnion#1306], EntityKey[j.index.module.apply.resourcesUnion.entity.ResourcesUnion#1305], EntityKey[j.index.module.apply.resourcesUnion.entity.ResourcesUnion#1304], EntityKey[j.index.module.apply.resourcesUnion.entity.ResourcesUnion#1303], EntityKey[j.index.module.apply.resourcesUnion.entity.ResourcesUnion#1302], EntityKey[j.index.module.apply.resourcesUnion.entity.ResourcesUnion#1301], EntityKey[j.index.module.apply.resourcesUnion.entity.ResourcesUnion#1300], EntityKey[j.index.module.apply.resourcesUnion.entity.ResourcesUnion#1299], EntityKey[j.index.module.apply.resourcesUnion.entity.ResourcesUnion#1571], EntityKey[j.index.module.apply.resourcesUnion.entity.ResourcesUnion#1572], EntityKey[j.index.module.apply.resourcesUnion.entity.ResourcesUnion#1573], EntityKey[j.index.module.apply.resourcesUnion.entity.ResourcesUnion#1574], EntityKey[j.index.module.apply.resourcesUnion.entity.ResourcesUnion#1575], EntityKey[j.index.module.apply.resourcesUnion.entity.ResourcesUnion#1576], EntityKey[j.index.module.apply.resourcesUnion.entity.ResourcesUnion#1577], EntityKey[j.index.module.apply.resourcesUnion.entity.ResourcesUnion#1578], EntityKey[j.index.module.apply.resourcesUnion.entity.ResourcesUnion#1563], EntityKey[j.index.module.apply.resourcesUnion.entity.ResourcesUnion#1564], EntityKey[j.index.module.apply.resourcesUnion.entity.ResourcesUnion#1565], EntityKey[j.index.module.apply.resourcesUnion.entity.ResourcesUnion#1566], EntityKey[j.index.module.apply.resourcesUnion.entity.ResourcesUnion#1567], EntityKey[j.index.module.apply.resourcesUnion.entity.ResourcesUnion#1568], EntityKey[j.index.module.apply.resourcesUnion.entity.ResourcesUnion#1569], EntityKey[j.index.module.apply.resourcesUnion.entity.ResourcesUnion#1570], EntityKey[j.index.module.apply.resourcesUnion.entity.ResourcesUnion#1556], EntityKey[j.index.module.apply.resourcesUnion.entity.ResourcesUnion#1555], EntityKey[j.index.module.apply.resourcesUnion.entity.ResourcesUnion#1558], EntityKey[j.index.module.apply.resourcesUnion.entity.ResourcesUnion#1557], EntityKey[j.index.module.apply.resourcesUnion.entity.ResourcesUnion#1560], EntityKey[j.index.module.apply.resourcesUnion.entity.ResourcesUnion#1559], EntityKey[j.index.module.apply.resourcesUnion.entity.ResourcesUnion#1562], EntityKey[j.index.module.apply.resourcesUnion.entity.ResourcesUnion#1561], EntityKey[j.index.module.apply.resourcesUnion.entity.ResourcesUnion#1548], EntityKey[j.index.module.apply.resourcesUnion.entity.ResourcesUnion#1547], EntityKey[j.index.module.apply.resourcesUnion.entity.ResourcesUnion#1550], EntityKey[j.index.module.apply.resourcesUnion.entity.ResourcesUnion#1549], EntityKey[j.index.module.apply.resourcesUnion.entity.ResourcesUnion#1552], EntityKey[j.index.module.apply.resourcesUnion.entity.ResourcesUnion#1551], EntityKey[j.index.module.apply.resourcesUnion.entity.ResourcesUnion#1554], EntityKey[j.index.module.apply.resourcesUnion.entity.ResourcesUnion#1553], EntityKey[j.index.module.apply.resourcesUnion.entity.ResourcesUnion#1605], EntityKey[j.index.module.apply.resourcesUnion.entity.ResourcesUnion#1606], EntityKey[j.index.module.apply.resourcesUnion.entity.ResourcesUnion#1603], EntityKey[j.index.module.apply.resourcesUnion.entity.ResourcesUnion#1604], EntityKey[j.index.module.apply.resourcesUnion.entity.ResourcesUnion#1609], EntityKey[j.index.module.apply.resourcesUnion.entity.ResourcesUnion#1610], EntityKey[j.index.module.apply.resourcesUnion.entity.ResourcesUnion#1607], EntityKey[j.index.module.apply.resourcesUnion.entity.ResourcesUnion#1608], EntityKey[j.index.module.apply.resourcesUnion.entity.ResourcesUnion#1597], EntityKey[j.index.module.apply.resourcesUnion.entity.ResourcesUnion#1598], EntityKey[j.index.module.apply.resourcesUnion.entity.ResourcesUnion#1595], EntityKey[j.index.module.apply.resourcesUnion.entity.ResourcesUnion#1596], EntityKey[j.index.module.apply.resourcesUnion.entity.ResourcesUnion#1601], EntityKey[j.index.module.apply.resourcesUnion.entity.ResourcesUnion#1602], EntityKey[j.index.module.apply.resourcesUnion.entity.ResourcesUnion#1599], EntityKey[j.index.module.apply.resourcesUnion.entity.ResourcesUnion#1600], EntityKey[j.index.module.apply.resourcesUnion.entity.ResourcesUnion#1590], EntityKey[j.index.module.apply.resourcesUnion.entity.ResourcesUnion#1589], EntityKey[j.index.module.apply.resourcesUnion.entity.ResourcesUnion#1588], EntityKey[j.index.module.apply.resourcesUnion.entity.ResourcesUnion#1587], EntityKey[j.index.module.apply.resourcesUnion.entity.ResourcesUnion#1594], EntityKey[j.index.module.apply.resourcesUnion.entity.ResourcesUnion#1593], EntityKey[j.index.module.apply.resourcesUnion.entity.ResourcesUnion#1592], EntityKey[j.index.module.apply.resourcesUnion.entity.ResourcesUnion#1591], EntityKey[j.index.module.apply.resourcesUnion.entity.ResourcesUnion#1582], EntityKey[j.index.module.apply.resourcesUnion.entity.ResourcesUnion#1581], EntityKey[j.index.module.apply.resourcesUnion.entity.ResourcesUnion#1580], EntityKey[j.index.module.apply.resourcesUnion.entity.ResourcesUnion#1579], EntityKey[j.index.module.apply.resourcesUnion.entity.ResourcesUnion#1586], EntityKey[j.index.module.apply.resourcesUnion.entity.ResourcesUnion#1585], EntityKey[j.index.module.apply.resourcesUnion.entity.ResourcesUnion#1584], EntityKey[j.index.module.apply.resourcesUnion.entity.ResourcesUnion#1583], EntityKey[j.index.module.apply.resourcesUnion.entity.ResourcesUnion#1639], EntityKey[j.index.module.apply.resourcesUnion.entity.ResourcesUnion#1640], EntityKey[j.index.module.apply.resourcesUnion.entity.ResourcesUnion#1641], EntityKey[j.index.module.apply.resourcesUnion.entity.ResourcesUnion#1642], EntityKey[j.index.module.apply.resourcesUnion.entity.ResourcesUnion#1635], EntityKey[j.index.module.apply.resourcesUnion.entity.ResourcesUnion#1636], EntityKey[j.index.module.apply.resourcesUnion.entity.ResourcesUnion#1637], EntityKey[j.index.module.apply.resourcesUnion.entity.ResourcesUnion#1638], EntityKey[j.index.module.apply.resourcesUnion.entity.ResourcesUnion#1631], EntityKey[j.index.module.apply.resourcesUnion.entity.ResourcesUnion#1632], EntityKey[j.index.module.apply.resourcesUnion.entity.ResourcesUnion#1633], EntityKey[j.index.module.apply.resourcesUnion.entity.ResourcesUnion#1634], EntityKey[j.index.module.apply.resourcesUnion.entity.ResourcesUnion#1627], EntityKey[j.index.module.apply.resourcesUnion.entity.ResourcesUnion#1628], EntityKey[j.index.module.apply.resourcesUnion.entity.ResourcesUnion#1629], EntityKey[j.index.module.apply.resourcesUnion.entity.ResourcesUnion#1630], EntityKey[j.index.module.apply.resourcesUnion.entity.ResourcesUnion#1624], EntityKey[j.index.module.apply.resourcesUnion.entity.ResourcesUnion#1623], EntityKey[j.index.module.apply.resourcesUnion.entity.ResourcesUnion#1626], EntityKey[j.index.module.apply.resourcesUnion.entity.ResourcesUnion#1625], EntityKey[j.index.module.apply.resourcesUnion.entity.ResourcesUnion#1620], EntityKey[j.index.module.apply.resourcesUnion.entity.ResourcesUnion#1619], EntityKey[j.index.module.apply.resourcesUnion.entity.ResourcesUnion#1622], EntityKey[j.index.module.apply.resourcesUnion.entity.ResourcesUnion#1621], EntityKey[j.index.module.apply.resourcesUnion.entity.ResourcesUnion#1616], EntityKey[j.index.module.apply.resourcesUnion.entity.ResourcesUnion#1615], EntityKey[j.index.module.apply.resourcesUnion.entity.ResourcesUnion#1618], EntityKey[j.index.module.apply.resourcesUnion.entity.ResourcesUnion#1617], EntityKey[j.index.module.apply.resourcesUnion.entity.ResourcesUnion#1612], EntityKey[j.index.module.apply.resourcesUnion.entity.ResourcesUnion#1611], EntityKey[j.index.module.apply.resourcesUnion.entity.ResourcesUnion#1614], EntityKey[j.index.module.apply.resourcesUnion.entity.ResourcesUnion#1613], EntityKey[j.index.module.apply.resourcesUnion.entity.ResourcesUnion#1673], EntityKey[j.index.module.apply.resourcesUnion.entity.ResourcesUnion#1674], EntityKey[j.index.module.apply.resourcesUnion.entity.ResourcesUnion#1671], EntityKey[j.index.module.apply.resourcesUnion.entity.ResourcesUnion#1672], EntityKey[j.index.module.apply.resourcesUnion.entity.ResourcesUnion#1669], EntityKey[j.index.module.apply.resourcesUnion.entity.ResourcesUnion#1670], EntityKey[j.index.module.apply.resourcesUnion.entity.ResourcesUnion#1667], EntityKey[j.index.module.apply.resourcesUnion.entity.ResourcesUnion#1668], EntityKey[j.index.module.apply.resourcesUnion.entity.ResourcesUnion#1665], EntityKey[j.index.module.apply.resourcesUnion.entity.ResourcesUnion#1666], EntityKey[j.index.module.apply.resourcesUnion.entity.ResourcesUnion#1663], EntityKey[j.index.module.apply.resourcesUnion.entity.ResourcesUnion#1664], EntityKey[j.index.module.apply.resourcesUnion.entity.ResourcesUnion#1661], EntityKey[j.index.module.apply.resourcesUnion.entity.ResourcesUnion#1662], EntityKey[j.index.module.apply.resourcesUnion.entity.ResourcesUnion#1659], EntityKey[j.index.module.apply.resourcesUnion.entity.ResourcesUnion#1660], EntityKey[j.index.module.apply.resourcesUnion.entity.ResourcesUnion#1658], EntityKey[j.index.module.apply.resourcesUnion.entity.ResourcesUnion#1657], EntityKey[j.index.module.apply.resourcesUnion.entity.ResourcesUnion#1656], EntityKey[j.index.module.apply.resourcesUnion.entity.ResourcesUnion#1655], EntityKey[j.index.module.apply.resourcesUnion.entity.ResourcesUnion#1654], EntityKey[j.index.module.apply.resourcesUnion.entity.ResourcesUnion#1653], EntityKey[j.index.module.apply.resourcesUnion.entity.ResourcesUnion#1652], EntityKey[j.index.module.apply.resourcesUnion.entity.ResourcesUnion#1651], EntityKey[j.index.module.apply.resourcesUnion.entity.ResourcesUnion#1650], EntityKey[j.index.module.apply.resourcesUnion.entity.ResourcesUnion#1649], EntityKey[j.index.module.apply.resourcesUnion.entity.ResourcesUnion#1648], EntityKey[j.index.module.apply.resourcesUnion.entity.ResourcesUnion#1647], EntityKey[j.index.module.apply.resourcesUnion.entity.ResourcesUnion#1646], EntityKey[j.index.module.apply.resourcesUnion.entity.ResourcesUnion#1645], EntityKey[j.index.module.apply.resourcesUnion.entity.ResourcesUnion#1644], EntityKey[j.index.module.apply.resourcesUnion.entity.ResourcesUnion#1643], EntityKey[j.index.module.apply.resourcesUnion.entity.ResourcesUnion#1436], EntityKey[j.index.module.apply.resourcesUnion.entity.ResourcesUnion#1435], EntityKey[j.index.module.apply.resourcesUnion.entity.ResourcesUnion#1438], EntityKey[j.index.module.apply.resourcesUnion.entity.ResourcesUnion#1437], EntityKey[j.index.module.apply.resourcesUnion.entity.ResourcesUnion#1440], EntityKey[j.index.module.apply.resourcesUnion.entity.ResourcesUnion#1439], EntityKey[j.index.module.apply.resourcesUnion.entity.ResourcesUnion#1442], EntityKey[j.index.module.apply.resourcesUnion.entity.ResourcesUnion#1441], EntityKey[j.index.module.apply.resourcesUnion.entity.ResourcesUnion#1444], EntityKey[j.index.module.apply.resourcesUnion.entity.ResourcesUnion#1443], EntityKey[j.index.module.apply.resourcesUnion.entity.ResourcesUnion#1446], EntityKey[j.index.module.apply.resourcesUnion.entity.ResourcesUnion#1445], EntityKey[j.index.module.apply.resourcesUnion.entity.ResourcesUnion#1448], EntityKey[j.index.module.apply.resourcesUnion.entity.ResourcesUnion#1447], EntityKey[j.index.module.apply.resourcesUnion.entity.ResourcesUnion#1450], EntityKey[j.index.module.apply.resourcesUnion.entity.ResourcesUnion#1449], EntityKey[j.index.module.apply.resourcesUnion.entity.ResourcesUnion#1419], EntityKey[j.index.module.apply.resourcesUnion.entity.ResourcesUnion#1420], EntityKey[j.index.module.apply.resourcesUnion.entity.ResourcesUnion#1421], EntityKey[j.index.module.apply.resourcesUnion.entity.ResourcesUnion#1422], EntityKey[j.index.module.apply.resourcesUnion.entity.ResourcesUnion#1423], EntityKey[j.index.module.apply.resourcesUnion.entity.ResourcesUnion#1424], EntityKey[j.index.module.apply.resourcesUnion.entity.ResourcesUnion#1425], EntityKey[j.index.module.apply.resourcesUnion.entity.ResourcesUnion#1426], EntityKey[j.index.module.apply.resourcesUnion.entity.ResourcesUnion#1427], EntityKey[j.index.module.apply.resourcesUnion.entity.ResourcesUnion#1428], EntityKey[j.index.module.apply.resourcesUnion.entity.ResourcesUnion#1429], EntityKey[j.index.module.apply.resourcesUnion.entity.ResourcesUnion#1430], EntityKey[j.index.module.apply.resourcesUnion.entity.ResourcesUnion#1431], EntityKey[j.index.module.apply.resourcesUnion.entity.ResourcesUnion#1432], EntityKey[j.index.module.apply.resourcesUnion.entity.ResourcesUnion#1433], EntityKey[j.index.module.apply.resourcesUnion.entity.ResourcesUnion#1434], EntityKey[j.index.module.apply.resourcesUnion.entity.ResourcesUnion#1470], EntityKey[j.index.module.apply.resourcesUnion.entity.ResourcesUnion#1469], EntityKey[j.index.module.apply.resourcesUnion.entity.ResourcesUnion#1468], EntityKey[j.index.module.apply.resourcesUnion.entity.ResourcesUnion#1467], EntityKey[j.index.module.apply.resourcesUnion.entity.ResourcesUnion#1474], EntityKey[j.index.module.apply.resourcesUnion.entity.ResourcesUnion#1473], EntityKey[j.index.module.apply.resourcesUnion.entity.ResourcesUnion#1472], EntityKey[j.index.module.apply.resourcesUnion.entity.ResourcesUnion#1471], EntityKey[j.index.module.apply.resourcesUnion.entity.ResourcesUnion#1478], EntityKey[j.index.module.apply.resourcesUnion.entity.ResourcesUnion#1477], EntityKey[j.index.module.apply.resourcesUnion.entity.ResourcesUnion#1476], EntityKey[j.index.module.apply.resourcesUnion.entity.ResourcesUnion#1475], EntityKey[j.index.module.apply.resourcesUnion.entity.ResourcesUnion#1482], EntityKey[j.index.module.apply.resourcesUnion.entity.ResourcesUnion#1481], EntityKey[j.index.module.apply.resourcesUnion.entity.ResourcesUnion#1480], EntityKey[j.index.module.apply.resourcesUnion.entity.ResourcesUnion#1479], EntityKey[j.index.module.apply.resourcesUnion.entity.ResourcesUnion#1453], EntityKey[j.index.module.apply.resourcesUnion.entity.ResourcesUnion#1454], EntityKey[j.index.module.apply.resourcesUnion.entity.ResourcesUnion#1451], EntityKey[j.index.module.apply.resourcesUnion.entity.ResourcesUnion#1452], EntityKey[j.index.module.apply.resourcesUnion.entity.ResourcesUnion#1457], EntityKey[j.index.module.apply.resourcesUnion.entity.ResourcesUnion#1458], EntityKey[j.index.module.apply.resourcesUnion.entity.ResourcesUnion#1455], EntityKey[j.index.module.apply.resourcesUnion.entity.ResourcesUnion#1456], EntityKey[j.index.module.apply.resourcesUnion.entity.ResourcesUnion#1461], EntityKey[j.index.module.apply.resourcesUnion.entity.ResourcesUnion#1462], EntityKey[j.index.module.apply.resourcesUnion.entity.ResourcesUnion#1459], EntityKey[j.index.module.apply.resourcesUnion.entity.ResourcesUnion#1460], EntityKey[j.index.module.apply.resourcesUnion.entity.ResourcesUnion#1465], EntityKey[j.index.module.apply.resourcesUnion.entity.ResourcesUnion#1466], EntityKey[j.index.module.apply.resourcesUnion.entity.ResourcesUnion#1463], EntityKey[j.index.module.apply.resourcesUnion.entity.ResourcesUnion#1464], EntityKey[j.index.module.apply.resourcesUnion.entity.ResourcesUnion#1504], EntityKey[j.index.module.apply.resourcesUnion.entity.ResourcesUnion#1503], EntityKey[j.index.module.apply.resourcesUnion.entity.ResourcesUnion#1506], EntityKey[j.index.module.apply.resourcesUnion.entity.ResourcesUnion#1505], EntityKey[j.index.module.apply.resourcesUnion.entity.ResourcesUnion#1500], EntityKey[j.index.module.apply.resourcesUnion.entity.ResourcesUnion#1499], EntityKey[j.index.module.apply.resourcesUnion.entity.ResourcesUnion#1502], EntityKey[j.index.module.apply.resourcesUnion.entity.ResourcesUnion#1501], EntityKey[j.index.module.apply.resourcesUnion.entity.ResourcesUnion#1512], EntityKey[j.index.module.apply.resourcesUnion.entity.ResourcesUnion#1511], EntityKey[j.index.module.apply.resourcesUnion.entity.ResourcesUnion#1514], EntityKey[j.index.module.apply.resourcesUnion.entity.ResourcesUnion#1513], EntityKey[j.index.module.apply.resourcesUnion.entity.ResourcesUnion#1508], EntityKey[j.index.module.apply.resourcesUnion.entity.ResourcesUnion#1507], EntityKey[j.index.module.apply.resourcesUnion.entity.ResourcesUnion#1510], EntityKey[j.index.module.apply.resourcesUnion.entity.ResourcesUnion#1509], EntityKey[j.index.module.apply.resourcesUnion.entity.ResourcesUnion#1487], EntityKey[j.index.module.apply.resourcesUnion.entity.ResourcesUnion#1488], EntityKey[j.index.module.apply.resourcesUnion.entity.ResourcesUnion#1489], EntityKey[j.index.module.apply.resourcesUnion.entity.ResourcesUnion#1490], EntityKey[j.index.module.apply.resourcesUnion.entity.ResourcesUnion#1483], EntityKey[j.index.module.apply.resourcesUnion.entity.ResourcesUnion#1484], EntityKey[j.index.module.apply.resourcesUnion.entity.ResourcesUnion#1485], EntityKey[j.index.module.apply.resourcesUnion.entity.ResourcesUnion#1486], EntityKey[j.index.module.apply.resourcesUnion.entity.ResourcesUnion#1495], EntityKey[j.index.module.apply.resourcesUnion.entity.ResourcesUnion#1496], EntityKey[j.index.module.apply.resourcesUnion.entity.ResourcesUnion#1497], EntityKey[j.index.module.apply.resourcesUnion.entity.ResourcesUnion#1498], EntityKey[j.index.module.apply.resourcesUnion.entity.ResourcesUnion#1491], EntityKey[j.index.module.apply.resourcesUnion.entity.ResourcesUnion#1492], EntityKey[j.index.module.apply.resourcesUnion.entity.ResourcesUnion#1493], EntityKey[j.index.module.apply.resourcesUnion.entity.ResourcesUnion#1494], EntityKey[j.index.module.apply.resourcesUnion.entity.ResourcesUnion#1538], EntityKey[j.index.module.apply.resourcesUnion.entity.ResourcesUnion#1537], EntityKey[j.index.module.apply.resourcesUnion.entity.ResourcesUnion#1536], EntityKey[j.index.module.apply.resourcesUnion.entity.ResourcesUnion#1535], EntityKey[j.index.module.apply.resourcesUnion.entity.ResourcesUnion#1534], EntityKey[j.index.module.apply.resourcesUnion.entity.ResourcesUnion#1533], EntityKey[j.index.module.apply.resourcesUnion.entity.ResourcesUnion#1532], EntityKey[j.index.module.apply.resourcesUnion.entity.ResourcesUnion#1531], EntityKey[j.index.module.apply.resourcesUnion.entity.ResourcesUnion#1546], EntityKey[j.index.module.apply.resourcesUnion.entity.ResourcesUnion#1545], EntityKey[j.index.module.apply.resourcesUnion.entity.ResourcesUnion#1544], EntityKey[j.index.module.apply.resourcesUnion.entity.ResourcesUnion#1543], EntityKey[j.index.module.apply.resourcesUnion.entity.ResourcesUnion#1542], EntityKey[j.index.module.apply.resourcesUnion.entity.ResourcesUnion#1541], EntityKey[j.index.module.apply.resourcesUnion.entity.ResourcesUnion#1540], EntityKey[j.index.module.apply.resourcesUnion.entity.ResourcesUnion#1539], EntityKey[j.index.module.apply.resourcesUnion.entity.ResourcesUnion#1521], EntityKey[j.index.module.apply.resourcesUnion.entity.ResourcesUnion#1522], EntityKey[j.index.module.apply.resourcesUnion.entity.ResourcesUnion#1519], EntityKey[j.index.module.apply.resourcesUnion.entity.ResourcesUnion#1520], EntityKey[j.index.module.apply.resourcesUnion.entity.ResourcesUnion#1517], EntityKey[j.index.module.apply.resourcesUnion.entity.ResourcesUnion#1518], EntityKey[j.index.module.apply.resourcesUnion.entity.ResourcesUnion#1515], EntityKey[j.index.module.apply.resourcesUnion.entity.ResourcesUnion#1516], EntityKey[j.index.module.apply.resourcesUnion.entity.ResourcesUnion#1529], EntityKey[j.index.module.apply.resourcesUnion.entity.ResourcesUnion#1530], EntityKey[j.index.module.apply.resourcesUnion.entity.ResourcesUnion#1527], EntityKey[j.index.module.apply.resourcesUnion.entity.ResourcesUnion#1528], EntityKey[j.index.module.apply.resourcesUnion.entity.ResourcesUnion#1525], EntityKey[j.index.module.apply.resourcesUnion.entity.ResourcesUnion#1526], EntityKey[j.index.module.apply.resourcesUnion.entity.ResourcesUnion#1523], EntityKey[j.index.module.apply.resourcesUnion.entity.ResourcesUnion#1524], EntityKey[j.index.module.apply.resourcesUnion.entity.ResourcesUnion#1814], EntityKey[j.index.module.apply.resourcesUnion.entity.ResourcesUnion#1813], EntityKey[j.index.module.apply.resourcesUnion.entity.ResourcesUnion#1812], EntityKey[j.index.module.apply.resourcesUnion.entity.ResourcesUnion#1811], EntityKey[j.index.module.apply.resourcesUnion.entity.ResourcesUnion#1818], EntityKey[j.index.module.apply.resourcesUnion.entity.ResourcesUnion#1817], EntityKey[j.index.module.apply.resourcesUnion.entity.ResourcesUnion#1816], EntityKey[j.index.module.apply.resourcesUnion.entity.ResourcesUnion#1815], EntityKey[j.index.module.apply.resourcesUnion.entity.ResourcesUnion#1806], EntityKey[j.index.module.apply.resourcesUnion.entity.ResourcesUnion#1805], EntityKey[j.index.module.apply.resourcesUnion.entity.ResourcesUnion#1804], EntityKey[j.index.module.apply.resourcesUnion.entity.ResourcesUnion#1803], EntityKey[j.index.module.apply.resourcesUnion.entity.ResourcesUnion#1810], EntityKey[j.index.module.apply.resourcesUnion.entity.ResourcesUnion#1809], EntityKey[j.index.module.apply.resourcesUnion.entity.ResourcesUnion#1808], EntityKey[j.index.module.apply.resourcesUnion.entity.ResourcesUnion#1807], EntityKey[j.index.module.apply.resourcesUnion.entity.ResourcesUnion#1829], EntityKey[j.index.module.apply.resourcesUnion.entity.ResourcesUnion#1830], EntityKey[j.index.module.apply.resourcesUnion.entity.ResourcesUnion#1827], EntityKey[j.index.module.apply.resourcesUnion.entity.ResourcesUnion#1828], EntityKey[j.index.module.apply.resourcesUnion.entity.ResourcesUnion#1833], EntityKey[j.index.module.apply.resourcesUnion.entity.ResourcesUnion#1834], EntityKey[j.index.module.apply.resourcesUnion.entity.ResourcesUnion#1831], EntityKey[j.index.module.apply.resourcesUnion.entity.ResourcesUnion#1832], EntityKey[j.index.module.apply.resourcesUnion.entity.ResourcesUnion#1821], EntityKey[j.index.module.apply.resourcesUnion.entity.ResourcesUnion#1822], EntityKey[j.index.module.apply.resourcesUnion.entity.ResourcesUnion#1819], EntityKey[j.index.module.apply.resourcesUnion.entity.ResourcesUnion#1820], EntityKey[j.index.module.apply.resourcesUnion.entity.ResourcesUnion#1825], EntityKey[j.index.module.apply.resourcesUnion.entity.ResourcesUnion#1826], EntityKey[j.index.module.apply.resourcesUnion.entity.ResourcesUnion#1823], EntityKey[j.index.module.apply.resourcesUnion.entity.ResourcesUnion#1824], EntityKey[j.index.module.apply.resourcesUnion.entity.ResourcesUnion#1844], EntityKey[j.index.module.apply.resourcesUnion.entity.ResourcesUnion#1843], EntityKey[j.index.module.apply.resourcesUnion.entity.ResourcesUnion#1846], EntityKey[j.index.module.apply.resourcesUnion.entity.ResourcesUnion#1845], EntityKey[j.index.module.apply.resourcesUnion.entity.ResourcesUnion#1848], EntityKey[j.index.module.apply.resourcesUnion.entity.ResourcesUnion#1847], EntityKey[j.index.module.apply.resourcesUnion.entity.ResourcesUnion#1850], EntityKey[j.index.module.apply.resourcesUnion.entity.ResourcesUnion#1849], EntityKey[j.index.module.apply.resourcesUnion.entity.ResourcesUnion#1836], EntityKey[j.index.module.apply.resourcesUnion.entity.ResourcesUnion#1835], EntityKey[j.index.module.apply.resourcesUnion.entity.ResourcesUnion#1838], EntityKey[j.index.module.apply.resourcesUnion.entity.ResourcesUnion#1837], EntityKey[j.index.module.apply.resourcesUnion.entity.ResourcesUnion#1840], EntityKey[j.index.module.apply.resourcesUnion.entity.ResourcesUnion#1839], EntityKey[j.index.module.apply.resourcesUnion.entity.ResourcesUnion#1842], EntityKey[j.index.module.apply.resourcesUnion.entity.ResourcesUnion#1841], EntityKey[j.index.module.apply.resourcesUnion.entity.ResourcesUnion#1859], EntityKey[j.index.module.apply.resourcesUnion.entity.ResourcesUnion#1860], EntityKey[j.index.module.apply.resourcesUnion.entity.ResourcesUnion#1861], EntityKey[j.index.module.apply.resourcesUnion.entity.ResourcesUnion#1862], EntityKey[j.index.module.apply.resourcesUnion.entity.ResourcesUnion#1863], EntityKey[j.index.module.apply.resourcesUnion.entity.ResourcesUnion#1864], EntityKey[j.index.module.apply.resourcesUnion.entity.ResourcesUnion#1865], EntityKey[j.index.module.apply.resourcesUnion.entity.ResourcesUnion#1866], EntityKey[j.index.module.apply.resourcesUnion.entity.ResourcesUnion#1851], EntityKey[j.index.module.apply.resourcesUnion.entity.ResourcesUnion#1852], EntityKey[j.index.module.apply.resourcesUnion.entity.ResourcesUnion#1853], EntityKey[j.index.module.apply.resourcesUnion.entity.ResourcesUnion#1854], EntityKey[j.index.module.apply.resourcesUnion.entity.ResourcesUnion#1855], EntityKey[j.index.module.apply.resourcesUnion.entity.ResourcesUnion#1856], EntityKey[j.index.module.apply.resourcesUnion.entity.ResourcesUnion#1857], EntityKey[j.index.module.apply.resourcesUnion.entity.ResourcesUnion#1858], EntityKey[j.index.module.apply.resourcesUnion.entity.ResourcesUnion#1882], EntityKey[j.index.module.apply.resourcesUnion.entity.ResourcesUnion#1881], EntityKey[j.index.module.apply.resourcesUnion.entity.ResourcesUnion#1880], EntityKey[j.index.module.apply.resourcesUnion.entity.ResourcesUnion#1879], EntityKey[j.index.module.apply.resourcesUnion.entity.ResourcesUnion#1878], EntityKey[j.index.module.apply.resourcesUnion.entity.ResourcesUnion#1877], EntityKey[j.index.module.apply.resourcesUnion.entity.ResourcesUnion#1876], EntityKey[j.index.module.apply.resourcesUnion.entity.ResourcesUnion#1875], EntityKey[j.index.module.apply.resourcesUnion.entity.ResourcesUnion#1874], EntityKey[j.index.module.apply.resourcesUnion.entity.ResourcesUnion#1873], EntityKey[j.index.module.apply.resourcesUnion.entity.ResourcesUnion#1872], EntityKey[j.index.module.apply.resourcesUnion.entity.ResourcesUnion#1871], EntityKey[j.index.module.apply.resourcesUnion.entity.ResourcesUnion#1870], EntityKey[j.index.module.apply.resourcesUnion.entity.ResourcesUnion#1869], EntityKey[j.index.module.apply.resourcesUnion.entity.ResourcesUnion#1868], EntityKey[j.index.module.apply.resourcesUnion.entity.ResourcesUnion#1867], EntityKey[j.index.module.apply.resourcesUnion.entity.ResourcesUnion#1897], EntityKey[j.index.module.apply.resourcesUnion.entity.ResourcesUnion#1898], EntityKey[j.index.module.apply.resourcesUnion.entity.ResourcesUnion#1895], EntityKey[j.index.module.apply.resourcesUnion.entity.ResourcesUnion#1896], EntityKey[j.index.module.apply.resourcesUnion.entity.ResourcesUnion#1893], EntityKey[j.index.module.apply.resourcesUnion.entity.ResourcesUnion#1894], EntityKey[j.index.module.apply.resourcesUnion.entity.ResourcesUnion#1891], EntityKey[j.index.module.apply.resourcesUnion.entity.ResourcesUnion#1892], EntityKey[j.index.module.apply.resourcesUnion.entity.ResourcesUnion#1889], EntityKey[j.index.module.apply.resourcesUnion.entity.ResourcesUnion#1890], EntityKey[j.index.module.apply.resourcesUnion.entity.ResourcesUnion#1887], EntityKey[j.index.module.apply.resourcesUnion.entity.ResourcesUnion#1888], EntityKey[j.index.module.apply.resourcesUnion.entity.ResourcesUnion#1885], EntityKey[j.index.module.apply.resourcesUnion.entity.ResourcesUnion#1886], EntityKey[j.index.module.apply.resourcesUnion.entity.ResourcesUnion#1883], EntityKey[j.index.module.apply.resourcesUnion.entity.ResourcesUnion#1884], EntityKey[j.index.module.apply.resourcesUnion.entity.ResourcesUnion#1912], EntityKey[j.index.module.apply.resourcesUnion.entity.ResourcesUnion#1911], EntityKey[j.index.module.apply.resourcesUnion.entity.ResourcesUnion#1914], EntityKey[j.index.module.apply.resourcesUnion.entity.ResourcesUnion#1913], EntityKey[j.index.module.apply.resourcesUnion.entity.ResourcesUnion#1908], EntityKey[j.index.module.apply.resourcesUnion.entity.ResourcesUnion#1907], EntityKey[j.index.module.apply.resourcesUnion.entity.ResourcesUnion#1910], EntityKey[j.index.module.apply.resourcesUnion.entity.ResourcesUnion#1909], EntityKey[j.index.module.apply.resourcesUnion.entity.ResourcesUnion#1904], EntityKey[j.index.module.apply.resourcesUnion.entity.ResourcesUnion#1903], EntityKey[j.index.module.apply.resourcesUnion.entity.ResourcesUnion#1906], EntityKey[j.index.module.apply.resourcesUnion.entity.ResourcesUnion#1905], EntityKey[j.index.module.apply.resourcesUnion.entity.ResourcesUnion#1900], EntityKey[j.index.module.apply.resourcesUnion.entity.ResourcesUnion#1899], EntityKey[j.index.module.apply.resourcesUnion.entity.ResourcesUnion#1902], EntityKey[j.index.module.apply.resourcesUnion.entity.ResourcesUnion#1901], EntityKey[j.index.module.apply.resourcesUnion.entity.ResourcesUnion#1927], EntityKey[j.index.module.apply.resourcesUnion.entity.ResourcesUnion#1928], EntityKey[j.index.module.apply.resourcesUnion.entity.ResourcesUnion#1929], EntityKey[j.index.module.apply.resourcesUnion.entity.ResourcesUnion#1930], EntityKey[j.index.module.apply.resourcesUnion.entity.ResourcesUnion#1923], EntityKey[j.index.module.apply.resourcesUnion.entity.ResourcesUnion#1924], EntityKey[j.index.module.apply.resourcesUnion.entity.ResourcesUnion#1925], EntityKey[j.index.module.apply.resourcesUnion.entity.ResourcesUnion#1926], EntityKey[j.index.module.apply.resourcesUnion.entity.ResourcesUnion#1919], EntityKey[j.index.module.apply.resourcesUnion.entity.ResourcesUnion#1920], EntityKey[j.index.module.apply.resourcesUnion.entity.ResourcesUnion#1921], EntityKey[j.index.module.apply.resourcesUnion.entity.ResourcesUnion#1922], EntityKey[j.index.module.apply.resourcesUnion.entity.ResourcesUnion#1915], EntityKey[j.index.module.apply.resourcesUnion.entity.ResourcesUnion#1916], EntityKey[j.index.module.apply.resourcesUnion.entity.ResourcesUnion#1917], EntityKey[j.index.module.apply.resourcesUnion.entity.ResourcesUnion#1918], EntityKey[j.index.module.apply.resourcesUnion.entity.ResourcesUnion#1677], EntityKey[j.index.module.apply.resourcesUnion.entity.ResourcesUnion#1678], EntityKey[j.index.module.apply.resourcesUnion.entity.ResourcesUnion#1675], EntityKey[j.index.module.apply.resourcesUnion.entity.ResourcesUnion#1676], EntityKey[j.index.module.apply.resourcesUnion.entity.ResourcesUnion#1681], EntityKey[j.index.module.apply.resourcesUnion.entity.ResourcesUnion#1682], EntityKey[j.index.module.apply.resourcesUnion.entity.ResourcesUnion#1679], EntityKey[j.index.module.apply.resourcesUnion.entity.ResourcesUnion#1680], EntityKey[j.index.module.apply.resourcesUnion.entity.ResourcesUnion#1685], EntityKey[j.index.module.apply.resourcesUnion.entity.ResourcesUnion#1686], EntityKey[j.index.module.apply.resourcesUnion.entity.ResourcesUnion#1683], EntityKey[j.index.module.apply.resourcesUnion.entity.ResourcesUnion#1684], EntityKey[j.index.module.apply.resourcesUnion.entity.ResourcesUnion#1689], EntityKey[j.index.module.apply.resourcesUnion.entity.ResourcesUnion#1690], EntityKey[j.index.module.apply.resourcesUnion.entity.ResourcesUnion#1687], EntityKey[j.index.module.apply.resourcesUnion.entity.ResourcesUnion#1688], EntityKey[j.index.module.apply.resourcesUnion.entity.ResourcesUnion#1694], EntityKey[j.index.module.apply.resourcesUnion.entity.ResourcesUnion#1693], EntityKey[j.index.module.apply.resourcesUnion.entity.ResourcesUnion#1692], EntityKey[j.index.module.apply.resourcesUnion.entity.ResourcesUnion#1691], EntityKey[j.index.module.apply.resourcesUnion.entity.ResourcesUnion#1698], EntityKey[j.index.module.apply.resourcesUnion.entity.ResourcesUnion#1697], EntityKey[j.index.module.apply.resourcesUnion.entity.ResourcesUnion#1696], EntityKey[j.index.module.apply.resourcesUnion.entity.ResourcesUnion#1695], EntityKey[j.index.module.apply.resourcesUnion.entity.ResourcesUnion#1702], EntityKey[j.index.module.apply.resourcesUnion.entity.ResourcesUnion#1701], EntityKey[j.index.module.apply.resourcesUnion.entity.ResourcesUnion#1700], EntityKey[j.index.module.apply.resourcesUnion.entity.ResourcesUnion#1699], EntityKey[j.index.module.apply.resourcesUnion.entity.ResourcesUnion#1706], EntityKey[j.index.module.apply.resourcesUnion.entity.ResourcesUnion#1705], EntityKey[j.index.module.apply.resourcesUnion.entity.ResourcesUnion#1704], EntityKey[j.index.module.apply.resourcesUnion.entity.ResourcesUnion#1703], EntityKey[j.index.module.apply.resourcesUnion.entity.ResourcesUnion#1707], EntityKey[j.index.module.apply.resourcesUnion.entity.ResourcesUnion#1708], EntityKey[j.index.module.apply.resourcesUnion.entity.ResourcesUnion#1709], EntityKey[j.index.module.apply.resourcesUnion.entity.ResourcesUnion#1710], EntityKey[j.index.module.apply.resourcesUnion.entity.ResourcesUnion#1711], EntityKey[j.index.module.apply.resourcesUnion.entity.ResourcesUnion#1712], EntityKey[j.index.module.apply.resourcesUnion.entity.ResourcesUnion#1713], EntityKey[j.index.module.apply.resourcesUnion.entity.ResourcesUnion#1714], EntityKey[j.index.module.apply.resourcesUnion.entity.ResourcesUnion#1715], EntityKey[j.index.module.apply.resourcesUnion.entity.ResourcesUnion#1716], EntityKey[j.index.module.apply.resourcesUnion.entity.ResourcesUnion#1717], EntityKey[j.index.module.apply.resourcesUnion.entity.ResourcesUnion#1718], EntityKey[j.index.module.apply.resourcesUnion.entity.ResourcesUnion#1719], EntityKey[j.index.module.apply.resourcesUnion.entity.ResourcesUnion#1720], EntityKey[j.index.module.apply.resourcesUnion.entity.ResourcesUnion#1721], EntityKey[j.index.module.apply.resourcesUnion.entity.ResourcesUnion#1722], EntityKey[j.index.module.apply.resourcesUnion.entity.ResourcesUnion#1724], EntityKey[j.index.module.apply.resourcesUnion.entity.ResourcesUnion#1723], EntityKey[j.index.module.apply.resourcesUnion.entity.ResourcesUnion#1726], EntityKey[j.index.module.apply.resourcesUnion.entity.ResourcesUnion#1725], EntityKey[j.index.module.apply.resourcesUnion.entity.ResourcesUnion#1728], EntityKey[j.index.module.apply.resourcesUnion.entity.ResourcesUnion#1727], EntityKey[j.index.module.apply.resourcesUnion.entity.ResourcesUnion#1730], EntityKey[j.index.module.apply.resourcesUnion.entity.ResourcesUnion#1729], EntityKey[j.index.module.apply.resourcesUnion.entity.ResourcesUnion#1732], EntityKey[j.index.module.apply.resourcesUnion.entity.ResourcesUnion#1731], EntityKey[j.index.module.apply.resourcesUnion.entity.ResourcesUnion#1734], EntityKey[j.index.module.apply.resourcesUnion.entity.ResourcesUnion#1733], EntityKey[j.index.module.apply.resourcesUnion.entity.ResourcesUnion#1736], EntityKey[j.index.module.apply.resourcesUnion.entity.ResourcesUnion#1735], EntityKey[j.index.module.apply.resourcesUnion.entity.ResourcesUnion#1738], EntityKey[j.index.module.apply.resourcesUnion.entity.ResourcesUnion#1737], EntityKey[j.index.module.apply.resourcesUnion.entity.ResourcesUnion#1745], EntityKey[j.index.module.apply.resourcesUnion.entity.ResourcesUnion#1746], EntityKey[j.index.module.apply.resourcesUnion.entity.ResourcesUnion#1743], EntityKey[j.index.module.apply.resourcesUnion.entity.ResourcesUnion#1744], EntityKey[j.index.module.apply.resourcesUnion.entity.ResourcesUnion#1741], EntityKey[j.index.module.apply.resourcesUnion.entity.ResourcesUnion#1742], EntityKey[j.index.module.apply.resourcesUnion.entity.ResourcesUnion#1739], EntityKey[j.index.module.apply.resourcesUnion.entity.ResourcesUnion#1740], EntityKey[j.index.module.apply.resourcesUnion.entity.ResourcesUnion#1753], EntityKey[j.index.module.apply.resourcesUnion.entity.ResourcesUnion#1754], EntityKey[j.index.module.apply.resourcesUnion.entity.ResourcesUnion#1751], EntityKey[j.index.module.apply.resourcesUnion.entity.ResourcesUnion#1752], EntityKey[j.index.module.apply.resourcesUnion.entity.ResourcesUnion#1749], EntityKey[j.index.module.apply.resourcesUnion.entity.ResourcesUnion#1750], EntityKey[j.index.module.apply.resourcesUnion.entity.ResourcesUnion#1747], EntityKey[j.index.module.apply.resourcesUnion.entity.ResourcesUnion#1748], EntityKey[j.index.module.apply.resourcesUnion.entity.ResourcesUnion#1762], EntityKey[j.index.module.apply.resourcesUnion.entity.ResourcesUnion#1761], EntityKey[j.index.module.apply.resourcesUnion.entity.ResourcesUnion#1760], EntityKey[j.index.module.apply.resourcesUnion.entity.ResourcesUnion#1759], EntityKey[j.index.module.apply.resourcesUnion.entity.ResourcesUnion#1758], EntityKey[j.index.module.apply.resourcesUnion.entity.ResourcesUnion#1757], EntityKey[j.index.module.apply.resourcesUnion.entity.ResourcesUnion#1756], EntityKey[j.index.module.apply.resourcesUnion.entity.ResourcesUnion#1755], EntityKey[j.index.module.apply.resourcesUnion.entity.ResourcesUnion#1770], EntityKey[j.index.module.apply.resourcesUnion.entity.ResourcesUnion#1769], EntityKey[j.index.module.apply.resourcesUnion.entity.ResourcesUnion#1768], EntityKey[j.index.module.apply.resourcesUnion.entity.ResourcesUnion#1767], EntityKey[j.index.module.apply.resourcesUnion.entity.ResourcesUnion#1766], EntityKey[j.index.module.apply.resourcesUnion.entity.ResourcesUnion#1765], EntityKey[j.index.module.apply.resourcesUnion.entity.ResourcesUnion#1764], EntityKey[j.index.module.apply.resourcesUnion.entity.ResourcesUnion#1763], EntityKey[j.index.module.apply.resourcesUnion.entity.ResourcesUnion#1775], EntityKey[j.index.module.apply.resourcesUnion.entity.ResourcesUnion#1776], EntityKey[j.index.module.apply.resourcesUnion.entity.ResourcesUnion#1777], EntityKey[j.index.module.apply.resourcesUnion.entity.ResourcesUnion#1778], EntityKey[j.index.module.apply.resourcesUnion.entity.ResourcesUnion#1771], EntityKey[j.index.module.apply.resourcesUnion.entity.ResourcesUnion#1772], EntityKey[j.index.module.apply.resourcesUnion.entity.ResourcesUnion#1773], EntityKey[j.index.module.apply.resourcesUnion.entity.ResourcesUnion#1774], EntityKey[j.index.module.apply.resourcesUnion.entity.ResourcesUnion#1783], EntityKey[j.index.module.apply.resourcesUnion.entity.ResourcesUnion#1784], EntityKey[j.index.module.apply.resourcesUnion.entity.ResourcesUnion#1785], EntityKey[j.index.module.apply.resourcesUnion.entity.ResourcesUnion#1786], EntityKey[j.index.module.apply.resourcesUnion.entity.ResourcesUnion#1779], EntityKey[j.index.module.apply.resourcesUnion.entity.ResourcesUnion#1780], EntityKey[j.index.module.apply.resourcesUnion.entity.ResourcesUnion#1781], EntityKey[j.index.module.apply.resourcesUnion.entity.ResourcesUnion#1782], EntityKey[j.index.module.apply.resourcesUnion.entity.ResourcesUnion#1792], EntityKey[j.index.module.apply.resourcesUnion.entity.ResourcesUnion#1791], EntityKey[j.index.module.apply.resourcesUnion.entity.ResourcesUnion#1794], EntityKey[j.index.module.apply.resourcesUnion.entity.ResourcesUnion#1793], EntityKey[j.index.module.apply.resourcesUnion.entity.ResourcesUnion#1788], EntityKey[j.index.module.apply.resourcesUnion.entity.ResourcesUnion#1787], EntityKey[j.index.module.apply.resourcesUnion.entity.ResourcesUnion#1790], EntityKey[j.index.module.apply.resourcesUnion.entity.ResourcesUnion#1789], EntityKey[j.index.module.apply.resourcesUnion.entity.ResourcesUnion#1800], EntityKey[j.index.module.apply.resourcesUnion.entity.ResourcesUnion#1799], EntityKey[j.index.module.apply.resourcesUnion.entity.ResourcesUnion#1802], EntityKey[j.index.module.apply.resourcesUnion.entity.ResourcesUnion#1801], EntityKey[j.index.module.apply.resourcesUnion.entity.ResourcesUnion#1796], EntityKey[j.index.module.apply.resourcesUnion.entity.ResourcesUnion#1795], EntityKey[j.index.module.apply.resourcesUnion.entity.ResourcesUnion#1798], EntityKey[j.index.module.apply.resourcesUnion.entity.ResourcesUnion#1797], EntityKey[j.index.module.apply.resourcesUnion.entity.ResourcesUnion#2121], EntityKey[j.index.module.apply.resourcesUnion.entity.ResourcesUnion#2122], EntityKey[j.index.module.apply.resourcesUnion.entity.ResourcesUnion#2119], EntityKey[j.index.module.apply.resourcesUnion.entity.ResourcesUnion#2120], EntityKey[j.index.module.apply.resourcesUnion.entity.ResourcesUnion#2117], EntityKey[j.index.module.apply.resourcesUnion.entity.ResourcesUnion#2118], EntityKey[j.index.module.apply.resourcesUnion.entity.ResourcesUnion#2115], EntityKey[j.index.module.apply.resourcesUnion.entity.ResourcesUnion#2116], EntityKey[j.index.module.apply.resourcesUnion.entity.ResourcesUnion#2113], EntityKey[j.index.module.apply.resourcesUnion.entity.ResourcesUnion#2114], EntityKey[j.index.module.apply.resourcesUnion.entity.ResourcesUnion#2111], EntityKey[j.index.module.apply.resourcesUnion.entity.ResourcesUnion#2112], EntityKey[j.index.module.apply.resourcesUnion.entity.ResourcesUnion#2109], EntityKey[j.index.module.apply.resourcesUnion.entity.ResourcesUnion#2110], EntityKey[j.index.module.apply.resourcesUnion.entity.ResourcesUnion#2107], EntityKey[j.index.module.apply.resourcesUnion.entity.ResourcesUnion#2108], EntityKey[j.index.module.apply.resourcesUnion.entity.ResourcesUnion#2106], EntityKey[j.index.module.apply.resourcesUnion.entity.ResourcesUnion#2105], EntityKey[j.index.module.apply.resourcesUnion.entity.ResourcesUnion#2104], EntityKey[j.index.module.apply.resourcesUnion.entity.ResourcesUnion#2103], EntityKey[j.index.module.apply.resourcesUnion.entity.ResourcesUnion#2102], EntityKey[j.index.module.apply.resourcesUnion.entity.ResourcesUnion#2101], EntityKey[j.index.module.apply.resourcesUnion.entity.ResourcesUnion#2100], EntityKey[j.index.module.apply.resourcesUnion.entity.ResourcesUnion#2099], EntityKey[j.index.module.apply.resourcesUnion.entity.ResourcesUnion#2098], EntityKey[j.index.module.apply.resourcesUnion.entity.ResourcesUnion#2097], EntityKey[j.index.module.apply.resourcesUnion.entity.ResourcesUnion#2096], EntityKey[j.index.module.apply.resourcesUnion.entity.ResourcesUnion#2095], EntityKey[j.index.module.apply.resourcesUnion.entity.ResourcesUnion#2094], EntityKey[j.index.module.apply.resourcesUnion.entity.ResourcesUnion#2093], EntityKey[j.index.module.apply.resourcesUnion.entity.ResourcesUnion#2092], EntityKey[j.index.module.apply.resourcesUnion.entity.ResourcesUnion#2091], EntityKey[j.index.module.apply.resourcesUnion.entity.ResourcesUnion#2087], EntityKey[j.index.module.apply.resourcesUnion.entity.ResourcesUnion#2088], EntityKey[j.index.module.apply.resourcesUnion.entity.ResourcesUnion#2089], EntityKey[j.index.module.apply.resourcesUnion.entity.ResourcesUnion#2090], EntityKey[j.index.module.apply.resourcesUnion.entity.ResourcesUnion#2083], EntityKey[j.index.module.apply.resourcesUnion.entity.ResourcesUnion#2084], EntityKey[j.index.module.apply.resourcesUnion.entity.ResourcesUnion#2085], EntityKey[j.index.module.apply.resourcesUnion.entity.ResourcesUnion#2086], EntityKey[j.index.module.apply.resourcesUnion.entity.ResourcesUnion#2079], EntityKey[j.index.module.apply.resourcesUnion.entity.ResourcesUnion#2080], EntityKey[j.index.module.apply.resourcesUnion.entity.ResourcesUnion#2081], EntityKey[j.index.module.apply.resourcesUnion.entity.ResourcesUnion#2082], EntityKey[j.index.module.apply.resourcesUnion.entity.ResourcesUnion#2075], EntityKey[j.index.module.apply.resourcesUnion.entity.ResourcesUnion#2076], EntityKey[j.index.module.apply.resourcesUnion.entity.ResourcesUnion#2077], EntityKey[j.index.module.apply.resourcesUnion.entity.ResourcesUnion#2078], EntityKey[j.index.module.apply.resourcesUnion.entity.ResourcesUnion#2072], EntityKey[j.index.module.apply.resourcesUnion.entity.ResourcesUnion#2071], EntityKey[j.index.module.apply.resourcesUnion.entity.ResourcesUnion#2074], EntityKey[j.index.module.apply.resourcesUnion.entity.ResourcesUnion#2073], EntityKey[j.index.module.apply.resourcesUnion.entity.ResourcesUnion#2068], EntityKey[j.index.module.apply.resourcesUnion.entity.ResourcesUnion#2067], EntityKey[j.index.module.apply.resourcesUnion.entity.ResourcesUnion#2070], EntityKey[j.index.module.apply.resourcesUnion.entity.ResourcesUnion#2069], EntityKey[j.index.module.apply.resourcesUnion.entity.ResourcesUnion#2064], EntityKey[j.index.module.apply.resourcesUnion.entity.ResourcesUnion#2063], EntityKey[j.index.module.apply.resourcesUnion.entity.ResourcesUnion#2066], EntityKey[j.index.module.apply.resourcesUnion.entity.ResourcesUnion#2065], EntityKey[j.index.module.apply.resourcesUnion.entity.ResourcesUnion#2060], EntityKey[j.index.module.apply.resourcesUnion.entity.ResourcesUnion#2059], EntityKey[j.index.module.apply.resourcesUnion.entity.ResourcesUnion#2062], EntityKey[j.index.module.apply.resourcesUnion.entity.ResourcesUnion#2061], EntityKey[j.index.module.apply.resourcesUnion.entity.ResourcesUnion#2181], EntityKey[j.index.module.apply.resourcesUnion.entity.ResourcesUnion#2182], EntityKey[j.index.module.apply.resourcesUnion.entity.ResourcesUnion#2179], EntityKey[j.index.module.apply.resourcesUnion.entity.ResourcesUnion#2180], EntityKey[j.index.module.apply.resourcesUnion.entity.ResourcesUnion#2185], EntityKey[j.index.module.apply.resourcesUnion.entity.ResourcesUnion#2186], EntityKey[j.index.module.apply.resourcesUnion.entity.ResourcesUnion#2183], EntityKey[j.index.module.apply.resourcesUnion.entity.ResourcesUnion#2184], EntityKey[j.index.module.apply.resourcesUnion.entity.ResourcesUnion#2173], EntityKey[j.index.module.apply.resourcesUnion.entity.ResourcesUnion#2174], EntityKey[j.index.module.apply.resourcesUnion.entity.ResourcesUnion#2171], EntityKey[j.index.module.apply.resourcesUnion.entity.ResourcesUnion#2172], EntityKey[j.index.module.apply.resourcesUnion.entity.ResourcesUnion#2177], EntityKey[j.index.module.apply.resourcesUnion.entity.ResourcesUnion#2178], EntityKey[j.index.module.apply.resourcesUnion.entity.ResourcesUnion#2175], EntityKey[j.index.module.apply.resourcesUnion.entity.ResourcesUnion#2176], EntityKey[j.index.module.apply.resourcesUnion.entity.ResourcesUnion#2166], EntityKey[j.index.module.apply.resourcesUnion.entity.ResourcesUnion#2165], EntityKey[j.index.module.apply.resourcesUnion.entity.ResourcesUnion#2164], EntityKey[j.index.module.apply.resourcesUnion.entity.ResourcesUnion#2163], EntityKey[j.index.module.apply.resourcesUnion.entity.ResourcesUnion#2170], EntityKey[j.index.module.apply.resourcesUnion.entity.ResourcesUnion#2169], EntityKey[j.index.module.apply.resourcesUnion.entity.ResourcesUnion#2168], EntityKey[j.index.module.apply.resourcesUnion.entity.ResourcesUnion#2167], EntityKey[j.index.module.apply.resourcesUnion.entity.ResourcesUnion#2158], EntityKey[j.index.module.apply.resourcesUnion.entity.ResourcesUnion#2157], EntityKey[j.index.module.apply.resourcesUnion.entity.ResourcesUnion#2156], EntityKey[j.index.module.apply.resourcesUnion.entity.ResourcesUnion#2155], EntityKey[j.index.module.apply.resourcesUnion.entity.ResourcesUnion#2162], EntityKey[j.index.module.apply.resourcesUnion.entity.ResourcesUnion#2161], EntityKey[j.index.module.apply.resourcesUnion.entity.ResourcesUnion#2160], EntityKey[j.index.module.apply.resourcesUnion.entity.ResourcesUnion#2159], EntityKey[j.index.module.apply.resourcesUnion.entity.ResourcesUnion#2147], EntityKey[j.index.module.apply.resourcesUnion.entity.ResourcesUnion#2148], EntityKey[j.index.module.apply.resourcesUnion.entity.ResourcesUnion#2149], EntityKey[j.index.module.apply.resourcesUnion.entity.ResourcesUnion#2150], EntityKey[j.index.module.apply.resourcesUnion.entity.ResourcesUnion#2151], EntityKey[j.index.module.apply.resourcesUnion.entity.ResourcesUnion#2152], EntityKey[j.index.module.apply.resourcesUnion.entity.ResourcesUnion#2153], EntityKey[j.index.module.apply.resourcesUnion.entity.ResourcesUnion#2154], EntityKey[j.index.module.apply.resourcesUnion.entity.ResourcesUnion#2139], EntityKey[j.index.module.apply.resourcesUnion.entity.ResourcesUnion#2140], EntityKey[j.index.module.apply.resourcesUnion.entity.ResourcesUnion#2141], EntityKey[j.index.module.apply.resourcesUnion.entity.ResourcesUnion#2142], EntityKey[j.index.module.apply.resourcesUnion.entity.ResourcesUnion#2143], EntityKey[j.index.module.apply.resourcesUnion.entity.ResourcesUnion#2144], EntityKey[j.index.module.apply.resourcesUnion.entity.ResourcesUnion#2145], EntityKey[j.index.module.apply.resourcesUnion.entity.ResourcesUnion#2146], EntityKey[j.index.module.apply.resourcesUnion.entity.ResourcesUnion#2132], EntityKey[j.index.module.apply.resourcesUnion.entity.ResourcesUnion#2131], EntityKey[j.index.module.apply.resourcesUnion.entity.ResourcesUnion#2134], EntityKey[j.index.module.apply.resourcesUnion.entity.ResourcesUnion#2133], EntityKey[j.index.module.apply.resourcesUnion.entity.ResourcesUnion#2136], EntityKey[j.index.module.apply.resourcesUnion.entity.ResourcesUnion#2135], EntityKey[j.index.module.apply.resourcesUnion.entity.ResourcesUnion#2138], EntityKey[j.index.module.apply.resourcesUnion.entity.ResourcesUnion#2137], EntityKey[j.index.module.apply.resourcesUnion.entity.ResourcesUnion#2124], EntityKey[j.index.module.apply.resourcesUnion.entity.ResourcesUnion#2123], EntityKey[j.index.module.apply.resourcesUnion.entity.ResourcesUnion#2126], EntityKey[j.index.module.apply.resourcesUnion.entity.ResourcesUnion#2125], EntityKey[j.index.module.apply.resourcesUnion.entity.ResourcesUnion#2128], EntityKey[j.index.module.apply.resourcesUnion.entity.ResourcesUnion#2127], EntityKey[j.index.module.apply.resourcesUnion.entity.ResourcesUnion#2130], EntityKey[j.index.module.apply.resourcesUnion.entity.ResourcesUnion#2129], EntityKey[j.index.module.apply.resourcesUnion.entity.ResourcesUnion#1986], EntityKey[j.index.module.apply.resourcesUnion.entity.ResourcesUnion#1985], EntityKey[j.index.module.apply.resourcesUnion.entity.ResourcesUnion#1984], EntityKey[j.index.module.apply.resourcesUnion.entity.ResourcesUnion#1983], EntityKey[j.index.module.apply.resourcesUnion.entity.ResourcesUnion#1982], EntityKey[j.index.module.apply.resourcesUnion.entity.ResourcesUnion#1981], EntityKey[j.index.module.apply.resourcesUnion.entity.ResourcesUnion#1980], EntityKey[j.index.module.apply.resourcesUnion.entity.ResourcesUnion#1979], EntityKey[j.index.module.apply.resourcesUnion.entity.ResourcesUnion#1994], EntityKey[j.index.module.apply.resourcesUnion.entity.ResourcesUnion#1993], EntityKey[j.index.module.apply.resourcesUnion.entity.ResourcesUnion#1992], EntityKey[j.index.module.apply.resourcesUnion.entity.ResourcesUnion#1991], EntityKey[j.index.module.apply.resourcesUnion.entity.ResourcesUnion#1990], EntityKey[j.index.module.apply.resourcesUnion.entity.ResourcesUnion#1989], EntityKey[j.index.module.apply.resourcesUnion.entity.ResourcesUnion#1988], EntityKey[j.index.module.apply.resourcesUnion.entity.ResourcesUnion#1987], EntityKey[j.index.module.apply.resourcesUnion.entity.ResourcesUnion#1969], EntityKey[j.index.module.apply.resourcesUnion.entity.ResourcesUnion#1970], EntityKey[j.index.module.apply.resourcesUnion.entity.ResourcesUnion#1967], EntityKey[j.index.module.apply.resourcesUnion.entity.ResourcesUnion#1968], EntityKey[j.index.module.apply.resourcesUnion.entity.ResourcesUnion#1965], EntityKey[j.index.module.apply.resourcesUnion.entity.ResourcesUnion#1966], EntityKey[j.index.module.apply.resourcesUnion.entity.ResourcesUnion#1963], EntityKey[j.index.module.apply.resourcesUnion.entity.ResourcesUnion#1964], EntityKey[j.index.module.apply.resourcesUnion.entity.ResourcesUnion#1977], EntityKey[j.index.module.apply.resourcesUnion.entity.ResourcesUnion#1978], EntityKey[j.index.module.apply.resourcesUnion.entity.ResourcesUnion#1975], EntityKey[j.index.module.apply.resourcesUnion.entity.ResourcesUnion#1976], EntityKey[j.index.module.apply.resourcesUnion.entity.ResourcesUnion#1973], EntityKey[j.index.module.apply.resourcesUnion.entity.ResourcesUnion#1974], EntityKey[j.index.module.apply.resourcesUnion.entity.ResourcesUnion#1971], EntityKey[j.index.module.apply.resourcesUnion.entity.ResourcesUnion#1972], EntityKey[j.index.module.apply.resourcesUnion.entity.ResourcesUnion#1952], EntityKey[j.index.module.apply.resourcesUnion.entity.ResourcesUnion#1951], EntityKey[j.index.module.apply.resourcesUnion.entity.ResourcesUnion#1954], EntityKey[j.index.module.apply.resourcesUnion.entity.ResourcesUnion#1953], EntityKey[j.index.module.apply.resourcesUnion.entity.ResourcesUnion#1948], EntityKey[j.index.module.apply.resourcesUnion.entity.ResourcesUnion#1947], EntityKey[j.index.module.apply.resourcesUnion.entity.ResourcesUnion#1950], EntityKey[j.index.module.apply.resourcesUnion.entity.ResourcesUnion#1949], EntityKey[j.index.module.apply.resourcesUnion.entity.ResourcesUnion#1960], EntityKey[j.index.module.apply.resourcesUnion.entity.ResourcesUnion#1959], EntityKey[j.index.module.apply.resourcesUnion.entity.ResourcesUnion#1962], EntityKey[j.index.module.apply.resourcesUnion.entity.ResourcesUnion#1961], EntityKey[j.index.module.apply.resourcesUnion.entity.ResourcesUnion#1956], EntityKey[j.index.module.apply.resourcesUnion.entity.ResourcesUnion#1955], EntityKey[j.index.module.apply.resourcesUnion.entity.ResourcesUnion#1958], EntityKey[j.index.module.apply.resourcesUnion.entity.ResourcesUnion#1957], EntityKey[j.index.module.apply.resourcesUnion.entity.ResourcesUnion#1935], EntityKey[j.index.module.apply.resourcesUnion.entity.ResourcesUnion#1936], EntityKey[j.index.module.apply.resourcesUnion.entity.ResourcesUnion#1937], EntityKey[j.index.module.apply.resourcesUnion.entity.ResourcesUnion#1938], EntityKey[j.index.module.apply.resourcesUnion.entity.ResourcesUnion#1931], EntityKey[j.index.module.apply.resourcesUnion.entity.ResourcesUnion#1932], EntityKey[j.index.module.apply.resourcesUnion.entity.ResourcesUnion#1933], EntityKey[j.index.module.apply.resourcesUnion.entity.ResourcesUnion#1934], EntityKey[j.index.module.apply.resourcesUnion.entity.ResourcesUnion#1943], EntityKey[j.index.module.apply.resourcesUnion.entity.ResourcesUnion#1944], EntityKey[j.index.module.apply.resourcesUnion.entity.ResourcesUnion#1945], EntityKey[j.index.module.apply.resourcesUnion.entity.ResourcesUnion#1946], EntityKey[j.index.module.apply.resourcesUnion.entity.ResourcesUnion#1939], EntityKey[j.index.module.apply.resourcesUnion.entity.ResourcesUnion#1940], EntityKey[j.index.module.apply.resourcesUnion.entity.ResourcesUnion#1941], EntityKey[j.index.module.apply.resourcesUnion.entity.ResourcesUnion#1942], EntityKey[j.index.module.apply.resourcesUnion.entity.ResourcesUnion#2046], EntityKey[j.index.module.apply.resourcesUnion.entity.ResourcesUnion#2045], EntityKey[j.index.module.apply.resourcesUnion.entity.ResourcesUnion#2044], EntityKey[j.index.module.apply.resourcesUnion.entity.ResourcesUnion#2043], EntityKey[j.index.module.apply.resourcesUnion.entity.ResourcesUnion#2050], EntityKey[j.index.module.apply.resourcesUnion.entity.ResourcesUnion#2049], EntityKey[j.index.module.apply.resourcesUnion.entity.ResourcesUnion#2048], EntityKey[j.index.module.apply.resourcesUnion.entity.ResourcesUnion#2047], EntityKey[j.index.module.apply.resourcesUnion.entity.ResourcesUnion#2054], EntityKey[j.index.module.apply.resourcesUnion.entity.ResourcesUnion#2053], EntityKey[j.index.module.apply.resourcesUnion.entity.ResourcesUnion#2052], EntityKey[j.index.module.apply.resourcesUnion.entity.ResourcesUnion#2051], EntityKey[j.index.module.apply.resourcesUnion.entity.ResourcesUnion#2058], EntityKey[j.index.module.apply.resourcesUnion.entity.ResourcesUnion#2057], EntityKey[j.index.module.apply.resourcesUnion.entity.ResourcesUnion#2056], EntityKey[j.index.module.apply.resourcesUnion.entity.ResourcesUnion#2055], EntityKey[j.index.module.apply.resourcesUnion.entity.ResourcesUnion#2029], EntityKey[j.index.module.apply.resourcesUnion.entity.ResourcesUnion#2030], EntityKey[j.index.module.apply.resourcesUnion.entity.ResourcesUnion#2027], EntityKey[j.index.module.apply.resourcesUnion.entity.ResourcesUnion#2028], EntityKey[j.index.module.apply.resourcesUnion.entity.ResourcesUnion#2033], EntityKey[j.index.module.apply.resourcesUnion.entity.ResourcesUnion#2034], EntityKey[j.index.module.apply.resourcesUnion.entity.ResourcesUnion#2031], EntityKey[j.index.module.apply.resourcesUnion.entity.ResourcesUnion#2032], EntityKey[j.index.module.apply.resourcesUnion.entity.ResourcesUnion#2037], EntityKey[j.index.module.apply.resourcesUnion.entity.ResourcesUnion#2038], EntityKey[j.index.module.apply.resourcesUnion.entity.ResourcesUnion#2035], EntityKey[j.index.module.apply.resourcesUnion.entity.ResourcesUnion#2036], EntityKey[j.index.module.apply.resourcesUnion.entity.ResourcesUnion#2041], EntityKey[j.index.module.apply.resourcesUnion.entity.ResourcesUnion#2042], EntityKey[j.index.module.apply.resourcesUnion.entity.ResourcesUnion#2039], EntityKey[j.index.module.apply.resourcesUnion.entity.ResourcesUnion#2040], EntityKey[j.index.module.apply.resourcesUnion.entity.ResourcesUnion#2012], EntityKey[j.index.module.apply.resourcesUnion.entity.ResourcesUnion#2011], EntityKey[j.index.module.apply.resourcesUnion.entity.ResourcesUnion#2014], EntityKey[j.index.module.apply.resourcesUnion.entity.ResourcesUnion#2013], EntityKey[j.index.module.apply.resourcesUnion.entity.ResourcesUnion#2016], EntityKey[j.index.module.apply.resourcesUnion.entity.ResourcesUnion#2015], EntityKey[j.index.module.apply.resourcesUnion.entity.ResourcesUnion#2018], EntityKey[j.index.module.apply.resourcesUnion.entity.ResourcesUnion#2017], EntityKey[j.index.module.apply.resourcesUnion.entity.ResourcesUnion#2020], EntityKey[j.index.module.apply.resourcesUnion.entity.ResourcesUnion#2019], EntityKey[j.index.module.apply.resourcesUnion.entity.ResourcesUnion#2022], EntityKey[j.index.module.apply.resourcesUnion.entity.ResourcesUnion#2021], EntityKey[j.index.module.apply.resourcesUnion.entity.ResourcesUnion#2024], EntityKey[j.index.module.apply.resourcesUnion.entity.ResourcesUnion#2023], EntityKey[j.index.module.apply.resourcesUnion.entity.ResourcesUnion#2026], EntityKey[j.index.module.apply.resourcesUnion.entity.ResourcesUnion#2025], EntityKey[j.index.module.apply.resourcesUnion.entity.ResourcesUnion#1995], EntityKey[j.index.module.apply.resourcesUnion.entity.ResourcesUnion#1996], EntityKey[j.index.module.apply.resourcesUnion.entity.ResourcesUnion#1997], EntityKey[j.index.module.apply.resourcesUnion.entity.ResourcesUnion#1998], EntityKey[j.index.module.apply.resourcesUnion.entity.ResourcesUnion#1999], EntityKey[j.index.module.apply.resourcesUnion.entity.ResourcesUnion#2000], EntityKey[j.index.module.apply.resourcesUnion.entity.ResourcesUnion#2001], EntityKey[j.index.module.apply.resourcesUnion.entity.ResourcesUnion#2002], EntityKey[j.index.module.apply.resourcesUnion.entity.ResourcesUnion#2003], EntityKey[j.index.module.apply.resourcesUnion.entity.ResourcesUnion#2004], EntityKey[j.index.module.apply.resourcesUnion.entity.ResourcesUnion#2005], EntityKey[j.index.module.apply.resourcesUnion.entity.ResourcesUnion#2006], EntityKey[j.index.module.apply.resourcesUnion.entity.ResourcesUnion#2007], EntityKey[j.index.module.apply.resourcesUnion.entity.ResourcesUnion#2008], EntityKey[j.index.module.apply.resourcesUnion.entity.ResourcesUnion#2009], EntityKey[j.index.module.apply.resourcesUnion.entity.ResourcesUnion#2010], EntityKey[j.index.module.apply.resourcesUnion.entity.ResourcesUnion#2360], EntityKey[j.index.module.apply.resourcesUnion.entity.ResourcesUnion#2359], EntityKey[j.index.module.apply.resourcesUnion.entity.ResourcesUnion#2362], EntityKey[j.index.module.apply.resourcesUnion.entity.ResourcesUnion#2361], EntityKey[j.index.module.apply.resourcesUnion.entity.ResourcesUnion#2356], EntityKey[j.index.module.apply.resourcesUnion.entity.ResourcesUnion#2355], EntityKey[j.index.module.apply.resourcesUnion.entity.ResourcesUnion#2358], EntityKey[j.index.module.apply.resourcesUnion.entity.ResourcesUnion#2357], EntityKey[j.index.module.apply.resourcesUnion.entity.ResourcesUnion#2352], EntityKey[j.index.module.apply.resourcesUnion.entity.ResourcesUnion#2351], EntityKey[j.index.module.apply.resourcesUnion.entity.ResourcesUnion#2354], EntityKey[j.index.module.apply.resourcesUnion.entity.ResourcesUnion#2353], EntityKey[j.index.module.apply.resourcesUnion.entity.ResourcesUnion#2348], EntityKey[j.index.module.apply.resourcesUnion.entity.ResourcesUnion#2347], EntityKey[j.index.module.apply.resourcesUnion.entity.ResourcesUnion#2350], EntityKey[j.index.module.apply.resourcesUnion.entity.ResourcesUnion#2349], EntityKey[j.index.module.apply.resourcesUnion.entity.ResourcesUnion#2375], EntityKey[j.index.module.apply.resourcesUnion.entity.ResourcesUnion#2376], EntityKey[j.index.module.apply.resourcesUnion.entity.ResourcesUnion#2377], EntityKey[j.index.module.apply.resourcesUnion.entity.ResourcesUnion#2378], EntityKey[j.index.module.apply.resourcesUnion.entity.ResourcesUnion#2371], EntityKey[j.index.module.apply.resourcesUnion.entity.ResourcesUnion#2372], EntityKey[j.index.module.apply.resourcesUnion.entity.ResourcesUnion#2373], EntityKey[j.index.module.apply.resourcesUnion.entity.ResourcesUnion#2374], EntityKey[j.index.module.apply.resourcesUnion.entity.ResourcesUnion#2367], EntityKey[j.index.module.apply.resourcesUnion.entity.ResourcesUnion#2368], EntityKey[j.index.module.apply.resourcesUnion.entity.ResourcesUnion#2369], EntityKey[j.index.module.apply.resourcesUnion.entity.ResourcesUnion#2370], EntityKey[j.index.module.apply.resourcesUnion.entity.ResourcesUnion#2363], EntityKey[j.index.module.apply.resourcesUnion.entity.ResourcesUnion#2364], EntityKey[j.index.module.apply.resourcesUnion.entity.ResourcesUnion#2365], EntityKey[j.index.module.apply.resourcesUnion.entity.ResourcesUnion#2366], EntityKey[j.index.module.apply.resourcesUnion.entity.ResourcesUnion#2330], EntityKey[j.index.module.apply.resourcesUnion.entity.ResourcesUnion#2329], EntityKey[j.index.module.apply.resourcesUnion.entity.ResourcesUnion#2328], EntityKey[j.index.module.apply.resourcesUnion.entity.ResourcesUnion#2327], EntityKey[j.index.module.apply.resourcesUnion.entity.ResourcesUnion#2326], EntityKey[j.index.module.apply.resourcesUnion.entity.ResourcesUnion#2325], EntityKey[j.index.module.apply.resourcesUnion.entity.ResourcesUnion#2324], EntityKey[j.index.module.apply.resourcesUnion.entity.ResourcesUnion#2323], EntityKey[j.index.module.apply.resourcesUnion.entity.ResourcesUnion#2322], EntityKey[j.index.module.apply.resourcesUnion.entity.ResourcesUnion#2321], EntityKey[j.index.module.apply.resourcesUnion.entity.ResourcesUnion#2320], EntityKey[j.index.module.apply.resourcesUnion.entity.ResourcesUnion#2319], EntityKey[j.index.module.apply.resourcesUnion.entity.ResourcesUnion#2318], EntityKey[j.index.module.apply.resourcesUnion.entity.ResourcesUnion#2317], EntityKey[j.index.module.apply.resourcesUnion.entity.ResourcesUnion#2316], EntityKey[j.index.module.apply.resourcesUnion.entity.ResourcesUnion#2315], EntityKey[j.index.module.apply.resourcesUnion.entity.ResourcesUnion#2345], EntityKey[j.index.module.apply.resourcesUnion.entity.ResourcesUnion#2346], EntityKey[j.index.module.apply.resourcesUnion.entity.ResourcesUnion#2343], EntityKey[j.index.module.apply.resourcesUnion.entity.ResourcesUnion#2344], EntityKey[j.index.module.apply.resourcesUnion.entity.ResourcesUnion#2341], EntityKey[j.index.module.apply.resourcesUnion.entity.ResourcesUnion#2342], EntityKey[j.index.module.apply.resourcesUnion.entity.ResourcesUnion#2339], EntityKey[j.index.module.apply.resourcesUnion.entity.ResourcesUnion#2340], EntityKey[j.index.module.apply.resourcesUnion.entity.ResourcesUnion#2337], EntityKey[j.index.module.apply.resourcesUnion.entity.ResourcesUnion#2338], EntityKey[j.index.module.apply.resourcesUnion.entity.ResourcesUnion#2335], EntityKey[j.index.module.apply.resourcesUnion.entity.ResourcesUnion#2336], EntityKey[j.index.module.apply.resourcesUnion.entity.ResourcesUnion#2333], EntityKey[j.index.module.apply.resourcesUnion.entity.ResourcesUnion#2334], EntityKey[j.index.module.apply.resourcesUnion.entity.ResourcesUnion#2331], EntityKey[j.index.module.apply.resourcesUnion.entity.ResourcesUnion#2332], EntityKey[j.index.module.apply.resourcesUnion.entity.ResourcesUnion#2420], EntityKey[j.index.module.apply.resourcesUnion.entity.ResourcesUnion#2419], EntityKey[j.index.module.apply.resourcesUnion.entity.ResourcesUnion#2422], EntityKey[j.index.module.apply.resourcesUnion.entity.ResourcesUnion#2421], EntityKey[j.index.module.apply.resourcesUnion.entity.ResourcesUnion#2424], EntityKey[j.index.module.apply.resourcesUnion.entity.ResourcesUnion#2423], EntityKey[j.index.module.apply.resourcesUnion.entity.ResourcesUnion#2426], EntityKey[j.index.module.apply.resourcesUnion.entity.ResourcesUnion#2425], EntityKey[j.index.module.apply.resourcesUnion.entity.ResourcesUnion#2412], EntityKey[j.index.module.apply.resourcesUnion.entity.ResourcesUnion#2411], EntityKey[j.index.module.apply.resourcesUnion.entity.ResourcesUnion#2414], EntityKey[j.index.module.apply.resourcesUnion.entity.ResourcesUnion#2413], EntityKey[j.index.module.apply.resourcesUnion.entity.ResourcesUnion#2416], EntityKey[j.index.module.apply.resourcesUnion.entity.ResourcesUnion#2415], EntityKey[j.index.module.apply.resourcesUnion.entity.ResourcesUnion#2418], EntityKey[j.index.module.apply.resourcesUnion.entity.ResourcesUnion#2417], EntityKey[j.index.module.apply.resourcesUnion.entity.ResourcesUnion#2435], EntityKey[j.index.module.apply.resourcesUnion.entity.ResourcesUnion#2436], EntityKey[j.index.module.apply.resourcesUnion.entity.ResourcesUnion#2437], EntityKey[j.index.module.apply.resourcesUnion.entity.ResourcesUnion#2438], EntityKey[j.index.module.apply.resourcesUnion.entity.ResourcesUnion#2439], EntityKey[j.index.module.apply.resourcesUnion.entity.ResourcesUnion#2440], EntityKey[j.index.module.apply.resourcesUnion.entity.ResourcesUnion#2441], EntityKey[j.index.module.apply.resourcesUnion.entity.ResourcesUnion#2442], EntityKey[j.index.module.apply.resourcesUnion.entity.ResourcesUnion#2427], EntityKey[j.index.module.apply.resourcesUnion.entity.ResourcesUnion#2428], EntityKey[j.index.module.apply.resourcesUnion.entity.ResourcesUnion#2429], EntityKey[j.index.module.apply.resourcesUnion.entity.ResourcesUnion#2430], EntityKey[j.index.module.apply.resourcesUnion.entity.ResourcesUnion#2431], EntityKey[j.index.module.apply.resourcesUnion.entity.ResourcesUnion#2432], EntityKey[j.index.module.apply.resourcesUnion.entity.ResourcesUnion#2433], EntityKey[j.index.module.apply.resourcesUnion.entity.ResourcesUnion#2434], EntityKey[j.index.module.apply.resourcesUnion.entity.ResourcesUnion#2390], EntityKey[j.index.module.apply.resourcesUnion.entity.ResourcesUnion#2389], EntityKey[j.index.module.apply.resourcesUnion.entity.ResourcesUnion#2388], EntityKey[j.index.module.apply.resourcesUnion.entity.ResourcesUnion#2387], EntityKey[j.index.module.apply.resourcesUnion.entity.ResourcesUnion#2394], EntityKey[j.index.module.apply.resourcesUnion.entity.ResourcesUnion#2393], EntityKey[j.index.module.apply.resourcesUnion.entity.ResourcesUnion#2392], EntityKey[j.index.module.apply.resourcesUnion.entity.ResourcesUnion#2391], EntityKey[j.index.module.apply.resourcesUnion.entity.ResourcesUnion#2382], EntityKey[j.index.module.apply.resourcesUnion.entity.ResourcesUnion#2381], EntityKey[j.index.module.apply.resourcesUnion.entity.ResourcesUnion#2380], EntityKey[j.index.module.apply.resourcesUnion.entity.ResourcesUnion#2379], EntityKey[j.index.module.apply.resourcesUnion.entity.ResourcesUnion#2386], EntityKey[j.index.module.apply.resourcesUnion.entity.ResourcesUnion#2385], EntityKey[j.index.module.apply.resourcesUnion.entity.ResourcesUnion#2384], EntityKey[j.index.module.apply.resourcesUnion.entity.ResourcesUnion#2383], EntityKey[j.index.module.apply.resourcesUnion.entity.ResourcesUnion#2405], EntityKey[j.index.module.apply.resourcesUnion.entity.ResourcesUnion#2406], EntityKey[j.index.module.apply.resourcesUnion.entity.ResourcesUnion#2403], EntityKey[j.index.module.apply.resourcesUnion.entity.ResourcesUnion#2404], EntityKey[j.index.module.apply.resourcesUnion.entity.ResourcesUnion#2409], EntityKey[j.index.module.apply.resourcesUnion.entity.ResourcesUnion#2410], EntityKey[j.index.module.apply.resourcesUnion.entity.ResourcesUnion#2407], EntityKey[j.index.module.apply.resourcesUnion.entity.ResourcesUnion#2408], EntityKey[j.index.module.apply.resourcesUnion.entity.ResourcesUnion#2397], EntityKey[j.index.module.apply.resourcesUnion.entity.ResourcesUnion#2398], EntityKey[j.index.module.apply.resourcesUnion.entity.ResourcesUnion#2395], EntityKey[j.index.module.apply.resourcesUnion.entity.ResourcesUnion#2396], EntityKey[j.index.module.apply.resourcesUnion.entity.ResourcesUnion#2401], EntityKey[j.index.module.apply.resourcesUnion.entity.ResourcesUnion#2402], EntityKey[j.index.module.apply.resourcesUnion.entity.ResourcesUnion#2399], EntityKey[j.index.module.apply.resourcesUnion.entity.ResourcesUnion#2400], EntityKey[j.index.module.apply.resourcesUnion.entity.ResourcesUnion#2223], EntityKey[j.index.module.apply.resourcesUnion.entity.ResourcesUnion#2224], EntityKey[j.index.module.apply.resourcesUnion.entity.ResourcesUnion#2225], EntityKey[j.index.module.apply.resourcesUnion.entity.ResourcesUnion#2226], EntityKey[j.index.module.apply.resourcesUnion.entity.ResourcesUnion#2219], EntityKey[j.index.module.apply.resourcesUnion.entity.ResourcesUnion#2220], EntityKey[j.index.module.apply.resourcesUnion.entity.ResourcesUnion#2221], EntityKey[j.index.module.apply.resourcesUnion.entity.ResourcesUnion#2222], EntityKey[j.index.module.apply.resourcesUnion.entity.ResourcesUnion#2231], EntityKey[j.index.module.apply.resourcesUnion.entity.ResourcesUnion#2232], EntityKey[j.index.module.apply.resourcesUnion.entity.ResourcesUnion#2233], EntityKey[j.index.module.apply.resourcesUnion.entity.ResourcesUnion#2234], EntityKey[j.index.module.apply.resourcesUnion.entity.ResourcesUnion#2227], EntityKey[j.index.module.apply.resourcesUnion.entity.ResourcesUnion#2228], EntityKey[j.index.module.apply.resourcesUnion.entity.ResourcesUnion#2229], EntityKey[j.index.module.apply.resourcesUnion.entity.ResourcesUnion#2230], EntityKey[j.index.module.apply.resourcesUnion.entity.ResourcesUnion#2240], EntityKey[j.index.module.apply.resourcesUnion.entity.ResourcesUnion#2239], EntityKey[j.index.module.apply.resourcesUnion.entity.ResourcesUnion#2242], EntityKey[j.index.module.apply.resourcesUnion.entity.ResourcesUnion#2241], EntityKey[j.index.module.apply.resourcesUnion.entity.ResourcesUnion#2236], EntityKey[j.index.module.apply.resourcesUnion.entity.ResourcesUnion#2235], EntityKey[j.index.module.apply.resourcesUnion.entity.ResourcesUnion#2238], EntityKey[j.index.module.apply.resourcesUnion.entity.ResourcesUnion#2237], EntityKey[j.index.module.apply.resourcesUnion.entity.ResourcesUnion#2248], EntityKey[j.index.module.apply.resourcesUnion.entity.ResourcesUnion#2247], EntityKey[j.index.module.apply.resourcesUnion.entity.ResourcesUnion#2250], EntityKey[j.index.module.apply.resourcesUnion.entity.ResourcesUnion#2249], EntityKey[j.index.module.apply.resourcesUnion.entity.ResourcesUnion#2244], EntityKey[j.index.module.apply.resourcesUnion.entity.ResourcesUnion#2243], EntityKey[j.index.module.apply.resourcesUnion.entity.ResourcesUnion#2246], EntityKey[j.index.module.apply.resourcesUnion.entity.ResourcesUnion#2245], EntityKey[j.index.module.apply.resourcesUnion.entity.ResourcesUnion#2193], EntityKey[j.index.module.apply.resourcesUnion.entity.ResourcesUnion#2194], EntityKey[j.index.module.apply.resourcesUnion.entity.ResourcesUnion#2191], EntityKey[j.index.module.apply.resourcesUnion.entity.ResourcesUnion#2192], EntityKey[j.index.module.apply.resourcesUnion.entity.ResourcesUnion#2189], EntityKey[j.index.module.apply.resourcesUnion.entity.ResourcesUnion#2190], EntityKey[j.index.module.apply.resourcesUnion.entity.ResourcesUnion#2187], EntityKey[j.index.module.apply.resourcesUnion.entity.ResourcesUnion#2188], EntityKey[j.index.module.apply.resourcesUnion.entity.ResourcesUnion#2201], EntityKey[j.index.module.apply.resourcesUnion.entity.ResourcesUnion#2202], EntityKey[j.index.module.apply.resourcesUnion.entity.ResourcesUnion#2199], EntityKey[j.index.module.apply.resourcesUnion.entity.ResourcesUnion#2200], EntityKey[j.index.module.apply.resourcesUnion.entity.ResourcesUnion#2197], EntityKey[j.index.module.apply.resourcesUnion.entity.ResourcesUnion#2198], EntityKey[j.index.module.apply.resourcesUnion.entity.ResourcesUnion#2195], EntityKey[j.index.module.apply.resourcesUnion.entity.ResourcesUnion#2196], EntityKey[j.index.module.apply.resourcesUnion.entity.ResourcesUnion#2210], EntityKey[j.index.module.apply.resourcesUnion.entity.ResourcesUnion#2209], EntityKey[j.index.module.apply.resourcesUnion.entity.ResourcesUnion#2208], EntityKey[j.index.module.apply.resourcesUnion.entity.ResourcesUnion#2207], EntityKey[j.index.module.apply.resourcesUnion.entity.ResourcesUnion#2206], EntityKey[j.index.module.apply.resourcesUnion.entity.ResourcesUnion#2205], EntityKey[j.index.module.apply.resourcesUnion.entity.ResourcesUnion#2204], EntityKey[j.index.module.apply.resourcesUnion.entity.ResourcesUnion#2203], EntityKey[j.index.module.apply.resourcesUnion.entity.ResourcesUnion#2218], EntityKey[j.index.module.apply.resourcesUnion.entity.ResourcesUnion#2217], EntityKey[j.index.module.apply.resourcesUnion.entity.ResourcesUnion#2216], EntityKey[j.index.module.apply.resourcesUnion.entity.ResourcesUnion#2215], EntityKey[j.index.module.apply.resourcesUnion.entity.ResourcesUnion#2214], EntityKey[j.index.module.apply.resourcesUnion.entity.ResourcesUnion#2213], EntityKey[j.index.module.apply.resourcesUnion.entity.ResourcesUnion#2212], EntityKey[j.index.module.apply.resourcesUnion.entity.ResourcesUnion#2211], EntityKey[j.index.module.apply.resourcesUnion.entity.ResourcesUnion#2283], EntityKey[j.index.module.apply.resourcesUnion.entity.ResourcesUnion#2284], EntityKey[j.index.module.apply.resourcesUnion.entity.ResourcesUnion#2285], EntityKey[j.index.module.apply.resourcesUnion.entity.ResourcesUnion#2286], EntityKey[j.index.module.apply.resourcesUnion.entity.ResourcesUnion#2287], EntityKey[j.index.module.apply.resourcesUnion.entity.ResourcesUnion#2288], EntityKey[j.index.module.apply.resourcesUnion.entity.ResourcesUnion#2289], EntityKey[j.index.module.apply.resourcesUnion.entity.ResourcesUnion#2290], EntityKey[j.index.module.apply.resourcesUnion.entity.ResourcesUnion#2291], EntityKey[j.index.module.apply.resourcesUnion.entity.ResourcesUnion#2292], EntityKey[j.index.module.apply.resourcesUnion.entity.ResourcesUnion#2293], EntityKey[j.index.module.apply.resourcesUnion.entity.ResourcesUnion#2294], EntityKey[j.index.module.apply.resourcesUnion.entity.ResourcesUnion#2295], EntityKey[j.index.module.apply.resourcesUnion.entity.ResourcesUnion#2296], EntityKey[j.index.module.apply.resourcesUnion.entity.ResourcesUnion#2297], EntityKey[j.index.module.apply.resourcesUnion.entity.ResourcesUnion#2298], EntityKey[j.index.module.apply.resourcesUnion.entity.ResourcesUnion#2300], EntityKey[j.index.module.apply.resourcesUnion.entity.ResourcesUnion#2299], EntityKey[j.index.module.apply.resourcesUnion.entity.ResourcesUnion#2302], EntityKey[j.index.module.apply.resourcesUnion.entity.ResourcesUnion#2301], EntityKey[j.index.module.apply.resourcesUnion.entity.ResourcesUnion#2304], EntityKey[j.index.module.apply.resourcesUnion.entity.ResourcesUnion#2303], EntityKey[j.index.module.apply.resourcesUnion.entity.ResourcesUnion#2306], EntityKey[j.index.module.apply.resourcesUnion.entity.ResourcesUnion#2305], EntityKey[j.index.module.apply.resourcesUnion.entity.ResourcesUnion#2308], EntityKey[j.index.module.apply.resourcesUnion.entity.ResourcesUnion#2307], EntityKey[j.index.module.apply.resourcesUnion.entity.ResourcesUnion#2310], EntityKey[j.index.module.apply.resourcesUnion.entity.ResourcesUnion#2309], EntityKey[j.index.module.apply.resourcesUnion.entity.ResourcesUnion#2312], EntityKey[j.index.module.apply.resourcesUnion.entity.ResourcesUnion#2311], EntityKey[j.index.module.apply.resourcesUnion.entity.ResourcesUnion#2314], EntityKey[j.index.module.apply.resourcesUnion.entity.ResourcesUnion#2313], EntityKey[j.index.module.apply.resourcesUnion.entity.ResourcesUnion#2253], EntityKey[j.index.module.apply.resourcesUnion.entity.ResourcesUnion#2254], EntityKey[j.index.module.apply.resourcesUnion.entity.ResourcesUnion#2251], EntityKey[j.index.module.apply.resourcesUnion.entity.ResourcesUnion#2252], EntityKey[j.index.module.apply.resourcesUnion.entity.ResourcesUnion#2257], EntityKey[j.index.module.apply.resourcesUnion.entity.ResourcesUnion#2258], EntityKey[j.index.module.apply.resourcesUnion.entity.ResourcesUnion#2255], EntityKey[j.index.module.apply.resourcesUnion.entity.ResourcesUnion#2256], EntityKey[j.index.module.apply.resourcesUnion.entity.ResourcesUnion#2261], EntityKey[j.index.module.apply.resourcesUnion.entity.ResourcesUnion#2262], EntityKey[j.index.module.apply.resourcesUnion.entity.ResourcesUnion#2259], EntityKey[j.index.module.apply.resourcesUnion.entity.ResourcesUnion#2260], EntityKey[j.index.module.apply.resourcesUnion.entity.ResourcesUnion#2265], EntityKey[j.index.module.apply.resourcesUnion.entity.ResourcesUnion#2266], EntityKey[j.index.module.apply.resourcesUnion.entity.ResourcesUnion#2263], EntityKey[j.index.module.apply.resourcesUnion.entity.ResourcesUnion#2264], EntityKey[j.index.module.apply.resourcesUnion.entity.ResourcesUnion#2270], EntityKey[j.index.module.apply.resourcesUnion.entity.ResourcesUnion#2269], EntityKey[j.index.module.apply.resourcesUnion.entity.ResourcesUnion#2268], EntityKey[j.index.module.apply.resourcesUnion.entity.ResourcesUnion#2267], EntityKey[j.index.module.apply.resourcesUnion.entity.ResourcesUnion#2274], EntityKey[j.index.module.apply.resourcesUnion.entity.ResourcesUnion#2273], EntityKey[j.index.module.apply.resourcesUnion.entity.ResourcesUnion#2272], EntityKey[j.index.module.apply.resourcesUnion.entity.ResourcesUnion#2271], EntityKey[j.index.module.apply.resourcesUnion.entity.ResourcesUnion#2278], EntityKey[j.index.module.apply.resourcesUnion.entity.ResourcesUnion#2277], EntityKey[j.index.module.apply.resourcesUnion.entity.ResourcesUnion#2276], EntityKey[j.index.module.apply.resourcesUnion.entity.ResourcesUnion#2275], EntityKey[j.index.module.apply.resourcesUnion.entity.ResourcesUnion#2282], EntityKey[j.index.module.apply.resourcesUnion.entity.ResourcesUnion#2281], EntityKey[j.index.module.apply.resourcesUnion.entity.ResourcesUnion#2280], EntityKey[j.index.module.apply.resourcesUnion.entity.ResourcesUnion#2279], EntityKey[j.index.module.apply.resourcesUnion.entity.ResourcesUnion#2655], EntityKey[j.index.module.apply.resourcesUnion.entity.ResourcesUnion#2656], EntityKey[j.index.module.apply.resourcesUnion.entity.ResourcesUnion#2657], EntityKey[j.index.module.apply.resourcesUnion.entity.ResourcesUnion#2658], EntityKey[j.index.module.apply.resourcesUnion.entity.ResourcesUnion#2651], EntityKey[j.index.module.apply.resourcesUnion.entity.ResourcesUnion#2652], EntityKey[j.index.module.apply.resourcesUnion.entity.ResourcesUnion#2653], EntityKey[j.index.module.apply.resourcesUnion.entity.ResourcesUnion#2654], EntityKey[j.index.module.apply.resourcesUnion.entity.ResourcesUnion#2663], EntityKey[j.index.module.apply.resourcesUnion.entity.ResourcesUnion#2664], EntityKey[j.index.module.apply.resourcesUnion.entity.ResourcesUnion#2665], EntityKey[j.index.module.apply.resourcesUnion.entity.ResourcesUnion#2666], EntityKey[j.index.module.apply.resourcesUnion.entity.ResourcesUnion#2659], EntityKey[j.index.module.apply.resourcesUnion.entity.ResourcesUnion#2660], EntityKey[j.index.module.apply.resourcesUnion.entity.ResourcesUnion#2661], EntityKey[j.index.module.apply.resourcesUnion.entity.ResourcesUnion#2662], EntityKey[j.index.module.apply.resourcesUnion.entity.ResourcesUnion#2640], EntityKey[j.index.module.apply.resourcesUnion.entity.ResourcesUnion#2639], EntityKey[j.index.module.apply.resourcesUnion.entity.ResourcesUnion#2642], EntityKey[j.index.module.apply.resourcesUnion.entity.ResourcesUnion#2641], EntityKey[j.index.module.apply.resourcesUnion.entity.ResourcesUnion#2636], EntityKey[j.index.module.apply.resourcesUnion.entity.ResourcesUnion#2635], EntityKey[j.index.module.apply.resourcesUnion.entity.ResourcesUnion#2638], EntityKey[j.index.module.apply.resourcesUnion.entity.ResourcesUnion#2637], EntityKey[j.index.module.apply.resourcesUnion.entity.ResourcesUnion#2648], EntityKey[j.index.module.apply.resourcesUnion.entity.ResourcesUnion#2647], EntityKey[j.index.module.apply.resourcesUnion.entity.ResourcesUnion#2650], EntityKey[j.index.module.apply.resourcesUnion.entity.ResourcesUnion#2649], EntityKey[j.index.module.apply.resourcesUnion.entity.ResourcesUnion#2644], EntityKey[j.index.module.apply.resourcesUnion.entity.ResourcesUnion#2643], EntityKey[j.index.module.apply.resourcesUnion.entity.ResourcesUnion#2646], EntityKey[j.index.module.apply.resourcesUnion.entity.ResourcesUnion#2645], EntityKey[j.index.module.apply.resourcesUnion.entity.ResourcesUnion#2689], EntityKey[j.index.module.apply.resourcesUnion.entity.ResourcesUnion#2690], EntityKey[j.index.module.apply.resourcesUnion.entity.ResourcesUnion#2687], EntityKey[j.index.module.apply.resourcesUnion.entity.ResourcesUnion#2688], EntityKey[j.index.module.apply.resourcesUnion.entity.ResourcesUnion#2685], EntityKey[j.index.module.apply.resourcesUnion.entity.ResourcesUnion#2686], EntityKey[j.index.module.apply.resourcesUnion.entity.ResourcesUnion#2683], EntityKey[j.index.module.apply.resourcesUnion.entity.ResourcesUnion#2684], EntityKey[j.index.module.apply.resourcesUnion.entity.ResourcesUnion#2697], EntityKey[j.index.module.apply.resourcesUnion.entity.ResourcesUnion#2698], EntityKey[j.index.module.apply.resourcesUnion.entity.ResourcesUnion#2695], EntityKey[j.index.module.apply.resourcesUnion.entity.ResourcesUnion#2696], EntityKey[j.index.module.apply.resourcesUnion.entity.ResourcesUnion#2693], EntityKey[j.index.module.apply.resourcesUnion.entity.ResourcesUnion#2694], EntityKey[j.index.module.apply.resourcesUnion.entity.ResourcesUnion#2691], EntityKey[j.index.module.apply.resourcesUnion.entity.ResourcesUnion#2692], EntityKey[j.index.module.apply.resourcesUnion.entity.ResourcesUnion#2674], EntityKey[j.index.module.apply.resourcesUnion.entity.ResourcesUnion#2673], EntityKey[j.index.module.apply.resourcesUnion.entity.ResourcesUnion#2672], EntityKey[j.index.module.apply.resourcesUnion.entity.ResourcesUnion#2671], EntityKey[j.index.module.apply.resourcesUnion.entity.ResourcesUnion#2670], EntityKey[j.index.module.apply.resourcesUnion.entity.ResourcesUnion#2669], EntityKey[j.index.module.apply.resourcesUnion.entity.ResourcesUnion#2668], EntityKey[j.index.module.apply.resourcesUnion.entity.ResourcesUnion#2667], EntityKey[j.index.module.apply.resourcesUnion.entity.ResourcesUnion#2682], EntityKey[j.index.module.apply.resourcesUnion.entity.ResourcesUnion#2681], EntityKey[j.index.module.apply.resourcesUnion.entity.ResourcesUnion#2680], EntityKey[j.index.module.apply.resourcesUnion.entity.ResourcesUnion#2679], EntityKey[j.index.module.apply.resourcesUnion.entity.ResourcesUnion#2678], EntityKey[j.index.module.apply.resourcesUnion.entity.ResourcesUnion#2677], EntityKey[j.index.module.apply.resourcesUnion.entity.ResourcesUnion#2676], EntityKey[j.index.module.apply.resourcesUnion.entity.ResourcesUnion#2675], EntityKey[j.index.module.apply.resourcesUnion.entity.ResourcesUnion#2587], EntityKey[j.index.module.apply.resourcesUnion.entity.ResourcesUnion#2588], EntityKey[j.index.module.apply.resourcesUnion.entity.ResourcesUnion#2589], EntityKey[j.index.module.apply.resourcesUnion.entity.ResourcesUnion#2590], EntityKey[j.index.module.apply.resourcesUnion.entity.ResourcesUnion#2591], EntityKey[j.index.module.apply.resourcesUnion.entity.ResourcesUnion#2592], EntityKey[j.index.module.apply.resourcesUnion.entity.ResourcesUnion#2593], EntityKey[j.index.module.apply.resourcesUnion.entity.ResourcesUnion#2594], EntityKey[j.index.module.apply.resourcesUnion.entity.ResourcesUnion#2595], EntityKey[j.index.module.apply.resourcesUnion.entity.ResourcesUnion#2596], EntityKey[j.index.module.apply.resourcesUnion.entity.ResourcesUnion#2597], EntityKey[j.index.module.apply.resourcesUnion.entity.ResourcesUnion#2598], EntityKey[j.index.module.apply.resourcesUnion.entity.ResourcesUnion#2599], EntityKey[j.index.module.apply.resourcesUnion.entity.ResourcesUnion#2600], EntityKey[j.index.module.apply.resourcesUnion.entity.ResourcesUnion#2601], EntityKey[j.index.module.apply.resourcesUnion.entity.ResourcesUnion#2602], EntityKey[j.index.module.apply.resourcesUnion.entity.ResourcesUnion#2572], EntityKey[j.index.module.apply.resourcesUnion.entity.ResourcesUnion#2571], EntityKey[j.index.module.apply.resourcesUnion.entity.ResourcesUnion#2574], EntityKey[j.index.module.apply.resourcesUnion.entity.ResourcesUnion#2573], EntityKey[j.index.module.apply.resourcesUnion.entity.ResourcesUnion#2576], EntityKey[j.index.module.apply.resourcesUnion.entity.ResourcesUnion#2575], EntityKey[j.index.module.apply.resourcesUnion.entity.ResourcesUnion#2578], EntityKey[j.index.module.apply.resourcesUnion.entity.ResourcesUnion#2577], EntityKey[j.index.module.apply.resourcesUnion.entity.ResourcesUnion#2580], EntityKey[j.index.module.apply.resourcesUnion.entity.ResourcesUnion#2579], EntityKey[j.index.module.apply.resourcesUnion.entity.ResourcesUnion#2582], EntityKey[j.index.module.apply.resourcesUnion.entity.ResourcesUnion#2581], EntityKey[j.index.module.apply.resourcesUnion.entity.ResourcesUnion#2584], EntityKey[j.index.module.apply.resourcesUnion.entity.ResourcesUnion#2583], EntityKey[j.index.module.apply.resourcesUnion.entity.ResourcesUnion#2586], EntityKey[j.index.module.apply.resourcesUnion.entity.ResourcesUnion#2585], EntityKey[j.index.module.apply.resourcesUnion.entity.ResourcesUnion#2621], EntityKey[j.index.module.apply.resourcesUnion.entity.ResourcesUnion#2622], EntityKey[j.index.module.apply.resourcesUnion.entity.ResourcesUnion#2619], EntityKey[j.index.module.apply.resourcesUnion.entity.ResourcesUnion#2620], EntityKey[j.index.module.apply.resourcesUnion.entity.ResourcesUnion#2625], EntityKey[j.index.module.apply.resourcesUnion.entity.ResourcesUnion#2626], EntityKey[j.index.module.apply.resourcesUnion.entity.ResourcesUnion#2623], EntityKey[j.index.module.apply.resourcesUnion.entity.ResourcesUnion#2624], EntityKey[j.index.module.apply.resourcesUnion.entity.ResourcesUnion#2629], EntityKey[j.index.module.apply.resourcesUnion.entity.ResourcesUnion#2630], EntityKey[j.index.module.apply.resourcesUnion.entity.ResourcesUnion#2627], EntityKey[j.index.module.apply.resourcesUnion.entity.ResourcesUnion#2628], EntityKey[j.index.module.apply.resourcesUnion.entity.ResourcesUnion#2633], EntityKey[j.index.module.apply.resourcesUnion.entity.ResourcesUnion#2634], EntityKey[j.index.module.apply.resourcesUnion.entity.ResourcesUnion#2631], EntityKey[j.index.module.apply.resourcesUnion.entity.ResourcesUnion#2632], EntityKey[j.index.module.apply.resourcesUnion.entity.ResourcesUnion#2606], EntityKey[j.index.module.apply.resourcesUnion.entity.ResourcesUnion#2605], EntityKey[j.index.module.apply.resourcesUnion.entity.ResourcesUnion#2604], EntityKey[j.index.module.apply.resourcesUnion.entity.ResourcesUnion#2603], EntityKey[j.index.module.apply.resourcesUnion.entity.ResourcesUnion#2610], EntityKey[j.index.module.apply.resourcesUnion.entity.ResourcesUnion#2609], EntityKey[j.index.module.apply.resourcesUnion.entity.ResourcesUnion#2608], EntityKey[j.index.module.apply.resourcesUnion.entity.ResourcesUnion#2607], EntityKey[j.index.module.apply.resourcesUnion.entity.ResourcesUnion#2614], EntityKey[j.index.module.apply.resourcesUnion.entity.ResourcesUnion#2613], EntityKey[j.index.module.apply.resourcesUnion.entity.ResourcesUnion#2612], EntityKey[j.index.module.apply.resourcesUnion.entity.ResourcesUnion#2611], EntityKey[j.index.module.apply.resourcesUnion.entity.ResourcesUnion#2618], EntityKey[j.index.module.apply.resourcesUnion.entity.ResourcesUnion#2617], EntityKey[j.index.module.apply.resourcesUnion.entity.ResourcesUnion#2616], EntityKey[j.index.module.apply.resourcesUnion.entity.ResourcesUnion#2615], EntityKey[j.index.module.apply.resourcesUnion.entity.ResourcesUnion#2536], EntityKey[j.index.module.apply.resourcesUnion.entity.ResourcesUnion#2535], EntityKey[j.index.module.apply.resourcesUnion.entity.ResourcesUnion#2538], EntityKey[j.index.module.apply.resourcesUnion.entity.ResourcesUnion#2537], EntityKey[j.index.module.apply.resourcesUnion.entity.ResourcesUnion#2532], EntityKey[j.index.module.apply.resourcesUnion.entity.ResourcesUnion#2531], EntityKey[j.index.module.apply.resourcesUnion.entity.ResourcesUnion#2534], EntityKey[j.index.module.apply.resourcesUnion.entity.ResourcesUnion#2533], EntityKey[j.index.module.apply.resourcesUnion.entity.ResourcesUnion#2528], EntityKey[j.index.module.apply.resourcesUnion.entity.ResourcesUnion#2527], EntityKey[j.index.module.apply.resourcesUnion.entity.ResourcesUnion#2530], EntityKey[j.index.module.apply.resourcesUnion.entity.ResourcesUnion#2529], EntityKey[j.index.module.apply.resourcesUnion.entity.ResourcesUnion#2524], EntityKey[j.index.module.apply.resourcesUnion.entity.ResourcesUnion#2523], EntityKey[j.index.module.apply.resourcesUnion.entity.ResourcesUnion#2526], EntityKey[j.index.module.apply.resourcesUnion.entity.ResourcesUnion#2525], EntityKey[j.index.module.apply.resourcesUnion.entity.ResourcesUnion#2519], EntityKey[j.index.module.apply.resourcesUnion.entity.ResourcesUnion#2520], EntityKey[j.index.module.apply.resourcesUnion.entity.ResourcesUnion#2521], EntityKey[j.index.module.apply.resourcesUnion.entity.ResourcesUnion#2522], EntityKey[j.index.module.apply.resourcesUnion.entity.ResourcesUnion#2515], EntityKey[j.index.module.apply.resourcesUnion.entity.ResourcesUnion#2516], EntityKey[j.index.module.apply.resourcesUnion.entity.ResourcesUnion#2517], EntityKey[j.index.module.apply.resourcesUnion.entity.ResourcesUnion#2518], EntityKey[j.index.module.apply.resourcesUnion.entity.ResourcesUnion#2511], EntityKey[j.index.module.apply.resourcesUnion.entity.ResourcesUnion#2512], EntityKey[j.index.module.apply.resourcesUnion.entity.ResourcesUnion#2513], EntityKey[j.index.module.apply.resourcesUnion.entity.ResourcesUnion#2514], EntityKey[j.index.module.apply.resourcesUnion.entity.ResourcesUnion#2507], EntityKey[j.index.module.apply.resourcesUnion.entity.ResourcesUnion#2508], EntityKey[j.index.module.apply.resourcesUnion.entity.ResourcesUnion#2509], EntityKey[j.index.module.apply.resourcesUnion.entity.ResourcesUnion#2510], EntityKey[j.index.module.apply.resourcesUnion.entity.ResourcesUnion#2570], EntityKey[j.index.module.apply.resourcesUnion.entity.ResourcesUnion#2569], EntityKey[j.index.module.apply.resourcesUnion.entity.ResourcesUnion#2568], EntityKey[j.index.module.apply.resourcesUnion.entity.ResourcesUnion#2567], EntityKey[j.index.module.apply.resourcesUnion.entity.ResourcesUnion#2566], EntityKey[j.index.module.apply.resourcesUnion.entity.ResourcesUnion#2565], EntityKey[j.index.module.apply.resourcesUnion.entity.ResourcesUnion#2564], EntityKey[j.index.module.apply.resourcesUnion.entity.ResourcesUnion#2563], EntityKey[j.index.module.apply.resourcesUnion.entity.ResourcesUnion#2562], EntityKey[j.index.module.apply.resourcesUnion.entity.ResourcesUnion#2561], EntityKey[j.index.module.apply.resourcesUnion.entity.ResourcesUnion#2560], EntityKey[j.index.module.apply.resourcesUnion.entity.ResourcesUnion#2559], EntityKey[j.index.module.apply.resourcesUnion.entity.ResourcesUnion#2558], EntityKey[j.index.module.apply.resourcesUnion.entity.ResourcesUnion#2557], EntityKey[j.index.module.apply.resourcesUnion.entity.ResourcesUnion#2556], EntityKey[j.index.module.apply.resourcesUnion.entity.ResourcesUnion#2555], EntityKey[j.index.module.apply.resourcesUnion.entity.ResourcesUnion#2553], EntityKey[j.index.module.apply.resourcesUnion.entity.ResourcesUnion#2554], EntityKey[j.index.module.apply.resourcesUnion.entity.ResourcesUnion#2551], EntityKey[j.index.module.apply.resourcesUnion.entity.ResourcesUnion#2552], EntityKey[j.index.module.apply.resourcesUnion.entity.ResourcesUnion#2549], EntityKey[j.index.module.apply.resourcesUnion.entity.ResourcesUnion#2550], EntityKey[j.index.module.apply.resourcesUnion.entity.ResourcesUnion#2547], EntityKey[j.index.module.apply.resourcesUnion.entity.ResourcesUnion#2548], EntityKey[j.index.module.apply.resourcesUnion.entity.ResourcesUnion#2545], EntityKey[j.index.module.apply.resourcesUnion.entity.ResourcesUnion#2546], EntityKey[j.index.module.apply.resourcesUnion.entity.ResourcesUnion#2543], EntityKey[j.index.module.apply.resourcesUnion.entity.ResourcesUnion#2544], EntityKey[j.index.module.apply.resourcesUnion.entity.ResourcesUnion#2541], EntityKey[j.index.module.apply.resourcesUnion.entity.ResourcesUnion#2542], EntityKey[j.index.module.apply.resourcesUnion.entity.ResourcesUnion#2539], EntityKey[j.index.module.apply.resourcesUnion.entity.ResourcesUnion#2540], EntityKey[j.index.module.apply.resourcesUnion.entity.ResourcesUnion#2468], EntityKey[j.index.module.apply.resourcesUnion.entity.ResourcesUnion#2467], EntityKey[j.index.module.apply.resourcesUnion.entity.ResourcesUnion#2470], EntityKey[j.index.module.apply.resourcesUnion.entity.ResourcesUnion#2469], EntityKey[j.index.module.apply.resourcesUnion.entity.ResourcesUnion#2472], EntityKey[j.index.module.apply.resourcesUnion.entity.ResourcesUnion#2471], EntityKey[j.index.module.apply.resourcesUnion.entity.ResourcesUnion#2474], EntityKey[j.index.module.apply.resourcesUnion.entity.ResourcesUnion#2473], EntityKey[j.index.module.apply.resourcesUnion.entity.ResourcesUnion#2460], EntityKey[j.index.module.apply.resourcesUnion.entity.ResourcesUnion#2459], EntityKey[j.index.module.apply.resourcesUnion.entity.ResourcesUnion#2462], EntityKey[j.index.module.apply.resourcesUnion.entity.ResourcesUnion#2461], EntityKey[j.index.module.apply.resourcesUnion.entity.ResourcesUnion#2464], EntityKey[j.index.module.apply.resourcesUnion.entity.ResourcesUnion#2463], EntityKey[j.index.module.apply.resourcesUnion.entity.ResourcesUnion#2466], EntityKey[j.index.module.apply.resourcesUnion.entity.ResourcesUnion#2465], EntityKey[j.index.module.apply.resourcesUnion.entity.ResourcesUnion#2451], EntityKey[j.index.module.apply.resourcesUnion.entity.ResourcesUnion#2452], EntityKey[j.index.module.apply.resourcesUnion.entity.ResourcesUnion#2453], EntityKey[j.index.module.apply.resourcesUnion.entity.ResourcesUnion#2454], EntityKey[j.index.module.apply.resourcesUnion.entity.ResourcesUnion#2455], EntityKey[j.index.module.apply.resourcesUnion.entity.ResourcesUnion#2456], EntityKey[j.index.module.apply.resourcesUnion.entity.ResourcesUnion#2457], EntityKey[j.index.module.apply.resourcesUnion.entity.ResourcesUnion#2458], EntityKey[j.index.module.apply.resourcesUnion.entity.ResourcesUnion#2443], EntityKey[j.index.module.apply.resourcesUnion.entity.ResourcesUnion#2444], EntityKey[j.index.module.apply.resourcesUnion.entity.ResourcesUnion#2445], EntityKey[j.index.module.apply.resourcesUnion.entity.ResourcesUnion#2446], EntityKey[j.index.module.apply.resourcesUnion.entity.ResourcesUnion#2447], EntityKey[j.index.module.apply.resourcesUnion.entity.ResourcesUnion#2448], EntityKey[j.index.module.apply.resourcesUnion.entity.ResourcesUnion#2449], EntityKey[j.index.module.apply.resourcesUnion.entity.ResourcesUnion#2450], EntityKey[j.index.module.apply.resourcesUnion.entity.ResourcesUnion#2502], EntityKey[j.index.module.apply.resourcesUnion.entity.ResourcesUnion#2501], EntityKey[j.index.module.apply.resourcesUnion.entity.ResourcesUnion#2500], EntityKey[j.index.module.apply.resourcesUnion.entity.ResourcesUnion#2499], EntityKey[j.index.module.apply.resourcesUnion.entity.ResourcesUnion#2506], EntityKey[j.index.module.apply.resourcesUnion.entity.ResourcesUnion#2505], EntityKey[j.index.module.apply.resourcesUnion.entity.ResourcesUnion#2504], EntityKey[j.index.module.apply.resourcesUnion.entity.ResourcesUnion#2503], EntityKey[j.index.module.apply.resourcesUnion.entity.ResourcesUnion#2494], EntityKey[j.index.module.apply.resourcesUnion.entity.ResourcesUnion#2493], EntityKey[j.index.module.apply.resourcesUnion.entity.ResourcesUnion#2492], EntityKey[j.index.module.apply.resourcesUnion.entity.ResourcesUnion#2491], EntityKey[j.index.module.apply.resourcesUnion.entity.ResourcesUnion#2498], EntityKey[j.index.module.apply.resourcesUnion.entity.ResourcesUnion#2497], EntityKey[j.index.module.apply.resourcesUnion.entity.ResourcesUnion#2496], EntityKey[j.index.module.apply.resourcesUnion.entity.ResourcesUnion#2495], EntityKey[j.index.module.apply.resourcesUnion.entity.ResourcesUnion#2485], EntityKey[j.index.module.apply.resourcesUnion.entity.ResourcesUnion#2486], EntityKey[j.index.module.apply.resourcesUnion.entity.ResourcesUnion#2483], EntityKey[j.index.module.apply.resourcesUnion.entity.ResourcesUnion#2484], EntityKey[j.index.module.apply.resourcesUnion.entity.ResourcesUnion#2489], EntityKey[j.index.module.apply.resourcesUnion.entity.ResourcesUnion#2490], EntityKey[j.index.module.apply.resourcesUnion.entity.ResourcesUnion#2487], EntityKey[j.index.module.apply.resourcesUnion.entity.ResourcesUnion#2488], EntityKey[j.index.module.apply.resourcesUnion.entity.ResourcesUnion#2477], EntityKey[j.index.module.apply.resourcesUnion.entity.ResourcesUnion#2478], EntityKey[j.index.module.apply.resourcesUnion.entity.ResourcesUnion#2475], EntityKey[j.index.module.apply.resourcesUnion.entity.ResourcesUnion#2476], EntityKey[j.index.module.apply.resourcesUnion.entity.ResourcesUnion#2481], EntityKey[j.index.module.apply.resourcesUnion.entity.ResourcesUnion#2482], EntityKey[j.index.module.apply.resourcesUnion.entity.ResourcesUnion#2479], EntityKey[j.index.module.apply.resourcesUnion.entity.ResourcesUnion#2480], EntityKey[j.index.module.apply.resourcesUnion.entity.ResourcesUnion#2898], EntityKey[j.index.module.apply.resourcesUnion.entity.ResourcesUnion#2897], EntityKey[j.index.module.apply.resourcesUnion.entity.ResourcesUnion#2896], EntityKey[j.index.module.apply.resourcesUnion.entity.ResourcesUnion#2895], EntityKey[j.index.module.apply.resourcesUnion.entity.ResourcesUnion#2894], EntityKey[j.index.module.apply.resourcesUnion.entity.ResourcesUnion#2893], EntityKey[j.index.module.apply.resourcesUnion.entity.ResourcesUnion#2892], EntityKey[j.index.module.apply.resourcesUnion.entity.ResourcesUnion#2891], EntityKey[j.index.module.apply.resourcesUnion.entity.ResourcesUnion#2906], EntityKey[j.index.module.apply.resourcesUnion.entity.ResourcesUnion#2905], EntityKey[j.index.module.apply.resourcesUnion.entity.ResourcesUnion#2904], EntityKey[j.index.module.apply.resourcesUnion.entity.ResourcesUnion#2903], EntityKey[j.index.module.apply.resourcesUnion.entity.ResourcesUnion#2902], EntityKey[j.index.module.apply.resourcesUnion.entity.ResourcesUnion#2901], EntityKey[j.index.module.apply.resourcesUnion.entity.ResourcesUnion#2900], EntityKey[j.index.module.apply.resourcesUnion.entity.ResourcesUnion#2899], EntityKey[j.index.module.apply.resourcesUnion.entity.ResourcesUnion#2913], EntityKey[j.index.module.apply.resourcesUnion.entity.ResourcesUnion#2914], EntityKey[j.index.module.apply.resourcesUnion.entity.ResourcesUnion#2911], EntityKey[j.index.module.apply.resourcesUnion.entity.ResourcesUnion#2912], EntityKey[j.index.module.apply.resourcesUnion.entity.ResourcesUnion#2909], EntityKey[j.index.module.apply.resourcesUnion.entity.ResourcesUnion#2910], EntityKey[j.index.module.apply.resourcesUnion.entity.ResourcesUnion#2907], EntityKey[j.index.module.apply.resourcesUnion.entity.ResourcesUnion#2908], EntityKey[j.index.module.apply.resourcesUnion.entity.ResourcesUnion#2921], EntityKey[j.index.module.apply.resourcesUnion.entity.ResourcesUnion#2922], EntityKey[j.index.module.apply.resourcesUnion.entity.ResourcesUnion#2919], EntityKey[j.index.module.apply.resourcesUnion.entity.ResourcesUnion#2920], EntityKey[j.index.module.apply.resourcesUnion.entity.ResourcesUnion#2917], EntityKey[j.index.module.apply.resourcesUnion.entity.ResourcesUnion#2918], EntityKey[j.index.module.apply.resourcesUnion.entity.ResourcesUnion#2915], EntityKey[j.index.module.apply.resourcesUnion.entity.ResourcesUnion#2916], EntityKey[j.index.module.apply.resourcesUnion.entity.ResourcesUnion#2928], EntityKey[j.index.module.apply.resourcesUnion.entity.ResourcesUnion#2927], EntityKey[j.index.module.apply.resourcesUnion.entity.ResourcesUnion#2930], EntityKey[j.index.module.apply.resourcesUnion.entity.ResourcesUnion#2929], EntityKey[j.index.module.apply.resourcesUnion.entity.ResourcesUnion#2924], EntityKey[j.index.module.apply.resourcesUnion.entity.ResourcesUnion#2923], EntityKey[j.index.module.apply.resourcesUnion.entity.ResourcesUnion#2926], EntityKey[j.index.module.apply.resourcesUnion.entity.ResourcesUnion#2925], EntityKey[j.index.module.apply.resourcesUnion.entity.ResourcesUnion#2936], EntityKey[j.index.module.apply.resourcesUnion.entity.ResourcesUnion#2935], EntityKey[j.index.module.apply.resourcesUnion.entity.ResourcesUnion#2938], EntityKey[j.index.module.apply.resourcesUnion.entity.ResourcesUnion#2937], EntityKey[j.index.module.apply.resourcesUnion.entity.ResourcesUnion#2932], EntityKey[j.index.module.apply.resourcesUnion.entity.ResourcesUnion#2931], EntityKey[j.index.module.apply.resourcesUnion.entity.ResourcesUnion#2934], EntityKey[j.index.module.apply.resourcesUnion.entity.ResourcesUnion#2933], EntityKey[j.index.module.apply.resourcesUnion.entity.ResourcesUnion#2943], EntityKey[j.index.module.apply.resourcesUnion.entity.ResourcesUnion#2944], EntityKey[j.index.module.apply.resourcesUnion.entity.ResourcesUnion#2945], EntityKey[j.index.module.apply.resourcesUnion.entity.ResourcesUnion#2946], EntityKey[j.index.module.apply.resourcesUnion.entity.ResourcesUnion#2939], EntityKey[j.index.module.apply.resourcesUnion.entity.ResourcesUnion#2940], EntityKey[j.index.module.apply.resourcesUnion.entity.ResourcesUnion#2941], EntityKey[j.index.module.apply.resourcesUnion.entity.ResourcesUnion#2942], EntityKey[j.index.module.apply.resourcesUnion.entity.ResourcesUnion#2951], EntityKey[j.index.module.apply.resourcesUnion.entity.ResourcesUnion#2952], EntityKey[j.index.module.apply.resourcesUnion.entity.ResourcesUnion#2953], EntityKey[j.index.module.apply.resourcesUnion.entity.ResourcesUnion#2954], EntityKey[j.index.module.apply.resourcesUnion.entity.ResourcesUnion#2947], EntityKey[j.index.module.apply.resourcesUnion.entity.ResourcesUnion#2948], EntityKey[j.index.module.apply.resourcesUnion.entity.ResourcesUnion#2949], EntityKey[j.index.module.apply.resourcesUnion.entity.ResourcesUnion#2950], EntityKey[j.index.module.apply.resourcesUnion.entity.ResourcesUnion#2830], EntityKey[j.index.module.apply.resourcesUnion.entity.ResourcesUnion#2829], EntityKey[j.index.module.apply.resourcesUnion.entity.ResourcesUnion#2828], EntityKey[j.index.module.apply.resourcesUnion.entity.ResourcesUnion#2827], EntityKey[j.index.module.apply.resourcesUnion.entity.ResourcesUnion#2834], EntityKey[j.index.module.apply.resourcesUnion.entity.ResourcesUnion#2833], EntityKey[j.index.module.apply.resourcesUnion.entity.ResourcesUnion#2832], EntityKey[j.index.module.apply.resourcesUnion.entity.ResourcesUnion#2831], EntityKey[j.index.module.apply.resourcesUnion.entity.ResourcesUnion#2838], EntityKey[j.index.module.apply.resourcesUnion.entity.ResourcesUnion#2837], EntityKey[j.index.module.apply.resourcesUnion.entity.ResourcesUnion#2836], EntityKey[j.index.module.apply.resourcesUnion.entity.ResourcesUnion#2835], EntityKey[j.index.module.apply.resourcesUnion.entity.ResourcesUnion#2842], EntityKey[j.index.module.apply.resourcesUnion.entity.ResourcesUnion#2841], EntityKey[j.index.module.apply.resourcesUnion.entity.ResourcesUnion#2840], EntityKey[j.index.module.apply.resourcesUnion.entity.ResourcesUnion#2839], EntityKey[j.index.module.apply.resourcesUnion.entity.ResourcesUnion#2845], EntityKey[j.index.module.apply.resourcesUnion.entity.ResourcesUnion#2846], EntityKey[j.index.module.apply.resourcesUnion.entity.ResourcesUnion#2843], EntityKey[j.index.module.apply.resourcesUnion.entity.ResourcesUnion#2844], EntityKey[j.index.module.apply.resourcesUnion.entity.ResourcesUnion#2849], EntityKey[j.index.module.apply.resourcesUnion.entity.ResourcesUnion#2850], EntityKey[j.index.module.apply.resourcesUnion.entity.ResourcesUnion#2847], EntityKey[j.index.module.apply.resourcesUnion.entity.ResourcesUnion#2848], EntityKey[j.index.module.apply.resourcesUnion.entity.ResourcesUnion#2853], EntityKey[j.index.module.apply.resourcesUnion.entity.ResourcesUnion#2854], EntityKey[j.index.module.apply.resourcesUnion.entity.ResourcesUnion#2851], EntityKey[j.index.module.apply.resourcesUnion.entity.ResourcesUnion#2852], EntityKey[j.index.module.apply.resourcesUnion.entity.ResourcesUnion#2857], EntityKey[j.index.module.apply.resourcesUnion.entity.ResourcesUnion#2858], EntityKey[j.index.module.apply.resourcesUnion.entity.ResourcesUnion#2855], EntityKey[j.index.module.apply.resourcesUnion.entity.ResourcesUnion#2856], EntityKey[j.index.module.apply.resourcesUnion.entity.ResourcesUnion#2860], EntityKey[j.index.module.apply.resourcesUnion.entity.ResourcesUnion#2859], EntityKey[j.index.module.apply.resourcesUnion.entity.ResourcesUnion#2862], EntityKey[j.index.module.apply.resourcesUnion.entity.ResourcesUnion#2861], EntityKey[j.index.module.apply.resourcesUnion.entity.ResourcesUnion#2864], EntityKey[j.index.module.apply.resourcesUnion.entity.ResourcesUnion#2863], EntityKey[j.index.module.apply.resourcesUnion.entity.ResourcesUnion#2866], EntityKey[j.index.module.apply.resourcesUnion.entity.ResourcesUnion#2865], EntityKey[j.index.module.apply.resourcesUnion.entity.ResourcesUnion#2868], EntityKey[j.index.module.apply.resourcesUnion.entity.ResourcesUnion#2867], EntityKey[j.index.module.apply.resourcesUnion.entity.ResourcesUnion#2870], EntityKey[j.index.module.apply.resourcesUnion.entity.ResourcesUnion#2869], EntityKey[j.index.module.apply.resourcesUnion.entity.ResourcesUnion#2872], EntityKey[j.index.module.apply.resourcesUnion.entity.ResourcesUnion#2871], EntityKey[j.index.module.apply.resourcesUnion.entity.ResourcesUnion#2874], EntityKey[j.index.module.apply.resourcesUnion.entity.ResourcesUnion#2873], EntityKey[j.index.module.apply.resourcesUnion.entity.ResourcesUnion#2875], EntityKey[j.index.module.apply.resourcesUnion.entity.ResourcesUnion#2876], EntityKey[j.index.module.apply.resourcesUnion.entity.ResourcesUnion#2877], EntityKey[j.index.module.apply.resourcesUnion.entity.ResourcesUnion#2878], EntityKey[j.index.module.apply.resourcesUnion.entity.ResourcesUnion#2879], EntityKey[j.index.module.apply.resourcesUnion.entity.ResourcesUnion#2880], EntityKey[j.index.module.apply.resourcesUnion.entity.ResourcesUnion#2881], EntityKey[j.index.module.apply.resourcesUnion.entity.ResourcesUnion#2882], EntityKey[j.index.module.apply.resourcesUnion.entity.ResourcesUnion#2883], EntityKey[j.index.module.apply.resourcesUnion.entity.ResourcesUnion#2884], EntityKey[j.index.module.apply.resourcesUnion.entity.ResourcesUnion#2885], EntityKey[j.index.module.apply.resourcesUnion.entity.ResourcesUnion#2886], EntityKey[j.index.module.apply.resourcesUnion.entity.ResourcesUnion#2887], EntityKey[j.index.module.apply.resourcesUnion.entity.ResourcesUnion#2888], EntityKey[j.index.module.apply.resourcesUnion.entity.ResourcesUnion#2889], EntityKey[j.index.module.apply.resourcesUnion.entity.ResourcesUnion#2890], EntityKey[j.index.module.apply.resourcesUnion.entity.ResourcesUnion#2777], EntityKey[j.index.module.apply.resourcesUnion.entity.ResourcesUnion#2778], EntityKey[j.index.module.apply.resourcesUnion.entity.ResourcesUnion#2775], EntityKey[j.index.module.apply.resourcesUnion.entity.ResourcesUnion#2776], EntityKey[j.index.module.apply.resourcesUnion.entity.ResourcesUnion#2773], EntityKey[j.index.module.apply.resourcesUnion.entity.ResourcesUnion#2774], EntityKey[j.index.module.apply.resourcesUnion.entity.ResourcesUnion#2771], EntityKey[j.index.module.apply.resourcesUnion.entity.ResourcesUnion#2772], EntityKey[j.index.module.apply.resourcesUnion.entity.ResourcesUnion#2769], EntityKey[j.index.module.apply.resourcesUnion.entity.ResourcesUnion#2770], EntityKey[j.index.module.apply.resourcesUnion.entity.ResourcesUnion#2767], EntityKey[j.index.module.apply.resourcesUnion.entity.ResourcesUnion#2768], EntityKey[j.index.module.apply.resourcesUnion.entity.ResourcesUnion#2765], EntityKey[j.index.module.apply.resourcesUnion.entity.ResourcesUnion#2766], EntityKey[j.index.module.apply.resourcesUnion.entity.ResourcesUnion#2763], EntityKey[j.index.module.apply.resourcesUnion.entity.ResourcesUnion#2764], EntityKey[j.index.module.apply.resourcesUnion.entity.ResourcesUnion#2794], EntityKey[j.index.module.apply.resourcesUnion.entity.ResourcesUnion#2793], EntityKey[j.index.module.apply.resourcesUnion.entity.ResourcesUnion#2792], EntityKey[j.index.module.apply.resourcesUnion.entity.ResourcesUnion#2791], EntityKey[j.index.module.apply.resourcesUnion.entity.ResourcesUnion#2790], EntityKey[j.index.module.apply.resourcesUnion.entity.ResourcesUnion#2789], EntityKey[j.index.module.apply.resourcesUnion.entity.ResourcesUnion#2788], EntityKey[j.index.module.apply.resourcesUnion.entity.ResourcesUnion#2787], EntityKey[j.index.module.apply.resourcesUnion.entity.ResourcesUnion#2786], EntityKey[j.index.module.apply.resourcesUnion.entity.ResourcesUnion#2785], EntityKey[j.index.module.apply.resourcesUnion.entity.ResourcesUnion#2784], EntityKey[j.index.module.apply.resourcesUnion.entity.ResourcesUnion#2783], EntityKey[j.index.module.apply.resourcesUnion.entity.ResourcesUnion#2782], EntityKey[j.index.module.apply.resourcesUnion.entity.ResourcesUnion#2781], EntityKey[j.index.module.apply.resourcesUnion.entity.ResourcesUnion#2780], EntityKey[j.index.module.apply.resourcesUnion.entity.ResourcesUnion#2779], EntityKey[j.index.module.apply.resourcesUnion.entity.ResourcesUnion#2807], EntityKey[j.index.module.apply.resourcesUnion.entity.ResourcesUnion#2808], EntityKey[j.index.module.apply.resourcesUnion.entity.ResourcesUnion#2809], EntityKey[j.index.module.apply.resourcesUnion.entity.ResourcesUnion#2810], EntityKey[j.index.module.apply.resourcesUnion.entity.ResourcesUnion#2803], EntityKey[j.index.module.apply.resourcesUnion.entity.ResourcesUnion#2804], EntityKey[j.index.module.apply.resourcesUnion.entity.ResourcesUnion#2805], EntityKey[j.index.module.apply.resourcesUnion.entity.ResourcesUnion#2806], EntityKey[j.index.module.apply.resourcesUnion.entity.ResourcesUnion#2799], EntityKey[j.index.module.apply.resourcesUnion.entity.ResourcesUnion#2800], EntityKey[j.index.module.apply.resourcesUnion.entity.ResourcesUnion#2801], EntityKey[j.index.module.apply.resourcesUnion.entity.ResourcesUnion#2802], EntityKey[j.index.module.apply.resourcesUnion.entity.ResourcesUnion#2795], EntityKey[j.index.module.apply.resourcesUnion.entity.ResourcesUnion#2796], EntityKey[j.index.module.apply.resourcesUnion.entity.ResourcesUnion#2797], EntityKey[j.index.module.apply.resourcesUnion.entity.ResourcesUnion#2798], EntityKey[j.index.module.apply.resourcesUnion.entity.ResourcesUnion#2824], EntityKey[j.index.module.apply.resourcesUnion.entity.ResourcesUnion#2823], EntityKey[j.index.module.apply.resourcesUnion.entity.ResourcesUnion#2826], EntityKey[j.index.module.apply.resourcesUnion.entity.ResourcesUnion#2825], EntityKey[j.index.module.apply.resourcesUnion.entity.ResourcesUnion#2820], EntityKey[j.index.module.apply.resourcesUnion.entity.ResourcesUnion#2819], EntityKey[j.index.module.apply.resourcesUnion.entity.ResourcesUnion#2822], EntityKey[j.index.module.apply.resourcesUnion.entity.ResourcesUnion#2821], EntityKey[j.index.module.apply.resourcesUnion.entity.ResourcesUnion#2816], EntityKey[j.index.module.apply.resourcesUnion.entity.ResourcesUnion#2815], EntityKey[j.index.module.apply.resourcesUnion.entity.ResourcesUnion#2818], EntityKey[j.index.module.apply.resourcesUnion.entity.ResourcesUnion#2817], EntityKey[j.index.module.apply.resourcesUnion.entity.ResourcesUnion#2812], EntityKey[j.index.module.apply.resourcesUnion.entity.ResourcesUnion#2811], EntityKey[j.index.module.apply.resourcesUnion.entity.ResourcesUnion#2814], EntityKey[j.index.module.apply.resourcesUnion.entity.ResourcesUnion#2813], EntityKey[j.index.module.apply.resourcesUnion.entity.ResourcesUnion#2709], EntityKey[j.index.module.apply.resourcesUnion.entity.ResourcesUnion#2710], EntityKey[j.index.module.apply.resourcesUnion.entity.ResourcesUnion#2707], EntityKey[j.index.module.apply.resourcesUnion.entity.ResourcesUnion#2708], EntityKey[j.index.module.apply.resourcesUnion.entity.ResourcesUnion#2713], EntityKey[j.index.module.apply.resourcesUnion.entity.ResourcesUnion#2714], EntityKey[j.index.module.apply.resourcesUnion.entity.ResourcesUnion#2711], EntityKey[j.index.module.apply.resourcesUnion.entity.ResourcesUnion#2712], EntityKey[j.index.module.apply.resourcesUnion.entity.ResourcesUnion#2701], EntityKey[j.index.module.apply.resourcesUnion.entity.ResourcesUnion#2702], EntityKey[j.index.module.apply.resourcesUnion.entity.ResourcesUnion#2699], EntityKey[j.index.module.apply.resourcesUnion.entity.ResourcesUnion#2700], EntityKey[j.index.module.apply.resourcesUnion.entity.ResourcesUnion#2705], EntityKey[j.index.module.apply.resourcesUnion.entity.ResourcesUnion#2706], EntityKey[j.index.module.apply.resourcesUnion.entity.ResourcesUnion#2703], EntityKey[j.index.module.apply.resourcesUnion.entity.ResourcesUnion#2704], EntityKey[j.index.module.apply.resourcesUnion.entity.ResourcesUnion#2726], EntityKey[j.index.module.apply.resourcesUnion.entity.ResourcesUnion#2725], EntityKey[j.index.module.apply.resourcesUnion.entity.ResourcesUnion#2724], EntityKey[j.index.module.apply.resourcesUnion.entity.ResourcesUnion#2723], EntityKey[j.index.module.apply.resourcesUnion.entity.ResourcesUnion#2730], EntityKey[j.index.module.apply.resourcesUnion.entity.ResourcesUnion#2729], EntityKey[j.index.module.apply.resourcesUnion.entity.ResourcesUnion#2728], EntityKey[j.index.module.apply.resourcesUnion.entity.ResourcesUnion#2727], EntityKey[j.index.module.apply.resourcesUnion.entity.ResourcesUnion#2718], EntityKey[j.index.module.apply.resourcesUnion.entity.ResourcesUnion#2717], EntityKey[j.index.module.apply.resourcesUnion.entity.ResourcesUnion#2716], EntityKey[j.index.module.apply.resourcesUnion.entity.ResourcesUnion#2715], EntityKey[j.index.module.apply.resourcesUnion.entity.ResourcesUnion#2722], EntityKey[j.index.module.apply.resourcesUnion.entity.ResourcesUnion#2721], EntityKey[j.index.module.apply.resourcesUnion.entity.ResourcesUnion#2720], EntityKey[j.index.module.apply.resourcesUnion.entity.ResourcesUnion#2719], EntityKey[j.index.module.apply.resourcesUnion.entity.ResourcesUnion#2739], EntityKey[j.index.module.apply.resourcesUnion.entity.ResourcesUnion#2740], EntityKey[j.index.module.apply.resourcesUnion.entity.ResourcesUnion#2741], EntityKey[j.index.module.apply.resourcesUnion.entity.ResourcesUnion#2742], EntityKey[j.index.module.apply.resourcesUnion.entity.ResourcesUnion#2743], EntityKey[j.index.module.apply.resourcesUnion.entity.ResourcesUnion#2744], EntityKey[j.index.module.apply.resourcesUnion.entity.ResourcesUnion#2745], EntityKey[j.index.module.apply.resourcesUnion.entity.ResourcesUnion#2746], EntityKey[j.index.module.apply.resourcesUnion.entity.ResourcesUnion#2731], EntityKey[j.index.module.apply.resourcesUnion.entity.ResourcesUnion#2732], EntityKey[j.index.module.apply.resourcesUnion.entity.ResourcesUnion#2733], EntityKey[j.index.module.apply.resourcesUnion.entity.ResourcesUnion#2734], EntityKey[j.index.module.apply.resourcesUnion.entity.ResourcesUnion#2735], EntityKey[j.index.module.apply.resourcesUnion.entity.ResourcesUnion#2736], EntityKey[j.index.module.apply.resourcesUnion.entity.ResourcesUnion#2737], EntityKey[j.index.module.apply.resourcesUnion.entity.ResourcesUnion#2738], EntityKey[j.index.module.apply.resourcesUnion.entity.ResourcesUnion#2756], EntityKey[j.index.module.apply.resourcesUnion.entity.ResourcesUnion#2755], EntityKey[j.index.module.apply.resourcesUnion.entity.ResourcesUnion#2758], EntityKey[j.index.module.apply.resourcesUnion.entity.ResourcesUnion#2757], EntityKey[j.index.module.apply.resourcesUnion.entity.ResourcesUnion#2760], EntityKey[j.index.module.apply.resourcesUnion.entity.ResourcesUnion#2759], EntityKey[j.index.module.apply.resourcesUnion.entity.ResourcesUnion#2762], EntityKey[j.index.module.apply.resourcesUnion.entity.ResourcesUnion#2761], EntityKey[j.index.module.apply.resourcesUnion.entity.ResourcesUnion#2748], EntityKey[j.index.module.apply.resourcesUnion.entity.ResourcesUnion#2747], EntityKey[j.index.module.apply.resourcesUnion.entity.ResourcesUnion#2750], EntityKey[j.index.module.apply.resourcesUnion.entity.ResourcesUnion#2749], EntityKey[j.index.module.apply.resourcesUnion.entity.ResourcesUnion#2752], EntityKey[j.index.module.apply.resourcesUnion.entity.ResourcesUnion#2751], EntityKey[j.index.module.apply.resourcesUnion.entity.ResourcesUnion#2754], EntityKey[j.index.module.apply.resourcesUnion.entity.ResourcesUnion#2753], EntityKey[j.index.module.apply.resourcesUnion.entity.ResourcesUnion#3197], EntityKey[j.index.module.apply.resourcesUnion.entity.ResourcesUnion#3198], EntityKey[j.index.module.apply.resourcesUnion.entity.ResourcesUnion#3195], EntityKey[j.index.module.apply.resourcesUnion.entity.ResourcesUnion#3196], EntityKey[j.index.module.apply.resourcesUnion.entity.ResourcesUnion#3201], EntityKey[j.index.module.apply.resourcesUnion.entity.ResourcesUnion#3202], EntityKey[j.index.module.apply.resourcesUnion.entity.ResourcesUnion#3199], EntityKey[j.index.module.apply.resourcesUnion.entity.ResourcesUnion#3200], EntityKey[j.index.module.apply.resourcesUnion.entity.ResourcesUnion#3205], EntityKey[j.index.module.apply.resourcesUnion.entity.ResourcesUnion#3206], EntityKey[j.index.module.apply.resourcesUnion.entity.ResourcesUnion#3203], EntityKey[j.index.module.apply.resourcesUnion.entity.ResourcesUnion#3204], EntityKey[j.index.module.apply.resourcesUnion.entity.ResourcesUnion#3209], EntityKey[j.index.module.apply.resourcesUnion.entity.ResourcesUnion#3210], EntityKey[j.index.module.apply.resourcesUnion.entity.ResourcesUnion#3207], EntityKey[j.index.module.apply.resourcesUnion.entity.ResourcesUnion#3208], EntityKey[j.index.module.apply.resourcesUnion.entity.ResourcesUnion#3182], EntityKey[j.index.module.apply.resourcesUnion.entity.ResourcesUnion#3181], EntityKey[j.index.module.apply.resourcesUnion.entity.ResourcesUnion#3180], EntityKey[j.index.module.apply.resourcesUnion.entity.ResourcesUnion#3179], EntityKey[j.index.module.apply.resourcesUnion.entity.ResourcesUnion#3186], EntityKey[j.index.module.apply.resourcesUnion.entity.ResourcesUnion#3185], EntityKey[j.index.module.apply.resourcesUnion.entity.ResourcesUnion#3184], EntityKey[j.index.module.apply.resourcesUnion.entity.ResourcesUnion#3183], EntityKey[j.index.module.apply.resourcesUnion.entity.ResourcesUnion#3190], EntityKey[j.index.module.apply.resourcesUnion.entity.ResourcesUnion#3189], EntityKey[j.index.module.apply.resourcesUnion.entity.ResourcesUnion#3188], EntityKey[j.index.module.apply.resourcesUnion.entity.ResourcesUnion#3187], EntityKey[j.index.module.apply.resourcesUnion.entity.ResourcesUnion#3194], EntityKey[j.index.module.apply.resourcesUnion.entity.ResourcesUnion#3193], EntityKey[j.index.module.apply.resourcesUnion.entity.ResourcesUnion#3192], EntityKey[j.index.module.apply.resourcesUnion.entity.ResourcesUnion#3191], EntityKey[j.index.module.apply.resourcesUnion.entity.ResourcesUnion#3163], EntityKey[j.index.module.apply.resourcesUnion.entity.ResourcesUnion#3164], EntityKey[j.index.module.apply.resourcesUnion.entity.ResourcesUnion#3165], EntityKey[j.index.module.apply.resourcesUnion.entity.ResourcesUnion#3166], EntityKey[j.index.module.apply.resourcesUnion.entity.ResourcesUnion#3167], EntityKey[j.index.module.apply.resourcesUnion.entity.ResourcesUnion#3168], EntityKey[j.index.module.apply.resourcesUnion.entity.ResourcesUnion#3169], EntityKey[j.index.module.apply.resourcesUnion.entity.ResourcesUnion#3170], EntityKey[j.index.module.apply.resourcesUnion.entity.ResourcesUnion#3171], EntityKey[j.index.module.apply.resourcesUnion.entity.ResourcesUnion#3172], EntityKey[j.index.module.apply.resourcesUnion.entity.ResourcesUnion#3173], EntityKey[j.index.module.apply.resourcesUnion.entity.ResourcesUnion#3174], EntityKey[j.index.module.apply.resourcesUnion.entity.ResourcesUnion#3175], EntityKey[j.index.module.apply.resourcesUnion.entity.ResourcesUnion#3176], EntityKey[j.index.module.apply.resourcesUnion.entity.ResourcesUnion#3177], EntityKey[j.index.module.apply.resourcesUnion.entity.ResourcesUnion#3178], EntityKey[j.index.module.apply.resourcesUnion.entity.ResourcesUnion#3148], EntityKey[j.index.module.apply.resourcesUnion.entity.ResourcesUnion#3147], EntityKey[j.index.module.apply.resourcesUnion.entity.ResourcesUnion#3150], EntityKey[j.index.module.apply.resourcesUnion.entity.ResourcesUnion#3149], EntityKey[j.index.module.apply.resourcesUnion.entity.ResourcesUnion#3152], EntityKey[j.index.module.apply.resourcesUnion.entity.ResourcesUnion#3151], EntityKey[j.index.module.apply.resourcesUnion.entity.ResourcesUnion#3154], EntityKey[j.index.module.apply.resourcesUnion.entity.ResourcesUnion#3153], EntityKey[j.index.module.apply.resourcesUnion.entity.ResourcesUnion#3156], EntityKey[j.index.module.apply.resourcesUnion.entity.ResourcesUnion#3155], EntityKey[j.index.module.apply.resourcesUnion.entity.ResourcesUnion#3158], EntityKey[j.index.module.apply.resourcesUnion.entity.ResourcesUnion#3157], EntityKey[j.index.module.apply.resourcesUnion.entity.ResourcesUnion#3160], EntityKey[j.index.module.apply.resourcesUnion.entity.ResourcesUnion#3159], EntityKey[j.index.module.apply.resourcesUnion.entity.ResourcesUnion#3162], EntityKey[j.index.module.apply.resourcesUnion.entity.ResourcesUnion#3161], EntityKey[j.index.module.apply.resourcesUnion.entity.ResourcesUnion#3137], EntityKey[j.index.module.apply.resourcesUnion.entity.ResourcesUnion#3138], EntityKey[j.index.module.apply.resourcesUnion.entity.ResourcesUnion#3135], EntityKey[j.index.module.apply.resourcesUnion.entity.ResourcesUnion#3136], EntityKey[j.index.module.apply.resourcesUnion.entity.ResourcesUnion#3133], EntityKey[j.index.module.apply.resourcesUnion.entity.ResourcesUnion#3134], EntityKey[j.index.module.apply.resourcesUnion.entity.ResourcesUnion#3131], EntityKey[j.index.module.apply.resourcesUnion.entity.ResourcesUnion#3132], EntityKey[j.index.module.apply.resourcesUnion.entity.ResourcesUnion#3145], EntityKey[j.index.module.apply.resourcesUnion.entity.ResourcesUnion#3146], EntityKey[j.index.module.apply.resourcesUnion.entity.ResourcesUnion#3143], EntityKey[j.index.module.apply.resourcesUnion.entity.ResourcesUnion#3144], EntityKey[j.index.module.apply.resourcesUnion.entity.ResourcesUnion#3141], EntityKey[j.index.module.apply.resourcesUnion.entity.ResourcesUnion#3142], EntityKey[j.index.module.apply.resourcesUnion.entity.ResourcesUnion#3139], EntityKey[j.index.module.apply.resourcesUnion.entity.ResourcesUnion#3140], EntityKey[j.index.module.apply.resourcesUnion.entity.ResourcesUnion#3122], EntityKey[j.index.module.apply.resourcesUnion.entity.ResourcesUnion#3121], EntityKey[j.index.module.apply.resourcesUnion.entity.ResourcesUnion#3120], EntityKey[j.index.module.apply.resourcesUnion.entity.ResourcesUnion#3119], EntityKey[j.index.module.apply.resourcesUnion.entity.ResourcesUnion#3118], EntityKey[j.index.module.apply.resourcesUnion.entity.ResourcesUnion#3117], EntityKey[j.index.module.apply.resourcesUnion.entity.ResourcesUnion#3116], EntityKey[j.index.module.apply.resourcesUnion.entity.ResourcesUnion#3115], EntityKey[j.index.module.apply.resourcesUnion.entity.ResourcesUnion#3130], EntityKey[j.index.module.apply.resourcesUnion.entity.ResourcesUnion#3129], EntityKey[j.index.module.apply.resourcesUnion.entity.ResourcesUnion#3128], EntityKey[j.index.module.apply.resourcesUnion.entity.ResourcesUnion#3127], EntityKey[j.index.module.apply.resourcesUnion.entity.ResourcesUnion#3126], EntityKey[j.index.module.apply.resourcesUnion.entity.ResourcesUnion#3125], EntityKey[j.index.module.apply.resourcesUnion.entity.ResourcesUnion#3124], EntityKey[j.index.module.apply.resourcesUnion.entity.ResourcesUnion#3123], EntityKey[j.index.module.apply.resourcesUnion.entity.ResourcesUnion#3103], EntityKey[j.index.module.apply.resourcesUnion.entity.ResourcesUnion#3104], EntityKey[j.index.module.apply.resourcesUnion.entity.ResourcesUnion#3105], EntityKey[j.index.module.apply.resourcesUnion.entity.ResourcesUnion#3106], EntityKey[j.index.module.apply.resourcesUnion.entity.ResourcesUnion#3099], EntityKey[j.index.module.apply.resourcesUnion.entity.ResourcesUnion#3100], EntityKey[j.index.module.apply.resourcesUnion.entity.ResourcesUnion#3101], EntityKey[j.index.module.apply.resourcesUnion.entity.ResourcesUnion#3102], EntityKey[j.index.module.apply.resourcesUnion.entity.ResourcesUnion#3111], EntityKey[j.index.module.apply.resourcesUnion.entity.ResourcesUnion#3112], EntityKey[j.index.module.apply.resourcesUnion.entity.ResourcesUnion#3113], EntityKey[j.index.module.apply.resourcesUnion.entity.ResourcesUnion#3114], EntityKey[j.index.module.apply.resourcesUnion.entity.ResourcesUnion#3107], EntityKey[j.index.module.apply.resourcesUnion.entity.ResourcesUnion#3108], EntityKey[j.index.module.apply.resourcesUnion.entity.ResourcesUnion#3109], EntityKey[j.index.module.apply.resourcesUnion.entity.ResourcesUnion#3110], EntityKey[j.index.module.apply.resourcesUnion.entity.ResourcesUnion#3088], EntityKey[j.index.module.apply.resourcesUnion.entity.ResourcesUnion#3087], EntityKey[j.index.module.apply.resourcesUnion.entity.ResourcesUnion#3090], EntityKey[j.index.module.apply.resourcesUnion.entity.ResourcesUnion#3089], EntityKey[j.index.module.apply.resourcesUnion.entity.ResourcesUnion#3084], EntityKey[j.index.module.apply.resourcesUnion.entity.ResourcesUnion#3083], EntityKey[j.index.module.apply.resourcesUnion.entity.ResourcesUnion#3086], EntityKey[j.index.module.apply.resourcesUnion.entity.ResourcesUnion#3085], EntityKey[j.index.module.apply.resourcesUnion.entity.ResourcesUnion#3096], EntityKey[j.index.module.apply.resourcesUnion.entity.ResourcesUnion#3095], EntityKey[j.index.module.apply.resourcesUnion.entity.ResourcesUnion#3098], EntityKey[j.index.module.apply.resourcesUnion.entity.ResourcesUnion#3097], EntityKey[j.index.module.apply.resourcesUnion.entity.ResourcesUnion#3092], EntityKey[j.index.module.apply.resourcesUnion.entity.ResourcesUnion#3091], EntityKey[j.index.module.apply.resourcesUnion.entity.ResourcesUnion#3094], EntityKey[j.index.module.apply.resourcesUnion.entity.ResourcesUnion#3093], EntityKey[j.index.module.apply.resourcesUnion.entity.ResourcesUnion#3078], EntityKey[j.index.module.apply.resourcesUnion.entity.ResourcesUnion#3077], EntityKey[j.index.module.apply.resourcesUnion.entity.ResourcesUnion#3076], EntityKey[j.index.module.apply.resourcesUnion.entity.ResourcesUnion#3075], EntityKey[j.index.module.apply.resourcesUnion.entity.ResourcesUnion#3082], EntityKey[j.index.module.apply.resourcesUnion.entity.ResourcesUnion#3081], EntityKey[j.index.module.apply.resourcesUnion.entity.ResourcesUnion#3080], EntityKey[j.index.module.apply.resourcesUnion.entity.ResourcesUnion#3079], EntityKey[j.index.module.apply.resourcesUnion.entity.ResourcesUnion#3070], EntityKey[j.index.module.apply.resourcesUnion.entity.ResourcesUnion#3069], EntityKey[j.index.module.apply.resourcesUnion.entity.ResourcesUnion#3068], EntityKey[j.index.module.apply.resourcesUnion.entity.ResourcesUnion#3067], EntityKey[j.index.module.apply.resourcesUnion.entity.ResourcesUnion#3074], EntityKey[j.index.module.apply.resourcesUnion.entity.ResourcesUnion#3073], EntityKey[j.index.module.apply.resourcesUnion.entity.ResourcesUnion#3072], EntityKey[j.index.module.apply.resourcesUnion.entity.ResourcesUnion#3071], EntityKey[j.index.module.apply.resourcesUnion.entity.ResourcesUnion#3061], EntityKey[j.index.module.apply.resourcesUnion.entity.ResourcesUnion#3062], EntityKey[j.index.module.apply.resourcesUnion.entity.ResourcesUnion#3059], EntityKey[j.index.module.apply.resourcesUnion.entity.ResourcesUnion#3060], EntityKey[j.index.module.apply.resourcesUnion.entity.ResourcesUnion#3065], EntityKey[j.index.module.apply.resourcesUnion.entity.ResourcesUnion#3066], EntityKey[j.index.module.apply.resourcesUnion.entity.ResourcesUnion#3063], EntityKey[j.index.module.apply.resourcesUnion.entity.ResourcesUnion#3064], EntityKey[j.index.module.apply.resourcesUnion.entity.ResourcesUnion#3053], EntityKey[j.index.module.apply.resourcesUnion.entity.ResourcesUnion#3054], EntityKey[j.index.module.apply.resourcesUnion.entity.ResourcesUnion#3051], EntityKey[j.index.module.apply.resourcesUnion.entity.ResourcesUnion#3052], EntityKey[j.index.module.apply.resourcesUnion.entity.ResourcesUnion#3057], EntityKey[j.index.module.apply.resourcesUnion.entity.ResourcesUnion#3058], EntityKey[j.index.module.apply.resourcesUnion.entity.ResourcesUnion#3055], EntityKey[j.index.module.apply.resourcesUnion.entity.ResourcesUnion#3056], EntityKey[j.index.module.apply.resourcesUnion.entity.ResourcesUnion#3044], EntityKey[j.index.module.apply.resourcesUnion.entity.ResourcesUnion#3043], EntityKey[j.index.module.apply.resourcesUnion.entity.ResourcesUnion#3046], EntityKey[j.index.module.apply.resourcesUnion.entity.ResourcesUnion#3045], EntityKey[j.index.module.apply.resourcesUnion.entity.ResourcesUnion#3048], EntityKey[j.index.module.apply.resourcesUnion.entity.ResourcesUnion#3047], EntityKey[j.index.module.apply.resourcesUnion.entity.ResourcesUnion#3050], EntityKey[j.index.module.apply.resourcesUnion.entity.ResourcesUnion#3049], EntityKey[j.index.module.apply.resourcesUnion.entity.ResourcesUnion#3036], EntityKey[j.index.module.apply.resourcesUnion.entity.ResourcesUnion#3035], EntityKey[j.index.module.apply.resourcesUnion.entity.ResourcesUnion#3038], EntityKey[j.index.module.apply.resourcesUnion.entity.ResourcesUnion#3037], EntityKey[j.index.module.apply.resourcesUnion.entity.ResourcesUnion#3040], EntityKey[j.index.module.apply.resourcesUnion.entity.ResourcesUnion#3039], EntityKey[j.index.module.apply.resourcesUnion.entity.ResourcesUnion#3042], EntityKey[j.index.module.apply.resourcesUnion.entity.ResourcesUnion#3041], EntityKey[j.index.module.apply.resourcesUnion.entity.ResourcesUnion#3027], EntityKey[j.index.module.apply.resourcesUnion.entity.ResourcesUnion#3028], EntityKey[j.index.module.apply.resourcesUnion.entity.ResourcesUnion#3029], EntityKey[j.index.module.apply.resourcesUnion.entity.ResourcesUnion#3030], EntityKey[j.index.module.apply.resourcesUnion.entity.ResourcesUnion#3031], EntityKey[j.index.module.apply.resourcesUnion.entity.ResourcesUnion#3032], EntityKey[j.index.module.apply.resourcesUnion.entity.ResourcesUnion#3033], EntityKey[j.index.module.apply.resourcesUnion.entity.ResourcesUnion#3034], EntityKey[j.index.module.apply.resourcesUnion.entity.ResourcesUnion#3019], EntityKey[j.index.module.apply.resourcesUnion.entity.ResourcesUnion#3020], EntityKey[j.index.module.apply.resourcesUnion.entity.ResourcesUnion#3021], EntityKey[j.index.module.apply.resourcesUnion.entity.ResourcesUnion#3022], EntityKey[j.index.module.apply.resourcesUnion.entity.ResourcesUnion#3023], EntityKey[j.index.module.apply.resourcesUnion.entity.ResourcesUnion#3024], EntityKey[j.index.module.apply.resourcesUnion.entity.ResourcesUnion#3025], EntityKey[j.index.module.apply.resourcesUnion.entity.ResourcesUnion#3026], EntityKey[j.index.module.apply.resourcesUnion.entity.ResourcesUnion#3018], EntityKey[j.index.module.apply.resourcesUnion.entity.ResourcesUnion#3017], EntityKey[j.index.module.apply.resourcesUnion.entity.ResourcesUnion#3016], EntityKey[j.index.module.apply.resourcesUnion.entity.ResourcesUnion#3015], EntityKey[j.index.module.apply.resourcesUnion.entity.ResourcesUnion#3014], EntityKey[j.index.module.apply.resourcesUnion.entity.ResourcesUnion#3013], EntityKey[j.index.module.apply.resourcesUnion.entity.ResourcesUnion#3012], EntityKey[j.index.module.apply.resourcesUnion.entity.ResourcesUnion#3011], EntityKey[j.index.module.apply.resourcesUnion.entity.ResourcesUnion#3010], EntityKey[j.index.module.apply.resourcesUnion.entity.ResourcesUnion#3009], EntityKey[j.index.module.apply.resourcesUnion.entity.ResourcesUnion#3008], EntityKey[j.index.module.apply.resourcesUnion.entity.ResourcesUnion#3007], EntityKey[j.index.module.apply.resourcesUnion.entity.ResourcesUnion#3006], EntityKey[j.index.module.apply.resourcesUnion.entity.ResourcesUnion#3005], EntityKey[j.index.module.apply.resourcesUnion.entity.ResourcesUnion#3004], EntityKey[j.index.module.apply.resourcesUnion.entity.ResourcesUnion#3003], EntityKey[j.index.module.apply.resourcesUnion.entity.ResourcesUnion#3001], EntityKey[j.index.module.apply.resourcesUnion.entity.ResourcesUnion#3002], EntityKey[j.index.module.apply.resourcesUnion.entity.ResourcesUnion#2999], EntityKey[j.index.module.apply.resourcesUnion.entity.ResourcesUnion#3000], EntityKey[j.index.module.apply.resourcesUnion.entity.ResourcesUnion#2997], EntityKey[j.index.module.apply.resourcesUnion.entity.ResourcesUnion#2998], EntityKey[j.index.module.apply.resourcesUnion.entity.ResourcesUnion#2995], EntityKey[j.index.module.apply.resourcesUnion.entity.ResourcesUnion#2996], EntityKey[j.index.module.apply.resourcesUnion.entity.ResourcesUnion#2993], EntityKey[j.index.module.apply.resourcesUnion.entity.ResourcesUnion#2994], EntityKey[j.index.module.apply.resourcesUnion.entity.ResourcesUnion#2991], EntityKey[j.index.module.apply.resourcesUnion.entity.ResourcesUnion#2992], EntityKey[j.index.module.apply.resourcesUnion.entity.ResourcesUnion#2989], EntityKey[j.index.module.apply.resourcesUnion.entity.ResourcesUnion#2990], EntityKey[j.index.module.apply.resourcesUnion.entity.ResourcesUnion#2987], EntityKey[j.index.module.apply.resourcesUnion.entity.ResourcesUnion#2988], EntityKey[j.index.module.apply.resourcesUnion.entity.ResourcesUnion#2984], EntityKey[j.index.module.apply.resourcesUnion.entity.ResourcesUnion#2983], EntityKey[j.index.module.apply.resourcesUnion.entity.ResourcesUnion#2986], EntityKey[j.index.module.apply.resourcesUnion.entity.ResourcesUnion#2985], EntityKey[j.index.module.apply.resourcesUnion.entity.ResourcesUnion#2980], EntityKey[j.index.module.apply.resourcesUnion.entity.ResourcesUnion#2979], EntityKey[j.index.module.apply.resourcesUnion.entity.ResourcesUnion#2982], EntityKey[j.index.module.apply.resourcesUnion.entity.ResourcesUnion#2981], EntityKey[j.index.module.apply.resourcesUnion.entity.ResourcesUnion#2976], EntityKey[j.index.module.apply.resourcesUnion.entity.ResourcesUnion#2975], EntityKey[j.index.module.apply.resourcesUnion.entity.ResourcesUnion#2978], EntityKey[j.index.module.apply.resourcesUnion.entity.ResourcesUnion#2977], EntityKey[j.index.module.apply.resourcesUnion.entity.ResourcesUnion#2972], EntityKey[j.index.module.apply.resourcesUnion.entity.ResourcesUnion#2971], EntityKey[j.index.module.apply.resourcesUnion.entity.ResourcesUnion#2974], EntityKey[j.index.module.apply.resourcesUnion.entity.ResourcesUnion#2973], EntityKey[j.index.module.apply.resourcesUnion.entity.ResourcesUnion#2967], EntityKey[j.index.module.apply.resourcesUnion.entity.ResourcesUnion#2968], EntityKey[j.index.module.apply.resourcesUnion.entity.ResourcesUnion#2969], EntityKey[j.index.module.apply.resourcesUnion.entity.ResourcesUnion#2970], EntityKey[j.index.module.apply.resourcesUnion.entity.ResourcesUnion#2963], EntityKey[j.index.module.apply.resourcesUnion.entity.ResourcesUnion#2964], EntityKey[j.index.module.apply.resourcesUnion.entity.ResourcesUnion#2965], EntityKey[j.index.module.apply.resourcesUnion.entity.ResourcesUnion#2966], EntityKey[j.index.module.apply.resourcesUnion.entity.ResourcesUnion#2959], EntityKey[j.index.module.apply.resourcesUnion.entity.ResourcesUnion#2960], EntityKey[j.index.module.apply.resourcesUnion.entity.ResourcesUnion#2961], EntityKey[j.index.module.apply.resourcesUnion.entity.ResourcesUnion#2962], EntityKey[j.index.module.apply.resourcesUnion.entity.ResourcesUnion#2955], EntityKey[j.index.module.apply.resourcesUnion.entity.ResourcesUnion#2956], EntityKey[j.index.module.apply.resourcesUnion.entity.ResourcesUnion#2957], EntityKey[j.index.module.apply.resourcesUnion.entity.ResourcesUnion#2958], EntityKey[j.index.module.apply.resourcesUnion.entity.ResourcesUnion#3436], EntityKey[j.index.module.apply.resourcesUnion.entity.ResourcesUnion#3435], EntityKey[j.index.module.apply.resourcesUnion.entity.ResourcesUnion#3438], EntityKey[j.index.module.apply.resourcesUnion.entity.ResourcesUnion#3437], EntityKey[j.index.module.apply.resourcesUnion.entity.ResourcesUnion#3440], EntityKey[j.index.module.apply.resourcesUnion.entity.ResourcesUnion#3439], EntityKey[j.index.module.apply.resourcesUnion.entity.ResourcesUnion#3442], EntityKey[j.index.module.apply.resourcesUnion.entity.ResourcesUnion#3441], EntityKey[j.index.module.apply.resourcesUnion.entity.ResourcesUnion#3444], EntityKey[j.index.module.apply.resourcesUnion.entity.ResourcesUnion#3443], EntityKey[j.index.module.apply.resourcesUnion.entity.ResourcesUnion#3446], EntityKey[j.index.module.apply.resourcesUnion.entity.ResourcesUnion#3445], EntityKey[j.index.module.apply.resourcesUnion.entity.ResourcesUnion#3448], EntityKey[j.index.module.apply.resourcesUnion.entity.ResourcesUnion#3447], EntityKey[j.index.module.apply.resourcesUnion.entity.ResourcesUnion#3450], EntityKey[j.index.module.apply.resourcesUnion.entity.ResourcesUnion#3449], EntityKey[j.index.module.apply.resourcesUnion.entity.ResourcesUnion#3451], EntityKey[j.index.module.apply.resourcesUnion.entity.ResourcesUnion#3452], EntityKey[j.index.module.apply.resourcesUnion.entity.ResourcesUnion#3453], EntityKey[j.index.module.apply.resourcesUnion.entity.ResourcesUnion#3454], EntityKey[j.index.module.apply.resourcesUnion.entity.ResourcesUnion#3455], EntityKey[j.index.module.apply.resourcesUnion.entity.ResourcesUnion#3456], EntityKey[j.index.module.apply.resourcesUnion.entity.ResourcesUnion#3457], EntityKey[j.index.module.apply.resourcesUnion.entity.ResourcesUnion#3458], EntityKey[j.index.module.apply.resourcesUnion.entity.ResourcesUnion#3459], EntityKey[j.index.module.apply.resourcesUnion.entity.ResourcesUnion#3460], EntityKey[j.index.module.apply.resourcesUnion.entity.ResourcesUnion#3461], EntityKey[j.index.module.apply.resourcesUnion.entity.ResourcesUnion#3462], EntityKey[j.index.module.apply.resourcesUnion.entity.ResourcesUnion#3463], EntityKey[j.index.module.apply.resourcesUnion.entity.ResourcesUnion#3464], EntityKey[j.index.module.apply.resourcesUnion.entity.ResourcesUnion#3465], EntityKey[j.index.module.apply.resourcesUnion.entity.ResourcesUnion#3466], EntityKey[j.index.module.apply.resourcesUnion.entity.ResourcesUnion#3406], EntityKey[j.index.module.apply.resourcesUnion.entity.ResourcesUnion#3405], EntityKey[j.index.module.apply.resourcesUnion.entity.ResourcesUnion#3404], EntityKey[j.index.module.apply.resourcesUnion.entity.ResourcesUnion#3403], EntityKey[j.index.module.apply.resourcesUnion.entity.ResourcesUnion#3410], EntityKey[j.index.module.apply.resourcesUnion.entity.ResourcesUnion#3409], EntityKey[j.index.module.apply.resourcesUnion.entity.ResourcesUnion#3408], EntityKey[j.index.module.apply.resourcesUnion.entity.ResourcesUnion#3407], EntityKey[j.index.module.apply.resourcesUnion.entity.ResourcesUnion#3414], EntityKey[j.index.module.apply.resourcesUnion.entity.ResourcesUnion#3413], EntityKey[j.index.module.apply.resourcesUnion.entity.ResourcesUnion#3412], EntityKey[j.index.module.apply.resourcesUnion.entity.ResourcesUnion#3411], EntityKey[j.index.module.apply.resourcesUnion.entity.ResourcesUnion#3418], EntityKey[j.index.module.apply.resourcesUnion.entity.ResourcesUnion#3417], EntityKey[j.index.module.apply.resourcesUnion.entity.ResourcesUnion#3416], EntityKey[j.index.module.apply.resourcesUnion.entity.ResourcesUnion#3415], EntityKey[j.index.module.apply.resourcesUnion.entity.ResourcesUnion#3421], EntityKey[j.index.module.apply.resourcesUnion.entity.ResourcesUnion#3422], EntityKey[j.index.module.apply.resourcesUnion.entity.ResourcesUnion#3419], EntityKey[j.index.module.apply.resourcesUnion.entity.ResourcesUnion#3420], EntityKey[j.index.module.apply.resourcesUnion.entity.ResourcesUnion#3425], EntityKey[j.index.module.apply.resourcesUnion.entity.ResourcesUnion#3426], EntityKey[j.index.module.apply.resourcesUnion.entity.ResourcesUnion#3423], EntityKey[j.index.module.apply.resourcesUnion.entity.ResourcesUnion#3424], EntityKey[j.index.module.apply.resourcesUnion.entity.ResourcesUnion#3429], EntityKey[j.index.module.apply.resourcesUnion.entity.ResourcesUnion#3430], EntityKey[j.index.module.apply.resourcesUnion.entity.ResourcesUnion#3427], EntityKey[j.index.module.apply.resourcesUnion.entity.ResourcesUnion#3428], EntityKey[j.index.module.apply.resourcesUnion.entity.ResourcesUnion#3433], EntityKey[j.index.module.apply.resourcesUnion.entity.ResourcesUnion#3434], EntityKey[j.index.module.apply.resourcesUnion.entity.ResourcesUnion#3431], EntityKey[j.index.module.apply.resourcesUnion.entity.ResourcesUnion#3432], EntityKey[j.index.module.apply.resourcesUnion.entity.ResourcesUnion#3376], EntityKey[j.index.module.apply.resourcesUnion.entity.ResourcesUnion#3375], EntityKey[j.index.module.apply.resourcesUnion.entity.ResourcesUnion#3378], EntityKey[j.index.module.apply.resourcesUnion.entity.ResourcesUnion#3377], EntityKey[j.index.module.apply.resourcesUnion.entity.ResourcesUnion#3372], EntityKey[j.index.module.apply.resourcesUnion.entity.ResourcesUnion#3371], EntityKey[j.index.module.apply.resourcesUnion.entity.ResourcesUnion#3374], EntityKey[j.index.module.apply.resourcesUnion.entity.ResourcesUnion#3373], EntityKey[j.index.module.apply.resourcesUnion.entity.ResourcesUnion#3384], EntityKey[j.index.module.apply.resourcesUnion.entity.ResourcesUnion#3383], EntityKey[j.index.module.apply.resourcesUnion.entity.ResourcesUnion#3386], EntityKey[j.index.module.apply.resourcesUnion.entity.ResourcesUnion#3385], EntityKey[j.index.module.apply.resourcesUnion.entity.ResourcesUnion#3380], EntityKey[j.index.module.apply.resourcesUnion.entity.ResourcesUnion#3379], EntityKey[j.index.module.apply.resourcesUnion.entity.ResourcesUnion#3382], EntityKey[j.index.module.apply.resourcesUnion.entity.ResourcesUnion#3381], EntityKey[j.index.module.apply.resourcesUnion.entity.ResourcesUnion#3391], EntityKey[j.index.module.apply.resourcesUnion.entity.ResourcesUnion#3392], EntityKey[j.index.module.apply.resourcesUnion.entity.ResourcesUnion#3393], EntityKey[j.index.module.apply.resourcesUnion.entity.ResourcesUnion#3394], EntityKey[j.index.module.apply.resourcesUnion.entity.ResourcesUnion#3387], EntityKey[j.index.module.apply.resourcesUnion.entity.ResourcesUnion#3388], EntityKey[j.index.module.apply.resourcesUnion.entity.ResourcesUnion#3389], EntityKey[j.index.module.apply.resourcesUnion.entity.ResourcesUnion#3390], EntityKey[j.index.module.apply.resourcesUnion.entity.ResourcesUnion#3399], EntityKey[j.index.module.apply.resourcesUnion.entity.ResourcesUnion#3400], EntityKey[j.index.module.apply.resourcesUnion.entity.ResourcesUnion#3401], EntityKey[j.index.module.apply.resourcesUnion.entity.ResourcesUnion#3402], EntityKey[j.index.module.apply.resourcesUnion.entity.ResourcesUnion#3395], EntityKey[j.index.module.apply.resourcesUnion.entity.ResourcesUnion#3396], EntityKey[j.index.module.apply.resourcesUnion.entity.ResourcesUnion#3397], EntityKey[j.index.module.apply.resourcesUnion.entity.ResourcesUnion#3398], EntityKey[j.index.module.apply.resourcesUnion.entity.ResourcesUnion#3346], EntityKey[j.index.module.apply.resourcesUnion.entity.ResourcesUnion#3345], EntityKey[j.index.module.apply.resourcesUnion.entity.ResourcesUnion#3344], EntityKey[j.index.module.apply.resourcesUnion.entity.ResourcesUnion#3343], EntityKey[j.index.module.apply.resourcesUnion.entity.ResourcesUnion#3342], EntityKey[j.index.module.apply.resourcesUnion.entity.ResourcesUnion#3341], EntityKey[j.index.module.apply.resourcesUnion.entity.ResourcesUnion#3340], EntityKey[j.index.module.apply.resourcesUnion.entity.ResourcesUnion#3339], EntityKey[j.index.module.apply.resourcesUnion.entity.ResourcesUnion#3354], EntityKey[j.index.module.apply.resourcesUnion.entity.ResourcesUnion#3353], EntityKey[j.index.module.apply.resourcesUnion.entity.ResourcesUnion#3352], EntityKey[j.index.module.apply.resourcesUnion.entity.ResourcesUnion#3351], EntityKey[j.index.module.apply.resourcesUnion.entity.ResourcesUnion#3350], EntityKey[j.index.module.apply.resourcesUnion.entity.ResourcesUnion#3349], EntityKey[j.index.module.apply.resourcesUnion.entity.ResourcesUnion#3348], EntityKey[j.index.module.apply.resourcesUnion.entity.ResourcesUnion#3347], EntityKey[j.index.module.apply.resourcesUnion.entity.ResourcesUnion#3361], EntityKey[j.index.module.apply.resourcesUnion.entity.ResourcesUnion#3362], EntityKey[j.index.module.apply.resourcesUnion.entity.ResourcesUnion#3359], EntityKey[j.index.module.apply.resourcesUnion.entity.ResourcesUnion#3360], EntityKey[j.index.module.apply.resourcesUnion.entity.ResourcesUnion#3357], EntityKey[j.index.module.apply.resourcesUnion.entity.ResourcesUnion#3358], EntityKey[j.index.module.apply.resourcesUnion.entity.ResourcesUnion#3355], EntityKey[j.index.module.apply.resourcesUnion.entity.ResourcesUnion#3356], EntityKey[j.index.module.apply.resourcesUnion.entity.ResourcesUnion#3369], EntityKey[j.index.module.apply.resourcesUnion.entity.ResourcesUnion#3370], EntityKey[j.index.module.apply.resourcesUnion.entity.ResourcesUnion#3367], EntityKey[j.index.module.apply.resourcesUnion.entity.ResourcesUnion#3368], EntityKey[j.index.module.apply.resourcesUnion.entity.ResourcesUnion#3365], EntityKey[j.index.module.apply.resourcesUnion.entity.ResourcesUnion#3366], EntityKey[j.index.module.apply.resourcesUnion.entity.ResourcesUnion#3363], EntityKey[j.index.module.apply.resourcesUnion.entity.ResourcesUnion#3364], EntityKey[j.index.module.apply.resourcesUnion.entity.ResourcesUnion#3315], EntityKey[j.index.module.apply.resourcesUnion.entity.ResourcesUnion#3316], EntityKey[j.index.module.apply.resourcesUnion.entity.ResourcesUnion#3317], EntityKey[j.index.module.apply.resourcesUnion.entity.ResourcesUnion#3318], EntityKey[j.index.module.apply.resourcesUnion.entity.ResourcesUnion#3319], EntityKey[j.index.module.apply.resourcesUnion.entity.ResourcesUnion#3320], EntityKey[j.index.module.apply.resourcesUnion.entity.ResourcesUnion#3321], EntityKey[j.index.module.apply.resourcesUnion.entity.ResourcesUnion#3322], EntityKey[j.index.module.apply.resourcesUnion.entity.ResourcesUnion#3307], EntityKey[j.index.module.apply.resourcesUnion.entity.ResourcesUnion#3308], EntityKey[j.index.module.apply.resourcesUnion.entity.ResourcesUnion#3309], EntityKey[j.index.module.apply.resourcesUnion.entity.ResourcesUnion#3310], EntityKey[j.index.module.apply.resourcesUnion.entity.ResourcesUnion#3311], EntityKey[j.index.module.apply.resourcesUnion.entity.ResourcesUnion#3312], EntityKey[j.index.module.apply.resourcesUnion.entity.ResourcesUnion#3313], EntityKey[j.index.module.apply.resourcesUnion.entity.ResourcesUnion#3314], EntityKey[j.index.module.apply.resourcesUnion.entity.ResourcesUnion#3332], EntityKey[j.index.module.apply.resourcesUnion.entity.ResourcesUnion#3331], EntityKey[j.index.module.apply.resourcesUnion.entity.ResourcesUnion#3334], EntityKey[j.index.module.apply.resourcesUnion.entity.ResourcesUnion#3333], EntityKey[j.index.module.apply.resourcesUnion.entity.ResourcesUnion#3336], EntityKey[j.index.module.apply.resourcesUnion.entity.ResourcesUnion#3335], EntityKey[j.index.module.apply.resourcesUnion.entity.ResourcesUnion#3338], EntityKey[j.index.module.apply.resourcesUnion.entity.ResourcesUnion#3337], EntityKey[j.index.module.apply.resourcesUnion.entity.ResourcesUnion#3324], EntityKey[j.index.module.apply.resourcesUnion.entity.ResourcesUnion#3323], EntityKey[j.index.module.apply.resourcesUnion.entity.ResourcesUnion#3326], EntityKey[j.index.module.apply.resourcesUnion.entity.ResourcesUnion#3325], EntityKey[j.index.module.apply.resourcesUnion.entity.ResourcesUnion#3328], EntityKey[j.index.module.apply.resourcesUnion.entity.ResourcesUnion#3327], EntityKey[j.index.module.apply.resourcesUnion.entity.ResourcesUnion#3330], EntityKey[j.index.module.apply.resourcesUnion.entity.ResourcesUnion#3329], EntityKey[j.index.module.apply.resourcesUnion.entity.ResourcesUnion#3285], EntityKey[j.index.module.apply.resourcesUnion.entity.ResourcesUnion#3286], EntityKey[j.index.module.apply.resourcesUnion.entity.ResourcesUnion#3283], EntityKey[j.index.module.apply.resourcesUnion.entity.ResourcesUnion#3284], EntityKey[j.index.module.apply.resourcesUnion.entity.ResourcesUnion#3289], EntityKey[j.index.module.apply.resourcesUnion.entity.ResourcesUnion#3290], EntityKey[j.index.module.apply.resourcesUnion.entity.ResourcesUnion#3287], EntityKey[j.index.module.apply.resourcesUnion.entity.ResourcesUnion#3288], EntityKey[j.index.module.apply.resourcesUnion.entity.ResourcesUnion#3277], EntityKey[j.index.module.apply.resourcesUnion.entity.ResourcesUnion#3278], EntityKey[j.index.module.apply.resourcesUnion.entity.ResourcesUnion#3275], EntityKey[j.index.module.apply.resourcesUnion.entity.ResourcesUnion#3276], EntityKey[j.index.module.apply.resourcesUnion.entity.ResourcesUnion#3281], EntityKey[j.index.module.apply.resourcesUnion.entity.ResourcesUnion#3282], EntityKey[j.index.module.apply.resourcesUnion.entity.ResourcesUnion#3279], EntityKey[j.index.module.apply.resourcesUnion.entity.ResourcesUnion#3280], EntityKey[j.index.module.apply.resourcesUnion.entity.ResourcesUnion#3302], EntityKey[j.index.module.apply.resourcesUnion.entity.ResourcesUnion#3301], EntityKey[j.index.module.apply.resourcesUnion.entity.ResourcesUnion#3300], EntityKey[j.index.module.apply.resourcesUnion.entity.ResourcesUnion#3299], EntityKey[j.index.module.apply.resourcesUnion.entity.ResourcesUnion#3306], EntityKey[j.index.module.apply.resourcesUnion.entity.ResourcesUnion#3305], EntityKey[j.index.module.apply.resourcesUnion.entity.ResourcesUnion#3304], EntityKey[j.index.module.apply.resourcesUnion.entity.ResourcesUnion#3303], EntityKey[j.index.module.apply.resourcesUnion.entity.ResourcesUnion#3294], EntityKey[j.index.module.apply.resourcesUnion.entity.ResourcesUnion#3293], EntityKey[j.index.module.apply.resourcesUnion.entity.ResourcesUnion#3292], EntityKey[j.index.module.apply.resourcesUnion.entity.ResourcesUnion#3291], EntityKey[j.index.module.apply.resourcesUnion.entity.ResourcesUnion#3298], EntityKey[j.index.module.apply.resourcesUnion.entity.ResourcesUnion#3297], EntityKey[j.index.module.apply.resourcesUnion.entity.ResourcesUnion#3296], EntityKey[j.index.module.apply.resourcesUnion.entity.ResourcesUnion#3295], EntityKey[j.index.module.apply.resourcesUnion.entity.ResourcesUnion#3255], EntityKey[j.index.module.apply.resourcesUnion.entity.ResourcesUnion#3256], EntityKey[j.index.module.apply.resourcesUnion.entity.ResourcesUnion#3257], EntityKey[j.index.module.apply.resourcesUnion.entity.ResourcesUnion#3258], EntityKey[j.index.module.apply.resourcesUnion.entity.ResourcesUnion#3251], EntityKey[j.index.module.apply.resourcesUnion.entity.ResourcesUnion#3252], EntityKey[j.index.module.apply.resourcesUnion.entity.ResourcesUnion#3253], EntityKey[j.index.module.apply.resourcesUnion.entity.ResourcesUnion#3254], EntityKey[j.index.module.apply.resourcesUnion.entity.ResourcesUnion#3247], EntityKey[j.index.module.apply.resourcesUnion.entity.ResourcesUnion#3248], EntityKey[j.index.module.apply.resourcesUnion.entity.ResourcesUnion#3249], EntityKey[j.index.module.apply.resourcesUnion.entity.ResourcesUnion#3250], EntityKey[j.index.module.apply.resourcesUnion.entity.ResourcesUnion#3243], EntityKey[j.index.module.apply.resourcesUnion.entity.ResourcesUnion#3244], EntityKey[j.index.module.apply.resourcesUnion.entity.ResourcesUnion#3245], EntityKey[j.index.module.apply.resourcesUnion.entity.ResourcesUnion#3246], EntityKey[j.index.module.apply.resourcesUnion.entity.ResourcesUnion#3272], EntityKey[j.index.module.apply.resourcesUnion.entity.ResourcesUnion#3271], EntityKey[j.index.module.apply.resourcesUnion.entity.ResourcesUnion#3274], EntityKey[j.index.module.apply.resourcesUnion.entity.ResourcesUnion#3273], EntityKey[j.index.module.apply.resourcesUnion.entity.ResourcesUnion#3268], EntityKey[j.index.module.apply.resourcesUnion.entity.ResourcesUnion#3267], EntityKey[j.index.module.apply.resourcesUnion.entity.ResourcesUnion#3270], EntityKey[j.index.module.apply.resourcesUnion.entity.ResourcesUnion#3269], EntityKey[j.index.module.apply.resourcesUnion.entity.ResourcesUnion#3264], EntityKey[j.index.module.apply.resourcesUnion.entity.ResourcesUnion#3263], EntityKey[j.index.module.apply.resourcesUnion.entity.ResourcesUnion#3266], EntityKey[j.index.module.apply.resourcesUnion.entity.ResourcesUnion#3265], EntityKey[j.index.module.apply.resourcesUnion.entity.ResourcesUnion#3260], EntityKey[j.index.module.apply.resourcesUnion.entity.ResourcesUnion#3259], EntityKey[j.index.module.apply.resourcesUnion.entity.ResourcesUnion#3262], EntityKey[j.index.module.apply.resourcesUnion.entity.ResourcesUnion#3261], EntityKey[j.index.module.apply.resourcesUnion.entity.ResourcesUnion#3225], EntityKey[j.index.module.apply.resourcesUnion.entity.ResourcesUnion#3226], EntityKey[j.index.module.apply.resourcesUnion.entity.ResourcesUnion#3223], EntityKey[j.index.module.apply.resourcesUnion.entity.ResourcesUnion#3224], EntityKey[j.index.module.apply.resourcesUnion.entity.ResourcesUnion#3221], EntityKey[j.index.module.apply.resourcesUnion.entity.ResourcesUnion#3222], EntityKey[j.index.module.apply.resourcesUnion.entity.ResourcesUnion#3219], EntityKey[j.index.module.apply.resourcesUnion.entity.ResourcesUnion#3220], EntityKey[j.index.module.apply.resourcesUnion.entity.ResourcesUnion#3217], EntityKey[j.index.module.apply.resourcesUnion.entity.ResourcesUnion#3218], EntityKey[j.index.module.apply.resourcesUnion.entity.ResourcesUnion#3215], EntityKey[j.index.module.apply.resourcesUnion.entity.ResourcesUnion#3216], EntityKey[j.index.module.apply.resourcesUnion.entity.ResourcesUnion#3213], EntityKey[j.index.module.apply.resourcesUnion.entity.ResourcesUnion#3214], EntityKey[j.index.module.apply.resourcesUnion.entity.ResourcesUnion#3211], EntityKey[j.index.module.apply.resourcesUnion.entity.ResourcesUnion#3212], EntityKey[j.index.module.apply.resourcesUnion.entity.ResourcesUnion#3242], EntityKey[j.index.module.apply.resourcesUnion.entity.ResourcesUnion#3241], EntityKey[j.index.module.apply.resourcesUnion.entity.ResourcesUnion#3240], EntityKey[j.index.module.apply.resourcesUnion.entity.ResourcesUnion#3239], EntityKey[j.index.module.apply.resourcesUnion.entity.ResourcesUnion#3238], EntityKey[j.index.module.apply.resourcesUnion.entity.ResourcesUnion#3237], EntityKey[j.index.module.apply.resourcesUnion.entity.ResourcesUnion#3236], EntityKey[j.index.module.apply.resourcesUnion.entity.ResourcesUnion#3235], EntityKey[j.index.module.apply.resourcesUnion.entity.ResourcesUnion#3234], EntityKey[j.index.module.apply.resourcesUnion.entity.ResourcesUnion#3233], EntityKey[j.index.module.apply.resourcesUnion.entity.ResourcesUnion#3232], EntityKey[j.index.module.apply.resourcesUnion.entity.ResourcesUnion#3231], EntityKey[j.index.module.apply.resourcesUnion.entity.ResourcesUnion#3230], EntityKey[j.index.module.apply.resourcesUnion.entity.ResourcesUnion#3229], EntityKey[j.index.module.apply.resourcesUnion.entity.ResourcesUnion#3228], EntityKey[j.index.module.apply.resourcesUnion.entity.ResourcesUnion#3227], EntityKey[j.index.module.apply.resourcesUnion.entity.ResourcesUnion#3771], EntityKey[j.index.module.apply.resourcesUnion.entity.ResourcesUnion#3772], EntityKey[j.index.module.apply.resourcesUnion.entity.ResourcesUnion#3773], EntityKey[j.index.module.apply.resourcesUnion.entity.ResourcesUnion#3774], EntityKey[j.index.module.apply.resourcesUnion.entity.ResourcesUnion#3775], EntityKey[j.index.module.apply.resourcesUnion.entity.ResourcesUnion#3776], EntityKey[j.index.module.apply.resourcesUnion.entity.ResourcesUnion#3777], EntityKey[j.index.module.apply.resourcesUnion.entity.ResourcesUnion#3778], EntityKey[j.index.module.apply.resourcesUnion.entity.ResourcesUnion#3779], EntityKey[j.index.module.apply.resourcesUnion.entity.ResourcesUnion#3780], EntityKey[j.index.module.apply.resourcesUnion.entity.ResourcesUnion#3781], EntityKey[j.index.module.apply.resourcesUnion.entity.ResourcesUnion#3782], EntityKey[j.index.module.apply.resourcesUnion.entity.ResourcesUnion#3783], EntityKey[j.index.module.apply.resourcesUnion.entity.ResourcesUnion#3784], EntityKey[j.index.module.apply.resourcesUnion.entity.ResourcesUnion#3785], EntityKey[j.index.module.apply.resourcesUnion.entity.ResourcesUnion#3786], EntityKey[j.index.module.apply.resourcesUnion.entity.ResourcesUnion#3756], EntityKey[j.index.module.apply.resourcesUnion.entity.ResourcesUnion#3755], EntityKey[j.index.module.apply.resourcesUnion.entity.ResourcesUnion#3758], EntityKey[j.index.module.apply.resourcesUnion.entity.ResourcesUnion#3757], EntityKey[j.index.module.apply.resourcesUnion.entity.ResourcesUnion#3760], EntityKey[j.index.module.apply.resourcesUnion.entity.ResourcesUnion#3759], EntityKey[j.index.module.apply.resourcesUnion.entity.ResourcesUnion#3762], EntityKey[j.index.module.apply.resourcesUnion.entity.ResourcesUnion#3761], EntityKey[j.index.module.apply.resourcesUnion.entity.ResourcesUnion#3764], EntityKey[j.index.module.apply.resourcesUnion.entity.ResourcesUnion#3763], EntityKey[j.index.module.apply.resourcesUnion.entity.ResourcesUnion#3766], EntityKey[j.index.module.apply.resourcesUnion.entity.ResourcesUnion#3765], EntityKey[j.index.module.apply.resourcesUnion.entity.ResourcesUnion#3768], EntityKey[j.index.module.apply.resourcesUnion.entity.ResourcesUnion#3767], EntityKey[j.index.module.apply.resourcesUnion.entity.ResourcesUnion#3770], EntityKey[j.index.module.apply.resourcesUnion.entity.ResourcesUnion#3769], EntityKey[j.index.module.apply.resourcesUnion.entity.ResourcesUnion#3741], EntityKey[j.index.module.apply.resourcesUnion.entity.ResourcesUnion#3742], EntityKey[j.index.module.apply.resourcesUnion.entity.ResourcesUnion#3739], EntityKey[j.index.module.apply.resourcesUnion.entity.ResourcesUnion#3740], EntityKey[j.index.module.apply.resourcesUnion.entity.ResourcesUnion#3745], EntityKey[j.index.module.apply.resourcesUnion.entity.ResourcesUnion#3746], EntityKey[j.index.module.apply.resourcesUnion.entity.ResourcesUnion#3743], EntityKey[j.index.module.apply.resourcesUnion.entity.ResourcesUnion#3744], EntityKey[j.index.module.apply.resourcesUnion.entity.ResourcesUnion#3749], EntityKey[j.index.module.apply.resourcesUnion.entity.ResourcesUnion#3750], EntityKey[j.index.module.apply.resourcesUnion.entity.ResourcesUnion#3747], EntityKey[j.index.module.apply.resourcesUnion.entity.ResourcesUnion#3748], EntityKey[j.index.module.apply.resourcesUnion.entity.ResourcesUnion#3753], EntityKey[j.index.module.apply.resourcesUnion.entity.ResourcesUnion#3754], EntityKey[j.index.module.apply.resourcesUnion.entity.ResourcesUnion#3751], EntityKey[j.index.module.apply.resourcesUnion.entity.ResourcesUnion#3752], EntityKey[j.index.module.apply.resourcesUnion.entity.ResourcesUnion#3726], EntityKey[j.index.module.apply.resourcesUnion.entity.ResourcesUnion#3725], EntityKey[j.index.module.apply.resourcesUnion.entity.ResourcesUnion#3724], EntityKey[j.index.module.apply.resourcesUnion.entity.ResourcesUnion#3723], EntityKey[j.index.module.apply.resourcesUnion.entity.ResourcesUnion#3730], EntityKey[j.index.module.apply.resourcesUnion.entity.ResourcesUnion#3729], EntityKey[j.index.module.apply.resourcesUnion.entity.ResourcesUnion#3728], EntityKey[j.index.module.apply.resourcesUnion.entity.ResourcesUnion#3727], EntityKey[j.index.module.apply.resourcesUnion.entity.ResourcesUnion#3734], EntityKey[j.index.module.apply.resourcesUnion.entity.ResourcesUnion#3733], EntityKey[j.index.module.apply.resourcesUnion.entity.ResourcesUnion#3732], EntityKey[j.index.module.apply.resourcesUnion.entity.ResourcesUnion#3731], EntityKey[j.index.module.apply.resourcesUnion.entity.ResourcesUnion#3738], EntityKey[j.index.module.apply.resourcesUnion.entity.ResourcesUnion#3737], EntityKey[j.index.module.apply.resourcesUnion.entity.ResourcesUnion#3736], EntityKey[j.index.module.apply.resourcesUnion.entity.ResourcesUnion#3735], EntityKey[j.index.module.apply.resourcesUnion.entity.ResourcesUnion#3839], EntityKey[j.index.module.apply.resourcesUnion.entity.ResourcesUnion#3840], EntityKey[j.index.module.apply.resourcesUnion.entity.ResourcesUnion#3841], EntityKey[j.index.module.apply.resourcesUnion.entity.ResourcesUnion#3842], EntityKey[j.index.module.apply.resourcesUnion.entity.ResourcesUnion#3835], EntityKey[j.index.module.apply.resourcesUnion.entity.ResourcesUnion#3836], EntityKey[j.index.module.apply.resourcesUnion.entity.ResourcesUnion#3837], EntityKey[j.index.module.apply.resourcesUnion.entity.ResourcesUnion#3838], EntityKey[j.index.module.apply.resourcesUnion.entity.ResourcesUnion#3847], EntityKey[j.index.module.apply.resourcesUnion.entity.ResourcesUnion#3848], EntityKey[j.index.module.apply.resourcesUnion.entity.ResourcesUnion#3849], EntityKey[j.index.module.apply.resourcesUnion.entity.ResourcesUnion#3850], EntityKey[j.index.module.apply.resourcesUnion.entity.ResourcesUnion#3843], EntityKey[j.index.module.apply.resourcesUnion.entity.ResourcesUnion#3844], EntityKey[j.index.module.apply.resourcesUnion.entity.ResourcesUnion#3845], EntityKey[j.index.module.apply.resourcesUnion.entity.ResourcesUnion#3846], EntityKey[j.index.module.apply.resourcesUnion.entity.ResourcesUnion#3824], EntityKey[j.index.module.apply.resourcesUnion.entity.ResourcesUnion#3823], EntityKey[j.index.module.apply.resourcesUnion.entity.ResourcesUnion#3826], EntityKey[j.index.module.apply.resourcesUnion.entity.ResourcesUnion#3825], EntityKey[j.index.module.apply.resourcesUnion.entity.ResourcesUnion#3820], EntityKey[j.index.module.apply.resourcesUnion.entity.ResourcesUnion#3819], EntityKey[j.index.module.apply.resourcesUnion.entity.ResourcesUnion#3822], EntityKey[j.index.module.apply.resourcesUnion.entity.ResourcesUnion#3821], EntityKey[j.index.module.apply.resourcesUnion.entity.ResourcesUnion#3832], EntityKey[j.index.module.apply.resourcesUnion.entity.ResourcesUnion#3831], EntityKey[j.index.module.apply.resourcesUnion.entity.ResourcesUnion#3834], EntityKey[j.index.module.apply.resourcesUnion.entity.ResourcesUnion#3833], EntityKey[j.index.module.apply.resourcesUnion.entity.ResourcesUnion#3828], EntityKey[j.index.module.apply.resourcesUnion.entity.ResourcesUnion#3827], EntityKey[j.index.module.apply.resourcesUnion.entity.ResourcesUnion#3830], EntityKey[j.index.module.apply.resourcesUnion.entity.ResourcesUnion#3829], EntityKey[j.index.module.apply.resourcesUnion.entity.ResourcesUnion#3809], EntityKey[j.index.module.apply.resourcesUnion.entity.ResourcesUnion#3810], EntityKey[j.index.module.apply.resourcesUnion.entity.ResourcesUnion#3807], EntityKey[j.index.module.apply.resourcesUnion.entity.ResourcesUnion#3808], EntityKey[j.index.module.apply.resourcesUnion.entity.ResourcesUnion#3805], EntityKey[j.index.module.apply.resourcesUnion.entity.ResourcesUnion#3806], EntityKey[j.index.module.apply.resourcesUnion.entity.ResourcesUnion#3803], EntityKey[j.index.module.apply.resourcesUnion.entity.ResourcesUnion#3804], EntityKey[j.index.module.apply.resourcesUnion.entity.ResourcesUnion#3817], EntityKey[j.index.module.apply.resourcesUnion.entity.ResourcesUnion#3818], EntityKey[j.index.module.apply.resourcesUnion.entity.ResourcesUnion#3815], EntityKey[j.index.module.apply.resourcesUnion.entity.ResourcesUnion#3816], EntityKey[j.index.module.apply.resourcesUnion.entity.ResourcesUnion#3813], EntityKey[j.index.module.apply.resourcesUnion.entity.ResourcesUnion#3814], EntityKey[j.index.module.apply.resourcesUnion.entity.ResourcesUnion#3811], EntityKey[j.index.module.apply.resourcesUnion.entity.ResourcesUnion#3812], EntityKey[j.index.module.apply.resourcesUnion.entity.ResourcesUnion#3794], EntityKey[j.index.module.apply.resourcesUnion.entity.ResourcesUnion#3793], EntityKey[j.index.module.apply.resourcesUnion.entity.ResourcesUnion#3792], EntityKey[j.index.module.apply.resourcesUnion.entity.ResourcesUnion#3791], EntityKey[j.index.module.apply.resourcesUnion.entity.ResourcesUnion#3790], EntityKey[j.index.module.apply.resourcesUnion.entity.ResourcesUnion#3789], EntityKey[j.index.module.apply.resourcesUnion.entity.ResourcesUnion#3788], EntityKey[j.index.module.apply.resourcesUnion.entity.ResourcesUnion#3787], EntityKey[j.index.module.apply.resourcesUnion.entity.ResourcesUnion#3802], EntityKey[j.index.module.apply.resourcesUnion.entity.ResourcesUnion#3801], EntityKey[j.index.module.apply.resourcesUnion.entity.ResourcesUnion#3800], EntityKey[j.index.module.apply.resourcesUnion.entity.ResourcesUnion#3799], EntityKey[j.index.module.apply.resourcesUnion.entity.ResourcesUnion#3798], EntityKey[j.index.module.apply.resourcesUnion.entity.ResourcesUnion#3797], EntityKey[j.index.module.apply.resourcesUnion.entity.ResourcesUnion#3796], EntityKey[j.index.module.apply.resourcesUnion.entity.ResourcesUnion#3795], EntityKey[j.index.module.apply.resourcesUnion.entity.ResourcesUnion#3908], EntityKey[j.index.module.apply.resourcesUnion.entity.ResourcesUnion#3907], EntityKey[j.index.module.apply.resourcesUnion.entity.ResourcesUnion#3910], EntityKey[j.index.module.apply.resourcesUnion.entity.ResourcesUnion#3909], EntityKey[j.index.module.apply.resourcesUnion.entity.ResourcesUnion#3912], EntityKey[j.index.module.apply.resourcesUnion.entity.ResourcesUnion#3911], EntityKey[j.index.module.apply.resourcesUnion.entity.ResourcesUnion#3914], EntityKey[j.index.module.apply.resourcesUnion.entity.ResourcesUnion#3913], EntityKey[j.index.module.apply.resourcesUnion.entity.ResourcesUnion#3900], EntityKey[j.index.module.apply.resourcesUnion.entity.ResourcesUnion#3899], EntityKey[j.index.module.apply.resourcesUnion.entity.ResourcesUnion#3902], EntityKey[j.index.module.apply.resourcesUnion.entity.ResourcesUnion#3901], EntityKey[j.index.module.apply.resourcesUnion.entity.ResourcesUnion#3904], EntityKey[j.index.module.apply.resourcesUnion.entity.ResourcesUnion#3903], EntityKey[j.index.module.apply.resourcesUnion.entity.ResourcesUnion#3906], EntityKey[j.index.module.apply.resourcesUnion.entity.ResourcesUnion#3905], EntityKey[j.index.module.apply.resourcesUnion.entity.ResourcesUnion#3891], EntityKey[j.index.module.apply.resourcesUnion.entity.ResourcesUnion#3892], EntityKey[j.index.module.apply.resourcesUnion.entity.ResourcesUnion#3893], EntityKey[j.index.module.apply.resourcesUnion.entity.ResourcesUnion#3894], EntityKey[j.index.module.apply.resourcesUnion.entity.ResourcesUnion#3895], EntityKey[j.index.module.apply.resourcesUnion.entity.ResourcesUnion#3896], EntityKey[j.index.module.apply.resourcesUnion.entity.ResourcesUnion#3897], EntityKey[j.index.module.apply.resourcesUnion.entity.ResourcesUnion#3898], EntityKey[j.index.module.apply.resourcesUnion.entity.ResourcesUnion#3883], EntityKey[j.index.module.apply.resourcesUnion.entity.ResourcesUnion#3884], EntityKey[j.index.module.apply.resourcesUnion.entity.ResourcesUnion#3885], EntityKey[j.index.module.apply.resourcesUnion.entity.ResourcesUnion#3886], EntityKey[j.index.module.apply.resourcesUnion.entity.ResourcesUnion#3887], EntityKey[j.index.module.apply.resourcesUnion.entity.ResourcesUnion#3888], EntityKey[j.index.module.apply.resourcesUnion.entity.ResourcesUnion#3889], EntityKey[j.index.module.apply.resourcesUnion.entity.ResourcesUnion#3890], EntityKey[j.index.module.apply.resourcesUnion.entity.ResourcesUnion#3878], EntityKey[j.index.module.apply.resourcesUnion.entity.ResourcesUnion#3877], EntityKey[j.index.module.apply.resourcesUnion.entity.ResourcesUnion#3876], EntityKey[j.index.module.apply.resourcesUnion.entity.ResourcesUnion#3875], EntityKey[j.index.module.apply.resourcesUnion.entity.ResourcesUnion#3882], EntityKey[j.index.module.apply.resourcesUnion.entity.ResourcesUnion#3881], EntityKey[j.index.module.apply.resourcesUnion.entity.ResourcesUnion#3880], EntityKey[j.index.module.apply.resourcesUnion.entity.ResourcesUnion#3879], EntityKey[j.index.module.apply.resourcesUnion.entity.ResourcesUnion#3870], EntityKey[j.index.module.apply.resourcesUnion.entity.ResourcesUnion#3869], EntityKey[j.index.module.apply.resourcesUnion.entity.ResourcesUnion#3868], EntityKey[j.index.module.apply.resourcesUnion.entity.ResourcesUnion#3867], EntityKey[j.index.module.apply.resourcesUnion.entity.ResourcesUnion#3874], EntityKey[j.index.module.apply.resourcesUnion.entity.ResourcesUnion#3873], EntityKey[j.index.module.apply.resourcesUnion.entity.ResourcesUnion#3872], EntityKey[j.index.module.apply.resourcesUnion.entity.ResourcesUnion#3871], EntityKey[j.index.module.apply.resourcesUnion.entity.ResourcesUnion#3861], EntityKey[j.index.module.apply.resourcesUnion.entity.ResourcesUnion#3862], EntityKey[j.index.module.apply.resourcesUnion.entity.ResourcesUnion#3859], EntityKey[j.index.module.apply.resourcesUnion.entity.ResourcesUnion#3860], EntityKey[j.index.module.apply.resourcesUnion.entity.ResourcesUnion#3865], EntityKey[j.index.module.apply.resourcesUnion.entity.ResourcesUnion#3866], EntityKey[j.index.module.apply.resourcesUnion.entity.ResourcesUnion#3863], EntityKey[j.index.module.apply.resourcesUnion.entity.ResourcesUnion#3864], EntityKey[j.index.module.apply.resourcesUnion.entity.ResourcesUnion#3853], EntityKey[j.index.module.apply.resourcesUnion.entity.ResourcesUnion#3854], EntityKey[j.index.module.apply.resourcesUnion.entity.ResourcesUnion#3851], EntityKey[j.index.module.apply.resourcesUnion.entity.ResourcesUnion#3852], EntityKey[j.index.module.apply.resourcesUnion.entity.ResourcesUnion#3857], EntityKey[j.index.module.apply.resourcesUnion.entity.ResourcesUnion#3858], EntityKey[j.index.module.apply.resourcesUnion.entity.ResourcesUnion#3855], EntityKey[j.index.module.apply.resourcesUnion.entity.ResourcesUnion#3856], EntityKey[j.index.module.apply.resourcesUnion.entity.ResourcesUnion#3976], EntityKey[j.index.module.apply.resourcesUnion.entity.ResourcesUnion#3975], EntityKey[j.index.module.apply.resourcesUnion.entity.ResourcesUnion#3978], EntityKey[j.index.module.apply.resourcesUnion.entity.ResourcesUnion#3977], EntityKey[j.index.module.apply.resourcesUnion.entity.ResourcesUnion#3972], EntityKey[j.index.module.apply.resourcesUnion.entity.ResourcesUnion#3971], EntityKey[j.index.module.apply.resourcesUnion.entity.ResourcesUnion#3974], EntityKey[j.index.module.apply.resourcesUnion.entity.ResourcesUnion#3973], EntityKey[j.index.module.apply.resourcesUnion.entity.ResourcesUnion#3968], EntityKey[j.index.module.apply.resourcesUnion.entity.ResourcesUnion#3967], EntityKey[j.index.module.apply.resourcesUnion.entity.ResourcesUnion#3970], EntityKey[j.index.module.apply.resourcesUnion.entity.ResourcesUnion#3969], EntityKey[j.index.module.apply.resourcesUnion.entity.ResourcesUnion#3964], EntityKey[j.index.module.apply.resourcesUnion.entity.ResourcesUnion#3963], EntityKey[j.index.module.apply.resourcesUnion.entity.ResourcesUnion#3966], EntityKey[j.index.module.apply.resourcesUnion.entity.ResourcesUnion#3965], EntityKey[j.index.module.apply.resourcesUnion.entity.ResourcesUnion#3959], EntityKey[j.index.module.apply.resourcesUnion.entity.ResourcesUnion#3960], EntityKey[j.index.module.apply.resourcesUnion.entity.ResourcesUnion#3961], EntityKey[j.index.module.apply.resourcesUnion.entity.ResourcesUnion#3962], EntityKey[j.index.module.apply.resourcesUnion.entity.ResourcesUnion#3955], EntityKey[j.index.module.apply.resourcesUnion.entity.ResourcesUnion#3956], EntityKey[j.index.module.apply.resourcesUnion.entity.ResourcesUnion#3957], EntityKey[j.index.module.apply.resourcesUnion.entity.ResourcesUnion#3958], EntityKey[j.index.module.apply.resourcesUnion.entity.ResourcesUnion#3951], EntityKey[j.index.module.apply.resourcesUnion.entity.ResourcesUnion#3952], EntityKey[j.index.module.apply.resourcesUnion.entity.ResourcesUnion#3953], EntityKey[j.index.module.apply.resourcesUnion.entity.ResourcesUnion#3954], EntityKey[j.index.module.apply.resourcesUnion.entity.ResourcesUnion#3947], EntityKey[j.index.module.apply.resourcesUnion.entity.ResourcesUnion#3948], EntityKey[j.index.module.apply.resourcesUnion.entity.ResourcesUnion#3949], EntityKey[j.index.module.apply.resourcesUnion.entity.ResourcesUnion#3950], EntityKey[j.index.module.apply.resourcesUnion.entity.ResourcesUnion#3946], EntityKey[j.index.module.apply.resourcesUnion.entity.ResourcesUnion#3945], EntityKey[j.index.module.apply.resourcesUnion.entity.ResourcesUnion#3944], EntityKey[j.index.module.apply.resourcesUnion.entity.ResourcesUnion#3943], EntityKey[j.index.module.apply.resourcesUnion.entity.ResourcesUnion#3942], EntityKey[j.index.module.apply.resourcesUnion.entity.ResourcesUnion#3941], EntityKey[j.index.module.apply.resourcesUnion.entity.ResourcesUnion#3940], EntityKey[j.index.module.apply.resourcesUnion.entity.ResourcesUnion#3939], EntityKey[j.index.module.apply.resourcesUnion.entity.ResourcesUnion#3938], EntityKey[j.index.module.apply.resourcesUnion.entity.ResourcesUnion#3937], EntityKey[j.index.module.apply.resourcesUnion.entity.ResourcesUnion#3936], EntityKey[j.index.module.apply.resourcesUnion.entity.ResourcesUnion#3935], EntityKey[j.index.module.apply.resourcesUnion.entity.ResourcesUnion#3934], EntityKey[j.index.module.apply.resourcesUnion.entity.ResourcesUnion#3933], EntityKey[j.index.module.apply.resourcesUnion.entity.ResourcesUnion#3932], EntityKey[j.index.module.apply.resourcesUnion.entity.ResourcesUnion#3931], EntityKey[j.index.module.apply.resourcesUnion.entity.ResourcesUnion#3929], EntityKey[j.index.module.apply.resourcesUnion.entity.ResourcesUnion#3930], EntityKey[j.index.module.apply.resourcesUnion.entity.ResourcesUnion#3927], EntityKey[j.index.module.apply.resourcesUnion.entity.ResourcesUnion#3928], EntityKey[j.index.module.apply.resourcesUnion.entity.ResourcesUnion#3925], EntityKey[j.index.module.apply.resourcesUnion.entity.ResourcesUnion#3926], EntityKey[j.index.module.apply.resourcesUnion.entity.ResourcesUnion#3923], EntityKey[j.index.module.apply.resourcesUnion.entity.ResourcesUnion#3924], EntityKey[j.index.module.apply.resourcesUnion.entity.ResourcesUnion#3921], EntityKey[j.index.module.apply.resourcesUnion.entity.ResourcesUnion#3922], EntityKey[j.index.module.apply.resourcesUnion.entity.ResourcesUnion#3919], EntityKey[j.index.module.apply.resourcesUnion.entity.ResourcesUnion#3920], EntityKey[j.index.module.apply.resourcesUnion.entity.ResourcesUnion#3917], EntityKey[j.index.module.apply.resourcesUnion.entity.ResourcesUnion#3918], EntityKey[j.index.module.apply.resourcesUnion.entity.ResourcesUnion#3915], EntityKey[j.index.module.apply.resourcesUnion.entity.ResourcesUnion#3916], EntityKey[j.index.module.apply.resourcesUnion.entity.ResourcesUnion#3502], EntityKey[j.index.module.apply.resourcesUnion.entity.ResourcesUnion#3501], EntityKey[j.index.module.apply.resourcesUnion.entity.ResourcesUnion#3500], EntityKey[j.index.module.apply.resourcesUnion.entity.ResourcesUnion#3499], EntityKey[j.index.module.apply.resourcesUnion.entity.ResourcesUnion#3506], EntityKey[j.index.module.apply.resourcesUnion.entity.ResourcesUnion#3505], EntityKey[j.index.module.apply.resourcesUnion.entity.ResourcesUnion#3504], EntityKey[j.index.module.apply.resourcesUnion.entity.ResourcesUnion#3503], EntityKey[j.index.module.apply.resourcesUnion.entity.ResourcesUnion#3510], EntityKey[j.index.module.apply.resourcesUnion.entity.ResourcesUnion#3509], EntityKey[j.index.module.apply.resourcesUnion.entity.ResourcesUnion#3508], EntityKey[j.index.module.apply.resourcesUnion.entity.ResourcesUnion#3507], EntityKey[j.index.module.apply.resourcesUnion.entity.ResourcesUnion#3514], EntityKey[j.index.module.apply.resourcesUnion.entity.ResourcesUnion#3513], EntityKey[j.index.module.apply.resourcesUnion.entity.ResourcesUnion#3512], EntityKey[j.index.module.apply.resourcesUnion.entity.ResourcesUnion#3511], EntityKey[j.index.module.apply.resourcesUnion.entity.ResourcesUnion#3517], EntityKey[j.index.module.apply.resourcesUnion.entity.ResourcesUnion#3518], EntityKey[j.index.module.apply.resourcesUnion.entity.ResourcesUnion#3515], EntityKey[j.index.module.apply.resourcesUnion.entity.ResourcesUnion#3516], EntityKey[j.index.module.apply.resourcesUnion.entity.ResourcesUnion#3521], EntityKey[j.index.module.apply.resourcesUnion.entity.ResourcesUnion#3522], EntityKey[j.index.module.apply.resourcesUnion.entity.ResourcesUnion#3519], EntityKey[j.index.module.apply.resourcesUnion.entity.ResourcesUnion#3520], EntityKey[j.index.module.apply.resourcesUnion.entity.ResourcesUnion#3525], EntityKey[j.index.module.apply.resourcesUnion.entity.ResourcesUnion#3526], EntityKey[j.index.module.apply.resourcesUnion.entity.ResourcesUnion#3523], EntityKey[j.index.module.apply.resourcesUnion.entity.ResourcesUnion#3524], EntityKey[j.index.module.apply.resourcesUnion.entity.ResourcesUnion#3529], EntityKey[j.index.module.apply.resourcesUnion.entity.ResourcesUnion#3530], EntityKey[j.index.module.apply.resourcesUnion.entity.ResourcesUnion#3527], EntityKey[j.index.module.apply.resourcesUnion.entity.ResourcesUnion#3528], EntityKey[j.index.module.apply.resourcesUnion.entity.ResourcesUnion#3468], EntityKey[j.index.module.apply.resourcesUnion.entity.ResourcesUnion#3467], EntityKey[j.index.module.apply.resourcesUnion.entity.ResourcesUnion#3470], EntityKey[j.index.module.apply.resourcesUnion.entity.ResourcesUnion#3469], EntityKey[j.index.module.apply.resourcesUnion.entity.ResourcesUnion#3472], EntityKey[j.index.module.apply.resourcesUnion.entity.ResourcesUnion#3471], EntityKey[j.index.module.apply.resourcesUnion.entity.ResourcesUnion#3474], EntityKey[j.index.module.apply.resourcesUnion.entity.ResourcesUnion#3473], EntityKey[j.index.module.apply.resourcesUnion.entity.ResourcesUnion#3476], EntityKey[j.index.module.apply.resourcesUnion.entity.ResourcesUnion#3475], EntityKey[j.index.module.apply.resourcesUnion.entity.ResourcesUnion#3478], EntityKey[j.index.module.apply.resourcesUnion.entity.ResourcesUnion#3477], EntityKey[j.index.module.apply.resourcesUnion.entity.ResourcesUnion#3480], EntityKey[j.index.module.apply.resourcesUnion.entity.ResourcesUnion#3479], EntityKey[j.index.module.apply.resourcesUnion.entity.ResourcesUnion#3482], EntityKey[j.index.module.apply.resourcesUnion.entity.ResourcesUnion#3481], EntityKey[j.index.module.apply.resourcesUnion.entity.ResourcesUnion#3483], EntityKey[j.index.module.apply.resourcesUnion.entity.ResourcesUnion#3484], EntityKey[j.index.module.apply.resourcesUnion.entity.ResourcesUnion#3485], EntityKey[j.index.module.apply.resourcesUnion.entity.ResourcesUnion#3486], EntityKey[j.index.module.apply.resourcesUnion.entity.ResourcesUnion#3487], EntityKey[j.index.module.apply.resourcesUnion.entity.ResourcesUnion#3488], EntityKey[j.index.module.apply.resourcesUnion.entity.ResourcesUnion#3489], EntityKey[j.index.module.apply.resourcesUnion.entity.ResourcesUnion#3490], EntityKey[j.index.module.apply.resourcesUnion.entity.ResourcesUnion#3491], EntityKey[j.index.module.apply.resourcesUnion.entity.ResourcesUnion#3492], EntityKey[j.index.module.apply.resourcesUnion.entity.ResourcesUnion#3493], EntityKey[j.index.module.apply.resourcesUnion.entity.ResourcesUnion#3494], EntityKey[j.index.module.apply.resourcesUnion.entity.ResourcesUnion#3495], EntityKey[j.index.module.apply.resourcesUnion.entity.ResourcesUnion#3496], EntityKey[j.index.module.apply.resourcesUnion.entity.ResourcesUnion#3497], EntityKey[j.index.module.apply.resourcesUnion.entity.ResourcesUnion#3498], EntityKey[j.index.module.apply.resourcesUnion.entity.ResourcesUnion#3570], EntityKey[j.index.module.apply.resourcesUnion.entity.ResourcesUnion#3569], EntityKey[j.index.module.apply.resourcesUnion.entity.ResourcesUnion#3568], EntityKey[j.index.module.apply.resourcesUnion.entity.ResourcesUnion#3567], EntityKey[j.index.module.apply.resourcesUnion.entity.ResourcesUnion#3566], EntityKey[j.index.module.apply.resourcesUnion.entity.ResourcesUnion#3565], EntityKey[j.index.module.apply.resourcesUnion.entity.ResourcesUnion#3564], EntityKey[j.index.module.apply.resourcesUnion.entity.ResourcesUnion#3563], EntityKey[j.index.module.apply.resourcesUnion.entity.ResourcesUnion#3578], EntityKey[j.index.module.apply.resourcesUnion.entity.ResourcesUnion#3577], EntityKey[j.index.module.apply.resourcesUnion.entity.ResourcesUnion#3576], EntityKey[j.index.module.apply.resourcesUnion.entity.ResourcesUnion#3575], EntityKey[j.index.module.apply.resourcesUnion.entity.ResourcesUnion#3574], EntityKey[j.index.module.apply.resourcesUnion.entity.ResourcesUnion#3573], EntityKey[j.index.module.apply.resourcesUnion.entity.ResourcesUnion#3572], EntityKey[j.index.module.apply.resourcesUnion.entity.ResourcesUnion#3571], EntityKey[j.index.module.apply.resourcesUnion.entity.ResourcesUnion#3585], EntityKey[j.index.module.apply.resourcesUnion.entity.ResourcesUnion#3586], EntityKey[j.index.module.apply.resourcesUnion.entity.ResourcesUnion#3583], EntityKey[j.index.module.apply.resourcesUnion.entity.ResourcesUnion#3584], EntityKey[j.index.module.apply.resourcesUnion.entity.ResourcesUnion#3581], EntityKey[j.index.module.apply.resourcesUnion.entity.ResourcesUnion#3582], EntityKey[j.index.module.apply.resourcesUnion.entity.ResourcesUnion#3579], EntityKey[j.index.module.apply.resourcesUnion.entity.ResourcesUnion#3580], EntityKey[j.index.module.apply.resourcesUnion.entity.ResourcesUnion#3593], EntityKey[j.index.module.apply.resourcesUnion.entity.ResourcesUnion#3594], EntityKey[j.index.module.apply.resourcesUnion.entity.ResourcesUnion#3591], EntityKey[j.index.module.apply.resourcesUnion.entity.ResourcesUnion#3592], EntityKey[j.index.module.apply.resourcesUnion.entity.ResourcesUnion#3589], EntityKey[j.index.module.apply.resourcesUnion.entity.ResourcesUnion#3590], EntityKey[j.index.module.apply.resourcesUnion.entity.ResourcesUnion#3587], EntityKey[j.index.module.apply.resourcesUnion.entity.ResourcesUnion#3588], EntityKey[j.index.module.apply.resourcesUnion.entity.ResourcesUnion#3536], EntityKey[j.index.module.apply.resourcesUnion.entity.ResourcesUnion#3535], EntityKey[j.index.module.apply.resourcesUnion.entity.ResourcesUnion#3538], EntityKey[j.index.module.apply.resourcesUnion.entity.ResourcesUnion#3537], EntityKey[j.index.module.apply.resourcesUnion.entity.ResourcesUnion#3532], EntityKey[j.index.module.apply.resourcesUnion.entity.ResourcesUnion#3531], EntityKey[j.index.module.apply.resourcesUnion.entity.ResourcesUnion#3534], EntityKey[j.index.module.apply.resourcesUnion.entity.ResourcesUnion#3533], EntityKey[j.index.module.apply.resourcesUnion.entity.ResourcesUnion#3544], EntityKey[j.index.module.apply.resourcesUnion.entity.ResourcesUnion#3543], EntityKey[j.index.module.apply.resourcesUnion.entity.ResourcesUnion#3546], EntityKey[j.index.module.apply.resourcesUnion.entity.ResourcesUnion#3545], EntityKey[j.index.module.apply.resourcesUnion.entity.ResourcesUnion#3540], EntityKey[j.index.module.apply.resourcesUnion.entity.ResourcesUnion#3539], EntityKey[j.index.module.apply.resourcesUnion.entity.ResourcesUnion#3542], EntityKey[j.index.module.apply.resourcesUnion.entity.ResourcesUnion#3541], EntityKey[j.index.module.apply.resourcesUnion.entity.ResourcesUnion#3551], EntityKey[j.index.module.apply.resourcesUnion.entity.ResourcesUnion#3552], EntityKey[j.index.module.apply.resourcesUnion.entity.ResourcesUnion#3553], EntityKey[j.index.module.apply.resourcesUnion.entity.ResourcesUnion#3554], EntityKey[j.index.module.apply.resourcesUnion.entity.ResourcesUnion#3547], EntityKey[j.index.module.apply.resourcesUnion.entity.ResourcesUnion#3548], EntityKey[j.index.module.apply.resourcesUnion.entity.ResourcesUnion#3549], EntityKey[j.index.module.apply.resourcesUnion.entity.ResourcesUnion#3550], EntityKey[j.index.module.apply.resourcesUnion.entity.ResourcesUnion#3559], EntityKey[j.index.module.apply.resourcesUnion.entity.ResourcesUnion#3560], EntityKey[j.index.module.apply.resourcesUnion.entity.ResourcesUnion#3561], EntityKey[j.index.module.apply.resourcesUnion.entity.ResourcesUnion#3562], EntityKey[j.index.module.apply.resourcesUnion.entity.ResourcesUnion#3555], EntityKey[j.index.module.apply.resourcesUnion.entity.ResourcesUnion#3556], EntityKey[j.index.module.apply.resourcesUnion.entity.ResourcesUnion#3557], EntityKey[j.index.module.apply.resourcesUnion.entity.ResourcesUnion#3558], EntityKey[j.index.module.apply.resourcesUnion.entity.ResourcesUnion#3637], EntityKey[j.index.module.apply.resourcesUnion.entity.ResourcesUnion#3638], EntityKey[j.index.module.apply.resourcesUnion.entity.ResourcesUnion#3635], EntityKey[j.index.module.apply.resourcesUnion.entity.ResourcesUnion#3636], EntityKey[j.index.module.apply.resourcesUnion.entity.ResourcesUnion#3641], EntityKey[j.index.module.apply.resourcesUnion.entity.ResourcesUnion#3642], EntityKey[j.index.module.apply.resourcesUnion.entity.ResourcesUnion#3639], EntityKey[j.index.module.apply.resourcesUnion.entity.ResourcesUnion#3640], EntityKey[j.index.module.apply.resourcesUnion.entity.ResourcesUnion#3629], EntityKey[j.index.module.apply.resourcesUnion.entity.ResourcesUnion#3630], EntityKey[j.index.module.apply.resourcesUnion.entity.ResourcesUnion#3627], EntityKey[j.index.module.apply.resourcesUnion.entity.ResourcesUnion#3628], EntityKey[j.index.module.apply.resourcesUnion.entity.ResourcesUnion#3633], EntityKey[j.index.module.apply.resourcesUnion.entity.ResourcesUnion#3634], EntityKey[j.index.module.apply.resourcesUnion.entity.ResourcesUnion#3631], EntityKey[j.index.module.apply.resourcesUnion.entity.ResourcesUnion#3632], EntityKey[j.index.module.apply.resourcesUnion.entity.ResourcesUnion#3654], EntityKey[j.index.module.apply.resourcesUnion.entity.ResourcesUnion#3653], EntityKey[j.index.module.apply.resourcesUnion.entity.ResourcesUnion#3652], EntityKey[j.index.module.apply.resourcesUnion.entity.ResourcesUnion#3651], EntityKey[j.index.module.apply.resourcesUnion.entity.ResourcesUnion#3658], EntityKey[j.index.module.apply.resourcesUnion.entity.ResourcesUnion#3657], EntityKey[j.index.module.apply.resourcesUnion.entity.ResourcesUnion#3656], EntityKey[j.index.module.apply.resourcesUnion.entity.ResourcesUnion#3655], EntityKey[j.index.module.apply.resourcesUnion.entity.ResourcesUnion#3646], EntityKey[j.index.module.apply.resourcesUnion.entity.ResourcesUnion#3645], EntityKey[j.index.module.apply.resourcesUnion.entity.ResourcesUnion#3644], EntityKey[j.index.module.apply.resourcesUnion.entity.ResourcesUnion#3643], EntityKey[j.index.module.apply.resourcesUnion.entity.ResourcesUnion#3650], EntityKey[j.index.module.apply.resourcesUnion.entity.ResourcesUnion#3649], EntityKey[j.index.module.apply.resourcesUnion.entity.ResourcesUnion#3648], EntityKey[j.index.module.apply.resourcesUnion.entity.ResourcesUnion#3647], EntityKey[j.index.module.apply.resourcesUnion.entity.ResourcesUnion#3603], EntityKey[j.index.module.apply.resourcesUnion.entity.ResourcesUnion#3604], EntityKey[j.index.module.apply.resourcesUnion.entity.ResourcesUnion#3605], EntityKey[j.index.module.apply.resourcesUnion.entity.ResourcesUnion#3606], EntityKey[j.index.module.apply.resourcesUnion.entity.ResourcesUnion#3607], EntityKey[j.index.module.apply.resourcesUnion.entity.ResourcesUnion#3608], EntityKey[j.index.module.apply.resourcesUnion.entity.ResourcesUnion#3609], EntityKey[j.index.module.apply.resourcesUnion.entity.ResourcesUnion#3610], EntityKey[j.index.module.apply.resourcesUnion.entity.ResourcesUnion#3595], EntityKey[j.index.module.apply.resourcesUnion.entity.ResourcesUnion#3596], EntityKey[j.index.module.apply.resourcesUnion.entity.ResourcesUnion#3597], EntityKey[j.index.module.apply.resourcesUnion.entity.ResourcesUnion#3598], EntityKey[j.index.module.apply.resourcesUnion.entity.ResourcesUnion#3599], EntityKey[j.index.module.apply.resourcesUnion.entity.ResourcesUnion#3600], EntityKey[j.index.module.apply.resourcesUnion.entity.ResourcesUnion#3601], EntityKey[j.index.module.apply.resourcesUnion.entity.ResourcesUnion#3602], EntityKey[j.index.module.apply.resourcesUnion.entity.ResourcesUnion#3620], EntityKey[j.index.module.apply.resourcesUnion.entity.ResourcesUnion#3619], EntityKey[j.index.module.apply.resourcesUnion.entity.ResourcesUnion#3622], EntityKey[j.index.module.apply.resourcesUnion.entity.ResourcesUnion#3621], EntityKey[j.index.module.apply.resourcesUnion.entity.ResourcesUnion#3624], EntityKey[j.index.module.apply.resourcesUnion.entity.ResourcesUnion#3623], EntityKey[j.index.module.apply.resourcesUnion.entity.ResourcesUnion#3626], EntityKey[j.index.module.apply.resourcesUnion.entity.ResourcesUnion#3625], EntityKey[j.index.module.apply.resourcesUnion.entity.ResourcesUnion#3612], EntityKey[j.index.module.apply.resourcesUnion.entity.ResourcesUnion#3611], EntityKey[j.index.module.apply.resourcesUnion.entity.ResourcesUnion#3614], EntityKey[j.index.module.apply.resourcesUnion.entity.ResourcesUnion#3613], EntityKey[j.index.module.apply.resourcesUnion.entity.ResourcesUnion#3616], EntityKey[j.index.module.apply.resourcesUnion.entity.ResourcesUnion#3615], EntityKey[j.index.module.apply.resourcesUnion.entity.ResourcesUnion#3618], EntityKey[j.index.module.apply.resourcesUnion.entity.ResourcesUnion#3617], EntityKey[j.index.module.apply.resourcesUnion.entity.ResourcesUnion#3705], EntityKey[j.index.module.apply.resourcesUnion.entity.ResourcesUnion#3706], EntityKey[j.index.module.apply.resourcesUnion.entity.ResourcesUnion#3703], EntityKey[j.index.module.apply.resourcesUnion.entity.ResourcesUnion#3704], EntityKey[j.index.module.apply.resourcesUnion.entity.ResourcesUnion#3701], EntityKey[j.index.module.apply.resourcesUnion.entity.ResourcesUnion#3702], EntityKey[j.index.module.apply.resourcesUnion.entity.ResourcesUnion#3699], EntityKey[j.index.module.apply.resourcesUnion.entity.ResourcesUnion#3700], EntityKey[j.index.module.apply.resourcesUnion.entity.ResourcesUnion#3697], EntityKey[j.index.module.apply.resourcesUnion.entity.ResourcesUnion#3698], EntityKey[j.index.module.apply.resourcesUnion.entity.ResourcesUnion#3695], EntityKey[j.index.module.apply.resourcesUnion.entity.ResourcesUnion#3696], EntityKey[j.index.module.apply.resourcesUnion.entity.ResourcesUnion#3693], EntityKey[j.index.module.apply.resourcesUnion.entity.ResourcesUnion#3694], EntityKey[j.index.module.apply.resourcesUnion.entity.ResourcesUnion#3691], EntityKey[j.index.module.apply.resourcesUnion.entity.ResourcesUnion#3692], EntityKey[j.index.module.apply.resourcesUnion.entity.ResourcesUnion#3722], EntityKey[j.index.module.apply.resourcesUnion.entity.ResourcesUnion#3721], EntityKey[j.index.module.apply.resourcesUnion.entity.ResourcesUnion#3720], EntityKey[j.index.module.apply.resourcesUnion.entity.ResourcesUnion#3719], EntityKey[j.index.module.apply.resourcesUnion.entity.ResourcesUnion#3718], EntityKey[j.index.module.apply.resourcesUnion.entity.ResourcesUnion#3717], EntityKey[j.index.module.apply.resourcesUnion.entity.ResourcesUnion#3716], EntityKey[j.index.module.apply.resourcesUnion.entity.ResourcesUnion#3715], EntityKey[j.index.module.apply.resourcesUnion.entity.ResourcesUnion#3714], EntityKey[j.index.module.apply.resourcesUnion.entity.ResourcesUnion#3713], EntityKey[j.index.module.apply.resourcesUnion.entity.ResourcesUnion#3712], EntityKey[j.index.module.apply.resourcesUnion.entity.ResourcesUnion#3711], EntityKey[j.index.module.apply.resourcesUnion.entity.ResourcesUnion#3710], EntityKey[j.index.module.apply.resourcesUnion.entity.ResourcesUnion#3709], EntityKey[j.index.module.apply.resourcesUnion.entity.ResourcesUnion#3708], EntityKey[j.index.module.apply.resourcesUnion.entity.ResourcesUnion#3707], EntityKey[j.index.module.apply.resourcesUnion.entity.ResourcesUnion#3671], EntityKey[j.index.module.apply.resourcesUnion.entity.ResourcesUnion#3672], EntityKey[j.index.module.apply.resourcesUnion.entity.ResourcesUnion#3673], EntityKey[j.index.module.apply.resourcesUnion.entity.ResourcesUnion#3674], EntityKey[j.index.module.apply.resourcesUnion.entity.ResourcesUnion#3667], EntityKey[j.index.module.apply.resourcesUnion.entity.ResourcesUnion#3668], EntityKey[j.index.module.apply.resourcesUnion.entity.ResourcesUnion#3669], EntityKey[j.index.module.apply.resourcesUnion.entity.ResourcesUnion#3670], EntityKey[j.index.module.apply.resourcesUnion.entity.ResourcesUnion#3663], EntityKey[j.index.module.apply.resourcesUnion.entity.ResourcesUnion#3664], EntityKey[j.index.module.apply.resourcesUnion.entity.ResourcesUnion#3665], EntityKey[j.index.module.apply.resourcesUnion.entity.ResourcesUnion#3666], EntityKey[j.index.module.apply.resourcesUnion.entity.ResourcesUnion#3659], EntityKey[j.index.module.apply.resourcesUnion.entity.ResourcesUnion#3660], EntityKey[j.index.module.apply.resourcesUnion.entity.ResourcesUnion#3661], EntityKey[j.index.module.apply.resourcesUnion.entity.ResourcesUnion#3662], EntityKey[j.index.module.apply.resourcesUnion.entity.ResourcesUnion#3688], EntityKey[j.index.module.apply.resourcesUnion.entity.ResourcesUnion#3687], EntityKey[j.index.module.apply.resourcesUnion.entity.ResourcesUnion#3690], EntityKey[j.index.module.apply.resourcesUnion.entity.ResourcesUnion#3689], EntityKey[j.index.module.apply.resourcesUnion.entity.ResourcesUnion#3684], EntityKey[j.index.module.apply.resourcesUnion.entity.ResourcesUnion#3683], EntityKey[j.index.module.apply.resourcesUnion.entity.ResourcesUnion#3686], EntityKey[j.index.module.apply.resourcesUnion.entity.ResourcesUnion#3685], EntityKey[j.index.module.apply.resourcesUnion.entity.ResourcesUnion#3680], EntityKey[j.index.module.apply.resourcesUnion.entity.ResourcesUnion#3679], EntityKey[j.index.module.apply.resourcesUnion.entity.ResourcesUnion#3682], EntityKey[j.index.module.apply.resourcesUnion.entity.ResourcesUnion#3681], EntityKey[j.index.module.apply.resourcesUnion.entity.ResourcesUnion#3676], EntityKey[j.index.module.apply.resourcesUnion.entity.ResourcesUnion#3675], EntityKey[j.index.module.apply.resourcesUnion.entity.ResourcesUnion#3678], EntityKey[j.index.module.apply.resourcesUnion.entity.ResourcesUnion#3677], EntityKey[j.index.module.apply.resourcesUnion.entity.ResourcesUnion#4257], EntityKey[j.index.module.apply.resourcesUnion.entity.ResourcesUnion#4258], EntityKey[j.index.module.apply.resourcesUnion.entity.ResourcesUnion#4255], EntityKey[j.index.module.apply.resourcesUnion.entity.ResourcesUnion#4256], EntityKey[j.index.module.apply.resourcesUnion.entity.ResourcesUnion#4253], EntityKey[j.index.module.apply.resourcesUnion.entity.ResourcesUnion#4254], EntityKey[j.index.module.apply.resourcesUnion.entity.ResourcesUnion#4251], EntityKey[j.index.module.apply.resourcesUnion.entity.ResourcesUnion#4252], EntityKey[j.index.module.apply.resourcesUnion.entity.ResourcesUnion#4265], EntityKey[j.index.module.apply.resourcesUnion.entity.ResourcesUnion#4266], EntityKey[j.index.module.apply.resourcesUnion.entity.ResourcesUnion#4263], EntityKey[j.index.module.apply.resourcesUnion.entity.ResourcesUnion#4264], EntityKey[j.index.module.apply.resourcesUnion.entity.ResourcesUnion#4261], EntityKey[j.index.module.apply.resourcesUnion.entity.ResourcesUnion#4262], EntityKey[j.index.module.apply.resourcesUnion.entity.ResourcesUnion#4259], EntityKey[j.index.module.apply.resourcesUnion.entity.ResourcesUnion#4260], EntityKey[j.index.module.apply.resourcesUnion.entity.ResourcesUnion#4242], EntityKey[j.index.module.apply.resourcesUnion.entity.ResourcesUnion#4241], EntityKey[j.index.module.apply.resourcesUnion.entity.ResourcesUnion#4240], EntityKey[j.index.module.apply.resourcesUnion.entity.ResourcesUnion#4239], EntityKey[j.index.module.apply.resourcesUnion.entity.ResourcesUnion#4238], EntityKey[j.index.module.apply.resourcesUnion.entity.ResourcesUnion#4237], EntityKey[j.index.module.apply.resourcesUnion.entity.ResourcesUnion#4236], EntityKey[j.index.module.apply.resourcesUnion.entity.ResourcesUnion#4235], EntityKey[j.index.module.apply.resourcesUnion.entity.ResourcesUnion#4250], EntityKey[j.index.module.apply.resourcesUnion.entity.ResourcesUnion#4249], EntityKey[j.index.module.apply.resourcesUnion.entity.ResourcesUnion#4248], EntityKey[j.index.module.apply.resourcesUnion.entity.ResourcesUnion#4247], EntityKey[j.index.module.apply.resourcesUnion.entity.ResourcesUnion#4246], EntityKey[j.index.module.apply.resourcesUnion.entity.ResourcesUnion#4245], EntityKey[j.index.module.apply.resourcesUnion.entity.ResourcesUnion#4244], EntityKey[j.index.module.apply.resourcesUnion.entity.ResourcesUnion#4243], EntityKey[j.index.module.apply.resourcesUnion.entity.ResourcesUnion#4287], EntityKey[j.index.module.apply.resourcesUnion.entity.ResourcesUnion#4288], EntityKey[j.index.module.apply.resourcesUnion.entity.ResourcesUnion#4289], EntityKey[j.index.module.apply.resourcesUnion.entity.ResourcesUnion#4290], EntityKey[j.index.module.apply.resourcesUnion.entity.ResourcesUnion#4283], EntityKey[j.index.module.apply.resourcesUnion.entity.ResourcesUnion#4284], EntityKey[j.index.module.apply.resourcesUnion.entity.ResourcesUnion#4285], EntityKey[j.index.module.apply.resourcesUnion.entity.ResourcesUnion#4286], EntityKey[j.index.module.apply.resourcesUnion.entity.ResourcesUnion#4295], EntityKey[j.index.module.apply.resourcesUnion.entity.ResourcesUnion#4296], EntityKey[j.index.module.apply.resourcesUnion.entity.ResourcesUnion#4297], EntityKey[j.index.module.apply.resourcesUnion.entity.ResourcesUnion#4298], EntityKey[j.index.module.apply.resourcesUnion.entity.ResourcesUnion#4291], EntityKey[j.index.module.apply.resourcesUnion.entity.ResourcesUnion#4292], EntityKey[j.index.module.apply.resourcesUnion.entity.ResourcesUnion#4293], EntityKey[j.index.module.apply.resourcesUnion.entity.ResourcesUnion#4294], EntityKey[j.index.module.apply.resourcesUnion.entity.ResourcesUnion#4272], EntityKey[j.index.module.apply.resourcesUnion.entity.ResourcesUnion#4271], EntityKey[j.index.module.apply.resourcesUnion.entity.ResourcesUnion#4274], EntityKey[j.index.module.apply.resourcesUnion.entity.ResourcesUnion#4273], EntityKey[j.index.module.apply.resourcesUnion.entity.ResourcesUnion#4268], EntityKey[j.index.module.apply.resourcesUnion.entity.ResourcesUnion#4267], EntityKey[j.index.module.apply.resourcesUnion.entity.ResourcesUnion#4270], EntityKey[j.index.module.apply.resourcesUnion.entity.ResourcesUnion#4269], EntityKey[j.index.module.apply.resourcesUnion.entity.ResourcesUnion#4280], EntityKey[j.index.module.apply.resourcesUnion.entity.ResourcesUnion#4279], EntityKey[j.index.module.apply.resourcesUnion.entity.ResourcesUnion#4282], EntityKey[j.index.module.apply.resourcesUnion.entity.ResourcesUnion#4281], EntityKey[j.index.module.apply.resourcesUnion.entity.ResourcesUnion#4276], EntityKey[j.index.module.apply.resourcesUnion.entity.ResourcesUnion#4275], EntityKey[j.index.module.apply.resourcesUnion.entity.ResourcesUnion#4278], EntityKey[j.index.module.apply.resourcesUnion.entity.ResourcesUnion#4277], EntityKey[j.index.module.apply.resourcesUnion.entity.ResourcesUnion#4317], EntityKey[j.index.module.apply.resourcesUnion.entity.ResourcesUnion#4318], EntityKey[j.index.module.apply.resourcesUnion.entity.ResourcesUnion#4315], EntityKey[j.index.module.apply.resourcesUnion.entity.ResourcesUnion#4316], EntityKey[j.index.module.apply.resourcesUnion.entity.ResourcesUnion#4321], EntityKey[j.index.module.apply.resourcesUnion.entity.ResourcesUnion#4322], EntityKey[j.index.module.apply.resourcesUnion.entity.ResourcesUnion#4319], EntityKey[j.index.module.apply.resourcesUnion.entity.ResourcesUnion#4320], EntityKey[j.index.module.apply.resourcesUnion.entity.ResourcesUnion#4325], EntityKey[j.index.module.apply.resourcesUnion.entity.ResourcesUnion#4326], EntityKey[j.index.module.apply.resourcesUnion.entity.ResourcesUnion#4323], EntityKey[j.index.module.apply.resourcesUnion.entity.ResourcesUnion#4324], EntityKey[j.index.module.apply.resourcesUnion.entity.ResourcesUnion#4329], EntityKey[j.index.module.apply.resourcesUnion.entity.ResourcesUnion#4330], EntityKey[j.index.module.apply.resourcesUnion.entity.ResourcesUnion#4327], EntityKey[j.index.module.apply.resourcesUnion.entity.ResourcesUnion#4328], EntityKey[j.index.module.apply.resourcesUnion.entity.ResourcesUnion#4302], EntityKey[j.index.module.apply.resourcesUnion.entity.ResourcesUnion#4301], EntityKey[j.index.module.apply.resourcesUnion.entity.ResourcesUnion#4300], EntityKey[j.index.module.apply.resourcesUnion.entity.ResourcesUnion#4299], EntityKey[j.index.module.apply.resourcesUnion.entity.ResourcesUnion#4306], EntityKey[j.index.module.apply.resourcesUnion.entity.ResourcesUnion#4305], EntityKey[j.index.module.apply.resourcesUnion.entity.ResourcesUnion#4304], EntityKey[j.index.module.apply.resourcesUnion.entity.ResourcesUnion#4303], EntityKey[j.index.module.apply.resourcesUnion.entity.ResourcesUnion#4310], EntityKey[j.index.module.apply.resourcesUnion.entity.ResourcesUnion#4309], EntityKey[j.index.module.apply.resourcesUnion.entity.ResourcesUnion#4308], EntityKey[j.index.module.apply.resourcesUnion.entity.ResourcesUnion#4307], EntityKey[j.index.module.apply.resourcesUnion.entity.ResourcesUnion#4314], EntityKey[j.index.module.apply.resourcesUnion.entity.ResourcesUnion#4313], EntityKey[j.index.module.apply.resourcesUnion.entity.ResourcesUnion#4312], EntityKey[j.index.module.apply.resourcesUnion.entity.ResourcesUnion#4311], EntityKey[j.index.module.apply.resourcesUnion.entity.ResourcesUnion#4347], EntityKey[j.index.module.apply.resourcesUnion.entity.ResourcesUnion#4348], EntityKey[j.index.module.apply.resourcesUnion.entity.ResourcesUnion#4349], EntityKey[j.index.module.apply.resourcesUnion.entity.ResourcesUnion#4350], EntityKey[j.index.module.apply.resourcesUnion.entity.ResourcesUnion#4351], EntityKey[j.index.module.apply.resourcesUnion.entity.ResourcesUnion#4352], EntityKey[j.index.module.apply.resourcesUnion.entity.ResourcesUnion#4353], EntityKey[j.index.module.apply.resourcesUnion.entity.ResourcesUnion#4354], EntityKey[j.index.module.apply.resourcesUnion.entity.ResourcesUnion#4355], EntityKey[j.index.module.apply.resourcesUnion.entity.ResourcesUnion#4356], EntityKey[j.index.module.apply.resourcesUnion.entity.ResourcesUnion#4357], EntityKey[j.index.module.apply.resourcesUnion.entity.ResourcesUnion#4358], EntityKey[j.index.module.apply.resourcesUnion.entity.ResourcesUnion#4359], EntityKey[j.index.module.apply.resourcesUnion.entity.ResourcesUnion#4360], EntityKey[j.index.module.apply.resourcesUnion.entity.ResourcesUnion#4361], EntityKey[j.index.module.apply.resourcesUnion.entity.ResourcesUnion#4362], EntityKey[j.index.module.apply.resourcesUnion.entity.ResourcesUnion#4332], EntityKey[j.index.module.apply.resourcesUnion.entity.ResourcesUnion#4331], EntityKey[j.index.module.apply.resourcesUnion.entity.ResourcesUnion#4334], EntityKey[j.index.module.apply.resourcesUnion.entity.ResourcesUnion#4333], EntityKey[j.index.module.apply.resourcesUnion.entity.ResourcesUnion#4336], EntityKey[j.index.module.apply.resourcesUnion.entity.ResourcesUnion#4335], EntityKey[j.index.module.apply.resourcesUnion.entity.ResourcesUnion#4338], EntityKey[j.index.module.apply.resourcesUnion.entity.ResourcesUnion#4337], EntityKey[j.index.module.apply.resourcesUnion.entity.ResourcesUnion#4340], EntityKey[j.index.module.apply.resourcesUnion.entity.ResourcesUnion#4339], EntityKey[j.index.module.apply.resourcesUnion.entity.ResourcesUnion#4342], EntityKey[j.index.module.apply.resourcesUnion.entity.ResourcesUnion#4341], EntityKey[j.index.module.apply.resourcesUnion.entity.ResourcesUnion#4344], EntityKey[j.index.module.apply.resourcesUnion.entity.ResourcesUnion#4343], EntityKey[j.index.module.apply.resourcesUnion.entity.ResourcesUnion#4346], EntityKey[j.index.module.apply.resourcesUnion.entity.ResourcesUnion#4345], EntityKey[j.index.module.apply.resourcesUnion.entity.ResourcesUnion#4394], EntityKey[j.index.module.apply.resourcesUnion.entity.ResourcesUnion#4393], EntityKey[j.index.module.apply.resourcesUnion.entity.ResourcesUnion#4392], EntityKey[j.index.module.apply.resourcesUnion.entity.ResourcesUnion#4391], EntityKey[j.index.module.apply.resourcesUnion.entity.ResourcesUnion#4390], EntityKey[j.index.module.apply.resourcesUnion.entity.ResourcesUnion#4389], EntityKey[j.index.module.apply.resourcesUnion.entity.ResourcesUnion#4388], EntityKey[j.index.module.apply.resourcesUnion.entity.ResourcesUnion#4387], EntityKey[j.index.module.apply.resourcesUnion.entity.ResourcesUnion#4386], EntityKey[j.index.module.apply.resourcesUnion.entity.ResourcesUnion#4385], EntityKey[j.index.module.apply.resourcesUnion.entity.ResourcesUnion#4384], EntityKey[j.index.module.apply.resourcesUnion.entity.ResourcesUnion#4383], EntityKey[j.index.module.apply.resourcesUnion.entity.ResourcesUnion#4382], EntityKey[j.index.module.apply.resourcesUnion.entity.ResourcesUnion#4381], EntityKey[j.index.module.apply.resourcesUnion.entity.ResourcesUnion#4380], EntityKey[j.index.module.apply.resourcesUnion.entity.ResourcesUnion#4379], EntityKey[j.index.module.apply.resourcesUnion.entity.ResourcesUnion#4377], EntityKey[j.index.module.apply.resourcesUnion.entity.ResourcesUnion#4378], EntityKey[j.index.module.apply.resourcesUnion.entity.ResourcesUnion#4375], EntityKey[j.index.module.apply.resourcesUnion.entity.ResourcesUnion#4376], EntityKey[j.index.module.apply.resourcesUnion.entity.ResourcesUnion#4373], EntityKey[j.index.module.apply.resourcesUnion.entity.ResourcesUnion#4374], EntityKey[j.index.module.apply.resourcesUnion.entity.ResourcesUnion#4371], EntityKey[j.index.module.apply.resourcesUnion.entity.ResourcesUnion#4372], EntityKey[j.index.module.apply.resourcesUnion.entity.ResourcesUnion#4369], EntityKey[j.index.module.apply.resourcesUnion.entity.ResourcesUnion#4370], EntityKey[j.index.module.apply.resourcesUnion.entity.ResourcesUnion#4367], EntityKey[j.index.module.apply.resourcesUnion.entity.ResourcesUnion#4368], EntityKey[j.index.module.apply.resourcesUnion.entity.ResourcesUnion#4365], EntityKey[j.index.module.apply.resourcesUnion.entity.ResourcesUnion#4366], EntityKey[j.index.module.apply.resourcesUnion.entity.ResourcesUnion#4363], EntityKey[j.index.module.apply.resourcesUnion.entity.ResourcesUnion#4364], EntityKey[j.index.module.apply.resourcesUnion.entity.ResourcesUnion#4424], EntityKey[j.index.module.apply.resourcesUnion.entity.ResourcesUnion#4423], EntityKey[j.index.module.apply.resourcesUnion.entity.ResourcesUnion#4426], EntityKey[j.index.module.apply.resourcesUnion.entity.ResourcesUnion#4425], EntityKey[j.index.module.apply.resourcesUnion.entity.ResourcesUnion#4420], EntityKey[j.index.module.apply.resourcesUnion.entity.ResourcesUnion#4419], EntityKey[j.index.module.apply.resourcesUnion.entity.ResourcesUnion#4422], EntityKey[j.index.module.apply.resourcesUnion.entity.ResourcesUnion#4421], EntityKey[j.index.module.apply.resourcesUnion.entity.ResourcesUnion#4416], EntityKey[j.index.module.apply.resourcesUnion.entity.ResourcesUnion#4415], EntityKey[j.index.module.apply.resourcesUnion.entity.ResourcesUnion#4418], EntityKey[j.index.module.apply.resourcesUnion.entity.ResourcesUnion#4417], EntityKey[j.index.module.apply.resourcesUnion.entity.ResourcesUnion#4412], EntityKey[j.index.module.apply.resourcesUnion.entity.ResourcesUnion#4411], EntityKey[j.index.module.apply.resourcesUnion.entity.ResourcesUnion#4414], EntityKey[j.index.module.apply.resourcesUnion.entity.ResourcesUnion#4413], EntityKey[j.index.module.apply.resourcesUnion.entity.ResourcesUnion#4407], EntityKey[j.index.module.apply.resourcesUnion.entity.ResourcesUnion#4408], EntityKey[j.index.module.apply.resourcesUnion.entity.ResourcesUnion#4409], EntityKey[j.index.module.apply.resourcesUnion.entity.ResourcesUnion#4410], EntityKey[j.index.module.apply.resourcesUnion.entity.ResourcesUnion#4403], EntityKey[j.index.module.apply.resourcesUnion.entity.ResourcesUnion#4404], EntityKey[j.index.module.apply.resourcesUnion.entity.ResourcesUnion#4405], EntityKey[j.index.module.apply.resourcesUnion.entity.ResourcesUnion#4406], EntityKey[j.index.module.apply.resourcesUnion.entity.ResourcesUnion#4399], EntityKey[j.index.module.apply.resourcesUnion.entity.ResourcesUnion#4400], EntityKey[j.index.module.apply.resourcesUnion.entity.ResourcesUnion#4401], EntityKey[j.index.module.apply.resourcesUnion.entity.ResourcesUnion#4402], EntityKey[j.index.module.apply.resourcesUnion.entity.ResourcesUnion#4395], EntityKey[j.index.module.apply.resourcesUnion.entity.ResourcesUnion#4396], EntityKey[j.index.module.apply.resourcesUnion.entity.ResourcesUnion#4397], EntityKey[j.index.module.apply.resourcesUnion.entity.ResourcesUnion#4398], EntityKey[j.index.module.apply.resourcesUnion.entity.ResourcesUnion#4454], EntityKey[j.index.module.apply.resourcesUnion.entity.ResourcesUnion#4453], EntityKey[j.index.module.apply.resourcesUnion.entity.ResourcesUnion#4452], EntityKey[j.index.module.apply.resourcesUnion.entity.ResourcesUnion#4451], EntityKey[j.index.module.apply.resourcesUnion.entity.ResourcesUnion#4458], EntityKey[j.index.module.apply.resourcesUnion.entity.ResourcesUnion#4457], EntityKey[j.index.module.apply.resourcesUnion.entity.ResourcesUnion#4456], EntityKey[j.index.module.apply.resourcesUnion.entity.ResourcesUnion#4455], EntityKey[j.index.module.apply.resourcesUnion.entity.ResourcesUnion#4446], EntityKey[j.index.module.apply.resourcesUnion.entity.ResourcesUnion#4445], EntityKey[j.index.module.apply.resourcesUnion.entity.ResourcesUnion#4444], EntityKey[j.index.module.apply.resourcesUnion.entity.ResourcesUnion#4443], EntityKey[j.index.module.apply.resourcesUnion.entity.ResourcesUnion#4450], EntityKey[j.index.module.apply.resourcesUnion.entity.ResourcesUnion#4449], EntityKey[j.index.module.apply.resourcesUnion.entity.ResourcesUnion#4448], EntityKey[j.index.module.apply.resourcesUnion.entity.ResourcesUnion#4447], EntityKey[j.index.module.apply.resourcesUnion.entity.ResourcesUnion#4437], EntityKey[j.index.module.apply.resourcesUnion.entity.ResourcesUnion#4438], EntityKey[j.index.module.apply.resourcesUnion.entity.ResourcesUnion#4435], EntityKey[j.index.module.apply.resourcesUnion.entity.ResourcesUnion#4436], EntityKey[j.index.module.apply.resourcesUnion.entity.ResourcesUnion#4441], EntityKey[j.index.module.apply.resourcesUnion.entity.ResourcesUnion#4442], EntityKey[j.index.module.apply.resourcesUnion.entity.ResourcesUnion#4439], EntityKey[j.index.module.apply.resourcesUnion.entity.ResourcesUnion#4440], EntityKey[j.index.module.apply.resourcesUnion.entity.ResourcesUnion#4429], EntityKey[j.index.module.apply.resourcesUnion.entity.ResourcesUnion#4430], EntityKey[j.index.module.apply.resourcesUnion.entity.ResourcesUnion#4427], EntityKey[j.index.module.apply.resourcesUnion.entity.ResourcesUnion#4428], EntityKey[j.index.module.apply.resourcesUnion.entity.ResourcesUnion#4433], EntityKey[j.index.module.apply.resourcesUnion.entity.ResourcesUnion#4434], EntityKey[j.index.module.apply.resourcesUnion.entity.ResourcesUnion#4431], EntityKey[j.index.module.apply.resourcesUnion.entity.ResourcesUnion#4432], EntityKey[j.index.module.apply.resourcesUnion.entity.ResourcesUnion#4484], EntityKey[j.index.module.apply.resourcesUnion.entity.ResourcesUnion#4483], EntityKey[j.index.module.apply.resourcesUnion.entity.ResourcesUnion#4486], EntityKey[j.index.module.apply.resourcesUnion.entity.ResourcesUnion#4485], EntityKey[j.index.module.apply.resourcesUnion.entity.ResourcesUnion#4488], EntityKey[j.index.module.apply.resourcesUnion.entity.ResourcesUnion#4487], EntityKey[j.index.module.apply.resourcesUnion.entity.ResourcesUnion#4490], EntityKey[j.index.module.apply.resourcesUnion.entity.ResourcesUnion#4489], EntityKey[j.index.module.apply.resourcesUnion.entity.ResourcesUnion#4476], EntityKey[j.index.module.apply.resourcesUnion.entity.ResourcesUnion#4475], EntityKey[j.index.module.apply.resourcesUnion.entity.ResourcesUnion#4478], EntityKey[j.index.module.apply.resourcesUnion.entity.ResourcesUnion#4477], EntityKey[j.index.module.apply.resourcesUnion.entity.ResourcesUnion#4480], EntityKey[j.index.module.apply.resourcesUnion.entity.ResourcesUnion#4479], EntityKey[j.index.module.apply.resourcesUnion.entity.ResourcesUnion#4482], EntityKey[j.index.module.apply.resourcesUnion.entity.ResourcesUnion#4481], EntityKey[j.index.module.apply.resourcesUnion.entity.ResourcesUnion#4467], EntityKey[j.index.module.apply.resourcesUnion.entity.ResourcesUnion#4468], EntityKey[j.index.module.apply.resourcesUnion.entity.ResourcesUnion#4469], EntityKey[j.index.module.apply.resourcesUnion.entity.ResourcesUnion#4470], EntityKey[j.index.module.apply.resourcesUnion.entity.ResourcesUnion#4471], EntityKey[j.index.module.apply.resourcesUnion.entity.ResourcesUnion#4472], EntityKey[j.index.module.apply.resourcesUnion.entity.ResourcesUnion#4473], EntityKey[j.index.module.apply.resourcesUnion.entity.ResourcesUnion#4474], EntityKey[j.index.module.apply.resourcesUnion.entity.ResourcesUnion#4459], EntityKey[j.index.module.apply.resourcesUnion.entity.ResourcesUnion#4460], EntityKey[j.index.module.apply.resourcesUnion.entity.ResourcesUnion#4461], EntityKey[j.index.module.apply.resourcesUnion.entity.ResourcesUnion#4462], EntityKey[j.index.module.apply.resourcesUnion.entity.ResourcesUnion#4463], EntityKey[j.index.module.apply.resourcesUnion.entity.ResourcesUnion#4464], EntityKey[j.index.module.apply.resourcesUnion.entity.ResourcesUnion#4465], EntityKey[j.index.module.apply.resourcesUnion.entity.ResourcesUnion#4466], EntityKey[j.index.module.apply.resourcesUnion.entity.ResourcesUnion#3984], EntityKey[j.index.module.apply.resourcesUnion.entity.ResourcesUnion#3983], EntityKey[j.index.module.apply.resourcesUnion.entity.ResourcesUnion#3986], EntityKey[j.index.module.apply.resourcesUnion.entity.ResourcesUnion#3985], EntityKey[j.index.module.apply.resourcesUnion.entity.ResourcesUnion#3980], EntityKey[j.index.module.apply.resourcesUnion.entity.ResourcesUnion#3979], EntityKey[j.index.module.apply.resourcesUnion.entity.ResourcesUnion#3982], EntityKey[j.index.module.apply.resourcesUnion.entity.ResourcesUnion#3981], EntityKey[j.index.module.apply.resourcesUnion.entity.ResourcesUnion#3992], EntityKey[j.index.module.apply.resourcesUnion.entity.ResourcesUnion#3991], EntityKey[j.index.module.apply.resourcesUnion.entity.ResourcesUnion#3994], EntityKey[j.index.module.apply.resourcesUnion.entity.ResourcesUnion#3993], EntityKey[j.index.module.apply.resourcesUnion.entity.ResourcesUnion#3988], EntityKey[j.index.module.apply.resourcesUnion.entity.ResourcesUnion#3987], EntityKey[j.index.module.apply.resourcesUnion.entity.ResourcesUnion#3990], EntityKey[j.index.module.apply.resourcesUnion.entity.ResourcesUnion#3989], EntityKey[j.index.module.apply.resourcesUnion.entity.ResourcesUnion#3999], EntityKey[j.index.module.apply.resourcesUnion.entity.ResourcesUnion#4000], EntityKey[j.index.module.apply.resourcesUnion.entity.ResourcesUnion#4001], EntityKey[j.index.module.apply.resourcesUnion.entity.ResourcesUnion#4002], EntityKey[j.index.module.apply.resourcesUnion.entity.ResourcesUnion#3995], EntityKey[j.index.module.apply.resourcesUnion.entity.ResourcesUnion#3996], EntityKey[j.index.module.apply.resourcesUnion.entity.ResourcesUnion#3997], EntityKey[j.index.module.apply.resourcesUnion.entity.ResourcesUnion#3998], EntityKey[j.index.module.apply.resourcesUnion.entity.ResourcesUnion#4007], EntityKey[j.index.module.apply.resourcesUnion.entity.ResourcesUnion#4008], EntityKey[j.index.module.apply.resourcesUnion.entity.ResourcesUnion#4009], EntityKey[j.index.module.apply.resourcesUnion.entity.ResourcesUnion#4010], EntityKey[j.index.module.apply.resourcesUnion.entity.ResourcesUnion#4003], EntityKey[j.index.module.apply.resourcesUnion.entity.ResourcesUnion#4004], EntityKey[j.index.module.apply.resourcesUnion.entity.ResourcesUnion#4005], EntityKey[j.index.module.apply.resourcesUnion.entity.ResourcesUnion#4006], EntityKey[j.index.module.apply.resourcesUnion.entity.ResourcesUnion#4018], EntityKey[j.index.module.apply.resourcesUnion.entity.ResourcesUnion#4017], EntityKey[j.index.module.apply.resourcesUnion.entity.ResourcesUnion#4016], EntityKey[j.index.module.apply.resourcesUnion.entity.ResourcesUnion#4015], EntityKey[j.index.module.apply.resourcesUnion.entity.ResourcesUnion#4014], EntityKey[j.index.module.apply.resourcesUnion.entity.ResourcesUnion#4013], EntityKey[j.index.module.apply.resourcesUnion.entity.ResourcesUnion#4012], EntityKey[j.index.module.apply.resourcesUnion.entity.ResourcesUnion#4011], EntityKey[j.index.module.apply.resourcesUnion.entity.ResourcesUnion#4026], EntityKey[j.index.module.apply.resourcesUnion.entity.ResourcesUnion#4025], EntityKey[j.index.module.apply.resourcesUnion.entity.ResourcesUnion#4024], EntityKey[j.index.module.apply.resourcesUnion.entity.ResourcesUnion#4023], EntityKey[j.index.module.apply.resourcesUnion.entity.ResourcesUnion#4022], EntityKey[j.index.module.apply.resourcesUnion.entity.ResourcesUnion#4021], EntityKey[j.index.module.apply.resourcesUnion.entity.ResourcesUnion#4020], EntityKey[j.index.module.apply.resourcesUnion.entity.ResourcesUnion#4019], EntityKey[j.index.module.apply.resourcesUnion.entity.ResourcesUnion#4033], EntityKey[j.index.module.apply.resourcesUnion.entity.ResourcesUnion#4034], EntityKey[j.index.module.apply.resourcesUnion.entity.ResourcesUnion#4031], EntityKey[j.index.module.apply.resourcesUnion.entity.ResourcesUnion#4032], EntityKey[j.index.module.apply.resourcesUnion.entity.ResourcesUnion#4029], EntityKey[j.index.module.apply.resourcesUnion.entity.ResourcesUnion#4030], EntityKey[j.index.module.apply.resourcesUnion.entity.ResourcesUnion#4027], EntityKey[j.index.module.apply.resourcesUnion.entity.ResourcesUnion#4028], EntityKey[j.index.module.apply.resourcesUnion.entity.ResourcesUnion#4041], EntityKey[j.index.module.apply.resourcesUnion.entity.ResourcesUnion#4042], EntityKey[j.index.module.apply.resourcesUnion.entity.ResourcesUnion#4039], EntityKey[j.index.module.apply.resourcesUnion.entity.ResourcesUnion#4040], EntityKey[j.index.module.apply.resourcesUnion.entity.ResourcesUnion#4037], EntityKey[j.index.module.apply.resourcesUnion.entity.ResourcesUnion#4038], EntityKey[j.index.module.apply.resourcesUnion.entity.ResourcesUnion#4035], EntityKey[j.index.module.apply.resourcesUnion.entity.ResourcesUnion#4036], EntityKey[j.index.module.apply.resourcesUnion.entity.ResourcesUnion#4044], EntityKey[j.index.module.apply.resourcesUnion.entity.ResourcesUnion#4043], EntityKey[j.index.module.apply.resourcesUnion.entity.ResourcesUnion#4046], EntityKey[j.index.module.apply.resourcesUnion.entity.ResourcesUnion#4045], EntityKey[j.index.module.apply.resourcesUnion.entity.ResourcesUnion#4048], EntityKey[j.index.module.apply.resourcesUnion.entity.ResourcesUnion#4047], EntityKey[j.index.module.apply.resourcesUnion.entity.ResourcesUnion#4050], EntityKey[j.index.module.apply.resourcesUnion.entity.ResourcesUnion#4049], EntityKey[j.index.module.apply.resourcesUnion.entity.ResourcesUnion#4052], EntityKey[j.index.module.apply.resourcesUnion.entity.ResourcesUnion#4051], EntityKey[j.index.module.apply.resourcesUnion.entity.ResourcesUnion#4054], EntityKey[j.index.module.apply.resourcesUnion.entity.ResourcesUnion#4053], EntityKey[j.index.module.apply.resourcesUnion.entity.ResourcesUnion#4056], EntityKey[j.index.module.apply.resourcesUnion.entity.ResourcesUnion#4055], EntityKey[j.index.module.apply.resourcesUnion.entity.ResourcesUnion#4058], EntityKey[j.index.module.apply.resourcesUnion.entity.ResourcesUnion#4057], EntityKey[j.index.module.apply.resourcesUnion.entity.ResourcesUnion#4059], EntityKey[j.index.module.apply.resourcesUnion.entity.ResourcesUnion#4060], EntityKey[j.index.module.apply.resourcesUnion.entity.ResourcesUnion#4061], EntityKey[j.index.module.apply.resourcesUnion.entity.ResourcesUnion#4062], EntityKey[j.index.module.apply.resourcesUnion.entity.ResourcesUnion#4063], EntityKey[j.index.module.apply.resourcesUnion.entity.ResourcesUnion#4064], EntityKey[j.index.module.apply.resourcesUnion.entity.ResourcesUnion#4065], EntityKey[j.index.module.apply.resourcesUnion.entity.ResourcesUnion#4066], EntityKey[j.index.module.apply.resourcesUnion.entity.ResourcesUnion#4067], EntityKey[j.index.module.apply.resourcesUnion.entity.ResourcesUnion#4068], EntityKey[j.index.module.apply.resourcesUnion.entity.ResourcesUnion#4069], EntityKey[j.index.module.apply.resourcesUnion.entity.ResourcesUnion#4070], EntityKey[j.index.module.apply.resourcesUnion.entity.ResourcesUnion#4071], EntityKey[j.index.module.apply.resourcesUnion.entity.ResourcesUnion#4072], EntityKey[j.index.module.apply.resourcesUnion.entity.ResourcesUnion#4073], EntityKey[j.index.module.apply.resourcesUnion.entity.ResourcesUnion#4074], EntityKey[j.index.module.apply.resourcesUnion.entity.ResourcesUnion#4078], EntityKey[j.index.module.apply.resourcesUnion.entity.ResourcesUnion#4077], EntityKey[j.index.module.apply.resourcesUnion.entity.ResourcesUnion#4076], EntityKey[j.index.module.apply.resourcesUnion.entity.ResourcesUnion#4075], EntityKey[j.index.module.apply.resourcesUnion.entity.ResourcesUnion#4082], EntityKey[j.index.module.apply.resourcesUnion.entity.ResourcesUnion#4081], EntityKey[j.index.module.apply.resourcesUnion.entity.ResourcesUnion#4080], EntityKey[j.index.module.apply.resourcesUnion.entity.ResourcesUnion#4079], EntityKey[j.index.module.apply.resourcesUnion.entity.ResourcesUnion#4086], EntityKey[j.index.module.apply.resourcesUnion.entity.ResourcesUnion#4085], EntityKey[j.index.module.apply.resourcesUnion.entity.ResourcesUnion#4084], EntityKey[j.index.module.apply.resourcesUnion.entity.ResourcesUnion#4083], EntityKey[j.index.module.apply.resourcesUnion.entity.ResourcesUnion#4090], EntityKey[j.index.module.apply.resourcesUnion.entity.ResourcesUnion#4089], EntityKey[j.index.module.apply.resourcesUnion.entity.ResourcesUnion#4088], EntityKey[j.index.module.apply.resourcesUnion.entity.ResourcesUnion#4087], EntityKey[j.index.module.apply.resourcesUnion.entity.ResourcesUnion#4093], EntityKey[j.index.module.apply.resourcesUnion.entity.ResourcesUnion#4094], EntityKey[j.index.module.apply.resourcesUnion.entity.ResourcesUnion#4091], EntityKey[j.index.module.apply.resourcesUnion.entity.ResourcesUnion#4092], EntityKey[j.index.module.apply.resourcesUnion.entity.ResourcesUnion#4097], EntityKey[j.index.module.apply.resourcesUnion.entity.ResourcesUnion#4098], EntityKey[j.index.module.apply.resourcesUnion.entity.ResourcesUnion#4095], EntityKey[j.index.module.apply.resourcesUnion.entity.ResourcesUnion#4096], EntityKey[j.index.module.apply.resourcesUnion.entity.ResourcesUnion#4101], EntityKey[j.index.module.apply.resourcesUnion.entity.ResourcesUnion#4102], EntityKey[j.index.module.apply.resourcesUnion.entity.ResourcesUnion#4099], EntityKey[j.index.module.apply.resourcesUnion.entity.ResourcesUnion#4100], EntityKey[j.index.module.apply.resourcesUnion.entity.ResourcesUnion#4105], EntityKey[j.index.module.apply.resourcesUnion.entity.ResourcesUnion#4106], EntityKey[j.index.module.apply.resourcesUnion.entity.ResourcesUnion#4103], EntityKey[j.index.module.apply.resourcesUnion.entity.ResourcesUnion#4104], EntityKey[j.index.module.apply.resourcesUnion.entity.ResourcesUnion#4119], EntityKey[j.index.module.apply.resourcesUnion.entity.ResourcesUnion#4120], EntityKey[j.index.module.apply.resourcesUnion.entity.ResourcesUnion#4121], EntityKey[j.index.module.apply.resourcesUnion.entity.ResourcesUnion#4122], EntityKey[j.index.module.apply.resourcesUnion.entity.ResourcesUnion#4115], EntityKey[j.index.module.apply.resourcesUnion.entity.ResourcesUnion#4116], EntityKey[j.index.module.apply.resourcesUnion.entity.ResourcesUnion#4117], EntityKey[j.index.module.apply.resourcesUnion.entity.ResourcesUnion#4118], EntityKey[j.index.module.apply.resourcesUnion.entity.ResourcesUnion#4111], EntityKey[j.index.module.apply.resourcesUnion.entity.ResourcesUnion#4112], EntityKey[j.index.module.apply.resourcesUnion.entity.ResourcesUnion#4113], EntityKey[j.index.module.apply.resourcesUnion.entity.ResourcesUnion#4114], EntityKey[j.index.module.apply.resourcesUnion.entity.ResourcesUnion#4107], EntityKey[j.index.module.apply.resourcesUnion.entity.ResourcesUnion#4108], EntityKey[j.index.module.apply.resourcesUnion.entity.ResourcesUnion#4109], EntityKey[j.index.module.apply.resourcesUnion.entity.ResourcesUnion#4110], EntityKey[j.index.module.apply.resourcesUnion.entity.ResourcesUnion#4136], EntityKey[j.index.module.apply.resourcesUnion.entity.ResourcesUnion#4135], EntityKey[j.index.module.apply.resourcesUnion.entity.ResourcesUnion#4138], EntityKey[j.index.module.apply.resourcesUnion.entity.ResourcesUnion#4137], EntityKey[j.index.module.apply.resourcesUnion.entity.ResourcesUnion#4132], EntityKey[j.index.module.apply.resourcesUnion.entity.ResourcesUnion#4131], EntityKey[j.index.module.apply.resourcesUnion.entity.ResourcesUnion#4134], EntityKey[j.index.module.apply.resourcesUnion.entity.ResourcesUnion#4133], EntityKey[j.index.module.apply.resourcesUnion.entity.ResourcesUnion#4128], EntityKey[j.index.module.apply.resourcesUnion.entity.ResourcesUnion#4127], EntityKey[j.index.module.apply.resourcesUnion.entity.ResourcesUnion#4130], EntityKey[j.index.module.apply.resourcesUnion.entity.ResourcesUnion#4129], EntityKey[j.index.module.apply.resourcesUnion.entity.ResourcesUnion#4124], EntityKey[j.index.module.apply.resourcesUnion.entity.ResourcesUnion#4123], EntityKey[j.index.module.apply.resourcesUnion.entity.ResourcesUnion#4126], EntityKey[j.index.module.apply.resourcesUnion.entity.ResourcesUnion#4125], EntityKey[j.index.module.apply.resourcesUnion.entity.ResourcesUnion#4153], EntityKey[j.index.module.apply.resourcesUnion.entity.ResourcesUnion#4154], EntityKey[j.index.module.apply.resourcesUnion.entity.ResourcesUnion#4151], EntityKey[j.index.module.apply.resourcesUnion.entity.ResourcesUnion#4152], EntityKey[j.index.module.apply.resourcesUnion.entity.ResourcesUnion#4149], EntityKey[j.index.module.apply.resourcesUnion.entity.ResourcesUnion#4150], EntityKey[j.index.module.apply.resourcesUnion.entity.ResourcesUnion#4147], EntityKey[j.index.module.apply.resourcesUnion.entity.ResourcesUnion#4148], EntityKey[j.index.module.apply.resourcesUnion.entity.ResourcesUnion#4145], EntityKey[j.index.module.apply.resourcesUnion.entity.ResourcesUnion#4146], EntityKey[j.index.module.apply.resourcesUnion.entity.ResourcesUnion#4143], EntityKey[j.index.module.apply.resourcesUnion.entity.ResourcesUnion#4144], EntityKey[j.index.module.apply.resourcesUnion.entity.ResourcesUnion#4141], EntityKey[j.index.module.apply.resourcesUnion.entity.ResourcesUnion#4142], EntityKey[j.index.module.apply.resourcesUnion.entity.ResourcesUnion#4139], EntityKey[j.index.module.apply.resourcesUnion.entity.ResourcesUnion#4140], EntityKey[j.index.module.apply.resourcesUnion.entity.ResourcesUnion#4170], EntityKey[j.index.module.apply.resourcesUnion.entity.ResourcesUnion#4169], EntityKey[j.index.module.apply.resourcesUnion.entity.ResourcesUnion#4168], EntityKey[j.index.module.apply.resourcesUnion.entity.ResourcesUnion#4167], EntityKey[j.index.module.apply.resourcesUnion.entity.ResourcesUnion#4166], EntityKey[j.index.module.apply.resourcesUnion.entity.ResourcesUnion#4165], EntityKey[j.index.module.apply.resourcesUnion.entity.ResourcesUnion#4164], EntityKey[j.index.module.apply.resourcesUnion.entity.ResourcesUnion#4163], EntityKey[j.index.module.apply.resourcesUnion.entity.ResourcesUnion#4162], EntityKey[j.index.module.apply.resourcesUnion.entity.ResourcesUnion#4161], EntityKey[j.index.module.apply.resourcesUnion.entity.ResourcesUnion#4160], EntityKey[j.index.module.apply.resourcesUnion.entity.ResourcesUnion#4159], EntityKey[j.index.module.apply.resourcesUnion.entity.ResourcesUnion#4158], EntityKey[j.index.module.apply.resourcesUnion.entity.ResourcesUnion#4157], EntityKey[j.index.module.apply.resourcesUnion.entity.ResourcesUnion#4156], EntityKey[j.index.module.apply.resourcesUnion.entity.ResourcesUnion#4155], EntityKey[j.index.module.apply.resourcesUnion.entity.ResourcesUnion#4179], EntityKey[j.index.module.apply.resourcesUnion.entity.ResourcesUnion#4180], EntityKey[j.index.module.apply.resourcesUnion.entity.ResourcesUnion#4181], EntityKey[j.index.module.apply.resourcesUnion.entity.ResourcesUnion#4182], EntityKey[j.index.module.apply.resourcesUnion.entity.ResourcesUnion#4183], EntityKey[j.index.module.apply.resourcesUnion.entity.ResourcesUnion#4184], EntityKey[j.index.module.apply.resourcesUnion.entity.ResourcesUnion#4185], EntityKey[j.index.module.apply.resourcesUnion.entity.ResourcesUnion#4186], EntityKey[j.index.module.apply.resourcesUnion.entity.ResourcesUnion#4171], EntityKey[j.index.module.apply.resourcesUnion.entity.ResourcesUnion#4172], EntityKey[j.index.module.apply.resourcesUnion.entity.ResourcesUnion#4173], EntityKey[j.index.module.apply.resourcesUnion.entity.ResourcesUnion#4174], EntityKey[j.index.module.apply.resourcesUnion.entity.ResourcesUnion#4175], EntityKey[j.index.module.apply.resourcesUnion.entity.ResourcesUnion#4176], EntityKey[j.index.module.apply.resourcesUnion.entity.ResourcesUnion#4177], EntityKey[j.index.module.apply.resourcesUnion.entity.ResourcesUnion#4178], EntityKey[j.index.module.apply.resourcesUnion.entity.ResourcesUnion#4196], EntityKey[j.index.module.apply.resourcesUnion.entity.ResourcesUnion#4195], EntityKey[j.index.module.apply.resourcesUnion.entity.ResourcesUnion#4198], EntityKey[j.index.module.apply.resourcesUnion.entity.ResourcesUnion#4197], EntityKey[j.index.module.apply.resourcesUnion.entity.ResourcesUnion#4200], EntityKey[j.index.module.apply.resourcesUnion.entity.ResourcesUnion#4199], EntityKey[j.index.module.apply.resourcesUnion.entity.ResourcesUnion#4202], EntityKey[j.index.module.apply.resourcesUnion.entity.ResourcesUnion#4201], EntityKey[j.index.module.apply.resourcesUnion.entity.ResourcesUnion#4188], EntityKey[j.index.module.apply.resourcesUnion.entity.ResourcesUnion#4187], EntityKey[j.index.module.apply.resourcesUnion.entity.ResourcesUnion#4190], EntityKey[j.index.module.apply.resourcesUnion.entity.ResourcesUnion#4189], EntityKey[j.index.module.apply.resourcesUnion.entity.ResourcesUnion#4192], EntityKey[j.index.module.apply.resourcesUnion.entity.ResourcesUnion#4191], EntityKey[j.index.module.apply.resourcesUnion.entity.ResourcesUnion#4194], EntityKey[j.index.module.apply.resourcesUnion.entity.ResourcesUnion#4193], EntityKey[j.index.module.apply.resourcesUnion.entity.ResourcesUnion#4213], EntityKey[j.index.module.apply.resourcesUnion.entity.ResourcesUnion#4214], EntityKey[j.index.module.apply.resourcesUnion.entity.ResourcesUnion#4211], EntityKey[j.index.module.apply.resourcesUnion.entity.ResourcesUnion#4212], EntityKey[j.index.module.apply.resourcesUnion.entity.ResourcesUnion#4217], EntityKey[j.index.module.apply.resourcesUnion.entity.ResourcesUnion#4218], EntityKey[j.index.module.apply.resourcesUnion.entity.ResourcesUnion#4215], EntityKey[j.index.module.apply.resourcesUnion.entity.ResourcesUnion#4216], EntityKey[j.index.module.apply.resourcesUnion.entity.ResourcesUnion#4205], EntityKey[j.index.module.apply.resourcesUnion.entity.ResourcesUnion#4206], EntityKey[j.index.module.apply.resourcesUnion.entity.ResourcesUnion#4203], EntityKey[j.index.module.apply.resourcesUnion.entity.ResourcesUnion#4204], EntityKey[j.index.module.apply.resourcesUnion.entity.ResourcesUnion#4209], EntityKey[j.index.module.apply.resourcesUnion.entity.ResourcesUnion#4210], EntityKey[j.index.module.apply.resourcesUnion.entity.ResourcesUnion#4207], EntityKey[j.index.module.apply.resourcesUnion.entity.ResourcesUnion#4208], EntityKey[j.index.module.apply.resourcesUnion.entity.ResourcesUnion#4230], EntityKey[j.index.module.apply.resourcesUnion.entity.ResourcesUnion#4229], EntityKey[j.index.module.apply.resourcesUnion.entity.ResourcesUnion#4228], EntityKey[j.index.module.apply.resourcesUnion.entity.ResourcesUnion#4227], EntityKey[j.index.module.apply.resourcesUnion.entity.ResourcesUnion#4234], EntityKey[j.index.module.apply.resourcesUnion.entity.ResourcesUnion#4233], EntityKey[j.index.module.apply.resourcesUnion.entity.ResourcesUnion#4232], EntityKey[j.index.module.apply.resourcesUnion.entity.ResourcesUnion#4231], EntityKey[j.index.module.apply.resourcesUnion.entity.ResourcesUnion#4222], EntityKey[j.index.module.apply.resourcesUnion.entity.ResourcesUnion#4221], EntityKey[j.index.module.apply.resourcesUnion.entity.ResourcesUnion#4220], EntityKey[j.index.module.apply.resourcesUnion.entity.ResourcesUnion#4219], EntityKey[j.index.module.apply.resourcesUnion.entity.ResourcesUnion#4226], EntityKey[j.index.module.apply.resourcesUnion.entity.ResourcesUnion#4225], EntityKey[j.index.module.apply.resourcesUnion.entity.ResourcesUnion#4224], EntityKey[j.index.module.apply.resourcesUnion.entity.ResourcesUnion#4223], EntityKey[j.index.module.apply.resourcesUnion.entity.ResourcesUnion#4871], EntityKey[j.index.module.apply.resourcesUnion.entity.ResourcesUnion#4872], EntityKey[j.index.module.apply.resourcesUnion.entity.ResourcesUnion#4873], EntityKey[j.index.module.apply.resourcesUnion.entity.ResourcesUnion#4874], EntityKey[j.index.module.apply.resourcesUnion.entity.ResourcesUnion#4867], EntityKey[j.index.module.apply.resourcesUnion.entity.ResourcesUnion#4868], EntityKey[j.index.module.apply.resourcesUnion.entity.ResourcesUnion#4869], EntityKey[j.index.module.apply.resourcesUnion.entity.ResourcesUnion#4870], EntityKey[j.index.module.apply.resourcesUnion.entity.ResourcesUnion#4863], EntityKey[j.index.module.apply.resourcesUnion.entity.ResourcesUnion#4864], EntityKey[j.index.module.apply.resourcesUnion.entity.ResourcesUnion#4865], EntityKey[j.index.module.apply.resourcesUnion.entity.ResourcesUnion#4866], EntityKey[j.index.module.apply.resourcesUnion.entity.ResourcesUnion#4859], EntityKey[j.index.module.apply.resourcesUnion.entity.ResourcesUnion#4860], EntityKey[j.index.module.apply.resourcesUnion.entity.ResourcesUnion#4861], EntityKey[j.index.module.apply.resourcesUnion.entity.ResourcesUnion#4862], EntityKey[j.index.module.apply.resourcesUnion.entity.ResourcesUnion#4856], EntityKey[j.index.module.apply.resourcesUnion.entity.ResourcesUnion#4855], EntityKey[j.index.module.apply.resourcesUnion.entity.ResourcesUnion#4858], EntityKey[j.index.module.apply.resourcesUnion.entity.ResourcesUnion#4857], EntityKey[j.index.module.apply.resourcesUnion.entity.ResourcesUnion#4852], EntityKey[j.index.module.apply.resourcesUnion.entity.ResourcesUnion#4851], EntityKey[j.index.module.apply.resourcesUnion.entity.ResourcesUnion#4854], EntityKey[j.index.module.apply.resourcesUnion.entity.ResourcesUnion#4853], EntityKey[j.index.module.apply.resourcesUnion.entity.ResourcesUnion#4848], EntityKey[j.index.module.apply.resourcesUnion.entity.ResourcesUnion#4847], EntityKey[j.index.module.apply.resourcesUnion.entity.ResourcesUnion#4850], EntityKey[j.index.module.apply.resourcesUnion.entity.ResourcesUnion#4849], EntityKey[j.index.module.apply.resourcesUnion.entity.ResourcesUnion#4844], EntityKey[j.index.module.apply.resourcesUnion.entity.ResourcesUnion#4843], EntityKey[j.index.module.apply.resourcesUnion.entity.ResourcesUnion#4846], EntityKey[j.index.module.apply.resourcesUnion.entity.ResourcesUnion#4845], EntityKey[j.index.module.apply.resourcesUnion.entity.ResourcesUnion#4841], EntityKey[j.index.module.apply.resourcesUnion.entity.ResourcesUnion#4842], EntityKey[j.index.module.apply.resourcesUnion.entity.ResourcesUnion#4839], EntityKey[j.index.module.apply.resourcesUnion.entity.ResourcesUnion#4840], EntityKey[j.index.module.apply.resourcesUnion.entity.ResourcesUnion#4837], EntityKey[j.index.module.apply.resourcesUnion.entity.ResourcesUnion#4838], EntityKey[j.index.module.apply.resourcesUnion.entity.ResourcesUnion#4835], EntityKey[j.index.module.apply.resourcesUnion.entity.ResourcesUnion#4836], EntityKey[j.index.module.apply.resourcesUnion.entity.ResourcesUnion#4833], EntityKey[j.index.module.apply.resourcesUnion.entity.ResourcesUnion#4834], EntityKey[j.index.module.apply.resourcesUnion.entity.ResourcesUnion#4831], EntityKey[j.index.module.apply.resourcesUnion.entity.ResourcesUnion#4832], EntityKey[j.index.module.apply.resourcesUnion.entity.ResourcesUnion#4829], EntityKey[j.index.module.apply.resourcesUnion.entity.ResourcesUnion#4830], EntityKey[j.index.module.apply.resourcesUnion.entity.ResourcesUnion#4827], EntityKey[j.index.module.apply.resourcesUnion.entity.ResourcesUnion#4828], EntityKey[j.index.module.apply.resourcesUnion.entity.ResourcesUnion#4826], EntityKey[j.index.module.apply.resourcesUnion.entity.ResourcesUnion#4825], EntityKey[j.index.module.apply.resourcesUnion.entity.ResourcesUnion#4824], EntityKey[j.index.module.apply.resourcesUnion.entity.ResourcesUnion#4823], EntityKey[j.index.module.apply.resourcesUnion.entity.ResourcesUnion#4822], EntityKey[j.index.module.apply.resourcesUnion.entity.ResourcesUnion#4821], EntityKey[j.index.module.apply.resourcesUnion.entity.ResourcesUnion#4820], EntityKey[j.index.module.apply.resourcesUnion.entity.ResourcesUnion#4819], EntityKey[j.index.module.apply.resourcesUnion.entity.ResourcesUnion#4818], EntityKey[j.index.module.apply.resourcesUnion.entity.ResourcesUnion#4817], EntityKey[j.index.module.apply.resourcesUnion.entity.ResourcesUnion#4816], EntityKey[j.index.module.apply.resourcesUnion.entity.ResourcesUnion#4815], EntityKey[j.index.module.apply.resourcesUnion.entity.ResourcesUnion#4814], EntityKey[j.index.module.apply.resourcesUnion.entity.ResourcesUnion#4813], EntityKey[j.index.module.apply.resourcesUnion.entity.ResourcesUnion#4812], EntityKey[j.index.module.apply.resourcesUnion.entity.ResourcesUnion#4811], EntityKey[j.index.module.apply.resourcesUnion.entity.ResourcesUnion#4803], EntityKey[j.index.module.apply.resourcesUnion.entity.ResourcesUnion#4804], EntityKey[j.index.module.apply.resourcesUnion.entity.ResourcesUnion#4805], EntityKey[j.index.module.apply.resourcesUnion.entity.ResourcesUnion#4806], EntityKey[j.index.module.apply.resourcesUnion.entity.ResourcesUnion#4807], EntityKey[j.index.module.apply.resourcesUnion.entity.ResourcesUnion#4808], EntityKey[j.index.module.apply.resourcesUnion.entity.ResourcesUnion#4809], EntityKey[j.index.module.apply.resourcesUnion.entity.ResourcesUnion#4810], EntityKey[j.index.module.apply.resourcesUnion.entity.ResourcesUnion#4795], EntityKey[j.index.module.apply.resourcesUnion.entity.ResourcesUnion#4796], EntityKey[j.index.module.apply.resourcesUnion.entity.ResourcesUnion#4797], EntityKey[j.index.module.apply.resourcesUnion.entity.ResourcesUnion#4798], EntityKey[j.index.module.apply.resourcesUnion.entity.ResourcesUnion#4799], EntityKey[j.index.module.apply.resourcesUnion.entity.ResourcesUnion#4800], EntityKey[j.index.module.apply.resourcesUnion.entity.ResourcesUnion#4801], EntityKey[j.index.module.apply.resourcesUnion.entity.ResourcesUnion#4802], EntityKey[j.index.module.apply.resourcesUnion.entity.ResourcesUnion#4788], EntityKey[j.index.module.apply.resourcesUnion.entity.ResourcesUnion#4787], EntityKey[j.index.module.apply.resourcesUnion.entity.ResourcesUnion#4790], EntityKey[j.index.module.apply.resourcesUnion.entity.ResourcesUnion#4789], EntityKey[j.index.module.apply.resourcesUnion.entity.ResourcesUnion#4792], EntityKey[j.index.module.apply.resourcesUnion.entity.ResourcesUnion#4791], EntityKey[j.index.module.apply.resourcesUnion.entity.ResourcesUnion#4794], EntityKey[j.index.module.apply.resourcesUnion.entity.ResourcesUnion#4793], EntityKey[j.index.module.apply.resourcesUnion.entity.ResourcesUnion#4780], EntityKey[j.index.module.apply.resourcesUnion.entity.ResourcesUnion#4779], EntityKey[j.index.module.apply.resourcesUnion.entity.ResourcesUnion#4782], EntityKey[j.index.module.apply.resourcesUnion.entity.ResourcesUnion#4781], EntityKey[j.index.module.apply.resourcesUnion.entity.ResourcesUnion#4784], EntityKey[j.index.module.apply.resourcesUnion.entity.ResourcesUnion#4783], EntityKey[j.index.module.apply.resourcesUnion.entity.ResourcesUnion#4786], EntityKey[j.index.module.apply.resourcesUnion.entity.ResourcesUnion#4785], EntityKey[j.index.module.apply.resourcesUnion.entity.ResourcesUnion#4773], EntityKey[j.index.module.apply.resourcesUnion.entity.ResourcesUnion#4774], EntityKey[j.index.module.apply.resourcesUnion.entity.ResourcesUnion#4771], EntityKey[j.index.module.apply.resourcesUnion.entity.ResourcesUnion#4772], EntityKey[j.index.module.apply.resourcesUnion.entity.ResourcesUnion#4777], EntityKey[j.index.module.apply.resourcesUnion.entity.ResourcesUnion#4778], EntityKey[j.index.module.apply.resourcesUnion.entity.ResourcesUnion#4775], EntityKey[j.index.module.apply.resourcesUnion.entity.ResourcesUnion#4776], EntityKey[j.index.module.apply.resourcesUnion.entity.ResourcesUnion#4765], EntityKey[j.index.module.apply.resourcesUnion.entity.ResourcesUnion#4766], EntityKey[j.index.module.apply.resourcesUnion.entity.ResourcesUnion#4763], EntityKey[j.index.module.apply.resourcesUnion.entity.ResourcesUnion#4764], EntityKey[j.index.module.apply.resourcesUnion.entity.ResourcesUnion#4769], EntityKey[j.index.module.apply.resourcesUnion.entity.ResourcesUnion#4770], EntityKey[j.index.module.apply.resourcesUnion.entity.ResourcesUnion#4767], EntityKey[j.index.module.apply.resourcesUnion.entity.ResourcesUnion#4768], EntityKey[j.index.module.apply.resourcesUnion.entity.ResourcesUnion#4758], EntityKey[j.index.module.apply.resourcesUnion.entity.ResourcesUnion#4757], EntityKey[j.index.module.apply.resourcesUnion.entity.ResourcesUnion#4756], EntityKey[j.index.module.apply.resourcesUnion.entity.ResourcesUnion#4755], EntityKey[j.index.module.apply.resourcesUnion.entity.ResourcesUnion#4762], EntityKey[j.index.module.apply.resourcesUnion.entity.ResourcesUnion#4761], EntityKey[j.index.module.apply.resourcesUnion.entity.ResourcesUnion#4760], EntityKey[j.index.module.apply.resourcesUnion.entity.ResourcesUnion#4759], EntityKey[j.index.module.apply.resourcesUnion.entity.ResourcesUnion#4750], EntityKey[j.index.module.apply.resourcesUnion.entity.ResourcesUnion#4749], EntityKey[j.index.module.apply.resourcesUnion.entity.ResourcesUnion#4748], EntityKey[j.index.module.apply.resourcesUnion.entity.ResourcesUnion#4747], EntityKey[j.index.module.apply.resourcesUnion.entity.ResourcesUnion#4754], EntityKey[j.index.module.apply.resourcesUnion.entity.ResourcesUnion#4753], EntityKey[j.index.module.apply.resourcesUnion.entity.ResourcesUnion#4752], EntityKey[j.index.module.apply.resourcesUnion.entity.ResourcesUnion#4751], EntityKey[j.index.module.apply.resourcesUnion.entity.ResourcesUnion#4992], EntityKey[j.index.module.apply.resourcesUnion.entity.ResourcesUnion#4991], EntityKey[j.index.module.apply.resourcesUnion.entity.ResourcesUnion#4994], EntityKey[j.index.module.apply.resourcesUnion.entity.ResourcesUnion#4993], EntityKey[j.index.module.apply.resourcesUnion.entity.ResourcesUnion#4988], EntityKey[j.index.module.apply.resourcesUnion.entity.ResourcesUnion#4987], EntityKey[j.index.module.apply.resourcesUnion.entity.ResourcesUnion#4990], EntityKey[j.index.module.apply.resourcesUnion.entity.ResourcesUnion#4989], EntityKey[j.index.module.apply.resourcesUnion.entity.ResourcesUnion#5000], EntityKey[j.index.module.apply.resourcesUnion.entity.ResourcesUnion#4999], EntityKey[j.index.module.apply.resourcesUnion.entity.ResourcesUnion#5002], EntityKey[j.index.module.apply.resourcesUnion.entity.ResourcesUnion#5001], EntityKey[j.index.module.apply.resourcesUnion.entity.ResourcesUnion#4996], EntityKey[j.index.module.apply.resourcesUnion.entity.ResourcesUnion#4995], EntityKey[j.index.module.apply.resourcesUnion.entity.ResourcesUnion#4998], EntityKey[j.index.module.apply.resourcesUnion.entity.ResourcesUnion#4997], EntityKey[j.index.module.apply.resourcesUnion.entity.ResourcesUnion#4975], EntityKey[j.index.module.apply.resourcesUnion.entity.ResourcesUnion#4976], EntityKey[j.index.module.apply.resourcesUnion.entity.ResourcesUnion#4977], EntityKey[j.index.module.apply.resourcesUnion.entity.ResourcesUnion#4978], EntityKey[j.index.module.apply.resourcesUnion.entity.ResourcesUnion#4971], EntityKey[j.index.module.apply.resourcesUnion.entity.ResourcesUnion#4972], EntityKey[j.index.module.apply.resourcesUnion.entity.ResourcesUnion#4973], EntityKey[j.index.module.apply.resourcesUnion.entity.ResourcesUnion#4974], EntityKey[j.index.module.apply.resourcesUnion.entity.ResourcesUnion#4983], EntityKey[j.index.module.apply.resourcesUnion.entity.ResourcesUnion#4984], EntityKey[j.index.module.apply.resourcesUnion.entity.ResourcesUnion#4985], EntityKey[j.index.module.apply.resourcesUnion.entity.ResourcesUnion#4986], EntityKey[j.index.module.apply.resourcesUnion.entity.ResourcesUnion#4979], EntityKey[j.index.module.apply.resourcesUnion.entity.ResourcesUnion#4980], EntityKey[j.index.module.apply.resourcesUnion.entity.ResourcesUnion#4981], EntityKey[j.index.module.apply.resourcesUnion.entity.ResourcesUnion#4982], EntityKey[j.index.module.apply.resourcesUnion.entity.ResourcesUnion#4962], EntityKey[j.index.module.apply.resourcesUnion.entity.ResourcesUnion#4961], EntityKey[j.index.module.apply.resourcesUnion.entity.ResourcesUnion#4960], EntityKey[j.index.module.apply.resourcesUnion.entity.ResourcesUnion#4959], EntityKey[j.index.module.apply.resourcesUnion.entity.ResourcesUnion#4958], EntityKey[j.index.module.apply.resourcesUnion.entity.ResourcesUnion#4957], EntityKey[j.index.module.apply.resourcesUnion.entity.ResourcesUnion#4956], EntityKey[j.index.module.apply.resourcesUnion.entity.ResourcesUnion#4955], EntityKey[j.index.module.apply.resourcesUnion.entity.ResourcesUnion#4970], EntityKey[j.index.module.apply.resourcesUnion.entity.ResourcesUnion#4969], EntityKey[j.index.module.apply.resourcesUnion.entity.ResourcesUnion#4968], EntityKey[j.index.module.apply.resourcesUnion.entity.ResourcesUnion#4967], EntityKey[j.index.module.apply.resourcesUnion.entity.ResourcesUnion#4966], EntityKey[j.index.module.apply.resourcesUnion.entity.ResourcesUnion#4965], EntityKey[j.index.module.apply.resourcesUnion.entity.ResourcesUnion#4964], EntityKey[j.index.module.apply.resourcesUnion.entity.ResourcesUnion#4963], EntityKey[j.index.module.apply.resourcesUnion.entity.ResourcesUnion#4945], EntityKey[j.index.module.apply.resourcesUnion.entity.ResourcesUnion#4946], EntityKey[j.index.module.apply.resourcesUnion.entity.ResourcesUnion#4943], EntityKey[j.index.module.apply.resourcesUnion.entity.ResourcesUnion#4944], EntityKey[j.index.module.apply.resourcesUnion.entity.ResourcesUnion#4941], EntityKey[j.index.module.apply.resourcesUnion.entity.ResourcesUnion#4942], EntityKey[j.index.module.apply.resourcesUnion.entity.ResourcesUnion#4939], EntityKey[j.index.module.apply.resourcesUnion.entity.ResourcesUnion#4940], EntityKey[j.index.module.apply.resourcesUnion.entity.ResourcesUnion#4953], EntityKey[j.index.module.apply.resourcesUnion.entity.ResourcesUnion#4954], EntityKey[j.index.module.apply.resourcesUnion.entity.ResourcesUnion#4951], EntityKey[j.index.module.apply.resourcesUnion.entity.ResourcesUnion#4952], EntityKey[j.index.module.apply.resourcesUnion.entity.ResourcesUnion#4949], EntityKey[j.index.module.apply.resourcesUnion.entity.ResourcesUnion#4950], EntityKey[j.index.module.apply.resourcesUnion.entity.ResourcesUnion#4947], EntityKey[j.index.module.apply.resourcesUnion.entity.ResourcesUnion#4948], EntityKey[j.index.module.apply.resourcesUnion.entity.ResourcesUnion#4924], EntityKey[j.index.module.apply.resourcesUnion.entity.ResourcesUnion#4923], EntityKey[j.index.module.apply.resourcesUnion.entity.ResourcesUnion#4926], EntityKey[j.index.module.apply.resourcesUnion.entity.ResourcesUnion#4925], EntityKey[j.index.module.apply.resourcesUnion.entity.ResourcesUnion#4928], EntityKey[j.index.module.apply.resourcesUnion.entity.ResourcesUnion#4927], EntityKey[j.index.module.apply.resourcesUnion.entity.ResourcesUnion#4930], EntityKey[j.index.module.apply.resourcesUnion.entity.ResourcesUnion#4929], EntityKey[j.index.module.apply.resourcesUnion.entity.ResourcesUnion#4932], EntityKey[j.index.module.apply.resourcesUnion.entity.ResourcesUnion#4931], EntityKey[j.index.module.apply.resourcesUnion.entity.ResourcesUnion#4934], EntityKey[j.index.module.apply.resourcesUnion.entity.ResourcesUnion#4933], EntityKey[j.index.module.apply.resourcesUnion.entity.ResourcesUnion#4936], EntityKey[j.index.module.apply.resourcesUnion.entity.ResourcesUnion#4935], EntityKey[j.index.module.apply.resourcesUnion.entity.ResourcesUnion#4938], EntityKey[j.index.module.apply.resourcesUnion.entity.ResourcesUnion#4937], EntityKey[j.index.module.apply.resourcesUnion.entity.ResourcesUnion#4907], EntityKey[j.index.module.apply.resourcesUnion.entity.ResourcesUnion#4908], EntityKey[j.index.module.apply.resourcesUnion.entity.ResourcesUnion#4909], EntityKey[j.index.module.apply.resourcesUnion.entity.ResourcesUnion#4910], EntityKey[j.index.module.apply.resourcesUnion.entity.ResourcesUnion#4911], EntityKey[j.index.module.apply.resourcesUnion.entity.ResourcesUnion#4912], EntityKey[j.index.module.apply.resourcesUnion.entity.ResourcesUnion#4913], EntityKey[j.index.module.apply.resourcesUnion.entity.ResourcesUnion#4914], EntityKey[j.index.module.apply.resourcesUnion.entity.ResourcesUnion#4915], EntityKey[j.index.module.apply.resourcesUnion.entity.ResourcesUnion#4916], EntityKey[j.index.module.apply.resourcesUnion.entity.ResourcesUnion#4917], EntityKey[j.index.module.apply.resourcesUnion.entity.ResourcesUnion#4918], EntityKey[j.index.module.apply.resourcesUnion.entity.ResourcesUnion#4919], EntityKey[j.index.module.apply.resourcesUnion.entity.ResourcesUnion#4920], EntityKey[j.index.module.apply.resourcesUnion.entity.ResourcesUnion#4921], EntityKey[j.index.module.apply.resourcesUnion.entity.ResourcesUnion#4922], EntityKey[j.index.module.apply.resourcesUnion.entity.ResourcesUnion#4894], EntityKey[j.index.module.apply.resourcesUnion.entity.ResourcesUnion#4893], EntityKey[j.index.module.apply.resourcesUnion.entity.ResourcesUnion#4892], EntityKey[j.index.module.apply.resourcesUnion.entity.ResourcesUnion#4891], EntityKey[j.index.module.apply.resourcesUnion.entity.ResourcesUnion#4898], EntityKey[j.index.module.apply.resourcesUnion.entity.ResourcesUnion#4897], EntityKey[j.index.module.apply.resourcesUnion.entity.ResourcesUnion#4896], EntityKey[j.index.module.apply.resourcesUnion.entity.ResourcesUnion#4895], EntityKey[j.index.module.apply.resourcesUnion.entity.ResourcesUnion#4902], EntityKey[j.index.module.apply.resourcesUnion.entity.ResourcesUnion#4901], EntityKey[j.index.module.apply.resourcesUnion.entity.ResourcesUnion#4900], EntityKey[j.index.module.apply.resourcesUnion.entity.ResourcesUnion#4899], EntityKey[j.index.module.apply.resourcesUnion.entity.ResourcesUnion#4906], EntityKey[j.index.module.apply.resourcesUnion.entity.ResourcesUnion#4905], EntityKey[j.index.module.apply.resourcesUnion.entity.ResourcesUnion#4904], EntityKey[j.index.module.apply.resourcesUnion.entity.ResourcesUnion#4903], EntityKey[j.index.module.apply.resourcesUnion.entity.ResourcesUnion#4877], EntityKey[j.index.module.apply.resourcesUnion.entity.ResourcesUnion#4878], EntityKey[j.index.module.apply.resourcesUnion.entity.ResourcesUnion#4875], EntityKey[j.index.module.apply.resourcesUnion.entity.ResourcesUnion#4876], EntityKey[j.index.module.apply.resourcesUnion.entity.ResourcesUnion#4881], EntityKey[j.index.module.apply.resourcesUnion.entity.ResourcesUnion#4882], EntityKey[j.index.module.apply.resourcesUnion.entity.ResourcesUnion#4879], EntityKey[j.index.module.apply.resourcesUnion.entity.ResourcesUnion#4880], EntityKey[j.index.module.apply.resourcesUnion.entity.ResourcesUnion#4885], EntityKey[j.index.module.apply.resourcesUnion.entity.ResourcesUnion#4886], EntityKey[j.index.module.apply.resourcesUnion.entity.ResourcesUnion#4883], EntityKey[j.index.module.apply.resourcesUnion.entity.ResourcesUnion#4884], EntityKey[j.index.module.apply.resourcesUnion.entity.ResourcesUnion#4889], EntityKey[j.index.module.apply.resourcesUnion.entity.ResourcesUnion#4890], EntityKey[j.index.module.apply.resourcesUnion.entity.ResourcesUnion#4887], EntityKey[j.index.module.apply.resourcesUnion.entity.ResourcesUnion#4888], EntityKey[j.index.module.apply.resourcesUnion.entity.ResourcesUnion#4602], EntityKey[j.index.module.apply.resourcesUnion.entity.ResourcesUnion#4601], EntityKey[j.index.module.apply.resourcesUnion.entity.ResourcesUnion#4600], EntityKey[j.index.module.apply.resourcesUnion.entity.ResourcesUnion#4599], EntityKey[j.index.module.apply.resourcesUnion.entity.ResourcesUnion#4598], EntityKey[j.index.module.apply.resourcesUnion.entity.ResourcesUnion#4597], EntityKey[j.index.module.apply.resourcesUnion.entity.ResourcesUnion#4596], EntityKey[j.index.module.apply.resourcesUnion.entity.ResourcesUnion#4595], EntityKey[j.index.module.apply.resourcesUnion.entity.ResourcesUnion#4594], EntityKey[j.index.module.apply.resourcesUnion.entity.ResourcesUnion#4593], EntityKey[j.index.module.apply.resourcesUnion.entity.ResourcesUnion#4592], EntityKey[j.index.module.apply.resourcesUnion.entity.ResourcesUnion#4591], EntityKey[j.index.module.apply.resourcesUnion.entity.ResourcesUnion#4590], EntityKey[j.index.module.apply.resourcesUnion.entity.ResourcesUnion#4589], EntityKey[j.index.module.apply.resourcesUnion.entity.ResourcesUnion#4588], EntityKey[j.index.module.apply.resourcesUnion.entity.ResourcesUnion#4587], EntityKey[j.index.module.apply.resourcesUnion.entity.ResourcesUnion#4617], EntityKey[j.index.module.apply.resourcesUnion.entity.ResourcesUnion#4618], EntityKey[j.index.module.apply.resourcesUnion.entity.ResourcesUnion#4615], EntityKey[j.index.module.apply.resourcesUnion.entity.ResourcesUnion#4616], EntityKey[j.index.module.apply.resourcesUnion.entity.ResourcesUnion#4613], EntityKey[j.index.module.apply.resourcesUnion.entity.ResourcesUnion#4614], EntityKey[j.index.module.apply.resourcesUnion.entity.ResourcesUnion#4611], EntityKey[j.index.module.apply.resourcesUnion.entity.ResourcesUnion#4612], EntityKey[j.index.module.apply.resourcesUnion.entity.ResourcesUnion#4609], EntityKey[j.index.module.apply.resourcesUnion.entity.ResourcesUnion#4610], EntityKey[j.index.module.apply.resourcesUnion.entity.ResourcesUnion#4607], EntityKey[j.index.module.apply.resourcesUnion.entity.ResourcesUnion#4608], EntityKey[j.index.module.apply.resourcesUnion.entity.ResourcesUnion#4605], EntityKey[j.index.module.apply.resourcesUnion.entity.ResourcesUnion#4606], EntityKey[j.index.module.apply.resourcesUnion.entity.ResourcesUnion#4603], EntityKey[j.index.module.apply.resourcesUnion.entity.ResourcesUnion#4604], EntityKey[j.index.module.apply.resourcesUnion.entity.ResourcesUnion#4568], EntityKey[j.index.module.apply.resourcesUnion.entity.ResourcesUnion#4567], EntityKey[j.index.module.apply.resourcesUnion.entity.ResourcesUnion#4570], EntityKey[j.index.module.apply.resourcesUnion.entity.ResourcesUnion#4569], EntityKey[j.index.module.apply.resourcesUnion.entity.ResourcesUnion#4564], EntityKey[j.index.module.apply.resourcesUnion.entity.ResourcesUnion#4563], EntityKey[j.index.module.apply.resourcesUnion.entity.ResourcesUnion#4566], EntityKey[j.index.module.apply.resourcesUnion.entity.ResourcesUnion#4565], EntityKey[j.index.module.apply.resourcesUnion.entity.ResourcesUnion#4560], EntityKey[j.index.module.apply.resourcesUnion.entity.ResourcesUnion#4559], EntityKey[j.index.module.apply.resourcesUnion.entity.ResourcesUnion#4562], EntityKey[j.index.module.apply.resourcesUnion.entity.ResourcesUnion#4561], EntityKey[j.index.module.apply.resourcesUnion.entity.ResourcesUnion#4556], EntityKey[j.index.module.apply.resourcesUnion.entity.ResourcesUnion#4555], EntityKey[j.index.module.apply.resourcesUnion.entity.ResourcesUnion#4558], EntityKey[j.index.module.apply.resourcesUnion.entity.ResourcesUnion#4557], EntityKey[j.index.module.apply.resourcesUnion.entity.ResourcesUnion#4583], EntityKey[j.index.module.apply.resourcesUnion.entity.ResourcesUnion#4584], EntityKey[j.index.module.apply.resourcesUnion.entity.ResourcesUnion#4585], EntityKey[j.index.module.apply.resourcesUnion.entity.ResourcesUnion#4586], EntityKey[j.index.module.apply.resourcesUnion.entity.ResourcesUnion#4579], EntityKey[j.index.module.apply.resourcesUnion.entity.ResourcesUnion#4580], EntityKey[j.index.module.apply.resourcesUnion.entity.ResourcesUnion#4581], EntityKey[j.index.module.apply.resourcesUnion.entity.ResourcesUnion#4582], EntityKey[j.index.module.apply.resourcesUnion.entity.ResourcesUnion#4575], EntityKey[j.index.module.apply.resourcesUnion.entity.ResourcesUnion#4576], EntityKey[j.index.module.apply.resourcesUnion.entity.ResourcesUnion#4577], EntityKey[j.index.module.apply.resourcesUnion.entity.ResourcesUnion#4578], EntityKey[j.index.module.apply.resourcesUnion.entity.ResourcesUnion#4571], EntityKey[j.index.module.apply.resourcesUnion.entity.ResourcesUnion#4572], EntityKey[j.index.module.apply.resourcesUnion.entity.ResourcesUnion#4573], EntityKey[j.index.module.apply.resourcesUnion.entity.ResourcesUnion#4574], EntityKey[j.index.module.apply.resourcesUnion.entity.ResourcesUnion#4534], EntityKey[j.index.module.apply.resourcesUnion.entity.ResourcesUnion#4533], EntityKey[j.index.module.apply.resourcesUnion.entity.ResourcesUnion#4532], EntityKey[j.index.module.apply.resourcesUnion.entity.ResourcesUnion#4531], EntityKey[j.index.module.apply.resourcesUnion.entity.ResourcesUnion#4538], EntityKey[j.index.module.apply.resourcesUnion.entity.ResourcesUnion#4537], EntityKey[j.index.module.apply.resourcesUnion.entity.ResourcesUnion#4536], EntityKey[j.index.module.apply.resourcesUnion.entity.ResourcesUnion#4535], EntityKey[j.index.module.apply.resourcesUnion.entity.ResourcesUnion#4526], EntityKey[j.index.module.apply.resourcesUnion.entity.ResourcesUnion#4525], EntityKey[j.index.module.apply.resourcesUnion.entity.ResourcesUnion#4524], EntityKey[j.index.module.apply.resourcesUnion.entity.ResourcesUnion#4523], EntityKey[j.index.module.apply.resourcesUnion.entity.ResourcesUnion#4530], EntityKey[j.index.module.apply.resourcesUnion.entity.ResourcesUnion#4529], EntityKey[j.index.module.apply.resourcesUnion.entity.ResourcesUnion#4528], EntityKey[j.index.module.apply.resourcesUnion.entity.ResourcesUnion#4527], EntityKey[j.index.module.apply.resourcesUnion.entity.ResourcesUnion#4549], EntityKey[j.index.module.apply.resourcesUnion.entity.ResourcesUnion#4550], EntityKey[j.index.module.apply.resourcesUnion.entity.ResourcesUnion#4547], EntityKey[j.index.module.apply.resourcesUnion.entity.ResourcesUnion#4548], EntityKey[j.index.module.apply.resourcesUnion.entity.ResourcesUnion#4553], EntityKey[j.index.module.apply.resourcesUnion.entity.ResourcesUnion#4554], EntityKey[j.index.module.apply.resourcesUnion.entity.ResourcesUnion#4551], EntityKey[j.index.module.apply.resourcesUnion.entity.ResourcesUnion#4552], EntityKey[j.index.module.apply.resourcesUnion.entity.ResourcesUnion#4541], EntityKey[j.index.module.apply.resourcesUnion.entity.ResourcesUnion#4542], EntityKey[j.index.module.apply.resourcesUnion.entity.ResourcesUnion#4539], EntityKey[j.index.module.apply.resourcesUnion.entity.ResourcesUnion#4540], EntityKey[j.index.module.apply.resourcesUnion.entity.ResourcesUnion#4545], EntityKey[j.index.module.apply.resourcesUnion.entity.ResourcesUnion#4546], EntityKey[j.index.module.apply.resourcesUnion.entity.ResourcesUnion#4543], EntityKey[j.index.module.apply.resourcesUnion.entity.ResourcesUnion#4544], EntityKey[j.index.module.apply.resourcesUnion.entity.ResourcesUnion#4500], EntityKey[j.index.module.apply.resourcesUnion.entity.ResourcesUnion#4499], EntityKey[j.index.module.apply.resourcesUnion.entity.ResourcesUnion#4502], EntityKey[j.index.module.apply.resourcesUnion.entity.ResourcesUnion#4501], EntityKey[j.index.module.apply.resourcesUnion.entity.ResourcesUnion#4504], EntityKey[j.index.module.apply.resourcesUnion.entity.ResourcesUnion#4503], EntityKey[j.index.module.apply.resourcesUnion.entity.ResourcesUnion#4506], EntityKey[j.index.module.apply.resourcesUnion.entity.ResourcesUnion#4505], EntityKey[j.index.module.apply.resourcesUnion.entity.ResourcesUnion#4492], EntityKey[j.index.module.apply.resourcesUnion.entity.ResourcesUnion#4491], EntityKey[j.index.module.apply.resourcesUnion.entity.ResourcesUnion#4494], EntityKey[j.index.module.apply.resourcesUnion.entity.ResourcesUnion#4493], EntityKey[j.index.module.apply.resourcesUnion.entity.ResourcesUnion#4496], EntityKey[j.index.module.apply.resourcesUnion.entity.ResourcesUnion#4495], EntityKey[j.index.module.apply.resourcesUnion.entity.ResourcesUnion#4498], EntityKey[j.index.module.apply.resourcesUnion.entity.ResourcesUnion#4497], EntityKey[j.index.module.apply.resourcesUnion.entity.ResourcesUnion#4515], EntityKey[j.index.module.apply.resourcesUnion.entity.ResourcesUnion#4516], EntityKey[j.index.module.apply.resourcesUnion.entity.ResourcesUnion#4517], EntityKey[j.index.module.apply.resourcesUnion.entity.ResourcesUnion#4518], EntityKey[j.index.module.apply.resourcesUnion.entity.ResourcesUnion#4519], EntityKey[j.index.module.apply.resourcesUnion.entity.ResourcesUnion#4520], EntityKey[j.index.module.apply.resourcesUnion.entity.ResourcesUnion#4521], EntityKey[j.index.module.apply.resourcesUnion.entity.ResourcesUnion#4522], EntityKey[j.index.module.apply.resourcesUnion.entity.ResourcesUnion#4507], EntityKey[j.index.module.apply.resourcesUnion.entity.ResourcesUnion#4508], EntityKey[j.index.module.apply.resourcesUnion.entity.ResourcesUnion#4509], EntityKey[j.index.module.apply.resourcesUnion.entity.ResourcesUnion#4510], EntityKey[j.index.module.apply.resourcesUnion.entity.ResourcesUnion#4511], EntityKey[j.index.module.apply.resourcesUnion.entity.ResourcesUnion#4512], EntityKey[j.index.module.apply.resourcesUnion.entity.ResourcesUnion#4513], EntityKey[j.index.module.apply.resourcesUnion.entity.ResourcesUnion#4514], EntityKey[j.index.module.apply.resourcesUnion.entity.ResourcesUnion#4721], EntityKey[j.index.module.apply.resourcesUnion.entity.ResourcesUnion#4722], EntityKey[j.index.module.apply.resourcesUnion.entity.ResourcesUnion#4719], EntityKey[j.index.module.apply.resourcesUnion.entity.ResourcesUnion#4720], EntityKey[j.index.module.apply.resourcesUnion.entity.ResourcesUnion#4717], EntityKey[j.index.module.apply.resourcesUnion.entity.ResourcesUnion#4718], EntityKey[j.index.module.apply.resourcesUnion.entity.ResourcesUnion#4715], EntityKey[j.index.module.apply.resourcesUnion.entity.ResourcesUnion#4716], EntityKey[j.index.module.apply.resourcesUnion.entity.ResourcesUnion#4729], EntityKey[j.index.module.apply.resourcesUnion.entity.ResourcesUnion#4730], EntityKey[j.index.module.apply.resourcesUnion.entity.ResourcesUnion#4727], EntityKey[j.index.module.apply.resourcesUnion.entity.ResourcesUnion#4728], EntityKey[j.index.module.apply.resourcesUnion.entity.ResourcesUnion#4725], EntityKey[j.index.module.apply.resourcesUnion.entity.ResourcesUnion#4726], EntityKey[j.index.module.apply.resourcesUnion.entity.ResourcesUnion#4723], EntityKey[j.index.module.apply.resourcesUnion.entity.ResourcesUnion#4724], EntityKey[j.index.module.apply.resourcesUnion.entity.ResourcesUnion#4738], EntityKey[j.index.module.apply.resourcesUnion.entity.ResourcesUnion#4737], EntityKey[j.index.module.apply.resourcesUnion.entity.ResourcesUnion#4736], EntityKey[j.index.module.apply.resourcesUnion.entity.ResourcesUnion#4735], EntityKey[j.index.module.apply.resourcesUnion.entity.ResourcesUnion#4734], EntityKey[j.index.module.apply.resourcesUnion.entity.ResourcesUnion#4733], EntityKey[j.index.module.apply.resourcesUnion.entity.ResourcesUnion#4732], EntityKey[j.index.module.apply.resourcesUnion.entity.ResourcesUnion#4731], EntityKey[j.index.module.apply.resourcesUnion.entity.ResourcesUnion#4746], EntityKey[j.index.module.apply.resourcesUnion.entity.ResourcesUnion#4745], EntityKey[j.index.module.apply.resourcesUnion.entity.ResourcesUnion#4744], EntityKey[j.index.module.apply.resourcesUnion.entity.ResourcesUnion#4743], EntityKey[j.index.module.apply.resourcesUnion.entity.ResourcesUnion#4742], EntityKey[j.index.module.apply.resourcesUnion.entity.ResourcesUnion#4741], EntityKey[j.index.module.apply.resourcesUnion.entity.ResourcesUnion#4740], EntityKey[j.index.module.apply.resourcesUnion.entity.ResourcesUnion#4739], EntityKey[j.index.module.apply.resourcesUnion.entity.ResourcesUnion#4687], EntityKey[j.index.module.apply.resourcesUnion.entity.ResourcesUnion#4688], EntityKey[j.index.module.apply.resourcesUnion.entity.ResourcesUnion#4689], EntityKey[j.index.module.apply.resourcesUnion.entity.ResourcesUnion#4690], EntityKey[j.index.module.apply.resourcesUnion.entity.ResourcesUnion#4683], EntityKey[j.index.module.apply.resourcesUnion.entity.ResourcesUnion#4684], EntityKey[j.index.module.apply.resourcesUnion.entity.ResourcesUnion#4685], EntityKey[j.index.module.apply.resourcesUnion.entity.ResourcesUnion#4686], EntityKey[j.index.module.apply.resourcesUnion.entity.ResourcesUnion#4695], EntityKey[j.index.module.apply.resourcesUnion.entity.ResourcesUnion#4696], EntityKey[j.index.module.apply.resourcesUnion.entity.ResourcesUnion#4697], EntityKey[j.index.module.apply.resourcesUnion.entity.ResourcesUnion#4698], EntityKey[j.index.module.apply.resourcesUnion.entity.ResourcesUnion#4691], EntityKey[j.index.module.apply.resourcesUnion.entity.ResourcesUnion#4692], EntityKey[j.index.module.apply.resourcesUnion.entity.ResourcesUnion#4693], EntityKey[j.index.module.apply.resourcesUnion.entity.ResourcesUnion#4694], EntityKey[j.index.module.apply.resourcesUnion.entity.ResourcesUnion#4704], EntityKey[j.index.module.apply.resourcesUnion.entity.ResourcesUnion#4703], EntityKey[j.index.module.apply.resourcesUnion.entity.ResourcesUnion#4706], EntityKey[j.index.module.apply.resourcesUnion.entity.ResourcesUnion#4705], EntityKey[j.index.module.apply.resourcesUnion.entity.ResourcesUnion#4700], EntityKey[j.index.module.apply.resourcesUnion.entity.ResourcesUnion#4699], EntityKey[j.index.module.apply.resourcesUnion.entity.ResourcesUnion#4702], EntityKey[j.index.module.apply.resourcesUnion.entity.ResourcesUnion#4701], EntityKey[j.index.module.apply.resourcesUnion.entity.ResourcesUnion#4712], EntityKey[j.index.module.apply.resourcesUnion.entity.ResourcesUnion#4711], EntityKey[j.index.module.apply.resourcesUnion.entity.ResourcesUnion#4714], EntityKey[j.index.module.apply.resourcesUnion.entity.ResourcesUnion#4713], EntityKey[j.index.module.apply.resourcesUnion.entity.ResourcesUnion#4708], EntityKey[j.index.module.apply.resourcesUnion.entity.ResourcesUnion#4707], EntityKey[j.index.module.apply.resourcesUnion.entity.ResourcesUnion#4710], EntityKey[j.index.module.apply.resourcesUnion.entity.ResourcesUnion#4709], EntityKey[j.index.module.apply.resourcesUnion.entity.ResourcesUnion#4653], EntityKey[j.index.module.apply.resourcesUnion.entity.ResourcesUnion#4654], EntityKey[j.index.module.apply.resourcesUnion.entity.ResourcesUnion#4651], EntityKey[j.index.module.apply.resourcesUnion.entity.ResourcesUnion#4652], EntityKey[j.index.module.apply.resourcesUnion.entity.ResourcesUnion#4657], EntityKey[j.index.module.apply.resourcesUnion.entity.ResourcesUnion#4658], EntityKey[j.index.module.apply.resourcesUnion.entity.ResourcesUnion#4655], EntityKey[j.index.module.apply.resourcesUnion.entity.ResourcesUnion#4656], EntityKey[j.index.module.apply.resourcesUnion.entity.ResourcesUnion#4661], EntityKey[j.index.module.apply.resourcesUnion.entity.ResourcesUnion#4662], EntityKey[j.index.module.apply.resourcesUnion.entity.ResourcesUnion#4659], EntityKey[j.index.module.apply.resourcesUnion.entity.ResourcesUnion#4660], EntityKey[j.index.module.apply.resourcesUnion.entity.ResourcesUnion#4665], EntityKey[j.index.module.apply.resourcesUnion.entity.ResourcesUnion#4666], EntityKey[j.index.module.apply.resourcesUnion.entity.ResourcesUnion#4663], EntityKey[j.index.module.apply.resourcesUnion.entity.ResourcesUnion#4664], EntityKey[j.index.module.apply.resourcesUnion.entity.ResourcesUnion#4670], EntityKey[j.index.module.apply.resourcesUnion.entity.ResourcesUnion#4669], EntityKey[j.index.module.apply.resourcesUnion.entity.ResourcesUnion#4668], EntityKey[j.index.module.apply.resourcesUnion.entity.ResourcesUnion#4667], EntityKey[j.index.module.apply.resourcesUnion.entity.ResourcesUnion#4674], EntityKey[j.index.module.apply.resourcesUnion.entity.ResourcesUnion#4673], EntityKey[j.index.module.apply.resourcesUnion.entity.ResourcesUnion#4672], EntityKey[j.index.module.apply.resourcesUnion.entity.ResourcesUnion#4671], EntityKey[j.index.module.apply.resourcesUnion.entity.ResourcesUnion#4678], EntityKey[j.index.module.apply.resourcesUnion.entity.ResourcesUnion#4677], EntityKey[j.index.module.apply.resourcesUnion.entity.ResourcesUnion#4676], EntityKey[j.index.module.apply.resourcesUnion.entity.ResourcesUnion#4675], EntityKey[j.index.module.apply.resourcesUnion.entity.ResourcesUnion#4682], EntityKey[j.index.module.apply.resourcesUnion.entity.ResourcesUnion#4681], EntityKey[j.index.module.apply.resourcesUnion.entity.ResourcesUnion#4680], EntityKey[j.index.module.apply.resourcesUnion.entity.ResourcesUnion#4679], EntityKey[j.index.module.apply.resourcesUnion.entity.ResourcesUnion#4619], EntityKey[j.index.module.apply.resourcesUnion.entity.ResourcesUnion#4620], EntityKey[j.index.module.apply.resourcesUnion.entity.ResourcesUnion#4621], EntityKey[j.index.module.apply.resourcesUnion.entity.ResourcesUnion#4622], EntityKey[j.index.module.apply.resourcesUnion.entity.ResourcesUnion#4623], EntityKey[j.index.module.apply.resourcesUnion.entity.ResourcesUnion#4624], EntityKey[j.index.module.apply.resourcesUnion.entity.ResourcesUnion#4625], EntityKey[j.index.module.apply.resourcesUnion.entity.ResourcesUnion#4626], EntityKey[j.index.module.apply.resourcesUnion.entity.ResourcesUnion#4627], EntityKey[j.index.module.apply.resourcesUnion.entity.ResourcesUnion#4628], EntityKey[j.index.module.apply.resourcesUnion.entity.ResourcesUnion#4629], EntityKey[j.index.module.apply.resourcesUnion.entity.ResourcesUnion#4630], EntityKey[j.index.module.apply.resourcesUnion.entity.ResourcesUnion#4631], EntityKey[j.index.module.apply.resourcesUnion.entity.ResourcesUnion#4632], EntityKey[j.index.module.apply.resourcesUnion.entity.ResourcesUnion#4633], EntityKey[j.index.module.apply.resourcesUnion.entity.ResourcesUnion#4634], EntityKey[j.index.module.apply.resourcesUnion.entity.ResourcesUnion#4636], EntityKey[j.index.module.apply.resourcesUnion.entity.ResourcesUnion#4635], EntityKey[j.index.module.apply.resourcesUnion.entity.ResourcesUnion#4638], EntityKey[j.index.module.apply.resourcesUnion.entity.ResourcesUnion#4637], EntityKey[j.index.module.apply.resourcesUnion.entity.ResourcesUnion#4640], EntityKey[j.index.module.apply.resourcesUnion.entity.ResourcesUnion#4639], EntityKey[j.index.module.apply.resourcesUnion.entity.ResourcesUnion#4642], EntityKey[j.index.module.apply.resourcesUnion.entity.ResourcesUnion#4641], EntityKey[j.index.module.apply.resourcesUnion.entity.ResourcesUnion#4644], EntityKey[j.index.module.apply.resourcesUnion.entity.ResourcesUnion#4643], EntityKey[j.index.module.apply.resourcesUnion.entity.ResourcesUnion#4646], EntityKey[j.index.module.apply.resourcesUnion.entity.ResourcesUnion#4645], EntityKey[j.index.module.apply.resourcesUnion.entity.ResourcesUnion#4648], EntityKey[j.index.module.apply.resourcesUnion.entity.ResourcesUnion#4647], EntityKey[j.index.module.apply.resourcesUnion.entity.ResourcesUnion#4650], EntityKey[j.index.module.apply.resourcesUnion.entity.ResourcesUnion#4649], EntityKey[j.index.module.apply.resourcesUnion.entity.ResourcesUnion#5349], EntityKey[j.index.module.apply.resourcesUnion.entity.ResourcesUnion#5350], EntityKey[j.index.module.apply.resourcesUnion.entity.ResourcesUnion#5347], EntityKey[j.index.module.apply.resourcesUnion.entity.ResourcesUnion#5348], EntityKey[j.index.module.apply.resourcesUnion.entity.ResourcesUnion#5353], EntityKey[j.index.module.apply.resourcesUnion.entity.ResourcesUnion#5354], EntityKey[j.index.module.apply.resourcesUnion.entity.ResourcesUnion#5351], EntityKey[j.index.module.apply.resourcesUnion.entity.ResourcesUnion#5352], EntityKey[j.index.module.apply.resourcesUnion.entity.ResourcesUnion#5341], EntityKey[j.index.module.apply.resourcesUnion.entity.ResourcesUnion#5342], EntityKey[j.index.module.apply.resourcesUnion.entity.ResourcesUnion#5339], EntityKey[j.index.module.apply.resourcesUnion.entity.ResourcesUnion#5340], EntityKey[j.index.module.apply.resourcesUnion.entity.ResourcesUnion#5345], EntityKey[j.index.module.apply.resourcesUnion.entity.ResourcesUnion#5346], EntityKey[j.index.module.apply.resourcesUnion.entity.ResourcesUnion#5343], EntityKey[j.index.module.apply.resourcesUnion.entity.ResourcesUnion#5344], EntityKey[j.index.module.apply.resourcesUnion.entity.ResourcesUnion#5334], EntityKey[j.index.module.apply.resourcesUnion.entity.ResourcesUnion#5333], EntityKey[j.index.module.apply.resourcesUnion.entity.ResourcesUnion#5332], EntityKey[j.index.module.apply.resourcesUnion.entity.ResourcesUnion#5331], EntityKey[j.index.module.apply.resourcesUnion.entity.ResourcesUnion#5338], EntityKey[j.index.module.apply.resourcesUnion.entity.ResourcesUnion#5337], EntityKey[j.index.module.apply.resourcesUnion.entity.ResourcesUnion#5336], EntityKey[j.index.module.apply.resourcesUnion.entity.ResourcesUnion#5335], EntityKey[j.index.module.apply.resourcesUnion.entity.ResourcesUnion#5326], EntityKey[j.index.module.apply.resourcesUnion.entity.ResourcesUnion#5325], EntityKey[j.index.module.apply.resourcesUnion.entity.ResourcesUnion#5324], EntityKey[j.index.module.apply.resourcesUnion.entity.ResourcesUnion#5323], EntityKey[j.index.module.apply.resourcesUnion.entity.ResourcesUnion#5330], EntityKey[j.index.module.apply.resourcesUnion.entity.ResourcesUnion#5329], EntityKey[j.index.module.apply.resourcesUnion.entity.ResourcesUnion#5328], EntityKey[j.index.module.apply.resourcesUnion.entity.ResourcesUnion#5327], EntityKey[j.index.module.apply.resourcesUnion.entity.ResourcesUnion#5379], EntityKey[j.index.module.apply.resourcesUnion.entity.ResourcesUnion#5380], EntityKey[j.index.module.apply.resourcesUnion.entity.ResourcesUnion#5381], EntityKey[j.index.module.apply.resourcesUnion.entity.ResourcesUnion#5382], EntityKey[j.index.module.apply.resourcesUnion.entity.ResourcesUnion#5383], EntityKey[j.index.module.apply.resourcesUnion.entity.ResourcesUnion#5384], EntityKey[j.index.module.apply.resourcesUnion.entity.ResourcesUnion#5385], EntityKey[j.index.module.apply.resourcesUnion.entity.ResourcesUnion#5386], EntityKey[j.index.module.apply.resourcesUnion.entity.ResourcesUnion#5371], EntityKey[j.index.module.apply.resourcesUnion.entity.ResourcesUnion#5372], EntityKey[j.index.module.apply.resourcesUnion.entity.ResourcesUnion#5373], EntityKey[j.index.module.apply.resourcesUnion.entity.ResourcesUnion#5374], EntityKey[j.index.module.apply.resourcesUnion.entity.ResourcesUnion#5375], EntityKey[j.index.module.apply.resourcesUnion.entity.ResourcesUnion#5376], EntityKey[j.index.module.apply.resourcesUnion.entity.ResourcesUnion#5377], EntityKey[j.index.module.apply.resourcesUnion.entity.ResourcesUnion#5378], EntityKey[j.index.module.apply.resourcesUnion.entity.ResourcesUnion#5364], EntityKey[j.index.module.apply.resourcesUnion.entity.ResourcesUnion#5363], EntityKey[j.index.module.apply.resourcesUnion.entity.ResourcesUnion#5366], EntityKey[j.index.module.apply.resourcesUnion.entity.ResourcesUnion#5365], EntityKey[j.index.module.apply.resourcesUnion.entity.ResourcesUnion#5368], EntityKey[j.index.module.apply.resourcesUnion.entity.ResourcesUnion#5367], EntityKey[j.index.module.apply.resourcesUnion.entity.ResourcesUnion#5370], EntityKey[j.index.module.apply.resourcesUnion.entity.ResourcesUnion#5369], EntityKey[j.index.module.apply.resourcesUnion.entity.ResourcesUnion#5356], EntityKey[j.index.module.apply.resourcesUnion.entity.ResourcesUnion#5355], EntityKey[j.index.module.apply.resourcesUnion.entity.ResourcesUnion#5358], EntityKey[j.index.module.apply.resourcesUnion.entity.ResourcesUnion#5357], EntityKey[j.index.module.apply.resourcesUnion.entity.ResourcesUnion#5360], EntityKey[j.index.module.apply.resourcesUnion.entity.ResourcesUnion#5359], EntityKey[j.index.module.apply.resourcesUnion.entity.ResourcesUnion#5362], EntityKey[j.index.module.apply.resourcesUnion.entity.ResourcesUnion#5361], EntityKey[j.index.module.apply.resourcesUnion.entity.ResourcesUnion#5289], EntityKey[j.index.module.apply.resourcesUnion.entity.ResourcesUnion#5290], EntityKey[j.index.module.apply.resourcesUnion.entity.ResourcesUnion#5287], EntityKey[j.index.module.apply.resourcesUnion.entity.ResourcesUnion#5288], EntityKey[j.index.module.apply.resourcesUnion.entity.ResourcesUnion#5285], EntityKey[j.index.module.apply.resourcesUnion.entity.ResourcesUnion#5286], EntityKey[j.index.module.apply.resourcesUnion.entity.ResourcesUnion#5283], EntityKey[j.index.module.apply.resourcesUnion.entity.ResourcesUnion#5284], EntityKey[j.index.module.apply.resourcesUnion.entity.ResourcesUnion#5281], EntityKey[j.index.module.apply.resourcesUnion.entity.ResourcesUnion#5282], EntityKey[j.index.module.apply.resourcesUnion.entity.ResourcesUnion#5279], EntityKey[j.index.module.apply.resourcesUnion.entity.ResourcesUnion#5280], EntityKey[j.index.module.apply.resourcesUnion.entity.ResourcesUnion#5277], EntityKey[j.index.module.apply.resourcesUnion.entity.ResourcesUnion#5278], EntityKey[j.index.module.apply.resourcesUnion.entity.ResourcesUnion#5275], EntityKey[j.index.module.apply.resourcesUnion.entity.ResourcesUnion#5276], EntityKey[j.index.module.apply.resourcesUnion.entity.ResourcesUnion#5274], EntityKey[j.index.module.apply.resourcesUnion.entity.ResourcesUnion#5273], EntityKey[j.index.module.apply.resourcesUnion.entity.ResourcesUnion#5272], EntityKey[j.index.module.apply.resourcesUnion.entity.ResourcesUnion#5271], EntityKey[j.index.module.apply.resourcesUnion.entity.ResourcesUnion#5270], EntityKey[j.index.module.apply.resourcesUnion.entity.ResourcesUnion#5269], EntityKey[j.index.module.apply.resourcesUnion.entity.ResourcesUnion#5268], EntityKey[j.index.module.apply.resourcesUnion.entity.ResourcesUnion#5267], EntityKey[j.index.module.apply.resourcesUnion.entity.ResourcesUnion#5266], EntityKey[j.index.module.apply.resourcesUnion.entity.ResourcesUnion#5265], EntityKey[j.index.module.apply.resourcesUnion.entity.ResourcesUnion#5264], EntityKey[j.index.module.apply.resourcesUnion.entity.ResourcesUnion#5263], EntityKey[j.index.module.apply.resourcesUnion.entity.ResourcesUnion#5262], EntityKey[j.index.module.apply.resourcesUnion.entity.ResourcesUnion#5261], EntityKey[j.index.module.apply.resourcesUnion.entity.ResourcesUnion#5260], EntityKey[j.index.module.apply.resourcesUnion.entity.ResourcesUnion#5259], EntityKey[j.index.module.apply.resourcesUnion.entity.ResourcesUnion#5319], EntityKey[j.index.module.apply.resourcesUnion.entity.ResourcesUnion#5320], EntityKey[j.index.module.apply.resourcesUnion.entity.ResourcesUnion#5321], EntityKey[j.index.module.apply.resourcesUnion.entity.ResourcesUnion#5322], EntityKey[j.index.module.apply.resourcesUnion.entity.ResourcesUnion#5315], EntityKey[j.index.module.apply.resourcesUnion.entity.ResourcesUnion#5316], EntityKey[j.index.module.apply.resourcesUnion.entity.ResourcesUnion#5317], EntityKey[j.index.module.apply.resourcesUnion.entity.ResourcesUnion#5318], EntityKey[j.index.module.apply.resourcesUnion.entity.ResourcesUnion#5311], EntityKey[j.index.module.apply.resourcesUnion.entity.ResourcesUnion#5312], EntityKey[j.index.module.apply.resourcesUnion.entity.ResourcesUnion#5313], EntityKey[j.index.module.apply.resourcesUnion.entity.ResourcesUnion#5314], EntityKey[j.index.module.apply.resourcesUnion.entity.ResourcesUnion#5307], EntityKey[j.index.module.apply.resourcesUnion.entity.ResourcesUnion#5308], EntityKey[j.index.module.apply.resourcesUnion.entity.ResourcesUnion#5309], EntityKey[j.index.module.apply.resourcesUnion.entity.ResourcesUnion#5310], EntityKey[j.index.module.apply.resourcesUnion.entity.ResourcesUnion#5304], EntityKey[j.index.module.apply.resourcesUnion.entity.ResourcesUnion#5303], EntityKey[j.index.module.apply.resourcesUnion.entity.ResourcesUnion#5306], EntityKey[j.index.module.apply.resourcesUnion.entity.ResourcesUnion#5305], EntityKey[j.index.module.apply.resourcesUnion.entity.ResourcesUnion#5300], EntityKey[j.index.module.apply.resourcesUnion.entity.ResourcesUnion#5299], EntityKey[j.index.module.apply.resourcesUnion.entity.ResourcesUnion#5302], EntityKey[j.index.module.apply.resourcesUnion.entity.ResourcesUnion#5301], EntityKey[j.index.module.apply.resourcesUnion.entity.ResourcesUnion#5296], EntityKey[j.index.module.apply.resourcesUnion.entity.ResourcesUnion#5295], EntityKey[j.index.module.apply.resourcesUnion.entity.ResourcesUnion#5298], EntityKey[j.index.module.apply.resourcesUnion.entity.ResourcesUnion#5297], EntityKey[j.index.module.apply.resourcesUnion.entity.ResourcesUnion#5292], EntityKey[j.index.module.apply.resourcesUnion.entity.ResourcesUnion#5291], EntityKey[j.index.module.apply.resourcesUnion.entity.ResourcesUnion#5294], EntityKey[j.index.module.apply.resourcesUnion.entity.ResourcesUnion#5293], EntityKey[j.index.module.apply.resourcesUnion.entity.ResourcesUnion#5470], EntityKey[j.index.module.apply.resourcesUnion.entity.ResourcesUnion#5469], EntityKey[j.index.module.apply.resourcesUnion.entity.ResourcesUnion#5468], EntityKey[j.index.module.apply.resourcesUnion.entity.ResourcesUnion#5467], EntityKey[j.index.module.apply.resourcesUnion.entity.ResourcesUnion#5474], EntityKey[j.index.module.apply.resourcesUnion.entity.ResourcesUnion#5473], EntityKey[j.index.module.apply.resourcesUnion.entity.ResourcesUnion#5472], EntityKey[j.index.module.apply.resourcesUnion.entity.ResourcesUnion#5471], EntityKey[j.index.module.apply.resourcesUnion.entity.ResourcesUnion#5478], EntityKey[j.index.module.apply.resourcesUnion.entity.ResourcesUnion#5477], EntityKey[j.index.module.apply.resourcesUnion.entity.ResourcesUnion#5476], EntityKey[j.index.module.apply.resourcesUnion.entity.ResourcesUnion#5475], EntityKey[j.index.module.apply.resourcesUnion.entity.ResourcesUnion#5482], EntityKey[j.index.module.apply.resourcesUnion.entity.ResourcesUnion#5481], EntityKey[j.index.module.apply.resourcesUnion.entity.ResourcesUnion#5480], EntityKey[j.index.module.apply.resourcesUnion.entity.ResourcesUnion#5479], EntityKey[j.index.module.apply.resourcesUnion.entity.ResourcesUnion#5453], EntityKey[j.index.module.apply.resourcesUnion.entity.ResourcesUnion#5454], EntityKey[j.index.module.apply.resourcesUnion.entity.ResourcesUnion#5451], EntityKey[j.index.module.apply.resourcesUnion.entity.ResourcesUnion#5452], EntityKey[j.index.module.apply.resourcesUnion.entity.ResourcesUnion#5457], EntityKey[j.index.module.apply.resourcesUnion.entity.ResourcesUnion#5458], EntityKey[j.index.module.apply.resourcesUnion.entity.ResourcesUnion#5455], EntityKey[j.index.module.apply.resourcesUnion.entity.ResourcesUnion#5456], EntityKey[j.index.module.apply.resourcesUnion.entity.ResourcesUnion#5461], EntityKey[j.index.module.apply.resourcesUnion.entity.ResourcesUnion#5462], EntityKey[j.index.module.apply.resourcesUnion.entity.ResourcesUnion#5459], EntityKey[j.index.module.apply.resourcesUnion.entity.ResourcesUnion#5460], EntityKey[j.index.module.apply.resourcesUnion.entity.ResourcesUnion#5465], EntityKey[j.index.module.apply.resourcesUnion.entity.ResourcesUnion#5466], EntityKey[j.index.module.apply.resourcesUnion.entity.ResourcesUnion#5463], EntityKey[j.index.module.apply.resourcesUnion.entity.ResourcesUnion#5464], EntityKey[j.index.module.apply.resourcesUnion.entity.ResourcesUnion#5500], EntityKey[j.index.module.apply.resourcesUnion.entity.ResourcesUnion#5499], EntityKey[j.index.module.apply.resourcesUnion.entity.ResourcesUnion#5502], EntityKey[j.index.module.apply.resourcesUnion.entity.ResourcesUnion#5501], EntityKey[j.index.module.apply.resourcesUnion.entity.ResourcesUnion#5504], EntityKey[j.index.module.apply.resourcesUnion.entity.ResourcesUnion#5503], EntityKey[j.index.module.apply.resourcesUnion.entity.ResourcesUnion#5506], EntityKey[j.index.module.apply.resourcesUnion.entity.ResourcesUnion#5505], EntityKey[j.index.module.apply.resourcesUnion.entity.ResourcesUnion#5508], EntityKey[j.index.module.apply.resourcesUnion.entity.ResourcesUnion#5507], EntityKey[j.index.module.apply.resourcesUnion.entity.ResourcesUnion#5510], EntityKey[j.index.module.apply.resourcesUnion.entity.ResourcesUnion#5509], EntityKey[j.index.module.apply.resourcesUnion.entity.ResourcesUnion#5512], EntityKey[j.index.module.apply.resourcesUnion.entity.ResourcesUnion#5511], EntityKey[j.index.module.apply.resourcesUnion.entity.ResourcesUnion#5514], EntityKey[j.index.module.apply.resourcesUnion.entity.ResourcesUnion#5513], EntityKey[j.index.module.apply.resourcesUnion.entity.ResourcesUnion#5483], EntityKey[j.index.module.apply.resourcesUnion.entity.ResourcesUnion#5484], EntityKey[j.index.module.apply.resourcesUnion.entity.ResourcesUnion#5485], EntityKey[j.index.module.apply.resourcesUnion.entity.ResourcesUnion#5486], EntityKey[j.index.module.apply.resourcesUnion.entity.ResourcesUnion#5487], EntityKey[j.index.module.apply.resourcesUnion.entity.ResourcesUnion#5488], EntityKey[j.index.module.apply.resourcesUnion.entity.ResourcesUnion#5489], EntityKey[j.index.module.apply.resourcesUnion.entity.ResourcesUnion#5490], EntityKey[j.index.module.apply.resourcesUnion.entity.ResourcesUnion#5491], EntityKey[j.index.module.apply.resourcesUnion.entity.ResourcesUnion#5492], EntityKey[j.index.module.apply.resourcesUnion.entity.ResourcesUnion#5493], EntityKey[j.index.module.apply.resourcesUnion.entity.ResourcesUnion#5494], EntityKey[j.index.module.apply.resourcesUnion.entity.ResourcesUnion#5495], EntityKey[j.index.module.apply.resourcesUnion.entity.ResourcesUnion#5496], EntityKey[j.index.module.apply.resourcesUnion.entity.ResourcesUnion#5497], EntityKey[j.index.module.apply.resourcesUnion.entity.ResourcesUnion#5498], EntityKey[j.index.module.apply.resourcesUnion.entity.ResourcesUnion#5410], EntityKey[j.index.module.apply.resourcesUnion.entity.ResourcesUnion#5409], EntityKey[j.index.module.apply.resourcesUnion.entity.ResourcesUnion#5408], EntityKey[j.index.module.apply.resourcesUnion.entity.ResourcesUnion#5407], EntityKey[j.index.module.apply.resourcesUnion.entity.ResourcesUnion#5406], EntityKey[j.index.module.apply.resourcesUnion.entity.ResourcesUnion#5405], EntityKey[j.index.module.apply.resourcesUnion.entity.ResourcesUnion#5404], EntityKey[j.index.module.apply.resourcesUnion.entity.ResourcesUnion#5403], EntityKey[j.index.module.apply.resourcesUnion.entity.ResourcesUnion#5418], EntityKey[j.index.module.apply.resourcesUnion.entity.ResourcesUnion#5417], EntityKey[j.index.module.apply.resourcesUnion.entity.ResourcesUnion#5416], EntityKey[j.index.module.apply.resourcesUnion.entity.ResourcesUnion#5415], EntityKey[j.index.module.apply.resourcesUnion.entity.ResourcesUnion#5414], EntityKey[j.index.module.apply.resourcesUnion.entity.ResourcesUnion#5413], EntityKey[j.index.module.apply.resourcesUnion.entity.ResourcesUnion#5412], EntityKey[j.index.module.apply.resourcesUnion.entity.ResourcesUnion#5411], EntityKey[j.index.module.apply.resourcesUnion.entity.ResourcesUnion#5393], EntityKey[j.index.module.apply.resourcesUnion.entity.ResourcesUnion#5394], EntityKey[j.index.module.apply.resourcesUnion.entity.ResourcesUnion#5391], EntityKey[j.index.module.apply.resourcesUnion.entity.ResourcesUnion#5392], EntityKey[j.index.module.apply.resourcesUnion.entity.ResourcesUnion#5389], EntityKey[j.index.module.apply.resourcesUnion.entity.ResourcesUnion#5390], EntityKey[j.index.module.apply.resourcesUnion.entity.ResourcesUnion#5387], EntityKey[j.index.module.apply.resourcesUnion.entity.ResourcesUnion#5388], EntityKey[j.index.module.apply.resourcesUnion.entity.ResourcesUnion#5401], EntityKey[j.index.module.apply.resourcesUnion.entity.ResourcesUnion#5402], EntityKey[j.index.module.apply.resourcesUnion.entity.ResourcesUnion#5399], EntityKey[j.index.module.apply.resourcesUnion.entity.ResourcesUnion#5400], EntityKey[j.index.module.apply.resourcesUnion.entity.ResourcesUnion#5397], EntityKey[j.index.module.apply.resourcesUnion.entity.ResourcesUnion#5398], EntityKey[j.index.module.apply.resourcesUnion.entity.ResourcesUnion#5395], EntityKey[j.index.module.apply.resourcesUnion.entity.ResourcesUnion#5396], EntityKey[j.index.module.apply.resourcesUnion.entity.ResourcesUnion#5440], EntityKey[j.index.module.apply.resourcesUnion.entity.ResourcesUnion#5439], EntityKey[j.index.module.apply.resourcesUnion.entity.ResourcesUnion#5442], EntityKey[j.index.module.apply.resourcesUnion.entity.ResourcesUnion#5441], EntityKey[j.index.module.apply.resourcesUnion.entity.ResourcesUnion#5436], EntityKey[j.index.module.apply.resourcesUnion.entity.ResourcesUnion#5435], EntityKey[j.index.module.apply.resourcesUnion.entity.ResourcesUnion#5438], EntityKey[j.index.module.apply.resourcesUnion.entity.ResourcesUnion#5437], EntityKey[j.index.module.apply.resourcesUnion.entity.ResourcesUnion#5448], EntityKey[j.index.module.apply.resourcesUnion.entity.ResourcesUnion#5447], EntityKey[j.index.module.apply.resourcesUnion.entity.ResourcesUnion#5450], EntityKey[j.index.module.apply.resourcesUnion.entity.ResourcesUnion#5449], EntityKey[j.index.module.apply.resourcesUnion.entity.ResourcesUnion#5444], EntityKey[j.index.module.apply.resourcesUnion.entity.ResourcesUnion#5443], EntityKey[j.index.module.apply.resourcesUnion.entity.ResourcesUnion#5446], EntityKey[j.index.module.apply.resourcesUnion.entity.ResourcesUnion#5445], EntityKey[j.index.module.apply.resourcesUnion.entity.ResourcesUnion#5423], EntityKey[j.index.module.apply.resourcesUnion.entity.ResourcesUnion#5424], EntityKey[j.index.module.apply.resourcesUnion.entity.ResourcesUnion#5425], EntityKey[j.index.module.apply.resourcesUnion.entity.ResourcesUnion#5426], EntityKey[j.index.module.apply.resourcesUnion.entity.ResourcesUnion#5419], EntityKey[j.index.module.apply.resourcesUnion.entity.ResourcesUnion#5420], EntityKey[j.index.module.apply.resourcesUnion.entity.ResourcesUnion#5421], EntityKey[j.index.module.apply.resourcesUnion.entity.ResourcesUnion#5422], EntityKey[j.index.module.apply.resourcesUnion.entity.ResourcesUnion#5431], EntityKey[j.index.module.apply.resourcesUnion.entity.ResourcesUnion#5432], EntityKey[j.index.module.apply.resourcesUnion.entity.ResourcesUnion#5433], EntityKey[j.index.module.apply.resourcesUnion.entity.ResourcesUnion#5434], EntityKey[j.index.module.apply.resourcesUnion.entity.ResourcesUnion#5427], EntityKey[j.index.module.apply.resourcesUnion.entity.ResourcesUnion#5428], EntityKey[j.index.module.apply.resourcesUnion.entity.ResourcesUnion#5429], EntityKey[j.index.module.apply.resourcesUnion.entity.ResourcesUnion#5430], EntityKey[j.index.module.apply.resourcesUnion.entity.ResourcesUnion#5076], EntityKey[j.index.module.apply.resourcesUnion.entity.ResourcesUnion#5075], EntityKey[j.index.module.apply.resourcesUnion.entity.ResourcesUnion#5078], EntityKey[j.index.module.apply.resourcesUnion.entity.ResourcesUnion#5077], EntityKey[j.index.module.apply.resourcesUnion.entity.ResourcesUnion#5080], EntityKey[j.index.module.apply.resourcesUnion.entity.ResourcesUnion#5079], EntityKey[j.index.module.apply.resourcesUnion.entity.ResourcesUnion#5082], EntityKey[j.index.module.apply.resourcesUnion.entity.ResourcesUnion#5081], EntityKey[j.index.module.apply.resourcesUnion.entity.ResourcesUnion#5068], EntityKey[j.index.module.apply.resourcesUnion.entity.ResourcesUnion#5067], EntityKey[j.index.module.apply.resourcesUnion.entity.ResourcesUnion#5070], EntityKey[j.index.module.apply.resourcesUnion.entity.ResourcesUnion#5069], EntityKey[j.index.module.apply.resourcesUnion.entity.ResourcesUnion#5072], EntityKey[j.index.module.apply.resourcesUnion.entity.ResourcesUnion#5071], EntityKey[j.index.module.apply.resourcesUnion.entity.ResourcesUnion#5074], EntityKey[j.index.module.apply.resourcesUnion.entity.ResourcesUnion#5073], EntityKey[j.index.module.apply.resourcesUnion.entity.ResourcesUnion#5091], EntityKey[j.index.module.apply.resourcesUnion.entity.ResourcesUnion#5092], EntityKey[j.index.module.apply.resourcesUnion.entity.ResourcesUnion#5093], EntityKey[j.index.module.apply.resourcesUnion.entity.ResourcesUnion#5094], EntityKey[j.index.module.apply.resourcesUnion.entity.ResourcesUnion#5095], EntityKey[j.index.module.apply.resourcesUnion.entity.ResourcesUnion#5096], EntityKey[j.index.module.apply.resourcesUnion.entity.ResourcesUnion#5097], EntityKey[j.index.module.apply.resourcesUnion.entity.ResourcesUnion#5098], EntityKey[j.index.module.apply.resourcesUnion.entity.ResourcesUnion#5083], EntityKey[j.index.module.apply.resourcesUnion.entity.ResourcesUnion#5084], EntityKey[j.index.module.apply.resourcesUnion.entity.ResourcesUnion#5085], EntityKey[j.index.module.apply.resourcesUnion.entity.ResourcesUnion#5086], EntityKey[j.index.module.apply.resourcesUnion.entity.ResourcesUnion#5087], EntityKey[j.index.module.apply.resourcesUnion.entity.ResourcesUnion#5088], EntityKey[j.index.module.apply.resourcesUnion.entity.ResourcesUnion#5089], EntityKey[j.index.module.apply.resourcesUnion.entity.ResourcesUnion#5090], EntityKey[j.index.module.apply.resourcesUnion.entity.ResourcesUnion#5110], EntityKey[j.index.module.apply.resourcesUnion.entity.ResourcesUnion#5109], EntityKey[j.index.module.apply.resourcesUnion.entity.ResourcesUnion#5108], EntityKey[j.index.module.apply.resourcesUnion.entity.ResourcesUnion#5107], EntityKey[j.index.module.apply.resourcesUnion.entity.ResourcesUnion#5114], EntityKey[j.index.module.apply.resourcesUnion.entity.ResourcesUnion#5113], EntityKey[j.index.module.apply.resourcesUnion.entity.ResourcesUnion#5112], EntityKey[j.index.module.apply.resourcesUnion.entity.ResourcesUnion#5111], EntityKey[j.index.module.apply.resourcesUnion.entity.ResourcesUnion#5102], EntityKey[j.index.module.apply.resourcesUnion.entity.ResourcesUnion#5101], EntityKey[j.index.module.apply.resourcesUnion.entity.ResourcesUnion#5100], EntityKey[j.index.module.apply.resourcesUnion.entity.ResourcesUnion#5099], EntityKey[j.index.module.apply.resourcesUnion.entity.ResourcesUnion#5106], EntityKey[j.index.module.apply.resourcesUnion.entity.ResourcesUnion#5105], EntityKey[j.index.module.apply.resourcesUnion.entity.ResourcesUnion#5104], EntityKey[j.index.module.apply.resourcesUnion.entity.ResourcesUnion#5103], EntityKey[j.index.module.apply.resourcesUnion.entity.ResourcesUnion#5125], EntityKey[j.index.module.apply.resourcesUnion.entity.ResourcesUnion#5126], EntityKey[j.index.module.apply.resourcesUnion.entity.ResourcesUnion#5123], EntityKey[j.index.module.apply.resourcesUnion.entity.ResourcesUnion#5124], EntityKey[j.index.module.apply.resourcesUnion.entity.ResourcesUnion#5129], EntityKey[j.index.module.apply.resourcesUnion.entity.ResourcesUnion#5130], EntityKey[j.index.module.apply.resourcesUnion.entity.ResourcesUnion#5127], EntityKey[j.index.module.apply.resourcesUnion.entity.ResourcesUnion#5128], EntityKey[j.index.module.apply.resourcesUnion.entity.ResourcesUnion#5117], EntityKey[j.index.module.apply.resourcesUnion.entity.ResourcesUnion#5118], EntityKey[j.index.module.apply.resourcesUnion.entity.ResourcesUnion#5115], EntityKey[j.index.module.apply.resourcesUnion.entity.ResourcesUnion#5116], EntityKey[j.index.module.apply.resourcesUnion.entity.ResourcesUnion#5121], EntityKey[j.index.module.apply.resourcesUnion.entity.ResourcesUnion#5122], EntityKey[j.index.module.apply.resourcesUnion.entity.ResourcesUnion#5119], EntityKey[j.index.module.apply.resourcesUnion.entity.ResourcesUnion#5120], EntityKey[j.index.module.apply.resourcesUnion.entity.ResourcesUnion#5016], EntityKey[j.index.module.apply.resourcesUnion.entity.ResourcesUnion#5015], EntityKey[j.index.module.apply.resourcesUnion.entity.ResourcesUnion#5018], EntityKey[j.index.module.apply.resourcesUnion.entity.ResourcesUnion#5017], EntityKey[j.index.module.apply.resourcesUnion.entity.ResourcesUnion#5012], EntityKey[j.index.module.apply.resourcesUnion.entity.ResourcesUnion#5011], EntityKey[j.index.module.apply.resourcesUnion.entity.ResourcesUnion#5014], EntityKey[j.index.module.apply.resourcesUnion.entity.ResourcesUnion#5013], EntityKey[j.index.module.apply.resourcesUnion.entity.ResourcesUnion#5008], EntityKey[j.index.module.apply.resourcesUnion.entity.ResourcesUnion#5007], EntityKey[j.index.module.apply.resourcesUnion.entity.ResourcesUnion#5010], EntityKey[j.index.module.apply.resourcesUnion.entity.ResourcesUnion#5009], EntityKey[j.index.module.apply.resourcesUnion.entity.ResourcesUnion#5004], EntityKey[j.index.module.apply.resourcesUnion.entity.ResourcesUnion#5003], EntityKey[j.index.module.apply.resourcesUnion.entity.ResourcesUnion#5006], EntityKey[j.index.module.apply.resourcesUnion.entity.ResourcesUnion#5005], EntityKey[j.index.module.apply.resourcesUnion.entity.ResourcesUnion#5031], EntityKey[j.index.module.apply.resourcesUnion.entity.ResourcesUnion#5032], EntityKey[j.index.module.apply.resourcesUnion.entity.ResourcesUnion#5033], EntityKey[j.index.module.apply.resourcesUnion.entity.ResourcesUnion#5034], EntityKey[j.index.module.apply.resourcesUnion.entity.ResourcesUnion#5027], EntityKey[j.index.module.apply.resourcesUnion.entity.ResourcesUnion#5028], EntityKey[j.index.module.apply.resourcesUnion.entity.ResourcesUnion#5029], EntityKey[j.index.module.apply.resourcesUnion.entity.ResourcesUnion#5030], EntityKey[j.index.module.apply.resourcesUnion.entity.ResourcesUnion#5023], EntityKey[j.index.module.apply.resourcesUnion.entity.ResourcesUnion#5024], EntityKey[j.index.module.apply.resourcesUnion.entity.ResourcesUnion#5025], EntityKey[j.index.module.apply.resourcesUnion.entity.ResourcesUnion#5026], EntityKey[j.index.module.apply.resourcesUnion.entity.ResourcesUnion#5019], EntityKey[j.index.module.apply.resourcesUnion.entity.ResourcesUnion#5020], EntityKey[j.index.module.apply.resourcesUnion.entity.ResourcesUnion#5021], EntityKey[j.index.module.apply.resourcesUnion.entity.ResourcesUnion#5022], EntityKey[j.index.module.apply.resourcesUnion.entity.ResourcesUnion#5050], EntityKey[j.index.module.apply.resourcesUnion.entity.ResourcesUnion#5049], EntityKey[j.index.module.apply.resourcesUnion.entity.ResourcesUnion#5048], EntityKey[j.index.module.apply.resourcesUnion.entity.ResourcesUnion#5047], EntityKey[j.index.module.apply.resourcesUnion.entity.ResourcesUnion#5046], EntityKey[j.index.module.apply.resourcesUnion.entity.ResourcesUnion#5045], EntityKey[j.index.module.apply.resourcesUnion.entity.ResourcesUnion#5044], EntityKey[j.index.module.apply.resourcesUnion.entity.ResourcesUnion#5043], EntityKey[j.index.module.apply.resourcesUnion.entity.ResourcesUnion#5042], EntityKey[j.index.module.apply.resourcesUnion.entity.ResourcesUnion#5041], EntityKey[j.index.module.apply.resourcesUnion.entity.ResourcesUnion#5040], EntityKey[j.index.module.apply.resourcesUnion.entity.ResourcesUnion#5039], EntityKey[j.index.module.apply.resourcesUnion.entity.ResourcesUnion#5038], EntityKey[j.index.module.apply.resourcesUnion.entity.ResourcesUnion#5037], EntityKey[j.index.module.apply.resourcesUnion.entity.ResourcesUnion#5036], EntityKey[j.index.module.apply.resourcesUnion.entity.ResourcesUnion#5035], EntityKey[j.index.module.apply.resourcesUnion.entity.ResourcesUnion#5065], EntityKey[j.index.module.apply.resourcesUnion.entity.ResourcesUnion#5066], EntityKey[j.index.module.apply.resourcesUnion.entity.ResourcesUnion#5063], EntityKey[j.index.module.apply.resourcesUnion.entity.ResourcesUnion#5064], EntityKey[j.index.module.apply.resourcesUnion.entity.ResourcesUnion#5061], EntityKey[j.index.module.apply.resourcesUnion.entity.ResourcesUnion#5062], EntityKey[j.index.module.apply.resourcesUnion.entity.ResourcesUnion#5059], EntityKey[j.index.module.apply.resourcesUnion.entity.ResourcesUnion#5060], EntityKey[j.index.module.apply.resourcesUnion.entity.ResourcesUnion#5057], EntityKey[j.index.module.apply.resourcesUnion.entity.ResourcesUnion#5058], EntityKey[j.index.module.apply.resourcesUnion.entity.ResourcesUnion#5055], EntityKey[j.index.module.apply.resourcesUnion.entity.ResourcesUnion#5056], EntityKey[j.index.module.apply.resourcesUnion.entity.ResourcesUnion#5053], EntityKey[j.index.module.apply.resourcesUnion.entity.ResourcesUnion#5054], EntityKey[j.index.module.apply.resourcesUnion.entity.ResourcesUnion#5051], EntityKey[j.index.module.apply.resourcesUnion.entity.ResourcesUnion#5052], EntityKey[j.index.module.apply.resourcesUnion.entity.ResourcesUnion#5195], EntityKey[j.index.module.apply.resourcesUnion.entity.ResourcesUnion#5196], EntityKey[j.index.module.apply.resourcesUnion.entity.ResourcesUnion#5197], EntityKey[j.index.module.apply.resourcesUnion.entity.ResourcesUnion#5198], EntityKey[j.index.module.apply.resourcesUnion.entity.ResourcesUnion#5199], EntityKey[j.index.module.apply.resourcesUnion.entity.ResourcesUnion#5200], EntityKey[j.index.module.apply.resourcesUnion.entity.ResourcesUnion#5201], EntityKey[j.index.module.apply.resourcesUnion.entity.ResourcesUnion#5202], EntityKey[j.index.module.apply.resourcesUnion.entity.ResourcesUnion#5203], EntityKey[j.index.module.apply.resourcesUnion.entity.ResourcesUnion#5204], EntityKey[j.index.module.apply.resourcesUnion.entity.ResourcesUnion#5205], EntityKey[j.index.module.apply.resourcesUnion.entity.ResourcesUnion#5206], EntityKey[j.index.module.apply.resourcesUnion.entity.ResourcesUnion#5207], EntityKey[j.index.module.apply.resourcesUnion.entity.ResourcesUnion#5208], EntityKey[j.index.module.apply.resourcesUnion.entity.ResourcesUnion#5209], EntityKey[j.index.module.apply.resourcesUnion.entity.ResourcesUnion#5210], EntityKey[j.index.module.apply.resourcesUnion.entity.ResourcesUnion#5212], EntityKey[j.index.module.apply.resourcesUnion.entity.ResourcesUnion#5211], EntityKey[j.index.module.apply.resourcesUnion.entity.ResourcesUnion#5214], EntityKey[j.index.module.apply.resourcesUnion.entity.ResourcesUnion#5213], EntityKey[j.index.module.apply.resourcesUnion.entity.ResourcesUnion#5216], EntityKey[j.index.module.apply.resourcesUnion.entity.ResourcesUnion#5215], EntityKey[j.index.module.apply.resourcesUnion.entity.ResourcesUnion#5218], EntityKey[j.index.module.apply.resourcesUnion.entity.ResourcesUnion#5217], EntityKey[j.index.module.apply.resourcesUnion.entity.ResourcesUnion#5220], EntityKey[j.index.module.apply.resourcesUnion.entity.ResourcesUnion#5219], EntityKey[j.index.module.apply.resourcesUnion.entity.ResourcesUnion#5222], EntityKey[j.index.module.apply.resourcesUnion.entity.ResourcesUnion#5221], EntityKey[j.index.module.apply.resourcesUnion.entity.ResourcesUnion#5224], EntityKey[j.index.module.apply.resourcesUnion.entity.ResourcesUnion#5223], EntityKey[j.index.module.apply.resourcesUnion.entity.ResourcesUnion#5226], EntityKey[j.index.module.apply.resourcesUnion.entity.ResourcesUnion#5225], EntityKey[j.index.module.apply.resourcesUnion.entity.ResourcesUnion#5229], EntityKey[j.index.module.apply.resourcesUnion.entity.ResourcesUnion#5230], EntityKey[j.index.module.apply.resourcesUnion.entity.ResourcesUnion#5227], EntityKey[j.index.module.apply.resourcesUnion.entity.ResourcesUnion#5228], EntityKey[j.index.module.apply.resourcesUnion.entity.ResourcesUnion#5233], EntityKey[j.index.module.apply.resourcesUnion.entity.ResourcesUnion#5234], EntityKey[j.index.module.apply.resourcesUnion.entity.ResourcesUnion#5231], EntityKey[j.index.module.apply.resourcesUnion.entity.ResourcesUnion#5232], EntityKey[j.index.module.apply.resourcesUnion.entity.ResourcesUnion#5237], EntityKey[j.index.module.apply.resourcesUnion.entity.ResourcesUnion#5238], EntityKey[j.index.module.apply.resourcesUnion.entity.ResourcesUnion#5235], EntityKey[j.index.module.apply.resourcesUnion.entity.ResourcesUnion#5236], EntityKey[j.index.module.apply.resourcesUnion.entity.ResourcesUnion#5241], EntityKey[j.index.module.apply.resourcesUnion.entity.ResourcesUnion#5242], EntityKey[j.index.module.apply.resourcesUnion.entity.ResourcesUnion#5239], EntityKey[j.index.module.apply.resourcesUnion.entity.ResourcesUnion#5240], EntityKey[j.index.module.apply.resourcesUnion.entity.ResourcesUnion#5246], EntityKey[j.index.module.apply.resourcesUnion.entity.ResourcesUnion#5245], EntityKey[j.index.module.apply.resourcesUnion.entity.ResourcesUnion#5244], EntityKey[j.index.module.apply.resourcesUnion.entity.ResourcesUnion#5243], EntityKey[j.index.module.apply.resourcesUnion.entity.ResourcesUnion#5250], EntityKey[j.index.module.apply.resourcesUnion.entity.ResourcesUnion#5249], EntityKey[j.index.module.apply.resourcesUnion.entity.ResourcesUnion#5248], EntityKey[j.index.module.apply.resourcesUnion.entity.ResourcesUnion#5247], EntityKey[j.index.module.apply.resourcesUnion.entity.ResourcesUnion#5254], EntityKey[j.index.module.apply.resourcesUnion.entity.ResourcesUnion#5253], EntityKey[j.index.module.apply.resourcesUnion.entity.ResourcesUnion#5252], EntityKey[j.index.module.apply.resourcesUnion.entity.ResourcesUnion#5251], EntityKey[j.index.module.apply.resourcesUnion.entity.ResourcesUnion#5258], EntityKey[j.index.module.apply.resourcesUnion.entity.ResourcesUnion#5257], EntityKey[j.index.module.apply.resourcesUnion.entity.ResourcesUnion#5256], EntityKey[j.index.module.apply.resourcesUnion.entity.ResourcesUnion#5255], EntityKey[j.index.module.apply.resourcesUnion.entity.ResourcesUnion#5135], EntityKey[j.index.module.apply.resourcesUnion.entity.ResourcesUnion#5136], EntityKey[j.index.module.apply.resourcesUnion.entity.ResourcesUnion#5137], EntityKey[j.index.module.apply.resourcesUnion.entity.ResourcesUnion#5138], EntityKey[j.index.module.apply.resourcesUnion.entity.ResourcesUnion#5131], EntityKey[j.index.module.apply.resourcesUnion.entity.ResourcesUnion#5132], EntityKey[j.index.module.apply.resourcesUnion.entity.ResourcesUnion#5133], EntityKey[j.index.module.apply.resourcesUnion.entity.ResourcesUnion#5134], EntityKey[j.index.module.apply.resourcesUnion.entity.ResourcesUnion#5143], EntityKey[j.index.module.apply.resourcesUnion.entity.ResourcesUnion#5144], EntityKey[j.index.module.apply.resourcesUnion.entity.ResourcesUnion#5145], EntityKey[j.index.module.apply.resourcesUnion.entity.ResourcesUnion#5146], EntityKey[j.index.module.apply.resourcesUnion.entity.ResourcesUnion#5139], EntityKey[j.index.module.apply.resourcesUnion.entity.ResourcesUnion#5140], EntityKey[j.index.module.apply.resourcesUnion.entity.ResourcesUnion#5141], EntityKey[j.index.module.apply.resourcesUnion.entity.ResourcesUnion#5142], EntityKey[j.index.module.apply.resourcesUnion.entity.ResourcesUnion#5152], EntityKey[j.index.module.apply.resourcesUnion.entity.ResourcesUnion#5151], EntityKey[j.index.module.apply.resourcesUnion.entity.ResourcesUnion#5154], EntityKey[j.index.module.apply.resourcesUnion.entity.ResourcesUnion#5153], EntityKey[j.index.module.apply.resourcesUnion.entity.ResourcesUnion#5148], EntityKey[j.index.module.apply.resourcesUnion.entity.ResourcesUnion#5147], EntityKey[j.index.module.apply.resourcesUnion.entity.ResourcesUnion#5150], EntityKey[j.index.module.apply.resourcesUnion.entity.ResourcesUnion#5149], EntityKey[j.index.module.apply.resourcesUnion.entity.ResourcesUnion#5160], EntityKey[j.index.module.apply.resourcesUnion.entity.ResourcesUnion#5159], EntityKey[j.index.module.apply.resourcesUnion.entity.ResourcesUnion#5162], EntityKey[j.index.module.apply.resourcesUnion.entity.ResourcesUnion#5161], EntityKey[j.index.module.apply.resourcesUnion.entity.ResourcesUnion#5156], EntityKey[j.index.module.apply.resourcesUnion.entity.ResourcesUnion#5155], EntityKey[j.index.module.apply.resourcesUnion.entity.ResourcesUnion#5158], EntityKey[j.index.module.apply.resourcesUnion.entity.ResourcesUnion#5157], EntityKey[j.index.module.apply.resourcesUnion.entity.ResourcesUnion#5169], EntityKey[j.index.module.apply.resourcesUnion.entity.ResourcesUnion#5170], EntityKey[j.index.module.apply.resourcesUnion.entity.ResourcesUnion#5167], EntityKey[j.index.module.apply.resourcesUnion.entity.ResourcesUnion#5168], EntityKey[j.index.module.apply.resourcesUnion.entity.ResourcesUnion#5165], EntityKey[j.index.module.apply.resourcesUnion.entity.ResourcesUnion#5166], EntityKey[j.index.module.apply.resourcesUnion.entity.ResourcesUnion#5163], EntityKey[j.index.module.apply.resourcesUnion.entity.ResourcesUnion#5164], EntityKey[j.index.module.apply.resourcesUnion.entity.ResourcesUnion#5177], EntityKey[j.index.module.apply.resourcesUnion.entity.ResourcesUnion#5178], EntityKey[j.index.module.apply.resourcesUnion.entity.ResourcesUnion#5175], EntityKey[j.index.module.apply.resourcesUnion.entity.ResourcesUnion#5176], EntityKey[j.index.module.apply.resourcesUnion.entity.ResourcesUnion#5173], EntityKey[j.index.module.apply.resourcesUnion.entity.ResourcesUnion#5174], EntityKey[j.index.module.apply.resourcesUnion.entity.ResourcesUnion#5171], EntityKey[j.index.module.apply.resourcesUnion.entity.ResourcesUnion#5172], EntityKey[j.index.module.apply.resourcesUnion.entity.ResourcesUnion#5186], EntityKey[j.index.module.apply.resourcesUnion.entity.ResourcesUnion#5185], EntityKey[j.index.module.apply.resourcesUnion.entity.ResourcesUnion#5184], EntityKey[j.index.module.apply.resourcesUnion.entity.ResourcesUnion#5183], EntityKey[j.index.module.apply.resourcesUnion.entity.ResourcesUnion#5182], EntityKey[j.index.module.apply.resourcesUnion.entity.ResourcesUnion#5181], EntityKey[j.index.module.apply.resourcesUnion.entity.ResourcesUnion#5180], EntityKey[j.index.module.apply.resourcesUnion.entity.ResourcesUnion#5179], EntityKey[j.index.module.apply.resourcesUnion.entity.ResourcesUnion#5194], EntityKey[j.index.module.apply.resourcesUnion.entity.ResourcesUnion#5193], EntityKey[j.index.module.apply.resourcesUnion.entity.ResourcesUnion#5192], EntityKey[j.index.module.apply.resourcesUnion.entity.ResourcesUnion#5191], EntityKey[j.index.module.apply.resourcesUnion.entity.ResourcesUnion#5190], EntityKey[j.index.module.apply.resourcesUnion.entity.ResourcesUnion#5189], EntityKey[j.index.module.apply.resourcesUnion.entity.ResourcesUnion#5188], EntityKey[j.index.module.apply.resourcesUnion.entity.ResourcesUnion#5187], EntityKey[j.index.module.apply.resourcesUnion.entity.ResourcesUnion#5939], EntityKey[j.index.module.apply.resourcesUnion.entity.ResourcesUnion#5940], EntityKey[j.index.module.apply.resourcesUnion.entity.ResourcesUnion#5941], EntityKey[j.index.module.apply.resourcesUnion.entity.ResourcesUnion#5942], EntityKey[j.index.module.apply.resourcesUnion.entity.ResourcesUnion#5943], EntityKey[j.index.module.apply.resourcesUnion.entity.ResourcesUnion#5944], EntityKey[j.index.module.apply.resourcesUnion.entity.ResourcesUnion#5945], EntityKey[j.index.module.apply.resourcesUnion.entity.ResourcesUnion#5946], EntityKey[j.index.module.apply.resourcesUnion.entity.ResourcesUnion#5931], EntityKey[j.index.module.apply.resourcesUnion.entity.ResourcesUnion#5932], EntityKey[j.index.module.apply.resourcesUnion.entity.ResourcesUnion#5933], EntityKey[j.index.module.apply.resourcesUnion.entity.ResourcesUnion#5934], EntityKey[j.index.module.apply.resourcesUnion.entity.ResourcesUnion#5935], EntityKey[j.index.module.apply.resourcesUnion.entity.ResourcesUnion#5936], EntityKey[j.index.module.apply.resourcesUnion.entity.ResourcesUnion#5937], EntityKey[j.index.module.apply.resourcesUnion.entity.ResourcesUnion#5938], EntityKey[j.index.module.apply.resourcesUnion.entity.ResourcesUnion#5956], EntityKey[j.index.module.apply.resourcesUnion.entity.ResourcesUnion#5955], EntityKey[j.index.module.apply.resourcesUnion.entity.ResourcesUnion#5958], EntityKey[j.index.module.apply.resourcesUnion.entity.ResourcesUnion#5957], EntityKey[j.index.module.apply.resourcesUnion.entity.ResourcesUnion#5960], EntityKey[j.index.module.apply.resourcesUnion.entity.ResourcesUnion#5959], EntityKey[j.index.module.apply.resourcesUnion.entity.ResourcesUnion#5962], EntityKey[j.index.module.apply.resourcesUnion.entity.ResourcesUnion#5961], EntityKey[j.index.module.apply.resourcesUnion.entity.ResourcesUnion#5948], EntityKey[j.index.module.apply.resourcesUnion.entity.ResourcesUnion#5947], EntityKey[j.index.module.apply.resourcesUnion.entity.ResourcesUnion#5950], EntityKey[j.index.module.apply.resourcesUnion.entity.ResourcesUnion#5949], EntityKey[j.index.module.apply.resourcesUnion.entity.ResourcesUnion#5952], EntityKey[j.index.module.apply.resourcesUnion.entity.ResourcesUnion#5951], EntityKey[j.index.module.apply.resourcesUnion.entity.ResourcesUnion#5954], EntityKey[j.index.module.apply.resourcesUnion.entity.ResourcesUnion#5953], EntityKey[j.index.module.apply.resourcesUnion.entity.ResourcesUnion#5909], EntityKey[j.index.module.apply.resourcesUnion.entity.ResourcesUnion#5910], EntityKey[j.index.module.apply.resourcesUnion.entity.ResourcesUnion#5907], EntityKey[j.index.module.apply.resourcesUnion.entity.ResourcesUnion#5908], EntityKey[j.index.module.apply.resourcesUnion.entity.ResourcesUnion#5913], EntityKey[j.index.module.apply.resourcesUnion.entity.ResourcesUnion#5914], EntityKey[j.index.module.apply.resourcesUnion.entity.ResourcesUnion#5911], EntityKey[j.index.module.apply.resourcesUnion.entity.ResourcesUnion#5912], EntityKey[j.index.module.apply.resourcesUnion.entity.ResourcesUnion#5901], EntityKey[j.index.module.apply.resourcesUnion.entity.ResourcesUnion#5902], EntityKey[j.index.module.apply.resourcesUnion.entity.ResourcesUnion#5899], EntityKey[j.index.module.apply.resourcesUnion.entity.ResourcesUnion#5900], EntityKey[j.index.module.apply.resourcesUnion.entity.ResourcesUnion#5905], EntityKey[j.index.module.apply.resourcesUnion.entity.ResourcesUnion#5906], EntityKey[j.index.module.apply.resourcesUnion.entity.ResourcesUnion#5903], EntityKey[j.index.module.apply.resourcesUnion.entity.ResourcesUnion#5904], EntityKey[j.index.module.apply.resourcesUnion.entity.ResourcesUnion#5926], EntityKey[j.index.module.apply.resourcesUnion.entity.ResourcesUnion#5925], EntityKey[j.index.module.apply.resourcesUnion.entity.ResourcesUnion#5924], EntityKey[j.index.module.apply.resourcesUnion.entity.ResourcesUnion#5923], EntityKey[j.index.module.apply.resourcesUnion.entity.ResourcesUnion#5930], EntityKey[j.index.module.apply.resourcesUnion.entity.ResourcesUnion#5929], EntityKey[j.index.module.apply.resourcesUnion.entity.ResourcesUnion#5928], EntityKey[j.index.module.apply.resourcesUnion.entity.ResourcesUnion#5927], EntityKey[j.index.module.apply.resourcesUnion.entity.ResourcesUnion#5918], EntityKey[j.index.module.apply.resourcesUnion.entity.ResourcesUnion#5917], EntityKey[j.index.module.apply.resourcesUnion.entity.ResourcesUnion#5916], EntityKey[j.index.module.apply.resourcesUnion.entity.ResourcesUnion#5915], EntityKey[j.index.module.apply.resourcesUnion.entity.ResourcesUnion#5922], EntityKey[j.index.module.apply.resourcesUnion.entity.ResourcesUnion#5921], EntityKey[j.index.module.apply.resourcesUnion.entity.ResourcesUnion#5920], EntityKey[j.index.module.apply.resourcesUnion.entity.ResourcesUnion#5919], EntityKey[j.index.module.apply.resourcesUnion.entity.ResourcesUnion#6007], EntityKey[j.index.module.apply.resourcesUnion.entity.ResourcesUnion#6008], EntityKey[j.index.module.apply.resourcesUnion.entity.ResourcesUnion#6009], EntityKey[j.index.module.apply.resourcesUnion.entity.ResourcesUnion#6010], EntityKey[j.index.module.apply.resourcesUnion.entity.ResourcesUnion#6003], EntityKey[j.index.module.apply.resourcesUnion.entity.ResourcesUnion#6004], EntityKey[j.index.module.apply.resourcesUnion.entity.ResourcesUnion#6005], EntityKey[j.index.module.apply.resourcesUnion.entity.ResourcesUnion#6006], EntityKey[j.index.module.apply.resourcesUnion.entity.ResourcesUnion#5999], EntityKey[j.index.module.apply.resourcesUnion.entity.ResourcesUnion#6000], EntityKey[j.index.module.apply.resourcesUnion.entity.ResourcesUnion#6001], EntityKey[j.index.module.apply.resourcesUnion.entity.ResourcesUnion#6002], EntityKey[j.index.module.apply.resourcesUnion.entity.ResourcesUnion#5995], EntityKey[j.index.module.apply.resourcesUnion.entity.ResourcesUnion#5996], EntityKey[j.index.module.apply.resourcesUnion.entity.ResourcesUnion#5997], EntityKey[j.index.module.apply.resourcesUnion.entity.ResourcesUnion#5998], EntityKey[j.index.module.apply.resourcesUnion.entity.ResourcesUnion#6024], EntityKey[j.index.module.apply.resourcesUnion.entity.ResourcesUnion#6023], EntityKey[j.index.module.apply.resourcesUnion.entity.ResourcesUnion#6026], EntityKey[j.index.module.apply.resourcesUnion.entity.ResourcesUnion#6025], EntityKey[j.index.module.apply.resourcesUnion.entity.ResourcesUnion#6020], EntityKey[j.index.module.apply.resourcesUnion.entity.ResourcesUnion#6019], EntityKey[j.index.module.apply.resourcesUnion.entity.ResourcesUnion#6022], EntityKey[j.index.module.apply.resourcesUnion.entity.ResourcesUnion#6021], EntityKey[j.index.module.apply.resourcesUnion.entity.ResourcesUnion#6016], EntityKey[j.index.module.apply.resourcesUnion.entity.ResourcesUnion#6015], EntityKey[j.index.module.apply.resourcesUnion.entity.ResourcesUnion#6018], EntityKey[j.index.module.apply.resourcesUnion.entity.ResourcesUnion#6017], EntityKey[j.index.module.apply.resourcesUnion.entity.ResourcesUnion#6012], EntityKey[j.index.module.apply.resourcesUnion.entity.ResourcesUnion#6011], EntityKey[j.index.module.apply.resourcesUnion.entity.ResourcesUnion#6014], EntityKey[j.index.module.apply.resourcesUnion.entity.ResourcesUnion#6013], EntityKey[j.index.module.apply.resourcesUnion.entity.ResourcesUnion#5977], EntityKey[j.index.module.apply.resourcesUnion.entity.ResourcesUnion#5978], EntityKey[j.index.module.apply.resourcesUnion.entity.ResourcesUnion#5975], EntityKey[j.index.module.apply.resourcesUnion.entity.ResourcesUnion#5976], EntityKey[j.index.module.apply.resourcesUnion.entity.ResourcesUnion#5973], EntityKey[j.index.module.apply.resourcesUnion.entity.ResourcesUnion#5974], EntityKey[j.index.module.apply.resourcesUnion.entity.ResourcesUnion#5971], EntityKey[j.index.module.apply.resourcesUnion.entity.ResourcesUnion#5972], EntityKey[j.index.module.apply.resourcesUnion.entity.ResourcesUnion#5969], EntityKey[j.index.module.apply.resourcesUnion.entity.ResourcesUnion#5970], EntityKey[j.index.module.apply.resourcesUnion.entity.ResourcesUnion#5967], EntityKey[j.index.module.apply.resourcesUnion.entity.ResourcesUnion#5968], EntityKey[j.index.module.apply.resourcesUnion.entity.ResourcesUnion#5965], EntityKey[j.index.module.apply.resourcesUnion.entity.ResourcesUnion#5966], EntityKey[j.index.module.apply.resourcesUnion.entity.ResourcesUnion#5963], EntityKey[j.index.module.apply.resourcesUnion.entity.ResourcesUnion#5964], EntityKey[j.index.module.apply.resourcesUnion.entity.ResourcesUnion#5994], EntityKey[j.index.module.apply.resourcesUnion.entity.ResourcesUnion#5993], EntityKey[j.index.module.apply.resourcesUnion.entity.ResourcesUnion#5992], EntityKey[j.index.module.apply.resourcesUnion.entity.ResourcesUnion#5991], EntityKey[j.index.module.apply.resourcesUnion.entity.ResourcesUnion#5990], EntityKey[j.index.module.apply.resourcesUnion.entity.ResourcesUnion#5989], EntityKey[j.index.module.apply.resourcesUnion.entity.ResourcesUnion#5988], EntityKey[j.index.module.apply.resourcesUnion.entity.ResourcesUnion#5987], EntityKey[j.index.module.apply.resourcesUnion.entity.ResourcesUnion#5986], EntityKey[j.index.module.apply.resourcesUnion.entity.ResourcesUnion#5985], EntityKey[j.index.module.apply.resourcesUnion.entity.ResourcesUnion#5984], EntityKey[j.index.module.apply.resourcesUnion.entity.ResourcesUnion#5983], EntityKey[j.index.module.apply.resourcesUnion.entity.ResourcesUnion#5982], EntityKey[j.index.module.apply.resourcesUnion.entity.ResourcesUnion#5981], EntityKey[j.index.module.apply.resourcesUnion.entity.ResourcesUnion#5980], EntityKey[j.index.module.apply.resourcesUnion.entity.ResourcesUnion#5979], EntityKey[j.index.module.apply.resourcesUnion.entity.ResourcesUnion#5804], EntityKey[j.index.module.apply.resourcesUnion.entity.ResourcesUnion#5803], EntityKey[j.index.module.apply.resourcesUnion.entity.ResourcesUnion#5806], EntityKey[j.index.module.apply.resourcesUnion.entity.ResourcesUnion#5805], EntityKey[j.index.module.apply.resourcesUnion.entity.ResourcesUnion#5808], EntityKey[j.index.module.apply.resourcesUnion.entity.ResourcesUnion#5807], EntityKey[j.index.module.apply.resourcesUnion.entity.ResourcesUnion#5810], EntityKey[j.index.module.apply.resourcesUnion.entity.ResourcesUnion#5809], EntityKey[j.index.module.apply.resourcesUnion.entity.ResourcesUnion#5812], EntityKey[j.index.module.apply.resourcesUnion.entity.ResourcesUnion#5811], EntityKey[j.index.module.apply.resourcesUnion.entity.ResourcesUnion#5814], EntityKey[j.index.module.apply.resourcesUnion.entity.ResourcesUnion#5813], EntityKey[j.index.module.apply.resourcesUnion.entity.ResourcesUnion#5816], EntityKey[j.index.module.apply.resourcesUnion.entity.ResourcesUnion#5815], EntityKey[j.index.module.apply.resourcesUnion.entity.ResourcesUnion#5818], EntityKey[j.index.module.apply.resourcesUnion.entity.ResourcesUnion#5817], EntityKey[j.index.module.apply.resourcesUnion.entity.ResourcesUnion#5819], EntityKey[j.index.module.apply.resourcesUnion.entity.ResourcesUnion#5820], EntityKey[j.index.module.apply.resourcesUnion.entity.ResourcesUnion#5821], EntityKey[j.index.module.apply.resourcesUnion.entity.ResourcesUnion#5822], EntityKey[j.index.module.apply.resourcesUnion.entity.ResourcesUnion#5823], EntityKey[j.index.module.apply.resourcesUnion.entity.ResourcesUnion#5824], EntityKey[j.index.module.apply.resourcesUnion.entity.ResourcesUnion#5825], EntityKey[j.index.module.apply.resourcesUnion.entity.ResourcesUnion#5826], EntityKey[j.index.module.apply.resourcesUnion.entity.ResourcesUnion#5827], EntityKey[j.index.module.apply.resourcesUnion.entity.ResourcesUnion#5828], EntityKey[j.index.module.apply.resourcesUnion.entity.ResourcesUnion#5829], EntityKey[j.index.module.apply.resourcesUnion.entity.ResourcesUnion#5830], EntityKey[j.index.module.apply.resourcesUnion.entity.ResourcesUnion#5831], EntityKey[j.index.module.apply.resourcesUnion.entity.ResourcesUnion#5832], EntityKey[j.index.module.apply.resourcesUnion.entity.ResourcesUnion#5833], EntityKey[j.index.module.apply.resourcesUnion.entity.ResourcesUnion#5834], EntityKey[j.index.module.apply.resourcesUnion.entity.ResourcesUnion#5774], EntityKey[j.index.module.apply.resourcesUnion.entity.ResourcesUnion#5773], EntityKey[j.index.module.apply.resourcesUnion.entity.ResourcesUnion#5772], EntityKey[j.index.module.apply.resourcesUnion.entity.ResourcesUnion#5771], EntityKey[j.index.module.apply.resourcesUnion.entity.ResourcesUnion#5778], EntityKey[j.index.module.apply.resourcesUnion.entity.ResourcesUnion#5777], EntityKey[j.index.module.apply.resourcesUnion.entity.ResourcesUnion#5776], EntityKey[j.index.module.apply.resourcesUnion.entity.ResourcesUnion#5775], EntityKey[j.index.module.apply.resourcesUnion.entity.ResourcesUnion#5782], EntityKey[j.index.module.apply.resourcesUnion.entity.ResourcesUnion#5781], EntityKey[j.index.module.apply.resourcesUnion.entity.ResourcesUnion#5780], EntityKey[j.index.module.apply.resourcesUnion.entity.ResourcesUnion#5779], EntityKey[j.index.module.apply.resourcesUnion.entity.ResourcesUnion#5786], EntityKey[j.index.module.apply.resourcesUnion.entity.ResourcesUnion#5785], EntityKey[j.index.module.apply.resourcesUnion.entity.ResourcesUnion#5784], EntityKey[j.index.module.apply.resourcesUnion.entity.ResourcesUnion#5783], EntityKey[j.index.module.apply.resourcesUnion.entity.ResourcesUnion#5789], EntityKey[j.index.module.apply.resourcesUnion.entity.ResourcesUnion#5790], EntityKey[j.index.module.apply.resourcesUnion.entity.ResourcesUnion#5787], EntityKey[j.index.module.apply.resourcesUnion.entity.ResourcesUnion#5788], EntityKey[j.index.module.apply.resourcesUnion.entity.ResourcesUnion#5793], EntityKey[j.index.module.apply.resourcesUnion.entity.ResourcesUnion#5794], EntityKey[j.index.module.apply.resourcesUnion.entity.ResourcesUnion#5791], EntityKey[j.index.module.apply.resourcesUnion.entity.ResourcesUnion#5792], EntityKey[j.index.module.apply.resourcesUnion.entity.ResourcesUnion#5797], EntityKey[j.index.module.apply.resourcesUnion.entity.ResourcesUnion#5798], EntityKey[j.index.module.apply.resourcesUnion.entity.ResourcesUnion#5795], EntityKey[j.index.module.apply.resourcesUnion.entity.ResourcesUnion#5796], EntityKey[j.index.module.apply.resourcesUnion.entity.ResourcesUnion#5801], EntityKey[j.index.module.apply.resourcesUnion.entity.ResourcesUnion#5802], EntityKey[j.index.module.apply.resourcesUnion.entity.ResourcesUnion#5799], EntityKey[j.index.module.apply.resourcesUnion.entity.ResourcesUnion#5800], EntityKey[j.index.module.apply.resourcesUnion.entity.ResourcesUnion#5872], EntityKey[j.index.module.apply.resourcesUnion.entity.ResourcesUnion#5871], EntityKey[j.index.module.apply.resourcesUnion.entity.ResourcesUnion#5874], EntityKey[j.index.module.apply.resourcesUnion.entity.ResourcesUnion#5873], EntityKey[j.index.module.apply.resourcesUnion.entity.ResourcesUnion#5868], EntityKey[j.index.module.apply.resourcesUnion.entity.ResourcesUnion#5867], EntityKey[j.index.module.apply.resourcesUnion.entity.ResourcesUnion#5870], EntityKey[j.index.module.apply.resourcesUnion.entity.ResourcesUnion#5869], EntityKey[j.index.module.apply.resourcesUnion.entity.ResourcesUnion#5880], EntityKey[j.index.module.apply.resourcesUnion.entity.ResourcesUnion#5879], EntityKey[j.index.module.apply.resourcesUnion.entity.ResourcesUnion#5882], EntityKey[j.index.module.apply.resourcesUnion.entity.ResourcesUnion#5881], EntityKey[j.index.module.apply.resourcesUnion.entity.ResourcesUnion#5876], EntityKey[j.index.module.apply.resourcesUnion.entity.ResourcesUnion#5875], EntityKey[j.index.module.apply.resourcesUnion.entity.ResourcesUnion#5878], EntityKey[j.index.module.apply.resourcesUnion.entity.ResourcesUnion#5877], EntityKey[j.index.module.apply.resourcesUnion.entity.ResourcesUnion#5887], EntityKey[j.index.module.apply.resourcesUnion.entity.ResourcesUnion#5888], EntityKey[j.index.module.apply.resourcesUnion.entity.ResourcesUnion#5889], EntityKey[j.index.module.apply.resourcesUnion.entity.ResourcesUnion#5890], EntityKey[j.index.module.apply.resourcesUnion.entity.ResourcesUnion#5883], EntityKey[j.index.module.apply.resourcesUnion.entity.ResourcesUnion#5884], EntityKey[j.index.module.apply.resourcesUnion.entity.ResourcesUnion#5885], EntityKey[j.index.module.apply.resourcesUnion.entity.ResourcesUnion#5886], EntityKey[j.index.module.apply.resourcesUnion.entity.ResourcesUnion#5895], EntityKey[j.index.module.apply.resourcesUnion.entity.ResourcesUnion#5896], EntityKey[j.index.module.apply.resourcesUnion.entity.ResourcesUnion#5897], EntityKey[j.index.module.apply.resourcesUnion.entity.ResourcesUnion#5898], EntityKey[j.index.module.apply.resourcesUnion.entity.ResourcesUnion#5891], EntityKey[j.index.module.apply.resourcesUnion.entity.ResourcesUnion#5892], EntityKey[j.index.module.apply.resourcesUnion.entity.ResourcesUnion#5893], EntityKey[j.index.module.apply.resourcesUnion.entity.ResourcesUnion#5894], EntityKey[j.index.module.apply.resourcesUnion.entity.ResourcesUnion#5842], EntityKey[j.index.module.apply.resourcesUnion.entity.ResourcesUnion#5841], EntityKey[j.index.module.apply.resourcesUnion.entity.ResourcesUnion#5840], EntityKey[j.index.module.apply.resourcesUnion.entity.ResourcesUnion#5839], EntityKey[j.index.module.apply.resourcesUnion.entity.ResourcesUnion#5838], EntityKey[j.index.module.apply.resourcesUnion.entity.ResourcesUnion#5837], EntityKey[j.index.module.apply.resourcesUnion.entity.ResourcesUnion#5836], EntityKey[j.index.module.apply.resourcesUnion.entity.ResourcesUnion#5835], EntityKey[j.index.module.apply.resourcesUnion.entity.ResourcesUnion#5850], EntityKey[j.index.module.apply.resourcesUnion.entity.ResourcesUnion#5849], EntityKey[j.index.module.apply.resourcesUnion.entity.ResourcesUnion#5848], EntityKey[j.index.module.apply.resourcesUnion.entity.ResourcesUnion#5847], EntityKey[j.index.module.apply.resourcesUnion.entity.ResourcesUnion#5846], EntityKey[j.index.module.apply.resourcesUnion.entity.ResourcesUnion#5845], EntityKey[j.index.module.apply.resourcesUnion.entity.ResourcesUnion#5844], EntityKey[j.index.module.apply.resourcesUnion.entity.ResourcesUnion#5843], EntityKey[j.index.module.apply.resourcesUnion.entity.ResourcesUnion#5857], EntityKey[j.index.module.apply.resourcesUnion.entity.ResourcesUnion#5858], EntityKey[j.index.module.apply.resourcesUnion.entity.ResourcesUnion#5855], EntityKey[j.index.module.apply.resourcesUnion.entity.ResourcesUnion#5856], EntityKey[j.index.module.apply.resourcesUnion.entity.ResourcesUnion#5853], EntityKey[j.index.module.apply.resourcesUnion.entity.ResourcesUnion#5854], EntityKey[j.index.module.apply.resourcesUnion.entity.ResourcesUnion#5851], EntityKey[j.index.module.apply.resourcesUnion.entity.ResourcesUnion#5852], EntityKey[j.index.module.apply.resourcesUnion.entity.ResourcesUnion#5865], EntityKey[j.index.module.apply.resourcesUnion.entity.ResourcesUnion#5866], EntityKey[j.index.module.apply.resourcesUnion.entity.ResourcesUnion#5863], EntityKey[j.index.module.apply.resourcesUnion.entity.ResourcesUnion#5864], EntityKey[j.index.module.apply.resourcesUnion.entity.ResourcesUnion#5861], EntityKey[j.index.module.apply.resourcesUnion.entity.ResourcesUnion#5862], EntityKey[j.index.module.apply.resourcesUnion.entity.ResourcesUnion#5859], EntityKey[j.index.module.apply.resourcesUnion.entity.ResourcesUnion#5860], EntityKey[j.index.module.apply.resourcesUnion.entity.ResourcesUnion#5702], EntityKey[j.index.module.apply.resourcesUnion.entity.ResourcesUnion#5701], EntityKey[j.index.module.apply.resourcesUnion.entity.ResourcesUnion#5700], EntityKey[j.index.module.apply.resourcesUnion.entity.ResourcesUnion#5699], EntityKey[j.index.module.apply.resourcesUnion.entity.ResourcesUnion#5706], EntityKey[j.index.module.apply.resourcesUnion.entity.ResourcesUnion#5705], EntityKey[j.index.module.apply.resourcesUnion.entity.ResourcesUnion#5704], EntityKey[j.index.module.apply.resourcesUnion.entity.ResourcesUnion#5703], EntityKey[j.index.module.apply.resourcesUnion.entity.ResourcesUnion#5694], EntityKey[j.index.module.apply.resourcesUnion.entity.ResourcesUnion#5693], EntityKey[j.index.module.apply.resourcesUnion.entity.ResourcesUnion#5692], EntityKey[j.index.module.apply.resourcesUnion.entity.ResourcesUnion#5691], EntityKey[j.index.module.apply.resourcesUnion.entity.ResourcesUnion#5698], EntityKey[j.index.module.apply.resourcesUnion.entity.ResourcesUnion#5697], EntityKey[j.index.module.apply.resourcesUnion.entity.ResourcesUnion#5696], EntityKey[j.index.module.apply.resourcesUnion.entity.ResourcesUnion#5695], EntityKey[j.index.module.apply.resourcesUnion.entity.ResourcesUnion#5685], EntityKey[j.index.module.apply.resourcesUnion.entity.ResourcesUnion#5686], EntityKey[j.index.module.apply.resourcesUnion.entity.ResourcesUnion#5683], EntityKey[j.index.module.apply.resourcesUnion.entity.ResourcesUnion#5684], EntityKey[j.index.module.apply.resourcesUnion.entity.ResourcesUnion#5689], EntityKey[j.index.module.apply.resourcesUnion.entity.ResourcesUnion#5690], EntityKey[j.index.module.apply.resourcesUnion.entity.ResourcesUnion#5687], EntityKey[j.index.module.apply.resourcesUnion.entity.ResourcesUnion#5688], EntityKey[j.index.module.apply.resourcesUnion.entity.ResourcesUnion#5677], EntityKey[j.index.module.apply.resourcesUnion.entity.ResourcesUnion#5678], EntityKey[j.index.module.apply.resourcesUnion.entity.ResourcesUnion#5675], EntityKey[j.index.module.apply.resourcesUnion.entity.ResourcesUnion#5676], EntityKey[j.index.module.apply.resourcesUnion.entity.ResourcesUnion#5681], EntityKey[j.index.module.apply.resourcesUnion.entity.ResourcesUnion#5682], EntityKey[j.index.module.apply.resourcesUnion.entity.ResourcesUnion#5679], EntityKey[j.index.module.apply.resourcesUnion.entity.ResourcesUnion#5680], EntityKey[j.index.module.apply.resourcesUnion.entity.ResourcesUnion#5668], EntityKey[j.index.module.apply.resourcesUnion.entity.ResourcesUnion#5667], EntityKey[j.index.module.apply.resourcesUnion.entity.ResourcesUnion#5670], EntityKey[j.index.module.apply.resourcesUnion.entity.ResourcesUnion#5669], EntityKey[j.index.module.apply.resourcesUnion.entity.ResourcesUnion#5672], EntityKey[j.index.module.apply.resourcesUnion.entity.ResourcesUnion#5671], EntityKey[j.index.module.apply.resourcesUnion.entity.ResourcesUnion#5674], EntityKey[j.index.module.apply.resourcesUnion.entity.ResourcesUnion#5673], EntityKey[j.index.module.apply.resourcesUnion.entity.ResourcesUnion#5660], EntityKey[j.index.module.apply.resourcesUnion.entity.ResourcesUnion#5659], EntityKey[j.index.module.apply.resourcesUnion.entity.ResourcesUnion#5662], EntityKey[j.index.module.apply.resourcesUnion.entity.ResourcesUnion#5661], EntityKey[j.index.module.apply.resourcesUnion.entity.ResourcesUnion#5664], EntityKey[j.index.module.apply.resourcesUnion.entity.ResourcesUnion#5663], EntityKey[j.index.module.apply.resourcesUnion.entity.ResourcesUnion#5666], EntityKey[j.index.module.apply.resourcesUnion.entity.ResourcesUnion#5665], EntityKey[j.index.module.apply.resourcesUnion.entity.ResourcesUnion#5651], EntityKey[j.index.module.apply.resourcesUnion.entity.ResourcesUnion#5652], EntityKey[j.index.module.apply.resourcesUnion.entity.ResourcesUnion#5653], EntityKey[j.index.module.apply.resourcesUnion.entity.ResourcesUnion#5654], EntityKey[j.index.module.apply.resourcesUnion.entity.ResourcesUnion#5655], EntityKey[j.index.module.apply.resourcesUnion.entity.ResourcesUnion#5656], EntityKey[j.index.module.apply.resourcesUnion.entity.ResourcesUnion#5657], EntityKey[j.index.module.apply.resourcesUnion.entity.ResourcesUnion#5658], EntityKey[j.index.module.apply.resourcesUnion.entity.ResourcesUnion#5643], EntityKey[j.index.module.apply.resourcesUnion.entity.ResourcesUnion#5644], EntityKey[j.index.module.apply.resourcesUnion.entity.ResourcesUnion#5645], EntityKey[j.index.module.apply.resourcesUnion.entity.ResourcesUnion#5646], EntityKey[j.index.module.apply.resourcesUnion.entity.ResourcesUnion#5647], EntityKey[j.index.module.apply.resourcesUnion.entity.ResourcesUnion#5648], EntityKey[j.index.module.apply.resourcesUnion.entity.ResourcesUnion#5649], EntityKey[j.index.module.apply.resourcesUnion.entity.ResourcesUnion#5650], EntityKey[j.index.module.apply.resourcesUnion.entity.ResourcesUnion#5770], EntityKey[j.index.module.apply.resourcesUnion.entity.ResourcesUnion#5769], EntityKey[j.index.module.apply.resourcesUnion.entity.ResourcesUnion#5768], EntityKey[j.index.module.apply.resourcesUnion.entity.ResourcesUnion#5767], EntityKey[j.index.module.apply.resourcesUnion.entity.ResourcesUnion#5766], EntityKey[j.index.module.apply.resourcesUnion.entity.ResourcesUnion#5765], EntityKey[j.index.module.apply.resourcesUnion.entity.ResourcesUnion#5764], EntityKey[j.index.module.apply.resourcesUnion.entity.ResourcesUnion#5763], EntityKey[j.index.module.apply.resourcesUnion.entity.ResourcesUnion#5762], EntityKey[j.index.module.apply.resourcesUnion.entity.ResourcesUnion#5761], EntityKey[j.index.module.apply.resourcesUnion.entity.ResourcesUnion#5760], EntityKey[j.index.module.apply.resourcesUnion.entity.ResourcesUnion#5759], EntityKey[j.index.module.apply.resourcesUnion.entity.ResourcesUnion#5758], EntityKey[j.index.module.apply.resourcesUnion.entity.ResourcesUnion#5757], EntityKey[j.index.module.apply.resourcesUnion.entity.ResourcesUnion#5756], EntityKey[j.index.module.apply.resourcesUnion.entity.ResourcesUnion#5755], EntityKey[j.index.module.apply.resourcesUnion.entity.ResourcesUnion#5753], EntityKey[j.index.module.apply.resourcesUnion.entity.ResourcesUnion#5754], EntityKey[j.index.module.apply.resourcesUnion.entity.ResourcesUnion#5751], EntityKey[j.index.module.apply.resourcesUnion.entity.ResourcesUnion#5752], EntityKey[j.index.module.apply.resourcesUnion.entity.ResourcesUnion#5749], EntityKey[j.index.module.apply.resourcesUnion.entity.ResourcesUnion#5750], EntityKey[j.index.module.apply.resourcesUnion.entity.ResourcesUnion#5747], EntityKey[j.index.module.apply.resourcesUnion.entity.ResourcesUnion#5748], EntityKey[j.index.module.apply.resourcesUnion.entity.ResourcesUnion#5745], EntityKey[j.index.module.apply.resourcesUnion.entity.ResourcesUnion#5746], EntityKey[j.index.module.apply.resourcesUnion.entity.ResourcesUnion#5743], EntityKey[j.index.module.apply.resourcesUnion.entity.ResourcesUnion#5744], EntityKey[j.index.module.apply.resourcesUnion.entity.ResourcesUnion#5741], EntityKey[j.index.module.apply.resourcesUnion.entity.ResourcesUnion#5742], EntityKey[j.index.module.apply.resourcesUnion.entity.ResourcesUnion#5739], EntityKey[j.index.module.apply.resourcesUnion.entity.ResourcesUnion#5740], EntityKey[j.index.module.apply.resourcesUnion.entity.ResourcesUnion#5736], EntityKey[j.index.module.apply.resourcesUnion.entity.ResourcesUnion#5735], EntityKey[j.index.module.apply.resourcesUnion.entity.ResourcesUnion#5738], EntityKey[j.index.module.apply.resourcesUnion.entity.ResourcesUnion#5737], EntityKey[j.index.module.apply.resourcesUnion.entity.ResourcesUnion#5732], EntityKey[j.index.module.apply.resourcesUnion.entity.ResourcesUnion#5731], EntityKey[j.index.module.apply.resourcesUnion.entity.ResourcesUnion#5734], EntityKey[j.index.module.apply.resourcesUnion.entity.ResourcesUnion#5733], EntityKey[j.index.module.apply.resourcesUnion.entity.ResourcesUnion#5728], EntityKey[j.index.module.apply.resourcesUnion.entity.ResourcesUnion#5727], EntityKey[j.index.module.apply.resourcesUnion.entity.ResourcesUnion#5730], EntityKey[j.index.module.apply.resourcesUnion.entity.ResourcesUnion#5729], EntityKey[j.index.module.apply.resourcesUnion.entity.ResourcesUnion#5724], EntityKey[j.index.module.apply.resourcesUnion.entity.ResourcesUnion#5723], EntityKey[j.index.module.apply.resourcesUnion.entity.ResourcesUnion#5726], EntityKey[j.index.module.apply.resourcesUnion.entity.ResourcesUnion#5725], EntityKey[j.index.module.apply.resourcesUnion.entity.ResourcesUnion#5719], EntityKey[j.index.module.apply.resourcesUnion.entity.ResourcesUnion#5720], EntityKey[j.index.module.apply.resourcesUnion.entity.ResourcesUnion#5721], EntityKey[j.index.module.apply.resourcesUnion.entity.ResourcesUnion#5722], EntityKey[j.index.module.apply.resourcesUnion.entity.ResourcesUnion#5715], EntityKey[j.index.module.apply.resourcesUnion.entity.ResourcesUnion#5716], EntityKey[j.index.module.apply.resourcesUnion.entity.ResourcesUnion#5717], EntityKey[j.index.module.apply.resourcesUnion.entity.ResourcesUnion#5718], EntityKey[j.index.module.apply.resourcesUnion.entity.ResourcesUnion#5711], EntityKey[j.index.module.apply.resourcesUnion.entity.ResourcesUnion#5712], EntityKey[j.index.module.apply.resourcesUnion.entity.ResourcesUnion#5713], EntityKey[j.index.module.apply.resourcesUnion.entity.ResourcesUnion#5714], EntityKey[j.index.module.apply.resourcesUnion.entity.ResourcesUnion#5707], EntityKey[j.index.module.apply.resourcesUnion.entity.ResourcesUnion#5708], EntityKey[j.index.module.apply.resourcesUnion.entity.ResourcesUnion#5709], EntityKey[j.index.module.apply.resourcesUnion.entity.ResourcesUnion#5710], EntityKey[j.index.module.apply.resourcesUnion.entity.ResourcesUnion#5565], EntityKey[j.index.module.apply.resourcesUnion.entity.ResourcesUnion#5566], EntityKey[j.index.module.apply.resourcesUnion.entity.ResourcesUnion#5563], EntityKey[j.index.module.apply.resourcesUnion.entity.ResourcesUnion#5564], EntityKey[j.index.module.apply.resourcesUnion.entity.ResourcesUnion#5569], EntityKey[j.index.module.apply.resourcesUnion.entity.ResourcesUnion#5570], EntityKey[j.index.module.apply.resourcesUnion.entity.ResourcesUnion#5567], EntityKey[j.index.module.apply.resourcesUnion.entity.ResourcesUnion#5568], EntityKey[j.index.module.apply.resourcesUnion.entity.ResourcesUnion#5573], EntityKey[j.index.module.apply.resourcesUnion.entity.ResourcesUnion#5574], EntityKey[j.index.module.apply.resourcesUnion.entity.ResourcesUnion#5571], EntityKey[j.index.module.apply.resourcesUnion.entity.ResourcesUnion#5572], EntityKey[j.index.module.apply.resourcesUnion.entity.ResourcesUnion#5577], EntityKey[j.index.module.apply.resourcesUnion.entity.ResourcesUnion#5578], EntityKey[j.index.module.apply.resourcesUnion.entity.ResourcesUnion#5575], EntityKey[j.index.module.apply.resourcesUnion.entity.ResourcesUnion#5576], EntityKey[j.index.module.apply.resourcesUnion.entity.ResourcesUnion#5550], EntityKey[j.index.module.apply.resourcesUnion.entity.ResourcesUnion#5549], EntityKey[j.index.module.apply.resourcesUnion.entity.ResourcesUnion#5548], EntityKey[j.index.module.apply.resourcesUnion.entity.ResourcesUnion#5547], EntityKey[j.index.module.apply.resourcesUnion.entity.ResourcesUnion#5554], EntityKey[j.index.module.apply.resourcesUnion.entity.ResourcesUnion#5553], EntityKey[j.index.module.apply.resourcesUnion.entity.ResourcesUnion#5552], EntityKey[j.index.module.apply.resourcesUnion.entity.ResourcesUnion#5551], EntityKey[j.index.module.apply.resourcesUnion.entity.ResourcesUnion#5558], EntityKey[j.index.module.apply.resourcesUnion.entity.ResourcesUnion#5557], EntityKey[j.index.module.apply.resourcesUnion.entity.ResourcesUnion#5556], EntityKey[j.index.module.apply.resourcesUnion.entity.ResourcesUnion#5555], EntityKey[j.index.module.apply.resourcesUnion.entity.ResourcesUnion#5562], EntityKey[j.index.module.apply.resourcesUnion.entity.ResourcesUnion#5561], EntityKey[j.index.module.apply.resourcesUnion.entity.ResourcesUnion#5560], EntityKey[j.index.module.apply.resourcesUnion.entity.ResourcesUnion#5559], EntityKey[j.index.module.apply.resourcesUnion.entity.ResourcesUnion#5531], EntityKey[j.index.module.apply.resourcesUnion.entity.ResourcesUnion#5532], EntityKey[j.index.module.apply.resourcesUnion.entity.ResourcesUnion#5533], EntityKey[j.index.module.apply.resourcesUnion.entity.ResourcesUnion#5534], EntityKey[j.index.module.apply.resourcesUnion.entity.ResourcesUnion#5535], EntityKey[j.index.module.apply.resourcesUnion.entity.ResourcesUnion#5536], EntityKey[j.index.module.apply.resourcesUnion.entity.ResourcesUnion#5537], EntityKey[j.index.module.apply.resourcesUnion.entity.ResourcesUnion#5538], EntityKey[j.index.module.apply.resourcesUnion.entity.ResourcesUnion#5539], EntityKey[j.index.module.apply.resourcesUnion.entity.ResourcesUnion#5540], EntityKey[j.index.module.apply.resourcesUnion.entity.ResourcesUnion#5541], EntityKey[j.index.module.apply.resourcesUnion.entity.ResourcesUnion#5542], EntityKey[j.index.module.apply.resourcesUnion.entity.ResourcesUnion#5543], EntityKey[j.index.module.apply.resourcesUnion.entity.ResourcesUnion#5544], EntityKey[j.index.module.apply.resourcesUnion.entity.ResourcesUnion#5545], EntityKey[j.index.module.apply.resourcesUnion.entity.ResourcesUnion#5546], EntityKey[j.index.module.apply.resourcesUnion.entity.ResourcesUnion#5516], EntityKey[j.index.module.apply.resourcesUnion.entity.ResourcesUnion#5515], EntityKey[j.index.module.apply.resourcesUnion.entity.ResourcesUnion#5518], EntityKey[j.index.module.apply.resourcesUnion.entity.ResourcesUnion#5517], EntityKey[j.index.module.apply.resourcesUnion.entity.ResourcesUnion#5520], EntityKey[j.index.module.apply.resourcesUnion.entity.ResourcesUnion#5519], EntityKey[j.index.module.apply.resourcesUnion.entity.ResourcesUnion#5522], EntityKey[j.index.module.apply.resourcesUnion.entity.ResourcesUnion#5521], EntityKey[j.index.module.apply.resourcesUnion.entity.ResourcesUnion#5524], EntityKey[j.index.module.apply.resourcesUnion.entity.ResourcesUnion#5523], EntityKey[j.index.module.apply.resourcesUnion.entity.ResourcesUnion#5526], EntityKey[j.index.module.apply.resourcesUnion.entity.ResourcesUnion#5525], EntityKey[j.index.module.apply.resourcesUnion.entity.ResourcesUnion#5528], EntityKey[j.index.module.apply.resourcesUnion.entity.ResourcesUnion#5527], EntityKey[j.index.module.apply.resourcesUnion.entity.ResourcesUnion#5530], EntityKey[j.index.module.apply.resourcesUnion.entity.ResourcesUnion#5529], EntityKey[j.index.module.apply.resourcesUnion.entity.ResourcesUnion#5633], EntityKey[j.index.module.apply.resourcesUnion.entity.ResourcesUnion#5634], EntityKey[j.index.module.apply.resourcesUnion.entity.ResourcesUnion#5631], EntityKey[j.index.module.apply.resourcesUnion.entity.ResourcesUnion#5632], EntityKey[j.index.module.apply.resourcesUnion.entity.ResourcesUnion#5629], EntityKey[j.index.module.apply.resourcesUnion.entity.ResourcesUnion#5630], EntityKey[j.index.module.apply.resourcesUnion.entity.ResourcesUnion#5627], EntityKey[j.index.module.apply.resourcesUnion.entity.ResourcesUnion#5628], EntityKey[j.index.module.apply.resourcesUnion.entity.ResourcesUnion#5641], EntityKey[j.index.module.apply.resourcesUnion.entity.ResourcesUnion#5642], EntityKey[j.index.module.apply.resourcesUnion.entity.ResourcesUnion#5639], EntityKey[j.index.module.apply.resourcesUnion.entity.ResourcesUnion#5640], EntityKey[j.index.module.apply.resourcesUnion.entity.ResourcesUnion#5637], EntityKey[j.index.module.apply.resourcesUnion.entity.ResourcesUnion#5638], EntityKey[j.index.module.apply.resourcesUnion.entity.ResourcesUnion#5635], EntityKey[j.index.module.apply.resourcesUnion.entity.ResourcesUnion#5636], EntityKey[j.index.module.apply.resourcesUnion.entity.ResourcesUnion#5618], EntityKey[j.index.module.apply.resourcesUnion.entity.ResourcesUnion#5617], EntityKey[j.index.module.apply.resourcesUnion.entity.ResourcesUnion#5616], EntityKey[j.index.module.apply.resourcesUnion.entity.ResourcesUnion#5615], EntityKey[j.index.module.apply.resourcesUnion.entity.ResourcesUnion#5614], EntityKey[j.index.module.apply.resourcesUnion.entity.ResourcesUnion#5613], EntityKey[j.index.module.apply.resourcesUnion.entity.ResourcesUnion#5612], EntityKey[j.index.module.apply.resourcesUnion.entity.ResourcesUnion#5611], EntityKey[j.index.module.apply.resourcesUnion.entity.ResourcesUnion#5626], EntityKey[j.index.module.apply.resourcesUnion.entity.ResourcesUnion#5625], EntityKey[j.index.module.apply.resourcesUnion.entity.ResourcesUnion#5624], EntityKey[j.index.module.apply.resourcesUnion.entity.ResourcesUnion#5623], EntityKey[j.index.module.apply.resourcesUnion.entity.ResourcesUnion#5622], EntityKey[j.index.module.apply.resourcesUnion.entity.ResourcesUnion#5621], EntityKey[j.index.module.apply.resourcesUnion.entity.ResourcesUnion#5620], EntityKey[j.index.module.apply.resourcesUnion.entity.ResourcesUnion#5619], EntityKey[j.index.module.apply.resourcesUnion.entity.ResourcesUnion#5599], EntityKey[j.index.module.apply.resourcesUnion.entity.ResourcesUnion#5600], EntityKey[j.index.module.apply.resourcesUnion.entity.ResourcesUnion#5601], EntityKey[j.index.module.apply.resourcesUnion.entity.ResourcesUnion#5602], EntityKey[j.index.module.apply.resourcesUnion.entity.ResourcesUnion#5595], EntityKey[j.index.module.apply.resourcesUnion.entity.ResourcesUnion#5596], EntityKey[j.index.module.apply.resourcesUnion.entity.ResourcesUnion#5597], EntityKey[j.index.module.apply.resourcesUnion.entity.ResourcesUnion#5598], EntityKey[j.index.module.apply.resourcesUnion.entity.ResourcesUnion#5607], EntityKey[j.index.module.apply.resourcesUnion.entity.ResourcesUnion#5608], EntityKey[j.index.module.apply.resourcesUnion.entity.ResourcesUnion#5609], EntityKey[j.index.module.apply.resourcesUnion.entity.ResourcesUnion#5610], EntityKey[j.index.module.apply.resourcesUnion.entity.ResourcesUnion#5603], EntityKey[j.index.module.apply.resourcesUnion.entity.ResourcesUnion#5604], EntityKey[j.index.module.apply.resourcesUnion.entity.ResourcesUnion#5605], EntityKey[j.index.module.apply.resourcesUnion.entity.ResourcesUnion#5606], EntityKey[j.index.module.apply.resourcesUnion.entity.ResourcesUnion#5584], EntityKey[j.index.module.apply.resourcesUnion.entity.ResourcesUnion#5583], EntityKey[j.index.module.apply.resourcesUnion.entity.ResourcesUnion#5586], EntityKey[j.index.module.apply.resourcesUnion.entity.ResourcesUnion#5585], EntityKey[j.index.module.apply.resourcesUnion.entity.ResourcesUnion#5580], EntityKey[j.index.module.apply.resourcesUnion.entity.ResourcesUnion#5579], EntityKey[j.index.module.apply.resourcesUnion.entity.ResourcesUnion#5582], EntityKey[j.index.module.apply.resourcesUnion.entity.ResourcesUnion#5581], EntityKey[j.index.module.apply.resourcesUnion.entity.ResourcesUnion#5592], EntityKey[j.index.module.apply.resourcesUnion.entity.ResourcesUnion#5591], EntityKey[j.index.module.apply.resourcesUnion.entity.ResourcesUnion#5594], EntityKey[j.index.module.apply.resourcesUnion.entity.ResourcesUnion#5593], EntityKey[j.index.module.apply.resourcesUnion.entity.ResourcesUnion#5588], EntityKey[j.index.module.apply.resourcesUnion.entity.ResourcesUnion#5587], EntityKey[j.index.module.apply.resourcesUnion.entity.ResourcesUnion#5590], EntityKey[j.index.module.apply.resourcesUnion.entity.ResourcesUnion#5589], EntityKey[j.index.module.apply.resourcesUnion.entity.ResourcesUnion#6425], EntityKey[j.index.module.apply.resourcesUnion.entity.ResourcesUnion#6426], EntityKey[j.index.module.apply.resourcesUnion.entity.ResourcesUnion#6423], EntityKey[j.index.module.apply.resourcesUnion.entity.ResourcesUnion#6424], EntityKey[j.index.module.apply.resourcesUnion.entity.ResourcesUnion#6421], EntityKey[j.index.module.apply.resourcesUnion.entity.ResourcesUnion#6422], EntityKey[j.index.module.apply.resourcesUnion.entity.ResourcesUnion#6419], EntityKey[j.index.module.apply.resourcesUnion.entity.ResourcesUnion#6420], EntityKey[j.index.module.apply.resourcesUnion.entity.ResourcesUnion#6417], EntityKey[j.index.module.apply.resourcesUnion.entity.ResourcesUnion#6418], EntityKey[j.index.module.apply.resourcesUnion.entity.ResourcesUnion#6415], EntityKey[j.index.module.apply.resourcesUnion.entity.ResourcesUnion#6416], EntityKey[j.index.module.apply.resourcesUnion.entity.ResourcesUnion#6413], EntityKey[j.index.module.apply.resourcesUnion.entity.ResourcesUnion#6414], EntityKey[j.index.module.apply.resourcesUnion.entity.ResourcesUnion#6411], EntityKey[j.index.module.apply.resourcesUnion.entity.ResourcesUnion#6412], EntityKey[j.index.module.apply.resourcesUnion.entity.ResourcesUnion#6442], EntityKey[j.index.module.apply.resourcesUnion.entity.ResourcesUnion#6441], EntityKey[j.index.module.apply.resourcesUnion.entity.ResourcesUnion#6440], EntityKey[j.index.module.apply.resourcesUnion.entity.ResourcesUnion#6439], EntityKey[j.index.module.apply.resourcesUnion.entity.ResourcesUnion#6438], EntityKey[j.index.module.apply.resourcesUnion.entity.ResourcesUnion#6437], EntityKey[j.index.module.apply.resourcesUnion.entity.ResourcesUnion#6436], EntityKey[j.index.module.apply.resourcesUnion.entity.ResourcesUnion#6435], EntityKey[j.index.module.apply.resourcesUnion.entity.ResourcesUnion#6434], EntityKey[j.index.module.apply.resourcesUnion.entity.ResourcesUnion#6433], EntityKey[j.index.module.apply.resourcesUnion.entity.ResourcesUnion#6432], EntityKey[j.index.module.apply.resourcesUnion.entity.ResourcesUnion#6431], EntityKey[j.index.module.apply.resourcesUnion.entity.ResourcesUnion#6430], EntityKey[j.index.module.apply.resourcesUnion.entity.ResourcesUnion#6429], EntityKey[j.index.module.apply.resourcesUnion.entity.ResourcesUnion#6428], EntityKey[j.index.module.apply.resourcesUnion.entity.ResourcesUnion#6427], EntityKey[j.index.module.apply.resourcesUnion.entity.ResourcesUnion#6455], EntityKey[j.index.module.apply.resourcesUnion.entity.ResourcesUnion#6456], EntityKey[j.index.module.apply.resourcesUnion.entity.ResourcesUnion#6457], EntityKey[j.index.module.apply.resourcesUnion.entity.ResourcesUnion#6458], EntityKey[j.index.module.apply.resourcesUnion.entity.ResourcesUnion#6451], EntityKey[j.index.module.apply.resourcesUnion.entity.ResourcesUnion#6452], EntityKey[j.index.module.apply.resourcesUnion.entity.ResourcesUnion#6453], EntityKey[j.index.module.apply.resourcesUnion.entity.ResourcesUnion#6454], EntityKey[j.index.module.apply.resourcesUnion.entity.ResourcesUnion#6447], EntityKey[j.index.module.apply.resourcesUnion.entity.ResourcesUnion#6448], EntityKey[j.index.module.apply.resourcesUnion.entity.ResourcesUnion#6449], EntityKey[j.index.module.apply.resourcesUnion.entity.ResourcesUnion#6450], EntityKey[j.index.module.apply.resourcesUnion.entity.ResourcesUnion#6443], EntityKey[j.index.module.apply.resourcesUnion.entity.ResourcesUnion#6444], EntityKey[j.index.module.apply.resourcesUnion.entity.ResourcesUnion#6445], EntityKey[j.index.module.apply.resourcesUnion.entity.ResourcesUnion#6446], EntityKey[j.index.module.apply.resourcesUnion.entity.ResourcesUnion#6472], EntityKey[j.index.module.apply.resourcesUnion.entity.ResourcesUnion#6471], EntityKey[j.index.module.apply.resourcesUnion.entity.ResourcesUnion#6474], EntityKey[j.index.module.apply.resourcesUnion.entity.ResourcesUnion#6473], EntityKey[j.index.module.apply.resourcesUnion.entity.ResourcesUnion#6468], EntityKey[j.index.module.apply.resourcesUnion.entity.ResourcesUnion#6467], EntityKey[j.index.module.apply.resourcesUnion.entity.ResourcesUnion#6470], EntityKey[j.index.module.apply.resourcesUnion.entity.ResourcesUnion#6469], EntityKey[j.index.module.apply.resourcesUnion.entity.ResourcesUnion#6464], EntityKey[j.index.module.apply.resourcesUnion.entity.ResourcesUnion#6463], EntityKey[j.index.module.apply.resourcesUnion.entity.ResourcesUnion#6466], EntityKey[j.index.module.apply.resourcesUnion.entity.ResourcesUnion#6465], EntityKey[j.index.module.apply.resourcesUnion.entity.ResourcesUnion#6460], EntityKey[j.index.module.apply.resourcesUnion.entity.ResourcesUnion#6459], EntityKey[j.index.module.apply.resourcesUnion.entity.ResourcesUnion#6462], EntityKey[j.index.module.apply.resourcesUnion.entity.ResourcesUnion#6461], EntityKey[j.index.module.apply.resourcesUnion.entity.ResourcesUnion#6485], EntityKey[j.index.module.apply.resourcesUnion.entity.ResourcesUnion#6486], EntityKey[j.index.module.apply.resourcesUnion.entity.ResourcesUnion#6483], EntityKey[j.index.module.apply.resourcesUnion.entity.ResourcesUnion#6484], EntityKey[j.index.module.apply.resourcesUnion.entity.ResourcesUnion#6489], EntityKey[j.index.module.apply.resourcesUnion.entity.ResourcesUnion#6490], EntityKey[j.index.module.apply.resourcesUnion.entity.ResourcesUnion#6487], EntityKey[j.index.module.apply.resourcesUnion.entity.ResourcesUnion#6488], EntityKey[j.index.module.apply.resourcesUnion.entity.ResourcesUnion#6477], EntityKey[j.index.module.apply.resourcesUnion.entity.ResourcesUnion#6478], EntityKey[j.index.module.apply.resourcesUnion.entity.ResourcesUnion#6475], EntityKey[j.index.module.apply.resourcesUnion.entity.ResourcesUnion#6476], EntityKey[j.index.module.apply.resourcesUnion.entity.ResourcesUnion#6481], EntityKey[j.index.module.apply.resourcesUnion.entity.ResourcesUnion#6482], EntityKey[j.index.module.apply.resourcesUnion.entity.ResourcesUnion#6479], EntityKey[j.index.module.apply.resourcesUnion.entity.ResourcesUnion#6480], EntityKey[j.index.module.apply.resourcesUnion.entity.ResourcesUnion#6502], EntityKey[j.index.module.apply.resourcesUnion.entity.ResourcesUnion#6501], EntityKey[j.index.module.apply.resourcesUnion.entity.ResourcesUnion#6500], EntityKey[j.index.module.apply.resourcesUnion.entity.ResourcesUnion#6499], EntityKey[j.index.module.apply.resourcesUnion.entity.ResourcesUnion#6506], EntityKey[j.index.module.apply.resourcesUnion.entity.ResourcesUnion#6505], EntityKey[j.index.module.apply.resourcesUnion.entity.ResourcesUnion#6504], EntityKey[j.index.module.apply.resourcesUnion.entity.ResourcesUnion#6503], EntityKey[j.index.module.apply.resourcesUnion.entity.ResourcesUnion#6494], EntityKey[j.index.module.apply.resourcesUnion.entity.ResourcesUnion#6493], EntityKey[j.index.module.apply.resourcesUnion.entity.ResourcesUnion#6492], EntityKey[j.index.module.apply.resourcesUnion.entity.ResourcesUnion#6491], EntityKey[j.index.module.apply.resourcesUnion.entity.ResourcesUnion#6498], EntityKey[j.index.module.apply.resourcesUnion.entity.ResourcesUnion#6497], EntityKey[j.index.module.apply.resourcesUnion.entity.ResourcesUnion#6496], EntityKey[j.index.module.apply.resourcesUnion.entity.ResourcesUnion#6495], EntityKey[j.index.module.apply.resourcesUnion.entity.ResourcesUnion#6515], EntityKey[j.index.module.apply.resourcesUnion.entity.ResourcesUnion#6516], EntityKey[j.index.module.apply.resourcesUnion.entity.ResourcesUnion#6517], EntityKey[j.index.module.apply.resourcesUnion.entity.ResourcesUnion#6518], EntityKey[j.index.module.apply.resourcesUnion.entity.ResourcesUnion#6519], EntityKey[j.index.module.apply.resourcesUnion.entity.ResourcesUnion#6520], EntityKey[j.index.module.apply.resourcesUnion.entity.ResourcesUnion#6521], EntityKey[j.index.module.apply.resourcesUnion.entity.ResourcesUnion#6522], EntityKey[j.index.module.apply.resourcesUnion.entity.ResourcesUnion#6507], EntityKey[j.index.module.apply.resourcesUnion.entity.ResourcesUnion#6508], EntityKey[j.index.module.apply.resourcesUnion.entity.ResourcesUnion#6509], EntityKey[j.index.module.apply.resourcesUnion.entity.ResourcesUnion#6510], EntityKey[j.index.module.apply.resourcesUnion.entity.ResourcesUnion#6511], EntityKey[j.index.module.apply.resourcesUnion.entity.ResourcesUnion#6512], EntityKey[j.index.module.apply.resourcesUnion.entity.ResourcesUnion#6513], EntityKey[j.index.module.apply.resourcesUnion.entity.ResourcesUnion#6514], EntityKey[j.index.module.apply.resourcesUnion.entity.ResourcesUnion#6532], EntityKey[j.index.module.apply.resourcesUnion.entity.ResourcesUnion#6531], EntityKey[j.index.module.apply.resourcesUnion.entity.ResourcesUnion#6534], EntityKey[j.index.module.apply.resourcesUnion.entity.ResourcesUnion#6533], EntityKey[j.index.module.apply.resourcesUnion.entity.ResourcesUnion#6536], EntityKey[j.index.module.apply.resourcesUnion.entity.ResourcesUnion#6535], EntityKey[j.index.module.apply.resourcesUnion.entity.ResourcesUnion#6538], EntityKey[j.index.module.apply.resourcesUnion.entity.ResourcesUnion#6537], EntityKey[j.index.module.apply.resourcesUnion.entity.ResourcesUnion#6524], EntityKey[j.index.module.apply.resourcesUnion.entity.ResourcesUnion#6523], EntityKey[j.index.module.apply.resourcesUnion.entity.ResourcesUnion#6526], EntityKey[j.index.module.apply.resourcesUnion.entity.ResourcesUnion#6525], EntityKey[j.index.module.apply.resourcesUnion.entity.ResourcesUnion#6528], EntityKey[j.index.module.apply.resourcesUnion.entity.ResourcesUnion#6527], EntityKey[j.index.module.apply.resourcesUnion.entity.ResourcesUnion#6530], EntityKey[j.index.module.apply.resourcesUnion.entity.ResourcesUnion#6529], EntityKey[j.index.module.apply.resourcesUnion.entity.ResourcesUnion#6290], EntityKey[j.index.module.apply.resourcesUnion.entity.ResourcesUnion#6289], EntityKey[j.index.module.apply.resourcesUnion.entity.ResourcesUnion#6288], EntityKey[j.index.module.apply.resourcesUnion.entity.ResourcesUnion#6287], EntityKey[j.index.module.apply.resourcesUnion.entity.ResourcesUnion#6286], EntityKey[j.index.module.apply.resourcesUnion.entity.ResourcesUnion#6285], EntityKey[j.index.module.apply.resourcesUnion.entity.ResourcesUnion#6284], EntityKey[j.index.module.apply.resourcesUnion.entity.ResourcesUnion#6283], EntityKey[j.index.module.apply.resourcesUnion.entity.ResourcesUnion#6298], EntityKey[j.index.module.apply.resourcesUnion.entity.ResourcesUnion#6297], EntityKey[j.index.module.apply.resourcesUnion.entity.ResourcesUnion#6296], EntityKey[j.index.module.apply.resourcesUnion.entity.ResourcesUnion#6295], EntityKey[j.index.module.apply.resourcesUnion.entity.ResourcesUnion#6294], EntityKey[j.index.module.apply.resourcesUnion.entity.ResourcesUnion#6293], EntityKey[j.index.module.apply.resourcesUnion.entity.ResourcesUnion#6292], EntityKey[j.index.module.apply.resourcesUnion.entity.ResourcesUnion#6291], EntityKey[j.index.module.apply.resourcesUnion.entity.ResourcesUnion#6305], EntityKey[j.index.module.apply.resourcesUnion.entity.ResourcesUnion#6306], EntityKey[j.index.module.apply.resourcesUnion.entity.ResourcesUnion#6303], EntityKey[j.index.module.apply.resourcesUnion.entity.ResourcesUnion#6304], EntityKey[j.index.module.apply.resourcesUnion.entity.ResourcesUnion#6301], EntityKey[j.index.module.apply.resourcesUnion.entity.ResourcesUnion#6302], EntityKey[j.index.module.apply.resourcesUnion.entity.ResourcesUnion#6299], EntityKey[j.index.module.apply.resourcesUnion.entity.ResourcesUnion#6300], EntityKey[j.index.module.apply.resourcesUnion.entity.ResourcesUnion#6313], EntityKey[j.index.module.apply.resourcesUnion.entity.ResourcesUnion#6314], EntityKey[j.index.module.apply.resourcesUnion.entity.ResourcesUnion#6311], EntityKey[j.index.module.apply.resourcesUnion.entity.ResourcesUnion#6312], EntityKey[j.index.module.apply.resourcesUnion.entity.ResourcesUnion#6309], EntityKey[j.index.module.apply.resourcesUnion.entity.ResourcesUnion#6310], EntityKey[j.index.module.apply.resourcesUnion.entity.ResourcesUnion#6307], EntityKey[j.index.module.apply.resourcesUnion.entity.ResourcesUnion#6308], EntityKey[j.index.module.apply.resourcesUnion.entity.ResourcesUnion#6320], EntityKey[j.index.module.apply.resourcesUnion.entity.ResourcesUnion#6319], EntityKey[j.index.module.apply.resourcesUnion.entity.ResourcesUnion#6322], EntityKey[j.index.module.apply.resourcesUnion.entity.ResourcesUnion#6321], EntityKey[j.index.module.apply.resourcesUnion.entity.ResourcesUnion#6316], EntityKey[j.index.module.apply.resourcesUnion.entity.ResourcesUnion#6315], EntityKey[j.index.module.apply.resourcesUnion.entity.ResourcesUnion#6318], EntityKey[j.index.module.apply.resourcesUnion.entity.ResourcesUnion#6317], EntityKey[j.index.module.apply.resourcesUnion.entity.ResourcesUnion#6328], EntityKey[j.index.module.apply.resourcesUnion.entity.ResourcesUnion#6327], EntityKey[j.index.module.apply.resourcesUnion.entity.ResourcesUnion#6330], EntityKey[j.index.module.apply.resourcesUnion.entity.ResourcesUnion#6329], EntityKey[j.index.module.apply.resourcesUnion.entity.ResourcesUnion#6324], EntityKey[j.index.module.apply.resourcesUnion.entity.ResourcesUnion#6323], EntityKey[j.index.module.apply.resourcesUnion.entity.ResourcesUnion#6326], EntityKey[j.index.module.apply.resourcesUnion.entity.ResourcesUnion#6325], EntityKey[j.index.module.apply.resourcesUnion.entity.ResourcesUnion#6335], EntityKey[j.index.module.apply.resourcesUnion.entity.ResourcesUnion#6336], EntityKey[j.index.module.apply.resourcesUnion.entity.ResourcesUnion#6337], EntityKey[j.index.module.apply.resourcesUnion.entity.ResourcesUnion#6338], EntityKey[j.index.module.apply.resourcesUnion.entity.ResourcesUnion#6331], EntityKey[j.index.module.apply.resourcesUnion.entity.ResourcesUnion#6332], EntityKey[j.index.module.apply.resourcesUnion.entity.ResourcesUnion#6333], EntityKey[j.index.module.apply.resourcesUnion.entity.ResourcesUnion#6334], EntityKey[j.index.module.apply.resourcesUnion.entity.ResourcesUnion#6343], EntityKey[j.index.module.apply.resourcesUnion.entity.ResourcesUnion#6344], EntityKey[j.index.module.apply.resourcesUnion.entity.ResourcesUnion#6345], EntityKey[j.index.module.apply.resourcesUnion.entity.ResourcesUnion#6346], EntityKey[j.index.module.apply.resourcesUnion.entity.ResourcesUnion#6339], EntityKey[j.index.module.apply.resourcesUnion.entity.ResourcesUnion#6340], EntityKey[j.index.module.apply.resourcesUnion.entity.ResourcesUnion#6341], EntityKey[j.index.module.apply.resourcesUnion.entity.ResourcesUnion#6342], EntityKey[j.index.module.apply.resourcesUnion.entity.ResourcesUnion#6350], EntityKey[j.index.module.apply.resourcesUnion.entity.ResourcesUnion#6349], EntityKey[j.index.module.apply.resourcesUnion.entity.ResourcesUnion#6348], EntityKey[j.index.module.apply.resourcesUnion.entity.ResourcesUnion#6347], EntityKey[j.index.module.apply.resourcesUnion.entity.ResourcesUnion#6354], EntityKey[j.index.module.apply.resourcesUnion.entity.ResourcesUnion#6353], EntityKey[j.index.module.apply.resourcesUnion.entity.ResourcesUnion#6352], EntityKey[j.index.module.apply.resourcesUnion.entity.ResourcesUnion#6351], EntityKey[j.index.module.apply.resourcesUnion.entity.ResourcesUnion#6358], EntityKey[j.index.module.apply.resourcesUnion.entity.ResourcesUnion#6357], EntityKey[j.index.module.apply.resourcesUnion.entity.ResourcesUnion#6356], EntityKey[j.index.module.apply.resourcesUnion.entity.ResourcesUnion#6355], EntityKey[j.index.module.apply.resourcesUnion.entity.ResourcesUnion#6362], EntityKey[j.index.module.apply.resourcesUnion.entity.ResourcesUnion#6361], EntityKey[j.index.module.apply.resourcesUnion.entity.ResourcesUnion#6360], EntityKey[j.index.module.apply.resourcesUnion.entity.ResourcesUnion#6359], EntityKey[j.index.module.apply.resourcesUnion.entity.ResourcesUnion#6365], EntityKey[j.index.module.apply.resourcesUnion.entity.ResourcesUnion#6366], EntityKey[j.index.module.apply.resourcesUnion.entity.ResourcesUnion#6363], EntityKey[j.index.module.apply.resourcesUnion.entity.ResourcesUnion#6364], EntityKey[j.index.module.apply.resourcesUnion.entity.ResourcesUnion#6369], EntityKey[j.index.module.apply.resourcesUnion.entity.ResourcesUnion#6370], EntityKey[j.index.module.apply.resourcesUnion.entity.ResourcesUnion#6367], EntityKey[j.index.module.apply.resourcesUnion.entity.ResourcesUnion#6368], EntityKey[j.index.module.apply.resourcesUnion.entity.ResourcesUnion#6373], EntityKey[j.index.module.apply.resourcesUnion.entity.ResourcesUnion#6374], EntityKey[j.index.module.apply.resourcesUnion.entity.ResourcesUnion#6371], EntityKey[j.index.module.apply.resourcesUnion.entity.ResourcesUnion#6372], EntityKey[j.index.module.apply.resourcesUnion.entity.ResourcesUnion#6377], EntityKey[j.index.module.apply.resourcesUnion.entity.ResourcesUnion#6378], EntityKey[j.index.module.apply.resourcesUnion.entity.ResourcesUnion#6375], EntityKey[j.index.module.apply.resourcesUnion.entity.ResourcesUnion#6376], EntityKey[j.index.module.apply.resourcesUnion.entity.ResourcesUnion#6380], EntityKey[j.index.module.apply.resourcesUnion.entity.ResourcesUnion#6379], EntityKey[j.index.module.apply.resourcesUnion.entity.ResourcesUnion#6382], EntityKey[j.index.module.apply.resourcesUnion.entity.ResourcesUnion#6381], EntityKey[j.index.module.apply.resourcesUnion.entity.ResourcesUnion#6384], EntityKey[j.index.module.apply.resourcesUnion.entity.ResourcesUnion#6383], EntityKey[j.index.module.apply.resourcesUnion.entity.ResourcesUnion#6386], EntityKey[j.index.module.apply.resourcesUnion.entity.ResourcesUnion#6385], EntityKey[j.index.module.apply.resourcesUnion.entity.ResourcesUnion#6388], EntityKey[j.index.module.apply.resourcesUnion.entity.ResourcesUnion#6387], EntityKey[j.index.module.apply.resourcesUnion.entity.ResourcesUnion#6390], EntityKey[j.index.module.apply.resourcesUnion.entity.ResourcesUnion#6389], EntityKey[j.index.module.apply.resourcesUnion.entity.ResourcesUnion#6392], EntityKey[j.index.module.apply.resourcesUnion.entity.ResourcesUnion#6391], EntityKey[j.index.module.apply.resourcesUnion.entity.ResourcesUnion#6394], EntityKey[j.index.module.apply.resourcesUnion.entity.ResourcesUnion#6393], EntityKey[j.index.module.apply.resourcesUnion.entity.ResourcesUnion#6395], EntityKey[j.index.module.apply.resourcesUnion.entity.ResourcesUnion#6396], EntityKey[j.index.module.apply.resourcesUnion.entity.ResourcesUnion#6397], EntityKey[j.index.module.apply.resourcesUnion.entity.ResourcesUnion#6398], EntityKey[j.index.module.apply.resourcesUnion.entity.ResourcesUnion#6399], EntityKey[j.index.module.apply.resourcesUnion.entity.ResourcesUnion#6400], EntityKey[j.index.module.apply.resourcesUnion.entity.ResourcesUnion#6401], EntityKey[j.index.module.apply.resourcesUnion.entity.ResourcesUnion#6402], EntityKey[j.index.module.apply.resourcesUnion.entity.ResourcesUnion#6403], EntityKey[j.index.module.apply.resourcesUnion.entity.ResourcesUnion#6404], EntityKey[j.index.module.apply.resourcesUnion.entity.ResourcesUnion#6405], EntityKey[j.index.module.apply.resourcesUnion.entity.ResourcesUnion#6406], EntityKey[j.index.module.apply.resourcesUnion.entity.ResourcesUnion#6407], EntityKey[j.index.module.apply.resourcesUnion.entity.ResourcesUnion#6408], EntityKey[j.index.module.apply.resourcesUnion.entity.ResourcesUnion#6409], EntityKey[j.index.module.apply.resourcesUnion.entity.ResourcesUnion#6410], EntityKey[j.index.module.apply.resourcesUnion.entity.ResourcesUnion#6184], EntityKey[j.index.module.apply.resourcesUnion.entity.ResourcesUnion#6183], EntityKey[j.index.module.apply.resourcesUnion.entity.ResourcesUnion#6186], EntityKey[j.index.module.apply.resourcesUnion.entity.ResourcesUnion#6185], EntityKey[j.index.module.apply.resourcesUnion.entity.ResourcesUnion#6180], EntityKey[j.index.module.apply.resourcesUnion.entity.ResourcesUnion#6179], EntityKey[j.index.module.apply.resourcesUnion.entity.ResourcesUnion#6182], EntityKey[j.index.module.apply.resourcesUnion.entity.ResourcesUnion#6181], EntityKey[j.index.module.apply.resourcesUnion.entity.ResourcesUnion#6176], EntityKey[j.index.module.apply.resourcesUnion.entity.ResourcesUnion#6175], EntityKey[j.index.module.apply.resourcesUnion.entity.ResourcesUnion#6178], EntityKey[j.index.module.apply.resourcesUnion.entity.ResourcesUnion#6177], EntityKey[j.index.module.apply.resourcesUnion.entity.ResourcesUnion#6172], EntityKey[j.index.module.apply.resourcesUnion.entity.ResourcesUnion#6171], EntityKey[j.index.module.apply.resourcesUnion.entity.ResourcesUnion#6174], EntityKey[j.index.module.apply.resourcesUnion.entity.ResourcesUnion#6173], EntityKey[j.index.module.apply.resourcesUnion.entity.ResourcesUnion#6167], EntityKey[j.index.module.apply.resourcesUnion.entity.ResourcesUnion#6168], EntityKey[j.index.module.apply.resourcesUnion.entity.ResourcesUnion#6169], EntityKey[j.index.module.apply.resourcesUnion.entity.ResourcesUnion#6170], EntityKey[j.index.module.apply.resourcesUnion.entity.ResourcesUnion#6163], EntityKey[j.index.module.apply.resourcesUnion.entity.ResourcesUnion#6164], EntityKey[j.index.module.apply.resourcesUnion.entity.ResourcesUnion#6165], EntityKey[j.index.module.apply.resourcesUnion.entity.ResourcesUnion#6166], EntityKey[j.index.module.apply.resourcesUnion.entity.ResourcesUnion#6159], EntityKey[j.index.module.apply.resourcesUnion.entity.ResourcesUnion#6160], EntityKey[j.index.module.apply.resourcesUnion.entity.ResourcesUnion#6161], EntityKey[j.index.module.apply.resourcesUnion.entity.ResourcesUnion#6162], EntityKey[j.index.module.apply.resourcesUnion.entity.ResourcesUnion#6155], EntityKey[j.index.module.apply.resourcesUnion.entity.ResourcesUnion#6156], EntityKey[j.index.module.apply.resourcesUnion.entity.ResourcesUnion#6157], EntityKey[j.index.module.apply.resourcesUnion.entity.ResourcesUnion#6158], EntityKey[j.index.module.apply.resourcesUnion.entity.ResourcesUnion#6218], EntityKey[j.index.module.apply.resourcesUnion.entity.ResourcesUnion#6217], EntityKey[j.index.module.apply.resourcesUnion.entity.ResourcesUnion#6216], EntityKey[j.index.module.apply.resourcesUnion.entity.ResourcesUnion#6215], EntityKey[j.index.module.apply.resourcesUnion.entity.ResourcesUnion#6214], EntityKey[j.index.module.apply.resourcesUnion.entity.ResourcesUnion#6213], EntityKey[j.index.module.apply.resourcesUnion.entity.ResourcesUnion#6212], EntityKey[j.index.module.apply.resourcesUnion.entity.ResourcesUnion#6211], EntityKey[j.index.module.apply.resourcesUnion.entity.ResourcesUnion#6210], EntityKey[j.index.module.apply.resourcesUnion.entity.ResourcesUnion#6209], EntityKey[j.index.module.apply.resourcesUnion.entity.ResourcesUnion#6208], EntityKey[j.index.module.apply.resourcesUnion.entity.ResourcesUnion#6207], EntityKey[j.index.module.apply.resourcesUnion.entity.ResourcesUnion#6206], EntityKey[j.index.module.apply.resourcesUnion.entity.ResourcesUnion#6205], EntityKey[j.index.module.apply.resourcesUnion.entity.ResourcesUnion#6204], EntityKey[j.index.module.apply.resourcesUnion.entity.ResourcesUnion#6203], EntityKey[j.index.module.apply.resourcesUnion.entity.ResourcesUnion#6201], EntityKey[j.index.module.apply.resourcesUnion.entity.ResourcesUnion#6202], EntityKey[j.index.module.apply.resourcesUnion.entity.ResourcesUnion#6199], EntityKey[j.index.module.apply.resourcesUnion.entity.ResourcesUnion#6200], EntityKey[j.index.module.apply.resourcesUnion.entity.ResourcesUnion#6197], EntityKey[j.index.module.apply.resourcesUnion.entity.ResourcesUnion#6198], EntityKey[j.index.module.apply.resourcesUnion.entity.ResourcesUnion#6195], EntityKey[j.index.module.apply.resourcesUnion.entity.ResourcesUnion#6196], EntityKey[j.index.module.apply.resourcesUnion.entity.ResourcesUnion#6193], EntityKey[j.index.module.apply.resourcesUnion.entity.ResourcesUnion#6194], EntityKey[j.index.module.apply.resourcesUnion.entity.ResourcesUnion#6191], EntityKey[j.index.module.apply.resourcesUnion.entity.ResourcesUnion#6192], EntityKey[j.index.module.apply.resourcesUnion.entity.ResourcesUnion#6189], EntityKey[j.index.module.apply.resourcesUnion.entity.ResourcesUnion#6190], EntityKey[j.index.module.apply.resourcesUnion.entity.ResourcesUnion#6187], EntityKey[j.index.module.apply.resourcesUnion.entity.ResourcesUnion#6188], EntityKey[j.index.module.apply.resourcesUnion.entity.ResourcesUnion#6244], EntityKey[j.index.module.apply.resourcesUnion.entity.ResourcesUnion#6243], EntityKey[j.index.module.apply.resourcesUnion.entity.ResourcesUnion#6246], EntityKey[j.index.module.apply.resourcesUnion.entity.ResourcesUnion#6245], EntityKey[j.index.module.apply.resourcesUnion.entity.ResourcesUnion#6248], EntityKey[j.index.module.apply.resourcesUnion.entity.ResourcesUnion#6247], EntityKey[j.index.module.apply.resourcesUnion.entity.ResourcesUnion#6250], EntityKey[j.index.module.apply.resourcesUnion.entity.ResourcesUnion#6249], EntityKey[j.index.module.apply.resourcesUnion.entity.ResourcesUnion#6236], EntityKey[j.index.module.apply.resourcesUnion.entity.ResourcesUnion#6235], EntityKey[j.index.module.apply.resourcesUnion.entity.ResourcesUnion#6238], EntityKey[j.index.module.apply.resourcesUnion.entity.ResourcesUnion#6237], EntityKey[j.index.module.apply.resourcesUnion.entity.ResourcesUnion#6240], EntityKey[j.index.module.apply.resourcesUnion.entity.ResourcesUnion#6239], EntityKey[j.index.module.apply.resourcesUnion.entity.ResourcesUnion#6242], EntityKey[j.index.module.apply.resourcesUnion.entity.ResourcesUnion#6241], EntityKey[j.index.module.apply.resourcesUnion.entity.ResourcesUnion#6227], EntityKey[j.index.module.apply.resourcesUnion.entity.ResourcesUnion#6228], EntityKey[j.index.module.apply.resourcesUnion.entity.ResourcesUnion#6229], EntityKey[j.index.module.apply.resourcesUnion.entity.ResourcesUnion#6230], EntityKey[j.index.module.apply.resourcesUnion.entity.ResourcesUnion#6231], EntityKey[j.index.module.apply.resourcesUnion.entity.ResourcesUnion#6232], EntityKey[j.index.module.apply.resourcesUnion.entity.ResourcesUnion#6233], EntityKey[j.index.module.apply.resourcesUnion.entity.ResourcesUnion#6234], EntityKey[j.index.module.apply.resourcesUnion.entity.ResourcesUnion#6219], EntityKey[j.index.module.apply.resourcesUnion.entity.ResourcesUnion#6220], EntityKey[j.index.module.apply.resourcesUnion.entity.ResourcesUnion#6221], EntityKey[j.index.module.apply.resourcesUnion.entity.ResourcesUnion#6222], EntityKey[j.index.module.apply.resourcesUnion.entity.ResourcesUnion#6223], EntityKey[j.index.module.apply.resourcesUnion.entity.ResourcesUnion#6224], EntityKey[j.index.module.apply.resourcesUnion.entity.ResourcesUnion#6225], EntityKey[j.index.module.apply.resourcesUnion.entity.ResourcesUnion#6226], EntityKey[j.index.module.apply.resourcesUnion.entity.ResourcesUnion#6278], EntityKey[j.index.module.apply.resourcesUnion.entity.ResourcesUnion#6277], EntityKey[j.index.module.apply.resourcesUnion.entity.ResourcesUnion#6276], EntityKey[j.index.module.apply.resourcesUnion.entity.ResourcesUnion#6275], EntityKey[j.index.module.apply.resourcesUnion.entity.ResourcesUnion#6282], EntityKey[j.index.module.apply.resourcesUnion.entity.ResourcesUnion#6281], EntityKey[j.index.module.apply.resourcesUnion.entity.ResourcesUnion#6280], EntityKey[j.index.module.apply.resourcesUnion.entity.ResourcesUnion#6279], EntityKey[j.index.module.apply.resourcesUnion.entity.ResourcesUnion#6270], EntityKey[j.index.module.apply.resourcesUnion.entity.ResourcesUnion#6269], EntityKey[j.index.module.apply.resourcesUnion.entity.ResourcesUnion#6268], EntityKey[j.index.module.apply.resourcesUnion.entity.ResourcesUnion#6267], EntityKey[j.index.module.apply.resourcesUnion.entity.ResourcesUnion#6274], EntityKey[j.index.module.apply.resourcesUnion.entity.ResourcesUnion#6273], EntityKey[j.index.module.apply.resourcesUnion.entity.ResourcesUnion#6272], EntityKey[j.index.module.apply.resourcesUnion.entity.ResourcesUnion#6271], EntityKey[j.index.module.apply.resourcesUnion.entity.ResourcesUnion#6261], EntityKey[j.index.module.apply.resourcesUnion.entity.ResourcesUnion#6262], EntityKey[j.index.module.apply.resourcesUnion.entity.ResourcesUnion#6259], EntityKey[j.index.module.apply.resourcesUnion.entity.ResourcesUnion#6260], EntityKey[j.index.module.apply.resourcesUnion.entity.ResourcesUnion#6265], EntityKey[j.index.module.apply.resourcesUnion.entity.ResourcesUnion#6266], EntityKey[j.index.module.apply.resourcesUnion.entity.ResourcesUnion#6263], EntityKey[j.index.module.apply.resourcesUnion.entity.ResourcesUnion#6264], EntityKey[j.index.module.apply.resourcesUnion.entity.ResourcesUnion#6253], EntityKey[j.index.module.apply.resourcesUnion.entity.ResourcesUnion#6254], EntityKey[j.index.module.apply.resourcesUnion.entity.ResourcesUnion#6251], EntityKey[j.index.module.apply.resourcesUnion.entity.ResourcesUnion#6252], EntityKey[j.index.module.apply.resourcesUnion.entity.ResourcesUnion#6257], EntityKey[j.index.module.apply.resourcesUnion.entity.ResourcesUnion#6258], EntityKey[j.index.module.apply.resourcesUnion.entity.ResourcesUnion#6255], EntityKey[j.index.module.apply.resourcesUnion.entity.ResourcesUnion#6256], EntityKey[j.index.module.apply.resourcesUnion.entity.ResourcesUnion#6047], EntityKey[j.index.module.apply.resourcesUnion.entity.ResourcesUnion#6048], EntityKey[j.index.module.apply.resourcesUnion.entity.ResourcesUnion#6049], EntityKey[j.index.module.apply.resourcesUnion.entity.ResourcesUnion#6050], EntityKey[j.index.module.apply.resourcesUnion.entity.ResourcesUnion#6043], EntityKey[j.index.module.apply.resourcesUnion.entity.ResourcesUnion#6044], EntityKey[j.index.module.apply.resourcesUnion.entity.ResourcesUnion#6045], EntityKey[j.index.module.apply.resourcesUnion.entity.ResourcesUnion#6046], EntityKey[j.index.module.apply.resourcesUnion.entity.ResourcesUnion#6055], EntityKey[j.index.module.apply.resourcesUnion.entity.ResourcesUnion#6056], EntityKey[j.index.module.apply.resourcesUnion.entity.ResourcesUnion#6057], EntityKey[j.index.module.apply.resourcesUnion.entity.ResourcesUnion#6058], EntityKey[j.index.module.apply.resourcesUnion.entity.ResourcesUnion#6051], EntityKey[j.index.module.apply.resourcesUnion.entity.ResourcesUnion#6052], EntityKey[j.index.module.apply.resourcesUnion.entity.ResourcesUnion#6053], EntityKey[j.index.module.apply.resourcesUnion.entity.ResourcesUnion#6054], EntityKey[j.index.module.apply.resourcesUnion.entity.ResourcesUnion#6032], EntityKey[j.index.module.apply.resourcesUnion.entity.ResourcesUnion#6031], EntityKey[j.index.module.apply.resourcesUnion.entity.ResourcesUnion#6034], EntityKey[j.index.module.apply.resourcesUnion.entity.ResourcesUnion#6033], EntityKey[j.index.module.apply.resourcesUnion.entity.ResourcesUnion#6028], EntityKey[j.index.module.apply.resourcesUnion.entity.ResourcesUnion#6027], EntityKey[j.index.module.apply.resourcesUnion.entity.ResourcesUnion#6030], EntityKey[j.index.module.apply.resourcesUnion.entity.ResourcesUnion#6029], EntityKey[j.index.module.apply.resourcesUnion.entity.ResourcesUnion#6040], EntityKey[j.index.module.apply.resourcesUnion.entity.ResourcesUnion#6039], EntityKey[j.index.module.apply.resourcesUnion.entity.ResourcesUnion#6042], EntityKey[j.index.module.apply.resourcesUnion.entity.ResourcesUnion#6041], EntityKey[j.index.module.apply.resourcesUnion.entity.ResourcesUnion#6036], EntityKey[j.index.module.apply.resourcesUnion.entity.ResourcesUnion#6035], EntityKey[j.index.module.apply.resourcesUnion.entity.ResourcesUnion#6038], EntityKey[j.index.module.apply.resourcesUnion.entity.ResourcesUnion#6037], EntityKey[j.index.module.apply.resourcesUnion.entity.ResourcesUnion#6081], EntityKey[j.index.module.apply.resourcesUnion.entity.ResourcesUnion#6082], EntityKey[j.index.module.apply.resourcesUnion.entity.ResourcesUnion#6079], EntityKey[j.index.module.apply.resourcesUnion.entity.ResourcesUnion#6080], EntityKey[j.index.module.apply.resourcesUnion.entity.ResourcesUnion#6077], EntityKey[j.index.module.apply.resourcesUnion.entity.ResourcesUnion#6078], EntityKey[j.index.module.apply.resourcesUnion.entity.ResourcesUnion#6075], EntityKey[j.index.module.apply.resourcesUnion.entity.ResourcesUnion#6076], EntityKey[j.index.module.apply.resourcesUnion.entity.ResourcesUnion#6089], EntityKey[j.index.module.apply.resourcesUnion.entity.ResourcesUnion#6090], EntityKey[j.index.module.apply.resourcesUnion.entity.ResourcesUnion#6087], EntityKey[j.index.module.apply.resourcesUnion.entity.ResourcesUnion#6088], EntityKey[j.index.module.apply.resourcesUnion.entity.ResourcesUnion#6085], EntityKey[j.index.module.apply.resourcesUnion.entity.ResourcesUnion#6086], EntityKey[j.index.module.apply.resourcesUnion.entity.ResourcesUnion#6083], EntityKey[j.index.module.apply.resourcesUnion.entity.ResourcesUnion#6084], EntityKey[j.index.module.apply.resourcesUnion.entity.ResourcesUnion#6066], EntityKey[j.index.module.apply.resourcesUnion.entity.ResourcesUnion#6065], EntityKey[j.index.module.apply.resourcesUnion.entity.ResourcesUnion#6064], EntityKey[j.index.module.apply.resourcesUnion.entity.ResourcesUnion#6063], EntityKey[j.index.module.apply.resourcesUnion.entity.ResourcesUnion#6062], EntityKey[j.index.module.apply.resourcesUnion.entity.ResourcesUnion#6061], EntityKey[j.index.module.apply.resourcesUnion.entity.ResourcesUnion#6060], EntityKey[j.index.module.apply.resourcesUnion.entity.ResourcesUnion#6059], EntityKey[j.index.module.apply.resourcesUnion.entity.ResourcesUnion#6074], EntityKey[j.index.module.apply.resourcesUnion.entity.ResourcesUnion#6073], EntityKey[j.index.module.apply.resourcesUnion.entity.ResourcesUnion#6072], EntityKey[j.index.module.apply.resourcesUnion.entity.ResourcesUnion#6071], EntityKey[j.index.module.apply.resourcesUnion.entity.ResourcesUnion#6070], EntityKey[j.index.module.apply.resourcesUnion.entity.ResourcesUnion#6069], EntityKey[j.index.module.apply.resourcesUnion.entity.ResourcesUnion#6068], EntityKey[j.index.module.apply.resourcesUnion.entity.ResourcesUnion#6067], EntityKey[j.index.module.apply.resourcesUnion.entity.ResourcesUnion#6107], EntityKey[j.index.module.apply.resourcesUnion.entity.ResourcesUnion#6108], EntityKey[j.index.module.apply.resourcesUnion.entity.ResourcesUnion#6109], EntityKey[j.index.module.apply.resourcesUnion.entity.ResourcesUnion#6110], EntityKey[j.index.module.apply.resourcesUnion.entity.ResourcesUnion#6111], EntityKey[j.index.module.apply.resourcesUnion.entity.ResourcesUnion#6112], EntityKey[j.index.module.apply.resourcesUnion.entity.ResourcesUnion#6113], EntityKey[j.index.module.apply.resourcesUnion.entity.ResourcesUnion#6114], EntityKey[j.index.module.apply.resourcesUnion.entity.ResourcesUnion#6115], EntityKey[j.index.module.apply.resourcesUnion.entity.ResourcesUnion#6116], EntityKey[j.index.module.apply.resourcesUnion.entity.ResourcesUnion#6117], EntityKey[j.index.module.apply.resourcesUnion.entity.ResourcesUnion#6118], EntityKey[j.index.module.apply.resourcesUnion.entity.ResourcesUnion#6119], EntityKey[j.index.module.apply.resourcesUnion.entity.ResourcesUnion#6120], EntityKey[j.index.module.apply.resourcesUnion.entity.ResourcesUnion#6121], EntityKey[j.index.module.apply.resourcesUnion.entity.ResourcesUnion#6122], EntityKey[j.index.module.apply.resourcesUnion.entity.ResourcesUnion#6092], EntityKey[j.index.module.apply.resourcesUnion.entity.ResourcesUnion#6091], EntityKey[j.index.module.apply.resourcesUnion.entity.ResourcesUnion#6094], EntityKey[j.index.module.apply.resourcesUnion.entity.ResourcesUnion#6093], EntityKey[j.index.module.apply.resourcesUnion.entity.ResourcesUnion#6096], EntityKey[j.index.module.apply.resourcesUnion.entity.ResourcesUnion#6095], EntityKey[j.index.module.apply.resourcesUnion.entity.ResourcesUnion#6098], EntityKey[j.index.module.apply.resourcesUnion.entity.ResourcesUnion#6097], EntityKey[j.index.module.apply.resourcesUnion.entity.ResourcesUnion#6100], EntityKey[j.index.module.apply.resourcesUnion.entity.ResourcesUnion#6099], EntityKey[j.index.module.apply.resourcesUnion.entity.ResourcesUnion#6102], EntityKey[j.index.module.apply.resourcesUnion.entity.ResourcesUnion#6101], EntityKey[j.index.module.apply.resourcesUnion.entity.ResourcesUnion#6104], EntityKey[j.index.module.apply.resourcesUnion.entity.ResourcesUnion#6103], EntityKey[j.index.module.apply.resourcesUnion.entity.ResourcesUnion#6106], EntityKey[j.index.module.apply.resourcesUnion.entity.ResourcesUnion#6105], EntityKey[j.index.module.apply.resourcesUnion.entity.ResourcesUnion#6141], EntityKey[j.index.module.apply.resourcesUnion.entity.ResourcesUnion#6142], EntityKey[j.index.module.apply.resourcesUnion.entity.ResourcesUnion#6139], EntityKey[j.index.module.apply.resourcesUnion.entity.ResourcesUnion#6140], EntityKey[j.index.module.apply.resourcesUnion.entity.ResourcesUnion#6145], EntityKey[j.index.module.apply.resourcesUnion.entity.ResourcesUnion#6146], EntityKey[j.index.module.apply.resourcesUnion.entity.ResourcesUnion#6143], EntityKey[j.index.module.apply.resourcesUnion.entity.ResourcesUnion#6144], EntityKey[j.index.module.apply.resourcesUnion.entity.ResourcesUnion#6149], EntityKey[j.index.module.apply.resourcesUnion.entity.ResourcesUnion#6150], EntityKey[j.index.module.apply.resourcesUnion.entity.ResourcesUnion#6147], EntityKey[j.index.module.apply.resourcesUnion.entity.ResourcesUnion#6148], EntityKey[j.index.module.apply.resourcesUnion.entity.ResourcesUnion#6153], EntityKey[j.index.module.apply.resourcesUnion.entity.ResourcesUnion#6154], EntityKey[j.index.module.apply.resourcesUnion.entity.ResourcesUnion#6151], EntityKey[j.index.module.apply.resourcesUnion.entity.ResourcesUnion#6152], EntityKey[j.index.module.apply.resourcesUnion.entity.ResourcesUnion#6126], EntityKey[j.index.module.apply.resourcesUnion.entity.ResourcesUnion#6125], EntityKey[j.index.module.apply.resourcesUnion.entity.ResourcesUnion#6124], EntityKey[j.index.module.apply.resourcesUnion.entity.ResourcesUnion#6123], EntityKey[j.index.module.apply.resourcesUnion.entity.ResourcesUnion#6130], EntityKey[j.index.module.apply.resourcesUnion.entity.ResourcesUnion#6129], EntityKey[j.index.module.apply.resourcesUnion.entity.ResourcesUnion#6128], EntityKey[j.index.module.apply.resourcesUnion.entity.ResourcesUnion#6127], EntityKey[j.index.module.apply.resourcesUnion.entity.ResourcesUnion#6134], EntityKey[j.index.module.apply.resourcesUnion.entity.ResourcesUnion#6133], EntityKey[j.index.module.apply.resourcesUnion.entity.ResourcesUnion#6132], EntityKey[j.index.module.apply.resourcesUnion.entity.ResourcesUnion#6131], EntityKey[j.index.module.apply.resourcesUnion.entity.ResourcesUnion#6138], EntityKey[j.index.module.apply.resourcesUnion.entity.ResourcesUnion#6137], EntityKey[j.index.module.apply.resourcesUnion.entity.ResourcesUnion#6136], EntityKey[j.index.module.apply.resourcesUnion.entity.ResourcesUnion#6135], EntityKey[j.index.module.apply.resourcesUnion.entity.ResourcesUnion#7023], EntityKey[j.index.module.apply.resourcesUnion.entity.ResourcesUnion#7024], EntityKey[j.index.module.apply.resourcesUnion.entity.ResourcesUnion#7025], EntityKey[j.index.module.apply.resourcesUnion.entity.ResourcesUnion#7026], EntityKey[j.index.module.apply.resourcesUnion.entity.ResourcesUnion#7019], EntityKey[j.index.module.apply.resourcesUnion.entity.ResourcesUnion#7020], EntityKey[j.index.module.apply.resourcesUnion.entity.ResourcesUnion#7021], EntityKey[j.index.module.apply.resourcesUnion.entity.ResourcesUnion#7022], EntityKey[j.index.module.apply.resourcesUnion.entity.ResourcesUnion#7031], EntityKey[j.index.module.apply.resourcesUnion.entity.ResourcesUnion#7032], EntityKey[j.index.module.apply.resourcesUnion.entity.ResourcesUnion#7033], EntityKey[j.index.module.apply.resourcesUnion.entity.ResourcesUnion#7034], EntityKey[j.index.module.apply.resourcesUnion.entity.ResourcesUnion#7027], EntityKey[j.index.module.apply.resourcesUnion.entity.ResourcesUnion#7028], EntityKey[j.index.module.apply.resourcesUnion.entity.ResourcesUnion#7029], EntityKey[j.index.module.apply.resourcesUnion.entity.ResourcesUnion#7030], EntityKey[j.index.module.apply.resourcesUnion.entity.ResourcesUnion#7040], EntityKey[j.index.module.apply.resourcesUnion.entity.ResourcesUnion#7039], EntityKey[j.index.module.apply.resourcesUnion.entity.ResourcesUnion#7042], EntityKey[j.index.module.apply.resourcesUnion.entity.ResourcesUnion#7041], EntityKey[j.index.module.apply.resourcesUnion.entity.ResourcesUnion#7036], EntityKey[j.index.module.apply.resourcesUnion.entity.ResourcesUnion#7035], EntityKey[j.index.module.apply.resourcesUnion.entity.ResourcesUnion#7038], EntityKey[j.index.module.apply.resourcesUnion.entity.ResourcesUnion#7037], EntityKey[j.index.module.apply.resourcesUnion.entity.ResourcesUnion#7048], EntityKey[j.index.module.apply.resourcesUnion.entity.ResourcesUnion#7047], EntityKey[j.index.module.apply.resourcesUnion.entity.ResourcesUnion#7050], EntityKey[j.index.module.apply.resourcesUnion.entity.ResourcesUnion#7049], EntityKey[j.index.module.apply.resourcesUnion.entity.ResourcesUnion#7044], EntityKey[j.index.module.apply.resourcesUnion.entity.ResourcesUnion#7043], EntityKey[j.index.module.apply.resourcesUnion.entity.ResourcesUnion#7046], EntityKey[j.index.module.apply.resourcesUnion.entity.ResourcesUnion#7045], EntityKey[j.index.module.apply.resourcesUnion.entity.ResourcesUnion#6993], EntityKey[j.index.module.apply.resourcesUnion.entity.ResourcesUnion#6994], EntityKey[j.index.module.apply.resourcesUnion.entity.ResourcesUnion#6991], EntityKey[j.index.module.apply.resourcesUnion.entity.ResourcesUnion#6992], EntityKey[j.index.module.apply.resourcesUnion.entity.ResourcesUnion#6989], EntityKey[j.index.module.apply.resourcesUnion.entity.ResourcesUnion#6990], EntityKey[j.index.module.apply.resourcesUnion.entity.ResourcesUnion#6987], EntityKey[j.index.module.apply.resourcesUnion.entity.ResourcesUnion#6988], EntityKey[j.index.module.apply.resourcesUnion.entity.ResourcesUnion#7001], EntityKey[j.index.module.apply.resourcesUnion.entity.ResourcesUnion#7002], EntityKey[j.index.module.apply.resourcesUnion.entity.ResourcesUnion#6999], EntityKey[j.index.module.apply.resourcesUnion.entity.ResourcesUnion#7000], EntityKey[j.index.module.apply.resourcesUnion.entity.ResourcesUnion#6997], EntityKey[j.index.module.apply.resourcesUnion.entity.ResourcesUnion#6998], EntityKey[j.index.module.apply.resourcesUnion.entity.ResourcesUnion#6995], EntityKey[j.index.module.apply.resourcesUnion.entity.ResourcesUnion#6996], EntityKey[j.index.module.apply.resourcesUnion.entity.ResourcesUnion#7010], EntityKey[j.index.module.apply.resourcesUnion.entity.ResourcesUnion#7009], EntityKey[j.index.module.apply.resourcesUnion.entity.ResourcesUnion#7008], EntityKey[j.index.module.apply.resourcesUnion.entity.ResourcesUnion#7007], EntityKey[j.index.module.apply.resourcesUnion.entity.ResourcesUnion#7006], EntityKey[j.index.module.apply.resourcesUnion.entity.ResourcesUnion#7005], EntityKey[j.index.module.apply.resourcesUnion.entity.ResourcesUnion#7004], EntityKey[j.index.module.apply.resourcesUnion.entity.ResourcesUnion#7003], EntityKey[j.index.module.apply.resourcesUnion.entity.ResourcesUnion#7018], EntityKey[j.index.module.apply.resourcesUnion.entity.ResourcesUnion#7017], EntityKey[j.index.module.apply.resourcesUnion.entity.ResourcesUnion#7016], EntityKey[j.index.module.apply.resourcesUnion.entity.ResourcesUnion#7015], EntityKey[j.index.module.apply.resourcesUnion.entity.ResourcesUnion#7014], EntityKey[j.index.module.apply.resourcesUnion.entity.ResourcesUnion#7013], EntityKey[j.index.module.apply.resourcesUnion.entity.ResourcesUnion#7012], EntityKey[j.index.module.apply.resourcesUnion.entity.ResourcesUnion#7011], EntityKey[j.index.module.apply.resourcesUnion.entity.ResourcesUnion#6955], EntityKey[j.index.module.apply.resourcesUnion.entity.ResourcesUnion#6956], EntityKey[j.index.module.apply.resourcesUnion.entity.ResourcesUnion#6957], EntityKey[j.index.module.apply.resourcesUnion.entity.ResourcesUnion#6958], EntityKey[j.index.module.apply.resourcesUnion.entity.ResourcesUnion#6959], EntityKey[j.index.module.apply.resourcesUnion.entity.ResourcesUnion#6960], EntityKey[j.index.module.apply.resourcesUnion.entity.ResourcesUnion#6961], EntityKey[j.index.module.apply.resourcesUnion.entity.ResourcesUnion#6962], EntityKey[j.index.module.apply.resourcesUnion.entity.ResourcesUnion#6963], EntityKey[j.index.module.apply.resourcesUnion.entity.ResourcesUnion#6964], EntityKey[j.index.module.apply.resourcesUnion.entity.ResourcesUnion#6965], EntityKey[j.index.module.apply.resourcesUnion.entity.ResourcesUnion#6966], EntityKey[j.index.module.apply.resourcesUnion.entity.ResourcesUnion#6967], EntityKey[j.index.module.apply.resourcesUnion.entity.ResourcesUnion#6968], EntityKey[j.index.module.apply.resourcesUnion.entity.ResourcesUnion#6969], EntityKey[j.index.module.apply.resourcesUnion.entity.ResourcesUnion#6970], EntityKey[j.index.module.apply.resourcesUnion.entity.ResourcesUnion#6972], EntityKey[j.index.module.apply.resourcesUnion.entity.ResourcesUnion#6971], EntityKey[j.index.module.apply.resourcesUnion.entity.ResourcesUnion#6974], EntityKey[j.index.module.apply.resourcesUnion.entity.ResourcesUnion#6973], EntityKey[j.index.module.apply.resourcesUnion.entity.ResourcesUnion#6976], EntityKey[j.index.module.apply.resourcesUnion.entity.ResourcesUnion#6975], EntityKey[j.index.module.apply.resourcesUnion.entity.ResourcesUnion#6978], EntityKey[j.index.module.apply.resourcesUnion.entity.ResourcesUnion#6977], EntityKey[j.index.module.apply.resourcesUnion.entity.ResourcesUnion#6980], EntityKey[j.index.module.apply.resourcesUnion.entity.ResourcesUnion#6979], EntityKey[j.index.module.apply.resourcesUnion.entity.ResourcesUnion#6982], EntityKey[j.index.module.apply.resourcesUnion.entity.ResourcesUnion#6981], EntityKey[j.index.module.apply.resourcesUnion.entity.ResourcesUnion#6984], EntityKey[j.index.module.apply.resourcesUnion.entity.ResourcesUnion#6983], EntityKey[j.index.module.apply.resourcesUnion.entity.ResourcesUnion#6986], EntityKey[j.index.module.apply.resourcesUnion.entity.ResourcesUnion#6985], EntityKey[j.index.module.apply.resourcesUnion.entity.ResourcesUnion#6925], EntityKey[j.index.module.apply.resourcesUnion.entity.ResourcesUnion#6926], EntityKey[j.index.module.apply.resourcesUnion.entity.ResourcesUnion#6923], EntityKey[j.index.module.apply.resourcesUnion.entity.ResourcesUnion#6924], EntityKey[j.index.module.apply.resourcesUnion.entity.ResourcesUnion#6929], EntityKey[j.index.module.apply.resourcesUnion.entity.ResourcesUnion#6930], EntityKey[j.index.module.apply.resourcesUnion.entity.ResourcesUnion#6927], EntityKey[j.index.module.apply.resourcesUnion.entity.ResourcesUnion#6928], EntityKey[j.index.module.apply.resourcesUnion.entity.ResourcesUnion#6933], EntityKey[j.index.module.apply.resourcesUnion.entity.ResourcesUnion#6934], EntityKey[j.index.module.apply.resourcesUnion.entity.ResourcesUnion#6931], EntityKey[j.index.module.apply.resourcesUnion.entity.ResourcesUnion#6932], EntityKey[j.index.module.apply.resourcesUnion.entity.ResourcesUnion#6937], EntityKey[j.index.module.apply.resourcesUnion.entity.ResourcesUnion#6938], EntityKey[j.index.module.apply.resourcesUnion.entity.ResourcesUnion#6935], EntityKey[j.index.module.apply.resourcesUnion.entity.ResourcesUnion#6936], EntityKey[j.index.module.apply.resourcesUnion.entity.ResourcesUnion#6942], EntityKey[j.index.module.apply.resourcesUnion.entity.ResourcesUnion#6941], EntityKey[j.index.module.apply.resourcesUnion.entity.ResourcesUnion#6940], EntityKey[j.index.module.apply.resourcesUnion.entity.ResourcesUnion#6939], EntityKey[j.index.module.apply.resourcesUnion.entity.ResourcesUnion#6946], EntityKey[j.index.module.apply.resourcesUnion.entity.ResourcesUnion#6945], EntityKey[j.index.module.apply.resourcesUnion.entity.ResourcesUnion#6944], EntityKey[j.index.module.apply.resourcesUnion.entity.ResourcesUnion#6943], EntityKey[j.index.module.apply.resourcesUnion.entity.ResourcesUnion#6950], EntityKey[j.index.module.apply.resourcesUnion.entity.ResourcesUnion#6949], EntityKey[j.index.module.apply.resourcesUnion.entity.ResourcesUnion#6948], EntityKey[j.index.module.apply.resourcesUnion.entity.ResourcesUnion#6947], EntityKey[j.index.module.apply.resourcesUnion.entity.ResourcesUnion#6954], EntityKey[j.index.module.apply.resourcesUnion.entity.ResourcesUnion#6953], EntityKey[j.index.module.apply.resourcesUnion.entity.ResourcesUnion#6952], EntityKey[j.index.module.apply.resourcesUnion.entity.ResourcesUnion#6951], EntityKey[j.index.module.apply.resourcesUnion.entity.ResourcesUnion#6904], EntityKey[j.index.module.apply.resourcesUnion.entity.ResourcesUnion#6903], EntityKey[j.index.module.apply.resourcesUnion.entity.ResourcesUnion#6906], EntityKey[j.index.module.apply.resourcesUnion.entity.ResourcesUnion#6905], EntityKey[j.index.module.apply.resourcesUnion.entity.ResourcesUnion#6900], EntityKey[j.index.module.apply.resourcesUnion.entity.ResourcesUnion#6899], EntityKey[j.index.module.apply.resourcesUnion.entity.ResourcesUnion#6902], EntityKey[j.index.module.apply.resourcesUnion.entity.ResourcesUnion#6901], EntityKey[j.index.module.apply.resourcesUnion.entity.ResourcesUnion#6896], EntityKey[j.index.module.apply.resourcesUnion.entity.ResourcesUnion#6895], EntityKey[j.index.module.apply.resourcesUnion.entity.ResourcesUnion#6898], EntityKey[j.index.module.apply.resourcesUnion.entity.ResourcesUnion#6897], EntityKey[j.index.module.apply.resourcesUnion.entity.ResourcesUnion#6892], EntityKey[j.index.module.apply.resourcesUnion.entity.ResourcesUnion#6891], EntityKey[j.index.module.apply.resourcesUnion.entity.ResourcesUnion#6894], EntityKey[j.index.module.apply.resourcesUnion.entity.ResourcesUnion#6893], EntityKey[j.index.module.apply.resourcesUnion.entity.ResourcesUnion#6919], EntityKey[j.index.module.apply.resourcesUnion.entity.ResourcesUnion#6920], EntityKey[j.index.module.apply.resourcesUnion.entity.ResourcesUnion#6921], EntityKey[j.index.module.apply.resourcesUnion.entity.ResourcesUnion#6922], EntityKey[j.index.module.apply.resourcesUnion.entity.ResourcesUnion#6915], EntityKey[j.index.module.apply.resourcesUnion.entity.ResourcesUnion#6916], EntityKey[j.index.module.apply.resourcesUnion.entity.ResourcesUnion#6917], EntityKey[j.index.module.apply.resourcesUnion.entity.ResourcesUnion#6918], EntityKey[j.index.module.apply.resourcesUnion.entity.ResourcesUnion#6911], EntityKey[j.index.module.apply.resourcesUnion.entity.ResourcesUnion#6912], EntityKey[j.index.module.apply.resourcesUnion.entity.ResourcesUnion#6913], EntityKey[j.index.module.apply.resourcesUnion.entity.ResourcesUnion#6914], EntityKey[j.index.module.apply.resourcesUnion.entity.ResourcesUnion#6907], EntityKey[j.index.module.apply.resourcesUnion.entity.ResourcesUnion#6908], EntityKey[j.index.module.apply.resourcesUnion.entity.ResourcesUnion#6909], EntityKey[j.index.module.apply.resourcesUnion.entity.ResourcesUnion#6910], EntityKey[j.index.module.apply.resourcesUnion.entity.ResourcesUnion#6874], EntityKey[j.index.module.apply.resourcesUnion.entity.ResourcesUnion#6873], EntityKey[j.index.module.apply.resourcesUnion.entity.ResourcesUnion#6872], EntityKey[j.index.module.apply.resourcesUnion.entity.ResourcesUnion#6871], EntityKey[j.index.module.apply.resourcesUnion.entity.ResourcesUnion#6870], EntityKey[j.index.module.apply.resourcesUnion.entity.ResourcesUnion#6869], EntityKey[j.index.module.apply.resourcesUnion.entity.ResourcesUnion#6868], EntityKey[j.index.module.apply.resourcesUnion.entity.ResourcesUnion#6867], EntityKey[j.index.module.apply.resourcesUnion.entity.ResourcesUnion#6866], EntityKey[j.index.module.apply.resourcesUnion.entity.ResourcesUnion#6865], EntityKey[j.index.module.apply.resourcesUnion.entity.ResourcesUnion#6864], EntityKey[j.index.module.apply.resourcesUnion.entity.ResourcesUnion#6863], EntityKey[j.index.module.apply.resourcesUnion.entity.ResourcesUnion#6862], EntityKey[j.index.module.apply.resourcesUnion.entity.ResourcesUnion#6861], EntityKey[j.index.module.apply.resourcesUnion.entity.ResourcesUnion#6860], EntityKey[j.index.module.apply.resourcesUnion.entity.ResourcesUnion#6859], EntityKey[j.index.module.apply.resourcesUnion.entity.ResourcesUnion#6889], EntityKey[j.index.module.apply.resourcesUnion.entity.ResourcesUnion#6890], EntityKey[j.index.module.apply.resourcesUnion.entity.ResourcesUnion#6887], EntityKey[j.index.module.apply.resourcesUnion.entity.ResourcesUnion#6888], EntityKey[j.index.module.apply.resourcesUnion.entity.ResourcesUnion#6885], EntityKey[j.index.module.apply.resourcesUnion.entity.ResourcesUnion#6886], EntityKey[j.index.module.apply.resourcesUnion.entity.ResourcesUnion#6883], EntityKey[j.index.module.apply.resourcesUnion.entity.ResourcesUnion#6884], EntityKey[j.index.module.apply.resourcesUnion.entity.ResourcesUnion#6881], EntityKey[j.index.module.apply.resourcesUnion.entity.ResourcesUnion#6882], EntityKey[j.index.module.apply.resourcesUnion.entity.ResourcesUnion#6879], EntityKey[j.index.module.apply.resourcesUnion.entity.ResourcesUnion#6880], EntityKey[j.index.module.apply.resourcesUnion.entity.ResourcesUnion#6877], EntityKey[j.index.module.apply.resourcesUnion.entity.ResourcesUnion#6878], EntityKey[j.index.module.apply.resourcesUnion.entity.ResourcesUnion#6875], EntityKey[j.index.module.apply.resourcesUnion.entity.ResourcesUnion#6876], EntityKey[j.index.module.apply.resourcesUnion.entity.ResourcesUnion#6836], EntityKey[j.index.module.apply.resourcesUnion.entity.ResourcesUnion#6835], EntityKey[j.index.module.apply.resourcesUnion.entity.ResourcesUnion#6838], EntityKey[j.index.module.apply.resourcesUnion.entity.ResourcesUnion#6837], EntityKey[j.index.module.apply.resourcesUnion.entity.ResourcesUnion#6840], EntityKey[j.index.module.apply.resourcesUnion.entity.ResourcesUnion#6839], EntityKey[j.index.module.apply.resourcesUnion.entity.ResourcesUnion#6842], EntityKey[j.index.module.apply.resourcesUnion.entity.ResourcesUnion#6841], EntityKey[j.index.module.apply.resourcesUnion.entity.ResourcesUnion#6828], EntityKey[j.index.module.apply.resourcesUnion.entity.ResourcesUnion#6827], EntityKey[j.index.module.apply.resourcesUnion.entity.ResourcesUnion#6830], EntityKey[j.index.module.apply.resourcesUnion.entity.ResourcesUnion#6829], EntityKey[j.index.module.apply.resourcesUnion.entity.ResourcesUnion#6832], EntityKey[j.index.module.apply.resourcesUnion.entity.ResourcesUnion#6831], EntityKey[j.index.module.apply.resourcesUnion.entity.ResourcesUnion#6834], EntityKey[j.index.module.apply.resourcesUnion.entity.ResourcesUnion#6833], EntityKey[j.index.module.apply.resourcesUnion.entity.ResourcesUnion#6851], EntityKey[j.index.module.apply.resourcesUnion.entity.ResourcesUnion#6852], EntityKey[j.index.module.apply.resourcesUnion.entity.ResourcesUnion#6853], EntityKey[j.index.module.apply.resourcesUnion.entity.ResourcesUnion#6854], EntityKey[j.index.module.apply.resourcesUnion.entity.ResourcesUnion#6855], EntityKey[j.index.module.apply.resourcesUnion.entity.ResourcesUnion#6856], EntityKey[j.index.module.apply.resourcesUnion.entity.ResourcesUnion#6857], EntityKey[j.index.module.apply.resourcesUnion.entity.ResourcesUnion#6858], EntityKey[j.index.module.apply.resourcesUnion.entity.ResourcesUnion#6843], EntityKey[j.index.module.apply.resourcesUnion.entity.ResourcesUnion#6844], EntityKey[j.index.module.apply.resourcesUnion.entity.ResourcesUnion#6845], EntityKey[j.index.module.apply.resourcesUnion.entity.ResourcesUnion#6846], EntityKey[j.index.module.apply.resourcesUnion.entity.ResourcesUnion#6847], EntityKey[j.index.module.apply.resourcesUnion.entity.ResourcesUnion#6848], EntityKey[j.index.module.apply.resourcesUnion.entity.ResourcesUnion#6849], EntityKey[j.index.module.apply.resourcesUnion.entity.ResourcesUnion#6850], EntityKey[j.index.module.apply.resourcesUnion.entity.ResourcesUnion#6806], EntityKey[j.index.module.apply.resourcesUnion.entity.ResourcesUnion#6805], EntityKey[j.index.module.apply.resourcesUnion.entity.ResourcesUnion#6804], EntityKey[j.index.module.apply.resourcesUnion.entity.ResourcesUnion#6803], EntityKey[j.index.module.apply.resourcesUnion.entity.ResourcesUnion#6810], EntityKey[j.index.module.apply.resourcesUnion.entity.ResourcesUnion#6809], EntityKey[j.index.module.apply.resourcesUnion.entity.ResourcesUnion#6808], EntityKey[j.index.module.apply.resourcesUnion.entity.ResourcesUnion#6807], EntityKey[j.index.module.apply.resourcesUnion.entity.ResourcesUnion#6798], EntityKey[j.index.module.apply.resourcesUnion.entity.ResourcesUnion#6797], EntityKey[j.index.module.apply.resourcesUnion.entity.ResourcesUnion#6796], EntityKey[j.index.module.apply.resourcesUnion.entity.ResourcesUnion#6795], EntityKey[j.index.module.apply.resourcesUnion.entity.ResourcesUnion#6802], EntityKey[j.index.module.apply.resourcesUnion.entity.ResourcesUnion#6801], EntityKey[j.index.module.apply.resourcesUnion.entity.ResourcesUnion#6800], EntityKey[j.index.module.apply.resourcesUnion.entity.ResourcesUnion#6799], EntityKey[j.index.module.apply.resourcesUnion.entity.ResourcesUnion#6821], EntityKey[j.index.module.apply.resourcesUnion.entity.ResourcesUnion#6822], EntityKey[j.index.module.apply.resourcesUnion.entity.ResourcesUnion#6819], EntityKey[j.index.module.apply.resourcesUnion.entity.ResourcesUnion#6820], EntityKey[j.index.module.apply.resourcesUnion.entity.ResourcesUnion#6825], EntityKey[j.index.module.apply.resourcesUnion.entity.ResourcesUnion#6826], EntityKey[j.index.module.apply.resourcesUnion.entity.ResourcesUnion#6823], EntityKey[j.index.module.apply.resourcesUnion.entity.ResourcesUnion#6824], EntityKey[j.index.module.apply.resourcesUnion.entity.ResourcesUnion#6813], EntityKey[j.index.module.apply.resourcesUnion.entity.ResourcesUnion#6814], EntityKey[j.index.module.apply.resourcesUnion.entity.ResourcesUnion#6811], EntityKey[j.index.module.apply.resourcesUnion.entity.ResourcesUnion#6812], EntityKey[j.index.module.apply.resourcesUnion.entity.ResourcesUnion#6817], EntityKey[j.index.module.apply.resourcesUnion.entity.ResourcesUnion#6818], EntityKey[j.index.module.apply.resourcesUnion.entity.ResourcesUnion#6815], EntityKey[j.index.module.apply.resourcesUnion.entity.ResourcesUnion#6816], EntityKey[j.index.module.apply.resourcesUnion.entity.ResourcesUnion#6786], EntityKey[j.index.module.apply.resourcesUnion.entity.ResourcesUnion#6785], EntityKey[j.index.module.apply.resourcesUnion.entity.ResourcesUnion#6784], EntityKey[j.index.module.apply.resourcesUnion.entity.ResourcesUnion#6783], EntityKey[j.index.module.apply.resourcesUnion.entity.ResourcesUnion#6782], EntityKey[j.index.module.apply.resourcesUnion.entity.ResourcesUnion#6781], EntityKey[j.index.module.apply.resourcesUnion.entity.ResourcesUnion#6780], EntityKey[j.index.module.apply.resourcesUnion.entity.ResourcesUnion#6779], EntityKey[j.index.module.apply.resourcesUnion.entity.ResourcesUnion#6794], EntityKey[j.index.module.apply.resourcesUnion.entity.ResourcesUnion#6793], EntityKey[j.index.module.apply.resourcesUnion.entity.ResourcesUnion#6792], EntityKey[j.index.module.apply.resourcesUnion.entity.ResourcesUnion#6791], EntityKey[j.index.module.apply.resourcesUnion.entity.ResourcesUnion#6790], EntityKey[j.index.module.apply.resourcesUnion.entity.ResourcesUnion#6789], EntityKey[j.index.module.apply.resourcesUnion.entity.ResourcesUnion#6788], EntityKey[j.index.module.apply.resourcesUnion.entity.ResourcesUnion#6787], EntityKey[j.index.module.apply.resourcesUnion.entity.ResourcesUnion#6769], EntityKey[j.index.module.apply.resourcesUnion.entity.ResourcesUnion#6770], EntityKey[j.index.module.apply.resourcesUnion.entity.ResourcesUnion#6767], EntityKey[j.index.module.apply.resourcesUnion.entity.ResourcesUnion#6768], EntityKey[j.index.module.apply.resourcesUnion.entity.ResourcesUnion#6765], EntityKey[j.index.module.apply.resourcesUnion.entity.ResourcesUnion#6766], EntityKey[j.index.module.apply.resourcesUnion.entity.ResourcesUnion#6763], EntityKey[j.index.module.apply.resourcesUnion.entity.ResourcesUnion#6764], EntityKey[j.index.module.apply.resourcesUnion.entity.ResourcesUnion#6777], EntityKey[j.index.module.apply.resourcesUnion.entity.ResourcesUnion#6778], EntityKey[j.index.module.apply.resourcesUnion.entity.ResourcesUnion#6775], EntityKey[j.index.module.apply.resourcesUnion.entity.ResourcesUnion#6776], EntityKey[j.index.module.apply.resourcesUnion.entity.ResourcesUnion#6773], EntityKey[j.index.module.apply.resourcesUnion.entity.ResourcesUnion#6774], EntityKey[j.index.module.apply.resourcesUnion.entity.ResourcesUnion#6771], EntityKey[j.index.module.apply.resourcesUnion.entity.ResourcesUnion#6772], EntityKey[j.index.module.apply.resourcesUnion.entity.ResourcesUnion#6752], EntityKey[j.index.module.apply.resourcesUnion.entity.ResourcesUnion#6751], EntityKey[j.index.module.apply.resourcesUnion.entity.ResourcesUnion#6754], EntityKey[j.index.module.apply.resourcesUnion.entity.ResourcesUnion#6753], EntityKey[j.index.module.apply.resourcesUnion.entity.ResourcesUnion#6748], EntityKey[j.index.module.apply.resourcesUnion.entity.ResourcesUnion#6747], EntityKey[j.index.module.apply.resourcesUnion.entity.ResourcesUnion#6750], EntityKey[j.index.module.apply.resourcesUnion.entity.ResourcesUnion#6749], EntityKey[j.index.module.apply.resourcesUnion.entity.ResourcesUnion#6760], EntityKey[j.index.module.apply.resourcesUnion.entity.ResourcesUnion#6759], EntityKey[j.index.module.apply.resourcesUnion.entity.ResourcesUnion#6762], EntityKey[j.index.module.apply.resourcesUnion.entity.ResourcesUnion#6761], EntityKey[j.index.module.apply.resourcesUnion.entity.ResourcesUnion#6756], EntityKey[j.index.module.apply.resourcesUnion.entity.ResourcesUnion#6755], EntityKey[j.index.module.apply.resourcesUnion.entity.ResourcesUnion#6758], EntityKey[j.index.module.apply.resourcesUnion.entity.ResourcesUnion#6757], EntityKey[j.index.module.apply.resourcesUnion.entity.ResourcesUnion#6735], EntityKey[j.index.module.apply.resourcesUnion.entity.ResourcesUnion#6736], EntityKey[j.index.module.apply.resourcesUnion.entity.ResourcesUnion#6737], EntityKey[j.index.module.apply.resourcesUnion.entity.ResourcesUnion#6738], EntityKey[j.index.module.apply.resourcesUnion.entity.ResourcesUnion#6731], EntityKey[j.index.module.apply.resourcesUnion.entity.ResourcesUnion#6732], EntityKey[j.index.module.apply.resourcesUnion.entity.ResourcesUnion#6733], EntityKey[j.index.module.apply.resourcesUnion.entity.ResourcesUnion#6734], EntityKey[j.index.module.apply.resourcesUnion.entity.ResourcesUnion#6743], EntityKey[j.index.module.apply.resourcesUnion.entity.ResourcesUnion#6744], EntityKey[j.index.module.apply.resourcesUnion.entity.ResourcesUnion#6745], EntityKey[j.index.module.apply.resourcesUnion.entity.ResourcesUnion#6746], EntityKey[j.index.module.apply.resourcesUnion.entity.ResourcesUnion#6739], EntityKey[j.index.module.apply.resourcesUnion.entity.ResourcesUnion#6740], EntityKey[j.index.module.apply.resourcesUnion.entity.ResourcesUnion#6741], EntityKey[j.index.module.apply.resourcesUnion.entity.ResourcesUnion#6742], EntityKey[j.index.module.apply.resourcesUnion.entity.ResourcesUnion#6718], EntityKey[j.index.module.apply.resourcesUnion.entity.ResourcesUnion#6717], EntityKey[j.index.module.apply.resourcesUnion.entity.ResourcesUnion#6716], EntityKey[j.index.module.apply.resourcesUnion.entity.ResourcesUnion#6715], EntityKey[j.index.module.apply.resourcesUnion.entity.ResourcesUnion#6722], EntityKey[j.index.module.apply.resourcesUnion.entity.ResourcesUnion#6721], EntityKey[j.index.module.apply.resourcesUnion.entity.ResourcesUnion#6720], EntityKey[j.index.module.apply.resourcesUnion.entity.ResourcesUnion#6719], EntityKey[j.index.module.apply.resourcesUnion.entity.ResourcesUnion#6726], EntityKey[j.index.module.apply.resourcesUnion.entity.ResourcesUnion#6725], EntityKey[j.index.module.apply.resourcesUnion.entity.ResourcesUnion#6724], EntityKey[j.index.module.apply.resourcesUnion.entity.ResourcesUnion#6723], EntityKey[j.index.module.apply.resourcesUnion.entity.ResourcesUnion#6730], EntityKey[j.index.module.apply.resourcesUnion.entity.ResourcesUnion#6729], EntityKey[j.index.module.apply.resourcesUnion.entity.ResourcesUnion#6728], EntityKey[j.index.module.apply.resourcesUnion.entity.ResourcesUnion#6727], EntityKey[j.index.module.apply.resourcesUnion.entity.ResourcesUnion#6701], EntityKey[j.index.module.apply.resourcesUnion.entity.ResourcesUnion#6702], EntityKey[j.index.module.apply.resourcesUnion.entity.ResourcesUnion#6699], EntityKey[j.index.module.apply.resourcesUnion.entity.ResourcesUnion#6700], EntityKey[j.index.module.apply.resourcesUnion.entity.ResourcesUnion#6705], EntityKey[j.index.module.apply.resourcesUnion.entity.ResourcesUnion#6706], EntityKey[j.index.module.apply.resourcesUnion.entity.ResourcesUnion#6703], EntityKey[j.index.module.apply.resourcesUnion.entity.ResourcesUnion#6704], EntityKey[j.index.module.apply.resourcesUnion.entity.ResourcesUnion#6709], EntityKey[j.index.module.apply.resourcesUnion.entity.ResourcesUnion#6710], EntityKey[j.index.module.apply.resourcesUnion.entity.ResourcesUnion#6707], EntityKey[j.index.module.apply.resourcesUnion.entity.ResourcesUnion#6708], EntityKey[j.index.module.apply.resourcesUnion.entity.ResourcesUnion#6713], EntityKey[j.index.module.apply.resourcesUnion.entity.ResourcesUnion#6714], EntityKey[j.index.module.apply.resourcesUnion.entity.ResourcesUnion#6711], EntityKey[j.index.module.apply.resourcesUnion.entity.ResourcesUnion#6712], EntityKey[j.index.module.apply.resourcesUnion.entity.ResourcesUnion#6684], EntityKey[j.index.module.apply.resourcesUnion.entity.ResourcesUnion#6683], EntityKey[j.index.module.apply.resourcesUnion.entity.ResourcesUnion#6686], EntityKey[j.index.module.apply.resourcesUnion.entity.ResourcesUnion#6685], EntityKey[j.index.module.apply.resourcesUnion.entity.ResourcesUnion#6688], EntityKey[j.index.module.apply.resourcesUnion.entity.ResourcesUnion#6687], EntityKey[j.index.module.apply.resourcesUnion.entity.ResourcesUnion#6690], EntityKey[j.index.module.apply.resourcesUnion.entity.ResourcesUnion#6689], EntityKey[j.index.module.apply.resourcesUnion.entity.ResourcesUnion#6692], EntityKey[j.index.module.apply.resourcesUnion.entity.ResourcesUnion#6691], EntityKey[j.index.module.apply.resourcesUnion.entity.ResourcesUnion#6694], EntityKey[j.index.module.apply.resourcesUnion.entity.ResourcesUnion#6693], EntityKey[j.index.module.apply.resourcesUnion.entity.ResourcesUnion#6696], EntityKey[j.index.module.apply.resourcesUnion.entity.ResourcesUnion#6695], EntityKey[j.index.module.apply.resourcesUnion.entity.ResourcesUnion#6698], EntityKey[j.index.module.apply.resourcesUnion.entity.ResourcesUnion#6697], EntityKey[j.index.module.apply.resourcesUnion.entity.ResourcesUnion#6667], EntityKey[j.index.module.apply.resourcesUnion.entity.ResourcesUnion#6668], EntityKey[j.index.module.apply.resourcesUnion.entity.ResourcesUnion#6669], EntityKey[j.index.module.apply.resourcesUnion.entity.ResourcesUnion#6670], EntityKey[j.index.module.apply.resourcesUnion.entity.ResourcesUnion#6671], EntityKey[j.index.module.apply.resourcesUnion.entity.ResourcesUnion#6672], EntityKey[j.index.module.apply.resourcesUnion.entity.ResourcesUnion#6673], EntityKey[j.index.module.apply.resourcesUnion.entity.ResourcesUnion#6674], EntityKey[j.index.module.apply.resourcesUnion.entity.ResourcesUnion#6675], EntityKey[j.index.module.apply.resourcesUnion.entity.ResourcesUnion#6676], EntityKey[j.index.module.apply.resourcesUnion.entity.ResourcesUnion#6677], EntityKey[j.index.module.apply.resourcesUnion.entity.ResourcesUnion#6678], EntityKey[j.index.module.apply.resourcesUnion.entity.ResourcesUnion#6679], EntityKey[j.index.module.apply.resourcesUnion.entity.ResourcesUnion#6680], EntityKey[j.index.module.apply.resourcesUnion.entity.ResourcesUnion#6681], EntityKey[j.index.module.apply.resourcesUnion.entity.ResourcesUnion#6682], EntityKey[j.index.module.apply.resourcesUnion.entity.ResourcesUnion#6665], EntityKey[j.index.module.apply.resourcesUnion.entity.ResourcesUnion#6666], EntityKey[j.index.module.apply.resourcesUnion.entity.ResourcesUnion#6663], EntityKey[j.index.module.apply.resourcesUnion.entity.ResourcesUnion#6664], EntityKey[j.index.module.apply.resourcesUnion.entity.ResourcesUnion#6661], EntityKey[j.index.module.apply.resourcesUnion.entity.ResourcesUnion#6662], EntityKey[j.index.module.apply.resourcesUnion.entity.ResourcesUnion#6659], EntityKey[j.index.module.apply.resourcesUnion.entity.ResourcesUnion#6660], EntityKey[j.index.module.apply.resourcesUnion.entity.ResourcesUnion#6657], EntityKey[j.index.module.apply.resourcesUnion.entity.ResourcesUnion#6658], EntityKey[j.index.module.apply.resourcesUnion.entity.ResourcesUnion#6655], EntityKey[j.index.module.apply.resourcesUnion.entity.ResourcesUnion#6656], EntityKey[j.index.module.apply.resourcesUnion.entity.ResourcesUnion#6653], EntityKey[j.index.module.apply.resourcesUnion.entity.ResourcesUnion#6654], EntityKey[j.index.module.apply.resourcesUnion.entity.ResourcesUnion#6651], EntityKey[j.index.module.apply.resourcesUnion.entity.ResourcesUnion#6652], EntityKey[j.index.module.apply.resourcesUnion.entity.ResourcesUnion#6650], EntityKey[j.index.module.apply.resourcesUnion.entity.ResourcesUnion#6649], EntityKey[j.index.module.apply.resourcesUnion.entity.ResourcesUnion#6648], EntityKey[j.index.module.apply.resourcesUnion.entity.ResourcesUnion#6647], EntityKey[j.index.module.apply.resourcesUnion.entity.ResourcesUnion#6646], EntityKey[j.index.module.apply.resourcesUnion.entity.ResourcesUnion#6645], EntityKey[j.index.module.apply.resourcesUnion.entity.ResourcesUnion#6644], EntityKey[j.index.module.apply.resourcesUnion.entity.ResourcesUnion#6643], EntityKey[j.index.module.apply.resourcesUnion.entity.ResourcesUnion#6642], EntityKey[j.index.module.apply.resourcesUnion.entity.ResourcesUnion#6641], EntityKey[j.index.module.apply.resourcesUnion.entity.ResourcesUnion#6640], EntityKey[j.index.module.apply.resourcesUnion.entity.ResourcesUnion#6639], EntityKey[j.index.module.apply.resourcesUnion.entity.ResourcesUnion#6638], EntityKey[j.index.module.apply.resourcesUnion.entity.ResourcesUnion#6637], EntityKey[j.index.module.apply.resourcesUnion.entity.ResourcesUnion#6636], EntityKey[j.index.module.apply.resourcesUnion.entity.ResourcesUnion#6635], EntityKey[j.index.module.apply.resourcesUnion.entity.ResourcesUnion#6631], EntityKey[j.index.module.apply.resourcesUnion.entity.ResourcesUnion#6632], EntityKey[j.index.module.apply.resourcesUnion.entity.ResourcesUnion#6633], EntityKey[j.index.module.apply.resourcesUnion.entity.ResourcesUnion#6634], EntityKey[j.index.module.apply.resourcesUnion.entity.ResourcesUnion#6627], EntityKey[j.index.module.apply.resourcesUnion.entity.ResourcesUnion#6628], EntityKey[j.index.module.apply.resourcesUnion.entity.ResourcesUnion#6629], EntityKey[j.index.module.apply.resourcesUnion.entity.ResourcesUnion#6630], EntityKey[j.index.module.apply.resourcesUnion.entity.ResourcesUnion#6623], EntityKey[j.index.module.apply.resourcesUnion.entity.ResourcesUnion#6624], EntityKey[j.index.module.apply.resourcesUnion.entity.ResourcesUnion#6625], EntityKey[j.index.module.apply.resourcesUnion.entity.ResourcesUnion#6626], EntityKey[j.index.module.apply.resourcesUnion.entity.ResourcesUnion#6619], EntityKey[j.index.module.apply.resourcesUnion.entity.ResourcesUnion#6620], EntityKey[j.index.module.apply.resourcesUnion.entity.ResourcesUnion#6621], EntityKey[j.index.module.apply.resourcesUnion.entity.ResourcesUnion#6622], EntityKey[j.index.module.apply.resourcesUnion.entity.ResourcesUnion#6616], EntityKey[j.index.module.apply.resourcesUnion.entity.ResourcesUnion#6615], EntityKey[j.index.module.apply.resourcesUnion.entity.ResourcesUnion#6618], EntityKey[j.index.module.apply.resourcesUnion.entity.ResourcesUnion#6617], EntityKey[j.index.module.apply.resourcesUnion.entity.ResourcesUnion#6612], EntityKey[j.index.module.apply.resourcesUnion.entity.ResourcesUnion#6611], EntityKey[j.index.module.apply.resourcesUnion.entity.ResourcesUnion#6614], EntityKey[j.index.module.apply.resourcesUnion.entity.ResourcesUnion#6613], EntityKey[j.index.module.apply.resourcesUnion.entity.ResourcesUnion#6608], EntityKey[j.index.module.apply.resourcesUnion.entity.ResourcesUnion#6607], EntityKey[j.index.module.apply.resourcesUnion.entity.ResourcesUnion#6610], EntityKey[j.index.module.apply.resourcesUnion.entity.ResourcesUnion#6609], EntityKey[j.index.module.apply.resourcesUnion.entity.ResourcesUnion#6604], EntityKey[j.index.module.apply.resourcesUnion.entity.ResourcesUnion#6603], EntityKey[j.index.module.apply.resourcesUnion.entity.ResourcesUnion#6606], EntityKey[j.index.module.apply.resourcesUnion.entity.ResourcesUnion#6605], EntityKey[j.index.module.apply.resourcesUnion.entity.ResourcesUnion#6597], EntityKey[j.index.module.apply.resourcesUnion.entity.ResourcesUnion#6598], EntityKey[j.index.module.apply.resourcesUnion.entity.ResourcesUnion#6595], EntityKey[j.index.module.apply.resourcesUnion.entity.ResourcesUnion#6596], EntityKey[j.index.module.apply.resourcesUnion.entity.ResourcesUnion#6601], EntityKey[j.index.module.apply.resourcesUnion.entity.ResourcesUnion#6602], EntityKey[j.index.module.apply.resourcesUnion.entity.ResourcesUnion#6599], EntityKey[j.index.module.apply.resourcesUnion.entity.ResourcesUnion#6600], EntityKey[j.index.module.apply.resourcesUnion.entity.ResourcesUnion#6589], EntityKey[j.index.module.apply.resourcesUnion.entity.ResourcesUnion#6590], EntityKey[j.index.module.apply.resourcesUnion.entity.ResourcesUnion#6587], EntityKey[j.index.module.apply.resourcesUnion.entity.ResourcesUnion#6588], EntityKey[j.index.module.apply.resourcesUnion.entity.ResourcesUnion#6593], EntityKey[j.index.module.apply.resourcesUnion.entity.ResourcesUnion#6594], EntityKey[j.index.module.apply.resourcesUnion.entity.ResourcesUnion#6591], EntityKey[j.index.module.apply.resourcesUnion.entity.ResourcesUnion#6592], EntityKey[j.index.module.apply.resourcesUnion.entity.ResourcesUnion#6582], EntityKey[j.index.module.apply.resourcesUnion.entity.ResourcesUnion#6581], EntityKey[j.index.module.apply.resourcesUnion.entity.ResourcesUnion#6580], EntityKey[j.index.module.apply.resourcesUnion.entity.ResourcesUnion#6579], EntityKey[j.index.module.apply.resourcesUnion.entity.ResourcesUnion#6586], EntityKey[j.index.module.apply.resourcesUnion.entity.ResourcesUnion#6585], EntityKey[j.index.module.apply.resourcesUnion.entity.ResourcesUnion#6584], EntityKey[j.index.module.apply.resourcesUnion.entity.ResourcesUnion#6583], EntityKey[j.index.module.apply.resourcesUnion.entity.ResourcesUnion#6574], EntityKey[j.index.module.apply.resourcesUnion.entity.ResourcesUnion#6573], EntityKey[j.index.module.apply.resourcesUnion.entity.ResourcesUnion#6572], EntityKey[j.index.module.apply.resourcesUnion.entity.ResourcesUnion#6571], EntityKey[j.index.module.apply.resourcesUnion.entity.ResourcesUnion#6578], EntityKey[j.index.module.apply.resourcesUnion.entity.ResourcesUnion#6577], EntityKey[j.index.module.apply.resourcesUnion.entity.ResourcesUnion#6576], EntityKey[j.index.module.apply.resourcesUnion.entity.ResourcesUnion#6575], EntityKey[j.index.module.apply.resourcesUnion.entity.ResourcesUnion#6563], EntityKey[j.index.module.apply.resourcesUnion.entity.ResourcesUnion#6564], EntityKey[j.index.module.apply.resourcesUnion.entity.ResourcesUnion#6565], EntityKey[j.index.module.apply.resourcesUnion.entity.ResourcesUnion#6566], EntityKey[j.index.module.apply.resourcesUnion.entity.ResourcesUnion#6567], EntityKey[j.index.module.apply.resourcesUnion.entity.ResourcesUnion#6568], EntityKey[j.index.module.apply.resourcesUnion.entity.ResourcesUnion#6569], EntityKey[j.index.module.apply.resourcesUnion.entity.ResourcesUnion#6570], EntityKey[j.index.module.apply.resourcesUnion.entity.ResourcesUnion#6555], EntityKey[j.index.module.apply.resourcesUnion.entity.ResourcesUnion#6556], EntityKey[j.index.module.apply.resourcesUnion.entity.ResourcesUnion#6557], EntityKey[j.index.module.apply.resourcesUnion.entity.ResourcesUnion#6558], EntityKey[j.index.module.apply.resourcesUnion.entity.ResourcesUnion#6559], EntityKey[j.index.module.apply.resourcesUnion.entity.ResourcesUnion#6560], EntityKey[j.index.module.apply.resourcesUnion.entity.ResourcesUnion#6561], EntityKey[j.index.module.apply.resourcesUnion.entity.ResourcesUnion#6562], EntityKey[j.index.module.apply.resourcesUnion.entity.ResourcesUnion#6548], EntityKey[j.index.module.apply.resourcesUnion.entity.ResourcesUnion#6547], EntityKey[j.index.module.apply.resourcesUnion.entity.ResourcesUnion#6550], EntityKey[j.index.module.apply.resourcesUnion.entity.ResourcesUnion#6549], EntityKey[j.index.module.apply.resourcesUnion.entity.ResourcesUnion#6552], EntityKey[j.index.module.apply.resourcesUnion.entity.ResourcesUnion#6551], EntityKey[j.index.module.apply.resourcesUnion.entity.ResourcesUnion#6554], EntityKey[j.index.module.apply.resourcesUnion.entity.ResourcesUnion#6553], EntityKey[j.index.module.apply.resourcesUnion.entity.ResourcesUnion#6540], EntityKey[j.index.module.apply.resourcesUnion.entity.ResourcesUnion#6539], EntityKey[j.index.module.apply.resourcesUnion.entity.ResourcesUnion#6542], EntityKey[j.index.module.apply.resourcesUnion.entity.ResourcesUnion#6541], EntityKey[j.index.module.apply.resourcesUnion.entity.ResourcesUnion#6544], EntityKey[j.index.module.apply.resourcesUnion.entity.ResourcesUnion#6543], EntityKey[j.index.module.apply.resourcesUnion.entity.ResourcesUnion#6546], EntityKey[j.index.module.apply.resourcesUnion.entity.ResourcesUnion#6545], EntityKey[j.index.module.apply.resourcesUnion.entity.ResourcesUnion#7501], EntityKey[j.index.module.apply.resourcesUnion.entity.ResourcesUnion#7502], EntityKey[j.index.module.apply.resourcesUnion.entity.ResourcesUnion#7499], EntityKey[j.index.module.apply.resourcesUnion.entity.ResourcesUnion#7500], EntityKey[j.index.module.apply.resourcesUnion.entity.ResourcesUnion#7505], EntityKey[j.index.module.apply.resourcesUnion.entity.ResourcesUnion#7506], EntityKey[j.index.module.apply.resourcesUnion.entity.ResourcesUnion#7503], EntityKey[j.index.module.apply.resourcesUnion.entity.ResourcesUnion#7504], EntityKey[j.index.module.apply.resourcesUnion.entity.ResourcesUnion#7509], EntityKey[j.index.module.apply.resourcesUnion.entity.ResourcesUnion#7510], EntityKey[j.index.module.apply.resourcesUnion.entity.ResourcesUnion#7507], EntityKey[j.index.module.apply.resourcesUnion.entity.ResourcesUnion#7508], EntityKey[j.index.module.apply.resourcesUnion.entity.ResourcesUnion#7513], EntityKey[j.index.module.apply.resourcesUnion.entity.ResourcesUnion#7514], EntityKey[j.index.module.apply.resourcesUnion.entity.ResourcesUnion#7511], EntityKey[j.index.module.apply.resourcesUnion.entity.ResourcesUnion#7512], EntityKey[j.index.module.apply.resourcesUnion.entity.ResourcesUnion#7518], EntityKey[j.index.module.apply.resourcesUnion.entity.ResourcesUnion#7517], EntityKey[j.index.module.apply.resourcesUnion.entity.ResourcesUnion#7516], EntityKey[j.index.module.apply.resourcesUnion.entity.ResourcesUnion#7515], EntityKey[j.index.module.apply.resourcesUnion.entity.ResourcesUnion#7522], EntityKey[j.index.module.apply.resourcesUnion.entity.ResourcesUnion#7521], EntityKey[j.index.module.apply.resourcesUnion.entity.ResourcesUnion#7520], EntityKey[j.index.module.apply.resourcesUnion.entity.ResourcesUnion#7519], EntityKey[j.index.module.apply.resourcesUnion.entity.ResourcesUnion#7526], EntityKey[j.index.module.apply.resourcesUnion.entity.ResourcesUnion#7525], EntityKey[j.index.module.apply.resourcesUnion.entity.ResourcesUnion#7524], EntityKey[j.index.module.apply.resourcesUnion.entity.ResourcesUnion#7523], EntityKey[j.index.module.apply.resourcesUnion.entity.ResourcesUnion#7530], EntityKey[j.index.module.apply.resourcesUnion.entity.ResourcesUnion#7529], EntityKey[j.index.module.apply.resourcesUnion.entity.ResourcesUnion#7528], EntityKey[j.index.module.apply.resourcesUnion.entity.ResourcesUnion#7527], EntityKey[j.index.module.apply.resourcesUnion.entity.ResourcesUnion#7531], EntityKey[j.index.module.apply.resourcesUnion.entity.ResourcesUnion#7532], EntityKey[j.index.module.apply.resourcesUnion.entity.ResourcesUnion#7533], EntityKey[j.index.module.apply.resourcesUnion.entity.ResourcesUnion#7534], EntityKey[j.index.module.apply.resourcesUnion.entity.ResourcesUnion#7535], EntityKey[j.index.module.apply.resourcesUnion.entity.ResourcesUnion#7536], EntityKey[j.index.module.apply.resourcesUnion.entity.ResourcesUnion#7537], EntityKey[j.index.module.apply.resourcesUnion.entity.ResourcesUnion#7538], EntityKey[j.index.module.apply.resourcesUnion.entity.ResourcesUnion#7539], EntityKey[j.index.module.apply.resourcesUnion.entity.ResourcesUnion#7540], EntityKey[j.index.module.apply.resourcesUnion.entity.ResourcesUnion#7541], EntityKey[j.index.module.apply.resourcesUnion.entity.ResourcesUnion#7542], EntityKey[j.index.module.apply.resourcesUnion.entity.ResourcesUnion#7543], EntityKey[j.index.module.apply.resourcesUnion.entity.ResourcesUnion#7544], EntityKey[j.index.module.apply.resourcesUnion.entity.ResourcesUnion#7545], EntityKey[j.index.module.apply.resourcesUnion.entity.ResourcesUnion#7546], EntityKey[j.index.module.apply.resourcesUnion.entity.ResourcesUnion#7548], EntityKey[j.index.module.apply.resourcesUnion.entity.ResourcesUnion#7547], EntityKey[j.index.module.apply.resourcesUnion.entity.ResourcesUnion#7550], EntityKey[j.index.module.apply.resourcesUnion.entity.ResourcesUnion#7549], EntityKey[j.index.module.apply.resourcesUnion.entity.ResourcesUnion#7552], EntityKey[j.index.module.apply.resourcesUnion.entity.ResourcesUnion#7551], EntityKey[j.index.module.apply.resourcesUnion.entity.ResourcesUnion#7554], EntityKey[j.index.module.apply.resourcesUnion.entity.ResourcesUnion#7553], EntityKey[j.index.module.apply.resourcesUnion.entity.ResourcesUnion#7556], EntityKey[j.index.module.apply.resourcesUnion.entity.ResourcesUnion#7555], EntityKey[j.index.module.apply.resourcesUnion.entity.ResourcesUnion#7558], EntityKey[j.index.module.apply.resourcesUnion.entity.ResourcesUnion#7557], EntityKey[j.index.module.apply.resourcesUnion.entity.ResourcesUnion#7560], EntityKey[j.index.module.apply.resourcesUnion.entity.ResourcesUnion#7559], EntityKey[j.index.module.apply.resourcesUnion.entity.ResourcesUnion#7562], EntityKey[j.index.module.apply.resourcesUnion.entity.ResourcesUnion#7561], EntityKey[j.index.module.apply.resourcesUnion.entity.ResourcesUnion#7441], EntityKey[j.index.module.apply.resourcesUnion.entity.ResourcesUnion#7442], EntityKey[j.index.module.apply.resourcesUnion.entity.ResourcesUnion#7439], EntityKey[j.index.module.apply.resourcesUnion.entity.ResourcesUnion#7440], EntityKey[j.index.module.apply.resourcesUnion.entity.ResourcesUnion#7437], EntityKey[j.index.module.apply.resourcesUnion.entity.ResourcesUnion#7438], EntityKey[j.index.module.apply.resourcesUnion.entity.ResourcesUnion#7435], EntityKey[j.index.module.apply.resourcesUnion.entity.ResourcesUnion#7436], EntityKey[j.index.module.apply.resourcesUnion.entity.ResourcesUnion#7449], EntityKey[j.index.module.apply.resourcesUnion.entity.ResourcesUnion#7450], EntityKey[j.index.module.apply.resourcesUnion.entity.ResourcesUnion#7447], EntityKey[j.index.module.apply.resourcesUnion.entity.ResourcesUnion#7448], EntityKey[j.index.module.apply.resourcesUnion.entity.ResourcesUnion#7445], EntityKey[j.index.module.apply.resourcesUnion.entity.ResourcesUnion#7446], EntityKey[j.index.module.apply.resourcesUnion.entity.ResourcesUnion#7443], EntityKey[j.index.module.apply.resourcesUnion.entity.ResourcesUnion#7444], EntityKey[j.index.module.apply.resourcesUnion.entity.ResourcesUnion#7458], EntityKey[j.index.module.apply.resourcesUnion.entity.ResourcesUnion#7457], EntityKey[j.index.module.apply.resourcesUnion.entity.ResourcesUnion#7456], EntityKey[j.index.module.apply.resourcesUnion.entity.ResourcesUnion#7455], EntityKey[j.index.module.apply.resourcesUnion.entity.ResourcesUnion#7454], EntityKey[j.index.module.apply.resourcesUnion.entity.ResourcesUnion#7453], EntityKey[j.index.module.apply.resourcesUnion.entity.ResourcesUnion#7452], EntityKey[j.index.module.apply.resourcesUnion.entity.ResourcesUnion#7451], EntityKey[j.index.module.apply.resourcesUnion.entity.ResourcesUnion#7466], EntityKey[j.index.module.apply.resourcesUnion.entity.ResourcesUnion#7465], EntityKey[j.index.module.apply.resourcesUnion.entity.ResourcesUnion#7464], EntityKey[j.index.module.apply.resourcesUnion.entity.ResourcesUnion#7463], EntityKey[j.index.module.apply.resourcesUnion.entity.ResourcesUnion#7462], EntityKey[j.index.module.apply.resourcesUnion.entity.ResourcesUnion#7461], EntityKey[j.index.module.apply.resourcesUnion.entity.ResourcesUnion#7460], EntityKey[j.index.module.apply.resourcesUnion.entity.ResourcesUnion#7459], EntityKey[j.index.module.apply.resourcesUnion.entity.ResourcesUnion#7471], EntityKey[j.index.module.apply.resourcesUnion.entity.ResourcesUnion#7472], EntityKey[j.index.module.apply.resourcesUnion.entity.ResourcesUnion#7473], EntityKey[j.index.module.apply.resourcesUnion.entity.ResourcesUnion#7474], EntityKey[j.index.module.apply.resourcesUnion.entity.ResourcesUnion#7467], EntityKey[j.index.module.apply.resourcesUnion.entity.ResourcesUnion#7468], EntityKey[j.index.module.apply.resourcesUnion.entity.ResourcesUnion#7469], EntityKey[j.index.module.apply.resourcesUnion.entity.ResourcesUnion#7470], EntityKey[j.index.module.apply.resourcesUnion.entity.ResourcesUnion#7479], EntityKey[j.index.module.apply.resourcesUnion.entity.ResourcesUnion#7480], EntityKey[j.index.module.apply.resourcesUnion.entity.ResourcesUnion#7481], EntityKey[j.index.module.apply.resourcesUnion.entity.ResourcesUnion#7482], EntityKey[j.index.module.apply.resourcesUnion.entity.ResourcesUnion#7475], EntityKey[j.index.module.apply.resourcesUnion.entity.ResourcesUnion#7476], EntityKey[j.index.module.apply.resourcesUnion.entity.ResourcesUnion#7477], EntityKey[j.index.module.apply.resourcesUnion.entity.ResourcesUnion#7478], EntityKey[j.index.module.apply.resourcesUnion.entity.ResourcesUnion#7488], EntityKey[j.index.module.apply.resourcesUnion.entity.ResourcesUnion#7487], EntityKey[j.index.module.apply.resourcesUnion.entity.ResourcesUnion#7490], EntityKey[j.index.module.apply.resourcesUnion.entity.ResourcesUnion#7489], EntityKey[j.index.module.apply.resourcesUnion.entity.ResourcesUnion#7484], EntityKey[j.index.module.apply.resourcesUnion.entity.ResourcesUnion#7483], EntityKey[j.index.module.apply.resourcesUnion.entity.ResourcesUnion#7486], EntityKey[j.index.module.apply.resourcesUnion.entity.ResourcesUnion#7485], EntityKey[j.index.module.apply.resourcesUnion.entity.ResourcesUnion#7496], EntityKey[j.index.module.apply.resourcesUnion.entity.ResourcesUnion#7495], EntityKey[j.index.module.apply.resourcesUnion.entity.ResourcesUnion#7498], EntityKey[j.index.module.apply.resourcesUnion.entity.ResourcesUnion#7497], EntityKey[j.index.module.apply.resourcesUnion.entity.ResourcesUnion#7492], EntityKey[j.index.module.apply.resourcesUnion.entity.ResourcesUnion#7491], EntityKey[j.index.module.apply.resourcesUnion.entity.ResourcesUnion#7494], EntityKey[j.index.module.apply.resourcesUnion.entity.ResourcesUnion#7493], EntityKey[j.index.module.apply.resourcesUnion.entity.ResourcesUnion#7382], EntityKey[j.index.module.apply.resourcesUnion.entity.ResourcesUnion#7381], EntityKey[j.index.module.apply.resourcesUnion.entity.ResourcesUnion#7380], EntityKey[j.index.module.apply.resourcesUnion.entity.ResourcesUnion#7379], EntityKey[j.index.module.apply.resourcesUnion.entity.ResourcesUnion#7386], EntityKey[j.index.module.apply.resourcesUnion.entity.ResourcesUnion#7385], EntityKey[j.index.module.apply.resourcesUnion.entity.ResourcesUnion#7384], EntityKey[j.index.module.apply.resourcesUnion.entity.ResourcesUnion#7383], EntityKey[j.index.module.apply.resourcesUnion.entity.ResourcesUnion#7374], EntityKey[j.index.module.apply.resourcesUnion.entity.ResourcesUnion#7373], EntityKey[j.index.module.apply.resourcesUnion.entity.ResourcesUnion#7372], EntityKey[j.index.module.apply.resourcesUnion.entity.ResourcesUnion#7371], EntityKey[j.index.module.apply.resourcesUnion.entity.ResourcesUnion#7378], EntityKey[j.index.module.apply.resourcesUnion.entity.ResourcesUnion#7377], EntityKey[j.index.module.apply.resourcesUnion.entity.ResourcesUnion#7376], EntityKey[j.index.module.apply.resourcesUnion.entity.ResourcesUnion#7375], EntityKey[j.index.module.apply.resourcesUnion.entity.ResourcesUnion#7397], EntityKey[j.index.module.apply.resourcesUnion.entity.ResourcesUnion#7398], EntityKey[j.index.module.apply.resourcesUnion.entity.ResourcesUnion#7395], EntityKey[j.index.module.apply.resourcesUnion.entity.ResourcesUnion#7396], EntityKey[j.index.module.apply.resourcesUnion.entity.ResourcesUnion#7401], EntityKey[j.index.module.apply.resourcesUnion.entity.ResourcesUnion#7402], EntityKey[j.index.module.apply.resourcesUnion.entity.ResourcesUnion#7399], EntityKey[j.index.module.apply.resourcesUnion.entity.ResourcesUnion#7400], EntityKey[j.index.module.apply.resourcesUnion.entity.ResourcesUnion#7389], EntityKey[j.index.module.apply.resourcesUnion.entity.ResourcesUnion#7390], EntityKey[j.index.module.apply.resourcesUnion.entity.ResourcesUnion#7387], EntityKey[j.index.module.apply.resourcesUnion.entity.ResourcesUnion#7388], EntityKey[j.index.module.apply.resourcesUnion.entity.ResourcesUnion#7393], EntityKey[j.index.module.apply.resourcesUnion.entity.ResourcesUnion#7394], EntityKey[j.index.module.apply.resourcesUnion.entity.ResourcesUnion#7391], EntityKey[j.index.module.apply.resourcesUnion.entity.ResourcesUnion#7392], EntityKey[j.index.module.apply.resourcesUnion.entity.ResourcesUnion#7412], EntityKey[j.index.module.apply.resourcesUnion.entity.ResourcesUnion#7411], EntityKey[j.index.module.apply.resourcesUnion.entity.ResourcesUnion#7414], EntityKey[j.index.module.apply.resourcesUnion.entity.ResourcesUnion#7413], EntityKey[j.index.module.apply.resourcesUnion.entity.ResourcesUnion#7416], EntityKey[j.index.module.apply.resourcesUnion.entity.ResourcesUnion#7415], EntityKey[j.index.module.apply.resourcesUnion.entity.ResourcesUnion#7418], EntityKey[j.index.module.apply.resourcesUnion.entity.ResourcesUnion#7417], EntityKey[j.index.module.apply.resourcesUnion.entity.ResourcesUnion#7404], EntityKey[j.index.module.apply.resourcesUnion.entity.ResourcesUnion#7403], EntityKey[j.index.module.apply.resourcesUnion.entity.ResourcesUnion#7406], EntityKey[j.index.module.apply.resourcesUnion.entity.ResourcesUnion#7405], EntityKey[j.index.module.apply.resourcesUnion.entity.ResourcesUnion#7408], EntityKey[j.index.module.apply.resourcesUnion.entity.ResourcesUnion#7407], EntityKey[j.index.module.apply.resourcesUnion.entity.ResourcesUnion#7410], EntityKey[j.index.module.apply.resourcesUnion.entity.ResourcesUnion#7409], EntityKey[j.index.module.apply.resourcesUnion.entity.ResourcesUnion#7427], EntityKey[j.index.module.apply.resourcesUnion.entity.ResourcesUnion#7428], EntityKey[j.index.module.apply.resourcesUnion.entity.ResourcesUnion#7429], EntityKey[j.index.module.apply.resourcesUnion.entity.ResourcesUnion#7430], EntityKey[j.index.module.apply.resourcesUnion.entity.ResourcesUnion#7431], EntityKey[j.index.module.apply.resourcesUnion.entity.ResourcesUnion#7432], EntityKey[j.index.module.apply.resourcesUnion.entity.ResourcesUnion#7433], EntityKey[j.index.module.apply.resourcesUnion.entity.ResourcesUnion#7434], EntityKey[j.index.module.apply.resourcesUnion.entity.ResourcesUnion#7419], EntityKey[j.index.module.apply.resourcesUnion.entity.ResourcesUnion#7420], EntityKey[j.index.module.apply.resourcesUnion.entity.ResourcesUnion#7421], EntityKey[j.index.module.apply.resourcesUnion.entity.ResourcesUnion#7422], EntityKey[j.index.module.apply.resourcesUnion.entity.ResourcesUnion#7423], EntityKey[j.index.module.apply.resourcesUnion.entity.ResourcesUnion#7424], EntityKey[j.index.module.apply.resourcesUnion.entity.ResourcesUnion#7425], EntityKey[j.index.module.apply.resourcesUnion.entity.ResourcesUnion#7426], EntityKey[j.index.module.apply.resourcesUnion.entity.ResourcesUnion#7322], EntityKey[j.index.module.apply.resourcesUnion.entity.ResourcesUnion#7321], EntityKey[j.index.module.apply.resourcesUnion.entity.ResourcesUnion#7320], EntityKey[j.index.module.apply.resourcesUnion.entity.ResourcesUnion#7319], EntityKey[j.index.module.apply.resourcesUnion.entity.ResourcesUnion#7318], EntityKey[j.index.module.apply.resourcesUnion.entity.ResourcesUnion#7317], EntityKey[j.index.module.apply.resourcesUnion.entity.ResourcesUnion#7316], EntityKey[j.index.module.apply.resourcesUnion.entity.ResourcesUnion#7315], EntityKey[j.index.module.apply.resourcesUnion.entity.ResourcesUnion#7314], EntityKey[j.index.module.apply.resourcesUnion.entity.ResourcesUnion#7313], EntityKey[j.index.module.apply.resourcesUnion.entity.ResourcesUnion#7312], EntityKey[j.index.module.apply.resourcesUnion.entity.ResourcesUnion#7311], EntityKey[j.index.module.apply.resourcesUnion.entity.ResourcesUnion#7310], EntityKey[j.index.module.apply.resourcesUnion.entity.ResourcesUnion#7309], EntityKey[j.index.module.apply.resourcesUnion.entity.ResourcesUnion#7308], EntityKey[j.index.module.apply.resourcesUnion.entity.ResourcesUnion#7307], EntityKey[j.index.module.apply.resourcesUnion.entity.ResourcesUnion#7337], EntityKey[j.index.module.apply.resourcesUnion.entity.ResourcesUnion#7338], EntityKey[j.index.module.apply.resourcesUnion.entity.ResourcesUnion#7335], EntityKey[j.index.module.apply.resourcesUnion.entity.ResourcesUnion#7336], EntityKey[j.index.module.apply.resourcesUnion.entity.ResourcesUnion#7333], EntityKey[j.index.module.apply.resourcesUnion.entity.ResourcesUnion#7334], EntityKey[j.index.module.apply.resourcesUnion.entity.ResourcesUnion#7331], EntityKey[j.index.module.apply.resourcesUnion.entity.ResourcesUnion#7332], EntityKey[j.index.module.apply.resourcesUnion.entity.ResourcesUnion#7329], EntityKey[j.index.module.apply.resourcesUnion.entity.ResourcesUnion#7330], EntityKey[j.index.module.apply.resourcesUnion.entity.ResourcesUnion#7327], EntityKey[j.index.module.apply.resourcesUnion.entity.ResourcesUnion#7328], EntityKey[j.index.module.apply.resourcesUnion.entity.ResourcesUnion#7325], EntityKey[j.index.module.apply.resourcesUnion.entity.ResourcesUnion#7326], EntityKey[j.index.module.apply.resourcesUnion.entity.ResourcesUnion#7323], EntityKey[j.index.module.apply.resourcesUnion.entity.ResourcesUnion#7324], EntityKey[j.index.module.apply.resourcesUnion.entity.ResourcesUnion#7352], EntityKey[j.index.module.apply.resourcesUnion.entity.ResourcesUnion#7351], EntityKey[j.index.module.apply.resourcesUnion.entity.ResourcesUnion#7354], EntityKey[j.index.module.apply.resourcesUnion.entity.ResourcesUnion#7353], EntityKey[j.index.module.apply.resourcesUnion.entity.ResourcesUnion#7348], EntityKey[j.index.module.apply.resourcesUnion.entity.ResourcesUnion#7347], EntityKey[j.index.module.apply.resourcesUnion.entity.ResourcesUnion#7350], EntityKey[j.index.module.apply.resourcesUnion.entity.ResourcesUnion#7349], EntityKey[j.index.module.apply.resourcesUnion.entity.ResourcesUnion#7344], EntityKey[j.index.module.apply.resourcesUnion.entity.ResourcesUnion#7343], EntityKey[j.index.module.apply.resourcesUnion.entity.ResourcesUnion#7346], EntityKey[j.index.module.apply.resourcesUnion.entity.ResourcesUnion#7345], EntityKey[j.index.module.apply.resourcesUnion.entity.ResourcesUnion#7340], EntityKey[j.index.module.apply.resourcesUnion.entity.ResourcesUnion#7339], EntityKey[j.index.module.apply.resourcesUnion.entity.ResourcesUnion#7342], EntityKey[j.index.module.apply.resourcesUnion.entity.ResourcesUnion#7341], EntityKey[j.index.module.apply.resourcesUnion.entity.ResourcesUnion#7367], EntityKey[j.index.module.apply.resourcesUnion.entity.ResourcesUnion#7368], EntityKey[j.index.module.apply.resourcesUnion.entity.ResourcesUnion#7369], EntityKey[j.index.module.apply.resourcesUnion.entity.ResourcesUnion#7370], EntityKey[j.index.module.apply.resourcesUnion.entity.ResourcesUnion#7363], EntityKey[j.index.module.apply.resourcesUnion.entity.ResourcesUnion#7364], EntityKey[j.index.module.apply.resourcesUnion.entity.ResourcesUnion#7365], EntityKey[j.index.module.apply.resourcesUnion.entity.ResourcesUnion#7366], EntityKey[j.index.module.apply.resourcesUnion.entity.ResourcesUnion#7359], EntityKey[j.index.module.apply.resourcesUnion.entity.ResourcesUnion#7360], EntityKey[j.index.module.apply.resourcesUnion.entity.ResourcesUnion#7361], EntityKey[j.index.module.apply.resourcesUnion.entity.ResourcesUnion#7362], EntityKey[j.index.module.apply.resourcesUnion.entity.ResourcesUnion#7355], EntityKey[j.index.module.apply.resourcesUnion.entity.ResourcesUnion#7356], EntityKey[j.index.module.apply.resourcesUnion.entity.ResourcesUnion#7357], EntityKey[j.index.module.apply.resourcesUnion.entity.ResourcesUnion#7358], EntityKey[j.index.module.apply.resourcesUnion.entity.ResourcesUnion#7260], EntityKey[j.index.module.apply.resourcesUnion.entity.ResourcesUnion#7259], EntityKey[j.index.module.apply.resourcesUnion.entity.ResourcesUnion#7262], EntityKey[j.index.module.apply.resourcesUnion.entity.ResourcesUnion#7261], EntityKey[j.index.module.apply.resourcesUnion.entity.ResourcesUnion#7264], EntityKey[j.index.module.apply.resourcesUnion.entity.ResourcesUnion#7263], EntityKey[j.index.module.apply.resourcesUnion.entity.ResourcesUnion#7266], EntityKey[j.index.module.apply.resourcesUnion.entity.ResourcesUnion#7265], EntityKey[j.index.module.apply.resourcesUnion.entity.ResourcesUnion#7268], EntityKey[j.index.module.apply.resourcesUnion.entity.ResourcesUnion#7267], EntityKey[j.index.module.apply.resourcesUnion.entity.ResourcesUnion#7270], EntityKey[j.index.module.apply.resourcesUnion.entity.ResourcesUnion#7269], EntityKey[j.index.module.apply.resourcesUnion.entity.ResourcesUnion#7272], EntityKey[j.index.module.apply.resourcesUnion.entity.ResourcesUnion#7271], EntityKey[j.index.module.apply.resourcesUnion.entity.ResourcesUnion#7274], EntityKey[j.index.module.apply.resourcesUnion.entity.ResourcesUnion#7273], EntityKey[j.index.module.apply.resourcesUnion.entity.ResourcesUnion#7243], EntityKey[j.index.module.apply.resourcesUnion.entity.ResourcesUnion#7244], EntityKey[j.index.module.apply.resourcesUnion.entity.ResourcesUnion#7245], EntityKey[j.index.module.apply.resourcesUnion.entity.ResourcesUnion#7246], EntityKey[j.index.module.apply.resourcesUnion.entity.ResourcesUnion#7247], EntityKey[j.index.module.apply.resourcesUnion.entity.ResourcesUnion#7248], EntityKey[j.index.module.apply.resourcesUnion.entity.ResourcesUnion#7249], EntityKey[j.index.module.apply.resourcesUnion.entity.ResourcesUnion#7250], EntityKey[j.index.module.apply.resourcesUnion.entity.ResourcesUnion#7251], EntityKey[j.index.module.apply.resourcesUnion.entity.ResourcesUnion#7252], EntityKey[j.index.module.apply.resourcesUnion.entity.ResourcesUnion#7253], EntityKey[j.index.module.apply.resourcesUnion.entity.ResourcesUnion#7254], EntityKey[j.index.module.apply.resourcesUnion.entity.ResourcesUnion#7255], EntityKey[j.index.module.apply.resourcesUnion.entity.ResourcesUnion#7256], EntityKey[j.index.module.apply.resourcesUnion.entity.ResourcesUnion#7257], EntityKey[j.index.module.apply.resourcesUnion.entity.ResourcesUnion#7258], EntityKey[j.index.module.apply.resourcesUnion.entity.ResourcesUnion#7294], EntityKey[j.index.module.apply.resourcesUnion.entity.ResourcesUnion#7293], EntityKey[j.index.module.apply.resourcesUnion.entity.ResourcesUnion#7292], EntityKey[j.index.module.apply.resourcesUnion.entity.ResourcesUnion#7291], EntityKey[j.index.module.apply.resourcesUnion.entity.ResourcesUnion#7298], EntityKey[j.index.module.apply.resourcesUnion.entity.ResourcesUnion#7297], EntityKey[j.index.module.apply.resourcesUnion.entity.ResourcesUnion#7296], EntityKey[j.index.module.apply.resourcesUnion.entity.ResourcesUnion#7295], EntityKey[j.index.module.apply.resourcesUnion.entity.ResourcesUnion#7302], EntityKey[j.index.module.apply.resourcesUnion.entity.ResourcesUnion#7301], EntityKey[j.index.module.apply.resourcesUnion.entity.ResourcesUnion#7300], EntityKey[j.index.module.apply.resourcesUnion.entity.ResourcesUnion#7299], EntityKey[j.index.module.apply.resourcesUnion.entity.ResourcesUnion#7306], EntityKey[j.index.module.apply.resourcesUnion.entity.ResourcesUnion#7305], EntityKey[j.index.module.apply.resourcesUnion.entity.ResourcesUnion#7304], EntityKey[j.index.module.apply.resourcesUnion.entity.ResourcesUnion#7303], EntityKey[j.index.module.apply.resourcesUnion.entity.ResourcesUnion#7277], EntityKey[j.index.module.apply.resourcesUnion.entity.ResourcesUnion#7278], EntityKey[j.index.module.apply.resourcesUnion.entity.ResourcesUnion#7275], EntityKey[j.index.module.apply.resourcesUnion.entity.ResourcesUnion#7276], EntityKey[j.index.module.apply.resourcesUnion.entity.ResourcesUnion#7281], EntityKey[j.index.module.apply.resourcesUnion.entity.ResourcesUnion#7282], EntityKey[j.index.module.apply.resourcesUnion.entity.ResourcesUnion#7279], EntityKey[j.index.module.apply.resourcesUnion.entity.ResourcesUnion#7280], EntityKey[j.index.module.apply.resourcesUnion.entity.ResourcesUnion#7285], EntityKey[j.index.module.apply.resourcesUnion.entity.ResourcesUnion#7286], EntityKey[j.index.module.apply.resourcesUnion.entity.ResourcesUnion#7283], EntityKey[j.index.module.apply.resourcesUnion.entity.ResourcesUnion#7284], EntityKey[j.index.module.apply.resourcesUnion.entity.ResourcesUnion#7289], EntityKey[j.index.module.apply.resourcesUnion.entity.ResourcesUnion#7290], EntityKey[j.index.module.apply.resourcesUnion.entity.ResourcesUnion#7287], EntityKey[j.index.module.apply.resourcesUnion.entity.ResourcesUnion#7288], EntityKey[j.index.module.apply.resourcesUnion.entity.ResourcesUnion#7200], EntityKey[j.index.module.apply.resourcesUnion.entity.ResourcesUnion#7199], EntityKey[j.index.module.apply.resourcesUnion.entity.ResourcesUnion#7202], EntityKey[j.index.module.apply.resourcesUnion.entity.ResourcesUnion#7201], EntityKey[j.index.module.apply.resourcesUnion.entity.ResourcesUnion#7196], EntityKey[j.index.module.apply.resourcesUnion.entity.ResourcesUnion#7195], EntityKey[j.index.module.apply.resourcesUnion.entity.ResourcesUnion#7198], EntityKey[j.index.module.apply.resourcesUnion.entity.ResourcesUnion#7197], EntityKey[j.index.module.apply.resourcesUnion.entity.ResourcesUnion#7208], EntityKey[j.index.module.apply.resourcesUnion.entity.ResourcesUnion#7207], EntityKey[j.index.module.apply.resourcesUnion.entity.ResourcesUnion#7210], EntityKey[j.index.module.apply.resourcesUnion.entity.ResourcesUnion#7209], EntityKey[j.index.module.apply.resourcesUnion.entity.ResourcesUnion#7204], EntityKey[j.index.module.apply.resourcesUnion.entity.ResourcesUnion#7203], EntityKey[j.index.module.apply.resourcesUnion.entity.ResourcesUnion#7206], EntityKey[j.index.module.apply.resourcesUnion.entity.ResourcesUnion#7205], EntityKey[j.index.module.apply.resourcesUnion.entity.ResourcesUnion#7183], EntityKey[j.index.module.apply.resourcesUnion.entity.ResourcesUnion#7184], EntityKey[j.index.module.apply.resourcesUnion.entity.ResourcesUnion#7185], EntityKey[j.index.module.apply.resourcesUnion.entity.ResourcesUnion#7186], EntityKey[j.index.module.apply.resourcesUnion.entity.ResourcesUnion#7179], EntityKey[j.index.module.apply.resourcesUnion.entity.ResourcesUnion#7180], EntityKey[j.index.module.apply.resourcesUnion.entity.ResourcesUnion#7181], EntityKey[j.index.module.apply.resourcesUnion.entity.ResourcesUnion#7182], EntityKey[j.index.module.apply.resourcesUnion.entity.ResourcesUnion#7191], EntityKey[j.index.module.apply.resourcesUnion.entity.ResourcesUnion#7192], EntityKey[j.index.module.apply.resourcesUnion.entity.ResourcesUnion#7193], EntityKey[j.index.module.apply.resourcesUnion.entity.ResourcesUnion#7194], EntityKey[j.index.module.apply.resourcesUnion.entity.ResourcesUnion#7187], EntityKey[j.index.module.apply.resourcesUnion.entity.ResourcesUnion#7188], EntityKey[j.index.module.apply.resourcesUnion.entity.ResourcesUnion#7189], EntityKey[j.index.module.apply.resourcesUnion.entity.ResourcesUnion#7190], EntityKey[j.index.module.apply.resourcesUnion.entity.ResourcesUnion#7234], EntityKey[j.index.module.apply.resourcesUnion.entity.ResourcesUnion#7233], EntityKey[j.index.module.apply.resourcesUnion.entity.ResourcesUnion#7232], EntityKey[j.index.module.apply.resourcesUnion.entity.ResourcesUnion#7231], EntityKey[j.index.module.apply.resourcesUnion.entity.ResourcesUnion#7230], EntityKey[j.index.module.apply.resourcesUnion.entity.ResourcesUnion#7229], EntityKey[j.index.module.apply.resourcesUnion.entity.ResourcesUnion#7228], EntityKey[j.index.module.apply.resourcesUnion.entity.ResourcesUnion#7227], EntityKey[j.index.module.apply.resourcesUnion.entity.ResourcesUnion#7242], EntityKey[j.index.module.apply.resourcesUnion.entity.ResourcesUnion#7241], EntityKey[j.index.module.apply.resourcesUnion.entity.ResourcesUnion#7240], EntityKey[j.index.module.apply.resourcesUnion.entity.ResourcesUnion#7239], EntityKey[j.index.module.apply.resourcesUnion.entity.ResourcesUnion#7238], EntityKey[j.index.module.apply.resourcesUnion.entity.ResourcesUnion#7237], EntityKey[j.index.module.apply.resourcesUnion.entity.ResourcesUnion#7236], EntityKey[j.index.module.apply.resourcesUnion.entity.ResourcesUnion#7235], EntityKey[j.index.module.apply.resourcesUnion.entity.ResourcesUnion#7217], EntityKey[j.index.module.apply.resourcesUnion.entity.ResourcesUnion#7218], EntityKey[j.index.module.apply.resourcesUnion.entity.ResourcesUnion#7215], EntityKey[j.index.module.apply.resourcesUnion.entity.ResourcesUnion#7216], EntityKey[j.index.module.apply.resourcesUnion.entity.ResourcesUnion#7213], EntityKey[j.index.module.apply.resourcesUnion.entity.ResourcesUnion#7214], EntityKey[j.index.module.apply.resourcesUnion.entity.ResourcesUnion#7211], EntityKey[j.index.module.apply.resourcesUnion.entity.ResourcesUnion#7212], EntityKey[j.index.module.apply.resourcesUnion.entity.ResourcesUnion#7225], EntityKey[j.index.module.apply.resourcesUnion.entity.ResourcesUnion#7226], EntityKey[j.index.module.apply.resourcesUnion.entity.ResourcesUnion#7223], EntityKey[j.index.module.apply.resourcesUnion.entity.ResourcesUnion#7224], EntityKey[j.index.module.apply.resourcesUnion.entity.ResourcesUnion#7221], EntityKey[j.index.module.apply.resourcesUnion.entity.ResourcesUnion#7222], EntityKey[j.index.module.apply.resourcesUnion.entity.ResourcesUnion#7219], EntityKey[j.index.module.apply.resourcesUnion.entity.ResourcesUnion#7220], EntityKey[j.index.module.apply.resourcesUnion.entity.ResourcesUnion#7139], EntityKey[j.index.module.apply.resourcesUnion.entity.ResourcesUnion#7140], EntityKey[j.index.module.apply.resourcesUnion.entity.ResourcesUnion#7141], EntityKey[j.index.module.apply.resourcesUnion.entity.ResourcesUnion#7142], EntityKey[j.index.module.apply.resourcesUnion.entity.ResourcesUnion#7143], EntityKey[j.index.module.apply.resourcesUnion.entity.ResourcesUnion#7144], EntityKey[j.index.module.apply.resourcesUnion.entity.ResourcesUnion#7145], EntityKey[j.index.module.apply.resourcesUnion.entity.ResourcesUnion#7146], EntityKey[j.index.module.apply.resourcesUnion.entity.ResourcesUnion#7131], EntityKey[j.index.module.apply.resourcesUnion.entity.ResourcesUnion#7132], EntityKey[j.index.module.apply.resourcesUnion.entity.ResourcesUnion#7133], EntityKey[j.index.module.apply.resourcesUnion.entity.ResourcesUnion#7134], EntityKey[j.index.module.apply.resourcesUnion.entity.ResourcesUnion#7135], EntityKey[j.index.module.apply.resourcesUnion.entity.ResourcesUnion#7136], EntityKey[j.index.module.apply.resourcesUnion.entity.ResourcesUnion#7137], EntityKey[j.index.module.apply.resourcesUnion.entity.ResourcesUnion#7138], EntityKey[j.index.module.apply.resourcesUnion.entity.ResourcesUnion#7124], EntityKey[j.index.module.apply.resourcesUnion.entity.ResourcesUnion#7123], EntityKey[j.index.module.apply.resourcesUnion.entity.ResourcesUnion#7126], EntityKey[j.index.module.apply.resourcesUnion.entity.ResourcesUnion#7125], EntityKey[j.index.module.apply.resourcesUnion.entity.ResourcesUnion#7128], EntityKey[j.index.module.apply.resourcesUnion.entity.ResourcesUnion#7127], EntityKey[j.index.module.apply.resourcesUnion.entity.ResourcesUnion#7130], EntityKey[j.index.module.apply.resourcesUnion.entity.ResourcesUnion#7129], EntityKey[j.index.module.apply.resourcesUnion.entity.ResourcesUnion#7116], EntityKey[j.index.module.apply.resourcesUnion.entity.ResourcesUnion#7115], EntityKey[j.index.module.apply.resourcesUnion.entity.ResourcesUnion#7118], EntityKey[j.index.module.apply.resourcesUnion.entity.ResourcesUnion#7117], EntityKey[j.index.module.apply.resourcesUnion.entity.ResourcesUnion#7120], EntityKey[j.index.module.apply.resourcesUnion.entity.ResourcesUnion#7119], EntityKey[j.index.module.apply.resourcesUnion.entity.ResourcesUnion#7122], EntityKey[j.index.module.apply.resourcesUnion.entity.ResourcesUnion#7121], EntityKey[j.index.module.apply.resourcesUnion.entity.ResourcesUnion#7173], EntityKey[j.index.module.apply.resourcesUnion.entity.ResourcesUnion#7174], EntityKey[j.index.module.apply.resourcesUnion.entity.ResourcesUnion#7171], EntityKey[j.index.module.apply.resourcesUnion.entity.ResourcesUnion#7172], EntityKey[j.index.module.apply.resourcesUnion.entity.ResourcesUnion#7177], EntityKey[j.index.module.apply.resourcesUnion.entity.ResourcesUnion#7178], EntityKey[j.index.module.apply.resourcesUnion.entity.ResourcesUnion#7175], EntityKey[j.index.module.apply.resourcesUnion.entity.ResourcesUnion#7176], EntityKey[j.index.module.apply.resourcesUnion.entity.ResourcesUnion#7165], EntityKey[j.index.module.apply.resourcesUnion.entity.ResourcesUnion#7166], EntityKey[j.index.module.apply.resourcesUnion.entity.ResourcesUnion#7163], EntityKey[j.index.module.apply.resourcesUnion.entity.ResourcesUnion#7164], EntityKey[j.index.module.apply.resourcesUnion.entity.ResourcesUnion#7169], EntityKey[j.index.module.apply.resourcesUnion.entity.ResourcesUnion#7170], EntityKey[j.index.module.apply.resourcesUnion.entity.ResourcesUnion#7167], EntityKey[j.index.module.apply.resourcesUnion.entity.ResourcesUnion#7168], EntityKey[j.index.module.apply.resourcesUnion.entity.ResourcesUnion#7158], EntityKey[j.index.module.apply.resourcesUnion.entity.ResourcesUnion#7157], EntityKey[j.index.module.apply.resourcesUnion.entity.ResourcesUnion#7156], EntityKey[j.index.module.apply.resourcesUnion.entity.ResourcesUnion#7155], EntityKey[j.index.module.apply.resourcesUnion.entity.ResourcesUnion#7162], EntityKey[j.index.module.apply.resourcesUnion.entity.ResourcesUnion#7161], EntityKey[j.index.module.apply.resourcesUnion.entity.ResourcesUnion#7160], EntityKey[j.index.module.apply.resourcesUnion.entity.ResourcesUnion#7159], EntityKey[j.index.module.apply.resourcesUnion.entity.ResourcesUnion#7150], EntityKey[j.index.module.apply.resourcesUnion.entity.ResourcesUnion#7149], EntityKey[j.index.module.apply.resourcesUnion.entity.ResourcesUnion#7148], EntityKey[j.index.module.apply.resourcesUnion.entity.ResourcesUnion#7147], EntityKey[j.index.module.apply.resourcesUnion.entity.ResourcesUnion#7154], EntityKey[j.index.module.apply.resourcesUnion.entity.ResourcesUnion#7153], EntityKey[j.index.module.apply.resourcesUnion.entity.ResourcesUnion#7152], EntityKey[j.index.module.apply.resourcesUnion.entity.ResourcesUnion#7151], EntityKey[j.index.module.apply.resourcesUnion.entity.ResourcesUnion#7079], EntityKey[j.index.module.apply.resourcesUnion.entity.ResourcesUnion#7080], EntityKey[j.index.module.apply.resourcesUnion.entity.ResourcesUnion#7081], EntityKey[j.index.module.apply.resourcesUnion.entity.ResourcesUnion#7082], EntityKey[j.index.module.apply.resourcesUnion.entity.ResourcesUnion#7075], EntityKey[j.index.module.apply.resourcesUnion.entity.ResourcesUnion#7076], EntityKey[j.index.module.apply.resourcesUnion.entity.ResourcesUnion#7077], EntityKey[j.index.module.apply.resourcesUnion.entity.ResourcesUnion#7078], EntityKey[j.index.module.apply.resourcesUnion.entity.ResourcesUnion#7071], EntityKey[j.index.module.apply.resourcesUnion.entity.ResourcesUnion#7072], EntityKey[j.index.module.apply.resourcesUnion.entity.ResourcesUnion#7073], EntityKey[j.index.module.apply.resourcesUnion.entity.ResourcesUnion#7074], EntityKey[j.index.module.apply.resourcesUnion.entity.ResourcesUnion#7067], EntityKey[j.index.module.apply.resourcesUnion.entity.ResourcesUnion#7068], EntityKey[j.index.module.apply.resourcesUnion.entity.ResourcesUnion#7069], EntityKey[j.index.module.apply.resourcesUnion.entity.ResourcesUnion#7070], EntityKey[j.index.module.apply.resourcesUnion.entity.ResourcesUnion#7064], EntityKey[j.index.module.apply.resourcesUnion.entity.ResourcesUnion#7063], EntityKey[j.index.module.apply.resourcesUnion.entity.ResourcesUnion#7066], EntityKey[j.index.module.apply.resourcesUnion.entity.ResourcesUnion#7065], EntityKey[j.index.module.apply.resourcesUnion.entity.ResourcesUnion#7060], EntityKey[j.index.module.apply.resourcesUnion.entity.ResourcesUnion#7059], EntityKey[j.index.module.apply.resourcesUnion.entity.ResourcesUnion#7062], EntityKey[j.index.module.apply.resourcesUnion.entity.ResourcesUnion#7061], EntityKey[j.index.module.apply.resourcesUnion.entity.ResourcesUnion#7056], EntityKey[j.index.module.apply.resourcesUnion.entity.ResourcesUnion#7055], EntityKey[j.index.module.apply.resourcesUnion.entity.ResourcesUnion#7058], EntityKey[j.index.module.apply.resourcesUnion.entity.ResourcesUnion#7057], EntityKey[j.index.module.apply.resourcesUnion.entity.ResourcesUnion#7052], EntityKey[j.index.module.apply.resourcesUnion.entity.ResourcesUnion#7051], EntityKey[j.index.module.apply.resourcesUnion.entity.ResourcesUnion#7054], EntityKey[j.index.module.apply.resourcesUnion.entity.ResourcesUnion#7053], EntityKey[j.index.module.apply.resourcesUnion.entity.ResourcesUnion#7113], EntityKey[j.index.module.apply.resourcesUnion.entity.ResourcesUnion#7114], EntityKey[j.index.module.apply.resourcesUnion.entity.ResourcesUnion#7111], EntityKey[j.index.module.apply.resourcesUnion.entity.ResourcesUnion#7112], EntityKey[j.index.module.apply.resourcesUnion.entity.ResourcesUnion#7109], EntityKey[j.index.module.apply.resourcesUnion.entity.ResourcesUnion#7110], EntityKey[j.index.module.apply.resourcesUnion.entity.ResourcesUnion#7107], EntityKey[j.index.module.apply.resourcesUnion.entity.ResourcesUnion#7108], EntityKey[j.index.module.apply.resourcesUnion.entity.ResourcesUnion#7105], EntityKey[j.index.module.apply.resourcesUnion.entity.ResourcesUnion#7106], EntityKey[j.index.module.apply.resourcesUnion.entity.ResourcesUnion#7103], EntityKey[j.index.module.apply.resourcesUnion.entity.ResourcesUnion#7104], EntityKey[j.index.module.apply.resourcesUnion.entity.ResourcesUnion#7101], EntityKey[j.index.module.apply.resourcesUnion.entity.ResourcesUnion#7102], EntityKey[j.index.module.apply.resourcesUnion.entity.ResourcesUnion#7099], EntityKey[j.index.module.apply.resourcesUnion.entity.ResourcesUnion#7100], EntityKey[j.index.module.apply.resourcesUnion.entity.ResourcesUnion#7098], EntityKey[j.index.module.apply.resourcesUnion.entity.ResourcesUnion#7097], EntityKey[j.index.module.apply.resourcesUnion.entity.ResourcesUnion#7096], EntityKey[j.index.module.apply.resourcesUnion.entity.ResourcesUnion#7095], EntityKey[j.index.module.apply.resourcesUnion.entity.ResourcesUnion#7094], EntityKey[j.index.module.apply.resourcesUnion.entity.ResourcesUnion#7093], EntityKey[j.index.module.apply.resourcesUnion.entity.ResourcesUnion#7092], EntityKey[j.index.module.apply.resourcesUnion.entity.ResourcesUnion#7091], EntityKey[j.index.module.apply.resourcesUnion.entity.ResourcesUnion#7090], EntityKey[j.index.module.apply.resourcesUnion.entity.ResourcesUnion#7089], EntityKey[j.index.module.apply.resourcesUnion.entity.ResourcesUnion#7088], EntityKey[j.index.module.apply.resourcesUnion.entity.ResourcesUnion#7087], EntityKey[j.index.module.apply.resourcesUnion.entity.ResourcesUnion#7086], EntityKey[j.index.module.apply.resourcesUnion.entity.ResourcesUnion#7085], EntityKey[j.index.module.apply.resourcesUnion.entity.ResourcesUnion#7084], EntityKey[j.index.module.apply.resourcesUnion.entity.ResourcesUnion#7083], EntityKey[j.index.module.apply.resourcesUnion.entity.ResourcesUnion#8171], EntityKey[j.index.module.apply.resourcesUnion.entity.ResourcesUnion#8172], EntityKey[j.index.module.apply.resourcesUnion.entity.ResourcesUnion#8173], EntityKey[j.index.module.apply.resourcesUnion.entity.ResourcesUnion#8174], EntityKey[j.index.module.apply.resourcesUnion.entity.ResourcesUnion#8175], EntityKey[j.index.module.apply.resourcesUnion.entity.ResourcesUnion#8176], EntityKey[j.index.module.apply.resourcesUnion.entity.ResourcesUnion#8177], EntityKey[j.index.module.apply.resourcesUnion.entity.ResourcesUnion#8178], EntityKey[j.index.module.apply.resourcesUnion.entity.ResourcesUnion#8179], EntityKey[j.index.module.apply.resourcesUnion.entity.ResourcesUnion#8180], EntityKey[j.index.module.apply.resourcesUnion.entity.ResourcesUnion#8181], EntityKey[j.index.module.apply.resourcesUnion.entity.ResourcesUnion#8182], EntityKey[j.index.module.apply.resourcesUnion.entity.ResourcesUnion#8183], EntityKey[j.index.module.apply.resourcesUnion.entity.ResourcesUnion#8184], EntityKey[j.index.module.apply.resourcesUnion.entity.ResourcesUnion#8185], EntityKey[j.index.module.apply.resourcesUnion.entity.ResourcesUnion#8186], EntityKey[j.index.module.apply.resourcesUnion.entity.ResourcesUnion#8188], EntityKey[j.index.module.apply.resourcesUnion.entity.ResourcesUnion#8187], EntityKey[j.index.module.apply.resourcesUnion.entity.ResourcesUnion#8190], EntityKey[j.index.module.apply.resourcesUnion.entity.ResourcesUnion#8189], EntityKey[j.index.module.apply.resourcesUnion.entity.ResourcesUnion#8192], EntityKey[j.index.module.apply.resourcesUnion.entity.ResourcesUnion#8191], EntityKey[j.index.module.apply.resourcesUnion.entity.ResourcesUnion#8194], EntityKey[j.index.module.apply.resourcesUnion.entity.ResourcesUnion#8193], EntityKey[j.index.module.apply.resourcesUnion.entity.ResourcesUnion#8196], EntityKey[j.index.module.apply.resourcesUnion.entity.ResourcesUnion#8195], EntityKey[j.index.module.apply.resourcesUnion.entity.ResourcesUnion#8198], EntityKey[j.index.module.apply.resourcesUnion.entity.ResourcesUnion#8197], EntityKey[j.index.module.apply.resourcesUnion.entity.ResourcesUnion#8200], EntityKey[j.index.module.apply.resourcesUnion.entity.ResourcesUnion#8199], EntityKey[j.index.module.apply.resourcesUnion.entity.ResourcesUnion#8202], EntityKey[j.index.module.apply.resourcesUnion.entity.ResourcesUnion#8201], EntityKey[j.index.module.apply.resourcesUnion.entity.ResourcesUnion#8141], EntityKey[j.index.module.apply.resourcesUnion.entity.ResourcesUnion#8142], EntityKey[j.index.module.apply.resourcesUnion.entity.ResourcesUnion#8139], EntityKey[j.index.module.apply.resourcesUnion.entity.ResourcesUnion#8140], EntityKey[j.index.module.apply.resourcesUnion.entity.ResourcesUnion#8145], EntityKey[j.index.module.apply.resourcesUnion.entity.ResourcesUnion#8146], EntityKey[j.index.module.apply.resourcesUnion.entity.ResourcesUnion#8143], EntityKey[j.index.module.apply.resourcesUnion.entity.ResourcesUnion#8144], EntityKey[j.index.module.apply.resourcesUnion.entity.ResourcesUnion#8149], EntityKey[j.index.module.apply.resourcesUnion.entity.ResourcesUnion#8150], EntityKey[j.index.module.apply.resourcesUnion.entity.ResourcesUnion#8147], EntityKey[j.index.module.apply.resourcesUnion.entity.ResourcesUnion#8148], EntityKey[j.index.module.apply.resourcesUnion.entity.ResourcesUnion#8153], EntityKey[j.index.module.apply.resourcesUnion.entity.ResourcesUnion#8154], EntityKey[j.index.module.apply.resourcesUnion.entity.ResourcesUnion#8151], EntityKey[j.index.module.apply.resourcesUnion.entity.ResourcesUnion#8152], EntityKey[j.index.module.apply.resourcesUnion.entity.ResourcesUnion#8158], EntityKey[j.index.module.apply.resourcesUnion.entity.ResourcesUnion#8157], EntityKey[j.index.module.apply.resourcesUnion.entity.ResourcesUnion#8156], EntityKey[j.index.module.apply.resourcesUnion.entity.ResourcesUnion#8155], EntityKey[j.index.module.apply.resourcesUnion.entity.ResourcesUnion#8162], EntityKey[j.index.module.apply.resourcesUnion.entity.ResourcesUnion#8161], EntityKey[j.index.module.apply.resourcesUnion.entity.ResourcesUnion#8160], EntityKey[j.index.module.apply.resourcesUnion.entity.ResourcesUnion#8159], EntityKey[j.index.module.apply.resourcesUnion.entity.ResourcesUnion#8166], EntityKey[j.index.module.apply.resourcesUnion.entity.ResourcesUnion#8165], EntityKey[j.index.module.apply.resourcesUnion.entity.ResourcesUnion#8164], EntityKey[j.index.module.apply.resourcesUnion.entity.ResourcesUnion#8163], EntityKey[j.index.module.apply.resourcesUnion.entity.ResourcesUnion#8170], EntityKey[j.index.module.apply.resourcesUnion.entity.ResourcesUnion#8169], EntityKey[j.index.module.apply.resourcesUnion.entity.ResourcesUnion#8168], EntityKey[j.index.module.apply.resourcesUnion.entity.ResourcesUnion#8167], EntityKey[j.index.module.apply.resourcesUnion.entity.ResourcesUnion#8111], EntityKey[j.index.module.apply.resourcesUnion.entity.ResourcesUnion#8112], EntityKey[j.index.module.apply.resourcesUnion.entity.ResourcesUnion#8113], EntityKey[j.index.module.apply.resourcesUnion.entity.ResourcesUnion#8114], EntityKey[j.index.module.apply.resourcesUnion.entity.ResourcesUnion#8107], EntityKey[j.index.module.apply.resourcesUnion.entity.ResourcesUnion#8108], EntityKey[j.index.module.apply.resourcesUnion.entity.ResourcesUnion#8109], EntityKey[j.index.module.apply.resourcesUnion.entity.ResourcesUnion#8110], EntityKey[j.index.module.apply.resourcesUnion.entity.ResourcesUnion#8119], EntityKey[j.index.module.apply.resourcesUnion.entity.ResourcesUnion#8120], EntityKey[j.index.module.apply.resourcesUnion.entity.ResourcesUnion#8121], EntityKey[j.index.module.apply.resourcesUnion.entity.ResourcesUnion#8122], EntityKey[j.index.module.apply.resourcesUnion.entity.ResourcesUnion#8115], EntityKey[j.index.module.apply.resourcesUnion.entity.ResourcesUnion#8116], EntityKey[j.index.module.apply.resourcesUnion.entity.ResourcesUnion#8117], EntityKey[j.index.module.apply.resourcesUnion.entity.ResourcesUnion#8118], EntityKey[j.index.module.apply.resourcesUnion.entity.ResourcesUnion#8128], EntityKey[j.index.module.apply.resourcesUnion.entity.ResourcesUnion#8127], EntityKey[j.index.module.apply.resourcesUnion.entity.ResourcesUnion#8130], EntityKey[j.index.module.apply.resourcesUnion.entity.ResourcesUnion#8129], EntityKey[j.index.module.apply.resourcesUnion.entity.ResourcesUnion#8124], EntityKey[j.index.module.apply.resourcesUnion.entity.ResourcesUnion#8123], EntityKey[j.index.module.apply.resourcesUnion.entity.ResourcesUnion#8126], EntityKey[j.index.module.apply.resourcesUnion.entity.ResourcesUnion#8125], EntityKey[j.index.module.apply.resourcesUnion.entity.ResourcesUnion#8136], EntityKey[j.index.module.apply.resourcesUnion.entity.ResourcesUnion#8135], EntityKey[j.index.module.apply.resourcesUnion.entity.ResourcesUnion#8138], EntityKey[j.index.module.apply.resourcesUnion.entity.ResourcesUnion#8137], EntityKey[j.index.module.apply.resourcesUnion.entity.ResourcesUnion#8132], EntityKey[j.index.module.apply.resourcesUnion.entity.ResourcesUnion#8131], EntityKey[j.index.module.apply.resourcesUnion.entity.ResourcesUnion#8134], EntityKey[j.index.module.apply.resourcesUnion.entity.ResourcesUnion#8133], EntityKey[j.index.module.apply.resourcesUnion.entity.ResourcesUnion#8081], EntityKey[j.index.module.apply.resourcesUnion.entity.ResourcesUnion#8082], EntityKey[j.index.module.apply.resourcesUnion.entity.ResourcesUnion#8079], EntityKey[j.index.module.apply.resourcesUnion.entity.ResourcesUnion#8080], EntityKey[j.index.module.apply.resourcesUnion.entity.ResourcesUnion#8077], EntityKey[j.index.module.apply.resourcesUnion.entity.ResourcesUnion#8078], EntityKey[j.index.module.apply.resourcesUnion.entity.ResourcesUnion#8075], EntityKey[j.index.module.apply.resourcesUnion.entity.ResourcesUnion#8076], EntityKey[j.index.module.apply.resourcesUnion.entity.ResourcesUnion#8089], EntityKey[j.index.module.apply.resourcesUnion.entity.ResourcesUnion#8090], EntityKey[j.index.module.apply.resourcesUnion.entity.ResourcesUnion#8087], EntityKey[j.index.module.apply.resourcesUnion.entity.ResourcesUnion#8088], EntityKey[j.index.module.apply.resourcesUnion.entity.ResourcesUnion#8085], EntityKey[j.index.module.apply.resourcesUnion.entity.ResourcesUnion#8086], EntityKey[j.index.module.apply.resourcesUnion.entity.ResourcesUnion#8083], EntityKey[j.index.module.apply.resourcesUnion.entity.ResourcesUnion#8084], EntityKey[j.index.module.apply.resourcesUnion.entity.ResourcesUnion#8098], EntityKey[j.index.module.apply.resourcesUnion.entity.ResourcesUnion#8097], EntityKey[j.index.module.apply.resourcesUnion.entity.ResourcesUnion#8096], EntityKey[j.index.module.apply.resourcesUnion.entity.ResourcesUnion#8095], EntityKey[j.index.module.apply.resourcesUnion.entity.ResourcesUnion#8094], EntityKey[j.index.module.apply.resourcesUnion.entity.ResourcesUnion#8093], EntityKey[j.index.module.apply.resourcesUnion.entity.ResourcesUnion#8092], EntityKey[j.index.module.apply.resourcesUnion.entity.ResourcesUnion#8091], EntityKey[j.index.module.apply.resourcesUnion.entity.ResourcesUnion#8106], EntityKey[j.index.module.apply.resourcesUnion.entity.ResourcesUnion#8105], EntityKey[j.index.module.apply.resourcesUnion.entity.ResourcesUnion#8104], EntityKey[j.index.module.apply.resourcesUnion.entity.ResourcesUnion#8103], EntityKey[j.index.module.apply.resourcesUnion.entity.ResourcesUnion#8102], EntityKey[j.index.module.apply.resourcesUnion.entity.ResourcesUnion#8101], EntityKey[j.index.module.apply.resourcesUnion.entity.ResourcesUnion#8100], EntityKey[j.index.module.apply.resourcesUnion.entity.ResourcesUnion#8099], EntityKey[j.index.module.apply.resourcesUnion.entity.ResourcesUnion#8308], EntityKey[j.index.module.apply.resourcesUnion.entity.ResourcesUnion#8307], EntityKey[j.index.module.apply.resourcesUnion.entity.ResourcesUnion#8310], EntityKey[j.index.module.apply.resourcesUnion.entity.ResourcesUnion#8309], EntityKey[j.index.module.apply.resourcesUnion.entity.ResourcesUnion#8312], EntityKey[j.index.module.apply.resourcesUnion.entity.ResourcesUnion#8311], EntityKey[j.index.module.apply.resourcesUnion.entity.ResourcesUnion#8314], EntityKey[j.index.module.apply.resourcesUnion.entity.ResourcesUnion#8313], EntityKey[j.index.module.apply.resourcesUnion.entity.ResourcesUnion#8300], EntityKey[j.index.module.apply.resourcesUnion.entity.ResourcesUnion#8299], EntityKey[j.index.module.apply.resourcesUnion.entity.ResourcesUnion#8302], EntityKey[j.index.module.apply.resourcesUnion.entity.ResourcesUnion#8301], EntityKey[j.index.module.apply.resourcesUnion.entity.ResourcesUnion#8304], EntityKey[j.index.module.apply.resourcesUnion.entity.ResourcesUnion#8303], EntityKey[j.index.module.apply.resourcesUnion.entity.ResourcesUnion#8306], EntityKey[j.index.module.apply.resourcesUnion.entity.ResourcesUnion#8305], EntityKey[j.index.module.apply.resourcesUnion.entity.ResourcesUnion#8323], EntityKey[j.index.module.apply.resourcesUnion.entity.ResourcesUnion#8324], EntityKey[j.index.module.apply.resourcesUnion.entity.ResourcesUnion#8325], EntityKey[j.index.module.apply.resourcesUnion.entity.ResourcesUnion#8326], EntityKey[j.index.module.apply.resourcesUnion.entity.ResourcesUnion#8327], EntityKey[j.index.module.apply.resourcesUnion.entity.ResourcesUnion#8328], EntityKey[j.index.module.apply.resourcesUnion.entity.ResourcesUnion#8329], EntityKey[j.index.module.apply.resourcesUnion.entity.ResourcesUnion#8330], EntityKey[j.index.module.apply.resourcesUnion.entity.ResourcesUnion#8315], EntityKey[j.index.module.apply.resourcesUnion.entity.ResourcesUnion#8316], EntityKey[j.index.module.apply.resourcesUnion.entity.ResourcesUnion#8317], EntityKey[j.index.module.apply.resourcesUnion.entity.ResourcesUnion#8318], EntityKey[j.index.module.apply.resourcesUnion.entity.ResourcesUnion#8319], EntityKey[j.index.module.apply.resourcesUnion.entity.ResourcesUnion#8320], EntityKey[j.index.module.apply.resourcesUnion.entity.ResourcesUnion#8321], EntityKey[j.index.module.apply.resourcesUnion.entity.ResourcesUnion#8322], EntityKey[j.index.module.apply.resourcesUnion.entity.ResourcesUnion#8278], EntityKey[j.index.module.apply.resourcesUnion.entity.ResourcesUnion#8277], EntityKey[j.index.module.apply.resourcesUnion.entity.ResourcesUnion#8276], EntityKey[j.index.module.apply.resourcesUnion.entity.ResourcesUnion#8275], EntityKey[j.index.module.apply.resourcesUnion.entity.ResourcesUnion#8282], EntityKey[j.index.module.apply.resourcesUnion.entity.ResourcesUnion#8281], EntityKey[j.index.module.apply.resourcesUnion.entity.ResourcesUnion#8280], EntityKey[j.index.module.apply.resourcesUnion.entity.ResourcesUnion#8279], EntityKey[j.index.module.apply.resourcesUnion.entity.ResourcesUnion#8270], EntityKey[j.index.module.apply.resourcesUnion.entity.ResourcesUnion#8269], EntityKey[j.index.module.apply.resourcesUnion.entity.ResourcesUnion#8268], EntityKey[j.index.module.apply.resourcesUnion.entity.ResourcesUnion#8267], EntityKey[j.index.module.apply.resourcesUnion.entity.ResourcesUnion#8274], EntityKey[j.index.module.apply.resourcesUnion.entity.ResourcesUnion#8273], EntityKey[j.index.module.apply.resourcesUnion.entity.ResourcesUnion#8272], EntityKey[j.index.module.apply.resourcesUnion.entity.ResourcesUnion#8271], EntityKey[j.index.module.apply.resourcesUnion.entity.ResourcesUnion#8293], EntityKey[j.index.module.apply.resourcesUnion.entity.ResourcesUnion#8294], EntityKey[j.index.module.apply.resourcesUnion.entity.ResourcesUnion#8291], EntityKey[j.index.module.apply.resourcesUnion.entity.ResourcesUnion#8292], EntityKey[j.index.module.apply.resourcesUnion.entity.ResourcesUnion#8297], EntityKey[j.index.module.apply.resourcesUnion.entity.ResourcesUnion#8298], EntityKey[j.index.module.apply.resourcesUnion.entity.ResourcesUnion#8295], EntityKey[j.index.module.apply.resourcesUnion.entity.ResourcesUnion#8296], EntityKey[j.index.module.apply.resourcesUnion.entity.ResourcesUnion#8285], EntityKey[j.index.module.apply.resourcesUnion.entity.ResourcesUnion#8286], EntityKey[j.index.module.apply.resourcesUnion.entity.ResourcesUnion#8283], EntityKey[j.index.module.apply.resourcesUnion.entity.ResourcesUnion#8284], EntityKey[j.index.module.apply.resourcesUnion.entity.ResourcesUnion#8289], EntityKey[j.index.module.apply.resourcesUnion.entity.ResourcesUnion#8290], EntityKey[j.index.module.apply.resourcesUnion.entity.ResourcesUnion#8287], EntityKey[j.index.module.apply.resourcesUnion.entity.ResourcesUnion#8288], EntityKey[j.index.module.apply.resourcesUnion.entity.ResourcesUnion#8248], EntityKey[j.index.module.apply.resourcesUnion.entity.ResourcesUnion#8247], EntityKey[j.index.module.apply.resourcesUnion.entity.ResourcesUnion#8250], EntityKey[j.index.module.apply.resourcesUnion.entity.ResourcesUnion#8249], EntityKey[j.index.module.apply.resourcesUnion.entity.ResourcesUnion#8244], EntityKey[j.index.module.apply.resourcesUnion.entity.ResourcesUnion#8243], EntityKey[j.index.module.apply.resourcesUnion.entity.ResourcesUnion#8246], EntityKey[j.index.module.apply.resourcesUnion.entity.ResourcesUnion#8245], EntityKey[j.index.module.apply.resourcesUnion.entity.ResourcesUnion#8240], EntityKey[j.index.module.apply.resourcesUnion.entity.ResourcesUnion#8239], EntityKey[j.index.module.apply.resourcesUnion.entity.ResourcesUnion#8242], EntityKey[j.index.module.apply.resourcesUnion.entity.ResourcesUnion#8241], EntityKey[j.index.module.apply.resourcesUnion.entity.ResourcesUnion#8236], EntityKey[j.index.module.apply.resourcesUnion.entity.ResourcesUnion#8235], EntityKey[j.index.module.apply.resourcesUnion.entity.ResourcesUnion#8238], EntityKey[j.index.module.apply.resourcesUnion.entity.ResourcesUnion#8237], EntityKey[j.index.module.apply.resourcesUnion.entity.ResourcesUnion#8263], EntityKey[j.index.module.apply.resourcesUnion.entity.ResourcesUnion#8264], EntityKey[j.index.module.apply.resourcesUnion.entity.ResourcesUnion#8265], EntityKey[j.index.module.apply.resourcesUnion.entity.ResourcesUnion#8266], EntityKey[j.index.module.apply.resourcesUnion.entity.ResourcesUnion#8259], EntityKey[j.index.module.apply.resourcesUnion.entity.ResourcesUnion#8260], EntityKey[j.index.module.apply.resourcesUnion.entity.ResourcesUnion#8261], EntityKey[j.index.module.apply.resourcesUnion.entity.ResourcesUnion#8262], EntityKey[j.index.module.apply.resourcesUnion.entity.ResourcesUnion#8255], EntityKey[j.index.module.apply.resourcesUnion.entity.ResourcesUnion#8256], EntityKey[j.index.module.apply.resourcesUnion.entity.ResourcesUnion#8257], EntityKey[j.index.module.apply.resourcesUnion.entity.ResourcesUnion#8258], EntityKey[j.index.module.apply.resourcesUnion.entity.ResourcesUnion#8251], EntityKey[j.index.module.apply.resourcesUnion.entity.ResourcesUnion#8252], EntityKey[j.index.module.apply.resourcesUnion.entity.ResourcesUnion#8253], EntityKey[j.index.module.apply.resourcesUnion.entity.ResourcesUnion#8254], EntityKey[j.index.module.apply.resourcesUnion.entity.ResourcesUnion#8218], EntityKey[j.index.module.apply.resourcesUnion.entity.ResourcesUnion#8217], EntityKey[j.index.module.apply.resourcesUnion.entity.ResourcesUnion#8216], EntityKey[j.index.module.apply.resourcesUnion.entity.ResourcesUnion#8215], EntityKey[j.index.module.apply.resourcesUnion.entity.ResourcesUnion#8214], EntityKey[j.index.module.apply.resourcesUnion.entity.ResourcesUnion#8213], EntityKey[j.index.module.apply.resourcesUnion.entity.ResourcesUnion#8212], EntityKey[j.index.module.apply.resourcesUnion.entity.ResourcesUnion#8211], EntityKey[j.index.module.apply.resourcesUnion.entity.ResourcesUnion#8210], EntityKey[j.index.module.apply.resourcesUnion.entity.ResourcesUnion#8209], EntityKey[j.index.module.apply.resourcesUnion.entity.ResourcesUnion#8208], EntityKey[j.index.module.apply.resourcesUnion.entity.ResourcesUnion#8207], EntityKey[j.index.module.apply.resourcesUnion.entity.ResourcesUnion#8206], EntityKey[j.index.module.apply.resourcesUnion.entity.ResourcesUnion#8205], EntityKey[j.index.module.apply.resourcesUnion.entity.ResourcesUnion#8204], EntityKey[j.index.module.apply.resourcesUnion.entity.ResourcesUnion#8203], EntityKey[j.index.module.apply.resourcesUnion.entity.ResourcesUnion#8233], EntityKey[j.index.module.apply.resourcesUnion.entity.ResourcesUnion#8234], EntityKey[j.index.module.apply.resourcesUnion.entity.ResourcesUnion#8231], EntityKey[j.index.module.apply.resourcesUnion.entity.ResourcesUnion#8232], EntityKey[j.index.module.apply.resourcesUnion.entity.ResourcesUnion#8229], EntityKey[j.index.module.apply.resourcesUnion.entity.ResourcesUnion#8230], EntityKey[j.index.module.apply.resourcesUnion.entity.ResourcesUnion#8227], EntityKey[j.index.module.apply.resourcesUnion.entity.ResourcesUnion#8228], EntityKey[j.index.module.apply.resourcesUnion.entity.ResourcesUnion#8225], EntityKey[j.index.module.apply.resourcesUnion.entity.ResourcesUnion#8226], EntityKey[j.index.module.apply.resourcesUnion.entity.ResourcesUnion#8223], EntityKey[j.index.module.apply.resourcesUnion.entity.ResourcesUnion#8224], EntityKey[j.index.module.apply.resourcesUnion.entity.ResourcesUnion#8221], EntityKey[j.index.module.apply.resourcesUnion.entity.ResourcesUnion#8222], EntityKey[j.index.module.apply.resourcesUnion.entity.ResourcesUnion#8219], EntityKey[j.index.module.apply.resourcesUnion.entity.ResourcesUnion#8220], EntityKey[j.index.module.apply.resourcesUnion.entity.ResourcesUnion#8446], EntityKey[j.index.module.apply.resourcesUnion.entity.ResourcesUnion#8445], EntityKey[j.index.module.apply.resourcesUnion.entity.ResourcesUnion#8444], EntityKey[j.index.module.apply.resourcesUnion.entity.ResourcesUnion#8443], EntityKey[j.index.module.apply.resourcesUnion.entity.ResourcesUnion#8450], EntityKey[j.index.module.apply.resourcesUnion.entity.ResourcesUnion#8449], EntityKey[j.index.module.apply.resourcesUnion.entity.ResourcesUnion#8448], EntityKey[j.index.module.apply.resourcesUnion.entity.ResourcesUnion#8447], EntityKey[j.index.module.apply.resourcesUnion.entity.ResourcesUnion#8454], EntityKey[j.index.module.apply.resourcesUnion.entity.ResourcesUnion#8453], EntityKey[j.index.module.apply.resourcesUnion.entity.ResourcesUnion#8452], EntityKey[j.index.module.apply.resourcesUnion.entity.ResourcesUnion#8451], EntityKey[j.index.module.apply.resourcesUnion.entity.ResourcesUnion#8458], EntityKey[j.index.module.apply.resourcesUnion.entity.ResourcesUnion#8457], EntityKey[j.index.module.apply.resourcesUnion.entity.ResourcesUnion#8456], EntityKey[j.index.module.apply.resourcesUnion.entity.ResourcesUnion#8455], EntityKey[j.index.module.apply.resourcesUnion.entity.ResourcesUnion#8429], EntityKey[j.index.module.apply.resourcesUnion.entity.ResourcesUnion#8430], EntityKey[j.index.module.apply.resourcesUnion.entity.ResourcesUnion#8427], EntityKey[j.index.module.apply.resourcesUnion.entity.ResourcesUnion#8428], EntityKey[j.index.module.apply.resourcesUnion.entity.ResourcesUnion#8433], EntityKey[j.index.module.apply.resourcesUnion.entity.ResourcesUnion#8434], EntityKey[j.index.module.apply.resourcesUnion.entity.ResourcesUnion#8431], EntityKey[j.index.module.apply.resourcesUnion.entity.ResourcesUnion#8432], EntityKey[j.index.module.apply.resourcesUnion.entity.ResourcesUnion#8437], EntityKey[j.index.module.apply.resourcesUnion.entity.ResourcesUnion#8438], EntityKey[j.index.module.apply.resourcesUnion.entity.ResourcesUnion#8435], EntityKey[j.index.module.apply.resourcesUnion.entity.ResourcesUnion#8436], EntityKey[j.index.module.apply.resourcesUnion.entity.ResourcesUnion#8441], EntityKey[j.index.module.apply.resourcesUnion.entity.ResourcesUnion#8442], EntityKey[j.index.module.apply.resourcesUnion.entity.ResourcesUnion#8439], EntityKey[j.index.module.apply.resourcesUnion.entity.ResourcesUnion#8440], EntityKey[j.index.module.apply.resourcesUnion.entity.ResourcesUnion#8412], EntityKey[j.index.module.apply.resourcesUnion.entity.ResourcesUnion#8411], EntityKey[j.index.module.apply.resourcesUnion.entity.ResourcesUnion#8414], EntityKey[j.index.module.apply.resourcesUnion.entity.ResourcesUnion#8413], EntityKey[j.index.module.apply.resourcesUnion.entity.ResourcesUnion#8416], EntityKey[j.index.module.apply.resourcesUnion.entity.ResourcesUnion#8415], EntityKey[j.index.module.apply.resourcesUnion.entity.ResourcesUnion#8418], EntityKey[j.index.module.apply.resourcesUnion.entity.ResourcesUnion#8417], EntityKey[j.index.module.apply.resourcesUnion.entity.ResourcesUnion#8420], EntityKey[j.index.module.apply.resourcesUnion.entity.ResourcesUnion#8419], EntityKey[j.index.module.apply.resourcesUnion.entity.ResourcesUnion#8422], EntityKey[j.index.module.apply.resourcesUnion.entity.ResourcesUnion#8421], EntityKey[j.index.module.apply.resourcesUnion.entity.ResourcesUnion#8424], EntityKey[j.index.module.apply.resourcesUnion.entity.ResourcesUnion#8423], EntityKey[j.index.module.apply.resourcesUnion.entity.ResourcesUnion#8426], EntityKey[j.index.module.apply.resourcesUnion.entity.ResourcesUnion#8425], EntityKey[j.index.module.apply.resourcesUnion.entity.ResourcesUnion#8395], EntityKey[j.index.module.apply.resourcesUnion.entity.ResourcesUnion#8396], EntityKey[j.index.module.apply.resourcesUnion.entity.ResourcesUnion#8397], EntityKey[j.index.module.apply.resourcesUnion.entity.ResourcesUnion#8398], EntityKey[j.index.module.apply.resourcesUnion.entity.ResourcesUnion#8399], EntityKey[j.index.module.apply.resourcesUnion.entity.ResourcesUnion#8400], EntityKey[j.index.module.apply.resourcesUnion.entity.ResourcesUnion#8401], EntityKey[j.index.module.apply.resourcesUnion.entity.ResourcesUnion#8402], EntityKey[j.index.module.apply.resourcesUnion.entity.ResourcesUnion#8403], EntityKey[j.index.module.apply.resourcesUnion.entity.ResourcesUnion#8404], EntityKey[j.index.module.apply.resourcesUnion.entity.ResourcesUnion#8405], EntityKey[j.index.module.apply.resourcesUnion.entity.ResourcesUnion#8406], EntityKey[j.index.module.apply.resourcesUnion.entity.ResourcesUnion#8407], EntityKey[j.index.module.apply.resourcesUnion.entity.ResourcesUnion#8408], EntityKey[j.index.module.apply.resourcesUnion.entity.ResourcesUnion#8409], EntityKey[j.index.module.apply.resourcesUnion.entity.ResourcesUnion#8410], EntityKey[j.index.module.apply.resourcesUnion.entity.ResourcesUnion#8386], EntityKey[j.index.module.apply.resourcesUnion.entity.ResourcesUnion#8385], EntityKey[j.index.module.apply.resourcesUnion.entity.ResourcesUnion#8384], EntityKey[j.index.module.apply.resourcesUnion.entity.ResourcesUnion#8383], EntityKey[j.index.module.apply.resourcesUnion.entity.ResourcesUnion#8382], EntityKey[j.index.module.apply.resourcesUnion.entity.ResourcesUnion#8381], EntityKey[j.index.module.apply.resourcesUnion.entity.ResourcesUnion#8380], EntityKey[j.index.module.apply.resourcesUnion.entity.ResourcesUnion#8379], EntityKey[j.index.module.apply.resourcesUnion.entity.ResourcesUnion#8394], EntityKey[j.index.module.apply.resourcesUnion.entity.ResourcesUnion#8393], EntityKey[j.index.module.apply.resourcesUnion.entity.ResourcesUnion#8392], EntityKey[j.index.module.apply.resourcesUnion.entity.ResourcesUnion#8391], EntityKey[j.index.module.apply.resourcesUnion.entity.ResourcesUnion#8390], EntityKey[j.index.module.apply.resourcesUnion.entity.ResourcesUnion#8389], EntityKey[j.index.module.apply.resourcesUnion.entity.ResourcesUnion#8388], EntityKey[j.index.module.apply.resourcesUnion.entity.ResourcesUnion#8387], EntityKey[j.index.module.apply.resourcesUnion.entity.ResourcesUnion#8369], EntityKey[j.index.module.apply.resourcesUnion.entity.ResourcesUnion#8370], EntityKey[j.index.module.apply.resourcesUnion.entity.ResourcesUnion#8367], EntityKey[j.index.module.apply.resourcesUnion.entity.ResourcesUnion#8368], EntityKey[j.index.module.apply.resourcesUnion.entity.ResourcesUnion#8365], EntityKey[j.index.module.apply.resourcesUnion.entity.ResourcesUnion#8366], EntityKey[j.index.module.apply.resourcesUnion.entity.ResourcesUnion#8363], EntityKey[j.index.module.apply.resourcesUnion.entity.ResourcesUnion#8364], EntityKey[j.index.module.apply.resourcesUnion.entity.ResourcesUnion#8377], EntityKey[j.index.module.apply.resourcesUnion.entity.ResourcesUnion#8378], EntityKey[j.index.module.apply.resourcesUnion.entity.ResourcesUnion#8375], EntityKey[j.index.module.apply.resourcesUnion.entity.ResourcesUnion#8376], EntityKey[j.index.module.apply.resourcesUnion.entity.ResourcesUnion#8373], EntityKey[j.index.module.apply.resourcesUnion.entity.ResourcesUnion#8374], EntityKey[j.index.module.apply.resourcesUnion.entity.ResourcesUnion#8371], EntityKey[j.index.module.apply.resourcesUnion.entity.ResourcesUnion#8372], EntityKey[j.index.module.apply.resourcesUnion.entity.ResourcesUnion#8352], EntityKey[j.index.module.apply.resourcesUnion.entity.ResourcesUnion#8351], EntityKey[j.index.module.apply.resourcesUnion.entity.ResourcesUnion#8354], EntityKey[j.index.module.apply.resourcesUnion.entity.ResourcesUnion#8353], EntityKey[j.index.module.apply.resourcesUnion.entity.ResourcesUnion#8348], EntityKey[j.index.module.apply.resourcesUnion.entity.ResourcesUnion#8347], EntityKey[j.index.module.apply.resourcesUnion.entity.ResourcesUnion#8350], EntityKey[j.index.module.apply.resourcesUnion.entity.ResourcesUnion#8349], EntityKey[j.index.module.apply.resourcesUnion.entity.ResourcesUnion#8360], EntityKey[j.index.module.apply.resourcesUnion.entity.ResourcesUnion#8359], EntityKey[j.index.module.apply.resourcesUnion.entity.ResourcesUnion#8362], EntityKey[j.index.module.apply.resourcesUnion.entity.ResourcesUnion#8361], EntityKey[j.index.module.apply.resourcesUnion.entity.ResourcesUnion#8356], EntityKey[j.index.module.apply.resourcesUnion.entity.ResourcesUnion#8355], EntityKey[j.index.module.apply.resourcesUnion.entity.ResourcesUnion#8358], EntityKey[j.index.module.apply.resourcesUnion.entity.ResourcesUnion#8357], EntityKey[j.index.module.apply.resourcesUnion.entity.ResourcesUnion#8335], EntityKey[j.index.module.apply.resourcesUnion.entity.ResourcesUnion#8336], EntityKey[j.index.module.apply.resourcesUnion.entity.ResourcesUnion#8337], EntityKey[j.index.module.apply.resourcesUnion.entity.ResourcesUnion#8338], EntityKey[j.index.module.apply.resourcesUnion.entity.ResourcesUnion#8331], EntityKey[j.index.module.apply.resourcesUnion.entity.ResourcesUnion#8332], EntityKey[j.index.module.apply.resourcesUnion.entity.ResourcesUnion#8333], EntityKey[j.index.module.apply.resourcesUnion.entity.ResourcesUnion#8334], EntityKey[j.index.module.apply.resourcesUnion.entity.ResourcesUnion#8343], EntityKey[j.index.module.apply.resourcesUnion.entity.ResourcesUnion#8344], EntityKey[j.index.module.apply.resourcesUnion.entity.ResourcesUnion#8345], EntityKey[j.index.module.apply.resourcesUnion.entity.ResourcesUnion#8346], EntityKey[j.index.module.apply.resourcesUnion.entity.ResourcesUnion#8339], EntityKey[j.index.module.apply.resourcesUnion.entity.ResourcesUnion#8340], EntityKey[j.index.module.apply.resourcesUnion.entity.ResourcesUnion#8341], EntityKey[j.index.module.apply.resourcesUnion.entity.ResourcesUnion#8342], EntityKey[j.index.module.apply.resourcesUnion.entity.ResourcesUnion#8581], EntityKey[j.index.module.apply.resourcesUnion.entity.ResourcesUnion#8582], EntityKey[j.index.module.apply.resourcesUnion.entity.ResourcesUnion#8579], EntityKey[j.index.module.apply.resourcesUnion.entity.ResourcesUnion#8580], EntityKey[j.index.module.apply.resourcesUnion.entity.ResourcesUnion#8585], EntityKey[j.index.module.apply.resourcesUnion.entity.ResourcesUnion#8586], EntityKey[j.index.module.apply.resourcesUnion.entity.ResourcesUnion#8583], EntityKey[j.index.module.apply.resourcesUnion.entity.ResourcesUnion#8584], EntityKey[j.index.module.apply.resourcesUnion.entity.ResourcesUnion#8573], EntityKey[j.index.module.apply.resourcesUnion.entity.ResourcesUnion#8574], EntityKey[j.index.module.apply.resourcesUnion.entity.ResourcesUnion#8571], EntityKey[j.index.module.apply.resourcesUnion.entity.ResourcesUnion#8572], EntityKey[j.index.module.apply.resourcesUnion.entity.ResourcesUnion#8577], EntityKey[j.index.module.apply.resourcesUnion.entity.ResourcesUnion#8578], EntityKey[j.index.module.apply.resourcesUnion.entity.ResourcesUnion#8575], EntityKey[j.index.module.apply.resourcesUnion.entity.ResourcesUnion#8576], EntityKey[j.index.module.apply.resourcesUnion.entity.ResourcesUnion#8566], EntityKey[j.index.module.apply.resourcesUnion.entity.ResourcesUnion#8565], EntityKey[j.index.module.apply.resourcesUnion.entity.ResourcesUnion#8564], EntityKey[j.index.module.apply.resourcesUnion.entity.ResourcesUnion#8563], EntityKey[j.index.module.apply.resourcesUnion.entity.ResourcesUnion#8570], EntityKey[j.index.module.apply.resourcesUnion.entity.ResourcesUnion#8569], EntityKey[j.index.module.apply.resourcesUnion.entity.ResourcesUnion#8568], EntityKey[j.index.module.apply.resourcesUnion.entity.ResourcesUnion#8567], EntityKey[j.index.module.apply.resourcesUnion.entity.ResourcesUnion#8558], EntityKey[j.index.module.apply.resourcesUnion.entity.ResourcesUnion#8557], EntityKey[j.index.module.apply.resourcesUnion.entity.ResourcesUnion#8556], EntityKey[j.index.module.apply.resourcesUnion.entity.ResourcesUnion#8555], EntityKey[j.index.module.apply.resourcesUnion.entity.ResourcesUnion#8562], EntityKey[j.index.module.apply.resourcesUnion.entity.ResourcesUnion#8561], EntityKey[j.index.module.apply.resourcesUnion.entity.ResourcesUnion#8560], EntityKey[j.index.module.apply.resourcesUnion.entity.ResourcesUnion#8559], EntityKey[j.index.module.apply.resourcesUnion.entity.ResourcesUnion#8547], EntityKey[j.index.module.apply.resourcesUnion.entity.ResourcesUnion#8548], EntityKey[j.index.module.apply.resourcesUnion.entity.ResourcesUnion#8549], EntityKey[j.index.module.apply.resourcesUnion.entity.ResourcesUnion#8550], EntityKey[j.index.module.apply.resourcesUnion.entity.ResourcesUnion#8551], EntityKey[j.index.module.apply.resourcesUnion.entity.ResourcesUnion#8552], EntityKey[j.index.module.apply.resourcesUnion.entity.ResourcesUnion#8553], EntityKey[j.index.module.apply.resourcesUnion.entity.ResourcesUnion#8554], EntityKey[j.index.module.apply.resourcesUnion.entity.ResourcesUnion#8539], EntityKey[j.index.module.apply.resourcesUnion.entity.ResourcesUnion#8540], EntityKey[j.index.module.apply.resourcesUnion.entity.ResourcesUnion#8541], EntityKey[j.index.module.apply.resourcesUnion.entity.ResourcesUnion#8542], EntityKey[j.index.module.apply.resourcesUnion.entity.ResourcesUnion#8543], EntityKey[j.index.module.apply.resourcesUnion.entity.ResourcesUnion#8544], EntityKey[j.index.module.apply.resourcesUnion.entity.ResourcesUnion#8545], EntityKey[j.index.module.apply.resourcesUnion.entity.ResourcesUnion#8546], EntityKey[j.index.module.apply.resourcesUnion.entity.ResourcesUnion#8532], EntityKey[j.index.module.apply.resourcesUnion.entity.ResourcesUnion#8531], EntityKey[j.index.module.apply.resourcesUnion.entity.ResourcesUnion#8534], EntityKey[j.index.module.apply.resourcesUnion.entity.ResourcesUnion#8533], EntityKey[j.index.module.apply.resourcesUnion.entity.ResourcesUnion#8536], EntityKey[j.index.module.apply.resourcesUnion.entity.ResourcesUnion#8535], EntityKey[j.index.module.apply.resourcesUnion.entity.ResourcesUnion#8538], EntityKey[j.index.module.apply.resourcesUnion.entity.ResourcesUnion#8537], EntityKey[j.index.module.apply.resourcesUnion.entity.ResourcesUnion#8524], EntityKey[j.index.module.apply.resourcesUnion.entity.ResourcesUnion#8523], EntityKey[j.index.module.apply.resourcesUnion.entity.ResourcesUnion#8526], EntityKey[j.index.module.apply.resourcesUnion.entity.ResourcesUnion#8525], EntityKey[j.index.module.apply.resourcesUnion.entity.ResourcesUnion#8528], EntityKey[j.index.module.apply.resourcesUnion.entity.ResourcesUnion#8527], EntityKey[j.index.module.apply.resourcesUnion.entity.ResourcesUnion#8530], EntityKey[j.index.module.apply.resourcesUnion.entity.ResourcesUnion#8529], EntityKey[j.index.module.apply.resourcesUnion.entity.ResourcesUnion#8521], EntityKey[j.index.module.apply.resourcesUnion.entity.ResourcesUnion#8522], EntityKey[j.index.module.apply.resourcesUnion.entity.ResourcesUnion#8519], EntityKey[j.index.module.apply.resourcesUnion.entity.ResourcesUnion#8520], EntityKey[j.index.module.apply.resourcesUnion.entity.ResourcesUnion#8517], EntityKey[j.index.module.apply.resourcesUnion.entity.ResourcesUnion#8518], EntityKey[j.index.module.apply.resourcesUnion.entity.ResourcesUnion#8515], EntityKey[j.index.module.apply.resourcesUnion.entity.ResourcesUnion#8516], EntityKey[j.index.module.apply.resourcesUnion.entity.ResourcesUnion#8513], EntityKey[j.index.module.apply.resourcesUnion.entity.ResourcesUnion#8514], EntityKey[j.index.module.apply.resourcesUnion.entity.ResourcesUnion#8511], EntityKey[j.index.module.apply.resourcesUnion.entity.ResourcesUnion#8512], EntityKey[j.index.module.apply.resourcesUnion.entity.ResourcesUnion#8509], EntityKey[j.index.module.apply.resourcesUnion.entity.ResourcesUnion#8510], EntityKey[j.index.module.apply.resourcesUnion.entity.ResourcesUnion#8507], EntityKey[j.index.module.apply.resourcesUnion.entity.ResourcesUnion#8508], EntityKey[j.index.module.apply.resourcesUnion.entity.ResourcesUnion#8506], EntityKey[j.index.module.apply.resourcesUnion.entity.ResourcesUnion#8505], EntityKey[j.index.module.apply.resourcesUnion.entity.ResourcesUnion#8504], EntityKey[j.index.module.apply.resourcesUnion.entity.ResourcesUnion#8503], EntityKey[j.index.module.apply.resourcesUnion.entity.ResourcesUnion#8502], EntityKey[j.index.module.apply.resourcesUnion.entity.ResourcesUnion#8501], EntityKey[j.index.module.apply.resourcesUnion.entity.ResourcesUnion#8500], EntityKey[j.index.module.apply.resourcesUnion.entity.ResourcesUnion#8499], EntityKey[j.index.module.apply.resourcesUnion.entity.ResourcesUnion#8498], EntityKey[j.index.module.apply.resourcesUnion.entity.ResourcesUnion#8497], EntityKey[j.index.module.apply.resourcesUnion.entity.ResourcesUnion#8496], EntityKey[j.index.module.apply.resourcesUnion.entity.ResourcesUnion#8495], EntityKey[j.index.module.apply.resourcesUnion.entity.ResourcesUnion#8494], EntityKey[j.index.module.apply.resourcesUnion.entity.ResourcesUnion#8493], EntityKey[j.index.module.apply.resourcesUnion.entity.ResourcesUnion#8492], EntityKey[j.index.module.apply.resourcesUnion.entity.ResourcesUnion#8491], EntityKey[j.index.module.apply.resourcesUnion.entity.ResourcesUnion#8487], EntityKey[j.index.module.apply.resourcesUnion.entity.ResourcesUnion#8488], EntityKey[j.index.module.apply.resourcesUnion.entity.ResourcesUnion#8489], EntityKey[j.index.module.apply.resourcesUnion.entity.ResourcesUnion#8490], EntityKey[j.index.module.apply.resourcesUnion.entity.ResourcesUnion#8483], EntityKey[j.index.module.apply.resourcesUnion.entity.ResourcesUnion#8484], EntityKey[j.index.module.apply.resourcesUnion.entity.ResourcesUnion#8485], EntityKey[j.index.module.apply.resourcesUnion.entity.ResourcesUnion#8486], EntityKey[j.index.module.apply.resourcesUnion.entity.ResourcesUnion#8479], EntityKey[j.index.module.apply.resourcesUnion.entity.ResourcesUnion#8480], EntityKey[j.index.module.apply.resourcesUnion.entity.ResourcesUnion#8481], EntityKey[j.index.module.apply.resourcesUnion.entity.ResourcesUnion#8482], EntityKey[j.index.module.apply.resourcesUnion.entity.ResourcesUnion#8475], EntityKey[j.index.module.apply.resourcesUnion.entity.ResourcesUnion#8476], EntityKey[j.index.module.apply.resourcesUnion.entity.ResourcesUnion#8477], EntityKey[j.index.module.apply.resourcesUnion.entity.ResourcesUnion#8478], EntityKey[j.index.module.apply.resourcesUnion.entity.ResourcesUnion#8472], EntityKey[j.index.module.apply.resourcesUnion.entity.ResourcesUnion#8471], EntityKey[j.index.module.apply.resourcesUnion.entity.ResourcesUnion#8474], EntityKey[j.index.module.apply.resourcesUnion.entity.ResourcesUnion#8473], EntityKey[j.index.module.apply.resourcesUnion.entity.ResourcesUnion#8468], EntityKey[j.index.module.apply.resourcesUnion.entity.ResourcesUnion#8467], EntityKey[j.index.module.apply.resourcesUnion.entity.ResourcesUnion#8470], EntityKey[j.index.module.apply.resourcesUnion.entity.ResourcesUnion#8469], EntityKey[j.index.module.apply.resourcesUnion.entity.ResourcesUnion#8464], EntityKey[j.index.module.apply.resourcesUnion.entity.ResourcesUnion#8463], EntityKey[j.index.module.apply.resourcesUnion.entity.ResourcesUnion#8466], EntityKey[j.index.module.apply.resourcesUnion.entity.ResourcesUnion#8465], EntityKey[j.index.module.apply.resourcesUnion.entity.ResourcesUnion#8460], EntityKey[j.index.module.apply.resourcesUnion.entity.ResourcesUnion#8459], EntityKey[j.index.module.apply.resourcesUnion.entity.ResourcesUnion#8462], EntityKey[j.index.module.apply.resourcesUnion.entity.ResourcesUnion#8461], EntityKey[j.index.module.apply.resourcesUnion.entity.ResourcesUnion#7633], EntityKey[j.index.module.apply.resourcesUnion.entity.ResourcesUnion#7634], EntityKey[j.index.module.apply.resourcesUnion.entity.ResourcesUnion#7631], EntityKey[j.index.module.apply.resourcesUnion.entity.ResourcesUnion#7632], EntityKey[j.index.module.apply.resourcesUnion.entity.ResourcesUnion#7629], EntityKey[j.index.module.apply.resourcesUnion.entity.ResourcesUnion#7630], EntityKey[j.index.module.apply.resourcesUnion.entity.ResourcesUnion#7627], EntityKey[j.index.module.apply.resourcesUnion.entity.ResourcesUnion#7628], EntityKey[j.index.module.apply.resourcesUnion.entity.ResourcesUnion#7641], EntityKey[j.index.module.apply.resourcesUnion.entity.ResourcesUnion#7642], EntityKey[j.index.module.apply.resourcesUnion.entity.ResourcesUnion#7639], EntityKey[j.index.module.apply.resourcesUnion.entity.ResourcesUnion#7640], EntityKey[j.index.module.apply.resourcesUnion.entity.ResourcesUnion#7637], EntityKey[j.index.module.apply.resourcesUnion.entity.ResourcesUnion#7638], EntityKey[j.index.module.apply.resourcesUnion.entity.ResourcesUnion#7635], EntityKey[j.index.module.apply.resourcesUnion.entity.ResourcesUnion#7636], EntityKey[j.index.module.apply.resourcesUnion.entity.ResourcesUnion#7650], EntityKey[j.index.module.apply.resourcesUnion.entity.ResourcesUnion#7649], EntityKey[j.index.module.apply.resourcesUnion.entity.ResourcesUnion#7648], EntityKey[j.index.module.apply.resourcesUnion.entity.ResourcesUnion#7647], EntityKey[j.index.module.apply.resourcesUnion.entity.ResourcesUnion#7646], EntityKey[j.index.module.apply.resourcesUnion.entity.ResourcesUnion#7645], EntityKey[j.index.module.apply.resourcesUnion.entity.ResourcesUnion#7644], EntityKey[j.index.module.apply.resourcesUnion.entity.ResourcesUnion#7643], EntityKey[j.index.module.apply.resourcesUnion.entity.ResourcesUnion#7658], EntityKey[j.index.module.apply.resourcesUnion.entity.ResourcesUnion#7657], EntityKey[j.index.module.apply.resourcesUnion.entity.ResourcesUnion#7656], EntityKey[j.index.module.apply.resourcesUnion.entity.ResourcesUnion#7655], EntityKey[j.index.module.apply.resourcesUnion.entity.ResourcesUnion#7654], EntityKey[j.index.module.apply.resourcesUnion.entity.ResourcesUnion#7653], EntityKey[j.index.module.apply.resourcesUnion.entity.ResourcesUnion#7652], EntityKey[j.index.module.apply.resourcesUnion.entity.ResourcesUnion#7651], EntityKey[j.index.module.apply.resourcesUnion.entity.ResourcesUnion#7663], EntityKey[j.index.module.apply.resourcesUnion.entity.ResourcesUnion#7664], EntityKey[j.index.module.apply.resourcesUnion.entity.ResourcesUnion#7665], EntityKey[j.index.module.apply.resourcesUnion.entity.ResourcesUnion#7666], EntityKey[j.index.module.apply.resourcesUnion.entity.ResourcesUnion#7659], EntityKey[j.index.module.apply.resourcesUnion.entity.ResourcesUnion#7660], EntityKey[j.index.module.apply.resourcesUnion.entity.ResourcesUnion#7661], EntityKey[j.index.module.apply.resourcesUnion.entity.ResourcesUnion#7662], EntityKey[j.index.module.apply.resourcesUnion.entity.ResourcesUnion#7671], EntityKey[j.index.module.apply.resourcesUnion.entity.ResourcesUnion#7672], EntityKey[j.index.module.apply.resourcesUnion.entity.ResourcesUnion#7673], EntityKey[j.index.module.apply.resourcesUnion.entity.ResourcesUnion#7674], EntityKey[j.index.module.apply.resourcesUnion.entity.ResourcesUnion#7667], EntityKey[j.index.module.apply.resourcesUnion.entity.ResourcesUnion#7668], EntityKey[j.index.module.apply.resourcesUnion.entity.ResourcesUnion#7669], EntityKey[j.index.module.apply.resourcesUnion.entity.ResourcesUnion#7670], EntityKey[j.index.module.apply.resourcesUnion.entity.ResourcesUnion#7680], EntityKey[j.index.module.apply.resourcesUnion.entity.ResourcesUnion#7679], EntityKey[j.index.module.apply.resourcesUnion.entity.ResourcesUnion#7682], EntityKey[j.index.module.apply.resourcesUnion.entity.ResourcesUnion#7681], EntityKey[j.index.module.apply.resourcesUnion.entity.ResourcesUnion#7676], EntityKey[j.index.module.apply.resourcesUnion.entity.ResourcesUnion#7675], EntityKey[j.index.module.apply.resourcesUnion.entity.ResourcesUnion#7678], EntityKey[j.index.module.apply.resourcesUnion.entity.ResourcesUnion#7677], EntityKey[j.index.module.apply.resourcesUnion.entity.ResourcesUnion#7688], EntityKey[j.index.module.apply.resourcesUnion.entity.ResourcesUnion#7687], EntityKey[j.index.module.apply.resourcesUnion.entity.ResourcesUnion#7690], EntityKey[j.index.module.apply.resourcesUnion.entity.ResourcesUnion#7689], EntityKey[j.index.module.apply.resourcesUnion.entity.ResourcesUnion#7684], EntityKey[j.index.module.apply.resourcesUnion.entity.ResourcesUnion#7683], EntityKey[j.index.module.apply.resourcesUnion.entity.ResourcesUnion#7686], EntityKey[j.index.module.apply.resourcesUnion.entity.ResourcesUnion#7685], EntityKey[j.index.module.apply.resourcesUnion.entity.ResourcesUnion#7565], EntityKey[j.index.module.apply.resourcesUnion.entity.ResourcesUnion#7566], EntityKey[j.index.module.apply.resourcesUnion.entity.ResourcesUnion#7563], EntityKey[j.index.module.apply.resourcesUnion.entity.ResourcesUnion#7564], EntityKey[j.index.module.apply.resourcesUnion.entity.ResourcesUnion#7569], EntityKey[j.index.module.apply.resourcesUnion.entity.ResourcesUnion#7570], EntityKey[j.index.module.apply.resourcesUnion.entity.ResourcesUnion#7567], EntityKey[j.index.module.apply.resourcesUnion.entity.ResourcesUnion#7568], EntityKey[j.index.module.apply.resourcesUnion.entity.ResourcesUnion#7573], EntityKey[j.index.module.apply.resourcesUnion.entity.ResourcesUnion#7574], EntityKey[j.index.module.apply.resourcesUnion.entity.ResourcesUnion#7571], EntityKey[j.index.module.apply.resourcesUnion.entity.ResourcesUnion#7572], EntityKey[j.index.module.apply.resourcesUnion.entity.ResourcesUnion#7577], EntityKey[j.index.module.apply.resourcesUnion.entity.ResourcesUnion#7578], EntityKey[j.index.module.apply.resourcesUnion.entity.ResourcesUnion#7575], EntityKey[j.index.module.apply.resourcesUnion.entity.ResourcesUnion#7576], EntityKey[j.index.module.apply.resourcesUnion.entity.ResourcesUnion#7582], EntityKey[j.index.module.apply.resourcesUnion.entity.ResourcesUnion#7581], EntityKey[j.index.module.apply.resourcesUnion.entity.ResourcesUnion#7580], EntityKey[j.index.module.apply.resourcesUnion.entity.ResourcesUnion#7579], EntityKey[j.index.module.apply.resourcesUnion.entity.ResourcesUnion#7586], EntityKey[j.index.module.apply.resourcesUnion.entity.ResourcesUnion#7585], EntityKey[j.index.module.apply.resourcesUnion.entity.ResourcesUnion#7584], EntityKey[j.index.module.apply.resourcesUnion.entity.ResourcesUnion#7583], EntityKey[j.index.module.apply.resourcesUnion.entity.ResourcesUnion#7590], EntityKey[j.index.module.apply.resourcesUnion.entity.ResourcesUnion#7589], EntityKey[j.index.module.apply.resourcesUnion.entity.ResourcesUnion#7588], EntityKey[j.index.module.apply.resourcesUnion.entity.ResourcesUnion#7587], EntityKey[j.index.module.apply.resourcesUnion.entity.ResourcesUnion#7594], EntityKey[j.index.module.apply.resourcesUnion.entity.ResourcesUnion#7593], EntityKey[j.index.module.apply.resourcesUnion.entity.ResourcesUnion#7592], EntityKey[j.index.module.apply.resourcesUnion.entity.ResourcesUnion#7591], EntityKey[j.index.module.apply.resourcesUnion.entity.ResourcesUnion#7595], EntityKey[j.index.module.apply.resourcesUnion.entity.ResourcesUnion#7596], EntityKey[j.index.module.apply.resourcesUnion.entity.ResourcesUnion#7597], EntityKey[j.index.module.apply.resourcesUnion.entity.ResourcesUnion#7598], EntityKey[j.index.module.apply.resourcesUnion.entity.ResourcesUnion#7599], EntityKey[j.index.module.apply.resourcesUnion.entity.ResourcesUnion#7600], EntityKey[j.index.module.apply.resourcesUnion.entity.ResourcesUnion#7601], EntityKey[j.index.module.apply.resourcesUnion.entity.ResourcesUnion#7602], EntityKey[j.index.module.apply.resourcesUnion.entity.ResourcesUnion#7603], EntityKey[j.index.module.apply.resourcesUnion.entity.ResourcesUnion#7604], EntityKey[j.index.module.apply.resourcesUnion.entity.ResourcesUnion#7605], EntityKey[j.index.module.apply.resourcesUnion.entity.ResourcesUnion#7606], EntityKey[j.index.module.apply.resourcesUnion.entity.ResourcesUnion#7607], EntityKey[j.index.module.apply.resourcesUnion.entity.ResourcesUnion#7608], EntityKey[j.index.module.apply.resourcesUnion.entity.ResourcesUnion#7609], EntityKey[j.index.module.apply.resourcesUnion.entity.ResourcesUnion#7610], EntityKey[j.index.module.apply.resourcesUnion.entity.ResourcesUnion#7612], EntityKey[j.index.module.apply.resourcesUnion.entity.ResourcesUnion#7611], EntityKey[j.index.module.apply.resourcesUnion.entity.ResourcesUnion#7614], EntityKey[j.index.module.apply.resourcesUnion.entity.ResourcesUnion#7613], EntityKey[j.index.module.apply.resourcesUnion.entity.ResourcesUnion#7616], EntityKey[j.index.module.apply.resourcesUnion.entity.ResourcesUnion#7615], EntityKey[j.index.module.apply.resourcesUnion.entity.ResourcesUnion#7618], EntityKey[j.index.module.apply.resourcesUnion.entity.ResourcesUnion#7617], EntityKey[j.index.module.apply.resourcesUnion.entity.ResourcesUnion#7620], EntityKey[j.index.module.apply.resourcesUnion.entity.ResourcesUnion#7619], EntityKey[j.index.module.apply.resourcesUnion.entity.ResourcesUnion#7622], EntityKey[j.index.module.apply.resourcesUnion.entity.ResourcesUnion#7621], EntityKey[j.index.module.apply.resourcesUnion.entity.ResourcesUnion#7624], EntityKey[j.index.module.apply.resourcesUnion.entity.ResourcesUnion#7623], EntityKey[j.index.module.apply.resourcesUnion.entity.ResourcesUnion#7626], EntityKey[j.index.module.apply.resourcesUnion.entity.ResourcesUnion#7625], EntityKey[j.index.module.apply.resourcesUnion.entity.ResourcesUnion#7770], EntityKey[j.index.module.apply.resourcesUnion.entity.ResourcesUnion#7769], EntityKey[j.index.module.apply.resourcesUnion.entity.ResourcesUnion#7768], EntityKey[j.index.module.apply.resourcesUnion.entity.ResourcesUnion#7767], EntityKey[j.index.module.apply.resourcesUnion.entity.ResourcesUnion#7766], EntityKey[j.index.module.apply.resourcesUnion.entity.ResourcesUnion#7765], EntityKey[j.index.module.apply.resourcesUnion.entity.ResourcesUnion#7764], EntityKey[j.index.module.apply.resourcesUnion.entity.ResourcesUnion#7763], EntityKey[j.index.module.apply.resourcesUnion.entity.ResourcesUnion#7762], EntityKey[j.index.module.apply.resourcesUnion.entity.ResourcesUnion#7761], EntityKey[j.index.module.apply.resourcesUnion.entity.ResourcesUnion#7760], EntityKey[j.index.module.apply.resourcesUnion.entity.ResourcesUnion#7759], EntityKey[j.index.module.apply.resourcesUnion.entity.ResourcesUnion#7758], EntityKey[j.index.module.apply.resourcesUnion.entity.ResourcesUnion#7757], EntityKey[j.index.module.apply.resourcesUnion.entity.ResourcesUnion#7756], EntityKey[j.index.module.apply.resourcesUnion.entity.ResourcesUnion#7755], EntityKey[j.index.module.apply.resourcesUnion.entity.ResourcesUnion#7785], EntityKey[j.index.module.apply.resourcesUnion.entity.ResourcesUnion#7786], EntityKey[j.index.module.apply.resourcesUnion.entity.ResourcesUnion#7783], EntityKey[j.index.module.apply.resourcesUnion.entity.ResourcesUnion#7784], EntityKey[j.index.module.apply.resourcesUnion.entity.ResourcesUnion#7781], EntityKey[j.index.module.apply.resourcesUnion.entity.ResourcesUnion#7782], EntityKey[j.index.module.apply.resourcesUnion.entity.ResourcesUnion#7779], EntityKey[j.index.module.apply.resourcesUnion.entity.ResourcesUnion#7780], EntityKey[j.index.module.apply.resourcesUnion.entity.ResourcesUnion#7777], EntityKey[j.index.module.apply.resourcesUnion.entity.ResourcesUnion#7778], EntityKey[j.index.module.apply.resourcesUnion.entity.ResourcesUnion#7775], EntityKey[j.index.module.apply.resourcesUnion.entity.ResourcesUnion#7776], EntityKey[j.index.module.apply.resourcesUnion.entity.ResourcesUnion#7773], EntityKey[j.index.module.apply.resourcesUnion.entity.ResourcesUnion#7774], EntityKey[j.index.module.apply.resourcesUnion.entity.ResourcesUnion#7771], EntityKey[j.index.module.apply.resourcesUnion.entity.ResourcesUnion#7772], EntityKey[j.index.module.apply.resourcesUnion.entity.ResourcesUnion#7800], EntityKey[j.index.module.apply.resourcesUnion.entity.ResourcesUnion#7799], EntityKey[j.index.module.apply.resourcesUnion.entity.ResourcesUnion#7802], EntityKey[j.index.module.apply.resourcesUnion.entity.ResourcesUnion#7801], EntityKey[j.index.module.apply.resourcesUnion.entity.ResourcesUnion#7796], EntityKey[j.index.module.apply.resourcesUnion.entity.ResourcesUnion#7795], EntityKey[j.index.module.apply.resourcesUnion.entity.ResourcesUnion#7798], EntityKey[j.index.module.apply.resourcesUnion.entity.ResourcesUnion#7797], EntityKey[j.index.module.apply.resourcesUnion.entity.ResourcesUnion#7792], EntityKey[j.index.module.apply.resourcesUnion.entity.ResourcesUnion#7791], EntityKey[j.index.module.apply.resourcesUnion.entity.ResourcesUnion#7794], EntityKey[j.index.module.apply.resourcesUnion.entity.ResourcesUnion#7793], EntityKey[j.index.module.apply.resourcesUnion.entity.ResourcesUnion#7788], EntityKey[j.index.module.apply.resourcesUnion.entity.ResourcesUnion#7787], EntityKey[j.index.module.apply.resourcesUnion.entity.ResourcesUnion#7790], EntityKey[j.index.module.apply.resourcesUnion.entity.ResourcesUnion#7789], EntityKey[j.index.module.apply.resourcesUnion.entity.ResourcesUnion#7815], EntityKey[j.index.module.apply.resourcesUnion.entity.ResourcesUnion#7816], EntityKey[j.index.module.apply.resourcesUnion.entity.ResourcesUnion#7817], EntityKey[j.index.module.apply.resourcesUnion.entity.ResourcesUnion#7818], EntityKey[j.index.module.apply.resourcesUnion.entity.ResourcesUnion#7811], EntityKey[j.index.module.apply.resourcesUnion.entity.ResourcesUnion#7812], EntityKey[j.index.module.apply.resourcesUnion.entity.ResourcesUnion#7813], EntityKey[j.index.module.apply.resourcesUnion.entity.ResourcesUnion#7814], EntityKey[j.index.module.apply.resourcesUnion.entity.ResourcesUnion#7807], EntityKey[j.index.module.apply.resourcesUnion.entity.ResourcesUnion#7808], EntityKey[j.index.module.apply.resourcesUnion.entity.ResourcesUnion#7809], EntityKey[j.index.module.apply.resourcesUnion.entity.ResourcesUnion#7810], EntityKey[j.index.module.apply.resourcesUnion.entity.ResourcesUnion#7803], EntityKey[j.index.module.apply.resourcesUnion.entity.ResourcesUnion#7804], EntityKey[j.index.module.apply.resourcesUnion.entity.ResourcesUnion#7805], EntityKey[j.index.module.apply.resourcesUnion.entity.ResourcesUnion#7806], EntityKey[j.index.module.apply.resourcesUnion.entity.ResourcesUnion#7702], EntityKey[j.index.module.apply.resourcesUnion.entity.ResourcesUnion#7701], EntityKey[j.index.module.apply.resourcesUnion.entity.ResourcesUnion#7700], EntityKey[j.index.module.apply.resourcesUnion.entity.ResourcesUnion#7699], EntityKey[j.index.module.apply.resourcesUnion.entity.ResourcesUnion#7706], EntityKey[j.index.module.apply.resourcesUnion.entity.ResourcesUnion#7705], EntityKey[j.index.module.apply.resourcesUnion.entity.ResourcesUnion#7704], EntityKey[j.index.module.apply.resourcesUnion.entity.ResourcesUnion#7703], EntityKey[j.index.module.apply.resourcesUnion.entity.ResourcesUnion#7694], EntityKey[j.index.module.apply.resourcesUnion.entity.ResourcesUnion#7693], EntityKey[j.index.module.apply.resourcesUnion.entity.ResourcesUnion#7692], EntityKey[j.index.module.apply.resourcesUnion.entity.ResourcesUnion#7691], EntityKey[j.index.module.apply.resourcesUnion.entity.ResourcesUnion#7698], EntityKey[j.index.module.apply.resourcesUnion.entity.ResourcesUnion#7697], EntityKey[j.index.module.apply.resourcesUnion.entity.ResourcesUnion#7696], EntityKey[j.index.module.apply.resourcesUnion.entity.ResourcesUnion#7695], EntityKey[j.index.module.apply.resourcesUnion.entity.ResourcesUnion#7717], EntityKey[j.index.module.apply.resourcesUnion.entity.ResourcesUnion#7718], EntityKey[j.index.module.apply.resourcesUnion.entity.ResourcesUnion#7715], EntityKey[j.index.module.apply.resourcesUnion.entity.ResourcesUnion#7716], EntityKey[j.index.module.apply.resourcesUnion.entity.ResourcesUnion#7721], EntityKey[j.index.module.apply.resourcesUnion.entity.ResourcesUnion#7722], EntityKey[j.index.module.apply.resourcesUnion.entity.ResourcesUnion#7719], EntityKey[j.index.module.apply.resourcesUnion.entity.ResourcesUnion#7720], EntityKey[j.index.module.apply.resourcesUnion.entity.ResourcesUnion#7709], EntityKey[j.index.module.apply.resourcesUnion.entity.ResourcesUnion#7710], EntityKey[j.index.module.apply.resourcesUnion.entity.ResourcesUnion#7707], EntityKey[j.index.module.apply.resourcesUnion.entity.ResourcesUnion#7708], EntityKey[j.index.module.apply.resourcesUnion.entity.ResourcesUnion#7713], EntityKey[j.index.module.apply.resourcesUnion.entity.ResourcesUnion#7714], EntityKey[j.index.module.apply.resourcesUnion.entity.ResourcesUnion#7711], EntityKey[j.index.module.apply.resourcesUnion.entity.ResourcesUnion#7712], EntityKey[j.index.module.apply.resourcesUnion.entity.ResourcesUnion#7732], EntityKey[j.index.module.apply.resourcesUnion.entity.ResourcesUnion#7731], EntityKey[j.index.module.apply.resourcesUnion.entity.ResourcesUnion#7734], EntityKey[j.index.module.apply.resourcesUnion.entity.ResourcesUnion#7733], EntityKey[j.index.module.apply.resourcesUnion.entity.ResourcesUnion#7736], EntityKey[j.index.module.apply.resourcesUnion.entity.ResourcesUnion#7735], EntityKey[j.index.module.apply.resourcesUnion.entity.ResourcesUnion#7738], EntityKey[j.index.module.apply.resourcesUnion.entity.ResourcesUnion#7737], EntityKey[j.index.module.apply.resourcesUnion.entity.ResourcesUnion#7724], EntityKey[j.index.module.apply.resourcesUnion.entity.ResourcesUnion#7723], EntityKey[j.index.module.apply.resourcesUnion.entity.ResourcesUnion#7726], EntityKey[j.index.module.apply.resourcesUnion.entity.ResourcesUnion#7725], EntityKey[j.index.module.apply.resourcesUnion.entity.ResourcesUnion#7728], EntityKey[j.index.module.apply.resourcesUnion.entity.ResourcesUnion#7727], EntityKey[j.index.module.apply.resourcesUnion.entity.ResourcesUnion#7730], EntityKey[j.index.module.apply.resourcesUnion.entity.ResourcesUnion#7729], EntityKey[j.index.module.apply.resourcesUnion.entity.ResourcesUnion#7747], EntityKey[j.index.module.apply.resourcesUnion.entity.ResourcesUnion#7748], EntityKey[j.index.module.apply.resourcesUnion.entity.ResourcesUnion#7749], EntityKey[j.index.module.apply.resourcesUnion.entity.ResourcesUnion#7750], EntityKey[j.index.module.apply.resourcesUnion.entity.ResourcesUnion#7751], EntityKey[j.index.module.apply.resourcesUnion.entity.ResourcesUnion#7752], EntityKey[j.index.module.apply.resourcesUnion.entity.ResourcesUnion#7753], EntityKey[j.index.module.apply.resourcesUnion.entity.ResourcesUnion#7754], EntityKey[j.index.module.apply.resourcesUnion.entity.ResourcesUnion#7739], EntityKey[j.index.module.apply.resourcesUnion.entity.ResourcesUnion#7740], EntityKey[j.index.module.apply.resourcesUnion.entity.ResourcesUnion#7741], EntityKey[j.index.module.apply.resourcesUnion.entity.ResourcesUnion#7742], EntityKey[j.index.module.apply.resourcesUnion.entity.ResourcesUnion#7743], EntityKey[j.index.module.apply.resourcesUnion.entity.ResourcesUnion#7744], EntityKey[j.index.module.apply.resourcesUnion.entity.ResourcesUnion#7745], EntityKey[j.index.module.apply.resourcesUnion.entity.ResourcesUnion#7746], EntityKey[j.index.module.apply.resourcesUnion.entity.ResourcesUnion#7904], EntityKey[j.index.module.apply.resourcesUnion.entity.ResourcesUnion#7903], EntityKey[j.index.module.apply.resourcesUnion.entity.ResourcesUnion#7906], EntityKey[j.index.module.apply.resourcesUnion.entity.ResourcesUnion#7905], EntityKey[j.index.module.apply.resourcesUnion.entity.ResourcesUnion#7900], EntityKey[j.index.module.apply.resourcesUnion.entity.ResourcesUnion#7899], EntityKey[j.index.module.apply.resourcesUnion.entity.ResourcesUnion#7902], EntityKey[j.index.module.apply.resourcesUnion.entity.ResourcesUnion#7901], EntityKey[j.index.module.apply.resourcesUnion.entity.ResourcesUnion#7912], EntityKey[j.index.module.apply.resourcesUnion.entity.ResourcesUnion#7911], EntityKey[j.index.module.apply.resourcesUnion.entity.ResourcesUnion#7914], EntityKey[j.index.module.apply.resourcesUnion.entity.ResourcesUnion#7913], EntityKey[j.index.module.apply.resourcesUnion.entity.ResourcesUnion#7908], EntityKey[j.index.module.apply.resourcesUnion.entity.ResourcesUnion#7907], EntityKey[j.index.module.apply.resourcesUnion.entity.ResourcesUnion#7910], EntityKey[j.index.module.apply.resourcesUnion.entity.ResourcesUnion#7909], EntityKey[j.index.module.apply.resourcesUnion.entity.ResourcesUnion#7887], EntityKey[j.index.module.apply.resourcesUnion.entity.ResourcesUnion#7888], EntityKey[j.index.module.apply.resourcesUnion.entity.ResourcesUnion#7889], EntityKey[j.index.module.apply.resourcesUnion.entity.ResourcesUnion#7890], EntityKey[j.index.module.apply.resourcesUnion.entity.ResourcesUnion#7883], EntityKey[j.index.module.apply.resourcesUnion.entity.ResourcesUnion#7884], EntityKey[j.index.module.apply.resourcesUnion.entity.ResourcesUnion#7885], EntityKey[j.index.module.apply.resourcesUnion.entity.ResourcesUnion#7886], EntityKey[j.index.module.apply.resourcesUnion.entity.ResourcesUnion#7895], EntityKey[j.index.module.apply.resourcesUnion.entity.ResourcesUnion#7896], EntityKey[j.index.module.apply.resourcesUnion.entity.ResourcesUnion#7897], EntityKey[j.index.module.apply.resourcesUnion.entity.ResourcesUnion#7898], EntityKey[j.index.module.apply.resourcesUnion.entity.ResourcesUnion#7891], EntityKey[j.index.module.apply.resourcesUnion.entity.ResourcesUnion#7892], EntityKey[j.index.module.apply.resourcesUnion.entity.ResourcesUnion#7893], EntityKey[j.index.module.apply.resourcesUnion.entity.ResourcesUnion#7894], EntityKey[j.index.module.apply.resourcesUnion.entity.ResourcesUnion#7938], EntityKey[j.index.module.apply.resourcesUnion.entity.ResourcesUnion#7937], EntityKey[j.index.module.apply.resourcesUnion.entity.ResourcesUnion#7936], EntityKey[j.index.module.apply.resourcesUnion.entity.ResourcesUnion#7935], EntityKey[j.index.module.apply.resourcesUnion.entity.ResourcesUnion#7934], EntityKey[j.index.module.apply.resourcesUnion.entity.ResourcesUnion#7933], EntityKey[j.index.module.apply.resourcesUnion.entity.ResourcesUnion#7932], EntityKey[j.index.module.apply.resourcesUnion.entity.ResourcesUnion#7931], EntityKey[j.index.module.apply.resourcesUnion.entity.ResourcesUnion#7946], EntityKey[j.index.module.apply.resourcesUnion.entity.ResourcesUnion#7945], EntityKey[j.index.module.apply.resourcesUnion.entity.ResourcesUnion#7944], EntityKey[j.index.module.apply.resourcesUnion.entity.ResourcesUnion#7943], EntityKey[j.index.module.apply.resourcesUnion.entity.ResourcesUnion#7942], EntityKey[j.index.module.apply.resourcesUnion.entity.ResourcesUnion#7941], EntityKey[j.index.module.apply.resourcesUnion.entity.ResourcesUnion#7940], EntityKey[j.index.module.apply.resourcesUnion.entity.ResourcesUnion#7939], EntityKey[j.index.module.apply.resourcesUnion.entity.ResourcesUnion#7921], EntityKey[j.index.module.apply.resourcesUnion.entity.ResourcesUnion#7922], EntityKey[j.index.module.apply.resourcesUnion.entity.ResourcesUnion#7919], EntityKey[j.index.module.apply.resourcesUnion.entity.ResourcesUnion#7920], EntityKey[j.index.module.apply.resourcesUnion.entity.ResourcesUnion#7917], EntityKey[j.index.module.apply.resourcesUnion.entity.ResourcesUnion#7918], EntityKey[j.index.module.apply.resourcesUnion.entity.ResourcesUnion#7915], EntityKey[j.index.module.apply.resourcesUnion.entity.ResourcesUnion#7916], EntityKey[j.index.module.apply.resourcesUnion.entity.ResourcesUnion#7929], EntityKey[j.index.module.apply.resourcesUnion.entity.ResourcesUnion#7930], EntityKey[j.index.module.apply.resourcesUnion.entity.ResourcesUnion#7927], EntityKey[j.index.module.apply.resourcesUnion.entity.ResourcesUnion#7928], EntityKey[j.index.module.apply.resourcesUnion.entity.ResourcesUnion#7925], EntityKey[j.index.module.apply.resourcesUnion.entity.ResourcesUnion#7926], EntityKey[j.index.module.apply.resourcesUnion.entity.ResourcesUnion#7923], EntityKey[j.index.module.apply.resourcesUnion.entity.ResourcesUnion#7924], EntityKey[j.index.module.apply.resourcesUnion.entity.ResourcesUnion#7836], EntityKey[j.index.module.apply.resourcesUnion.entity.ResourcesUnion#7835], EntityKey[j.index.module.apply.resourcesUnion.entity.ResourcesUnion#7838], EntityKey[j.index.module.apply.resourcesUnion.entity.ResourcesUnion#7837], EntityKey[j.index.module.apply.resourcesUnion.entity.ResourcesUnion#7840], EntityKey[j.index.module.apply.resourcesUnion.entity.ResourcesUnion#7839], EntityKey[j.index.module.apply.resourcesUnion.entity.ResourcesUnion#7842], EntityKey[j.index.module.apply.resourcesUnion.entity.ResourcesUnion#7841], EntityKey[j.index.module.apply.resourcesUnion.entity.ResourcesUnion#7844], EntityKey[j.index.module.apply.resourcesUnion.entity.ResourcesUnion#7843], EntityKey[j.index.module.apply.resourcesUnion.entity.ResourcesUnion#7846], EntityKey[j.index.module.apply.resourcesUnion.entity.ResourcesUnion#7845], EntityKey[j.index.module.apply.resourcesUnion.entity.ResourcesUnion#7848], EntityKey[j.index.module.apply.resourcesUnion.entity.ResourcesUnion#7847], EntityKey[j.index.module.apply.resourcesUnion.entity.ResourcesUnion#7850], EntityKey[j.index.module.apply.resourcesUnion.entity.ResourcesUnion#7849], EntityKey[j.index.module.apply.resourcesUnion.entity.ResourcesUnion#7819], EntityKey[j.index.module.apply.resourcesUnion.entity.ResourcesUnion#7820], EntityKey[j.index.module.apply.resourcesUnion.entity.ResourcesUnion#7821], EntityKey[j.index.module.apply.resourcesUnion.entity.ResourcesUnion#7822], EntityKey[j.index.module.apply.resourcesUnion.entity.ResourcesUnion#7823], EntityKey[j.index.module.apply.resourcesUnion.entity.ResourcesUnion#7824], EntityKey[j.index.module.apply.resourcesUnion.entity.ResourcesUnion#7825], EntityKey[j.index.module.apply.resourcesUnion.entity.ResourcesUnion#7826], EntityKey[j.index.module.apply.resourcesUnion.entity.ResourcesUnion#7827], EntityKey[j.index.module.apply.resourcesUnion.entity.ResourcesUnion#7828], EntityKey[j.index.module.apply.resourcesUnion.entity.ResourcesUnion#7829], EntityKey[j.index.module.apply.resourcesUnion.entity.ResourcesUnion#7830], EntityKey[j.index.module.apply.resourcesUnion.entity.ResourcesUnion#7831], EntityKey[j.index.module.apply.resourcesUnion.entity.ResourcesUnion#7832], EntityKey[j.index.module.apply.resourcesUnion.entity.ResourcesUnion#7833], EntityKey[j.index.module.apply.resourcesUnion.entity.ResourcesUnion#7834], EntityKey[j.index.module.apply.resourcesUnion.entity.ResourcesUnion#7870], EntityKey[j.index.module.apply.resourcesUnion.entity.ResourcesUnion#7869], EntityKey[j.index.module.apply.resourcesUnion.entity.ResourcesUnion#7868], EntityKey[j.index.module.apply.resourcesUnion.entity.ResourcesUnion#7867], EntityKey[j.index.module.apply.resourcesUnion.entity.ResourcesUnion#7874], EntityKey[j.index.module.apply.resourcesUnion.entity.ResourcesUnion#7873], EntityKey[j.index.module.apply.resourcesUnion.entity.ResourcesUnion#7872], EntityKey[j.index.module.apply.resourcesUnion.entity.ResourcesUnion#7871], EntityKey[j.index.module.apply.resourcesUnion.entity.ResourcesUnion#7878], EntityKey[j.index.module.apply.resourcesUnion.entity.ResourcesUnion#7877], EntityKey[j.index.module.apply.resourcesUnion.entity.ResourcesUnion#7876], EntityKey[j.index.module.apply.resourcesUnion.entity.ResourcesUnion#7875], EntityKey[j.index.module.apply.resourcesUnion.entity.ResourcesUnion#7882], EntityKey[j.index.module.apply.resourcesUnion.entity.ResourcesUnion#7881], EntityKey[j.index.module.apply.resourcesUnion.entity.ResourcesUnion#7880], EntityKey[j.index.module.apply.resourcesUnion.entity.ResourcesUnion#7879], EntityKey[j.index.module.apply.resourcesUnion.entity.ResourcesUnion#7853], EntityKey[j.index.module.apply.resourcesUnion.entity.ResourcesUnion#7854], EntityKey[j.index.module.apply.resourcesUnion.entity.ResourcesUnion#7851], EntityKey[j.index.module.apply.resourcesUnion.entity.ResourcesUnion#7852], EntityKey[j.index.module.apply.resourcesUnion.entity.ResourcesUnion#7857], EntityKey[j.index.module.apply.resourcesUnion.entity.ResourcesUnion#7858], EntityKey[j.index.module.apply.resourcesUnion.entity.ResourcesUnion#7855], EntityKey[j.index.module.apply.resourcesUnion.entity.ResourcesUnion#7856], EntityKey[j.index.module.apply.resourcesUnion.entity.ResourcesUnion#7861], EntityKey[j.index.module.apply.resourcesUnion.entity.ResourcesUnion#7862], EntityKey[j.index.module.apply.resourcesUnion.entity.ResourcesUnion#7859], EntityKey[j.index.module.apply.resourcesUnion.entity.ResourcesUnion#7860], EntityKey[j.index.module.apply.resourcesUnion.entity.ResourcesUnion#7865], EntityKey[j.index.module.apply.resourcesUnion.entity.ResourcesUnion#7866], EntityKey[j.index.module.apply.resourcesUnion.entity.ResourcesUnion#7863], EntityKey[j.index.module.apply.resourcesUnion.entity.ResourcesUnion#7864], EntityKey[j.index.module.apply.resourcesUnion.entity.ResourcesUnion#8039], EntityKey[j.index.module.apply.resourcesUnion.entity.ResourcesUnion#8040], EntityKey[j.index.module.apply.resourcesUnion.entity.ResourcesUnion#8041], EntityKey[j.index.module.apply.resourcesUnion.entity.ResourcesUnion#8042], EntityKey[j.index.module.apply.resourcesUnion.entity.ResourcesUnion#8035], EntityKey[j.index.module.apply.resourcesUnion.entity.ResourcesUnion#8036], EntityKey[j.index.module.apply.resourcesUnion.entity.ResourcesUnion#8037], EntityKey[j.index.module.apply.resourcesUnion.entity.ResourcesUnion#8038], EntityKey[j.index.module.apply.resourcesUnion.entity.ResourcesUnion#8031], EntityKey[j.index.module.apply.resourcesUnion.entity.ResourcesUnion#8032], EntityKey[j.index.module.apply.resourcesUnion.entity.ResourcesUnion#8033], EntityKey[j.index.module.apply.resourcesUnion.entity.ResourcesUnion#8034], EntityKey[j.index.module.apply.resourcesUnion.entity.ResourcesUnion#8027], EntityKey[j.index.module.apply.resourcesUnion.entity.ResourcesUnion#8028], EntityKey[j.index.module.apply.resourcesUnion.entity.ResourcesUnion#8029], EntityKey[j.index.module.apply.resourcesUnion.entity.ResourcesUnion#8030], EntityKey[j.index.module.apply.resourcesUnion.entity.ResourcesUnion#8024], EntityKey[j.index.module.apply.resourcesUnion.entity.ResourcesUnion#8023], EntityKey[j.index.module.apply.resourcesUnion.entity.ResourcesUnion#8026], EntityKey[j.index.module.apply.resourcesUnion.entity.ResourcesUnion#8025], EntityKey[j.index.module.apply.resourcesUnion.entity.ResourcesUnion#8020], EntityKey[j.index.module.apply.resourcesUnion.entity.ResourcesUnion#8019], EntityKey[j.index.module.apply.resourcesUnion.entity.ResourcesUnion#8022], EntityKey[j.index.module.apply.resourcesUnion.entity.ResourcesUnion#8021], EntityKey[j.index.module.apply.resourcesUnion.entity.ResourcesUnion#8016], EntityKey[j.index.module.apply.resourcesUnion.entity.ResourcesUnion#8015], EntityKey[j.index.module.apply.resourcesUnion.entity.ResourcesUnion#8018], EntityKey[j.index.module.apply.resourcesUnion.entity.ResourcesUnion#8017], EntityKey[j.index.module.apply.resourcesUnion.entity.ResourcesUnion#8012], EntityKey[j.index.module.apply.resourcesUnion.entity.ResourcesUnion#8011], EntityKey[j.index.module.apply.resourcesUnion.entity.ResourcesUnion#8014], EntityKey[j.index.module.apply.resourcesUnion.entity.ResourcesUnion#8013], EntityKey[j.index.module.apply.resourcesUnion.entity.ResourcesUnion#8073], EntityKey[j.index.module.apply.resourcesUnion.entity.ResourcesUnion#8074], EntityKey[j.index.module.apply.resourcesUnion.entity.ResourcesUnion#8071], EntityKey[j.index.module.apply.resourcesUnion.entity.ResourcesUnion#8072], EntityKey[j.index.module.apply.resourcesUnion.entity.ResourcesUnion#8069], EntityKey[j.index.module.apply.resourcesUnion.entity.ResourcesUnion#8070], EntityKey[j.index.module.apply.resourcesUnion.entity.ResourcesUnion#8067], EntityKey[j.index.module.apply.resourcesUnion.entity.ResourcesUnion#8068], EntityKey[j.index.module.apply.resourcesUnion.entity.ResourcesUnion#8065], EntityKey[j.index.module.apply.resourcesUnion.entity.ResourcesUnion#8066], EntityKey[j.index.module.apply.resourcesUnion.entity.ResourcesUnion#8063], EntityKey[j.index.module.apply.resourcesUnion.entity.ResourcesUnion#8064], EntityKey[j.index.module.apply.resourcesUnion.entity.ResourcesUnion#8061], EntityKey[j.index.module.apply.resourcesUnion.entity.ResourcesUnion#8062], EntityKey[j.index.module.apply.resourcesUnion.entity.ResourcesUnion#8059], EntityKey[j.index.module.apply.resourcesUnion.entity.ResourcesUnion#8060], EntityKey[j.index.module.apply.resourcesUnion.entity.ResourcesUnion#8058], EntityKey[j.index.module.apply.resourcesUnion.entity.ResourcesUnion#8057], EntityKey[j.index.module.apply.resourcesUnion.entity.ResourcesUnion#8056], EntityKey[j.index.module.apply.resourcesUnion.entity.ResourcesUnion#8055], EntityKey[j.index.module.apply.resourcesUnion.entity.ResourcesUnion#8054], EntityKey[j.index.module.apply.resourcesUnion.entity.ResourcesUnion#8053], EntityKey[j.index.module.apply.resourcesUnion.entity.ResourcesUnion#8052], EntityKey[j.index.module.apply.resourcesUnion.entity.ResourcesUnion#8051], EntityKey[j.index.module.apply.resourcesUnion.entity.ResourcesUnion#8050], EntityKey[j.index.module.apply.resourcesUnion.entity.ResourcesUnion#8049], EntityKey[j.index.module.apply.resourcesUnion.entity.ResourcesUnion#8048], EntityKey[j.index.module.apply.resourcesUnion.entity.ResourcesUnion#8047], EntityKey[j.index.module.apply.resourcesUnion.entity.ResourcesUnion#8046], EntityKey[j.index.module.apply.resourcesUnion.entity.ResourcesUnion#8045], EntityKey[j.index.module.apply.resourcesUnion.entity.ResourcesUnion#8044], EntityKey[j.index.module.apply.resourcesUnion.entity.ResourcesUnion#8043], EntityKey[j.index.module.apply.resourcesUnion.entity.ResourcesUnion#7971], EntityKey[j.index.module.apply.resourcesUnion.entity.ResourcesUnion#7972], EntityKey[j.index.module.apply.resourcesUnion.entity.ResourcesUnion#7973], EntityKey[j.index.module.apply.resourcesUnion.entity.ResourcesUnion#7974], EntityKey[j.index.module.apply.resourcesUnion.entity.ResourcesUnion#7975], EntityKey[j.index.module.apply.resourcesUnion.entity.ResourcesUnion#7976], EntityKey[j.index.module.apply.resourcesUnion.entity.ResourcesUnion#7977], EntityKey[j.index.module.apply.resourcesUnion.entity.ResourcesUnion#7978], EntityKey[j.index.module.apply.resourcesUnion.entity.ResourcesUnion#7963], EntityKey[j.index.module.apply.resourcesUnion.entity.ResourcesUnion#7964], EntityKey[j.index.module.apply.resourcesUnion.entity.ResourcesUnion#7965], EntityKey[j.index.module.apply.resourcesUnion.entity.ResourcesUnion#7966], EntityKey[j.index.module.apply.resourcesUnion.entity.ResourcesUnion#7967], EntityKey[j.index.module.apply.resourcesUnion.entity.ResourcesUnion#7968], EntityKey[j.index.module.apply.resourcesUnion.entity.ResourcesUnion#7969], EntityKey[j.index.module.apply.resourcesUnion.entity.ResourcesUnion#7970], EntityKey[j.index.module.apply.resourcesUnion.entity.ResourcesUnion#7956], EntityKey[j.index.module.apply.resourcesUnion.entity.ResourcesUnion#7955], EntityKey[j.index.module.apply.resourcesUnion.entity.ResourcesUnion#7958], EntityKey[j.index.module.apply.resourcesUnion.entity.ResourcesUnion#7957], EntityKey[j.index.module.apply.resourcesUnion.entity.ResourcesUnion#7960], EntityKey[j.index.module.apply.resourcesUnion.entity.ResourcesUnion#7959], EntityKey[j.index.module.apply.resourcesUnion.entity.ResourcesUnion#7962], EntityKey[j.index.module.apply.resourcesUnion.entity.ResourcesUnion#7961], EntityKey[j.index.module.apply.resourcesUnion.entity.ResourcesUnion#7948], EntityKey[j.index.module.apply.resourcesUnion.entity.ResourcesUnion#7947], EntityKey[j.index.module.apply.resourcesUnion.entity.ResourcesUnion#7950], EntityKey[j.index.module.apply.resourcesUnion.entity.ResourcesUnion#7949], EntityKey[j.index.module.apply.resourcesUnion.entity.ResourcesUnion#7952], EntityKey[j.index.module.apply.resourcesUnion.entity.ResourcesUnion#7951], EntityKey[j.index.module.apply.resourcesUnion.entity.ResourcesUnion#7954], EntityKey[j.index.module.apply.resourcesUnion.entity.ResourcesUnion#7953], EntityKey[j.index.module.apply.resourcesUnion.entity.ResourcesUnion#8005], EntityKey[j.index.module.apply.resourcesUnion.entity.ResourcesUnion#8006], EntityKey[j.index.module.apply.resourcesUnion.entity.ResourcesUnion#8003], EntityKey[j.index.module.apply.resourcesUnion.entity.ResourcesUnion#8004], EntityKey[j.index.module.apply.resourcesUnion.entity.ResourcesUnion#8009], EntityKey[j.index.module.apply.resourcesUnion.entity.ResourcesUnion#8010], EntityKey[j.index.module.apply.resourcesUnion.entity.ResourcesUnion#8007], EntityKey[j.index.module.apply.resourcesUnion.entity.ResourcesUnion#8008], EntityKey[j.index.module.apply.resourcesUnion.entity.ResourcesUnion#7997], EntityKey[j.index.module.apply.resourcesUnion.entity.ResourcesUnion#7998], EntityKey[j.index.module.apply.resourcesUnion.entity.ResourcesUnion#7995], EntityKey[j.index.module.apply.resourcesUnion.entity.ResourcesUnion#7996], EntityKey[j.index.module.apply.resourcesUnion.entity.ResourcesUnion#8001], EntityKey[j.index.module.apply.resourcesUnion.entity.ResourcesUnion#8002], EntityKey[j.index.module.apply.resourcesUnion.entity.ResourcesUnion#7999], EntityKey[j.index.module.apply.resourcesUnion.entity.ResourcesUnion#8000], EntityKey[j.index.module.apply.resourcesUnion.entity.ResourcesUnion#7990], EntityKey[j.index.module.apply.resourcesUnion.entity.ResourcesUnion#7989], EntityKey[j.index.module.apply.resourcesUnion.entity.ResourcesUnion#7988], EntityKey[j.index.module.apply.resourcesUnion.entity.ResourcesUnion#7987], EntityKey[j.index.module.apply.resourcesUnion.entity.ResourcesUnion#7994], EntityKey[j.index.module.apply.resourcesUnion.entity.ResourcesUnion#7993], EntityKey[j.index.module.apply.resourcesUnion.entity.ResourcesUnion#7992], EntityKey[j.index.module.apply.resourcesUnion.entity.ResourcesUnion#7991], EntityKey[j.index.module.apply.resourcesUnion.entity.ResourcesUnion#7982], EntityKey[j.index.module.apply.resourcesUnion.entity.ResourcesUnion#7981], EntityKey[j.index.module.apply.resourcesUnion.entity.ResourcesUnion#7980], EntityKey[j.index.module.apply.resourcesUnion.entity.ResourcesUnion#7979], EntityKey[j.index.module.apply.resourcesUnion.entity.ResourcesUnion#7986], EntityKey[j.index.module.apply.resourcesUnion.entity.ResourcesUnion#7985], EntityKey[j.index.module.apply.resourcesUnion.entity.ResourcesUnion#7984], EntityKey[j.index.module.apply.resourcesUnion.entity.ResourcesUnion#7983], EntityKey[j.index.module.apply.resourcesUnion.entity.ResourcesUnion#9143], EntityKey[j.index.module.apply.resourcesUnion.entity.ResourcesUnion#9144], EntityKey[j.index.module.apply.resourcesUnion.entity.ResourcesUnion#9145], EntityKey[j.index.module.apply.resourcesUnion.entity.ResourcesUnion#9146], EntityKey[j.index.module.apply.resourcesUnion.entity.ResourcesUnion#9139], EntityKey[j.index.module.apply.resourcesUnion.entity.ResourcesUnion#9140], EntityKey[j.index.module.apply.resourcesUnion.entity.ResourcesUnion#9141], EntityKey[j.index.module.apply.resourcesUnion.entity.ResourcesUnion#9142], EntityKey[j.index.module.apply.resourcesUnion.entity.ResourcesUnion#9135], EntityKey[j.index.module.apply.resourcesUnion.entity.ResourcesUnion#9136], EntityKey[j.index.module.apply.resourcesUnion.entity.ResourcesUnion#9137], EntityKey[j.index.module.apply.resourcesUnion.entity.ResourcesUnion#9138], EntityKey[j.index.module.apply.resourcesUnion.entity.ResourcesUnion#9131], EntityKey[j.index.module.apply.resourcesUnion.entity.ResourcesUnion#9132], EntityKey[j.index.module.apply.resourcesUnion.entity.ResourcesUnion#9133], EntityKey[j.index.module.apply.resourcesUnion.entity.ResourcesUnion#9134], EntityKey[j.index.module.apply.resourcesUnion.entity.ResourcesUnion#9160], EntityKey[j.index.module.apply.resourcesUnion.entity.ResourcesUnion#9159], EntityKey[j.index.module.apply.resourcesUnion.entity.ResourcesUnion#9162], EntityKey[j.index.module.apply.resourcesUnion.entity.ResourcesUnion#9161], EntityKey[j.index.module.apply.resourcesUnion.entity.ResourcesUnion#9156], EntityKey[j.index.module.apply.resourcesUnion.entity.ResourcesUnion#9155], EntityKey[j.index.module.apply.resourcesUnion.entity.ResourcesUnion#9158], EntityKey[j.index.module.apply.resourcesUnion.entity.ResourcesUnion#9157], EntityKey[j.index.module.apply.resourcesUnion.entity.ResourcesUnion#9152], EntityKey[j.index.module.apply.resourcesUnion.entity.ResourcesUnion#9151], EntityKey[j.index.module.apply.resourcesUnion.entity.ResourcesUnion#9154], EntityKey[j.index.module.apply.resourcesUnion.entity.ResourcesUnion#9153], EntityKey[j.index.module.apply.resourcesUnion.entity.ResourcesUnion#9148], EntityKey[j.index.module.apply.resourcesUnion.entity.ResourcesUnion#9147], EntityKey[j.index.module.apply.resourcesUnion.entity.ResourcesUnion#9150], EntityKey[j.index.module.apply.resourcesUnion.entity.ResourcesUnion#9149], EntityKey[j.index.module.apply.resourcesUnion.entity.ResourcesUnion#9113], EntityKey[j.index.module.apply.resourcesUnion.entity.ResourcesUnion#9114], EntityKey[j.index.module.apply.resourcesUnion.entity.ResourcesUnion#9111], EntityKey[j.index.module.apply.resourcesUnion.entity.ResourcesUnion#9112], EntityKey[j.index.module.apply.resourcesUnion.entity.ResourcesUnion#9109], EntityKey[j.index.module.apply.resourcesUnion.entity.ResourcesUnion#9110], EntityKey[j.index.module.apply.resourcesUnion.entity.ResourcesUnion#9107], EntityKey[j.index.module.apply.resourcesUnion.entity.ResourcesUnion#9108], EntityKey[j.index.module.apply.resourcesUnion.entity.ResourcesUnion#9105], EntityKey[j.index.module.apply.resourcesUnion.entity.ResourcesUnion#9106], EntityKey[j.index.module.apply.resourcesUnion.entity.ResourcesUnion#9103], EntityKey[j.index.module.apply.resourcesUnion.entity.ResourcesUnion#9104], EntityKey[j.index.module.apply.resourcesUnion.entity.ResourcesUnion#9101], EntityKey[j.index.module.apply.resourcesUnion.entity.ResourcesUnion#9102], EntityKey[j.index.module.apply.resourcesUnion.entity.ResourcesUnion#9099], EntityKey[j.index.module.apply.resourcesUnion.entity.ResourcesUnion#9100], EntityKey[j.index.module.apply.resourcesUnion.entity.ResourcesUnion#9130], EntityKey[j.index.module.apply.resourcesUnion.entity.ResourcesUnion#9129], EntityKey[j.index.module.apply.resourcesUnion.entity.ResourcesUnion#9128], EntityKey[j.index.module.apply.resourcesUnion.entity.ResourcesUnion#9127], EntityKey[j.index.module.apply.resourcesUnion.entity.ResourcesUnion#9126], EntityKey[j.index.module.apply.resourcesUnion.entity.ResourcesUnion#9125], EntityKey[j.index.module.apply.resourcesUnion.entity.ResourcesUnion#9124], EntityKey[j.index.module.apply.resourcesUnion.entity.ResourcesUnion#9123], EntityKey[j.index.module.apply.resourcesUnion.entity.ResourcesUnion#9122], EntityKey[j.index.module.apply.resourcesUnion.entity.ResourcesUnion#9121], EntityKey[j.index.module.apply.resourcesUnion.entity.ResourcesUnion#9120], EntityKey[j.index.module.apply.resourcesUnion.entity.ResourcesUnion#9119], EntityKey[j.index.module.apply.resourcesUnion.entity.ResourcesUnion#9118], EntityKey[j.index.module.apply.resourcesUnion.entity.ResourcesUnion#9117], EntityKey[j.index.module.apply.resourcesUnion.entity.ResourcesUnion#9116], EntityKey[j.index.module.apply.resourcesUnion.entity.ResourcesUnion#9115], EntityKey[j.index.module.apply.resourcesUnion.entity.ResourcesUnion#9203], EntityKey[j.index.module.apply.resourcesUnion.entity.ResourcesUnion#9204], EntityKey[j.index.module.apply.resourcesUnion.entity.ResourcesUnion#9205], EntityKey[j.index.module.apply.resourcesUnion.entity.ResourcesUnion#9206], EntityKey[j.index.module.apply.resourcesUnion.entity.ResourcesUnion#9207], EntityKey[j.index.module.apply.resourcesUnion.entity.ResourcesUnion#9208], EntityKey[j.index.module.apply.resourcesUnion.entity.ResourcesUnion#9209], EntityKey[j.index.module.apply.resourcesUnion.entity.ResourcesUnion#9210], EntityKey[j.index.module.apply.resourcesUnion.entity.ResourcesUnion#9195], EntityKey[j.index.module.apply.resourcesUnion.entity.ResourcesUnion#9196], EntityKey[j.index.module.apply.resourcesUnion.entity.ResourcesUnion#9197], EntityKey[j.index.module.apply.resourcesUnion.entity.ResourcesUnion#9198], EntityKey[j.index.module.apply.resourcesUnion.entity.ResourcesUnion#9199], EntityKey[j.index.module.apply.resourcesUnion.entity.ResourcesUnion#9200], EntityKey[j.index.module.apply.resourcesUnion.entity.ResourcesUnion#9201], EntityKey[j.index.module.apply.resourcesUnion.entity.ResourcesUnion#9202], EntityKey[j.index.module.apply.resourcesUnion.entity.ResourcesUnion#9220], EntityKey[j.index.module.apply.resourcesUnion.entity.ResourcesUnion#9219], EntityKey[j.index.module.apply.resourcesUnion.entity.ResourcesUnion#9222], EntityKey[j.index.module.apply.resourcesUnion.entity.ResourcesUnion#9221], EntityKey[j.index.module.apply.resourcesUnion.entity.ResourcesUnion#9224], EntityKey[j.index.module.apply.resourcesUnion.entity.ResourcesUnion#9223], EntityKey[j.index.module.apply.resourcesUnion.entity.ResourcesUnion#9226], EntityKey[j.index.module.apply.resourcesUnion.entity.ResourcesUnion#9225], EntityKey[j.index.module.apply.resourcesUnion.entity.ResourcesUnion#9212], EntityKey[j.index.module.apply.resourcesUnion.entity.ResourcesUnion#9211], EntityKey[j.index.module.apply.resourcesUnion.entity.ResourcesUnion#9214], EntityKey[j.index.module.apply.resourcesUnion.entity.ResourcesUnion#9213], EntityKey[j.index.module.apply.resourcesUnion.entity.ResourcesUnion#9216], EntityKey[j.index.module.apply.resourcesUnion.entity.ResourcesUnion#9215], EntityKey[j.index.module.apply.resourcesUnion.entity.ResourcesUnion#9218], EntityKey[j.index.module.apply.resourcesUnion.entity.ResourcesUnion#9217], EntityKey[j.index.module.apply.resourcesUnion.entity.ResourcesUnion#9173], EntityKey[j.index.module.apply.resourcesUnion.entity.ResourcesUnion#9174], EntityKey[j.index.module.apply.resourcesUnion.entity.ResourcesUnion#9171], EntityKey[j.index.module.apply.resourcesUnion.entity.ResourcesUnion#9172], EntityKey[j.index.module.apply.resourcesUnion.entity.ResourcesUnion#9177], EntityKey[j.index.module.apply.resourcesUnion.entity.ResourcesUnion#9178], EntityKey[j.index.module.apply.resourcesUnion.entity.ResourcesUnion#9175], EntityKey[j.index.module.apply.resourcesUnion.entity.ResourcesUnion#9176], EntityKey[j.index.module.apply.resourcesUnion.entity.ResourcesUnion#9165], EntityKey[j.index.module.apply.resourcesUnion.entity.ResourcesUnion#9166], EntityKey[j.index.module.apply.resourcesUnion.entity.ResourcesUnion#9163], EntityKey[j.index.module.apply.resourcesUnion.entity.ResourcesUnion#9164], EntityKey[j.index.module.apply.resourcesUnion.entity.ResourcesUnion#9169], EntityKey[j.index.module.apply.resourcesUnion.entity.ResourcesUnion#9170], EntityKey[j.index.module.apply.resourcesUnion.entity.ResourcesUnion#9167], EntityKey[j.index.module.apply.resourcesUnion.entity.ResourcesUnion#9168], EntityKey[j.index.module.apply.resourcesUnion.entity.ResourcesUnion#9190], EntityKey[j.index.module.apply.resourcesUnion.entity.ResourcesUnion#9189], EntityKey[j.index.module.apply.resourcesUnion.entity.ResourcesUnion#9188], EntityKey[j.index.module.apply.resourcesUnion.entity.ResourcesUnion#9187], EntityKey[j.index.module.apply.resourcesUnion.entity.ResourcesUnion#9194], EntityKey[j.index.module.apply.resourcesUnion.entity.ResourcesUnion#9193], EntityKey[j.index.module.apply.resourcesUnion.entity.ResourcesUnion#9192], EntityKey[j.index.module.apply.resourcesUnion.entity.ResourcesUnion#9191], EntityKey[j.index.module.apply.resourcesUnion.entity.ResourcesUnion#9182], EntityKey[j.index.module.apply.resourcesUnion.entity.ResourcesUnion#9181], EntityKey[j.index.module.apply.resourcesUnion.entity.ResourcesUnion#9180], EntityKey[j.index.module.apply.resourcesUnion.entity.ResourcesUnion#9179], EntityKey[j.index.module.apply.resourcesUnion.entity.ResourcesUnion#9186], EntityKey[j.index.module.apply.resourcesUnion.entity.ResourcesUnion#9185], EntityKey[j.index.module.apply.resourcesUnion.entity.ResourcesUnion#9184], EntityKey[j.index.module.apply.resourcesUnion.entity.ResourcesUnion#9183], EntityKey[j.index.module.apply.resourcesUnion.entity.ResourcesUnion#9264], EntityKey[j.index.module.apply.resourcesUnion.entity.ResourcesUnion#9263], EntityKey[j.index.module.apply.resourcesUnion.entity.ResourcesUnion#9266], EntityKey[j.index.module.apply.resourcesUnion.entity.ResourcesUnion#9265], EntityKey[j.index.module.apply.resourcesUnion.entity.ResourcesUnion#9260], EntityKey[j.index.module.apply.resourcesUnion.entity.ResourcesUnion#9259], EntityKey[j.index.module.apply.resourcesUnion.entity.ResourcesUnion#9262], EntityKey[j.index.module.apply.resourcesUnion.entity.ResourcesUnion#9261], EntityKey[j.index.module.apply.resourcesUnion.entity.ResourcesUnion#9272], EntityKey[j.index.module.apply.resourcesUnion.entity.ResourcesUnion#9271], EntityKey[j.index.module.apply.resourcesUnion.entity.ResourcesUnion#9274], EntityKey[j.index.module.apply.resourcesUnion.entity.ResourcesUnion#9273], EntityKey[j.index.module.apply.resourcesUnion.entity.ResourcesUnion#9268], EntityKey[j.index.module.apply.resourcesUnion.entity.ResourcesUnion#9267], EntityKey[j.index.module.apply.resourcesUnion.entity.ResourcesUnion#9270], EntityKey[j.index.module.apply.resourcesUnion.entity.ResourcesUnion#9269], EntityKey[j.index.module.apply.resourcesUnion.entity.ResourcesUnion#9279], EntityKey[j.index.module.apply.resourcesUnion.entity.ResourcesUnion#9280], EntityKey[j.index.module.apply.resourcesUnion.entity.ResourcesUnion#9281], EntityKey[j.index.module.apply.resourcesUnion.entity.ResourcesUnion#9282], EntityKey[j.index.module.apply.resourcesUnion.entity.ResourcesUnion#9275], EntityKey[j.index.module.apply.resourcesUnion.entity.ResourcesUnion#9276], EntityKey[j.index.module.apply.resourcesUnion.entity.ResourcesUnion#9277], EntityKey[j.index.module.apply.resourcesUnion.entity.ResourcesUnion#9278], EntityKey[j.index.module.apply.resourcesUnion.entity.ResourcesUnion#9287], EntityKey[j.index.module.apply.resourcesUnion.entity.ResourcesUnion#9288], EntityKey[j.index.module.apply.resourcesUnion.entity.ResourcesUnion#9289], EntityKey[j.index.module.apply.resourcesUnion.entity.ResourcesUnion#9290], EntityKey[j.index.module.apply.resourcesUnion.entity.ResourcesUnion#9283], EntityKey[j.index.module.apply.resourcesUnion.entity.ResourcesUnion#9284], EntityKey[j.index.module.apply.resourcesUnion.entity.ResourcesUnion#9285], EntityKey[j.index.module.apply.resourcesUnion.entity.ResourcesUnion#9286], EntityKey[j.index.module.apply.resourcesUnion.entity.ResourcesUnion#9234], EntityKey[j.index.module.apply.resourcesUnion.entity.ResourcesUnion#9233], EntityKey[j.index.module.apply.resourcesUnion.entity.ResourcesUnion#9232], EntityKey[j.index.module.apply.resourcesUnion.entity.ResourcesUnion#9231], EntityKey[j.index.module.apply.resourcesUnion.entity.ResourcesUnion#9230], EntityKey[j.index.module.apply.resourcesUnion.entity.ResourcesUnion#9229], EntityKey[j.index.module.apply.resourcesUnion.entity.ResourcesUnion#9228], EntityKey[j.index.module.apply.resourcesUnion.entity.ResourcesUnion#9227], EntityKey[j.index.module.apply.resourcesUnion.entity.ResourcesUnion#9242], EntityKey[j.index.module.apply.resourcesUnion.entity.ResourcesUnion#9241], EntityKey[j.index.module.apply.resourcesUnion.entity.ResourcesUnion#9240], EntityKey[j.index.module.apply.resourcesUnion.entity.ResourcesUnion#9239], EntityKey[j.index.module.apply.resourcesUnion.entity.ResourcesUnion#9238], EntityKey[j.index.module.apply.resourcesUnion.entity.ResourcesUnion#9237], EntityKey[j.index.module.apply.resourcesUnion.entity.ResourcesUnion#9236], EntityKey[j.index.module.apply.resourcesUnion.entity.ResourcesUnion#9235], EntityKey[j.index.module.apply.resourcesUnion.entity.ResourcesUnion#9249], EntityKey[j.index.module.apply.resourcesUnion.entity.ResourcesUnion#9250], EntityKey[j.index.module.apply.resourcesUnion.entity.ResourcesUnion#9247], EntityKey[j.index.module.apply.resourcesUnion.entity.ResourcesUnion#9248], EntityKey[j.index.module.apply.resourcesUnion.entity.ResourcesUnion#9245], EntityKey[j.index.module.apply.resourcesUnion.entity.ResourcesUnion#9246], EntityKey[j.index.module.apply.resourcesUnion.entity.ResourcesUnion#9243], EntityKey[j.index.module.apply.resourcesUnion.entity.ResourcesUnion#9244], EntityKey[j.index.module.apply.resourcesUnion.entity.ResourcesUnion#9257], EntityKey[j.index.module.apply.resourcesUnion.entity.ResourcesUnion#9258], EntityKey[j.index.module.apply.resourcesUnion.entity.ResourcesUnion#9255], EntityKey[j.index.module.apply.resourcesUnion.entity.ResourcesUnion#9256], EntityKey[j.index.module.apply.resourcesUnion.entity.ResourcesUnion#9253], EntityKey[j.index.module.apply.resourcesUnion.entity.ResourcesUnion#9254], EntityKey[j.index.module.apply.resourcesUnion.entity.ResourcesUnion#9251], EntityKey[j.index.module.apply.resourcesUnion.entity.ResourcesUnion#9252], EntityKey[j.index.module.apply.resourcesUnion.entity.ResourcesUnion#9324], EntityKey[j.index.module.apply.resourcesUnion.entity.ResourcesUnion#9323], EntityKey[j.index.module.apply.resourcesUnion.entity.ResourcesUnion#9326], EntityKey[j.index.module.apply.resourcesUnion.entity.ResourcesUnion#9325], EntityKey[j.index.module.apply.resourcesUnion.entity.ResourcesUnion#9328], EntityKey[j.index.module.apply.resourcesUnion.entity.ResourcesUnion#9327], EntityKey[j.index.module.apply.resourcesUnion.entity.ResourcesUnion#9330], EntityKey[j.index.module.apply.resourcesUnion.entity.ResourcesUnion#9329], EntityKey[j.index.module.apply.resourcesUnion.entity.ResourcesUnion#9332], EntityKey[j.index.module.apply.resourcesUnion.entity.ResourcesUnion#9331], EntityKey[j.index.module.apply.resourcesUnion.entity.ResourcesUnion#9334], EntityKey[j.index.module.apply.resourcesUnion.entity.ResourcesUnion#9333], EntityKey[j.index.module.apply.resourcesUnion.entity.ResourcesUnion#9336], EntityKey[j.index.module.apply.resourcesUnion.entity.ResourcesUnion#9335], EntityKey[j.index.module.apply.resourcesUnion.entity.ResourcesUnion#9338], EntityKey[j.index.module.apply.resourcesUnion.entity.ResourcesUnion#9337], EntityKey[j.index.module.apply.resourcesUnion.entity.ResourcesUnion#9339], EntityKey[j.index.module.apply.resourcesUnion.entity.ResourcesUnion#9340], EntityKey[j.index.module.apply.resourcesUnion.entity.ResourcesUnion#9341], EntityKey[j.index.module.apply.resourcesUnion.entity.ResourcesUnion#9342], EntityKey[j.index.module.apply.resourcesUnion.entity.ResourcesUnion#9343], EntityKey[j.index.module.apply.resourcesUnion.entity.ResourcesUnion#9344], EntityKey[j.index.module.apply.resourcesUnion.entity.ResourcesUnion#9345], EntityKey[j.index.module.apply.resourcesUnion.entity.ResourcesUnion#9346], EntityKey[j.index.module.apply.resourcesUnion.entity.ResourcesUnion#9347], EntityKey[j.index.module.apply.resourcesUnion.entity.ResourcesUnion#9348], EntityKey[j.index.module.apply.resourcesUnion.entity.ResourcesUnion#9349], EntityKey[j.index.module.apply.resourcesUnion.entity.ResourcesUnion#9350], EntityKey[j.index.module.apply.resourcesUnion.entity.ResourcesUnion#9351], EntityKey[j.index.module.apply.resourcesUnion.entity.ResourcesUnion#9352], EntityKey[j.index.module.apply.resourcesUnion.entity.ResourcesUnion#9353], EntityKey[j.index.module.apply.resourcesUnion.entity.ResourcesUnion#9354], EntityKey[j.index.module.apply.resourcesUnion.entity.ResourcesUnion#9294], EntityKey[j.index.module.apply.resourcesUnion.entity.ResourcesUnion#9293], EntityKey[j.index.module.apply.resourcesUnion.entity.ResourcesUnion#9292], EntityKey[j.index.module.apply.resourcesUnion.entity.ResourcesUnion#9291], EntityKey[j.index.module.apply.resourcesUnion.entity.ResourcesUnion#9298], EntityKey[j.index.module.apply.resourcesUnion.entity.ResourcesUnion#9297], EntityKey[j.index.module.apply.resourcesUnion.entity.ResourcesUnion#9296], EntityKey[j.index.module.apply.resourcesUnion.entity.ResourcesUnion#9295], EntityKey[j.index.module.apply.resourcesUnion.entity.ResourcesUnion#9302], EntityKey[j.index.module.apply.resourcesUnion.entity.ResourcesUnion#9301], EntityKey[j.index.module.apply.resourcesUnion.entity.ResourcesUnion#9300], EntityKey[j.index.module.apply.resourcesUnion.entity.ResourcesUnion#9299], EntityKey[j.index.module.apply.resourcesUnion.entity.ResourcesUnion#9306], EntityKey[j.index.module.apply.resourcesUnion.entity.ResourcesUnion#9305], EntityKey[j.index.module.apply.resourcesUnion.entity.ResourcesUnion#9304], EntityKey[j.index.module.apply.resourcesUnion.entity.ResourcesUnion#9303], EntityKey[j.index.module.apply.resourcesUnion.entity.ResourcesUnion#9309], EntityKey[j.index.module.apply.resourcesUnion.entity.ResourcesUnion#9310], EntityKey[j.index.module.apply.resourcesUnion.entity.ResourcesUnion#9307], EntityKey[j.index.module.apply.resourcesUnion.entity.ResourcesUnion#9308], EntityKey[j.index.module.apply.resourcesUnion.entity.ResourcesUnion#9313], EntityKey[j.index.module.apply.resourcesUnion.entity.ResourcesUnion#9314], EntityKey[j.index.module.apply.resourcesUnion.entity.ResourcesUnion#9311], EntityKey[j.index.module.apply.resourcesUnion.entity.ResourcesUnion#9312], EntityKey[j.index.module.apply.resourcesUnion.entity.ResourcesUnion#9317], EntityKey[j.index.module.apply.resourcesUnion.entity.ResourcesUnion#9318], EntityKey[j.index.module.apply.resourcesUnion.entity.ResourcesUnion#9315], EntityKey[j.index.module.apply.resourcesUnion.entity.ResourcesUnion#9316], EntityKey[j.index.module.apply.resourcesUnion.entity.ResourcesUnion#9321], EntityKey[j.index.module.apply.resourcesUnion.entity.ResourcesUnion#9322], EntityKey[j.index.module.apply.resourcesUnion.entity.ResourcesUnion#9319], EntityKey[j.index.module.apply.resourcesUnion.entity.ResourcesUnion#9320], EntityKey[j.index.module.apply.resourcesUnion.entity.ResourcesUnion#9418], EntityKey[j.index.module.apply.resourcesUnion.entity.ResourcesUnion#9417], EntityKey[j.index.module.apply.resourcesUnion.entity.ResourcesUnion#9416], EntityKey[j.index.module.apply.resourcesUnion.entity.ResourcesUnion#9415], EntityKey[j.index.module.apply.resourcesUnion.entity.ResourcesUnion#9414], EntityKey[j.index.module.apply.resourcesUnion.entity.ResourcesUnion#9413], EntityKey[j.index.module.apply.resourcesUnion.entity.ResourcesUnion#9412], EntityKey[j.index.module.apply.resourcesUnion.entity.ResourcesUnion#9411], EntityKey[j.index.module.apply.resourcesUnion.entity.ResourcesUnion#9410], EntityKey[j.index.module.apply.resourcesUnion.entity.ResourcesUnion#9409], EntityKey[j.index.module.apply.resourcesUnion.entity.ResourcesUnion#9408], EntityKey[j.index.module.apply.resourcesUnion.entity.ResourcesUnion#9407], EntityKey[j.index.module.apply.resourcesUnion.entity.ResourcesUnion#9406], EntityKey[j.index.module.apply.resourcesUnion.entity.ResourcesUnion#9405], EntityKey[j.index.module.apply.resourcesUnion.entity.ResourcesUnion#9404], EntityKey[j.index.module.apply.resourcesUnion.entity.ResourcesUnion#9403], EntityKey[j.index.module.apply.resourcesUnion.entity.ResourcesUnion#9401], EntityKey[j.index.module.apply.resourcesUnion.entity.ResourcesUnion#9402], EntityKey[j.index.module.apply.resourcesUnion.entity.ResourcesUnion#9399], EntityKey[j.index.module.apply.resourcesUnion.entity.ResourcesUnion#9400], EntityKey[j.index.module.apply.resourcesUnion.entity.ResourcesUnion#9397], EntityKey[j.index.module.apply.resourcesUnion.entity.ResourcesUnion#9398], EntityKey[j.index.module.apply.resourcesUnion.entity.ResourcesUnion#9395], EntityKey[j.index.module.apply.resourcesUnion.entity.ResourcesUnion#9396], EntityKey[j.index.module.apply.resourcesUnion.entity.ResourcesUnion#9393], EntityKey[j.index.module.apply.resourcesUnion.entity.ResourcesUnion#9394], EntityKey[j.index.module.apply.resourcesUnion.entity.ResourcesUnion#9391], EntityKey[j.index.module.apply.resourcesUnion.entity.ResourcesUnion#9392], EntityKey[j.index.module.apply.resourcesUnion.entity.ResourcesUnion#9389], EntityKey[j.index.module.apply.resourcesUnion.entity.ResourcesUnion#9390], EntityKey[j.index.module.apply.resourcesUnion.entity.ResourcesUnion#9387], EntityKey[j.index.module.apply.resourcesUnion.entity.ResourcesUnion#9388], EntityKey[j.index.module.apply.resourcesUnion.entity.ResourcesUnion#9384], EntityKey[j.index.module.apply.resourcesUnion.entity.ResourcesUnion#9383], EntityKey[j.index.module.apply.resourcesUnion.entity.ResourcesUnion#9386], EntityKey[j.index.module.apply.resourcesUnion.entity.ResourcesUnion#9385], EntityKey[j.index.module.apply.resourcesUnion.entity.ResourcesUnion#9380], EntityKey[j.index.module.apply.resourcesUnion.entity.ResourcesUnion#9379], EntityKey[j.index.module.apply.resourcesUnion.entity.ResourcesUnion#9382], EntityKey[j.index.module.apply.resourcesUnion.entity.ResourcesUnion#9381], EntityKey[j.index.module.apply.resourcesUnion.entity.ResourcesUnion#9376], EntityKey[j.index.module.apply.resourcesUnion.entity.ResourcesUnion#9375], EntityKey[j.index.module.apply.resourcesUnion.entity.ResourcesUnion#9378], EntityKey[j.index.module.apply.resourcesUnion.entity.ResourcesUnion#9377], EntityKey[j.index.module.apply.resourcesUnion.entity.ResourcesUnion#9372], EntityKey[j.index.module.apply.resourcesUnion.entity.ResourcesUnion#9371], EntityKey[j.index.module.apply.resourcesUnion.entity.ResourcesUnion#9374], EntityKey[j.index.module.apply.resourcesUnion.entity.ResourcesUnion#9373], EntityKey[j.index.module.apply.resourcesUnion.entity.ResourcesUnion#9367], EntityKey[j.index.module.apply.resourcesUnion.entity.ResourcesUnion#9368], EntityKey[j.index.module.apply.resourcesUnion.entity.ResourcesUnion#9369], EntityKey[j.index.module.apply.resourcesUnion.entity.ResourcesUnion#9370], EntityKey[j.index.module.apply.resourcesUnion.entity.ResourcesUnion#9363], EntityKey[j.index.module.apply.resourcesUnion.entity.ResourcesUnion#9364], EntityKey[j.index.module.apply.resourcesUnion.entity.ResourcesUnion#9365], EntityKey[j.index.module.apply.resourcesUnion.entity.ResourcesUnion#9366], EntityKey[j.index.module.apply.resourcesUnion.entity.ResourcesUnion#9359], EntityKey[j.index.module.apply.resourcesUnion.entity.ResourcesUnion#9360], EntityKey[j.index.module.apply.resourcesUnion.entity.ResourcesUnion#9361], EntityKey[j.index.module.apply.resourcesUnion.entity.ResourcesUnion#9362], EntityKey[j.index.module.apply.resourcesUnion.entity.ResourcesUnion#9355], EntityKey[j.index.module.apply.resourcesUnion.entity.ResourcesUnion#9356], EntityKey[j.index.module.apply.resourcesUnion.entity.ResourcesUnion#9357], EntityKey[j.index.module.apply.resourcesUnion.entity.ResourcesUnion#9358], EntityKey[j.index.module.apply.resourcesUnion.entity.ResourcesUnion#9478], EntityKey[j.index.module.apply.resourcesUnion.entity.ResourcesUnion#9477], EntityKey[j.index.module.apply.resourcesUnion.entity.ResourcesUnion#9476], EntityKey[j.index.module.apply.resourcesUnion.entity.ResourcesUnion#9475], EntityKey[j.index.module.apply.resourcesUnion.entity.ResourcesUnion#9482], EntityKey[j.index.module.apply.resourcesUnion.entity.ResourcesUnion#9481], EntityKey[j.index.module.apply.resourcesUnion.entity.ResourcesUnion#9480], EntityKey[j.index.module.apply.resourcesUnion.entity.ResourcesUnion#9479], EntityKey[j.index.module.apply.resourcesUnion.entity.ResourcesUnion#9470], EntityKey[j.index.module.apply.resourcesUnion.entity.ResourcesUnion#9469], EntityKey[j.index.module.apply.resourcesUnion.entity.ResourcesUnion#9468], EntityKey[j.index.module.apply.resourcesUnion.entity.ResourcesUnion#9467], EntityKey[j.index.module.apply.resourcesUnion.entity.ResourcesUnion#9474], EntityKey[j.index.module.apply.resourcesUnion.entity.ResourcesUnion#9473], EntityKey[j.index.module.apply.resourcesUnion.entity.ResourcesUnion#9472], EntityKey[j.index.module.apply.resourcesUnion.entity.ResourcesUnion#9471], EntityKey[j.index.module.apply.resourcesUnion.entity.ResourcesUnion#9461], EntityKey[j.index.module.apply.resourcesUnion.entity.ResourcesUnion#9462], EntityKey[j.index.module.apply.resourcesUnion.entity.ResourcesUnion#9459], EntityKey[j.index.module.apply.resourcesUnion.entity.ResourcesUnion#9460], EntityKey[j.index.module.apply.resourcesUnion.entity.ResourcesUnion#9465], EntityKey[j.index.module.apply.resourcesUnion.entity.ResourcesUnion#9466], EntityKey[j.index.module.apply.resourcesUnion.entity.ResourcesUnion#9463], EntityKey[j.index.module.apply.resourcesUnion.entity.ResourcesUnion#9464], EntityKey[j.index.module.apply.resourcesUnion.entity.ResourcesUnion#9453], EntityKey[j.index.module.apply.resourcesUnion.entity.ResourcesUnion#9454], EntityKey[j.index.module.apply.resourcesUnion.entity.ResourcesUnion#9451], EntityKey[j.index.module.apply.resourcesUnion.entity.ResourcesUnion#9452], EntityKey[j.index.module.apply.resourcesUnion.entity.ResourcesUnion#9457], EntityKey[j.index.module.apply.resourcesUnion.entity.ResourcesUnion#9458], EntityKey[j.index.module.apply.resourcesUnion.entity.ResourcesUnion#9455], EntityKey[j.index.module.apply.resourcesUnion.entity.ResourcesUnion#9456], EntityKey[j.index.module.apply.resourcesUnion.entity.ResourcesUnion#9444], EntityKey[j.index.module.apply.resourcesUnion.entity.ResourcesUnion#9443], EntityKey[j.index.module.apply.resourcesUnion.entity.ResourcesUnion#9446], EntityKey[j.index.module.apply.resourcesUnion.entity.ResourcesUnion#9445], EntityKey[j.index.module.apply.resourcesUnion.entity.ResourcesUnion#9448], EntityKey[j.index.module.apply.resourcesUnion.entity.ResourcesUnion#9447], EntityKey[j.index.module.apply.resourcesUnion.entity.ResourcesUnion#9450], EntityKey[j.index.module.apply.resourcesUnion.entity.ResourcesUnion#9449], EntityKey[j.index.module.apply.resourcesUnion.entity.ResourcesUnion#9436], EntityKey[j.index.module.apply.resourcesUnion.entity.ResourcesUnion#9435], EntityKey[j.index.module.apply.resourcesUnion.entity.ResourcesUnion#9438], EntityKey[j.index.module.apply.resourcesUnion.entity.ResourcesUnion#9437], EntityKey[j.index.module.apply.resourcesUnion.entity.ResourcesUnion#9440], EntityKey[j.index.module.apply.resourcesUnion.entity.ResourcesUnion#9439], EntityKey[j.index.module.apply.resourcesUnion.entity.ResourcesUnion#9442], EntityKey[j.index.module.apply.resourcesUnion.entity.ResourcesUnion#9441], EntityKey[j.index.module.apply.resourcesUnion.entity.ResourcesUnion#9427], EntityKey[j.index.module.apply.resourcesUnion.entity.ResourcesUnion#9428], EntityKey[j.index.module.apply.resourcesUnion.entity.ResourcesUnion#9429], EntityKey[j.index.module.apply.resourcesUnion.entity.ResourcesUnion#9430], EntityKey[j.index.module.apply.resourcesUnion.entity.ResourcesUnion#9431], EntityKey[j.index.module.apply.resourcesUnion.entity.ResourcesUnion#9432], EntityKey[j.index.module.apply.resourcesUnion.entity.ResourcesUnion#9433], EntityKey[j.index.module.apply.resourcesUnion.entity.ResourcesUnion#9434], EntityKey[j.index.module.apply.resourcesUnion.entity.ResourcesUnion#9419], EntityKey[j.index.module.apply.resourcesUnion.entity.ResourcesUnion#9420], EntityKey[j.index.module.apply.resourcesUnion.entity.ResourcesUnion#9421], EntityKey[j.index.module.apply.resourcesUnion.entity.ResourcesUnion#9422], EntityKey[j.index.module.apply.resourcesUnion.entity.ResourcesUnion#9423], EntityKey[j.index.module.apply.resourcesUnion.entity.ResourcesUnion#9424], EntityKey[j.index.module.apply.resourcesUnion.entity.ResourcesUnion#9425], EntityKey[j.index.module.apply.resourcesUnion.entity.ResourcesUnion#9426], EntityKey[j.index.module.apply.resourcesUnion.entity.ResourcesUnion#9537], EntityKey[j.index.module.apply.resourcesUnion.entity.ResourcesUnion#9538], EntityKey[j.index.module.apply.resourcesUnion.entity.ResourcesUnion#9535], EntityKey[j.index.module.apply.resourcesUnion.entity.ResourcesUnion#9536], EntityKey[j.index.module.apply.resourcesUnion.entity.ResourcesUnion#9533], EntityKey[j.index.module.apply.resourcesUnion.entity.ResourcesUnion#9534], EntityKey[j.index.module.apply.resourcesUnion.entity.ResourcesUnion#9531], EntityKey[j.index.module.apply.resourcesUnion.entity.ResourcesUnion#9532], EntityKey[j.index.module.apply.resourcesUnion.entity.ResourcesUnion#9545], EntityKey[j.index.module.apply.resourcesUnion.entity.ResourcesUnion#9546], EntityKey[j.index.module.apply.resourcesUnion.entity.ResourcesUnion#9543], EntityKey[j.index.module.apply.resourcesUnion.entity.ResourcesUnion#9544], EntityKey[j.index.module.apply.resourcesUnion.entity.ResourcesUnion#9541], EntityKey[j.index.module.apply.resourcesUnion.entity.ResourcesUnion#9542], EntityKey[j.index.module.apply.resourcesUnion.entity.ResourcesUnion#9539], EntityKey[j.index.module.apply.resourcesUnion.entity.ResourcesUnion#9540], EntityKey[j.index.module.apply.resourcesUnion.entity.ResourcesUnion#9522], EntityKey[j.index.module.apply.resourcesUnion.entity.ResourcesUnion#9521], EntityKey[j.index.module.apply.resourcesUnion.entity.ResourcesUnion#9520], EntityKey[j.index.module.apply.resourcesUnion.entity.ResourcesUnion#9519], EntityKey[j.index.module.apply.resourcesUnion.entity.ResourcesUnion#9518], EntityKey[j.index.module.apply.resourcesUnion.entity.ResourcesUnion#9517], EntityKey[j.index.module.apply.resourcesUnion.entity.ResourcesUnion#9516], EntityKey[j.index.module.apply.resourcesUnion.entity.ResourcesUnion#9515], EntityKey[j.index.module.apply.resourcesUnion.entity.ResourcesUnion#9530], EntityKey[j.index.module.apply.resourcesUnion.entity.ResourcesUnion#9529], EntityKey[j.index.module.apply.resourcesUnion.entity.ResourcesUnion#9528], EntityKey[j.index.module.apply.resourcesUnion.entity.ResourcesUnion#9527], EntityKey[j.index.module.apply.resourcesUnion.entity.ResourcesUnion#9526], EntityKey[j.index.module.apply.resourcesUnion.entity.ResourcesUnion#9525], EntityKey[j.index.module.apply.resourcesUnion.entity.ResourcesUnion#9524], EntityKey[j.index.module.apply.resourcesUnion.entity.ResourcesUnion#9523], EntityKey[j.index.module.apply.resourcesUnion.entity.ResourcesUnion#9503], EntityKey[j.index.module.apply.resourcesUnion.entity.ResourcesUnion#9504], EntityKey[j.index.module.apply.resourcesUnion.entity.ResourcesUnion#9505], EntityKey[j.index.module.apply.resourcesUnion.entity.ResourcesUnion#9506], EntityKey[j.index.module.apply.resourcesUnion.entity.ResourcesUnion#9499], EntityKey[j.index.module.apply.resourcesUnion.entity.ResourcesUnion#9500], EntityKey[j.index.module.apply.resourcesUnion.entity.ResourcesUnion#9501], EntityKey[j.index.module.apply.resourcesUnion.entity.ResourcesUnion#9502], EntityKey[j.index.module.apply.resourcesUnion.entity.ResourcesUnion#9511], EntityKey[j.index.module.apply.resourcesUnion.entity.ResourcesUnion#9512], EntityKey[j.index.module.apply.resourcesUnion.entity.ResourcesUnion#9513], EntityKey[j.index.module.apply.resourcesUnion.entity.ResourcesUnion#9514], EntityKey[j.index.module.apply.resourcesUnion.entity.ResourcesUnion#9507], EntityKey[j.index.module.apply.resourcesUnion.entity.ResourcesUnion#9508], EntityKey[j.index.module.apply.resourcesUnion.entity.ResourcesUnion#9509], EntityKey[j.index.module.apply.resourcesUnion.entity.ResourcesUnion#9510], EntityKey[j.index.module.apply.resourcesUnion.entity.ResourcesUnion#9488], EntityKey[j.index.module.apply.resourcesUnion.entity.ResourcesUnion#9487], EntityKey[j.index.module.apply.resourcesUnion.entity.ResourcesUnion#9490], EntityKey[j.index.module.apply.resourcesUnion.entity.ResourcesUnion#9489], EntityKey[j.index.module.apply.resourcesUnion.entity.ResourcesUnion#9484], EntityKey[j.index.module.apply.resourcesUnion.entity.ResourcesUnion#9483], EntityKey[j.index.module.apply.resourcesUnion.entity.ResourcesUnion#9486], EntityKey[j.index.module.apply.resourcesUnion.entity.ResourcesUnion#9485], EntityKey[j.index.module.apply.resourcesUnion.entity.ResourcesUnion#9496], EntityKey[j.index.module.apply.resourcesUnion.entity.ResourcesUnion#9495], EntityKey[j.index.module.apply.resourcesUnion.entity.ResourcesUnion#9498], EntityKey[j.index.module.apply.resourcesUnion.entity.ResourcesUnion#9497], EntityKey[j.index.module.apply.resourcesUnion.entity.ResourcesUnion#9492], EntityKey[j.index.module.apply.resourcesUnion.entity.ResourcesUnion#9491], EntityKey[j.index.module.apply.resourcesUnion.entity.ResourcesUnion#9494], EntityKey[j.index.module.apply.resourcesUnion.entity.ResourcesUnion#9493], EntityKey[j.index.module.apply.resourcesUnion.entity.ResourcesUnion#9597], EntityKey[j.index.module.apply.resourcesUnion.entity.ResourcesUnion#9598], EntityKey[j.index.module.apply.resourcesUnion.entity.ResourcesUnion#9595], EntityKey[j.index.module.apply.resourcesUnion.entity.ResourcesUnion#9596], EntityKey[j.index.module.apply.resourcesUnion.entity.ResourcesUnion#9601], EntityKey[j.index.module.apply.resourcesUnion.entity.ResourcesUnion#9602], EntityKey[j.index.module.apply.resourcesUnion.entity.ResourcesUnion#9599], EntityKey[j.index.module.apply.resourcesUnion.entity.ResourcesUnion#9600], EntityKey[j.index.module.apply.resourcesUnion.entity.ResourcesUnion#9605], EntityKey[j.index.module.apply.resourcesUnion.entity.ResourcesUnion#9606], EntityKey[j.index.module.apply.resourcesUnion.entity.ResourcesUnion#9603], EntityKey[j.index.module.apply.resourcesUnion.entity.ResourcesUnion#9604], EntityKey[j.index.module.apply.resourcesUnion.entity.ResourcesUnion#9609], EntityKey[j.index.module.apply.resourcesUnion.entity.ResourcesUnion#9610], EntityKey[j.index.module.apply.resourcesUnion.entity.ResourcesUnion#9607], EntityKey[j.index.module.apply.resourcesUnion.entity.ResourcesUnion#9608], EntityKey[j.index.module.apply.resourcesUnion.entity.ResourcesUnion#9582], EntityKey[j.index.module.apply.resourcesUnion.entity.ResourcesUnion#9581], EntityKey[j.index.module.apply.resourcesUnion.entity.ResourcesUnion#9580], EntityKey[j.index.module.apply.resourcesUnion.entity.ResourcesUnion#9579], EntityKey[j.index.module.apply.resourcesUnion.entity.ResourcesUnion#9586], EntityKey[j.index.module.apply.resourcesUnion.entity.ResourcesUnion#9585], EntityKey[j.index.module.apply.resourcesUnion.entity.ResourcesUnion#9584], EntityKey[j.index.module.apply.resourcesUnion.entity.ResourcesUnion#9583], EntityKey[j.index.module.apply.resourcesUnion.entity.ResourcesUnion#9590], EntityKey[j.index.module.apply.resourcesUnion.entity.ResourcesUnion#9589], EntityKey[j.index.module.apply.resourcesUnion.entity.ResourcesUnion#9588], EntityKey[j.index.module.apply.resourcesUnion.entity.ResourcesUnion#9587], EntityKey[j.index.module.apply.resourcesUnion.entity.ResourcesUnion#9594], EntityKey[j.index.module.apply.resourcesUnion.entity.ResourcesUnion#9593], EntityKey[j.index.module.apply.resourcesUnion.entity.ResourcesUnion#9592], EntityKey[j.index.module.apply.resourcesUnion.entity.ResourcesUnion#9591], EntityKey[j.index.module.apply.resourcesUnion.entity.ResourcesUnion#9563], EntityKey[j.index.module.apply.resourcesUnion.entity.ResourcesUnion#9564], EntityKey[j.index.module.apply.resourcesUnion.entity.ResourcesUnion#9565], EntityKey[j.index.module.apply.resourcesUnion.entity.ResourcesUnion#9566], EntityKey[j.index.module.apply.resourcesUnion.entity.ResourcesUnion#9567], EntityKey[j.index.module.apply.resourcesUnion.entity.ResourcesUnion#9568], EntityKey[j.index.module.apply.resourcesUnion.entity.ResourcesUnion#9569], EntityKey[j.index.module.apply.resourcesUnion.entity.ResourcesUnion#9570], EntityKey[j.index.module.apply.resourcesUnion.entity.ResourcesUnion#9571], EntityKey[j.index.module.apply.resourcesUnion.entity.ResourcesUnion#9572], EntityKey[j.index.module.apply.resourcesUnion.entity.ResourcesUnion#9573], EntityKey[j.index.module.apply.resourcesUnion.entity.ResourcesUnion#9574], EntityKey[j.index.module.apply.resourcesUnion.entity.ResourcesUnion#9575], EntityKey[j.index.module.apply.resourcesUnion.entity.ResourcesUnion#9576], EntityKey[j.index.module.apply.resourcesUnion.entity.ResourcesUnion#9577], EntityKey[j.index.module.apply.resourcesUnion.entity.ResourcesUnion#9578], EntityKey[j.index.module.apply.resourcesUnion.entity.ResourcesUnion#9548], EntityKey[j.index.module.apply.resourcesUnion.entity.ResourcesUnion#9547], EntityKey[j.index.module.apply.resourcesUnion.entity.ResourcesUnion#9550], EntityKey[j.index.module.apply.resourcesUnion.entity.ResourcesUnion#9549], EntityKey[j.index.module.apply.resourcesUnion.entity.ResourcesUnion#9552], EntityKey[j.index.module.apply.resourcesUnion.entity.ResourcesUnion#9551], EntityKey[j.index.module.apply.resourcesUnion.entity.ResourcesUnion#9554], EntityKey[j.index.module.apply.resourcesUnion.entity.ResourcesUnion#9553], EntityKey[j.index.module.apply.resourcesUnion.entity.ResourcesUnion#9556], EntityKey[j.index.module.apply.resourcesUnion.entity.ResourcesUnion#9555], EntityKey[j.index.module.apply.resourcesUnion.entity.ResourcesUnion#9558], EntityKey[j.index.module.apply.resourcesUnion.entity.ResourcesUnion#9557], EntityKey[j.index.module.apply.resourcesUnion.entity.ResourcesUnion#9560], EntityKey[j.index.module.apply.resourcesUnion.entity.ResourcesUnion#9559], EntityKey[j.index.module.apply.resourcesUnion.entity.ResourcesUnion#9562], EntityKey[j.index.module.apply.resourcesUnion.entity.ResourcesUnion#9561], EntityKey[j.index.module.apply.resourcesUnion.entity.ResourcesUnion#8597], EntityKey[j.index.module.apply.resourcesUnion.entity.ResourcesUnion#8598], EntityKey[j.index.module.apply.resourcesUnion.entity.ResourcesUnion#8595], EntityKey[j.index.module.apply.resourcesUnion.entity.ResourcesUnion#8596], EntityKey[j.index.module.apply.resourcesUnion.entity.ResourcesUnion#8601], EntityKey[j.index.module.apply.resourcesUnion.entity.ResourcesUnion#8602], EntityKey[j.index.module.apply.resourcesUnion.entity.ResourcesUnion#8599], EntityKey[j.index.module.apply.resourcesUnion.entity.ResourcesUnion#8600], EntityKey[j.index.module.apply.resourcesUnion.entity.ResourcesUnion#8589], EntityKey[j.index.module.apply.resourcesUnion.entity.ResourcesUnion#8590], EntityKey[j.index.module.apply.resourcesUnion.entity.ResourcesUnion#8587], EntityKey[j.index.module.apply.resourcesUnion.entity.ResourcesUnion#8588], EntityKey[j.index.module.apply.resourcesUnion.entity.ResourcesUnion#8593], EntityKey[j.index.module.apply.resourcesUnion.entity.ResourcesUnion#8594], EntityKey[j.index.module.apply.resourcesUnion.entity.ResourcesUnion#8591], EntityKey[j.index.module.apply.resourcesUnion.entity.ResourcesUnion#8592], EntityKey[j.index.module.apply.resourcesUnion.entity.ResourcesUnion#8614], EntityKey[j.index.module.apply.resourcesUnion.entity.ResourcesUnion#8613], EntityKey[j.index.module.apply.resourcesUnion.entity.ResourcesUnion#8612], EntityKey[j.index.module.apply.resourcesUnion.entity.ResourcesUnion#8611], EntityKey[j.index.module.apply.resourcesUnion.entity.ResourcesUnion#8618], EntityKey[j.index.module.apply.resourcesUnion.entity.ResourcesUnion#8617], EntityKey[j.index.module.apply.resourcesUnion.entity.ResourcesUnion#8616], EntityKey[j.index.module.apply.resourcesUnion.entity.ResourcesUnion#8615], EntityKey[j.index.module.apply.resourcesUnion.entity.ResourcesUnion#8606], EntityKey[j.index.module.apply.resourcesUnion.entity.ResourcesUnion#8605], EntityKey[j.index.module.apply.resourcesUnion.entity.ResourcesUnion#8604], EntityKey[j.index.module.apply.resourcesUnion.entity.ResourcesUnion#8603], EntityKey[j.index.module.apply.resourcesUnion.entity.ResourcesUnion#8610], EntityKey[j.index.module.apply.resourcesUnion.entity.ResourcesUnion#8609], EntityKey[j.index.module.apply.resourcesUnion.entity.ResourcesUnion#8608], EntityKey[j.index.module.apply.resourcesUnion.entity.ResourcesUnion#8607], EntityKey[j.index.module.apply.resourcesUnion.entity.ResourcesUnion#8627], EntityKey[j.index.module.apply.resourcesUnion.entity.ResourcesUnion#8628], EntityKey[j.index.module.apply.resourcesUnion.entity.ResourcesUnion#8629], EntityKey[j.index.module.apply.resourcesUnion.entity.ResourcesUnion#8630], EntityKey[j.index.module.apply.resourcesUnion.entity.ResourcesUnion#8631], EntityKey[j.index.module.apply.resourcesUnion.entity.ResourcesUnion#8632], EntityKey[j.index.module.apply.resourcesUnion.entity.ResourcesUnion#8633], EntityKey[j.index.module.apply.resourcesUnion.entity.ResourcesUnion#8634], EntityKey[j.index.module.apply.resourcesUnion.entity.ResourcesUnion#8619], EntityKey[j.index.module.apply.resourcesUnion.entity.ResourcesUnion#8620], EntityKey[j.index.module.apply.resourcesUnion.entity.ResourcesUnion#8621], EntityKey[j.index.module.apply.resourcesUnion.entity.ResourcesUnion#8622], EntityKey[j.index.module.apply.resourcesUnion.entity.ResourcesUnion#8623], EntityKey[j.index.module.apply.resourcesUnion.entity.ResourcesUnion#8624], EntityKey[j.index.module.apply.resourcesUnion.entity.ResourcesUnion#8625], EntityKey[j.index.module.apply.resourcesUnion.entity.ResourcesUnion#8626], EntityKey[j.index.module.apply.resourcesUnion.entity.ResourcesUnion#8644], EntityKey[j.index.module.apply.resourcesUnion.entity.ResourcesUnion#8643], EntityKey[j.index.module.apply.resourcesUnion.entity.ResourcesUnion#8646], EntityKey[j.index.module.apply.resourcesUnion.entity.ResourcesUnion#8645], EntityKey[j.index.module.apply.resourcesUnion.entity.ResourcesUnion#8648], EntityKey[j.index.module.apply.resourcesUnion.entity.ResourcesUnion#8647], EntityKey[j.index.module.apply.resourcesUnion.entity.ResourcesUnion#8650], EntityKey[j.index.module.apply.resourcesUnion.entity.ResourcesUnion#8649], EntityKey[j.index.module.apply.resourcesUnion.entity.ResourcesUnion#8636], EntityKey[j.index.module.apply.resourcesUnion.entity.ResourcesUnion#8635], EntityKey[j.index.module.apply.resourcesUnion.entity.ResourcesUnion#8638], EntityKey[j.index.module.apply.resourcesUnion.entity.ResourcesUnion#8637], EntityKey[j.index.module.apply.resourcesUnion.entity.ResourcesUnion#8640], EntityKey[j.index.module.apply.resourcesUnion.entity.ResourcesUnion#8639], EntityKey[j.index.module.apply.resourcesUnion.entity.ResourcesUnion#8642], EntityKey[j.index.module.apply.resourcesUnion.entity.ResourcesUnion#8641], EntityKey[j.index.module.apply.resourcesUnion.entity.ResourcesUnion#8665], EntityKey[j.index.module.apply.resourcesUnion.entity.ResourcesUnion#8666], EntityKey[j.index.module.apply.resourcesUnion.entity.ResourcesUnion#8663], EntityKey[j.index.module.apply.resourcesUnion.entity.ResourcesUnion#8664], EntityKey[j.index.module.apply.resourcesUnion.entity.ResourcesUnion#8661], EntityKey[j.index.module.apply.resourcesUnion.entity.ResourcesUnion#8662], EntityKey[j.index.module.apply.resourcesUnion.entity.ResourcesUnion#8659], EntityKey[j.index.module.apply.resourcesUnion.entity.ResourcesUnion#8660], EntityKey[j.index.module.apply.resourcesUnion.entity.ResourcesUnion#8657], EntityKey[j.index.module.apply.resourcesUnion.entity.ResourcesUnion#8658], EntityKey[j.index.module.apply.resourcesUnion.entity.ResourcesUnion#8655], EntityKey[j.index.module.apply.resourcesUnion.entity.ResourcesUnion#8656], EntityKey[j.index.module.apply.resourcesUnion.entity.ResourcesUnion#8653], EntityKey[j.index.module.apply.resourcesUnion.entity.ResourcesUnion#8654], EntityKey[j.index.module.apply.resourcesUnion.entity.ResourcesUnion#8651], EntityKey[j.index.module.apply.resourcesUnion.entity.ResourcesUnion#8652], EntityKey[j.index.module.apply.resourcesUnion.entity.ResourcesUnion#8682], EntityKey[j.index.module.apply.resourcesUnion.entity.ResourcesUnion#8681], EntityKey[j.index.module.apply.resourcesUnion.entity.ResourcesUnion#8680], EntityKey[j.index.module.apply.resourcesUnion.entity.ResourcesUnion#8679], EntityKey[j.index.module.apply.resourcesUnion.entity.ResourcesUnion#8678], EntityKey[j.index.module.apply.resourcesUnion.entity.ResourcesUnion#8677], EntityKey[j.index.module.apply.resourcesUnion.entity.ResourcesUnion#8676], EntityKey[j.index.module.apply.resourcesUnion.entity.ResourcesUnion#8675], EntityKey[j.index.module.apply.resourcesUnion.entity.ResourcesUnion#8674], EntityKey[j.index.module.apply.resourcesUnion.entity.ResourcesUnion#8673], EntityKey[j.index.module.apply.resourcesUnion.entity.ResourcesUnion#8672], EntityKey[j.index.module.apply.resourcesUnion.entity.ResourcesUnion#8671], EntityKey[j.index.module.apply.resourcesUnion.entity.ResourcesUnion#8670], EntityKey[j.index.module.apply.resourcesUnion.entity.ResourcesUnion#8669], EntityKey[j.index.module.apply.resourcesUnion.entity.ResourcesUnion#8668], EntityKey[j.index.module.apply.resourcesUnion.entity.ResourcesUnion#8667], EntityKey[j.index.module.apply.resourcesUnion.entity.ResourcesUnion#8695], EntityKey[j.index.module.apply.resourcesUnion.entity.ResourcesUnion#8696], EntityKey[j.index.module.apply.resourcesUnion.entity.ResourcesUnion#8697], EntityKey[j.index.module.apply.resourcesUnion.entity.ResourcesUnion#8698], EntityKey[j.index.module.apply.resourcesUnion.entity.ResourcesUnion#8691], EntityKey[j.index.module.apply.resourcesUnion.entity.ResourcesUnion#8692], EntityKey[j.index.module.apply.resourcesUnion.entity.ResourcesUnion#8693], EntityKey[j.index.module.apply.resourcesUnion.entity.ResourcesUnion#8694], EntityKey[j.index.module.apply.resourcesUnion.entity.ResourcesUnion#8687], EntityKey[j.index.module.apply.resourcesUnion.entity.ResourcesUnion#8688], EntityKey[j.index.module.apply.resourcesUnion.entity.ResourcesUnion#8689], EntityKey[j.index.module.apply.resourcesUnion.entity.ResourcesUnion#8690], EntityKey[j.index.module.apply.resourcesUnion.entity.ResourcesUnion#8683], EntityKey[j.index.module.apply.resourcesUnion.entity.ResourcesUnion#8684], EntityKey[j.index.module.apply.resourcesUnion.entity.ResourcesUnion#8685], EntityKey[j.index.module.apply.resourcesUnion.entity.ResourcesUnion#8686], EntityKey[j.index.module.apply.resourcesUnion.entity.ResourcesUnion#8712], EntityKey[j.index.module.apply.resourcesUnion.entity.ResourcesUnion#8711], EntityKey[j.index.module.apply.resourcesUnion.entity.ResourcesUnion#8714], EntityKey[j.index.module.apply.resourcesUnion.entity.ResourcesUnion#8713], EntityKey[j.index.module.apply.resourcesUnion.entity.ResourcesUnion#8708], EntityKey[j.index.module.apply.resourcesUnion.entity.ResourcesUnion#8707], EntityKey[j.index.module.apply.resourcesUnion.entity.ResourcesUnion#8710], EntityKey[j.index.module.apply.resourcesUnion.entity.ResourcesUnion#8709], EntityKey[j.index.module.apply.resourcesUnion.entity.ResourcesUnion#8704], EntityKey[j.index.module.apply.resourcesUnion.entity.ResourcesUnion#8703], EntityKey[j.index.module.apply.resourcesUnion.entity.ResourcesUnion#8706], EntityKey[j.index.module.apply.resourcesUnion.entity.ResourcesUnion#8705], EntityKey[j.index.module.apply.resourcesUnion.entity.ResourcesUnion#8700], EntityKey[j.index.module.apply.resourcesUnion.entity.ResourcesUnion#8699], EntityKey[j.index.module.apply.resourcesUnion.entity.ResourcesUnion#8702], EntityKey[j.index.module.apply.resourcesUnion.entity.ResourcesUnion#8701], EntityKey[j.index.module.apply.resourcesUnion.entity.ResourcesUnion#8718], EntityKey[j.index.module.apply.resourcesUnion.entity.ResourcesUnion#8717], EntityKey[j.index.module.apply.resourcesUnion.entity.ResourcesUnion#8716], EntityKey[j.index.module.apply.resourcesUnion.entity.ResourcesUnion#8715], EntityKey[j.index.module.apply.resourcesUnion.entity.ResourcesUnion#8722], EntityKey[j.index.module.apply.resourcesUnion.entity.ResourcesUnion#8721], EntityKey[j.index.module.apply.resourcesUnion.entity.ResourcesUnion#8720], EntityKey[j.index.module.apply.resourcesUnion.entity.ResourcesUnion#8719], EntityKey[j.index.module.apply.resourcesUnion.entity.ResourcesUnion#8726], EntityKey[j.index.module.apply.resourcesUnion.entity.ResourcesUnion#8725], EntityKey[j.index.module.apply.resourcesUnion.entity.ResourcesUnion#8724], EntityKey[j.index.module.apply.resourcesUnion.entity.ResourcesUnion#8723], EntityKey[j.index.module.apply.resourcesUnion.entity.ResourcesUnion#8730], EntityKey[j.index.module.apply.resourcesUnion.entity.ResourcesUnion#8729], EntityKey[j.index.module.apply.resourcesUnion.entity.ResourcesUnion#8728], EntityKey[j.index.module.apply.resourcesUnion.entity.ResourcesUnion#8727], EntityKey[j.index.module.apply.resourcesUnion.entity.ResourcesUnion#8733], EntityKey[j.index.module.apply.resourcesUnion.entity.ResourcesUnion#8734], EntityKey[j.index.module.apply.resourcesUnion.entity.ResourcesUnion#8731], EntityKey[j.index.module.apply.resourcesUnion.entity.ResourcesUnion#8732], EntityKey[j.index.module.apply.resourcesUnion.entity.ResourcesUnion#8737], EntityKey[j.index.module.apply.resourcesUnion.entity.ResourcesUnion#8738], EntityKey[j.index.module.apply.resourcesUnion.entity.ResourcesUnion#8735], EntityKey[j.index.module.apply.resourcesUnion.entity.ResourcesUnion#8736], EntityKey[j.index.module.apply.resourcesUnion.entity.ResourcesUnion#8741], EntityKey[j.index.module.apply.resourcesUnion.entity.ResourcesUnion#8742], EntityKey[j.index.module.apply.resourcesUnion.entity.ResourcesUnion#8739], EntityKey[j.index.module.apply.resourcesUnion.entity.ResourcesUnion#8740], EntityKey[j.index.module.apply.resourcesUnion.entity.ResourcesUnion#8745], EntityKey[j.index.module.apply.resourcesUnion.entity.ResourcesUnion#8746], EntityKey[j.index.module.apply.resourcesUnion.entity.ResourcesUnion#8743], EntityKey[j.index.module.apply.resourcesUnion.entity.ResourcesUnion#8744], EntityKey[j.index.module.apply.resourcesUnion.entity.ResourcesUnion#8748], EntityKey[j.index.module.apply.resourcesUnion.entity.ResourcesUnion#8747], EntityKey[j.index.module.apply.resourcesUnion.entity.ResourcesUnion#8750], EntityKey[j.index.module.apply.resourcesUnion.entity.ResourcesUnion#8749], EntityKey[j.index.module.apply.resourcesUnion.entity.ResourcesUnion#8752], EntityKey[j.index.module.apply.resourcesUnion.entity.ResourcesUnion#8751], EntityKey[j.index.module.apply.resourcesUnion.entity.ResourcesUnion#8754], EntityKey[j.index.module.apply.resourcesUnion.entity.ResourcesUnion#8753], EntityKey[j.index.module.apply.resourcesUnion.entity.ResourcesUnion#8756], EntityKey[j.index.module.apply.resourcesUnion.entity.ResourcesUnion#8755], EntityKey[j.index.module.apply.resourcesUnion.entity.ResourcesUnion#8758], EntityKey[j.index.module.apply.resourcesUnion.entity.ResourcesUnion#8757], EntityKey[j.index.module.apply.resourcesUnion.entity.ResourcesUnion#8760], EntityKey[j.index.module.apply.resourcesUnion.entity.ResourcesUnion#8759], EntityKey[j.index.module.apply.resourcesUnion.entity.ResourcesUnion#8762], EntityKey[j.index.module.apply.resourcesUnion.entity.ResourcesUnion#8761], EntityKey[j.index.module.apply.resourcesUnion.entity.ResourcesUnion#8763], EntityKey[j.index.module.apply.resourcesUnion.entity.ResourcesUnion#8764], EntityKey[j.index.module.apply.resourcesUnion.entity.ResourcesUnion#8765], EntityKey[j.index.module.apply.resourcesUnion.entity.ResourcesUnion#8766], EntityKey[j.index.module.apply.resourcesUnion.entity.ResourcesUnion#8767], EntityKey[j.index.module.apply.resourcesUnion.entity.ResourcesUnion#8768], EntityKey[j.index.module.apply.resourcesUnion.entity.ResourcesUnion#8769], EntityKey[j.index.module.apply.resourcesUnion.entity.ResourcesUnion#8770], EntityKey[j.index.module.apply.resourcesUnion.entity.ResourcesUnion#8771], EntityKey[j.index.module.apply.resourcesUnion.entity.ResourcesUnion#8772], EntityKey[j.index.module.apply.resourcesUnion.entity.ResourcesUnion#8773], EntityKey[j.index.module.apply.resourcesUnion.entity.ResourcesUnion#8774], EntityKey[j.index.module.apply.resourcesUnion.entity.ResourcesUnion#8775], EntityKey[j.index.module.apply.resourcesUnion.entity.ResourcesUnion#8776], EntityKey[j.index.module.apply.resourcesUnion.entity.ResourcesUnion#8777], EntityKey[j.index.module.apply.resourcesUnion.entity.ResourcesUnion#8778], EntityKey[j.index.module.apply.resourcesUnion.entity.ResourcesUnion#8786], EntityKey[j.index.module.apply.resourcesUnion.entity.ResourcesUnion#8785], EntityKey[j.index.module.apply.resourcesUnion.entity.ResourcesUnion#8784], EntityKey[j.index.module.apply.resourcesUnion.entity.ResourcesUnion#8783], EntityKey[j.index.module.apply.resourcesUnion.entity.ResourcesUnion#8782], EntityKey[j.index.module.apply.resourcesUnion.entity.ResourcesUnion#8781], EntityKey[j.index.module.apply.resourcesUnion.entity.ResourcesUnion#8780], EntityKey[j.index.module.apply.resourcesUnion.entity.ResourcesUnion#8779], EntityKey[j.index.module.apply.resourcesUnion.entity.ResourcesUnion#8794], EntityKey[j.index.module.apply.resourcesUnion.entity.ResourcesUnion#8793], EntityKey[j.index.module.apply.resourcesUnion.entity.ResourcesUnion#8792], EntityKey[j.index.module.apply.resourcesUnion.entity.ResourcesUnion#8791], EntityKey[j.index.module.apply.resourcesUnion.entity.ResourcesUnion#8790], EntityKey[j.index.module.apply.resourcesUnion.entity.ResourcesUnion#8789], EntityKey[j.index.module.apply.resourcesUnion.entity.ResourcesUnion#8788], EntityKey[j.index.module.apply.resourcesUnion.entity.ResourcesUnion#8787], EntityKey[j.index.module.apply.resourcesUnion.entity.ResourcesUnion#8801], EntityKey[j.index.module.apply.resourcesUnion.entity.ResourcesUnion#8802], EntityKey[j.index.module.apply.resourcesUnion.entity.ResourcesUnion#8799], EntityKey[j.index.module.apply.resourcesUnion.entity.ResourcesUnion#8800], EntityKey[j.index.module.apply.resourcesUnion.entity.ResourcesUnion#8797], EntityKey[j.index.module.apply.resourcesUnion.entity.ResourcesUnion#8798], EntityKey[j.index.module.apply.resourcesUnion.entity.ResourcesUnion#8795], EntityKey[j.index.module.apply.resourcesUnion.entity.ResourcesUnion#8796], EntityKey[j.index.module.apply.resourcesUnion.entity.ResourcesUnion#8809], EntityKey[j.index.module.apply.resourcesUnion.entity.ResourcesUnion#8810], EntityKey[j.index.module.apply.resourcesUnion.entity.ResourcesUnion#8807], EntityKey[j.index.module.apply.resourcesUnion.entity.ResourcesUnion#8808], EntityKey[j.index.module.apply.resourcesUnion.entity.ResourcesUnion#8805], EntityKey[j.index.module.apply.resourcesUnion.entity.ResourcesUnion#8806], EntityKey[j.index.module.apply.resourcesUnion.entity.ResourcesUnion#8803], EntityKey[j.index.module.apply.resourcesUnion.entity.ResourcesUnion#8804], EntityKey[j.index.module.apply.resourcesUnion.entity.ResourcesUnion#8816], EntityKey[j.index.module.apply.resourcesUnion.entity.ResourcesUnion#8815], EntityKey[j.index.module.apply.resourcesUnion.entity.ResourcesUnion#8818], EntityKey[j.index.module.apply.resourcesUnion.entity.ResourcesUnion#8817], EntityKey[j.index.module.apply.resourcesUnion.entity.ResourcesUnion#8812], EntityKey[j.index.module.apply.resourcesUnion.entity.ResourcesUnion#8811], EntityKey[j.index.module.apply.resourcesUnion.entity.ResourcesUnion#8814], EntityKey[j.index.module.apply.resourcesUnion.entity.ResourcesUnion#8813], EntityKey[j.index.module.apply.resourcesUnion.entity.ResourcesUnion#8824], EntityKey[j.index.module.apply.resourcesUnion.entity.ResourcesUnion#8823], EntityKey[j.index.module.apply.resourcesUnion.entity.ResourcesUnion#8826], EntityKey[j.index.module.apply.resourcesUnion.entity.ResourcesUnion#8825], EntityKey[j.index.module.apply.resourcesUnion.entity.ResourcesUnion#8820], EntityKey[j.index.module.apply.resourcesUnion.entity.ResourcesUnion#8819], EntityKey[j.index.module.apply.resourcesUnion.entity.ResourcesUnion#8822], EntityKey[j.index.module.apply.resourcesUnion.entity.ResourcesUnion#8821], EntityKey[j.index.module.apply.resourcesUnion.entity.ResourcesUnion#8831], EntityKey[j.index.module.apply.resourcesUnion.entity.ResourcesUnion#8832], EntityKey[j.index.module.apply.resourcesUnion.entity.ResourcesUnion#8833], EntityKey[j.index.module.apply.resourcesUnion.entity.ResourcesUnion#8834], EntityKey[j.index.module.apply.resourcesUnion.entity.ResourcesUnion#8827], EntityKey[j.index.module.apply.resourcesUnion.entity.ResourcesUnion#8828], EntityKey[j.index.module.apply.resourcesUnion.entity.ResourcesUnion#8829], EntityKey[j.index.module.apply.resourcesUnion.entity.ResourcesUnion#8830], EntityKey[j.index.module.apply.resourcesUnion.entity.ResourcesUnion#8839], EntityKey[j.index.module.apply.resourcesUnion.entity.ResourcesUnion#8840], EntityKey[j.index.module.apply.resourcesUnion.entity.ResourcesUnion#8841], EntityKey[j.index.module.apply.resourcesUnion.entity.ResourcesUnion#8842], EntityKey[j.index.module.apply.resourcesUnion.entity.ResourcesUnion#8835], EntityKey[j.index.module.apply.resourcesUnion.entity.ResourcesUnion#8836], EntityKey[j.index.module.apply.resourcesUnion.entity.ResourcesUnion#8837], EntityKey[j.index.module.apply.resourcesUnion.entity.ResourcesUnion#8838], EntityKey[j.index.module.apply.resourcesUnion.entity.ResourcesUnion#8868], EntityKey[j.index.module.apply.resourcesUnion.entity.ResourcesUnion#8867], EntityKey[j.index.module.apply.resourcesUnion.entity.ResourcesUnion#8870], EntityKey[j.index.module.apply.resourcesUnion.entity.ResourcesUnion#8869], EntityKey[j.index.module.apply.resourcesUnion.entity.ResourcesUnion#8872], EntityKey[j.index.module.apply.resourcesUnion.entity.ResourcesUnion#8871], EntityKey[j.index.module.apply.resourcesUnion.entity.ResourcesUnion#8874], EntityKey[j.index.module.apply.resourcesUnion.entity.ResourcesUnion#8873], EntityKey[j.index.module.apply.resourcesUnion.entity.ResourcesUnion#8860], EntityKey[j.index.module.apply.resourcesUnion.entity.ResourcesUnion#8859], EntityKey[j.index.module.apply.resourcesUnion.entity.ResourcesUnion#8862], EntityKey[j.index.module.apply.resourcesUnion.entity.ResourcesUnion#8861], EntityKey[j.index.module.apply.resourcesUnion.entity.ResourcesUnion#8864], EntityKey[j.index.module.apply.resourcesUnion.entity.ResourcesUnion#8863], EntityKey[j.index.module.apply.resourcesUnion.entity.ResourcesUnion#8866], EntityKey[j.index.module.apply.resourcesUnion.entity.ResourcesUnion#8865], EntityKey[j.index.module.apply.resourcesUnion.entity.ResourcesUnion#8851], EntityKey[j.index.module.apply.resourcesUnion.entity.ResourcesUnion#8852], EntityKey[j.index.module.apply.resourcesUnion.entity.ResourcesUnion#8853], EntityKey[j.index.module.apply.resourcesUnion.entity.ResourcesUnion#8854], EntityKey[j.index.module.apply.resourcesUnion.entity.ResourcesUnion#8855], EntityKey[j.index.module.apply.resourcesUnion.entity.ResourcesUnion#8856], EntityKey[j.index.module.apply.resourcesUnion.entity.ResourcesUnion#8857], EntityKey[j.index.module.apply.resourcesUnion.entity.ResourcesUnion#8858], EntityKey[j.index.module.apply.resourcesUnion.entity.ResourcesUnion#8843], EntityKey[j.index.module.apply.resourcesUnion.entity.ResourcesUnion#8844], EntityKey[j.index.module.apply.resourcesUnion.entity.ResourcesUnion#8845], EntityKey[j.index.module.apply.resourcesUnion.entity.ResourcesUnion#8846], EntityKey[j.index.module.apply.resourcesUnion.entity.ResourcesUnion#8847], EntityKey[j.index.module.apply.resourcesUnion.entity.ResourcesUnion#8848], EntityKey[j.index.module.apply.resourcesUnion.entity.ResourcesUnion#8849], EntityKey[j.index.module.apply.resourcesUnion.entity.ResourcesUnion#8850], EntityKey[j.index.module.apply.resourcesUnion.entity.ResourcesUnion#8902], EntityKey[j.index.module.apply.resourcesUnion.entity.ResourcesUnion#8901], EntityKey[j.index.module.apply.resourcesUnion.entity.ResourcesUnion#8900], EntityKey[j.index.module.apply.resourcesUnion.entity.ResourcesUnion#8899], EntityKey[j.index.module.apply.resourcesUnion.entity.ResourcesUnion#8906], EntityKey[j.index.module.apply.resourcesUnion.entity.ResourcesUnion#8905], EntityKey[j.index.module.apply.resourcesUnion.entity.ResourcesUnion#8904], EntityKey[j.index.module.apply.resourcesUnion.entity.ResourcesUnion#8903], EntityKey[j.index.module.apply.resourcesUnion.entity.ResourcesUnion#8894], EntityKey[j.index.module.apply.resourcesUnion.entity.ResourcesUnion#8893], EntityKey[j.index.module.apply.resourcesUnion.entity.ResourcesUnion#8892], EntityKey[j.index.module.apply.resourcesUnion.entity.ResourcesUnion#8891], EntityKey[j.index.module.apply.resourcesUnion.entity.ResourcesUnion#8898], EntityKey[j.index.module.apply.resourcesUnion.entity.ResourcesUnion#8897], EntityKey[j.index.module.apply.resourcesUnion.entity.ResourcesUnion#8896], EntityKey[j.index.module.apply.resourcesUnion.entity.ResourcesUnion#8895], EntityKey[j.index.module.apply.resourcesUnion.entity.ResourcesUnion#8885], EntityKey[j.index.module.apply.resourcesUnion.entity.ResourcesUnion#8886], EntityKey[j.index.module.apply.resourcesUnion.entity.ResourcesUnion#8883], EntityKey[j.index.module.apply.resourcesUnion.entity.ResourcesUnion#8884], EntityKey[j.index.module.apply.resourcesUnion.entity.ResourcesUnion#8889], EntityKey[j.index.module.apply.resourcesUnion.entity.ResourcesUnion#8890], EntityKey[j.index.module.apply.resourcesUnion.entity.ResourcesUnion#8887], EntityKey[j.index.module.apply.resourcesUnion.entity.ResourcesUnion#8888], EntityKey[j.index.module.apply.resourcesUnion.entity.ResourcesUnion#8877], EntityKey[j.index.module.apply.resourcesUnion.entity.ResourcesUnion#8878], EntityKey[j.index.module.apply.resourcesUnion.entity.ResourcesUnion#8875], EntityKey[j.index.module.apply.resourcesUnion.entity.ResourcesUnion#8876], EntityKey[j.index.module.apply.resourcesUnion.entity.ResourcesUnion#8881], EntityKey[j.index.module.apply.resourcesUnion.entity.ResourcesUnion#8882], EntityKey[j.index.module.apply.resourcesUnion.entity.ResourcesUnion#8879], EntityKey[j.index.module.apply.resourcesUnion.entity.ResourcesUnion#8880], EntityKey[j.index.module.apply.resourcesUnion.entity.ResourcesUnion#8936], EntityKey[j.index.module.apply.resourcesUnion.entity.ResourcesUnion#8935], EntityKey[j.index.module.apply.resourcesUnion.entity.ResourcesUnion#8938], EntityKey[j.index.module.apply.resourcesUnion.entity.ResourcesUnion#8937], EntityKey[j.index.module.apply.resourcesUnion.entity.ResourcesUnion#8932], EntityKey[j.index.module.apply.resourcesUnion.entity.ResourcesUnion#8931], EntityKey[j.index.module.apply.resourcesUnion.entity.ResourcesUnion#8934], EntityKey[j.index.module.apply.resourcesUnion.entity.ResourcesUnion#8933], EntityKey[j.index.module.apply.resourcesUnion.entity.ResourcesUnion#8928], EntityKey[j.index.module.apply.resourcesUnion.entity.ResourcesUnion#8927], EntityKey[j.index.module.apply.resourcesUnion.entity.ResourcesUnion#8930], EntityKey[j.index.module.apply.resourcesUnion.entity.ResourcesUnion#8929], EntityKey[j.index.module.apply.resourcesUnion.entity.ResourcesUnion#8924], EntityKey[j.index.module.apply.resourcesUnion.entity.ResourcesUnion#8923], EntityKey[j.index.module.apply.resourcesUnion.entity.ResourcesUnion#8926], EntityKey[j.index.module.apply.resourcesUnion.entity.ResourcesUnion#8925], EntityKey[j.index.module.apply.resourcesUnion.entity.ResourcesUnion#8919], EntityKey[j.index.module.apply.resourcesUnion.entity.ResourcesUnion#8920], EntityKey[j.index.module.apply.resourcesUnion.entity.ResourcesUnion#8921], EntityKey[j.index.module.apply.resourcesUnion.entity.ResourcesUnion#8922], EntityKey[j.index.module.apply.resourcesUnion.entity.ResourcesUnion#8915], EntityKey[j.index.module.apply.resourcesUnion.entity.ResourcesUnion#8916], EntityKey[j.index.module.apply.resourcesUnion.entity.ResourcesUnion#8917], EntityKey[j.index.module.apply.resourcesUnion.entity.ResourcesUnion#8918], EntityKey[j.index.module.apply.resourcesUnion.entity.ResourcesUnion#8911], EntityKey[j.index.module.apply.resourcesUnion.entity.ResourcesUnion#8912], EntityKey[j.index.module.apply.resourcesUnion.entity.ResourcesUnion#8913], EntityKey[j.index.module.apply.resourcesUnion.entity.ResourcesUnion#8914], EntityKey[j.index.module.apply.resourcesUnion.entity.ResourcesUnion#8907], EntityKey[j.index.module.apply.resourcesUnion.entity.ResourcesUnion#8908], EntityKey[j.index.module.apply.resourcesUnion.entity.ResourcesUnion#8909], EntityKey[j.index.module.apply.resourcesUnion.entity.ResourcesUnion#8910], EntityKey[j.index.module.apply.resourcesUnion.entity.ResourcesUnion#8970], EntityKey[j.index.module.apply.resourcesUnion.entity.ResourcesUnion#8969], EntityKey[j.index.module.apply.resourcesUnion.entity.ResourcesUnion#8968], EntityKey[j.index.module.apply.resourcesUnion.entity.ResourcesUnion#8967], EntityKey[j.index.module.apply.resourcesUnion.entity.ResourcesUnion#8966], EntityKey[j.index.module.apply.resourcesUnion.entity.ResourcesUnion#8965], EntityKey[j.index.module.apply.resourcesUnion.entity.ResourcesUnion#8964], EntityKey[j.index.module.apply.resourcesUnion.entity.ResourcesUnion#8963], EntityKey[j.index.module.apply.resourcesUnion.entity.ResourcesUnion#8962], EntityKey[j.index.module.apply.resourcesUnion.entity.ResourcesUnion#8961], EntityKey[j.index.module.apply.resourcesUnion.entity.ResourcesUnion#8960], EntityKey[j.index.module.apply.resourcesUnion.entity.ResourcesUnion#8959], EntityKey[j.index.module.apply.resourcesUnion.entity.ResourcesUnion#8958], EntityKey[j.index.module.apply.resourcesUnion.entity.ResourcesUnion#8957], EntityKey[j.index.module.apply.resourcesUnion.entity.ResourcesUnion#8956], EntityKey[j.index.module.apply.resourcesUnion.entity.ResourcesUnion#8955], EntityKey[j.index.module.apply.resourcesUnion.entity.ResourcesUnion#8953], EntityKey[j.index.module.apply.resourcesUnion.entity.ResourcesUnion#8954], EntityKey[j.index.module.apply.resourcesUnion.entity.ResourcesUnion#8951], EntityKey[j.index.module.apply.resourcesUnion.entity.ResourcesUnion#8952], EntityKey[j.index.module.apply.resourcesUnion.entity.ResourcesUnion#8949], EntityKey[j.index.module.apply.resourcesUnion.entity.ResourcesUnion#8950], EntityKey[j.index.module.apply.resourcesUnion.entity.ResourcesUnion#8947], EntityKey[j.index.module.apply.resourcesUnion.entity.ResourcesUnion#8948], EntityKey[j.index.module.apply.resourcesUnion.entity.ResourcesUnion#8945], EntityKey[j.index.module.apply.resourcesUnion.entity.ResourcesUnion#8946], EntityKey[j.index.module.apply.resourcesUnion.entity.ResourcesUnion#8943], EntityKey[j.index.module.apply.resourcesUnion.entity.ResourcesUnion#8944], EntityKey[j.index.module.apply.resourcesUnion.entity.ResourcesUnion#8941], EntityKey[j.index.module.apply.resourcesUnion.entity.ResourcesUnion#8942], EntityKey[j.index.module.apply.resourcesUnion.entity.ResourcesUnion#8939], EntityKey[j.index.module.apply.resourcesUnion.entity.ResourcesUnion#8940], EntityKey[j.index.module.apply.resourcesUnion.entity.ResourcesUnion#8987], EntityKey[j.index.module.apply.resourcesUnion.entity.ResourcesUnion#8988], EntityKey[j.index.module.apply.resourcesUnion.entity.ResourcesUnion#8989], EntityKey[j.index.module.apply.resourcesUnion.entity.ResourcesUnion#8990], EntityKey[j.index.module.apply.resourcesUnion.entity.ResourcesUnion#8991], EntityKey[j.index.module.apply.resourcesUnion.entity.ResourcesUnion#8992], EntityKey[j.index.module.apply.resourcesUnion.entity.ResourcesUnion#8993], EntityKey[j.index.module.apply.resourcesUnion.entity.ResourcesUnion#8994], EntityKey[j.index.module.apply.resourcesUnion.entity.ResourcesUnion#8995], EntityKey[j.index.module.apply.resourcesUnion.entity.ResourcesUnion#8996], EntityKey[j.index.module.apply.resourcesUnion.entity.ResourcesUnion#8997], EntityKey[j.index.module.apply.resourcesUnion.entity.ResourcesUnion#8998], EntityKey[j.index.module.apply.resourcesUnion.entity.ResourcesUnion#8999], EntityKey[j.index.module.apply.resourcesUnion.entity.ResourcesUnion#9000], EntityKey[j.index.module.apply.resourcesUnion.entity.ResourcesUnion#9001], EntityKey[j.index.module.apply.resourcesUnion.entity.ResourcesUnion#9002], EntityKey[j.index.module.apply.resourcesUnion.entity.ResourcesUnion#8972], EntityKey[j.index.module.apply.resourcesUnion.entity.ResourcesUnion#8971], EntityKey[j.index.module.apply.resourcesUnion.entity.ResourcesUnion#8974], EntityKey[j.index.module.apply.resourcesUnion.entity.ResourcesUnion#8973], EntityKey[j.index.module.apply.resourcesUnion.entity.ResourcesUnion#8976], EntityKey[j.index.module.apply.resourcesUnion.entity.ResourcesUnion#8975], EntityKey[j.index.module.apply.resourcesUnion.entity.ResourcesUnion#8978], EntityKey[j.index.module.apply.resourcesUnion.entity.ResourcesUnion#8977], EntityKey[j.index.module.apply.resourcesUnion.entity.ResourcesUnion#8980], EntityKey[j.index.module.apply.resourcesUnion.entity.ResourcesUnion#8979], EntityKey[j.index.module.apply.resourcesUnion.entity.ResourcesUnion#8982], EntityKey[j.index.module.apply.resourcesUnion.entity.ResourcesUnion#8981], EntityKey[j.index.module.apply.resourcesUnion.entity.ResourcesUnion#8984], EntityKey[j.index.module.apply.resourcesUnion.entity.ResourcesUnion#8983], EntityKey[j.index.module.apply.resourcesUnion.entity.ResourcesUnion#8986], EntityKey[j.index.module.apply.resourcesUnion.entity.ResourcesUnion#8985], EntityKey[j.index.module.apply.resourcesUnion.entity.ResourcesUnion#9021], EntityKey[j.index.module.apply.resourcesUnion.entity.ResourcesUnion#9022], EntityKey[j.index.module.apply.resourcesUnion.entity.ResourcesUnion#9019], EntityKey[j.index.module.apply.resourcesUnion.entity.ResourcesUnion#9020], EntityKey[j.index.module.apply.resourcesUnion.entity.ResourcesUnion#9025], EntityKey[j.index.module.apply.resourcesUnion.entity.ResourcesUnion#9026], EntityKey[j.index.module.apply.resourcesUnion.entity.ResourcesUnion#9023], EntityKey[j.index.module.apply.resourcesUnion.entity.ResourcesUnion#9024], EntityKey[j.index.module.apply.resourcesUnion.entity.ResourcesUnion#9029], EntityKey[j.index.module.apply.resourcesUnion.entity.ResourcesUnion#9030], EntityKey[j.index.module.apply.resourcesUnion.entity.ResourcesUnion#9027], EntityKey[j.index.module.apply.resourcesUnion.entity.ResourcesUnion#9028], EntityKey[j.index.module.apply.resourcesUnion.entity.ResourcesUnion#9033], EntityKey[j.index.module.apply.resourcesUnion.entity.ResourcesUnion#9034], EntityKey[j.index.module.apply.resourcesUnion.entity.ResourcesUnion#9031], EntityKey[j.index.module.apply.resourcesUnion.entity.ResourcesUnion#9032], EntityKey[j.index.module.apply.resourcesUnion.entity.ResourcesUnion#9006], EntityKey[j.index.module.apply.resourcesUnion.entity.ResourcesUnion#9005], EntityKey[j.index.module.apply.resourcesUnion.entity.ResourcesUnion#9004], EntityKey[j.index.module.apply.resourcesUnion.entity.ResourcesUnion#9003], EntityKey[j.index.module.apply.resourcesUnion.entity.ResourcesUnion#9010], EntityKey[j.index.module.apply.resourcesUnion.entity.ResourcesUnion#9009], EntityKey[j.index.module.apply.resourcesUnion.entity.ResourcesUnion#9008], EntityKey[j.index.module.apply.resourcesUnion.entity.ResourcesUnion#9007], EntityKey[j.index.module.apply.resourcesUnion.entity.ResourcesUnion#9014], EntityKey[j.index.module.apply.resourcesUnion.entity.ResourcesUnion#9013], EntityKey[j.index.module.apply.resourcesUnion.entity.ResourcesUnion#9012], EntityKey[j.index.module.apply.resourcesUnion.entity.ResourcesUnion#9011], EntityKey[j.index.module.apply.resourcesUnion.entity.ResourcesUnion#9018], EntityKey[j.index.module.apply.resourcesUnion.entity.ResourcesUnion#9017], EntityKey[j.index.module.apply.resourcesUnion.entity.ResourcesUnion#9016], EntityKey[j.index.module.apply.resourcesUnion.entity.ResourcesUnion#9015], EntityKey[j.index.module.apply.resourcesUnion.entity.ResourcesUnion#9055], EntityKey[j.index.module.apply.resourcesUnion.entity.ResourcesUnion#9056], EntityKey[j.index.module.apply.resourcesUnion.entity.ResourcesUnion#9057], EntityKey[j.index.module.apply.resourcesUnion.entity.ResourcesUnion#9058], EntityKey[j.index.module.apply.resourcesUnion.entity.ResourcesUnion#9051], EntityKey[j.index.module.apply.resourcesUnion.entity.ResourcesUnion#9052], EntityKey[j.index.module.apply.resourcesUnion.entity.ResourcesUnion#9053], EntityKey[j.index.module.apply.resourcesUnion.entity.ResourcesUnion#9054], EntityKey[j.index.module.apply.resourcesUnion.entity.ResourcesUnion#9063], EntityKey[j.index.module.apply.resourcesUnion.entity.ResourcesUnion#9064], EntityKey[j.index.module.apply.resourcesUnion.entity.ResourcesUnion#9065], EntityKey[j.index.module.apply.resourcesUnion.entity.ResourcesUnion#9066], EntityKey[j.index.module.apply.resourcesUnion.entity.ResourcesUnion#9059], EntityKey[j.index.module.apply.resourcesUnion.entity.ResourcesUnion#9060], EntityKey[j.index.module.apply.resourcesUnion.entity.ResourcesUnion#9061], EntityKey[j.index.module.apply.resourcesUnion.entity.ResourcesUnion#9062], EntityKey[j.index.module.apply.resourcesUnion.entity.ResourcesUnion#9040], EntityKey[j.index.module.apply.resourcesUnion.entity.ResourcesUnion#9039], EntityKey[j.index.module.apply.resourcesUnion.entity.ResourcesUnion#9042], EntityKey[j.index.module.apply.resourcesUnion.entity.ResourcesUnion#9041], EntityKey[j.index.module.apply.resourcesUnion.entity.ResourcesUnion#9036], EntityKey[j.index.module.apply.resourcesUnion.entity.ResourcesUnion#9035], EntityKey[j.index.module.apply.resourcesUnion.entity.ResourcesUnion#9038], EntityKey[j.index.module.apply.resourcesUnion.entity.ResourcesUnion#9037], EntityKey[j.index.module.apply.resourcesUnion.entity.ResourcesUnion#9048], EntityKey[j.index.module.apply.resourcesUnion.entity.ResourcesUnion#9047], EntityKey[j.index.module.apply.resourcesUnion.entity.ResourcesUnion#9050], EntityKey[j.index.module.apply.resourcesUnion.entity.ResourcesUnion#9049], EntityKey[j.index.module.apply.resourcesUnion.entity.ResourcesUnion#9044], EntityKey[j.index.module.apply.resourcesUnion.entity.ResourcesUnion#9043], EntityKey[j.index.module.apply.resourcesUnion.entity.ResourcesUnion#9046], EntityKey[j.index.module.apply.resourcesUnion.entity.ResourcesUnion#9045], EntityKey[j.index.module.apply.resourcesUnion.entity.ResourcesUnion#9089], EntityKey[j.index.module.apply.resourcesUnion.entity.ResourcesUnion#9090], EntityKey[j.index.module.apply.resourcesUnion.entity.ResourcesUnion#9087], EntityKey[j.index.module.apply.resourcesUnion.entity.ResourcesUnion#9088], EntityKey[j.index.module.apply.resourcesUnion.entity.ResourcesUnion#9085], EntityKey[j.index.module.apply.resourcesUnion.entity.ResourcesUnion#9086], EntityKey[j.index.module.apply.resourcesUnion.entity.ResourcesUnion#9083], EntityKey[j.index.module.apply.resourcesUnion.entity.ResourcesUnion#9084], EntityKey[j.index.module.apply.resourcesUnion.entity.ResourcesUnion#9097], EntityKey[j.index.module.apply.resourcesUnion.entity.ResourcesUnion#9098], EntityKey[j.index.module.apply.resourcesUnion.entity.ResourcesUnion#9095], EntityKey[j.index.module.apply.resourcesUnion.entity.ResourcesUnion#9096], EntityKey[j.index.module.apply.resourcesUnion.entity.ResourcesUnion#9093], EntityKey[j.index.module.apply.resourcesUnion.entity.ResourcesUnion#9094], EntityKey[j.index.module.apply.resourcesUnion.entity.ResourcesUnion#9091], EntityKey[j.index.module.apply.resourcesUnion.entity.ResourcesUnion#9092], EntityKey[j.index.module.apply.resourcesUnion.entity.ResourcesUnion#9074], EntityKey[j.index.module.apply.resourcesUnion.entity.ResourcesUnion#9073], EntityKey[j.index.module.apply.resourcesUnion.entity.ResourcesUnion#9072], EntityKey[j.index.module.apply.resourcesUnion.entity.ResourcesUnion#9071], EntityKey[j.index.module.apply.resourcesUnion.entity.ResourcesUnion#9070], EntityKey[j.index.module.apply.resourcesUnion.entity.ResourcesUnion#9069], EntityKey[j.index.module.apply.resourcesUnion.entity.ResourcesUnion#9068], EntityKey[j.index.module.apply.resourcesUnion.entity.ResourcesUnion#9067], EntityKey[j.index.module.apply.resourcesUnion.entity.ResourcesUnion#9082], EntityKey[j.index.module.apply.resourcesUnion.entity.ResourcesUnion#9081], EntityKey[j.index.module.apply.resourcesUnion.entity.ResourcesUnion#9080], EntityKey[j.index.module.apply.resourcesUnion.entity.ResourcesUnion#9079], EntityKey[j.index.module.apply.resourcesUnion.entity.ResourcesUnion#9078], EntityKey[j.index.module.apply.resourcesUnion.entity.ResourcesUnion#9077], EntityKey[j.index.module.apply.resourcesUnion.entity.ResourcesUnion#9076], EntityKey[j.index.module.apply.resourcesUnion.entity.ResourcesUnion#9075], EntityKey[j.index.module.apply.resourcesUnion.entity.ResourcesUnion#10371], EntityKey[j.index.module.apply.resourcesUnion.entity.ResourcesUnion#10372], EntityKey[j.index.module.apply.resourcesUnion.entity.ResourcesUnion#10373], EntityKey[j.index.module.apply.resourcesUnion.entity.ResourcesUnion#10374], EntityKey[j.index.module.apply.resourcesUnion.entity.ResourcesUnion#10375], EntityKey[j.index.module.apply.resourcesUnion.entity.ResourcesUnion#10376], EntityKey[j.index.module.apply.resourcesUnion.entity.ResourcesUnion#10377], EntityKey[j.index.module.apply.resourcesUnion.entity.ResourcesUnion#10378], EntityKey[j.index.module.apply.resourcesUnion.entity.ResourcesUnion#10363], EntityKey[j.index.module.apply.resourcesUnion.entity.ResourcesUnion#10364], EntityKey[j.index.module.apply.resourcesUnion.entity.ResourcesUnion#10365], EntityKey[j.index.module.apply.resourcesUnion.entity.ResourcesUnion#10366], EntityKey[j.index.module.apply.resourcesUnion.entity.ResourcesUnion#10367], EntityKey[j.index.module.apply.resourcesUnion.entity.ResourcesUnion#10368], EntityKey[j.index.module.apply.resourcesUnion.entity.ResourcesUnion#10369], EntityKey[j.index.module.apply.resourcesUnion.entity.ResourcesUnion#10370], EntityKey[j.index.module.apply.resourcesUnion.entity.ResourcesUnion#10356], EntityKey[j.index.module.apply.resourcesUnion.entity.ResourcesUnion#10355], EntityKey[j.index.module.apply.resourcesUnion.entity.ResourcesUnion#10358], EntityKey[j.index.module.apply.resourcesUnion.entity.ResourcesUnion#10357], EntityKey[j.index.module.apply.resourcesUnion.entity.ResourcesUnion#10360], EntityKey[j.index.module.apply.resourcesUnion.entity.ResourcesUnion#10359], EntityKey[j.index.module.apply.resourcesUnion.entity.ResourcesUnion#10362], EntityKey[j.index.module.apply.resourcesUnion.entity.ResourcesUnion#10361], EntityKey[j.index.module.apply.resourcesUnion.entity.ResourcesUnion#10348], EntityKey[j.index.module.apply.resourcesUnion.entity.ResourcesUnion#10347], EntityKey[j.index.module.apply.resourcesUnion.entity.ResourcesUnion#10350], EntityKey[j.index.module.apply.resourcesUnion.entity.ResourcesUnion#10349], EntityKey[j.index.module.apply.resourcesUnion.entity.ResourcesUnion#10352], EntityKey[j.index.module.apply.resourcesUnion.entity.ResourcesUnion#10351], EntityKey[j.index.module.apply.resourcesUnion.entity.ResourcesUnion#10354], EntityKey[j.index.module.apply.resourcesUnion.entity.ResourcesUnion#10353], EntityKey[j.index.module.apply.resourcesUnion.entity.ResourcesUnion#10341], EntityKey[j.index.module.apply.resourcesUnion.entity.ResourcesUnion#10342], EntityKey[j.index.module.apply.resourcesUnion.entity.ResourcesUnion#10339], EntityKey[j.index.module.apply.resourcesUnion.entity.ResourcesUnion#10340], EntityKey[j.index.module.apply.resourcesUnion.entity.ResourcesUnion#10345], EntityKey[j.index.module.apply.resourcesUnion.entity.ResourcesUnion#10346], EntityKey[j.index.module.apply.resourcesUnion.entity.ResourcesUnion#10343], EntityKey[j.index.module.apply.resourcesUnion.entity.ResourcesUnion#10344], EntityKey[j.index.module.apply.resourcesUnion.entity.ResourcesUnion#10333], EntityKey[j.index.module.apply.resourcesUnion.entity.ResourcesUnion#10334], EntityKey[j.index.module.apply.resourcesUnion.entity.ResourcesUnion#10331], EntityKey[j.index.module.apply.resourcesUnion.entity.ResourcesUnion#10332], EntityKey[j.index.module.apply.resourcesUnion.entity.ResourcesUnion#10337], EntityKey[j.index.module.apply.resourcesUnion.entity.ResourcesUnion#10338], EntityKey[j.index.module.apply.resourcesUnion.entity.ResourcesUnion#10335], EntityKey[j.index.module.apply.resourcesUnion.entity.ResourcesUnion#10336], EntityKey[j.index.module.apply.resourcesUnion.entity.ResourcesUnion#10326], EntityKey[j.index.module.apply.resourcesUnion.entity.ResourcesUnion#10325], EntityKey[j.index.module.apply.resourcesUnion.entity.ResourcesUnion#10324], EntityKey[j.index.module.apply.resourcesUnion.entity.ResourcesUnion#10323], EntityKey[j.index.module.apply.resourcesUnion.entity.ResourcesUnion#10330], EntityKey[j.index.module.apply.resourcesUnion.entity.ResourcesUnion#10329], EntityKey[j.index.module.apply.resourcesUnion.entity.ResourcesUnion#10328], EntityKey[j.index.module.apply.resourcesUnion.entity.ResourcesUnion#10327], EntityKey[j.index.module.apply.resourcesUnion.entity.ResourcesUnion#10318], EntityKey[j.index.module.apply.resourcesUnion.entity.ResourcesUnion#10317], EntityKey[j.index.module.apply.resourcesUnion.entity.ResourcesUnion#10316], EntityKey[j.index.module.apply.resourcesUnion.entity.ResourcesUnion#10315], EntityKey[j.index.module.apply.resourcesUnion.entity.ResourcesUnion#10322], EntityKey[j.index.module.apply.resourcesUnion.entity.ResourcesUnion#10321], EntityKey[j.index.module.apply.resourcesUnion.entity.ResourcesUnion#10320], EntityKey[j.index.module.apply.resourcesUnion.entity.ResourcesUnion#10319], EntityKey[j.index.module.apply.resourcesUnion.entity.ResourcesUnion#10311], EntityKey[j.index.module.apply.resourcesUnion.entity.ResourcesUnion#10312], EntityKey[j.index.module.apply.resourcesUnion.entity.ResourcesUnion#10313], EntityKey[j.index.module.apply.resourcesUnion.entity.ResourcesUnion#10314], EntityKey[j.index.module.apply.resourcesUnion.entity.ResourcesUnion#10307], EntityKey[j.index.module.apply.resourcesUnion.entity.ResourcesUnion#10308], EntityKey[j.index.module.apply.resourcesUnion.entity.ResourcesUnion#10309], EntityKey[j.index.module.apply.resourcesUnion.entity.ResourcesUnion#10310], EntityKey[j.index.module.apply.resourcesUnion.entity.ResourcesUnion#10303], EntityKey[j.index.module.apply.resourcesUnion.entity.ResourcesUnion#10304], EntityKey[j.index.module.apply.resourcesUnion.entity.ResourcesUnion#10305], EntityKey[j.index.module.apply.resourcesUnion.entity.ResourcesUnion#10306], EntityKey[j.index.module.apply.resourcesUnion.entity.ResourcesUnion#10299], EntityKey[j.index.module.apply.resourcesUnion.entity.ResourcesUnion#10300], EntityKey[j.index.module.apply.resourcesUnion.entity.ResourcesUnion#10301], EntityKey[j.index.module.apply.resourcesUnion.entity.ResourcesUnion#10302], EntityKey[j.index.module.apply.resourcesUnion.entity.ResourcesUnion#10296], EntityKey[j.index.module.apply.resourcesUnion.entity.ResourcesUnion#10295], EntityKey[j.index.module.apply.resourcesUnion.entity.ResourcesUnion#10298], EntityKey[j.index.module.apply.resourcesUnion.entity.ResourcesUnion#10297], EntityKey[j.index.module.apply.resourcesUnion.entity.ResourcesUnion#10292], EntityKey[j.index.module.apply.resourcesUnion.entity.ResourcesUnion#10291], EntityKey[j.index.module.apply.resourcesUnion.entity.ResourcesUnion#10294], EntityKey[j.index.module.apply.resourcesUnion.entity.ResourcesUnion#10293], EntityKey[j.index.module.apply.resourcesUnion.entity.ResourcesUnion#10288], EntityKey[j.index.module.apply.resourcesUnion.entity.ResourcesUnion#10287], EntityKey[j.index.module.apply.resourcesUnion.entity.ResourcesUnion#10290], EntityKey[j.index.module.apply.resourcesUnion.entity.ResourcesUnion#10289], EntityKey[j.index.module.apply.resourcesUnion.entity.ResourcesUnion#10284], EntityKey[j.index.module.apply.resourcesUnion.entity.ResourcesUnion#10283], EntityKey[j.index.module.apply.resourcesUnion.entity.ResourcesUnion#10286], EntityKey[j.index.module.apply.resourcesUnion.entity.ResourcesUnion#10285], EntityKey[j.index.module.apply.resourcesUnion.entity.ResourcesUnion#10281], EntityKey[j.index.module.apply.resourcesUnion.entity.ResourcesUnion#10282], EntityKey[j.index.module.apply.resourcesUnion.entity.ResourcesUnion#10279], EntityKey[j.index.module.apply.resourcesUnion.entity.ResourcesUnion#10280], EntityKey[j.index.module.apply.resourcesUnion.entity.ResourcesUnion#10277], EntityKey[j.index.module.apply.resourcesUnion.entity.ResourcesUnion#10278], EntityKey[j.index.module.apply.resourcesUnion.entity.ResourcesUnion#10275], EntityKey[j.index.module.apply.resourcesUnion.entity.ResourcesUnion#10276], EntityKey[j.index.module.apply.resourcesUnion.entity.ResourcesUnion#10273], EntityKey[j.index.module.apply.resourcesUnion.entity.ResourcesUnion#10274], EntityKey[j.index.module.apply.resourcesUnion.entity.ResourcesUnion#10271], EntityKey[j.index.module.apply.resourcesUnion.entity.ResourcesUnion#10272], EntityKey[j.index.module.apply.resourcesUnion.entity.ResourcesUnion#10269], EntityKey[j.index.module.apply.resourcesUnion.entity.ResourcesUnion#10270], EntityKey[j.index.module.apply.resourcesUnion.entity.ResourcesUnion#10267], EntityKey[j.index.module.apply.resourcesUnion.entity.ResourcesUnion#10268], EntityKey[j.index.module.apply.resourcesUnion.entity.ResourcesUnion#10266], EntityKey[j.index.module.apply.resourcesUnion.entity.ResourcesUnion#10265], EntityKey[j.index.module.apply.resourcesUnion.entity.ResourcesUnion#10264], EntityKey[j.index.module.apply.resourcesUnion.entity.ResourcesUnion#10263], EntityKey[j.index.module.apply.resourcesUnion.entity.ResourcesUnion#10262], EntityKey[j.index.module.apply.resourcesUnion.entity.ResourcesUnion#10261], EntityKey[j.index.module.apply.resourcesUnion.entity.ResourcesUnion#10260], EntityKey[j.index.module.apply.resourcesUnion.entity.ResourcesUnion#10259], EntityKey[j.index.module.apply.resourcesUnion.entity.ResourcesUnion#10258], EntityKey[j.index.module.apply.resourcesUnion.entity.ResourcesUnion#10257], EntityKey[j.index.module.apply.resourcesUnion.entity.ResourcesUnion#10256], EntityKey[j.index.module.apply.resourcesUnion.entity.ResourcesUnion#10255], EntityKey[j.index.module.apply.resourcesUnion.entity.ResourcesUnion#10254], EntityKey[j.index.module.apply.resourcesUnion.entity.ResourcesUnion#10253], EntityKey[j.index.module.apply.resourcesUnion.entity.ResourcesUnion#10252], EntityKey[j.index.module.apply.resourcesUnion.entity.ResourcesUnion#10251], EntityKey[j.index.module.apply.resourcesUnion.entity.ResourcesUnion#10236], EntityKey[j.index.module.apply.resourcesUnion.entity.ResourcesUnion#10235], EntityKey[j.index.module.apply.resourcesUnion.entity.ResourcesUnion#10238], EntityKey[j.index.module.apply.resourcesUnion.entity.ResourcesUnion#10237], EntityKey[j.index.module.apply.resourcesUnion.entity.ResourcesUnion#10240], EntityKey[j.index.module.apply.resourcesUnion.entity.ResourcesUnion#10239], EntityKey[j.index.module.apply.resourcesUnion.entity.ResourcesUnion#10242], EntityKey[j.index.module.apply.resourcesUnion.entity.ResourcesUnion#10241], EntityKey[j.index.module.apply.resourcesUnion.entity.ResourcesUnion#10244], EntityKey[j.index.module.apply.resourcesUnion.entity.ResourcesUnion#10243], EntityKey[j.index.module.apply.resourcesUnion.entity.ResourcesUnion#10246], EntityKey[j.index.module.apply.resourcesUnion.entity.ResourcesUnion#10245], EntityKey[j.index.module.apply.resourcesUnion.entity.ResourcesUnion#10248], EntityKey[j.index.module.apply.resourcesUnion.entity.ResourcesUnion#10247], EntityKey[j.index.module.apply.resourcesUnion.entity.ResourcesUnion#10250], EntityKey[j.index.module.apply.resourcesUnion.entity.ResourcesUnion#10249], EntityKey[j.index.module.apply.resourcesUnion.entity.ResourcesUnion#10219], EntityKey[j.index.module.apply.resourcesUnion.entity.ResourcesUnion#10220], EntityKey[j.index.module.apply.resourcesUnion.entity.ResourcesUnion#10221], EntityKey[j.index.module.apply.resourcesUnion.entity.ResourcesUnion#10222], EntityKey[j.index.module.apply.resourcesUnion.entity.ResourcesUnion#10223], EntityKey[j.index.module.apply.resourcesUnion.entity.ResourcesUnion#10224], EntityKey[j.index.module.apply.resourcesUnion.entity.ResourcesUnion#10225], EntityKey[j.index.module.apply.resourcesUnion.entity.ResourcesUnion#10226], EntityKey[j.index.module.apply.resourcesUnion.entity.ResourcesUnion#10227], EntityKey[j.index.module.apply.resourcesUnion.entity.ResourcesUnion#10228], EntityKey[j.index.module.apply.resourcesUnion.entity.ResourcesUnion#10229], EntityKey[j.index.module.apply.resourcesUnion.entity.ResourcesUnion#10230], EntityKey[j.index.module.apply.resourcesUnion.entity.ResourcesUnion#10231], EntityKey[j.index.module.apply.resourcesUnion.entity.ResourcesUnion#10232], EntityKey[j.index.module.apply.resourcesUnion.entity.ResourcesUnion#10233], EntityKey[j.index.module.apply.resourcesUnion.entity.ResourcesUnion#10234], EntityKey[j.index.module.apply.resourcesUnion.entity.ResourcesUnion#10206], EntityKey[j.index.module.apply.resourcesUnion.entity.ResourcesUnion#10205], EntityKey[j.index.module.apply.resourcesUnion.entity.ResourcesUnion#10204], EntityKey[j.index.module.apply.resourcesUnion.entity.ResourcesUnion#10203], EntityKey[j.index.module.apply.resourcesUnion.entity.ResourcesUnion#10210], EntityKey[j.index.module.apply.resourcesUnion.entity.ResourcesUnion#10209], EntityKey[j.index.module.apply.resourcesUnion.entity.ResourcesUnion#10208], EntityKey[j.index.module.apply.resourcesUnion.entity.ResourcesUnion#10207], EntityKey[j.index.module.apply.resourcesUnion.entity.ResourcesUnion#10214], EntityKey[j.index.module.apply.resourcesUnion.entity.ResourcesUnion#10213], EntityKey[j.index.module.apply.resourcesUnion.entity.ResourcesUnion#10212], EntityKey[j.index.module.apply.resourcesUnion.entity.ResourcesUnion#10211], EntityKey[j.index.module.apply.resourcesUnion.entity.ResourcesUnion#10218], EntityKey[j.index.module.apply.resourcesUnion.entity.ResourcesUnion#10217], EntityKey[j.index.module.apply.resourcesUnion.entity.ResourcesUnion#10216], EntityKey[j.index.module.apply.resourcesUnion.entity.ResourcesUnion#10215], EntityKey[j.index.module.apply.resourcesUnion.entity.ResourcesUnion#10189], EntityKey[j.index.module.apply.resourcesUnion.entity.ResourcesUnion#10190], EntityKey[j.index.module.apply.resourcesUnion.entity.ResourcesUnion#10187], EntityKey[j.index.module.apply.resourcesUnion.entity.ResourcesUnion#10188], EntityKey[j.index.module.apply.resourcesUnion.entity.ResourcesUnion#10193], EntityKey[j.index.module.apply.resourcesUnion.entity.ResourcesUnion#10194], EntityKey[j.index.module.apply.resourcesUnion.entity.ResourcesUnion#10191], EntityKey[j.index.module.apply.resourcesUnion.entity.ResourcesUnion#10192], EntityKey[j.index.module.apply.resourcesUnion.entity.ResourcesUnion#10197], EntityKey[j.index.module.apply.resourcesUnion.entity.ResourcesUnion#10198], EntityKey[j.index.module.apply.resourcesUnion.entity.ResourcesUnion#10195], EntityKey[j.index.module.apply.resourcesUnion.entity.ResourcesUnion#10196], EntityKey[j.index.module.apply.resourcesUnion.entity.ResourcesUnion#10201], EntityKey[j.index.module.apply.resourcesUnion.entity.ResourcesUnion#10202], EntityKey[j.index.module.apply.resourcesUnion.entity.ResourcesUnion#10199], EntityKey[j.index.module.apply.resourcesUnion.entity.ResourcesUnion#10200], EntityKey[j.index.module.apply.resourcesUnion.entity.ResourcesUnion#10176], EntityKey[j.index.module.apply.resourcesUnion.entity.ResourcesUnion#10175], EntityKey[j.index.module.apply.resourcesUnion.entity.ResourcesUnion#10178], EntityKey[j.index.module.apply.resourcesUnion.entity.ResourcesUnion#10177], EntityKey[j.index.module.apply.resourcesUnion.entity.ResourcesUnion#10172], EntityKey[j.index.module.apply.resourcesUnion.entity.ResourcesUnion#10171], EntityKey[j.index.module.apply.resourcesUnion.entity.ResourcesUnion#10174], EntityKey[j.index.module.apply.resourcesUnion.entity.ResourcesUnion#10173], EntityKey[j.index.module.apply.resourcesUnion.entity.ResourcesUnion#10184], EntityKey[j.index.module.apply.resourcesUnion.entity.ResourcesUnion#10183], EntityKey[j.index.module.apply.resourcesUnion.entity.ResourcesUnion#10186], EntityKey[j.index.module.apply.resourcesUnion.entity.ResourcesUnion#10185], EntityKey[j.index.module.apply.resourcesUnion.entity.ResourcesUnion#10180], EntityKey[j.index.module.apply.resourcesUnion.entity.ResourcesUnion#10179], EntityKey[j.index.module.apply.resourcesUnion.entity.ResourcesUnion#10182], EntityKey[j.index.module.apply.resourcesUnion.entity.ResourcesUnion#10181], EntityKey[j.index.module.apply.resourcesUnion.entity.ResourcesUnion#10159], EntityKey[j.index.module.apply.resourcesUnion.entity.ResourcesUnion#10160], EntityKey[j.index.module.apply.resourcesUnion.entity.ResourcesUnion#10161], EntityKey[j.index.module.apply.resourcesUnion.entity.ResourcesUnion#10162], EntityKey[j.index.module.apply.resourcesUnion.entity.ResourcesUnion#10155], EntityKey[j.index.module.apply.resourcesUnion.entity.ResourcesUnion#10156], EntityKey[j.index.module.apply.resourcesUnion.entity.ResourcesUnion#10157], EntityKey[j.index.module.apply.resourcesUnion.entity.ResourcesUnion#10158], EntityKey[j.index.module.apply.resourcesUnion.entity.ResourcesUnion#10167], EntityKey[j.index.module.apply.resourcesUnion.entity.ResourcesUnion#10168], EntityKey[j.index.module.apply.resourcesUnion.entity.ResourcesUnion#10169], EntityKey[j.index.module.apply.resourcesUnion.entity.ResourcesUnion#10170], EntityKey[j.index.module.apply.resourcesUnion.entity.ResourcesUnion#10163], EntityKey[j.index.module.apply.resourcesUnion.entity.ResourcesUnion#10164], EntityKey[j.index.module.apply.resourcesUnion.entity.ResourcesUnion#10165], EntityKey[j.index.module.apply.resourcesUnion.entity.ResourcesUnion#10166], EntityKey[j.index.module.apply.resourcesUnion.entity.ResourcesUnion#10146], EntityKey[j.index.module.apply.resourcesUnion.entity.ResourcesUnion#10145], EntityKey[j.index.module.apply.resourcesUnion.entity.ResourcesUnion#10144], EntityKey[j.index.module.apply.resourcesUnion.entity.ResourcesUnion#10143], EntityKey[j.index.module.apply.resourcesUnion.entity.ResourcesUnion#10142], EntityKey[j.index.module.apply.resourcesUnion.entity.ResourcesUnion#10141], EntityKey[j.index.module.apply.resourcesUnion.entity.ResourcesUnion#10140], EntityKey[j.index.module.apply.resourcesUnion.entity.ResourcesUnion#10139], EntityKey[j.index.module.apply.resourcesUnion.entity.ResourcesUnion#10154], EntityKey[j.index.module.apply.resourcesUnion.entity.ResourcesUnion#10153], EntityKey[j.index.module.apply.resourcesUnion.entity.ResourcesUnion#10152], EntityKey[j.index.module.apply.resourcesUnion.entity.ResourcesUnion#10151], EntityKey[j.index.module.apply.resourcesUnion.entity.ResourcesUnion#10150], EntityKey[j.index.module.apply.resourcesUnion.entity.ResourcesUnion#10149], EntityKey[j.index.module.apply.resourcesUnion.entity.ResourcesUnion#10148], EntityKey[j.index.module.apply.resourcesUnion.entity.ResourcesUnion#10147], EntityKey[j.index.module.apply.resourcesUnion.entity.ResourcesUnion#10129], EntityKey[j.index.module.apply.resourcesUnion.entity.ResourcesUnion#10130], EntityKey[j.index.module.apply.resourcesUnion.entity.ResourcesUnion#10127], EntityKey[j.index.module.apply.resourcesUnion.entity.ResourcesUnion#10128], EntityKey[j.index.module.apply.resourcesUnion.entity.ResourcesUnion#10125], EntityKey[j.index.module.apply.resourcesUnion.entity.ResourcesUnion#10126], EntityKey[j.index.module.apply.resourcesUnion.entity.ResourcesUnion#10123], EntityKey[j.index.module.apply.resourcesUnion.entity.ResourcesUnion#10124], EntityKey[j.index.module.apply.resourcesUnion.entity.ResourcesUnion#10137], EntityKey[j.index.module.apply.resourcesUnion.entity.ResourcesUnion#10138], EntityKey[j.index.module.apply.resourcesUnion.entity.ResourcesUnion#10135], EntityKey[j.index.module.apply.resourcesUnion.entity.ResourcesUnion#10136], EntityKey[j.index.module.apply.resourcesUnion.entity.ResourcesUnion#10133], EntityKey[j.index.module.apply.resourcesUnion.entity.ResourcesUnion#10134], EntityKey[j.index.module.apply.resourcesUnion.entity.ResourcesUnion#10131], EntityKey[j.index.module.apply.resourcesUnion.entity.ResourcesUnion#10132], EntityKey[j.index.module.apply.resourcesUnion.entity.ResourcesUnion#10614], EntityKey[j.index.module.apply.resourcesUnion.entity.ResourcesUnion#10613], EntityKey[j.index.module.apply.resourcesUnion.entity.ResourcesUnion#10612], EntityKey[j.index.module.apply.resourcesUnion.entity.ResourcesUnion#10611], EntityKey[j.index.module.apply.resourcesUnion.entity.ResourcesUnion#10618], EntityKey[j.index.module.apply.resourcesUnion.entity.ResourcesUnion#10617], EntityKey[j.index.module.apply.resourcesUnion.entity.ResourcesUnion#10616], EntityKey[j.index.module.apply.resourcesUnion.entity.ResourcesUnion#10615], EntityKey[j.index.module.apply.resourcesUnion.entity.ResourcesUnion#10606], EntityKey[j.index.module.apply.resourcesUnion.entity.ResourcesUnion#10605], EntityKey[j.index.module.apply.resourcesUnion.entity.ResourcesUnion#10604], EntityKey[j.index.module.apply.resourcesUnion.entity.ResourcesUnion#10603], EntityKey[j.index.module.apply.resourcesUnion.entity.ResourcesUnion#10610], EntityKey[j.index.module.apply.resourcesUnion.entity.ResourcesUnion#10609], EntityKey[j.index.module.apply.resourcesUnion.entity.ResourcesUnion#10608], EntityKey[j.index.module.apply.resourcesUnion.entity.ResourcesUnion#10607], EntityKey[j.index.module.apply.resourcesUnion.entity.ResourcesUnion#10629], EntityKey[j.index.module.apply.resourcesUnion.entity.ResourcesUnion#10630], EntityKey[j.index.module.apply.resourcesUnion.entity.ResourcesUnion#10627], EntityKey[j.index.module.apply.resourcesUnion.entity.ResourcesUnion#10628], EntityKey[j.index.module.apply.resourcesUnion.entity.ResourcesUnion#10633], EntityKey[j.index.module.apply.resourcesUnion.entity.ResourcesUnion#10634], EntityKey[j.index.module.apply.resourcesUnion.entity.ResourcesUnion#10631], EntityKey[j.index.module.apply.resourcesUnion.entity.ResourcesUnion#10632], EntityKey[j.index.module.apply.resourcesUnion.entity.ResourcesUnion#10621], EntityKey[j.index.module.apply.resourcesUnion.entity.ResourcesUnion#10622], EntityKey[j.index.module.apply.resourcesUnion.entity.ResourcesUnion#10619], EntityKey[j.index.module.apply.resourcesUnion.entity.ResourcesUnion#10620], EntityKey[j.index.module.apply.resourcesUnion.entity.ResourcesUnion#10625], EntityKey[j.index.module.apply.resourcesUnion.entity.ResourcesUnion#10626], EntityKey[j.index.module.apply.resourcesUnion.entity.ResourcesUnion#10623], EntityKey[j.index.module.apply.resourcesUnion.entity.ResourcesUnion#10624], EntityKey[j.index.module.apply.resourcesUnion.entity.ResourcesUnion#10580], EntityKey[j.index.module.apply.resourcesUnion.entity.ResourcesUnion#10579], EntityKey[j.index.module.apply.resourcesUnion.entity.ResourcesUnion#10582], EntityKey[j.index.module.apply.resourcesUnion.entity.ResourcesUnion#10581], EntityKey[j.index.module.apply.resourcesUnion.entity.ResourcesUnion#10584], EntityKey[j.index.module.apply.resourcesUnion.entity.ResourcesUnion#10583], EntityKey[j.index.module.apply.resourcesUnion.entity.ResourcesUnion#10586], EntityKey[j.index.module.apply.resourcesUnion.entity.ResourcesUnion#10585], EntityKey[j.index.module.apply.resourcesUnion.entity.ResourcesUnion#10572], EntityKey[j.index.module.apply.resourcesUnion.entity.ResourcesUnion#10571], EntityKey[j.index.module.apply.resourcesUnion.entity.ResourcesUnion#10574], EntityKey[j.index.module.apply.resourcesUnion.entity.ResourcesUnion#10573], EntityKey[j.index.module.apply.resourcesUnion.entity.ResourcesUnion#10576], EntityKey[j.index.module.apply.resourcesUnion.entity.ResourcesUnion#10575], EntityKey[j.index.module.apply.resourcesUnion.entity.ResourcesUnion#10578], EntityKey[j.index.module.apply.resourcesUnion.entity.ResourcesUnion#10577], EntityKey[j.index.module.apply.resourcesUnion.entity.ResourcesUnion#10595], EntityKey[j.index.module.apply.resourcesUnion.entity.ResourcesUnion#10596], EntityKey[j.index.module.apply.resourcesUnion.entity.ResourcesUnion#10597], EntityKey[j.index.module.apply.resourcesUnion.entity.ResourcesUnion#10598], EntityKey[j.index.module.apply.resourcesUnion.entity.ResourcesUnion#10599], EntityKey[j.index.module.apply.resourcesUnion.entity.ResourcesUnion#10600], EntityKey[j.index.module.apply.resourcesUnion.entity.ResourcesUnion#10601], EntityKey[j.index.module.apply.resourcesUnion.entity.ResourcesUnion#10602], EntityKey[j.index.module.apply.resourcesUnion.entity.ResourcesUnion#10587], EntityKey[j.index.module.apply.resourcesUnion.entity.ResourcesUnion#10588], EntityKey[j.index.module.apply.resourcesUnion.entity.ResourcesUnion#10589], EntityKey[j.index.module.apply.resourcesUnion.entity.ResourcesUnion#10590], EntityKey[j.index.module.apply.resourcesUnion.entity.ResourcesUnion#10591], EntityKey[j.index.module.apply.resourcesUnion.entity.ResourcesUnion#10592], EntityKey[j.index.module.apply.resourcesUnion.entity.ResourcesUnion#10593], EntityKey[j.index.module.apply.resourcesUnion.entity.ResourcesUnion#10594], EntityKey[j.index.module.apply.resourcesUnion.entity.ResourcesUnion#10554], EntityKey[j.index.module.apply.resourcesUnion.entity.ResourcesUnion#10553], EntityKey[j.index.module.apply.resourcesUnion.entity.ResourcesUnion#10552], EntityKey[j.index.module.apply.resourcesUnion.entity.ResourcesUnion#10551], EntityKey[j.index.module.apply.resourcesUnion.entity.ResourcesUnion#10550], EntityKey[j.index.module.apply.resourcesUnion.entity.ResourcesUnion#10549], EntityKey[j.index.module.apply.resourcesUnion.entity.ResourcesUnion#10548], EntityKey[j.index.module.apply.resourcesUnion.entity.ResourcesUnion#10547], EntityKey[j.index.module.apply.resourcesUnion.entity.ResourcesUnion#10546], EntityKey[j.index.module.apply.resourcesUnion.entity.ResourcesUnion#10545], EntityKey[j.index.module.apply.resourcesUnion.entity.ResourcesUnion#10544], EntityKey[j.index.module.apply.resourcesUnion.entity.ResourcesUnion#10543], EntityKey[j.index.module.apply.resourcesUnion.entity.ResourcesUnion#10542], EntityKey[j.index.module.apply.resourcesUnion.entity.ResourcesUnion#10541], EntityKey[j.index.module.apply.resourcesUnion.entity.ResourcesUnion#10540], EntityKey[j.index.module.apply.resourcesUnion.entity.ResourcesUnion#10539], EntityKey[j.index.module.apply.resourcesUnion.entity.ResourcesUnion#10569], EntityKey[j.index.module.apply.resourcesUnion.entity.ResourcesUnion#10570], EntityKey[j.index.module.apply.resourcesUnion.entity.ResourcesUnion#10567], EntityKey[j.index.module.apply.resourcesUnion.entity.ResourcesUnion#10568], EntityKey[j.index.module.apply.resourcesUnion.entity.ResourcesUnion#10565], EntityKey[j.index.module.apply.resourcesUnion.entity.ResourcesUnion#10566], EntityKey[j.index.module.apply.resourcesUnion.entity.ResourcesUnion#10563], EntityKey[j.index.module.apply.resourcesUnion.entity.ResourcesUnion#10564], EntityKey[j.index.module.apply.resourcesUnion.entity.ResourcesUnion#10561], EntityKey[j.index.module.apply.resourcesUnion.entity.ResourcesUnion#10562], EntityKey[j.index.module.apply.resourcesUnion.entity.ResourcesUnion#10559], EntityKey[j.index.module.apply.resourcesUnion.entity.ResourcesUnion#10560], EntityKey[j.index.module.apply.resourcesUnion.entity.ResourcesUnion#10557], EntityKey[j.index.module.apply.resourcesUnion.entity.ResourcesUnion#10558], EntityKey[j.index.module.apply.resourcesUnion.entity.ResourcesUnion#10555], EntityKey[j.index.module.apply.resourcesUnion.entity.ResourcesUnion#10556], EntityKey[j.index.module.apply.resourcesUnion.entity.ResourcesUnion#10520], EntityKey[j.index.module.apply.resourcesUnion.entity.ResourcesUnion#10519], EntityKey[j.index.module.apply.resourcesUnion.entity.ResourcesUnion#10522], EntityKey[j.index.module.apply.resourcesUnion.entity.ResourcesUnion#10521], EntityKey[j.index.module.apply.resourcesUnion.entity.ResourcesUnion#10516], EntityKey[j.index.module.apply.resourcesUnion.entity.ResourcesUnion#10515], EntityKey[j.index.module.apply.resourcesUnion.entity.ResourcesUnion#10518], EntityKey[j.index.module.apply.resourcesUnion.entity.ResourcesUnion#10517], EntityKey[j.index.module.apply.resourcesUnion.entity.ResourcesUnion#10512], EntityKey[j.index.module.apply.resourcesUnion.entity.ResourcesUnion#10511], EntityKey[j.index.module.apply.resourcesUnion.entity.ResourcesUnion#10514], EntityKey[j.index.module.apply.resourcesUnion.entity.ResourcesUnion#10513], EntityKey[j.index.module.apply.resourcesUnion.entity.ResourcesUnion#10508], EntityKey[j.index.module.apply.resourcesUnion.entity.ResourcesUnion#10507], EntityKey[j.index.module.apply.resourcesUnion.entity.ResourcesUnion#10510], EntityKey[j.index.module.apply.resourcesUnion.entity.ResourcesUnion#10509], EntityKey[j.index.module.apply.resourcesUnion.entity.ResourcesUnion#10535], EntityKey[j.index.module.apply.resourcesUnion.entity.ResourcesUnion#10536], EntityKey[j.index.module.apply.resourcesUnion.entity.ResourcesUnion#10537], EntityKey[j.index.module.apply.resourcesUnion.entity.ResourcesUnion#10538], EntityKey[j.index.module.apply.resourcesUnion.entity.ResourcesUnion#10531], EntityKey[j.index.module.apply.resourcesUnion.entity.ResourcesUnion#10532], EntityKey[j.index.module.apply.resourcesUnion.entity.ResourcesUnion#10533], EntityKey[j.index.module.apply.resourcesUnion.entity.ResourcesUnion#10534], EntityKey[j.index.module.apply.resourcesUnion.entity.ResourcesUnion#10527], EntityKey[j.index.module.apply.resourcesUnion.entity.ResourcesUnion#10528], EntityKey[j.index.module.apply.resourcesUnion.entity.ResourcesUnion#10529], EntityKey[j.index.module.apply.resourcesUnion.entity.ResourcesUnion#10530], EntityKey[j.index.module.apply.resourcesUnion.entity.ResourcesUnion#10523], EntityKey[j.index.module.apply.resourcesUnion.entity.ResourcesUnion#10524], EntityKey[j.index.module.apply.resourcesUnion.entity.ResourcesUnion#10525], EntityKey[j.index.module.apply.resourcesUnion.entity.ResourcesUnion#10526], EntityKey[j.index.module.apply.resourcesUnion.entity.ResourcesUnion#10477], EntityKey[j.index.module.apply.resourcesUnion.entity.ResourcesUnion#10478], EntityKey[j.index.module.apply.resourcesUnion.entity.ResourcesUnion#10475], EntityKey[j.index.module.apply.resourcesUnion.entity.ResourcesUnion#10476], EntityKey[j.index.module.apply.resourcesUnion.entity.ResourcesUnion#10481], EntityKey[j.index.module.apply.resourcesUnion.entity.ResourcesUnion#10482], EntityKey[j.index.module.apply.resourcesUnion.entity.ResourcesUnion#10479], EntityKey[j.index.module.apply.resourcesUnion.entity.ResourcesUnion#10480], EntityKey[j.index.module.apply.resourcesUnion.entity.ResourcesUnion#10485], EntityKey[j.index.module.apply.resourcesUnion.entity.ResourcesUnion#10486], EntityKey[j.index.module.apply.resourcesUnion.entity.ResourcesUnion#10483], EntityKey[j.index.module.apply.resourcesUnion.entity.ResourcesUnion#10484], EntityKey[j.index.module.apply.resourcesUnion.entity.ResourcesUnion#10489], EntityKey[j.index.module.apply.resourcesUnion.entity.ResourcesUnion#10490], EntityKey[j.index.module.apply.resourcesUnion.entity.ResourcesUnion#10487], EntityKey[j.index.module.apply.resourcesUnion.entity.ResourcesUnion#10488], EntityKey[j.index.module.apply.resourcesUnion.entity.ResourcesUnion#10494], EntityKey[j.index.module.apply.resourcesUnion.entity.ResourcesUnion#10493], EntityKey[j.index.module.apply.resourcesUnion.entity.ResourcesUnion#10492], EntityKey[j.index.module.apply.resourcesUnion.entity.ResourcesUnion#10491], EntityKey[j.index.module.apply.resourcesUnion.entity.ResourcesUnion#10498], EntityKey[j.index.module.apply.resourcesUnion.entity.ResourcesUnion#10497], EntityKey[j.index.module.apply.resourcesUnion.entity.ResourcesUnion#10496], EntityKey[j.index.module.apply.resourcesUnion.entity.ResourcesUnion#10495], EntityKey[j.index.module.apply.resourcesUnion.entity.ResourcesUnion#10502], EntityKey[j.index.module.apply.resourcesUnion.entity.ResourcesUnion#10501], EntityKey[j.index.module.apply.resourcesUnion.entity.ResourcesUnion#10500], EntityKey[j.index.module.apply.resourcesUnion.entity.ResourcesUnion#10499], EntityKey[j.index.module.apply.resourcesUnion.entity.ResourcesUnion#10506], EntityKey[j.index.module.apply.resourcesUnion.entity.ResourcesUnion#10505], EntityKey[j.index.module.apply.resourcesUnion.entity.ResourcesUnion#10504], EntityKey[j.index.module.apply.resourcesUnion.entity.ResourcesUnion#10503], EntityKey[j.index.module.apply.resourcesUnion.entity.ResourcesUnion#10443], EntityKey[j.index.module.apply.resourcesUnion.entity.ResourcesUnion#10444], EntityKey[j.index.module.apply.resourcesUnion.entity.ResourcesUnion#10445], EntityKey[j.index.module.apply.resourcesUnion.entity.ResourcesUnion#10446], EntityKey[j.index.module.apply.resourcesUnion.entity.ResourcesUnion#10447], EntityKey[j.index.module.apply.resourcesUnion.entity.ResourcesUnion#10448], EntityKey[j.index.module.apply.resourcesUnion.entity.ResourcesUnion#10449], EntityKey[j.index.module.apply.resourcesUnion.entity.ResourcesUnion#10450], EntityKey[j.index.module.apply.resourcesUnion.entity.ResourcesUnion#10451], EntityKey[j.index.module.apply.resourcesUnion.entity.ResourcesUnion#10452], EntityKey[j.index.module.apply.resourcesUnion.entity.ResourcesUnion#10453], EntityKey[j.index.module.apply.resourcesUnion.entity.ResourcesUnion#10454], EntityKey[j.index.module.apply.resourcesUnion.entity.ResourcesUnion#10455], EntityKey[j.index.module.apply.resourcesUnion.entity.ResourcesUnion#10456], EntityKey[j.index.module.apply.resourcesUnion.entity.ResourcesUnion#10457], EntityKey[j.index.module.apply.resourcesUnion.entity.ResourcesUnion#10458], EntityKey[j.index.module.apply.resourcesUnion.entity.ResourcesUnion#10460], EntityKey[j.index.module.apply.resourcesUnion.entity.ResourcesUnion#10459], EntityKey[j.index.module.apply.resourcesUnion.entity.ResourcesUnion#10462], EntityKey[j.index.module.apply.resourcesUnion.entity.ResourcesUnion#10461], EntityKey[j.index.module.apply.resourcesUnion.entity.ResourcesUnion#10464], EntityKey[j.index.module.apply.resourcesUnion.entity.ResourcesUnion#10463], EntityKey[j.index.module.apply.resourcesUnion.entity.ResourcesUnion#10466], EntityKey[j.index.module.apply.resourcesUnion.entity.ResourcesUnion#10465], EntityKey[j.index.module.apply.resourcesUnion.entity.ResourcesUnion#10468], EntityKey[j.index.module.apply.resourcesUnion.entity.ResourcesUnion#10467], EntityKey[j.index.module.apply.resourcesUnion.entity.ResourcesUnion#10470], EntityKey[j.index.module.apply.resourcesUnion.entity.ResourcesUnion#10469], EntityKey[j.index.module.apply.resourcesUnion.entity.ResourcesUnion#10472], EntityKey[j.index.module.apply.resourcesUnion.entity.ResourcesUnion#10471], EntityKey[j.index.module.apply.resourcesUnion.entity.ResourcesUnion#10474], EntityKey[j.index.module.apply.resourcesUnion.entity.ResourcesUnion#10473], EntityKey[j.index.module.apply.resourcesUnion.entity.ResourcesUnion#10417], EntityKey[j.index.module.apply.resourcesUnion.entity.ResourcesUnion#10418], EntityKey[j.index.module.apply.resourcesUnion.entity.ResourcesUnion#10415], EntityKey[j.index.module.apply.resourcesUnion.entity.ResourcesUnion#10416], EntityKey[j.index.module.apply.resourcesUnion.entity.ResourcesUnion#10413], EntityKey[j.index.module.apply.resourcesUnion.entity.ResourcesUnion#10414], EntityKey[j.index.module.apply.resourcesUnion.entity.ResourcesUnion#10411], EntityKey[j.index.module.apply.resourcesUnion.entity.ResourcesUnion#10412], EntityKey[j.index.module.apply.resourcesUnion.entity.ResourcesUnion#10425], EntityKey[j.index.module.apply.resourcesUnion.entity.ResourcesUnion#10426], EntityKey[j.index.module.apply.resourcesUnion.entity.ResourcesUnion#10423], EntityKey[j.index.module.apply.resourcesUnion.entity.ResourcesUnion#10424], EntityKey[j.index.module.apply.resourcesUnion.entity.ResourcesUnion#10421], EntityKey[j.index.module.apply.resourcesUnion.entity.ResourcesUnion#10422], EntityKey[j.index.module.apply.resourcesUnion.entity.ResourcesUnion#10419], EntityKey[j.index.module.apply.resourcesUnion.entity.ResourcesUnion#10420], EntityKey[j.index.module.apply.resourcesUnion.entity.ResourcesUnion#10434], EntityKey[j.index.module.apply.resourcesUnion.entity.ResourcesUnion#10433], EntityKey[j.index.module.apply.resourcesUnion.entity.ResourcesUnion#10432], EntityKey[j.index.module.apply.resourcesUnion.entity.ResourcesUnion#10431], EntityKey[j.index.module.apply.resourcesUnion.entity.ResourcesUnion#10430], EntityKey[j.index.module.apply.resourcesUnion.entity.ResourcesUnion#10429], EntityKey[j.index.module.apply.resourcesUnion.entity.ResourcesUnion#10428], EntityKey[j.index.module.apply.resourcesUnion.entity.ResourcesUnion#10427], EntityKey[j.index.module.apply.resourcesUnion.entity.ResourcesUnion#10442], EntityKey[j.index.module.apply.resourcesUnion.entity.ResourcesUnion#10441], EntityKey[j.index.module.apply.resourcesUnion.entity.ResourcesUnion#10440], EntityKey[j.index.module.apply.resourcesUnion.entity.ResourcesUnion#10439], EntityKey[j.index.module.apply.resourcesUnion.entity.ResourcesUnion#10438], EntityKey[j.index.module.apply.resourcesUnion.entity.ResourcesUnion#10437], EntityKey[j.index.module.apply.resourcesUnion.entity.ResourcesUnion#10436], EntityKey[j.index.module.apply.resourcesUnion.entity.ResourcesUnion#10435], EntityKey[j.index.module.apply.resourcesUnion.entity.ResourcesUnion#10383], EntityKey[j.index.module.apply.resourcesUnion.entity.ResourcesUnion#10384], EntityKey[j.index.module.apply.resourcesUnion.entity.ResourcesUnion#10385], EntityKey[j.index.module.apply.resourcesUnion.entity.ResourcesUnion#10386], EntityKey[j.index.module.apply.resourcesUnion.entity.ResourcesUnion#10379], EntityKey[j.index.module.apply.resourcesUnion.entity.ResourcesUnion#10380], EntityKey[j.index.module.apply.resourcesUnion.entity.ResourcesUnion#10381], EntityKey[j.index.module.apply.resourcesUnion.entity.ResourcesUnion#10382], EntityKey[j.index.module.apply.resourcesUnion.entity.ResourcesUnion#10391], EntityKey[j.index.module.apply.resourcesUnion.entity.ResourcesUnion#10392], EntityKey[j.index.module.apply.resourcesUnion.entity.ResourcesUnion#10393], EntityKey[j.index.module.apply.resourcesUnion.entity.ResourcesUnion#10394], EntityKey[j.index.module.apply.resourcesUnion.entity.ResourcesUnion#10387], EntityKey[j.index.module.apply.resourcesUnion.entity.ResourcesUnion#10388], EntityKey[j.index.module.apply.resourcesUnion.entity.ResourcesUnion#10389], EntityKey[j.index.module.apply.resourcesUnion.entity.ResourcesUnion#10390], EntityKey[j.index.module.apply.resourcesUnion.entity.ResourcesUnion#10400], EntityKey[j.index.module.apply.resourcesUnion.entity.ResourcesUnion#10399], EntityKey[j.index.module.apply.resourcesUnion.entity.ResourcesUnion#10402], EntityKey[j.index.module.apply.resourcesUnion.entity.ResourcesUnion#10401], EntityKey[j.index.module.apply.resourcesUnion.entity.ResourcesUnion#10396], EntityKey[j.index.module.apply.resourcesUnion.entity.ResourcesUnion#10395], EntityKey[j.index.module.apply.resourcesUnion.entity.ResourcesUnion#10398], EntityKey[j.index.module.apply.resourcesUnion.entity.ResourcesUnion#10397], EntityKey[j.index.module.apply.resourcesUnion.entity.ResourcesUnion#10408], EntityKey[j.index.module.apply.resourcesUnion.entity.ResourcesUnion#10407], EntityKey[j.index.module.apply.resourcesUnion.entity.ResourcesUnion#10410], EntityKey[j.index.module.apply.resourcesUnion.entity.ResourcesUnion#10409], EntityKey[j.index.module.apply.resourcesUnion.entity.ResourcesUnion#10404], EntityKey[j.index.module.apply.resourcesUnion.entity.ResourcesUnion#10403], EntityKey[j.index.module.apply.resourcesUnion.entity.ResourcesUnion#10406], EntityKey[j.index.module.apply.resourcesUnion.entity.ResourcesUnion#10405], EntityKey[j.index.module.apply.resourcesUnion.entity.ResourcesUnion#9833], EntityKey[j.index.module.apply.resourcesUnion.entity.ResourcesUnion#9834], EntityKey[j.index.module.apply.resourcesUnion.entity.ResourcesUnion#9831], EntityKey[j.index.module.apply.resourcesUnion.entity.ResourcesUnion#9832], EntityKey[j.index.module.apply.resourcesUnion.entity.ResourcesUnion#9829], EntityKey[j.index.module.apply.resourcesUnion.entity.ResourcesUnion#9830], EntityKey[j.index.module.apply.resourcesUnion.entity.ResourcesUnion#9827], EntityKey[j.index.module.apply.resourcesUnion.entity.ResourcesUnion#9828], EntityKey[j.index.module.apply.resourcesUnion.entity.ResourcesUnion#9825], EntityKey[j.index.module.apply.resourcesUnion.entity.ResourcesUnion#9826], EntityKey[j.index.module.apply.resourcesUnion.entity.ResourcesUnion#9823], EntityKey[j.index.module.apply.resourcesUnion.entity.ResourcesUnion#9824], EntityKey[j.index.module.apply.resourcesUnion.entity.ResourcesUnion#9821], EntityKey[j.index.module.apply.resourcesUnion.entity.ResourcesUnion#9822], EntityKey[j.index.module.apply.resourcesUnion.entity.ResourcesUnion#9819], EntityKey[j.index.module.apply.resourcesUnion.entity.ResourcesUnion#9820], EntityKey[j.index.module.apply.resourcesUnion.entity.ResourcesUnion#9818], EntityKey[j.index.module.apply.resourcesUnion.entity.ResourcesUnion#9817], EntityKey[j.index.module.apply.resourcesUnion.entity.ResourcesUnion#9816], EntityKey[j.index.module.apply.resourcesUnion.entity.ResourcesUnion#9815], EntityKey[j.index.module.apply.resourcesUnion.entity.ResourcesUnion#9814], EntityKey[j.index.module.apply.resourcesUnion.entity.ResourcesUnion#9813], EntityKey[j.index.module.apply.resourcesUnion.entity.ResourcesUnion#9812], EntityKey[j.index.module.apply.resourcesUnion.entity.ResourcesUnion#9811], EntityKey[j.index.module.apply.resourcesUnion.entity.ResourcesUnion#9810], EntityKey[j.index.module.apply.resourcesUnion.entity.ResourcesUnion#9809], EntityKey[j.index.module.apply.resourcesUnion.entity.ResourcesUnion#9808], EntityKey[j.index.module.apply.resourcesUnion.entity.ResourcesUnion#9807], EntityKey[j.index.module.apply.resourcesUnion.entity.ResourcesUnion#9806], EntityKey[j.index.module.apply.resourcesUnion.entity.ResourcesUnion#9805], EntityKey[j.index.module.apply.resourcesUnion.entity.ResourcesUnion#9804], EntityKey[j.index.module.apply.resourcesUnion.entity.ResourcesUnion#9803], EntityKey[j.index.module.apply.resourcesUnion.entity.ResourcesUnion#9863], EntityKey[j.index.module.apply.resourcesUnion.entity.ResourcesUnion#9864], EntityKey[j.index.module.apply.resourcesUnion.entity.ResourcesUnion#9865], EntityKey[j.index.module.apply.resourcesUnion.entity.ResourcesUnion#9866], EntityKey[j.index.module.apply.resourcesUnion.entity.ResourcesUnion#9859], EntityKey[j.index.module.apply.resourcesUnion.entity.ResourcesUnion#9860], EntityKey[j.index.module.apply.resourcesUnion.entity.ResourcesUnion#9861], EntityKey[j.index.module.apply.resourcesUnion.entity.ResourcesUnion#9862], EntityKey[j.index.module.apply.resourcesUnion.entity.ResourcesUnion#9855], EntityKey[j.index.module.apply.resourcesUnion.entity.ResourcesUnion#9856], EntityKey[j.index.module.apply.resourcesUnion.entity.ResourcesUnion#9857], EntityKey[j.index.module.apply.resourcesUnion.entity.ResourcesUnion#9858], EntityKey[j.index.module.apply.resourcesUnion.entity.ResourcesUnion#9851], EntityKey[j.index.module.apply.resourcesUnion.entity.ResourcesUnion#9852], EntityKey[j.index.module.apply.resourcesUnion.entity.ResourcesUnion#9853], EntityKey[j.index.module.apply.resourcesUnion.entity.ResourcesUnion#9854], EntityKey[j.index.module.apply.resourcesUnion.entity.ResourcesUnion#9848], EntityKey[j.index.module.apply.resourcesUnion.entity.ResourcesUnion#9847], EntityKey[j.index.module.apply.resourcesUnion.entity.ResourcesUnion#9850], EntityKey[j.index.module.apply.resourcesUnion.entity.ResourcesUnion#9849], EntityKey[j.index.module.apply.resourcesUnion.entity.ResourcesUnion#9844], EntityKey[j.index.module.apply.resourcesUnion.entity.ResourcesUnion#9843], EntityKey[j.index.module.apply.resourcesUnion.entity.ResourcesUnion#9846], EntityKey[j.index.module.apply.resourcesUnion.entity.ResourcesUnion#9845], EntityKey[j.index.module.apply.resourcesUnion.entity.ResourcesUnion#9840], EntityKey[j.index.module.apply.resourcesUnion.entity.ResourcesUnion#9839], EntityKey[j.index.module.apply.resourcesUnion.entity.ResourcesUnion#9842], EntityKey[j.index.module.apply.resourcesUnion.entity.ResourcesUnion#9841], EntityKey[j.index.module.apply.resourcesUnion.entity.ResourcesUnion#9836], EntityKey[j.index.module.apply.resourcesUnion.entity.ResourcesUnion#9835], EntityKey[j.index.module.apply.resourcesUnion.entity.ResourcesUnion#9838], EntityKey[j.index.module.apply.resourcesUnion.entity.ResourcesUnion#9837], EntityKey[j.index.module.apply.resourcesUnion.entity.ResourcesUnion#9765], EntityKey[j.index.module.apply.resourcesUnion.entity.ResourcesUnion#9766], EntityKey[j.index.module.apply.resourcesUnion.entity.ResourcesUnion#9763], EntityKey[j.index.module.apply.resourcesUnion.entity.ResourcesUnion#9764], EntityKey[j.index.module.apply.resourcesUnion.entity.ResourcesUnion#9769], EntityKey[j.index.module.apply.resourcesUnion.entity.ResourcesUnion#9770], EntityKey[j.index.module.apply.resourcesUnion.entity.ResourcesUnion#9767], EntityKey[j.index.module.apply.resourcesUnion.entity.ResourcesUnion#9768], EntityKey[j.index.module.apply.resourcesUnion.entity.ResourcesUnion#9757], EntityKey[j.index.module.apply.resourcesUnion.entity.ResourcesUnion#9758], EntityKey[j.index.module.apply.resourcesUnion.entity.ResourcesUnion#9755], EntityKey[j.index.module.apply.resourcesUnion.entity.ResourcesUnion#9756], EntityKey[j.index.module.apply.resourcesUnion.entity.ResourcesUnion#9761], EntityKey[j.index.module.apply.resourcesUnion.entity.ResourcesUnion#9762], EntityKey[j.index.module.apply.resourcesUnion.entity.ResourcesUnion#9759], EntityKey[j.index.module.apply.resourcesUnion.entity.ResourcesUnion#9760], EntityKey[j.index.module.apply.resourcesUnion.entity.ResourcesUnion#9750], EntityKey[j.index.module.apply.resourcesUnion.entity.ResourcesUnion#9749], EntityKey[j.index.module.apply.resourcesUnion.entity.ResourcesUnion#9748], EntityKey[j.index.module.apply.resourcesUnion.entity.ResourcesUnion#9747], EntityKey[j.index.module.apply.resourcesUnion.entity.ResourcesUnion#9754], EntityKey[j.index.module.apply.resourcesUnion.entity.ResourcesUnion#9753], EntityKey[j.index.module.apply.resourcesUnion.entity.ResourcesUnion#9752], EntityKey[j.index.module.apply.resourcesUnion.entity.ResourcesUnion#9751], EntityKey[j.index.module.apply.resourcesUnion.entity.ResourcesUnion#9742], EntityKey[j.index.module.apply.resourcesUnion.entity.ResourcesUnion#9741], EntityKey[j.index.module.apply.resourcesUnion.entity.ResourcesUnion#9740], EntityKey[j.index.module.apply.resourcesUnion.entity.ResourcesUnion#9739], EntityKey[j.index.module.apply.resourcesUnion.entity.ResourcesUnion#9746], EntityKey[j.index.module.apply.resourcesUnion.entity.ResourcesUnion#9745], EntityKey[j.index.module.apply.resourcesUnion.entity.ResourcesUnion#9744], EntityKey[j.index.module.apply.resourcesUnion.entity.ResourcesUnion#9743], EntityKey[j.index.module.apply.resourcesUnion.entity.ResourcesUnion#9795], EntityKey[j.index.module.apply.resourcesUnion.entity.ResourcesUnion#9796], EntityKey[j.index.module.apply.resourcesUnion.entity.ResourcesUnion#9797], EntityKey[j.index.module.apply.resourcesUnion.entity.ResourcesUnion#9798], EntityKey[j.index.module.apply.resourcesUnion.entity.ResourcesUnion#9799], EntityKey[j.index.module.apply.resourcesUnion.entity.ResourcesUnion#9800], EntityKey[j.index.module.apply.resourcesUnion.entity.ResourcesUnion#9801], EntityKey[j.index.module.apply.resourcesUnion.entity.ResourcesUnion#9802], EntityKey[j.index.module.apply.resourcesUnion.entity.ResourcesUnion#9787], EntityKey[j.index.module.apply.resourcesUnion.entity.ResourcesUnion#9788], EntityKey[j.index.module.apply.resourcesUnion.entity.ResourcesUnion#9789], EntityKey[j.index.module.apply.resourcesUnion.entity.ResourcesUnion#9790], EntityKey[j.index.module.apply.resourcesUnion.entity.ResourcesUnion#9791], EntityKey[j.index.module.apply.resourcesUnion.entity.ResourcesUnion#9792], EntityKey[j.index.module.apply.resourcesUnion.entity.ResourcesUnion#9793], EntityKey[j.index.module.apply.resourcesUnion.entity.ResourcesUnion#9794], EntityKey[j.index.module.apply.resourcesUnion.entity.ResourcesUnion#9780], EntityKey[j.index.module.apply.resourcesUnion.entity.ResourcesUnion#9779], EntityKey[j.index.module.apply.resourcesUnion.entity.ResourcesUnion#9782], EntityKey[j.index.module.apply.resourcesUnion.entity.ResourcesUnion#9781], EntityKey[j.index.module.apply.resourcesUnion.entity.ResourcesUnion#9784], EntityKey[j.index.module.apply.resourcesUnion.entity.ResourcesUnion#9783], EntityKey[j.index.module.apply.resourcesUnion.entity.ResourcesUnion#9786], EntityKey[j.index.module.apply.resourcesUnion.entity.ResourcesUnion#9785], EntityKey[j.index.module.apply.resourcesUnion.entity.ResourcesUnion#9772], EntityKey[j.index.module.apply.resourcesUnion.entity.ResourcesUnion#9771], EntityKey[j.index.module.apply.resourcesUnion.entity.ResourcesUnion#9774], EntityKey[j.index.module.apply.resourcesUnion.entity.ResourcesUnion#9773], EntityKey[j.index.module.apply.resourcesUnion.entity.ResourcesUnion#9776], EntityKey[j.index.module.apply.resourcesUnion.entity.ResourcesUnion#9775], EntityKey[j.index.module.apply.resourcesUnion.entity.ResourcesUnion#9778], EntityKey[j.index.module.apply.resourcesUnion.entity.ResourcesUnion#9777], EntityKey[j.index.module.apply.resourcesUnion.entity.ResourcesUnion#9698], EntityKey[j.index.module.apply.resourcesUnion.entity.ResourcesUnion#9697], EntityKey[j.index.module.apply.resourcesUnion.entity.ResourcesUnion#9696], EntityKey[j.index.module.apply.resourcesUnion.entity.ResourcesUnion#9695], EntityKey[j.index.module.apply.resourcesUnion.entity.ResourcesUnion#9694], EntityKey[j.index.module.apply.resourcesUnion.entity.ResourcesUnion#9693], EntityKey[j.index.module.apply.resourcesUnion.entity.ResourcesUnion#9692], EntityKey[j.index.module.apply.resourcesUnion.entity.ResourcesUnion#9691], EntityKey[j.index.module.apply.resourcesUnion.entity.ResourcesUnion#9706], EntityKey[j.index.module.apply.resourcesUnion.entity.ResourcesUnion#9705], EntityKey[j.index.module.apply.resourcesUnion.entity.ResourcesUnion#9704], EntityKey[j.index.module.apply.resourcesUnion.entity.ResourcesUnion#9703], EntityKey[j.index.module.apply.resourcesUnion.entity.ResourcesUnion#9702], EntityKey[j.index.module.apply.resourcesUnion.entity.ResourcesUnion#9701], EntityKey[j.index.module.apply.resourcesUnion.entity.ResourcesUnion#9700], EntityKey[j.index.module.apply.resourcesUnion.entity.ResourcesUnion#9699], EntityKey[j.index.module.apply.resourcesUnion.entity.ResourcesUnion#9681], EntityKey[j.index.module.apply.resourcesUnion.entity.ResourcesUnion#9682], EntityKey[j.index.module.apply.resourcesUnion.entity.ResourcesUnion#9679], EntityKey[j.index.module.apply.resourcesUnion.entity.ResourcesUnion#9680], EntityKey[j.index.module.apply.resourcesUnion.entity.ResourcesUnion#9677], EntityKey[j.index.module.apply.resourcesUnion.entity.ResourcesUnion#9678], EntityKey[j.index.module.apply.resourcesUnion.entity.ResourcesUnion#9675], EntityKey[j.index.module.apply.resourcesUnion.entity.ResourcesUnion#9676], EntityKey[j.index.module.apply.resourcesUnion.entity.ResourcesUnion#9689], EntityKey[j.index.module.apply.resourcesUnion.entity.ResourcesUnion#9690], EntityKey[j.index.module.apply.resourcesUnion.entity.ResourcesUnion#9687], EntityKey[j.index.module.apply.resourcesUnion.entity.ResourcesUnion#9688], EntityKey[j.index.module.apply.resourcesUnion.entity.ResourcesUnion#9685], EntityKey[j.index.module.apply.resourcesUnion.entity.ResourcesUnion#9686], EntityKey[j.index.module.apply.resourcesUnion.entity.ResourcesUnion#9683], EntityKey[j.index.module.apply.resourcesUnion.entity.ResourcesUnion#9684], EntityKey[j.index.module.apply.resourcesUnion.entity.ResourcesUnion#9728], EntityKey[j.index.module.apply.resourcesUnion.entity.ResourcesUnion#9727], EntityKey[j.index.module.apply.resourcesUnion.entity.ResourcesUnion#9730], EntityKey[j.index.module.apply.resourcesUnion.entity.ResourcesUnion#9729], EntityKey[j.index.module.apply.resourcesUnion.entity.ResourcesUnion#9724], EntityKey[j.index.module.apply.resourcesUnion.entity.ResourcesUnion#9723], EntityKey[j.index.module.apply.resourcesUnion.entity.ResourcesUnion#9726], EntityKey[j.index.module.apply.resourcesUnion.entity.ResourcesUnion#9725], EntityKey[j.index.module.apply.resourcesUnion.entity.ResourcesUnion#9736], EntityKey[j.index.module.apply.resourcesUnion.entity.ResourcesUnion#9735], EntityKey[j.index.module.apply.resourcesUnion.entity.ResourcesUnion#9738], EntityKey[j.index.module.apply.resourcesUnion.entity.ResourcesUnion#9737], EntityKey[j.index.module.apply.resourcesUnion.entity.ResourcesUnion#9732], EntityKey[j.index.module.apply.resourcesUnion.entity.ResourcesUnion#9731], EntityKey[j.index.module.apply.resourcesUnion.entity.ResourcesUnion#9734], EntityKey[j.index.module.apply.resourcesUnion.entity.ResourcesUnion#9733], EntityKey[j.index.module.apply.resourcesUnion.entity.ResourcesUnion#9711], EntityKey[j.index.module.apply.resourcesUnion.entity.ResourcesUnion#9712], EntityKey[j.index.module.apply.resourcesUnion.entity.ResourcesUnion#9713], EntityKey[j.index.module.apply.resourcesUnion.entity.ResourcesUnion#9714], EntityKey[j.index.module.apply.resourcesUnion.entity.ResourcesUnion#9707], EntityKey[j.index.module.apply.resourcesUnion.entity.ResourcesUnion#9708], EntityKey[j.index.module.apply.resourcesUnion.entity.ResourcesUnion#9709], EntityKey[j.index.module.apply.resourcesUnion.entity.ResourcesUnion#9710], EntityKey[j.index.module.apply.resourcesUnion.entity.ResourcesUnion#9719], EntityKey[j.index.module.apply.resourcesUnion.entity.ResourcesUnion#9720], EntityKey[j.index.module.apply.resourcesUnion.entity.ResourcesUnion#9721], EntityKey[j.index.module.apply.resourcesUnion.entity.ResourcesUnion#9722], EntityKey[j.index.module.apply.resourcesUnion.entity.ResourcesUnion#9715], EntityKey[j.index.module.apply.resourcesUnion.entity.ResourcesUnion#9716], EntityKey[j.index.module.apply.resourcesUnion.entity.ResourcesUnion#9717], EntityKey[j.index.module.apply.resourcesUnion.entity.ResourcesUnion#9718], EntityKey[j.index.module.apply.resourcesUnion.entity.ResourcesUnion#9630], EntityKey[j.index.module.apply.resourcesUnion.entity.ResourcesUnion#9629], EntityKey[j.index.module.apply.resourcesUnion.entity.ResourcesUnion#9628], EntityKey[j.index.module.apply.resourcesUnion.entity.ResourcesUnion#9627], EntityKey[j.index.module.apply.resourcesUnion.entity.ResourcesUnion#9634], EntityKey[j.index.module.apply.resourcesUnion.entity.ResourcesUnion#9633], EntityKey[j.index.module.apply.resourcesUnion.entity.ResourcesUnion#9632], EntityKey[j.index.module.apply.resourcesUnion.entity.ResourcesUnion#9631], EntityKey[j.index.module.apply.resourcesUnion.entity.ResourcesUnion#9638], EntityKey[j.index.module.apply.resourcesUnion.entity.ResourcesUnion#9637], EntityKey[j.index.module.apply.resourcesUnion.entity.ResourcesUnion#9636], EntityKey[j.index.module.apply.resourcesUnion.entity.ResourcesUnion#9635], EntityKey[j.index.module.apply.resourcesUnion.entity.ResourcesUnion#9642], EntityKey[j.index.module.apply.resourcesUnion.entity.ResourcesUnion#9641], EntityKey[j.index.module.apply.resourcesUnion.entity.ResourcesUnion#9640], EntityKey[j.index.module.apply.resourcesUnion.entity.ResourcesUnion#9639], EntityKey[j.index.module.apply.resourcesUnion.entity.ResourcesUnion#9613], EntityKey[j.index.module.apply.resourcesUnion.entity.ResourcesUnion#9614], EntityKey[j.index.module.apply.resourcesUnion.entity.ResourcesUnion#9611], EntityKey[j.index.module.apply.resourcesUnion.entity.ResourcesUnion#9612], EntityKey[j.index.module.apply.resourcesUnion.entity.ResourcesUnion#9617], EntityKey[j.index.module.apply.resourcesUnion.entity.ResourcesUnion#9618], EntityKey[j.index.module.apply.resourcesUnion.entity.ResourcesUnion#9615], EntityKey[j.index.module.apply.resourcesUnion.entity.ResourcesUnion#9616], EntityKey[j.index.module.apply.resourcesUnion.entity.ResourcesUnion#9621], EntityKey[j.index.module.apply.resourcesUnion.entity.ResourcesUnion#9622], EntityKey[j.index.module.apply.resourcesUnion.entity.ResourcesUnion#9619], EntityKey[j.index.module.apply.resourcesUnion.entity.ResourcesUnion#9620], EntityKey[j.index.module.apply.resourcesUnion.entity.ResourcesUnion#9625], EntityKey[j.index.module.apply.resourcesUnion.entity.ResourcesUnion#9626], EntityKey[j.index.module.apply.resourcesUnion.entity.ResourcesUnion#9623], EntityKey[j.index.module.apply.resourcesUnion.entity.ResourcesUnion#9624], EntityKey[j.index.module.apply.resourcesUnion.entity.ResourcesUnion#9660], EntityKey[j.index.module.apply.resourcesUnion.entity.ResourcesUnion#9659], EntityKey[j.index.module.apply.resourcesUnion.entity.ResourcesUnion#9662], EntityKey[j.index.module.apply.resourcesUnion.entity.ResourcesUnion#9661], EntityKey[j.index.module.apply.resourcesUnion.entity.ResourcesUnion#9664], EntityKey[j.index.module.apply.resourcesUnion.entity.ResourcesUnion#9663], EntityKey[j.index.module.apply.resourcesUnion.entity.ResourcesUnion#9666], EntityKey[j.index.module.apply.resourcesUnion.entity.ResourcesUnion#9665], EntityKey[j.index.module.apply.resourcesUnion.entity.ResourcesUnion#9668], EntityKey[j.index.module.apply.resourcesUnion.entity.ResourcesUnion#9667], EntityKey[j.index.module.apply.resourcesUnion.entity.ResourcesUnion#9670], EntityKey[j.index.module.apply.resourcesUnion.entity.ResourcesUnion#9669], EntityKey[j.index.module.apply.resourcesUnion.entity.ResourcesUnion#9672], EntityKey[j.index.module.apply.resourcesUnion.entity.ResourcesUnion#9671], EntityKey[j.index.module.apply.resourcesUnion.entity.ResourcesUnion#9674], EntityKey[j.index.module.apply.resourcesUnion.entity.ResourcesUnion#9673], EntityKey[j.index.module.apply.resourcesUnion.entity.ResourcesUnion#9643], EntityKey[j.index.module.apply.resourcesUnion.entity.ResourcesUnion#9644], EntityKey[j.index.module.apply.resourcesUnion.entity.ResourcesUnion#9645], EntityKey[j.index.module.apply.resourcesUnion.entity.ResourcesUnion#9646], EntityKey[j.index.module.apply.resourcesUnion.entity.ResourcesUnion#9647], EntityKey[j.index.module.apply.resourcesUnion.entity.ResourcesUnion#9648], EntityKey[j.index.module.apply.resourcesUnion.entity.ResourcesUnion#9649], EntityKey[j.index.module.apply.resourcesUnion.entity.ResourcesUnion#9650], EntityKey[j.index.module.apply.resourcesUnion.entity.ResourcesUnion#9651], EntityKey[j.index.module.apply.resourcesUnion.entity.ResourcesUnion#9652], EntityKey[j.index.module.apply.resourcesUnion.entity.ResourcesUnion#9653], EntityKey[j.index.module.apply.resourcesUnion.entity.ResourcesUnion#9654], EntityKey[j.index.module.apply.resourcesUnion.entity.ResourcesUnion#9655], EntityKey[j.index.module.apply.resourcesUnion.entity.ResourcesUnion#9656], EntityKey[j.index.module.apply.resourcesUnion.entity.ResourcesUnion#9657], EntityKey[j.index.module.apply.resourcesUnion.entity.ResourcesUnion#9658], EntityKey[j.index.module.apply.resourcesUnion.entity.ResourcesUnion#10072], EntityKey[j.index.module.apply.resourcesUnion.entity.ResourcesUnion#10071], EntityKey[j.index.module.apply.resourcesUnion.entity.ResourcesUnion#10074], EntityKey[j.index.module.apply.resourcesUnion.entity.ResourcesUnion#10073], EntityKey[j.index.module.apply.resourcesUnion.entity.ResourcesUnion#10068], EntityKey[j.index.module.apply.resourcesUnion.entity.ResourcesUnion#10067], EntityKey[j.index.module.apply.resourcesUnion.entity.ResourcesUnion#10070], EntityKey[j.index.module.apply.resourcesUnion.entity.ResourcesUnion#10069], EntityKey[j.index.module.apply.resourcesUnion.entity.ResourcesUnion#10064], EntityKey[j.index.module.apply.resourcesUnion.entity.ResourcesUnion#10063], EntityKey[j.index.module.apply.resourcesUnion.entity.ResourcesUnion#10066], EntityKey[j.index.module.apply.resourcesUnion.entity.ResourcesUnion#10065], EntityKey[j.index.module.apply.resourcesUnion.entity.ResourcesUnion#10060], EntityKey[j.index.module.apply.resourcesUnion.entity.ResourcesUnion#10059], EntityKey[j.index.module.apply.resourcesUnion.entity.ResourcesUnion#10062], EntityKey[j.index.module.apply.resourcesUnion.entity.ResourcesUnion#10061], EntityKey[j.index.module.apply.resourcesUnion.entity.ResourcesUnion#10087], EntityKey[j.index.module.apply.resourcesUnion.entity.ResourcesUnion#10088], EntityKey[j.index.module.apply.resourcesUnion.entity.ResourcesUnion#10089], EntityKey[j.index.module.apply.resourcesUnion.entity.ResourcesUnion#10090], EntityKey[j.index.module.apply.resourcesUnion.entity.ResourcesUnion#10083], EntityKey[j.index.module.apply.resourcesUnion.entity.ResourcesUnion#10084], EntityKey[j.index.module.apply.resourcesUnion.entity.ResourcesUnion#10085], EntityKey[j.index.module.apply.resourcesUnion.entity.ResourcesUnion#10086], EntityKey[j.index.module.apply.resourcesUnion.entity.ResourcesUnion#10079], EntityKey[j.index.module.apply.resourcesUnion.entity.ResourcesUnion#10080], EntityKey[j.index.module.apply.resourcesUnion.entity.ResourcesUnion#10081], EntityKey[j.index.module.apply.resourcesUnion.entity.ResourcesUnion#10082], EntityKey[j.index.module.apply.resourcesUnion.entity.ResourcesUnion#10075], EntityKey[j.index.module.apply.resourcesUnion.entity.ResourcesUnion#10076], EntityKey[j.index.module.apply.resourcesUnion.entity.ResourcesUnion#10077], EntityKey[j.index.module.apply.resourcesUnion.entity.ResourcesUnion#10078], EntityKey[j.index.module.apply.resourcesUnion.entity.ResourcesUnion#10106], EntityKey[j.index.module.apply.resourcesUnion.entity.ResourcesUnion#10105], EntityKey[j.index.module.apply.resourcesUnion.entity.ResourcesUnion#10104], EntityKey[j.index.module.apply.resourcesUnion.entity.ResourcesUnion#10103], EntityKey[j.index.module.apply.resourcesUnion.entity.ResourcesUnion#10102], EntityKey[j.index.module.apply.resourcesUnion.entity.ResourcesUnion#10101], EntityKey[j.index.module.apply.resourcesUnion.entity.ResourcesUnion#10100], EntityKey[j.index.module.apply.resourcesUnion.entity.ResourcesUnion#10099], EntityKey[j.index.module.apply.resourcesUnion.entity.ResourcesUnion#10098], EntityKey[j.index.module.apply.resourcesUnion.entity.ResourcesUnion#10097], EntityKey[j.index.module.apply.resourcesUnion.entity.ResourcesUnion#10096], EntityKey[j.index.module.apply.resourcesUnion.entity.ResourcesUnion#10095], EntityKey[j.index.module.apply.resourcesUnion.entity.ResourcesUnion#10094], EntityKey[j.index.module.apply.resourcesUnion.entity.ResourcesUnion#10093], EntityKey[j.index.module.apply.resourcesUnion.entity.ResourcesUnion#10092], EntityKey[j.index.module.apply.resourcesUnion.entity.ResourcesUnion#10091], EntityKey[j.index.module.apply.resourcesUnion.entity.ResourcesUnion#10121], EntityKey[j.index.module.apply.resourcesUnion.entity.ResourcesUnion#10122], EntityKey[j.index.module.apply.resourcesUnion.entity.ResourcesUnion#10119], EntityKey[j.index.module.apply.resourcesUnion.entity.ResourcesUnion#10120], EntityKey[j.index.module.apply.resourcesUnion.entity.ResourcesUnion#10117], EntityKey[j.index.module.apply.resourcesUnion.entity.ResourcesUnion#10118], EntityKey[j.index.module.apply.resourcesUnion.entity.ResourcesUnion#10115], EntityKey[j.index.module.apply.resourcesUnion.entity.ResourcesUnion#10116], EntityKey[j.index.module.apply.resourcesUnion.entity.ResourcesUnion#10113], EntityKey[j.index.module.apply.resourcesUnion.entity.ResourcesUnion#10114], EntityKey[j.index.module.apply.resourcesUnion.entity.ResourcesUnion#10111], EntityKey[j.index.module.apply.resourcesUnion.entity.ResourcesUnion#10112], EntityKey[j.index.module.apply.resourcesUnion.entity.ResourcesUnion#10109], EntityKey[j.index.module.apply.resourcesUnion.entity.ResourcesUnion#10110], EntityKey[j.index.module.apply.resourcesUnion.entity.ResourcesUnion#10107], EntityKey[j.index.module.apply.resourcesUnion.entity.ResourcesUnion#10108], EntityKey[j.index.module.apply.resourcesUnion.entity.ResourcesUnion#10004], EntityKey[j.index.module.apply.resourcesUnion.entity.ResourcesUnion#10003], EntityKey[j.index.module.apply.resourcesUnion.entity.ResourcesUnion#10006], EntityKey[j.index.module.apply.resourcesUnion.entity.ResourcesUnion#10005], EntityKey[j.index.module.apply.resourcesUnion.entity.ResourcesUnion#10008], EntityKey[j.index.module.apply.resourcesUnion.entity.ResourcesUnion#10007], EntityKey[j.index.module.apply.resourcesUnion.entity.ResourcesUnion#10010], EntityKey[j.index.module.apply.resourcesUnion.entity.ResourcesUnion#10009], EntityKey[j.index.module.apply.resourcesUnion.entity.ResourcesUnion#9996], EntityKey[j.index.module.apply.resourcesUnion.entity.ResourcesUnion#9995], EntityKey[j.index.module.apply.resourcesUnion.entity.ResourcesUnion#9998], EntityKey[j.index.module.apply.resourcesUnion.entity.ResourcesUnion#9997], EntityKey[j.index.module.apply.resourcesUnion.entity.ResourcesUnion#10000], EntityKey[j.index.module.apply.resourcesUnion.entity.ResourcesUnion#9999], EntityKey[j.index.module.apply.resourcesUnion.entity.ResourcesUnion#10002], EntityKey[j.index.module.apply.resourcesUnion.entity.ResourcesUnion#10001], EntityKey[j.index.module.apply.resourcesUnion.entity.ResourcesUnion#10019], EntityKey[j.index.module.apply.resourcesUnion.entity.ResourcesUnion#10020], EntityKey[j.index.module.apply.resourcesUnion.entity.ResourcesUnion#10021], EntityKey[j.index.module.apply.resourcesUnion.entity.ResourcesUnion#10022], EntityKey[j.index.module.apply.resourcesUnion.entity.ResourcesUnion#10023], EntityKey[j.index.module.apply.resourcesUnion.entity.ResourcesUnion#10024], EntityKey[j.index.module.apply.resourcesUnion.entity.ResourcesUnion#10025], EntityKey[j.index.module.apply.resourcesUnion.entity.ResourcesUnion#10026], EntityKey[j.index.module.apply.resourcesUnion.entity.ResourcesUnion#10011], EntityKey[j.index.module.apply.resourcesUnion.entity.ResourcesUnion#10012], EntityKey[j.index.module.apply.resourcesUnion.entity.ResourcesUnion#10013], EntityKey[j.index.module.apply.resourcesUnion.entity.ResourcesUnion#10014], EntityKey[j.index.module.apply.resourcesUnion.entity.ResourcesUnion#10015], EntityKey[j.index.module.apply.resourcesUnion.entity.ResourcesUnion#10016], EntityKey[j.index.module.apply.resourcesUnion.entity.ResourcesUnion#10017], EntityKey[j.index.module.apply.resourcesUnion.entity.ResourcesUnion#10018], EntityKey[j.index.module.apply.resourcesUnion.entity.ResourcesUnion#10038], EntityKey[j.index.module.apply.resourcesUnion.entity.ResourcesUnion#10037], EntityKey[j.index.module.apply.resourcesUnion.entity.ResourcesUnion#10036], EntityKey[j.index.module.apply.resourcesUnion.entity.ResourcesUnion#10035], EntityKey[j.index.module.apply.resourcesUnion.entity.ResourcesUnion#10042], EntityKey[j.index.module.apply.resourcesUnion.entity.ResourcesUnion#10041], EntityKey[j.index.module.apply.resourcesUnion.entity.ResourcesUnion#10040], EntityKey[j.index.module.apply.resourcesUnion.entity.ResourcesUnion#10039], EntityKey[j.index.module.apply.resourcesUnion.entity.ResourcesUnion#10030], EntityKey[j.index.module.apply.resourcesUnion.entity.ResourcesUnion#10029], EntityKey[j.index.module.apply.resourcesUnion.entity.ResourcesUnion#10028], EntityKey[j.index.module.apply.resourcesUnion.entity.ResourcesUnion#10027], EntityKey[j.index.module.apply.resourcesUnion.entity.ResourcesUnion#10034], EntityKey[j.index.module.apply.resourcesUnion.entity.ResourcesUnion#10033], EntityKey[j.index.module.apply.resourcesUnion.entity.ResourcesUnion#10032], EntityKey[j.index.module.apply.resourcesUnion.entity.ResourcesUnion#10031], EntityKey[j.index.module.apply.resourcesUnion.entity.ResourcesUnion#10053], EntityKey[j.index.module.apply.resourcesUnion.entity.ResourcesUnion#10054], EntityKey[j.index.module.apply.resourcesUnion.entity.ResourcesUnion#10051], EntityKey[j.index.module.apply.resourcesUnion.entity.ResourcesUnion#10052], EntityKey[j.index.module.apply.resourcesUnion.entity.ResourcesUnion#10057], EntityKey[j.index.module.apply.resourcesUnion.entity.ResourcesUnion#10058], EntityKey[j.index.module.apply.resourcesUnion.entity.ResourcesUnion#10055], EntityKey[j.index.module.apply.resourcesUnion.entity.ResourcesUnion#10056], EntityKey[j.index.module.apply.resourcesUnion.entity.ResourcesUnion#10045], EntityKey[j.index.module.apply.resourcesUnion.entity.ResourcesUnion#10046], EntityKey[j.index.module.apply.resourcesUnion.entity.ResourcesUnion#10043], EntityKey[j.index.module.apply.resourcesUnion.entity.ResourcesUnion#10044], EntityKey[j.index.module.apply.resourcesUnion.entity.ResourcesUnion#10049], EntityKey[j.index.module.apply.resourcesUnion.entity.ResourcesUnion#10050], EntityKey[j.index.module.apply.resourcesUnion.entity.ResourcesUnion#10047], EntityKey[j.index.module.apply.resourcesUnion.entity.ResourcesUnion#10048], EntityKey[j.index.module.apply.resourcesUnion.entity.ResourcesUnion#9935], EntityKey[j.index.module.apply.resourcesUnion.entity.ResourcesUnion#9936], EntityKey[j.index.module.apply.resourcesUnion.entity.ResourcesUnion#9937], EntityKey[j.index.module.apply.resourcesUnion.entity.ResourcesUnion#9938], EntityKey[j.index.module.apply.resourcesUnion.entity.ResourcesUnion#9931], EntityKey[j.index.module.apply.resourcesUnion.entity.ResourcesUnion#9932], EntityKey[j.index.module.apply.resourcesUnion.entity.ResourcesUnion#9933], EntityKey[j.index.module.apply.resourcesUnion.entity.ResourcesUnion#9934], EntityKey[j.index.module.apply.resourcesUnion.entity.ResourcesUnion#9943], EntityKey[j.index.module.apply.resourcesUnion.entity.ResourcesUnion#9944], EntityKey[j.index.module.apply.resourcesUnion.entity.ResourcesUnion#9945], EntityKey[j.index.module.apply.resourcesUnion.entity.ResourcesUnion#9946], EntityKey[j.index.module.apply.resourcesUnion.entity.ResourcesUnion#9939], EntityKey[j.index.module.apply.resourcesUnion.entity.ResourcesUnion#9940], EntityKey[j.index.module.apply.resourcesUnion.entity.ResourcesUnion#9941], EntityKey[j.index.module.apply.resourcesUnion.entity.ResourcesUnion#9942], EntityKey[j.index.module.apply.resourcesUnion.entity.ResourcesUnion#9952], EntityKey[j.index.module.apply.resourcesUnion.entity.ResourcesUnion#9951], EntityKey[j.index.module.apply.resourcesUnion.entity.ResourcesUnion#9954], EntityKey[j.index.module.apply.resourcesUnion.entity.ResourcesUnion#9953], EntityKey[j.index.module.apply.resourcesUnion.entity.ResourcesUnion#9948], EntityKey[j.index.module.apply.resourcesUnion.entity.ResourcesUnion#9947], EntityKey[j.index.module.apply.resourcesUnion.entity.ResourcesUnion#9950], EntityKey[j.index.module.apply.resourcesUnion.entity.ResourcesUnion#9949], EntityKey[j.index.module.apply.resourcesUnion.entity.ResourcesUnion#9960], EntityKey[j.index.module.apply.resourcesUnion.entity.ResourcesUnion#9959], EntityKey[j.index.module.apply.resourcesUnion.entity.ResourcesUnion#9962], EntityKey[j.index.module.apply.resourcesUnion.entity.ResourcesUnion#9961], EntityKey[j.index.module.apply.resourcesUnion.entity.ResourcesUnion#9956], EntityKey[j.index.module.apply.resourcesUnion.entity.ResourcesUnion#9955], EntityKey[j.index.module.apply.resourcesUnion.entity.ResourcesUnion#9958], EntityKey[j.index.module.apply.resourcesUnion.entity.ResourcesUnion#9957], EntityKey[j.index.module.apply.resourcesUnion.entity.ResourcesUnion#9969], EntityKey[j.index.module.apply.resourcesUnion.entity.ResourcesUnion#9970], EntityKey[j.index.module.apply.resourcesUnion.entity.ResourcesUnion#9967], EntityKey[j.index.module.apply.resourcesUnion.entity.ResourcesUnion#9968], EntityKey[j.index.module.apply.resourcesUnion.entity.ResourcesUnion#9965], EntityKey[j.index.module.apply.resourcesUnion.entity.ResourcesUnion#9966], EntityKey[j.index.module.apply.resourcesUnion.entity.ResourcesUnion#9963], EntityKey[j.index.module.apply.resourcesUnion.entity.ResourcesUnion#9964], EntityKey[j.index.module.apply.resourcesUnion.entity.ResourcesUnion#9977], EntityKey[j.index.module.apply.resourcesUnion.entity.ResourcesUnion#9978], EntityKey[j.index.module.apply.resourcesUnion.entity.ResourcesUnion#9975], EntityKey[j.index.module.apply.resourcesUnion.entity.ResourcesUnion#9976], EntityKey[j.index.module.apply.resourcesUnion.entity.ResourcesUnion#9973], EntityKey[j.index.module.apply.resourcesUnion.entity.ResourcesUnion#9974], EntityKey[j.index.module.apply.resourcesUnion.entity.ResourcesUnion#9971], EntityKey[j.index.module.apply.resourcesUnion.entity.ResourcesUnion#9972], EntityKey[j.index.module.apply.resourcesUnion.entity.ResourcesUnion#9986], EntityKey[j.index.module.apply.resourcesUnion.entity.ResourcesUnion#9985], EntityKey[j.index.module.apply.resourcesUnion.entity.ResourcesUnion#9984], EntityKey[j.index.module.apply.resourcesUnion.entity.ResourcesUnion#9983], EntityKey[j.index.module.apply.resourcesUnion.entity.ResourcesUnion#9982], EntityKey[j.index.module.apply.resourcesUnion.entity.ResourcesUnion#9981], EntityKey[j.index.module.apply.resourcesUnion.entity.ResourcesUnion#9980], EntityKey[j.index.module.apply.resourcesUnion.entity.ResourcesUnion#9979], EntityKey[j.index.module.apply.resourcesUnion.entity.ResourcesUnion#9994], EntityKey[j.index.module.apply.resourcesUnion.entity.ResourcesUnion#9993], EntityKey[j.index.module.apply.resourcesUnion.entity.ResourcesUnion#9992], EntityKey[j.index.module.apply.resourcesUnion.entity.ResourcesUnion#9991], EntityKey[j.index.module.apply.resourcesUnion.entity.ResourcesUnion#9990], EntityKey[j.index.module.apply.resourcesUnion.entity.ResourcesUnion#9989], EntityKey[j.index.module.apply.resourcesUnion.entity.ResourcesUnion#9988], EntityKey[j.index.module.apply.resourcesUnion.entity.ResourcesUnion#9987], EntityKey[j.index.module.apply.resourcesUnion.entity.ResourcesUnion#9867], EntityKey[j.index.module.apply.resourcesUnion.entity.ResourcesUnion#9868], EntityKey[j.index.module.apply.resourcesUnion.entity.ResourcesUnion#9869], EntityKey[j.index.module.apply.resourcesUnion.entity.ResourcesUnion#9870], EntityKey[j.index.module.apply.resourcesUnion.entity.ResourcesUnion#9871], EntityKey[j.index.module.apply.resourcesUnion.entity.ResourcesUnion#9872], EntityKey[j.index.module.apply.resourcesUnion.entity.ResourcesUnion#9873], EntityKey[j.index.module.apply.resourcesUnion.entity.ResourcesUnion#9874], EntityKey[j.index.module.apply.resourcesUnion.entity.ResourcesUnion#9875], EntityKey[j.index.module.apply.resourcesUnion.entity.ResourcesUnion#9876], EntityKey[j.index.module.apply.resourcesUnion.entity.ResourcesUnion#9877], EntityKey[j.index.module.apply.resourcesUnion.entity.ResourcesUnion#9878], EntityKey[j.index.module.apply.resourcesUnion.entity.ResourcesUnion#9879], EntityKey[j.index.module.apply.resourcesUnion.entity.ResourcesUnion#9880], EntityKey[j.index.module.apply.resourcesUnion.entity.ResourcesUnion#9881], EntityKey[j.index.module.apply.resourcesUnion.entity.ResourcesUnion#9882], EntityKey[j.index.module.apply.resourcesUnion.entity.ResourcesUnion#9884], EntityKey[j.index.module.apply.resourcesUnion.entity.ResourcesUnion#9883], EntityKey[j.index.module.apply.resourcesUnion.entity.ResourcesUnion#9886], EntityKey[j.index.module.apply.resourcesUnion.entity.ResourcesUnion#9885], EntityKey[j.index.module.apply.resourcesUnion.entity.ResourcesUnion#9888], EntityKey[j.index.module.apply.resourcesUnion.entity.ResourcesUnion#9887], EntityKey[j.index.module.apply.resourcesUnion.entity.ResourcesUnion#9890], EntityKey[j.index.module.apply.resourcesUnion.entity.ResourcesUnion#9889], EntityKey[j.index.module.apply.resourcesUnion.entity.ResourcesUnion#9892], EntityKey[j.index.module.apply.resourcesUnion.entity.ResourcesUnion#9891], EntityKey[j.index.module.apply.resourcesUnion.entity.ResourcesUnion#9894], EntityKey[j.index.module.apply.resourcesUnion.entity.ResourcesUnion#9893], EntityKey[j.index.module.apply.resourcesUnion.entity.ResourcesUnion#9896], EntityKey[j.index.module.apply.resourcesUnion.entity.ResourcesUnion#9895], EntityKey[j.index.module.apply.resourcesUnion.entity.ResourcesUnion#9898], EntityKey[j.index.module.apply.resourcesUnion.entity.ResourcesUnion#9897], EntityKey[j.index.module.apply.resourcesUnion.entity.ResourcesUnion#9901], EntityKey[j.index.module.apply.resourcesUnion.entity.ResourcesUnion#9902], EntityKey[j.index.module.apply.resourcesUnion.entity.ResourcesUnion#9899], EntityKey[j.index.module.apply.resourcesUnion.entity.ResourcesUnion#9900], EntityKey[j.index.module.apply.resourcesUnion.entity.ResourcesUnion#9905], EntityKey[j.index.module.apply.resourcesUnion.entity.ResourcesUnion#9906], EntityKey[j.index.module.apply.resourcesUnion.entity.ResourcesUnion#9903], EntityKey[j.index.module.apply.resourcesUnion.entity.ResourcesUnion#9904], EntityKey[j.index.module.apply.resourcesUnion.entity.ResourcesUnion#9909], EntityKey[j.index.module.apply.resourcesUnion.entity.ResourcesUnion#9910], EntityKey[j.index.module.apply.resourcesUnion.entity.ResourcesUnion#9907], EntityKey[j.index.module.apply.resourcesUnion.entity.ResourcesUnion#9908], EntityKey[j.index.module.apply.resourcesUnion.entity.ResourcesUnion#9913], EntityKey[j.index.module.apply.resourcesUnion.entity.ResourcesUnion#9914], EntityKey[j.index.module.apply.resourcesUnion.entity.ResourcesUnion#9911], EntityKey[j.index.module.apply.resourcesUnion.entity.ResourcesUnion#9912], EntityKey[j.index.module.apply.resourcesUnion.entity.ResourcesUnion#9918], EntityKey[j.index.module.apply.resourcesUnion.entity.ResourcesUnion#9917], EntityKey[j.index.module.apply.resourcesUnion.entity.ResourcesUnion#9916], EntityKey[j.index.module.apply.resourcesUnion.entity.ResourcesUnion#9915], EntityKey[j.index.module.apply.resourcesUnion.entity.ResourcesUnion#9922], EntityKey[j.index.module.apply.resourcesUnion.entity.ResourcesUnion#9921], EntityKey[j.index.module.apply.resourcesUnion.entity.ResourcesUnion#9920], EntityKey[j.index.module.apply.resourcesUnion.entity.ResourcesUnion#9919], EntityKey[j.index.module.apply.resourcesUnion.entity.ResourcesUnion#9926], EntityKey[j.index.module.apply.resourcesUnion.entity.ResourcesUnion#9925], EntityKey[j.index.module.apply.resourcesUnion.entity.ResourcesUnion#9924], EntityKey[j.index.module.apply.resourcesUnion.entity.ResourcesUnion#9923], EntityKey[j.index.module.apply.resourcesUnion.entity.ResourcesUnion#9930], EntityKey[j.index.module.apply.resourcesUnion.entity.ResourcesUnion#9929], EntityKey[j.index.module.apply.resourcesUnion.entity.ResourcesUnion#9928], EntityKey[j.index.module.apply.resourcesUnion.entity.ResourcesUnion#9927], EntityKey[j.index.module.apply.resourcesUnion.entity.ResourcesUnion#11327], EntityKey[j.index.module.apply.resourcesUnion.entity.ResourcesUnion#11328], EntityKey[j.index.module.apply.resourcesUnion.entity.ResourcesUnion#11329], EntityKey[j.index.module.apply.resourcesUnion.entity.ResourcesUnion#11330], EntityKey[j.index.module.apply.resourcesUnion.entity.ResourcesUnion#11323], EntityKey[j.index.module.apply.resourcesUnion.entity.ResourcesUnion#11324], EntityKey[j.index.module.apply.resourcesUnion.entity.ResourcesUnion#11325], EntityKey[j.index.module.apply.resourcesUnion.entity.ResourcesUnion#11326], EntityKey[j.index.module.apply.resourcesUnion.entity.ResourcesUnion#11335], EntityKey[j.index.module.apply.resourcesUnion.entity.ResourcesUnion#11336], EntityKey[j.index.module.apply.resourcesUnion.entity.ResourcesUnion#11337], EntityKey[j.index.module.apply.resourcesUnion.entity.ResourcesUnion#11338], EntityKey[j.index.module.apply.resourcesUnion.entity.ResourcesUnion#11331], EntityKey[j.index.module.apply.resourcesUnion.entity.ResourcesUnion#11332], EntityKey[j.index.module.apply.resourcesUnion.entity.ResourcesUnion#11333], EntityKey[j.index.module.apply.resourcesUnion.entity.ResourcesUnion#11334], EntityKey[j.index.module.apply.resourcesUnion.entity.ResourcesUnion#11312], EntityKey[j.index.module.apply.resourcesUnion.entity.ResourcesUnion#11311], EntityKey[j.index.module.apply.resourcesUnion.entity.ResourcesUnion#11314], EntityKey[j.index.module.apply.resourcesUnion.entity.ResourcesUnion#11313], EntityKey[j.index.module.apply.resourcesUnion.entity.ResourcesUnion#11308], EntityKey[j.index.module.apply.resourcesUnion.entity.ResourcesUnion#11307], EntityKey[j.index.module.apply.resourcesUnion.entity.ResourcesUnion#11310], EntityKey[j.index.module.apply.resourcesUnion.entity.ResourcesUnion#11309], EntityKey[j.index.module.apply.resourcesUnion.entity.ResourcesUnion#11320], EntityKey[j.index.module.apply.resourcesUnion.entity.ResourcesUnion#11319], EntityKey[j.index.module.apply.resourcesUnion.entity.ResourcesUnion#11322], EntityKey[j.index.module.apply.resourcesUnion.entity.ResourcesUnion#11321], EntityKey[j.index.module.apply.resourcesUnion.entity.ResourcesUnion#11316], EntityKey[j.index.module.apply.resourcesUnion.entity.ResourcesUnion#11315], EntityKey[j.index.module.apply.resourcesUnion.entity.ResourcesUnion#11318], EntityKey[j.index.module.apply.resourcesUnion.entity.ResourcesUnion#11317], EntityKey[j.index.module.apply.resourcesUnion.entity.ResourcesUnion#11297], EntityKey[j.index.module.apply.resourcesUnion.entity.ResourcesUnion#11298], EntityKey[j.index.module.apply.resourcesUnion.entity.ResourcesUnion#11295], EntityKey[j.index.module.apply.resourcesUnion.entity.ResourcesUnion#11296], EntityKey[j.index.module.apply.resourcesUnion.entity.ResourcesUnion#11293], EntityKey[j.index.module.apply.resourcesUnion.entity.ResourcesUnion#11294], EntityKey[j.index.module.apply.resourcesUnion.entity.ResourcesUnion#11291], EntityKey[j.index.module.apply.resourcesUnion.entity.ResourcesUnion#11292], EntityKey[j.index.module.apply.resourcesUnion.entity.ResourcesUnion#11305], EntityKey[j.index.module.apply.resourcesUnion.entity.ResourcesUnion#11306], EntityKey[j.index.module.apply.resourcesUnion.entity.ResourcesUnion#11303], EntityKey[j.index.module.apply.resourcesUnion.entity.ResourcesUnion#11304], EntityKey[j.index.module.apply.resourcesUnion.entity.ResourcesUnion#11301], EntityKey[j.index.module.apply.resourcesUnion.entity.ResourcesUnion#11302], EntityKey[j.index.module.apply.resourcesUnion.entity.ResourcesUnion#11299], EntityKey[j.index.module.apply.resourcesUnion.entity.ResourcesUnion#11300], EntityKey[j.index.module.apply.resourcesUnion.entity.ResourcesUnion#11282], EntityKey[j.index.module.apply.resourcesUnion.entity.ResourcesUnion#11281], EntityKey[j.index.module.apply.resourcesUnion.entity.ResourcesUnion#11280], EntityKey[j.index.module.apply.resourcesUnion.entity.ResourcesUnion#11279], EntityKey[j.index.module.apply.resourcesUnion.entity.ResourcesUnion#11278], EntityKey[j.index.module.apply.resourcesUnion.entity.ResourcesUnion#11277], EntityKey[j.index.module.apply.resourcesUnion.entity.ResourcesUnion#11276], EntityKey[j.index.module.apply.resourcesUnion.entity.ResourcesUnion#11275], EntityKey[j.index.module.apply.resourcesUnion.entity.ResourcesUnion#11290], EntityKey[j.index.module.apply.resourcesUnion.entity.ResourcesUnion#11289], EntityKey[j.index.module.apply.resourcesUnion.entity.ResourcesUnion#11288], EntityKey[j.index.module.apply.resourcesUnion.entity.ResourcesUnion#11287], EntityKey[j.index.module.apply.resourcesUnion.entity.ResourcesUnion#11286], EntityKey[j.index.module.apply.resourcesUnion.entity.ResourcesUnion#11285], EntityKey[j.index.module.apply.resourcesUnion.entity.ResourcesUnion#11284], EntityKey[j.index.module.apply.resourcesUnion.entity.ResourcesUnion#11283], EntityKey[j.index.module.apply.resourcesUnion.entity.ResourcesUnion#11387], EntityKey[j.index.module.apply.resourcesUnion.entity.ResourcesUnion#11388], EntityKey[j.index.module.apply.resourcesUnion.entity.ResourcesUnion#11389], EntityKey[j.index.module.apply.resourcesUnion.entity.ResourcesUnion#11390], EntityKey[j.index.module.apply.resourcesUnion.entity.ResourcesUnion#11391], EntityKey[j.index.module.apply.resourcesUnion.entity.ResourcesUnion#11392], EntityKey[j.index.module.apply.resourcesUnion.entity.ResourcesUnion#11393], EntityKey[j.index.module.apply.resourcesUnion.entity.ResourcesUnion#11394], EntityKey[j.index.module.apply.resourcesUnion.entity.ResourcesUnion#11395], EntityKey[j.index.module.apply.resourcesUnion.entity.ResourcesUnion#11396], EntityKey[j.index.module.apply.resourcesUnion.entity.ResourcesUnion#11397], EntityKey[j.index.module.apply.resourcesUnion.entity.ResourcesUnion#11398], EntityKey[j.index.module.apply.resourcesUnion.entity.ResourcesUnion#11399], EntityKey[j.index.module.apply.resourcesUnion.entity.ResourcesUnion#11400], EntityKey[j.index.module.apply.resourcesUnion.entity.ResourcesUnion#11401], EntityKey[j.index.module.apply.resourcesUnion.entity.ResourcesUnion#11402], EntityKey[j.index.module.apply.resourcesUnion.entity.ResourcesUnion#11372], EntityKey[j.index.module.apply.resourcesUnion.entity.ResourcesUnion#11371], EntityKey[j.index.module.apply.resourcesUnion.entity.ResourcesUnion#11374], EntityKey[j.index.module.apply.resourcesUnion.entity.ResourcesUnion#11373], EntityKey[j.index.module.apply.resourcesUnion.entity.ResourcesUnion#11376], EntityKey[j.index.module.apply.resourcesUnion.entity.ResourcesUnion#11375], EntityKey[j.index.module.apply.resourcesUnion.entity.ResourcesUnion#11378], EntityKey[j.index.module.apply.resourcesUnion.entity.ResourcesUnion#11377], EntityKey[j.index.module.apply.resourcesUnion.entity.ResourcesUnion#11380], EntityKey[j.index.module.apply.resourcesUnion.entity.ResourcesUnion#11379], EntityKey[j.index.module.apply.resourcesUnion.entity.ResourcesUnion#11382], EntityKey[j.index.module.apply.resourcesUnion.entity.ResourcesUnion#11381], EntityKey[j.index.module.apply.resourcesUnion.entity.ResourcesUnion#11384], EntityKey[j.index.module.apply.resourcesUnion.entity.ResourcesUnion#11383], EntityKey[j.index.module.apply.resourcesUnion.entity.ResourcesUnion#11386], EntityKey[j.index.module.apply.resourcesUnion.entity.ResourcesUnion#11385], EntityKey[j.index.module.apply.resourcesUnion.entity.ResourcesUnion#11357], EntityKey[j.index.module.apply.resourcesUnion.entity.ResourcesUnion#11358], EntityKey[j.index.module.apply.resourcesUnion.entity.ResourcesUnion#11355], EntityKey[j.index.module.apply.resourcesUnion.entity.ResourcesUnion#11356], EntityKey[j.index.module.apply.resourcesUnion.entity.ResourcesUnion#11361], EntityKey[j.index.module.apply.resourcesUnion.entity.ResourcesUnion#11362], EntityKey[j.index.module.apply.resourcesUnion.entity.ResourcesUnion#11359], EntityKey[j.index.module.apply.resourcesUnion.entity.ResourcesUnion#11360], EntityKey[j.index.module.apply.resourcesUnion.entity.ResourcesUnion#11365], EntityKey[j.index.module.apply.resourcesUnion.entity.ResourcesUnion#11366], EntityKey[j.index.module.apply.resourcesUnion.entity.ResourcesUnion#11363], EntityKey[j.index.module.apply.resourcesUnion.entity.ResourcesUnion#11364], EntityKey[j.index.module.apply.resourcesUnion.entity.ResourcesUnion#11369], EntityKey[j.index.module.apply.resourcesUnion.entity.ResourcesUnion#11370], EntityKey[j.index.module.apply.resourcesUnion.entity.ResourcesUnion#11367], EntityKey[j.index.module.apply.resourcesUnion.entity.ResourcesUnion#11368], EntityKey[j.index.module.apply.resourcesUnion.entity.ResourcesUnion#11342], EntityKey[j.index.module.apply.resourcesUnion.entity.ResourcesUnion#11341], EntityKey[j.index.module.apply.resourcesUnion.entity.ResourcesUnion#11340], EntityKey[j.index.module.apply.resourcesUnion.entity.ResourcesUnion#11339], EntityKey[j.index.module.apply.resourcesUnion.entity.ResourcesUnion#11346], EntityKey[j.index.module.apply.resourcesUnion.entity.ResourcesUnion#11345], EntityKey[j.index.module.apply.resourcesUnion.entity.ResourcesUnion#11344], EntityKey[j.index.module.apply.resourcesUnion.entity.ResourcesUnion#11343], EntityKey[j.index.module.apply.resourcesUnion.entity.ResourcesUnion#11350], EntityKey[j.index.module.apply.resourcesUnion.entity.ResourcesUnion#11349], EntityKey[j.index.module.apply.resourcesUnion.entity.ResourcesUnion#11348], EntityKey[j.index.module.apply.resourcesUnion.entity.ResourcesUnion#11347], EntityKey[j.index.module.apply.resourcesUnion.entity.ResourcesUnion#11354], EntityKey[j.index.module.apply.resourcesUnion.entity.ResourcesUnion#11353], EntityKey[j.index.module.apply.resourcesUnion.entity.ResourcesUnion#11352], EntityKey[j.index.module.apply.resourcesUnion.entity.ResourcesUnion#11351], EntityKey[j.index.module.apply.resourcesUnion.entity.ResourcesUnion#11208], EntityKey[j.index.module.apply.resourcesUnion.entity.ResourcesUnion#11207], EntityKey[j.index.module.apply.resourcesUnion.entity.ResourcesUnion#11210], EntityKey[j.index.module.apply.resourcesUnion.entity.ResourcesUnion#11209], EntityKey[j.index.module.apply.resourcesUnion.entity.ResourcesUnion#11204], EntityKey[j.index.module.apply.resourcesUnion.entity.ResourcesUnion#11203], EntityKey[j.index.module.apply.resourcesUnion.entity.ResourcesUnion#11206], EntityKey[j.index.module.apply.resourcesUnion.entity.ResourcesUnion#11205], EntityKey[j.index.module.apply.resourcesUnion.entity.ResourcesUnion#11200], EntityKey[j.index.module.apply.resourcesUnion.entity.ResourcesUnion#11199], EntityKey[j.index.module.apply.resourcesUnion.entity.ResourcesUnion#11202], EntityKey[j.index.module.apply.resourcesUnion.entity.ResourcesUnion#11201], EntityKey[j.index.module.apply.resourcesUnion.entity.ResourcesUnion#11196], EntityKey[j.index.module.apply.resourcesUnion.entity.ResourcesUnion#11195], EntityKey[j.index.module.apply.resourcesUnion.entity.ResourcesUnion#11198], EntityKey[j.index.module.apply.resourcesUnion.entity.ResourcesUnion#11197], EntityKey[j.index.module.apply.resourcesUnion.entity.ResourcesUnion#11191], EntityKey[j.index.module.apply.resourcesUnion.entity.ResourcesUnion#11192], EntityKey[j.index.module.apply.resourcesUnion.entity.ResourcesUnion#11193], EntityKey[j.index.module.apply.resourcesUnion.entity.ResourcesUnion#11194], EntityKey[j.index.module.apply.resourcesUnion.entity.ResourcesUnion#11187], EntityKey[j.index.module.apply.resourcesUnion.entity.ResourcesUnion#11188], EntityKey[j.index.module.apply.resourcesUnion.entity.ResourcesUnion#11189], EntityKey[j.index.module.apply.resourcesUnion.entity.ResourcesUnion#11190], EntityKey[j.index.module.apply.resourcesUnion.entity.ResourcesUnion#11183], EntityKey[j.index.module.apply.resourcesUnion.entity.ResourcesUnion#11184], EntityKey[j.index.module.apply.resourcesUnion.entity.ResourcesUnion#11185], EntityKey[j.index.module.apply.resourcesUnion.entity.ResourcesUnion#11186], EntityKey[j.index.module.apply.resourcesUnion.entity.ResourcesUnion#11179], EntityKey[j.index.module.apply.resourcesUnion.entity.ResourcesUnion#11180], EntityKey[j.index.module.apply.resourcesUnion.entity.ResourcesUnion#11181], EntityKey[j.index.module.apply.resourcesUnion.entity.ResourcesUnion#11182], EntityKey[j.index.module.apply.resourcesUnion.entity.ResourcesUnion#11178], EntityKey[j.index.module.apply.resourcesUnion.entity.ResourcesUnion#11177], EntityKey[j.index.module.apply.resourcesUnion.entity.ResourcesUnion#11176], EntityKey[j.index.module.apply.resourcesUnion.entity.ResourcesUnion#11175], EntityKey[j.index.module.apply.resourcesUnion.entity.ResourcesUnion#11174], EntityKey[j.index.module.apply.resourcesUnion.entity.ResourcesUnion#11173], EntityKey[j.index.module.apply.resourcesUnion.entity.ResourcesUnion#11172], EntityKey[j.index.module.apply.resourcesUnion.entity.ResourcesUnion#11171], EntityKey[j.index.module.apply.resourcesUnion.entity.ResourcesUnion#11170], EntityKey[j.index.module.apply.resourcesUnion.entity.ResourcesUnion#11169], EntityKey[j.index.module.apply.resourcesUnion.entity.ResourcesUnion#11168], EntityKey[j.index.module.apply.resourcesUnion.entity.ResourcesUnion#11167], EntityKey[j.index.module.apply.resourcesUnion.entity.ResourcesUnion#11166], EntityKey[j.index.module.apply.resourcesUnion.entity.ResourcesUnion#11165], EntityKey[j.index.module.apply.resourcesUnion.entity.ResourcesUnion#11164], EntityKey[j.index.module.apply.resourcesUnion.entity.ResourcesUnion#11163], EntityKey[j.index.module.apply.resourcesUnion.entity.ResourcesUnion#11161], EntityKey[j.index.module.apply.resourcesUnion.entity.ResourcesUnion#11162], EntityKey[j.index.module.apply.resourcesUnion.entity.ResourcesUnion#11159], EntityKey[j.index.module.apply.resourcesUnion.entity.ResourcesUnion#11160], EntityKey[j.index.module.apply.resourcesUnion.entity.ResourcesUnion#11157], EntityKey[j.index.module.apply.resourcesUnion.entity.ResourcesUnion#11158], EntityKey[j.index.module.apply.resourcesUnion.entity.ResourcesUnion#11155], EntityKey[j.index.module.apply.resourcesUnion.entity.ResourcesUnion#11156], EntityKey[j.index.module.apply.resourcesUnion.entity.ResourcesUnion#11153], EntityKey[j.index.module.apply.resourcesUnion.entity.ResourcesUnion#11154], EntityKey[j.index.module.apply.resourcesUnion.entity.ResourcesUnion#11151], EntityKey[j.index.module.apply.resourcesUnion.entity.ResourcesUnion#11152], EntityKey[j.index.module.apply.resourcesUnion.entity.ResourcesUnion#11149], EntityKey[j.index.module.apply.resourcesUnion.entity.ResourcesUnion#11150], EntityKey[j.index.module.apply.resourcesUnion.entity.ResourcesUnion#11147], EntityKey[j.index.module.apply.resourcesUnion.entity.ResourcesUnion#11148], EntityKey[j.index.module.apply.resourcesUnion.entity.ResourcesUnion#11268], EntityKey[j.index.module.apply.resourcesUnion.entity.ResourcesUnion#11267], EntityKey[j.index.module.apply.resourcesUnion.entity.ResourcesUnion#11270], EntityKey[j.index.module.apply.resourcesUnion.entity.ResourcesUnion#11269], EntityKey[j.index.module.apply.resourcesUnion.entity.ResourcesUnion#11272], EntityKey[j.index.module.apply.resourcesUnion.entity.ResourcesUnion#11271], EntityKey[j.index.module.apply.resourcesUnion.entity.ResourcesUnion#11274], EntityKey[j.index.module.apply.resourcesUnion.entity.ResourcesUnion#11273], EntityKey[j.index.module.apply.resourcesUnion.entity.ResourcesUnion#11260], EntityKey[j.index.module.apply.resourcesUnion.entity.ResourcesUnion#11259], EntityKey[j.index.module.apply.resourcesUnion.entity.ResourcesUnion#11262], EntityKey[j.index.module.apply.resourcesUnion.entity.ResourcesUnion#11261], EntityKey[j.index.module.apply.resourcesUnion.entity.ResourcesUnion#11264], EntityKey[j.index.module.apply.resourcesUnion.entity.ResourcesUnion#11263], EntityKey[j.index.module.apply.resourcesUnion.entity.ResourcesUnion#11266], EntityKey[j.index.module.apply.resourcesUnion.entity.ResourcesUnion#11265], EntityKey[j.index.module.apply.resourcesUnion.entity.ResourcesUnion#11251], EntityKey[j.index.module.apply.resourcesUnion.entity.ResourcesUnion#11252], EntityKey[j.index.module.apply.resourcesUnion.entity.ResourcesUnion#11253], EntityKey[j.index.module.apply.resourcesUnion.entity.ResourcesUnion#11254], EntityKey[j.index.module.apply.resourcesUnion.entity.ResourcesUnion#11255], EntityKey[j.index.module.apply.resourcesUnion.entity.ResourcesUnion#11256], EntityKey[j.index.module.apply.resourcesUnion.entity.ResourcesUnion#11257], EntityKey[j.index.module.apply.resourcesUnion.entity.ResourcesUnion#11258], EntityKey[j.index.module.apply.resourcesUnion.entity.ResourcesUnion#11243], EntityKey[j.index.module.apply.resourcesUnion.entity.ResourcesUnion#11244], EntityKey[j.index.module.apply.resourcesUnion.entity.ResourcesUnion#11245], EntityKey[j.index.module.apply.resourcesUnion.entity.ResourcesUnion#11246], EntityKey[j.index.module.apply.resourcesUnion.entity.ResourcesUnion#11247], EntityKey[j.index.module.apply.resourcesUnion.entity.ResourcesUnion#11248], EntityKey[j.index.module.apply.resourcesUnion.entity.ResourcesUnion#11249], EntityKey[j.index.module.apply.resourcesUnion.entity.ResourcesUnion#11250], EntityKey[j.index.module.apply.resourcesUnion.entity.ResourcesUnion#11238], EntityKey[j.index.module.apply.resourcesUnion.entity.ResourcesUnion#11237], EntityKey[j.index.module.apply.resourcesUnion.entity.ResourcesUnion#11236], EntityKey[j.index.module.apply.resourcesUnion.entity.ResourcesUnion#11235], EntityKey[j.index.module.apply.resourcesUnion.entity.ResourcesUnion#11242], EntityKey[j.index.module.apply.resourcesUnion.entity.ResourcesUnion#11241], EntityKey[j.index.module.apply.resourcesUnion.entity.ResourcesUnion#11240], EntityKey[j.index.module.apply.resourcesUnion.entity.ResourcesUnion#11239], EntityKey[j.index.module.apply.resourcesUnion.entity.ResourcesUnion#11230], EntityKey[j.index.module.apply.resourcesUnion.entity.ResourcesUnion#11229], EntityKey[j.index.module.apply.resourcesUnion.entity.ResourcesUnion#11228], EntityKey[j.index.module.apply.resourcesUnion.entity.ResourcesUnion#11227], EntityKey[j.index.module.apply.resourcesUnion.entity.ResourcesUnion#11234], EntityKey[j.index.module.apply.resourcesUnion.entity.ResourcesUnion#11233], EntityKey[j.index.module.apply.resourcesUnion.entity.ResourcesUnion#11232], EntityKey[j.index.module.apply.resourcesUnion.entity.ResourcesUnion#11231], EntityKey[j.index.module.apply.resourcesUnion.entity.ResourcesUnion#11221], EntityKey[j.index.module.apply.resourcesUnion.entity.ResourcesUnion#11222], EntityKey[j.index.module.apply.resourcesUnion.entity.ResourcesUnion#11219], EntityKey[j.index.module.apply.resourcesUnion.entity.ResourcesUnion#11220], EntityKey[j.index.module.apply.resourcesUnion.entity.ResourcesUnion#11225], EntityKey[j.index.module.apply.resourcesUnion.entity.ResourcesUnion#11226], EntityKey[j.index.module.apply.resourcesUnion.entity.ResourcesUnion#11223], EntityKey[j.index.module.apply.resourcesUnion.entity.ResourcesUnion#11224], EntityKey[j.index.module.apply.resourcesUnion.entity.ResourcesUnion#11213], EntityKey[j.index.module.apply.resourcesUnion.entity.ResourcesUnion#11214], EntityKey[j.index.module.apply.resourcesUnion.entity.ResourcesUnion#11211], EntityKey[j.index.module.apply.resourcesUnion.entity.ResourcesUnion#11212], EntityKey[j.index.module.apply.resourcesUnion.entity.ResourcesUnion#11217], EntityKey[j.index.module.apply.resourcesUnion.entity.ResourcesUnion#11218], EntityKey[j.index.module.apply.resourcesUnion.entity.ResourcesUnion#11215], EntityKey[j.index.module.apply.resourcesUnion.entity.ResourcesUnion#11216], EntityKey[j.index.module.apply.resourcesUnion.entity.ResourcesUnion#11570], EntityKey[j.index.module.apply.resourcesUnion.entity.ResourcesUnion#11569], EntityKey[j.index.module.apply.resourcesUnion.entity.ResourcesUnion#11568], EntityKey[j.index.module.apply.resourcesUnion.entity.ResourcesUnion#11567], EntityKey[j.index.module.apply.resourcesUnion.entity.ResourcesUnion#11566], EntityKey[j.index.module.apply.resourcesUnion.entity.ResourcesUnion#11565], EntityKey[j.index.module.apply.resourcesUnion.entity.ResourcesUnion#11564], EntityKey[j.index.module.apply.resourcesUnion.entity.ResourcesUnion#11563], EntityKey[j.index.module.apply.resourcesUnion.entity.ResourcesUnion#11578], EntityKey[j.index.module.apply.resourcesUnion.entity.ResourcesUnion#11577], EntityKey[j.index.module.apply.resourcesUnion.entity.ResourcesUnion#11576], EntityKey[j.index.module.apply.resourcesUnion.entity.ResourcesUnion#11575], EntityKey[j.index.module.apply.resourcesUnion.entity.ResourcesUnion#11574], EntityKey[j.index.module.apply.resourcesUnion.entity.ResourcesUnion#11573], EntityKey[j.index.module.apply.resourcesUnion.entity.ResourcesUnion#11572], EntityKey[j.index.module.apply.resourcesUnion.entity.ResourcesUnion#11571], EntityKey[j.index.module.apply.resourcesUnion.entity.ResourcesUnion#11585], EntityKey[j.index.module.apply.resourcesUnion.entity.ResourcesUnion#11586], EntityKey[j.index.module.apply.resourcesUnion.entity.ResourcesUnion#11583], EntityKey[j.index.module.apply.resourcesUnion.entity.ResourcesUnion#11584], EntityKey[j.index.module.apply.resourcesUnion.entity.ResourcesUnion#11581], EntityKey[j.index.module.apply.resourcesUnion.entity.ResourcesUnion#11582], EntityKey[j.index.module.apply.resourcesUnion.entity.ResourcesUnion#11579], EntityKey[j.index.module.apply.resourcesUnion.entity.ResourcesUnion#11580], EntityKey[j.index.module.apply.resourcesUnion.entity.ResourcesUnion#11593], EntityKey[j.index.module.apply.resourcesUnion.entity.ResourcesUnion#11594], EntityKey[j.index.module.apply.resourcesUnion.entity.ResourcesUnion#11591], EntityKey[j.index.module.apply.resourcesUnion.entity.ResourcesUnion#11592], EntityKey[j.index.module.apply.resourcesUnion.entity.ResourcesUnion#11589], EntityKey[j.index.module.apply.resourcesUnion.entity.ResourcesUnion#11590], EntityKey[j.index.module.apply.resourcesUnion.entity.ResourcesUnion#11587], EntityKey[j.index.module.apply.resourcesUnion.entity.ResourcesUnion#11588], EntityKey[j.index.module.apply.resourcesUnion.entity.ResourcesUnion#11536], EntityKey[j.index.module.apply.resourcesUnion.entity.ResourcesUnion#11535], EntityKey[j.index.module.apply.resourcesUnion.entity.ResourcesUnion#11538], EntityKey[j.index.module.apply.resourcesUnion.entity.ResourcesUnion#11537], EntityKey[j.index.module.apply.resourcesUnion.entity.ResourcesUnion#11532], EntityKey[j.index.module.apply.resourcesUnion.entity.ResourcesUnion#11531], EntityKey[j.index.module.apply.resourcesUnion.entity.ResourcesUnion#11534], EntityKey[j.index.module.apply.resourcesUnion.entity.ResourcesUnion#11533], EntityKey[j.index.module.apply.resourcesUnion.entity.ResourcesUnion#11544], EntityKey[j.index.module.apply.resourcesUnion.entity.ResourcesUnion#11543], EntityKey[j.index.module.apply.resourcesUnion.entity.ResourcesUnion#11546], EntityKey[j.index.module.apply.resourcesUnion.entity.ResourcesUnion#11545], EntityKey[j.index.module.apply.resourcesUnion.entity.ResourcesUnion#11540], EntityKey[j.index.module.apply.resourcesUnion.entity.ResourcesUnion#11539], EntityKey[j.index.module.apply.resourcesUnion.entity.ResourcesUnion#11542], EntityKey[j.index.module.apply.resourcesUnion.entity.ResourcesUnion#11541], EntityKey[j.index.module.apply.resourcesUnion.entity.ResourcesUnion#11551], EntityKey[j.index.module.apply.resourcesUnion.entity.ResourcesUnion#11552], EntityKey[j.index.module.apply.resourcesUnion.entity.ResourcesUnion#11553], EntityKey[j.index.module.apply.resourcesUnion.entity.ResourcesUnion#11554], EntityKey[j.index.module.apply.resourcesUnion.entity.ResourcesUnion#11547], EntityKey[j.index.module.apply.resourcesUnion.entity.ResourcesUnion#11548], EntityKey[j.index.module.apply.resourcesUnion.entity.ResourcesUnion#11549], EntityKey[j.index.module.apply.resourcesUnion.entity.ResourcesUnion#11550], EntityKey[j.index.module.apply.resourcesUnion.entity.ResourcesUnion#11559], EntityKey[j.index.module.apply.resourcesUnion.entity.ResourcesUnion#11560], EntityKey[j.index.module.apply.resourcesUnion.entity.ResourcesUnion#11561], EntityKey[j.index.module.apply.resourcesUnion.entity.ResourcesUnion#11562], EntityKey[j.index.module.apply.resourcesUnion.entity.ResourcesUnion#11555], EntityKey[j.index.module.apply.resourcesUnion.entity.ResourcesUnion#11556], EntityKey[j.index.module.apply.resourcesUnion.entity.ResourcesUnion#11557], EntityKey[j.index.module.apply.resourcesUnion.entity.ResourcesUnion#11558], EntityKey[j.index.module.apply.resourcesUnion.entity.ResourcesUnion#11630], EntityKey[j.index.module.apply.resourcesUnion.entity.ResourcesUnion#11629], EntityKey[j.index.module.apply.resourcesUnion.entity.ResourcesUnion#11628], EntityKey[j.index.module.apply.resourcesUnion.entity.ResourcesUnion#11627], EntityKey[j.index.module.apply.resourcesUnion.entity.ResourcesUnion#11634], EntityKey[j.index.module.apply.resourcesUnion.entity.ResourcesUnion#11633], EntityKey[j.index.module.apply.resourcesUnion.entity.ResourcesUnion#11632], EntityKey[j.index.module.apply.resourcesUnion.entity.ResourcesUnion#11631], EntityKey[j.index.module.apply.resourcesUnion.entity.ResourcesUnion#11638], EntityKey[j.index.module.apply.resourcesUnion.entity.ResourcesUnion#11637], EntityKey[j.index.module.apply.resourcesUnion.entity.ResourcesUnion#11636], EntityKey[j.index.module.apply.resourcesUnion.entity.ResourcesUnion#11635], EntityKey[j.index.module.apply.resourcesUnion.entity.ResourcesUnion#11642], EntityKey[j.index.module.apply.resourcesUnion.entity.ResourcesUnion#11641], EntityKey[j.index.module.apply.resourcesUnion.entity.ResourcesUnion#11640], EntityKey[j.index.module.apply.resourcesUnion.entity.ResourcesUnion#11639], EntityKey[j.index.module.apply.resourcesUnion.entity.ResourcesUnion#11645], EntityKey[j.index.module.apply.resourcesUnion.entity.ResourcesUnion#11646], EntityKey[j.index.module.apply.resourcesUnion.entity.ResourcesUnion#11643], EntityKey[j.index.module.apply.resourcesUnion.entity.ResourcesUnion#11644], EntityKey[j.index.module.apply.resourcesUnion.entity.ResourcesUnion#11649], EntityKey[j.index.module.apply.resourcesUnion.entity.ResourcesUnion#11650], EntityKey[j.index.module.apply.resourcesUnion.entity.ResourcesUnion#11647], EntityKey[j.index.module.apply.resourcesUnion.entity.ResourcesUnion#11648], EntityKey[j.index.module.apply.resourcesUnion.entity.ResourcesUnion#11653], EntityKey[j.index.module.apply.resourcesUnion.entity.ResourcesUnion#11654], EntityKey[j.index.module.apply.resourcesUnion.entity.ResourcesUnion#11651], EntityKey[j.index.module.apply.resourcesUnion.entity.ResourcesUnion#11652], EntityKey[j.index.module.apply.resourcesUnion.entity.ResourcesUnion#11657], EntityKey[j.index.module.apply.resourcesUnion.entity.ResourcesUnion#11658], EntityKey[j.index.module.apply.resourcesUnion.entity.ResourcesUnion#11655], EntityKey[j.index.module.apply.resourcesUnion.entity.ResourcesUnion#11656], EntityKey[j.index.module.apply.resourcesUnion.entity.ResourcesUnion#11596], EntityKey[j.index.module.apply.resourcesUnion.entity.ResourcesUnion#11595], EntityKey[j.index.module.apply.resourcesUnion.entity.ResourcesUnion#11598], EntityKey[j.index.module.apply.resourcesUnion.entity.ResourcesUnion#11597], EntityKey[j.index.module.apply.resourcesUnion.entity.ResourcesUnion#11600], EntityKey[j.index.module.apply.resourcesUnion.entity.ResourcesUnion#11599], EntityKey[j.index.module.apply.resourcesUnion.entity.ResourcesUnion#11602], EntityKey[j.index.module.apply.resourcesUnion.entity.ResourcesUnion#11601], EntityKey[j.index.module.apply.resourcesUnion.entity.ResourcesUnion#11604], EntityKey[j.index.module.apply.resourcesUnion.entity.ResourcesUnion#11603], EntityKey[j.index.module.apply.resourcesUnion.entity.ResourcesUnion#11606], EntityKey[j.index.module.apply.resourcesUnion.entity.ResourcesUnion#11605], EntityKey[j.index.module.apply.resourcesUnion.entity.ResourcesUnion#11608], EntityKey[j.index.module.apply.resourcesUnion.entity.ResourcesUnion#11607], EntityKey[j.index.module.apply.resourcesUnion.entity.ResourcesUnion#11610], EntityKey[j.index.module.apply.resourcesUnion.entity.ResourcesUnion#11609], EntityKey[j.index.module.apply.resourcesUnion.entity.ResourcesUnion#11611], EntityKey[j.index.module.apply.resourcesUnion.entity.ResourcesUnion#11612], EntityKey[j.index.module.apply.resourcesUnion.entity.ResourcesUnion#11613], EntityKey[j.index.module.apply.resourcesUnion.entity.ResourcesUnion#11614], EntityKey[j.index.module.apply.resourcesUnion.entity.ResourcesUnion#11615], EntityKey[j.index.module.apply.resourcesUnion.entity.ResourcesUnion#11616], EntityKey[j.index.module.apply.resourcesUnion.entity.ResourcesUnion#11617], EntityKey[j.index.module.apply.resourcesUnion.entity.ResourcesUnion#11618], EntityKey[j.index.module.apply.resourcesUnion.entity.ResourcesUnion#11619], EntityKey[j.index.module.apply.resourcesUnion.entity.ResourcesUnion#11620], EntityKey[j.index.module.apply.resourcesUnion.entity.ResourcesUnion#11621], EntityKey[j.index.module.apply.resourcesUnion.entity.ResourcesUnion#11622], EntityKey[j.index.module.apply.resourcesUnion.entity.ResourcesUnion#11623], EntityKey[j.index.module.apply.resourcesUnion.entity.ResourcesUnion#11624], EntityKey[j.index.module.apply.resourcesUnion.entity.ResourcesUnion#11625], EntityKey[j.index.module.apply.resourcesUnion.entity.ResourcesUnion#11626], EntityKey[j.index.module.apply.resourcesUnion.entity.ResourcesUnion#11449], EntityKey[j.index.module.apply.resourcesUnion.entity.ResourcesUnion#11450], EntityKey[j.index.module.apply.resourcesUnion.entity.ResourcesUnion#11447], EntityKey[j.index.module.apply.resourcesUnion.entity.ResourcesUnion#11448], EntityKey[j.index.module.apply.resourcesUnion.entity.ResourcesUnion#11445], EntityKey[j.index.module.apply.resourcesUnion.entity.ResourcesUnion#11446], EntityKey[j.index.module.apply.resourcesUnion.entity.ResourcesUnion#11443], EntityKey[j.index.module.apply.resourcesUnion.entity.ResourcesUnion#11444], EntityKey[j.index.module.apply.resourcesUnion.entity.ResourcesUnion#11441], EntityKey[j.index.module.apply.resourcesUnion.entity.ResourcesUnion#11442], EntityKey[j.index.module.apply.resourcesUnion.entity.ResourcesUnion#11439], EntityKey[j.index.module.apply.resourcesUnion.entity.ResourcesUnion#11440], EntityKey[j.index.module.apply.resourcesUnion.entity.ResourcesUnion#11437], EntityKey[j.index.module.apply.resourcesUnion.entity.ResourcesUnion#11438], EntityKey[j.index.module.apply.resourcesUnion.entity.ResourcesUnion#11435], EntityKey[j.index.module.apply.resourcesUnion.entity.ResourcesUnion#11436], EntityKey[j.index.module.apply.resourcesUnion.entity.ResourcesUnion#11466], EntityKey[j.index.module.apply.resourcesUnion.entity.ResourcesUnion#11465], EntityKey[j.index.module.apply.resourcesUnion.entity.ResourcesUnion#11464], EntityKey[j.index.module.apply.resourcesUnion.entity.ResourcesUnion#11463], EntityKey[j.index.module.apply.resourcesUnion.entity.ResourcesUnion#11462], EntityKey[j.index.module.apply.resourcesUnion.entity.ResourcesUnion#11461], EntityKey[j.index.module.apply.resourcesUnion.entity.ResourcesUnion#11460], EntityKey[j.index.module.apply.resourcesUnion.entity.ResourcesUnion#11459], EntityKey[j.index.module.apply.resourcesUnion.entity.ResourcesUnion#11458], EntityKey[j.index.module.apply.resourcesUnion.entity.ResourcesUnion#11457], EntityKey[j.index.module.apply.resourcesUnion.entity.ResourcesUnion#11456], EntityKey[j.index.module.apply.resourcesUnion.entity.ResourcesUnion#11455], EntityKey[j.index.module.apply.resourcesUnion.entity.ResourcesUnion#11454], EntityKey[j.index.module.apply.resourcesUnion.entity.ResourcesUnion#11453], EntityKey[j.index.module.apply.resourcesUnion.entity.ResourcesUnion#11452], EntityKey[j.index.module.apply.resourcesUnion.entity.ResourcesUnion#11451], EntityKey[j.index.module.apply.resourcesUnion.entity.ResourcesUnion#11415], EntityKey[j.index.module.apply.resourcesUnion.entity.ResourcesUnion#11416], EntityKey[j.index.module.apply.resourcesUnion.entity.ResourcesUnion#11417], EntityKey[j.index.module.apply.resourcesUnion.entity.ResourcesUnion#11418], EntityKey[j.index.module.apply.resourcesUnion.entity.ResourcesUnion#11411], EntityKey[j.index.module.apply.resourcesUnion.entity.ResourcesUnion#11412], EntityKey[j.index.module.apply.resourcesUnion.entity.ResourcesUnion#11413], EntityKey[j.index.module.apply.resourcesUnion.entity.ResourcesUnion#11414], EntityKey[j.index.module.apply.resourcesUnion.entity.ResourcesUnion#11407], EntityKey[j.index.module.apply.resourcesUnion.entity.ResourcesUnion#11408], EntityKey[j.index.module.apply.resourcesUnion.entity.ResourcesUnion#11409], EntityKey[j.index.module.apply.resourcesUnion.entity.ResourcesUnion#11410], EntityKey[j.index.module.apply.resourcesUnion.entity.ResourcesUnion#11403], EntityKey[j.index.module.apply.resourcesUnion.entity.ResourcesUnion#11404], EntityKey[j.index.module.apply.resourcesUnion.entity.ResourcesUnion#11405], EntityKey[j.index.module.apply.resourcesUnion.entity.ResourcesUnion#11406], EntityKey[j.index.module.apply.resourcesUnion.entity.ResourcesUnion#11432], EntityKey[j.index.module.apply.resourcesUnion.entity.ResourcesUnion#11431], EntityKey[j.index.module.apply.resourcesUnion.entity.ResourcesUnion#11434], EntityKey[j.index.module.apply.resourcesUnion.entity.ResourcesUnion#11433], EntityKey[j.index.module.apply.resourcesUnion.entity.ResourcesUnion#11428], EntityKey[j.index.module.apply.resourcesUnion.entity.ResourcesUnion#11427], EntityKey[j.index.module.apply.resourcesUnion.entity.ResourcesUnion#11430], EntityKey[j.index.module.apply.resourcesUnion.entity.ResourcesUnion#11429], EntityKey[j.index.module.apply.resourcesUnion.entity.ResourcesUnion#11424], EntityKey[j.index.module.apply.resourcesUnion.entity.ResourcesUnion#11423], EntityKey[j.index.module.apply.resourcesUnion.entity.ResourcesUnion#11426], EntityKey[j.index.module.apply.resourcesUnion.entity.ResourcesUnion#11425], EntityKey[j.index.module.apply.resourcesUnion.entity.ResourcesUnion#11420], EntityKey[j.index.module.apply.resourcesUnion.entity.ResourcesUnion#11419], EntityKey[j.index.module.apply.resourcesUnion.entity.ResourcesUnion#11422], EntityKey[j.index.module.apply.resourcesUnion.entity.ResourcesUnion#11421], EntityKey[j.index.module.apply.resourcesUnion.entity.ResourcesUnion#11509], EntityKey[j.index.module.apply.resourcesUnion.entity.ResourcesUnion#11510], EntityKey[j.index.module.apply.resourcesUnion.entity.ResourcesUnion#11507], EntityKey[j.index.module.apply.resourcesUnion.entity.ResourcesUnion#11508], EntityKey[j.index.module.apply.resourcesUnion.entity.ResourcesUnion#11513], EntityKey[j.index.module.apply.resourcesUnion.entity.ResourcesUnion#11514], EntityKey[j.index.module.apply.resourcesUnion.entity.ResourcesUnion#11511], EntityKey[j.index.module.apply.resourcesUnion.entity.ResourcesUnion#11512], EntityKey[j.index.module.apply.resourcesUnion.entity.ResourcesUnion#11501], EntityKey[j.index.module.apply.resourcesUnion.entity.ResourcesUnion#11502], EntityKey[j.index.module.apply.resourcesUnion.entity.ResourcesUnion#11499], EntityKey[j.index.module.apply.resourcesUnion.entity.ResourcesUnion#11500], EntityKey[j.index.module.apply.resourcesUnion.entity.ResourcesUnion#11505], EntityKey[j.index.module.apply.resourcesUnion.entity.ResourcesUnion#11506], EntityKey[j.index.module.apply.resourcesUnion.entity.ResourcesUnion#11503], EntityKey[j.index.module.apply.resourcesUnion.entity.ResourcesUnion#11504], EntityKey[j.index.module.apply.resourcesUnion.entity.ResourcesUnion#11526], EntityKey[j.index.module.apply.resourcesUnion.entity.ResourcesUnion#11525], EntityKey[j.index.module.apply.resourcesUnion.entity.ResourcesUnion#11524], EntityKey[j.index.module.apply.resourcesUnion.entity.ResourcesUnion#11523], EntityKey[j.index.module.apply.resourcesUnion.entity.ResourcesUnion#11530], EntityKey[j.index.module.apply.resourcesUnion.entity.ResourcesUnion#11529], EntityKey[j.index.module.apply.resourcesUnion.entity.ResourcesUnion#11528], EntityKey[j.index.module.apply.resourcesUnion.entity.ResourcesUnion#11527], EntityKey[j.index.module.apply.resourcesUnion.entity.ResourcesUnion#11518], EntityKey[j.index.module.apply.resourcesUnion.entity.ResourcesUnion#11517], EntityKey[j.index.module.apply.resourcesUnion.entity.ResourcesUnion#11516], EntityKey[j.index.module.apply.resourcesUnion.entity.ResourcesUnion#11515], EntityKey[j.index.module.apply.resourcesUnion.entity.ResourcesUnion#11522], EntityKey[j.index.module.apply.resourcesUnion.entity.ResourcesUnion#11521], EntityKey[j.index.module.apply.resourcesUnion.entity.ResourcesUnion#11520], EntityKey[j.index.module.apply.resourcesUnion.entity.ResourcesUnion#11519], EntityKey[j.index.module.apply.resourcesUnion.entity.ResourcesUnion#11475], EntityKey[j.index.module.apply.resourcesUnion.entity.ResourcesUnion#11476], EntityKey[j.index.module.apply.resourcesUnion.entity.ResourcesUnion#11477], EntityKey[j.index.module.apply.resourcesUnion.entity.ResourcesUnion#11478], EntityKey[j.index.module.apply.resourcesUnion.entity.ResourcesUnion#11479], EntityKey[j.index.module.apply.resourcesUnion.entity.ResourcesUnion#11480], EntityKey[j.index.module.apply.resourcesUnion.entity.ResourcesUnion#11481], EntityKey[j.index.module.apply.resourcesUnion.entity.ResourcesUnion#11482], EntityKey[j.index.module.apply.resourcesUnion.entity.ResourcesUnion#11467], EntityKey[j.index.module.apply.resourcesUnion.entity.ResourcesUnion#11468], EntityKey[j.index.module.apply.resourcesUnion.entity.ResourcesUnion#11469], EntityKey[j.index.module.apply.resourcesUnion.entity.ResourcesUnion#11470], EntityKey[j.index.module.apply.resourcesUnion.entity.ResourcesUnion#11471], EntityKey[j.index.module.apply.resourcesUnion.entity.ResourcesUnion#11472], EntityKey[j.index.module.apply.resourcesUnion.entity.ResourcesUnion#11473], EntityKey[j.index.module.apply.resourcesUnion.entity.ResourcesUnion#11474], EntityKey[j.index.module.apply.resourcesUnion.entity.ResourcesUnion#11492], EntityKey[j.index.module.apply.resourcesUnion.entity.ResourcesUnion#11491], EntityKey[j.index.module.apply.resourcesUnion.entity.ResourcesUnion#11494], EntityKey[j.index.module.apply.resourcesUnion.entity.ResourcesUnion#11493], EntityKey[j.index.module.apply.resourcesUnion.entity.ResourcesUnion#11496], EntityKey[j.index.module.apply.resourcesUnion.entity.ResourcesUnion#11495], EntityKey[j.index.module.apply.resourcesUnion.entity.ResourcesUnion#11498], EntityKey[j.index.module.apply.resourcesUnion.entity.ResourcesUnion#11497], EntityKey[j.index.module.apply.resourcesUnion.entity.ResourcesUnion#11484], EntityKey[j.index.module.apply.resourcesUnion.entity.ResourcesUnion#11483], EntityKey[j.index.module.apply.resourcesUnion.entity.ResourcesUnion#11486], EntityKey[j.index.module.apply.resourcesUnion.entity.ResourcesUnion#11485], EntityKey[j.index.module.apply.resourcesUnion.entity.ResourcesUnion#11488], EntityKey[j.index.module.apply.resourcesUnion.entity.ResourcesUnion#11487], EntityKey[j.index.module.apply.resourcesUnion.entity.ResourcesUnion#11490], EntityKey[j.index.module.apply.resourcesUnion.entity.ResourcesUnion#11489], EntityKey[j.index.module.apply.resourcesUnion.entity.ResourcesUnion#10781], EntityKey[j.index.module.apply.resourcesUnion.entity.ResourcesUnion#10782], EntityKey[j.index.module.apply.resourcesUnion.entity.ResourcesUnion#10779], EntityKey[j.index.module.apply.resourcesUnion.entity.ResourcesUnion#10780], EntityKey[j.index.module.apply.resourcesUnion.entity.ResourcesUnion#10785], EntityKey[j.index.module.apply.resourcesUnion.entity.ResourcesUnion#10786], EntityKey[j.index.module.apply.resourcesUnion.entity.ResourcesUnion#10783], EntityKey[j.index.module.apply.resourcesUnion.entity.ResourcesUnion#10784], EntityKey[j.index.module.apply.resourcesUnion.entity.ResourcesUnion#10789], EntityKey[j.index.module.apply.resourcesUnion.entity.ResourcesUnion#10790], EntityKey[j.index.module.apply.resourcesUnion.entity.ResourcesUnion#10787], EntityKey[j.index.module.apply.resourcesUnion.entity.ResourcesUnion#10788], EntityKey[j.index.module.apply.resourcesUnion.entity.ResourcesUnion#10793], EntityKey[j.index.module.apply.resourcesUnion.entity.ResourcesUnion#10794], EntityKey[j.index.module.apply.resourcesUnion.entity.ResourcesUnion#10791], EntityKey[j.index.module.apply.resourcesUnion.entity.ResourcesUnion#10792], EntityKey[j.index.module.apply.resourcesUnion.entity.ResourcesUnion#10766], EntityKey[j.index.module.apply.resourcesUnion.entity.ResourcesUnion#10765], EntityKey[j.index.module.apply.resourcesUnion.entity.ResourcesUnion#10764], EntityKey[j.index.module.apply.resourcesUnion.entity.ResourcesUnion#10763], EntityKey[j.index.module.apply.resourcesUnion.entity.ResourcesUnion#10770], EntityKey[j.index.module.apply.resourcesUnion.entity.ResourcesUnion#10769], EntityKey[j.index.module.apply.resourcesUnion.entity.ResourcesUnion#10768], EntityKey[j.index.module.apply.resourcesUnion.entity.ResourcesUnion#10767], EntityKey[j.index.module.apply.resourcesUnion.entity.ResourcesUnion#10774], EntityKey[j.index.module.apply.resourcesUnion.entity.ResourcesUnion#10773], EntityKey[j.index.module.apply.resourcesUnion.entity.ResourcesUnion#10772], EntityKey[j.index.module.apply.resourcesUnion.entity.ResourcesUnion#10771], EntityKey[j.index.module.apply.resourcesUnion.entity.ResourcesUnion#10778], EntityKey[j.index.module.apply.resourcesUnion.entity.ResourcesUnion#10777], EntityKey[j.index.module.apply.resourcesUnion.entity.ResourcesUnion#10776], EntityKey[j.index.module.apply.resourcesUnion.entity.ResourcesUnion#10775], EntityKey[j.index.module.apply.resourcesUnion.entity.ResourcesUnion#10811], EntityKey[j.index.module.apply.resourcesUnion.entity.ResourcesUnion#10812], EntityKey[j.index.module.apply.resourcesUnion.entity.ResourcesUnion#10813], EntityKey[j.index.module.apply.resourcesUnion.entity.ResourcesUnion#10814], EntityKey[j.index.module.apply.resourcesUnion.entity.ResourcesUnion#10815], EntityKey[j.index.module.apply.resourcesUnion.entity.ResourcesUnion#10816], EntityKey[j.index.module.apply.resourcesUnion.entity.ResourcesUnion#10817], EntityKey[j.index.module.apply.resourcesUnion.entity.ResourcesUnion#10818], EntityKey[j.index.module.apply.resourcesUnion.entity.ResourcesUnion#10819], EntityKey[j.index.module.apply.resourcesUnion.entity.ResourcesUnion#10820], EntityKey[j.index.module.apply.resourcesUnion.entity.ResourcesUnion#10821], EntityKey[j.index.module.apply.resourcesUnion.entity.ResourcesUnion#10822], EntityKey[j.index.module.apply.resourcesUnion.entity.ResourcesUnion#10823], EntityKey[j.index.module.apply.resourcesUnion.entity.ResourcesUnion#10824], EntityKey[j.index.module.apply.resourcesUnion.entity.ResourcesUnion#10825], EntityKey[j.index.module.apply.resourcesUnion.entity.ResourcesUnion#10826], EntityKey[j.index.module.apply.resourcesUnion.entity.ResourcesUnion#10796], EntityKey[j.index.module.apply.resourcesUnion.entity.ResourcesUnion#10795], EntityKey[j.index.module.apply.resourcesUnion.entity.ResourcesUnion#10798], EntityKey[j.index.module.apply.resourcesUnion.entity.ResourcesUnion#10797], EntityKey[j.index.module.apply.resourcesUnion.entity.ResourcesUnion#10800], EntityKey[j.index.module.apply.resourcesUnion.entity.ResourcesUnion#10799], EntityKey[j.index.module.apply.resourcesUnion.entity.ResourcesUnion#10802], EntityKey[j.index.module.apply.resourcesUnion.entity.ResourcesUnion#10801], EntityKey[j.index.module.apply.resourcesUnion.entity.ResourcesUnion#10804], EntityKey[j.index.module.apply.resourcesUnion.entity.ResourcesUnion#10803], EntityKey[j.index.module.apply.resourcesUnion.entity.ResourcesUnion#10806], EntityKey[j.index.module.apply.resourcesUnion.entity.ResourcesUnion#10805], EntityKey[j.index.module.apply.resourcesUnion.entity.ResourcesUnion#10808], EntityKey[j.index.module.apply.resourcesUnion.entity.ResourcesUnion#10807], EntityKey[j.index.module.apply.resourcesUnion.entity.ResourcesUnion#10810], EntityKey[j.index.module.apply.resourcesUnion.entity.ResourcesUnion#10809], EntityKey[j.index.module.apply.resourcesUnion.entity.ResourcesUnion#10849], EntityKey[j.index.module.apply.resourcesUnion.entity.ResourcesUnion#10850], EntityKey[j.index.module.apply.resourcesUnion.entity.ResourcesUnion#10847], EntityKey[j.index.module.apply.resourcesUnion.entity.ResourcesUnion#10848], EntityKey[j.index.module.apply.resourcesUnion.entity.ResourcesUnion#10845], EntityKey[j.index.module.apply.resourcesUnion.entity.ResourcesUnion#10846], EntityKey[j.index.module.apply.resourcesUnion.entity.ResourcesUnion#10843], EntityKey[j.index.module.apply.resourcesUnion.entity.ResourcesUnion#10844], EntityKey[j.index.module.apply.resourcesUnion.entity.ResourcesUnion#10857], EntityKey[j.index.module.apply.resourcesUnion.entity.ResourcesUnion#10858], EntityKey[j.index.module.apply.resourcesUnion.entity.ResourcesUnion#10855], EntityKey[j.index.module.apply.resourcesUnion.entity.ResourcesUnion#10856], EntityKey[j.index.module.apply.resourcesUnion.entity.ResourcesUnion#10853], EntityKey[j.index.module.apply.resourcesUnion.entity.ResourcesUnion#10854], EntityKey[j.index.module.apply.resourcesUnion.entity.ResourcesUnion#10851], EntityKey[j.index.module.apply.resourcesUnion.entity.ResourcesUnion#10852], EntityKey[j.index.module.apply.resourcesUnion.entity.ResourcesUnion#10834], EntityKey[j.index.module.apply.resourcesUnion.entity.ResourcesUnion#10833], EntityKey[j.index.module.apply.resourcesUnion.entity.ResourcesUnion#10832], EntityKey[j.index.module.apply.resourcesUnion.entity.ResourcesUnion#10831], EntityKey[j.index.module.apply.resourcesUnion.entity.ResourcesUnion#10830], EntityKey[j.index.module.apply.resourcesUnion.entity.ResourcesUnion#10829], EntityKey[j.index.module.apply.resourcesUnion.entity.ResourcesUnion#10828], EntityKey[j.index.module.apply.resourcesUnion.entity.ResourcesUnion#10827], EntityKey[j.index.module.apply.resourcesUnion.entity.ResourcesUnion#10842], EntityKey[j.index.module.apply.resourcesUnion.entity.ResourcesUnion#10841], EntityKey[j.index.module.apply.resourcesUnion.entity.ResourcesUnion#10840], EntityKey[j.index.module.apply.resourcesUnion.entity.ResourcesUnion#10839], EntityKey[j.index.module.apply.resourcesUnion.entity.ResourcesUnion#10838], EntityKey[j.index.module.apply.resourcesUnion.entity.ResourcesUnion#10837], EntityKey[j.index.module.apply.resourcesUnion.entity.ResourcesUnion#10836], EntityKey[j.index.module.apply.resourcesUnion.entity.ResourcesUnion#10835], EntityKey[j.index.module.apply.resourcesUnion.entity.ResourcesUnion#10879], EntityKey[j.index.module.apply.resourcesUnion.entity.ResourcesUnion#10880], EntityKey[j.index.module.apply.resourcesUnion.entity.ResourcesUnion#10881], EntityKey[j.index.module.apply.resourcesUnion.entity.ResourcesUnion#10882], EntityKey[j.index.module.apply.resourcesUnion.entity.ResourcesUnion#10875], EntityKey[j.index.module.apply.resourcesUnion.entity.ResourcesUnion#10876], EntityKey[j.index.module.apply.resourcesUnion.entity.ResourcesUnion#10877], EntityKey[j.index.module.apply.resourcesUnion.entity.ResourcesUnion#10878], EntityKey[j.index.module.apply.resourcesUnion.entity.ResourcesUnion#10887], EntityKey[j.index.module.apply.resourcesUnion.entity.ResourcesUnion#10888], EntityKey[j.index.module.apply.resourcesUnion.entity.ResourcesUnion#10889], EntityKey[j.index.module.apply.resourcesUnion.entity.ResourcesUnion#10890], EntityKey[j.index.module.apply.resourcesUnion.entity.ResourcesUnion#10883], EntityKey[j.index.module.apply.resourcesUnion.entity.ResourcesUnion#10884], EntityKey[j.index.module.apply.resourcesUnion.entity.ResourcesUnion#10885], EntityKey[j.index.module.apply.resourcesUnion.entity.ResourcesUnion#10886], EntityKey[j.index.module.apply.resourcesUnion.entity.ResourcesUnion#10864], EntityKey[j.index.module.apply.resourcesUnion.entity.ResourcesUnion#10863], EntityKey[j.index.module.apply.resourcesUnion.entity.ResourcesUnion#10866], EntityKey[j.index.module.apply.resourcesUnion.entity.ResourcesUnion#10865], EntityKey[j.index.module.apply.resourcesUnion.entity.ResourcesUnion#10860], EntityKey[j.index.module.apply.resourcesUnion.entity.ResourcesUnion#10859], EntityKey[j.index.module.apply.resourcesUnion.entity.ResourcesUnion#10862], EntityKey[j.index.module.apply.resourcesUnion.entity.ResourcesUnion#10861], EntityKey[j.index.module.apply.resourcesUnion.entity.ResourcesUnion#10872], EntityKey[j.index.module.apply.resourcesUnion.entity.ResourcesUnion#10871], EntityKey[j.index.module.apply.resourcesUnion.entity.ResourcesUnion#10874], EntityKey[j.index.module.apply.resourcesUnion.entity.ResourcesUnion#10873], EntityKey[j.index.module.apply.resourcesUnion.entity.ResourcesUnion#10868], EntityKey[j.index.module.apply.resourcesUnion.entity.ResourcesUnion#10867], EntityKey[j.index.module.apply.resourcesUnion.entity.ResourcesUnion#10870], EntityKey[j.index.module.apply.resourcesUnion.entity.ResourcesUnion#10869], EntityKey[j.index.module.apply.resourcesUnion.entity.ResourcesUnion#10662], EntityKey[j.index.module.apply.resourcesUnion.entity.ResourcesUnion#10661], EntityKey[j.index.module.apply.resourcesUnion.entity.ResourcesUnion#10660], EntityKey[j.index.module.apply.resourcesUnion.entity.ResourcesUnion#10659], EntityKey[j.index.module.apply.resourcesUnion.entity.ResourcesUnion#10666], EntityKey[j.index.module.apply.resourcesUnion.entity.ResourcesUnion#10665], EntityKey[j.index.module.apply.resourcesUnion.entity.ResourcesUnion#10664], EntityKey[j.index.module.apply.resourcesUnion.entity.ResourcesUnion#10663], EntityKey[j.index.module.apply.resourcesUnion.entity.ResourcesUnion#10654], EntityKey[j.index.module.apply.resourcesUnion.entity.ResourcesUnion#10653], EntityKey[j.index.module.apply.resourcesUnion.entity.ResourcesUnion#10652], EntityKey[j.index.module.apply.resourcesUnion.entity.ResourcesUnion#10651], EntityKey[j.index.module.apply.resourcesUnion.entity.ResourcesUnion#10658], EntityKey[j.index.module.apply.resourcesUnion.entity.ResourcesUnion#10657], EntityKey[j.index.module.apply.resourcesUnion.entity.ResourcesUnion#10656], EntityKey[j.index.module.apply.resourcesUnion.entity.ResourcesUnion#10655], EntityKey[j.index.module.apply.resourcesUnion.entity.ResourcesUnion#10645], EntityKey[j.index.module.apply.resourcesUnion.entity.ResourcesUnion#10646], EntityKey[j.index.module.apply.resourcesUnion.entity.ResourcesUnion#10643], EntityKey[j.index.module.apply.resourcesUnion.entity.ResourcesUnion#10644], EntityKey[j.index.module.apply.resourcesUnion.entity.ResourcesUnion#10649], EntityKey[j.index.module.apply.resourcesUnion.entity.ResourcesUnion#10650], EntityKey[j.index.module.apply.resourcesUnion.entity.ResourcesUnion#10647], EntityKey[j.index.module.apply.resourcesUnion.entity.ResourcesUnion#10648], EntityKey[j.index.module.apply.resourcesUnion.entity.ResourcesUnion#10637], EntityKey[j.index.module.apply.resourcesUnion.entity.ResourcesUnion#10638], EntityKey[j.index.module.apply.resourcesUnion.entity.ResourcesUnion#10635], EntityKey[j.index.module.apply.resourcesUnion.entity.ResourcesUnion#10636], EntityKey[j.index.module.apply.resourcesUnion.entity.ResourcesUnion#10641], EntityKey[j.index.module.apply.resourcesUnion.entity.ResourcesUnion#10642], EntityKey[j.index.module.apply.resourcesUnion.entity.ResourcesUnion#10639], EntityKey[j.index.module.apply.resourcesUnion.entity.ResourcesUnion#10640], EntityKey[j.index.module.apply.resourcesUnion.entity.ResourcesUnion#10692], EntityKey[j.index.module.apply.resourcesUnion.entity.ResourcesUnion#10691], EntityKey[j.index.module.apply.resourcesUnion.entity.ResourcesUnion#10694], EntityKey[j.index.module.apply.resourcesUnion.entity.ResourcesUnion#10693], EntityKey[j.index.module.apply.resourcesUnion.entity.ResourcesUnion#10696], EntityKey[j.index.module.apply.resourcesUnion.entity.ResourcesUnion#10695], EntityKey[j.index.module.apply.resourcesUnion.entity.ResourcesUnion#10698], EntityKey[j.index.module.apply.resourcesUnion.entity.ResourcesUnion#10697], EntityKey[j.index.module.apply.resourcesUnion.entity.ResourcesUnion#10684], EntityKey[j.index.module.apply.resourcesUnion.entity.ResourcesUnion#10683], EntityKey[j.index.module.apply.resourcesUnion.entity.ResourcesUnion#10686], EntityKey[j.index.module.apply.resourcesUnion.entity.ResourcesUnion#10685], EntityKey[j.index.module.apply.resourcesUnion.entity.ResourcesUnion#10688], EntityKey[j.index.module.apply.resourcesUnion.entity.ResourcesUnion#10687], EntityKey[j.index.module.apply.resourcesUnion.entity.ResourcesUnion#10690], EntityKey[j.index.module.apply.resourcesUnion.entity.ResourcesUnion#10689], EntityKey[j.index.module.apply.resourcesUnion.entity.ResourcesUnion#10675], EntityKey[j.index.module.apply.resourcesUnion.entity.ResourcesUnion#10676], EntityKey[j.index.module.apply.resourcesUnion.entity.ResourcesUnion#10677], EntityKey[j.index.module.apply.resourcesUnion.entity.ResourcesUnion#10678], EntityKey[j.index.module.apply.resourcesUnion.entity.ResourcesUnion#10679], EntityKey[j.index.module.apply.resourcesUnion.entity.ResourcesUnion#10680], EntityKey[j.index.module.apply.resourcesUnion.entity.ResourcesUnion#10681], EntityKey[j.index.module.apply.resourcesUnion.entity.ResourcesUnion#10682], EntityKey[j.index.module.apply.resourcesUnion.entity.ResourcesUnion#10667], EntityKey[j.index.module.apply.resourcesUnion.entity.ResourcesUnion#10668], EntityKey[j.index.module.apply.resourcesUnion.entity.ResourcesUnion#10669], EntityKey[j.index.module.apply.resourcesUnion.entity.ResourcesUnion#10670], EntityKey[j.index.module.apply.resourcesUnion.entity.ResourcesUnion#10671], EntityKey[j.index.module.apply.resourcesUnion.entity.ResourcesUnion#10672], EntityKey[j.index.module.apply.resourcesUnion.entity.ResourcesUnion#10673], EntityKey[j.index.module.apply.resourcesUnion.entity.ResourcesUnion#10674], EntityKey[j.index.module.apply.resourcesUnion.entity.ResourcesUnion#10730], EntityKey[j.index.module.apply.resourcesUnion.entity.ResourcesUnion#10729], EntityKey[j.index.module.apply.resourcesUnion.entity.ResourcesUnion#10728], EntityKey[j.index.module.apply.resourcesUnion.entity.ResourcesUnion#10727], EntityKey[j.index.module.apply.resourcesUnion.entity.ResourcesUnion#10726], EntityKey[j.index.module.apply.resourcesUnion.entity.ResourcesUnion#10725], EntityKey[j.index.module.apply.resourcesUnion.entity.ResourcesUnion#10724], EntityKey[j.index.module.apply.resourcesUnion.entity.ResourcesUnion#10723], EntityKey[j.index.module.apply.resourcesUnion.entity.ResourcesUnion#10722], EntityKey[j.index.module.apply.resourcesUnion.entity.ResourcesUnion#10721], EntityKey[j.index.module.apply.resourcesUnion.entity.ResourcesUnion#10720], EntityKey[j.index.module.apply.resourcesUnion.entity.ResourcesUnion#10719], EntityKey[j.index.module.apply.resourcesUnion.entity.ResourcesUnion#10718], EntityKey[j.index.module.apply.resourcesUnion.entity.ResourcesUnion#10717], EntityKey[j.index.module.apply.resourcesUnion.entity.ResourcesUnion#10716], EntityKey[j.index.module.apply.resourcesUnion.entity.ResourcesUnion#10715], EntityKey[j.index.module.apply.resourcesUnion.entity.ResourcesUnion#10713], EntityKey[j.index.module.apply.resourcesUnion.entity.ResourcesUnion#10714], EntityKey[j.index.module.apply.resourcesUnion.entity.ResourcesUnion#10711], EntityKey[j.index.module.apply.resourcesUnion.entity.ResourcesUnion#10712], EntityKey[j.index.module.apply.resourcesUnion.entity.ResourcesUnion#10709], EntityKey[j.index.module.apply.resourcesUnion.entity.ResourcesUnion#10710], EntityKey[j.index.module.apply.resourcesUnion.entity.ResourcesUnion#10707], EntityKey[j.index.module.apply.resourcesUnion.entity.ResourcesUnion#10708], EntityKey[j.index.module.apply.resourcesUnion.entity.ResourcesUnion#10705], EntityKey[j.index.module.apply.resourcesUnion.entity.ResourcesUnion#10706], EntityKey[j.index.module.apply.resourcesUnion.entity.ResourcesUnion#10703], EntityKey[j.index.module.apply.resourcesUnion.entity.ResourcesUnion#10704], EntityKey[j.index.module.apply.resourcesUnion.entity.ResourcesUnion#10701], EntityKey[j.index.module.apply.resourcesUnion.entity.ResourcesUnion#10702], EntityKey[j.index.module.apply.resourcesUnion.entity.ResourcesUnion#10699], EntityKey[j.index.module.apply.resourcesUnion.entity.ResourcesUnion#10700], EntityKey[j.index.module.apply.resourcesUnion.entity.ResourcesUnion#10760], EntityKey[j.index.module.apply.resourcesUnion.entity.ResourcesUnion#10759], EntityKey[j.index.module.apply.resourcesUnion.entity.ResourcesUnion#10762], EntityKey[j.index.module.apply.resourcesUnion.entity.ResourcesUnion#10761], EntityKey[j.index.module.apply.resourcesUnion.entity.ResourcesUnion#10756], EntityKey[j.index.module.apply.resourcesUnion.entity.ResourcesUnion#10755], EntityKey[j.index.module.apply.resourcesUnion.entity.ResourcesUnion#10758], EntityKey[j.index.module.apply.resourcesUnion.entity.ResourcesUnion#10757], EntityKey[j.index.module.apply.resourcesUnion.entity.ResourcesUnion#10752], EntityKey[j.index.module.apply.resourcesUnion.entity.ResourcesUnion#10751], EntityKey[j.index.module.apply.resourcesUnion.entity.ResourcesUnion#10754], EntityKey[j.index.module.apply.resourcesUnion.entity.ResourcesUnion#10753], EntityKey[j.index.module.apply.resourcesUnion.entity.ResourcesUnion#10748], EntityKey[j.index.module.apply.resourcesUnion.entity.ResourcesUnion#10747], EntityKey[j.index.module.apply.resourcesUnion.entity.ResourcesUnion#10750], EntityKey[j.index.module.apply.resourcesUnion.entity.ResourcesUnion#10749], EntityKey[j.index.module.apply.resourcesUnion.entity.ResourcesUnion#10743], EntityKey[j.index.module.apply.resourcesUnion.entity.ResourcesUnion#10744], EntityKey[j.index.module.apply.resourcesUnion.entity.ResourcesUnion#10745], EntityKey[j.index.module.apply.resourcesUnion.entity.ResourcesUnion#10746], EntityKey[j.index.module.apply.resourcesUnion.entity.ResourcesUnion#10739], EntityKey[j.index.module.apply.resourcesUnion.entity.ResourcesUnion#10740], EntityKey[j.index.module.apply.resourcesUnion.entity.ResourcesUnion#10741], EntityKey[j.index.module.apply.resourcesUnion.entity.ResourcesUnion#10742], EntityKey[j.index.module.apply.resourcesUnion.entity.ResourcesUnion#10735], EntityKey[j.index.module.apply.resourcesUnion.entity.ResourcesUnion#10736], EntityKey[j.index.module.apply.resourcesUnion.entity.ResourcesUnion#10737], EntityKey[j.index.module.apply.resourcesUnion.entity.ResourcesUnion#10738], EntityKey[j.index.module.apply.resourcesUnion.entity.ResourcesUnion#10731], EntityKey[j.index.module.apply.resourcesUnion.entity.ResourcesUnion#10732], EntityKey[j.index.module.apply.resourcesUnion.entity.ResourcesUnion#10733], EntityKey[j.index.module.apply.resourcesUnion.entity.ResourcesUnion#10734], EntityKey[j.index.module.apply.resourcesUnion.entity.ResourcesUnion#11020], EntityKey[j.index.module.apply.resourcesUnion.entity.ResourcesUnion#11019], EntityKey[j.index.module.apply.resourcesUnion.entity.ResourcesUnion#11022], EntityKey[j.index.module.apply.resourcesUnion.entity.ResourcesUnion#11021], EntityKey[j.index.module.apply.resourcesUnion.entity.ResourcesUnion#11024], EntityKey[j.index.module.apply.resourcesUnion.entity.ResourcesUnion#11023], EntityKey[j.index.module.apply.resourcesUnion.entity.ResourcesUnion#11026], EntityKey[j.index.module.apply.resourcesUnion.entity.ResourcesUnion#11025], EntityKey[j.index.module.apply.resourcesUnion.entity.ResourcesUnion#11028], EntityKey[j.index.module.apply.resourcesUnion.entity.ResourcesUnion#11027], EntityKey[j.index.module.apply.resourcesUnion.entity.ResourcesUnion#11030], EntityKey[j.index.module.apply.resourcesUnion.entity.ResourcesUnion#11029], EntityKey[j.index.module.apply.resourcesUnion.entity.ResourcesUnion#11032], EntityKey[j.index.module.apply.resourcesUnion.entity.ResourcesUnion#11031], EntityKey[j.index.module.apply.resourcesUnion.entity.ResourcesUnion#11034], EntityKey[j.index.module.apply.resourcesUnion.entity.ResourcesUnion#11033], EntityKey[j.index.module.apply.resourcesUnion.entity.ResourcesUnion#11035], EntityKey[j.index.module.apply.resourcesUnion.entity.ResourcesUnion#11036], EntityKey[j.index.module.apply.resourcesUnion.entity.ResourcesUnion#11037], EntityKey[j.index.module.apply.resourcesUnion.entity.ResourcesUnion#11038], EntityKey[j.index.module.apply.resourcesUnion.entity.ResourcesUnion#11039], EntityKey[j.index.module.apply.resourcesUnion.entity.ResourcesUnion#11040], EntityKey[j.index.module.apply.resourcesUnion.entity.ResourcesUnion#11041], EntityKey[j.index.module.apply.resourcesUnion.entity.ResourcesUnion#11042], EntityKey[j.index.module.apply.resourcesUnion.entity.ResourcesUnion#11043], EntityKey[j.index.module.apply.resourcesUnion.entity.ResourcesUnion#11044], EntityKey[j.index.module.apply.resourcesUnion.entity.ResourcesUnion#11045], EntityKey[j.index.module.apply.resourcesUnion.entity.ResourcesUnion#11046], EntityKey[j.index.module.apply.resourcesUnion.entity.ResourcesUnion#11047], EntityKey[j.index.module.apply.resourcesUnion.entity.ResourcesUnion#11048], EntityKey[j.index.module.apply.resourcesUnion.entity.ResourcesUnion#11049], EntityKey[j.index.module.apply.resourcesUnion.entity.ResourcesUnion#11050], EntityKey[j.index.module.apply.resourcesUnion.entity.ResourcesUnion#11054], EntityKey[j.index.module.apply.resourcesUnion.entity.ResourcesUnion#11053], EntityKey[j.index.module.apply.resourcesUnion.entity.ResourcesUnion#11052], EntityKey[j.index.module.apply.resourcesUnion.entity.ResourcesUnion#11051], EntityKey[j.index.module.apply.resourcesUnion.entity.ResourcesUnion#11058], EntityKey[j.index.module.apply.resourcesUnion.entity.ResourcesUnion#11057], EntityKey[j.index.module.apply.resourcesUnion.entity.ResourcesUnion#11056], EntityKey[j.index.module.apply.resourcesUnion.entity.ResourcesUnion#11055], EntityKey[j.index.module.apply.resourcesUnion.entity.ResourcesUnion#11062], EntityKey[j.index.module.apply.resourcesUnion.entity.ResourcesUnion#11061], EntityKey[j.index.module.apply.resourcesUnion.entity.ResourcesUnion#11060], EntityKey[j.index.module.apply.resourcesUnion.entity.ResourcesUnion#11059], EntityKey[j.index.module.apply.resourcesUnion.entity.ResourcesUnion#11066], EntityKey[j.index.module.apply.resourcesUnion.entity.ResourcesUnion#11065], EntityKey[j.index.module.apply.resourcesUnion.entity.ResourcesUnion#11064], EntityKey[j.index.module.apply.resourcesUnion.entity.ResourcesUnion#11063], EntityKey[j.index.module.apply.resourcesUnion.entity.ResourcesUnion#11069], EntityKey[j.index.module.apply.resourcesUnion.entity.ResourcesUnion#11070], EntityKey[j.index.module.apply.resourcesUnion.entity.ResourcesUnion#11067], EntityKey[j.index.module.apply.resourcesUnion.entity.ResourcesUnion#11068], EntityKey[j.index.module.apply.resourcesUnion.entity.ResourcesUnion#11073], EntityKey[j.index.module.apply.resourcesUnion.entity.ResourcesUnion#11074], EntityKey[j.index.module.apply.resourcesUnion.entity.ResourcesUnion#11071], EntityKey[j.index.module.apply.resourcesUnion.entity.ResourcesUnion#11072], EntityKey[j.index.module.apply.resourcesUnion.entity.ResourcesUnion#11077], EntityKey[j.index.module.apply.resourcesUnion.entity.ResourcesUnion#11078], EntityKey[j.index.module.apply.resourcesUnion.entity.ResourcesUnion#11075], EntityKey[j.index.module.apply.resourcesUnion.entity.ResourcesUnion#11076], EntityKey[j.index.module.apply.resourcesUnion.entity.ResourcesUnion#11081], EntityKey[j.index.module.apply.resourcesUnion.entity.ResourcesUnion#11082], EntityKey[j.index.module.apply.resourcesUnion.entity.ResourcesUnion#11079], EntityKey[j.index.module.apply.resourcesUnion.entity.ResourcesUnion#11080], EntityKey[j.index.module.apply.resourcesUnion.entity.ResourcesUnion#11088], EntityKey[j.index.module.apply.resourcesUnion.entity.ResourcesUnion#11087], EntityKey[j.index.module.apply.resourcesUnion.entity.ResourcesUnion#11090], EntityKey[j.index.module.apply.resourcesUnion.entity.ResourcesUnion#11089], EntityKey[j.index.module.apply.resourcesUnion.entity.ResourcesUnion#11084], EntityKey[j.index.module.apply.resourcesUnion.entity.ResourcesUnion#11083], EntityKey[j.index.module.apply.resourcesUnion.entity.ResourcesUnion#11086], EntityKey[j.index.module.apply.resourcesUnion.entity.ResourcesUnion#11085], EntityKey[j.index.module.apply.resourcesUnion.entity.ResourcesUnion#11096], EntityKey[j.index.module.apply.resourcesUnion.entity.ResourcesUnion#11095], EntityKey[j.index.module.apply.resourcesUnion.entity.ResourcesUnion#11098], EntityKey[j.index.module.apply.resourcesUnion.entity.ResourcesUnion#11097], EntityKey[j.index.module.apply.resourcesUnion.entity.ResourcesUnion#11092], EntityKey[j.index.module.apply.resourcesUnion.entity.ResourcesUnion#11091], EntityKey[j.index.module.apply.resourcesUnion.entity.ResourcesUnion#11094], EntityKey[j.index.module.apply.resourcesUnion.entity.ResourcesUnion#11093], EntityKey[j.index.module.apply.resourcesUnion.entity.ResourcesUnion#11103], EntityKey[j.index.module.apply.resourcesUnion.entity.ResourcesUnion#11104], EntityKey[j.index.module.apply.resourcesUnion.entity.ResourcesUnion#11105], EntityKey[j.index.module.apply.resourcesUnion.entity.ResourcesUnion#11106], EntityKey[j.index.module.apply.resourcesUnion.entity.ResourcesUnion#11099], EntityKey[j.index.module.apply.resourcesUnion.entity.ResourcesUnion#11100], EntityKey[j.index.module.apply.resourcesUnion.entity.ResourcesUnion#11101], EntityKey[j.index.module.apply.resourcesUnion.entity.ResourcesUnion#11102], EntityKey[j.index.module.apply.resourcesUnion.entity.ResourcesUnion#11111], EntityKey[j.index.module.apply.resourcesUnion.entity.ResourcesUnion#11112], EntityKey[j.index.module.apply.resourcesUnion.entity.ResourcesUnion#11113], EntityKey[j.index.module.apply.resourcesUnion.entity.ResourcesUnion#11114], EntityKey[j.index.module.apply.resourcesUnion.entity.ResourcesUnion#11107], EntityKey[j.index.module.apply.resourcesUnion.entity.ResourcesUnion#11108], EntityKey[j.index.module.apply.resourcesUnion.entity.ResourcesUnion#11109], EntityKey[j.index.module.apply.resourcesUnion.entity.ResourcesUnion#11110], EntityKey[j.index.module.apply.resourcesUnion.entity.ResourcesUnion#11122], EntityKey[j.index.module.apply.resourcesUnion.entity.ResourcesUnion#11121], EntityKey[j.index.module.apply.resourcesUnion.entity.ResourcesUnion#11120], EntityKey[j.index.module.apply.resourcesUnion.entity.ResourcesUnion#11119], EntityKey[j.index.module.apply.resourcesUnion.entity.ResourcesUnion#11118], EntityKey[j.index.module.apply.resourcesUnion.entity.ResourcesUnion#11117], EntityKey[j.index.module.apply.resourcesUnion.entity.ResourcesUnion#11116], EntityKey[j.index.module.apply.resourcesUnion.entity.ResourcesUnion#11115], EntityKey[j.index.module.apply.resourcesUnion.entity.ResourcesUnion#11130], EntityKey[j.index.module.apply.resourcesUnion.entity.ResourcesUnion#11129], EntityKey[j.index.module.apply.resourcesUnion.entity.ResourcesUnion#11128], EntityKey[j.index.module.apply.resourcesUnion.entity.ResourcesUnion#11127], EntityKey[j.index.module.apply.resourcesUnion.entity.ResourcesUnion#11126], EntityKey[j.index.module.apply.resourcesUnion.entity.ResourcesUnion#11125], EntityKey[j.index.module.apply.resourcesUnion.entity.ResourcesUnion#11124], EntityKey[j.index.module.apply.resourcesUnion.entity.ResourcesUnion#11123], EntityKey[j.index.module.apply.resourcesUnion.entity.ResourcesUnion#11137], EntityKey[j.index.module.apply.resourcesUnion.entity.ResourcesUnion#11138], EntityKey[j.index.module.apply.resourcesUnion.entity.ResourcesUnion#11135], EntityKey[j.index.module.apply.resourcesUnion.entity.ResourcesUnion#11136], EntityKey[j.index.module.apply.resourcesUnion.entity.ResourcesUnion#11133], EntityKey[j.index.module.apply.resourcesUnion.entity.ResourcesUnion#11134], EntityKey[j.index.module.apply.resourcesUnion.entity.ResourcesUnion#11131], EntityKey[j.index.module.apply.resourcesUnion.entity.ResourcesUnion#11132], EntityKey[j.index.module.apply.resourcesUnion.entity.ResourcesUnion#11145], EntityKey[j.index.module.apply.resourcesUnion.entity.ResourcesUnion#11146], EntityKey[j.index.module.apply.resourcesUnion.entity.ResourcesUnion#11143], EntityKey[j.index.module.apply.resourcesUnion.entity.ResourcesUnion#11144], EntityKey[j.index.module.apply.resourcesUnion.entity.ResourcesUnion#11141], EntityKey[j.index.module.apply.resourcesUnion.entity.ResourcesUnion#11142], EntityKey[j.index.module.apply.resourcesUnion.entity.ResourcesUnion#11139], EntityKey[j.index.module.apply.resourcesUnion.entity.ResourcesUnion#11140], EntityKey[j.index.module.apply.resourcesUnion.entity.ResourcesUnion#10899], EntityKey[j.index.module.apply.resourcesUnion.entity.ResourcesUnion#10900], EntityKey[j.index.module.apply.resourcesUnion.entity.ResourcesUnion#10901], EntityKey[j.index.module.apply.resourcesUnion.entity.ResourcesUnion#10902], EntityKey[j.index.module.apply.resourcesUnion.entity.ResourcesUnion#10903], EntityKey[j.index.module.apply.resourcesUnion.entity.ResourcesUnion#10904], EntityKey[j.index.module.apply.resourcesUnion.entity.ResourcesUnion#10905], EntityKey[j.index.module.apply.resourcesUnion.entity.ResourcesUnion#10906], EntityKey[j.index.module.apply.resourcesUnion.entity.ResourcesUnion#10891], EntityKey[j.index.module.apply.resourcesUnion.entity.ResourcesUnion#10892], EntityKey[j.index.module.apply.resourcesUnion.entity.ResourcesUnion#10893], EntityKey[j.index.module.apply.resourcesUnion.entity.ResourcesUnion#10894], EntityKey[j.index.module.apply.resourcesUnion.entity.ResourcesUnion#10895], EntityKey[j.index.module.apply.resourcesUnion.entity.ResourcesUnion#10896], EntityKey[j.index.module.apply.resourcesUnion.entity.ResourcesUnion#10897], EntityKey[j.index.module.apply.resourcesUnion.entity.ResourcesUnion#10898], EntityKey[j.index.module.apply.resourcesUnion.entity.ResourcesUnion#10916], EntityKey[j.index.module.apply.resourcesUnion.entity.ResourcesUnion#10915], EntityKey[j.index.module.apply.resourcesUnion.entity.ResourcesUnion#10918], EntityKey[j.index.module.apply.resourcesUnion.entity.ResourcesUnion#10917], EntityKey[j.index.module.apply.resourcesUnion.entity.ResourcesUnion#10920], EntityKey[j.index.module.apply.resourcesUnion.entity.ResourcesUnion#10919], EntityKey[j.index.module.apply.resourcesUnion.entity.ResourcesUnion#10922], EntityKey[j.index.module.apply.resourcesUnion.entity.ResourcesUnion#10921], EntityKey[j.index.module.apply.resourcesUnion.entity.ResourcesUnion#10908], EntityKey[j.index.module.apply.resourcesUnion.entity.ResourcesUnion#10907], EntityKey[j.index.module.apply.resourcesUnion.entity.ResourcesUnion#10910], EntityKey[j.index.module.apply.resourcesUnion.entity.ResourcesUnion#10909], EntityKey[j.index.module.apply.resourcesUnion.entity.ResourcesUnion#10912], EntityKey[j.index.module.apply.resourcesUnion.entity.ResourcesUnion#10911], EntityKey[j.index.module.apply.resourcesUnion.entity.ResourcesUnion#10914], EntityKey[j.index.module.apply.resourcesUnion.entity.ResourcesUnion#10913], EntityKey[j.index.module.apply.resourcesUnion.entity.ResourcesUnion#10933], EntityKey[j.index.module.apply.resourcesUnion.entity.ResourcesUnion#10934], EntityKey[j.index.module.apply.resourcesUnion.entity.ResourcesUnion#10931], EntityKey[j.index.module.apply.resourcesUnion.entity.ResourcesUnion#10932], EntityKey[j.index.module.apply.resourcesUnion.entity.ResourcesUnion#10937], EntityKey[j.index.module.apply.resourcesUnion.entity.ResourcesUnion#10938], EntityKey[j.index.module.apply.resourcesUnion.entity.ResourcesUnion#10935], EntityKey[j.index.module.apply.resourcesUnion.entity.ResourcesUnion#10936], EntityKey[j.index.module.apply.resourcesUnion.entity.ResourcesUnion#10925], EntityKey[j.index.module.apply.resourcesUnion.entity.ResourcesUnion#10926], EntityKey[j.index.module.apply.resourcesUnion.entity.ResourcesUnion#10923], EntityKey[j.index.module.apply.resourcesUnion.entity.ResourcesUnion#10924], EntityKey[j.index.module.apply.resourcesUnion.entity.ResourcesUnion#10929], EntityKey[j.index.module.apply.resourcesUnion.entity.ResourcesUnion#10930], EntityKey[j.index.module.apply.resourcesUnion.entity.ResourcesUnion#10927], EntityKey[j.index.module.apply.resourcesUnion.entity.ResourcesUnion#10928], EntityKey[j.index.module.apply.resourcesUnion.entity.ResourcesUnion#10950], EntityKey[j.index.module.apply.resourcesUnion.entity.ResourcesUnion#10949], EntityKey[j.index.module.apply.resourcesUnion.entity.ResourcesUnion#10948], EntityKey[j.index.module.apply.resourcesUnion.entity.ResourcesUnion#10947], EntityKey[j.index.module.apply.resourcesUnion.entity.ResourcesUnion#10954], EntityKey[j.index.module.apply.resourcesUnion.entity.ResourcesUnion#10953], EntityKey[j.index.module.apply.resourcesUnion.entity.ResourcesUnion#10952], EntityKey[j.index.module.apply.resourcesUnion.entity.ResourcesUnion#10951], EntityKey[j.index.module.apply.resourcesUnion.entity.ResourcesUnion#10942], EntityKey[j.index.module.apply.resourcesUnion.entity.ResourcesUnion#10941], EntityKey[j.index.module.apply.resourcesUnion.entity.ResourcesUnion#10940], EntityKey[j.index.module.apply.resourcesUnion.entity.ResourcesUnion#10939], EntityKey[j.index.module.apply.resourcesUnion.entity.ResourcesUnion#10946], EntityKey[j.index.module.apply.resourcesUnion.entity.ResourcesUnion#10945], EntityKey[j.index.module.apply.resourcesUnion.entity.ResourcesUnion#10944], EntityKey[j.index.module.apply.resourcesUnion.entity.ResourcesUnion#10943], EntityKey[j.index.module.apply.resourcesUnion.entity.ResourcesUnion#10967], EntityKey[j.index.module.apply.resourcesUnion.entity.ResourcesUnion#10968], EntityKey[j.index.module.apply.resourcesUnion.entity.ResourcesUnion#10969], EntityKey[j.index.module.apply.resourcesUnion.entity.ResourcesUnion#10970], EntityKey[j.index.module.apply.resourcesUnion.entity.ResourcesUnion#10963], EntityKey[j.index.module.apply.resourcesUnion.entity.ResourcesUnion#10964], EntityKey[j.index.module.apply.resourcesUnion.entity.ResourcesUnion#10965], EntityKey[j.index.module.apply.resourcesUnion.entity.ResourcesUnion#10966], EntityKey[j.index.module.apply.resourcesUnion.entity.ResourcesUnion#10959], EntityKey[j.index.module.apply.resourcesUnion.entity.ResourcesUnion#10960], EntityKey[j.index.module.apply.resourcesUnion.entity.ResourcesUnion#10961], EntityKey[j.index.module.apply.resourcesUnion.entity.ResourcesUnion#10962], EntityKey[j.index.module.apply.resourcesUnion.entity.ResourcesUnion#10955], EntityKey[j.index.module.apply.resourcesUnion.entity.ResourcesUnion#10956], EntityKey[j.index.module.apply.resourcesUnion.entity.ResourcesUnion#10957], EntityKey[j.index.module.apply.resourcesUnion.entity.ResourcesUnion#10958], EntityKey[j.index.module.apply.resourcesUnion.entity.ResourcesUnion#10984], EntityKey[j.index.module.apply.resourcesUnion.entity.ResourcesUnion#10983], EntityKey[j.index.module.apply.resourcesUnion.entity.ResourcesUnion#10986], EntityKey[j.index.module.apply.resourcesUnion.entity.ResourcesUnion#10985], EntityKey[j.index.module.apply.resourcesUnion.entity.ResourcesUnion#10980], EntityKey[j.index.module.apply.resourcesUnion.entity.ResourcesUnion#10979], EntityKey[j.index.module.apply.resourcesUnion.entity.ResourcesUnion#10982], EntityKey[j.index.module.apply.resourcesUnion.entity.ResourcesUnion#10981], EntityKey[j.index.module.apply.resourcesUnion.entity.ResourcesUnion#10976], EntityKey[j.index.module.apply.resourcesUnion.entity.ResourcesUnion#10975], EntityKey[j.index.module.apply.resourcesUnion.entity.ResourcesUnion#10978], EntityKey[j.index.module.apply.resourcesUnion.entity.ResourcesUnion#10977], EntityKey[j.index.module.apply.resourcesUnion.entity.ResourcesUnion#10972], EntityKey[j.index.module.apply.resourcesUnion.entity.ResourcesUnion#10971], EntityKey[j.index.module.apply.resourcesUnion.entity.ResourcesUnion#10974], EntityKey[j.index.module.apply.resourcesUnion.entity.ResourcesUnion#10973], EntityKey[j.index.module.apply.resourcesUnion.entity.ResourcesUnion#11001], EntityKey[j.index.module.apply.resourcesUnion.entity.ResourcesUnion#11002], EntityKey[j.index.module.apply.resourcesUnion.entity.ResourcesUnion#10999], EntityKey[j.index.module.apply.resourcesUnion.entity.ResourcesUnion#11000], EntityKey[j.index.module.apply.resourcesUnion.entity.ResourcesUnion#10997], EntityKey[j.index.module.apply.resourcesUnion.entity.ResourcesUnion#10998], EntityKey[j.index.module.apply.resourcesUnion.entity.ResourcesUnion#10995], EntityKey[j.index.module.apply.resourcesUnion.entity.ResourcesUnion#10996], EntityKey[j.index.module.apply.resourcesUnion.entity.ResourcesUnion#10993], EntityKey[j.index.module.apply.resourcesUnion.entity.ResourcesUnion#10994], EntityKey[j.index.module.apply.resourcesUnion.entity.ResourcesUnion#10991], EntityKey[j.index.module.apply.resourcesUnion.entity.ResourcesUnion#10992], EntityKey[j.index.module.apply.resourcesUnion.entity.ResourcesUnion#10989], EntityKey[j.index.module.apply.resourcesUnion.entity.ResourcesUnion#10990], EntityKey[j.index.module.apply.resourcesUnion.entity.ResourcesUnion#10987], EntityKey[j.index.module.apply.resourcesUnion.entity.ResourcesUnion#10988], EntityKey[j.index.module.apply.resourcesUnion.entity.ResourcesUnion#11018], EntityKey[j.index.module.apply.resourcesUnion.entity.ResourcesUnion#11017], EntityKey[j.index.module.apply.resourcesUnion.entity.ResourcesUnion#11016], EntityKey[j.index.module.apply.resourcesUnion.entity.ResourcesUnion#11015], EntityKey[j.index.module.apply.resourcesUnion.entity.ResourcesUnion#11014], EntityKey[j.index.module.apply.resourcesUnion.entity.ResourcesUnion#11013], EntityKey[j.index.module.apply.resourcesUnion.entity.ResourcesUnion#11012], EntityKey[j.index.module.apply.resourcesUnion.entity.ResourcesUnion#11011], EntityKey[j.index.module.apply.resourcesUnion.entity.ResourcesUnion#11010], EntityKey[j.index.module.apply.resourcesUnion.entity.ResourcesUnion#11009], EntityKey[j.index.module.apply.resourcesUnion.entity.ResourcesUnion#11008], EntityKey[j.index.module.apply.resourcesUnion.entity.ResourcesUnion#11007], EntityKey[j.index.module.apply.resourcesUnion.entity.ResourcesUnion#11006], EntityKey[j.index.module.apply.resourcesUnion.entity.ResourcesUnion#11005], EntityKey[j.index.module.apply.resourcesUnion.entity.ResourcesUnion#11004], EntityKey[j.index.module.apply.resourcesUnion.entity.ResourcesUnion#11003], EntityKey[j.index.module.apply.resourcesUnion.entity.ResourcesUnion#12507], EntityKey[j.index.module.apply.resourcesUnion.entity.ResourcesUnion#12508], EntityKey[j.index.module.apply.resourcesUnion.entity.ResourcesUnion#12509], EntityKey[j.index.module.apply.resourcesUnion.entity.ResourcesUnion#12510], EntityKey[j.index.module.apply.resourcesUnion.entity.ResourcesUnion#12511], EntityKey[j.index.module.apply.resourcesUnion.entity.ResourcesUnion#12512], EntityKey[j.index.module.apply.resourcesUnion.entity.ResourcesUnion#12513], EntityKey[j.index.module.apply.resourcesUnion.entity.ResourcesUnion#12514], EntityKey[j.index.module.apply.resourcesUnion.entity.ResourcesUnion#12515], EntityKey[j.index.module.apply.resourcesUnion.entity.ResourcesUnion#12516], EntityKey[j.index.module.apply.resourcesUnion.entity.ResourcesUnion#12517], EntityKey[j.index.module.apply.resourcesUnion.entity.ResourcesUnion#12518], EntityKey[j.index.module.apply.resourcesUnion.entity.ResourcesUnion#12519], EntityKey[j.index.module.apply.resourcesUnion.entity.ResourcesUnion#12520], EntityKey[j.index.module.apply.resourcesUnion.entity.ResourcesUnion#12521], EntityKey[j.index.module.apply.resourcesUnion.entity.ResourcesUnion#12522], EntityKey[j.index.module.apply.resourcesUnion.entity.ResourcesUnion#12492], EntityKey[j.index.module.apply.resourcesUnion.entity.ResourcesUnion#12491], EntityKey[j.index.module.apply.resourcesUnion.entity.ResourcesUnion#12494], EntityKey[j.index.module.apply.resourcesUnion.entity.ResourcesUnion#12493], EntityKey[j.index.module.apply.resourcesUnion.entity.ResourcesUnion#12496], EntityKey[j.index.module.apply.resourcesUnion.entity.ResourcesUnion#12495], EntityKey[j.index.module.apply.resourcesUnion.entity.ResourcesUnion#12498], EntityKey[j.index.module.apply.resourcesUnion.entity.ResourcesUnion#12497], EntityKey[j.index.module.apply.resourcesUnion.entity.ResourcesUnion#12500], EntityKey[j.index.module.apply.resourcesUnion.entity.ResourcesUnion#12499], EntityKey[j.index.module.apply.resourcesUnion.entity.ResourcesUnion#12502], EntityKey[j.index.module.apply.resourcesUnion.entity.ResourcesUnion#12501], EntityKey[j.index.module.apply.resourcesUnion.entity.ResourcesUnion#12504], EntityKey[j.index.module.apply.resourcesUnion.entity.ResourcesUnion#12503], EntityKey[j.index.module.apply.resourcesUnion.entity.ResourcesUnion#12506], EntityKey[j.index.module.apply.resourcesUnion.entity.ResourcesUnion#12505], EntityKey[j.index.module.apply.resourcesUnion.entity.ResourcesUnion#12541], EntityKey[j.index.module.apply.resourcesUnion.entity.ResourcesUnion#12542], EntityKey[j.index.module.apply.resourcesUnion.entity.ResourcesUnion#12539], EntityKey[j.index.module.apply.resourcesUnion.entity.ResourcesUnion#12540], EntityKey[j.index.module.apply.resourcesUnion.entity.ResourcesUnion#12545], EntityKey[j.index.module.apply.resourcesUnion.entity.ResourcesUnion#12546], EntityKey[j.index.module.apply.resourcesUnion.entity.ResourcesUnion#12543], EntityKey[j.index.module.apply.resourcesUnion.entity.ResourcesUnion#12544], EntityKey[j.index.module.apply.resourcesUnion.entity.ResourcesUnion#12549], EntityKey[j.index.module.apply.resourcesUnion.entity.ResourcesUnion#12550], EntityKey[j.index.module.apply.resourcesUnion.entity.ResourcesUnion#12547], EntityKey[j.index.module.apply.resourcesUnion.entity.ResourcesUnion#12548], EntityKey[j.index.module.apply.resourcesUnion.entity.ResourcesUnion#12553], EntityKey[j.index.module.apply.resourcesUnion.entity.ResourcesUnion#12554], EntityKey[j.index.module.apply.resourcesUnion.entity.ResourcesUnion#12551], EntityKey[j.index.module.apply.resourcesUnion.entity.ResourcesUnion#12552], EntityKey[j.index.module.apply.resourcesUnion.entity.ResourcesUnion#12526], EntityKey[j.index.module.apply.resourcesUnion.entity.ResourcesUnion#12525], EntityKey[j.index.module.apply.resourcesUnion.entity.ResourcesUnion#12524], EntityKey[j.index.module.apply.resourcesUnion.entity.ResourcesUnion#12523], EntityKey[j.index.module.apply.resourcesUnion.entity.ResourcesUnion#12530], EntityKey[j.index.module.apply.resourcesUnion.entity.ResourcesUnion#12529], EntityKey[j.index.module.apply.resourcesUnion.entity.ResourcesUnion#12528], EntityKey[j.index.module.apply.resourcesUnion.entity.ResourcesUnion#12527], EntityKey[j.index.module.apply.resourcesUnion.entity.ResourcesUnion#12534], EntityKey[j.index.module.apply.resourcesUnion.entity.ResourcesUnion#12533], EntityKey[j.index.module.apply.resourcesUnion.entity.ResourcesUnion#12532], EntityKey[j.index.module.apply.resourcesUnion.entity.ResourcesUnion#12531], EntityKey[j.index.module.apply.resourcesUnion.entity.ResourcesUnion#12538], EntityKey[j.index.module.apply.resourcesUnion.entity.ResourcesUnion#12537], EntityKey[j.index.module.apply.resourcesUnion.entity.ResourcesUnion#12536], EntityKey[j.index.module.apply.resourcesUnion.entity.ResourcesUnion#12535], EntityKey[j.index.module.apply.resourcesUnion.entity.ResourcesUnion#12447], EntityKey[j.index.module.apply.resourcesUnion.entity.ResourcesUnion#12448], EntityKey[j.index.module.apply.resourcesUnion.entity.ResourcesUnion#12449], EntityKey[j.index.module.apply.resourcesUnion.entity.ResourcesUnion#12450], EntityKey[j.index.module.apply.resourcesUnion.entity.ResourcesUnion#12443], EntityKey[j.index.module.apply.resourcesUnion.entity.ResourcesUnion#12444], EntityKey[j.index.module.apply.resourcesUnion.entity.ResourcesUnion#12445], EntityKey[j.index.module.apply.resourcesUnion.entity.ResourcesUnion#12446], EntityKey[j.index.module.apply.resourcesUnion.entity.ResourcesUnion#12455], EntityKey[j.index.module.apply.resourcesUnion.entity.ResourcesUnion#12456], EntityKey[j.index.module.apply.resourcesUnion.entity.ResourcesUnion#12457], EntityKey[j.index.module.apply.resourcesUnion.entity.ResourcesUnion#12458], EntityKey[j.index.module.apply.resourcesUnion.entity.ResourcesUnion#12451], EntityKey[j.index.module.apply.resourcesUnion.entity.ResourcesUnion#12452], EntityKey[j.index.module.apply.resourcesUnion.entity.ResourcesUnion#12453], EntityKey[j.index.module.apply.resourcesUnion.entity.ResourcesUnion#12454], EntityKey[j.index.module.apply.resourcesUnion.entity.ResourcesUnion#12432], EntityKey[j.index.module.apply.resourcesUnion.entity.ResourcesUnion#12431], EntityKey[j.index.module.apply.resourcesUnion.entity.ResourcesUnion#12434], EntityKey[j.index.module.apply.resourcesUnion.entity.ResourcesUnion#12433], EntityKey[j.index.module.apply.resourcesUnion.entity.ResourcesUnion#12428], EntityKey[j.index.module.apply.resourcesUnion.entity.ResourcesUnion#12427], EntityKey[j.index.module.apply.resourcesUnion.entity.ResourcesUnion#12430], EntityKey[j.index.module.apply.resourcesUnion.entity.ResourcesUnion#12429], EntityKey[j.index.module.apply.resourcesUnion.entity.ResourcesUnion#12440], EntityKey[j.index.module.apply.resourcesUnion.entity.ResourcesUnion#12439], EntityKey[j.index.module.apply.resourcesUnion.entity.ResourcesUnion#12442], EntityKey[j.index.module.apply.resourcesUnion.entity.ResourcesUnion#12441], EntityKey[j.index.module.apply.resourcesUnion.entity.ResourcesUnion#12436], EntityKey[j.index.module.apply.resourcesUnion.entity.ResourcesUnion#12435], EntityKey[j.index.module.apply.resourcesUnion.entity.ResourcesUnion#12438], EntityKey[j.index.module.apply.resourcesUnion.entity.ResourcesUnion#12437], EntityKey[j.index.module.apply.resourcesUnion.entity.ResourcesUnion#12481], EntityKey[j.index.module.apply.resourcesUnion.entity.ResourcesUnion#12482], EntityKey[j.index.module.apply.resourcesUnion.entity.ResourcesUnion#12479], EntityKey[j.index.module.apply.resourcesUnion.entity.ResourcesUnion#12480], EntityKey[j.index.module.apply.resourcesUnion.entity.ResourcesUnion#12477], EntityKey[j.index.module.apply.resourcesUnion.entity.ResourcesUnion#12478], EntityKey[j.index.module.apply.resourcesUnion.entity.ResourcesUnion#12475], EntityKey[j.index.module.apply.resourcesUnion.entity.ResourcesUnion#12476], EntityKey[j.index.module.apply.resourcesUnion.entity.ResourcesUnion#12489], EntityKey[j.index.module.apply.resourcesUnion.entity.ResourcesUnion#12490], EntityKey[j.index.module.apply.resourcesUnion.entity.ResourcesUnion#12487], EntityKey[j.index.module.apply.resourcesUnion.entity.ResourcesUnion#12488], EntityKey[j.index.module.apply.resourcesUnion.entity.ResourcesUnion#12485], EntityKey[j.index.module.apply.resourcesUnion.entity.ResourcesUnion#12486], EntityKey[j.index.module.apply.resourcesUnion.entity.ResourcesUnion#12483], EntityKey[j.index.module.apply.resourcesUnion.entity.ResourcesUnion#12484], EntityKey[j.index.module.apply.resourcesUnion.entity.ResourcesUnion#12466], EntityKey[j.index.module.apply.resourcesUnion.entity.ResourcesUnion#12465], EntityKey[j.index.module.apply.resourcesUnion.entity.ResourcesUnion#12464], EntityKey[j.index.module.apply.resourcesUnion.entity.ResourcesUnion#12463], EntityKey[j.index.module.apply.resourcesUnion.entity.ResourcesUnion#12462], EntityKey[j.index.module.apply.resourcesUnion.entity.ResourcesUnion#12461], EntityKey[j.index.module.apply.resourcesUnion.entity.ResourcesUnion#12460], EntityKey[j.index.module.apply.resourcesUnion.entity.ResourcesUnion#12459], EntityKey[j.index.module.apply.resourcesUnion.entity.ResourcesUnion#12474], EntityKey[j.index.module.apply.resourcesUnion.entity.ResourcesUnion#12473], EntityKey[j.index.module.apply.resourcesUnion.entity.ResourcesUnion#12472], EntityKey[j.index.module.apply.resourcesUnion.entity.ResourcesUnion#12471], EntityKey[j.index.module.apply.resourcesUnion.entity.ResourcesUnion#12470], EntityKey[j.index.module.apply.resourcesUnion.entity.ResourcesUnion#12469], EntityKey[j.index.module.apply.resourcesUnion.entity.ResourcesUnion#12468], EntityKey[j.index.module.apply.resourcesUnion.entity.ResourcesUnion#12467], EntityKey[j.index.module.apply.resourcesUnion.entity.ResourcesUnion#12644], EntityKey[j.index.module.apply.resourcesUnion.entity.ResourcesUnion#12643], EntityKey[j.index.module.apply.resourcesUnion.entity.ResourcesUnion#12646], EntityKey[j.index.module.apply.resourcesUnion.entity.ResourcesUnion#12645], EntityKey[j.index.module.apply.resourcesUnion.entity.ResourcesUnion#12648], EntityKey[j.index.module.apply.resourcesUnion.entity.ResourcesUnion#12647], EntityKey[j.index.module.apply.resourcesUnion.entity.ResourcesUnion#12650], EntityKey[j.index.module.apply.resourcesUnion.entity.ResourcesUnion#12649], EntityKey[j.index.module.apply.resourcesUnion.entity.ResourcesUnion#12636], EntityKey[j.index.module.apply.resourcesUnion.entity.ResourcesUnion#12635], EntityKey[j.index.module.apply.resourcesUnion.entity.ResourcesUnion#12638], EntityKey[j.index.module.apply.resourcesUnion.entity.ResourcesUnion#12637], EntityKey[j.index.module.apply.resourcesUnion.entity.ResourcesUnion#12640], EntityKey[j.index.module.apply.resourcesUnion.entity.ResourcesUnion#12639], EntityKey[j.index.module.apply.resourcesUnion.entity.ResourcesUnion#12642], EntityKey[j.index.module.apply.resourcesUnion.entity.ResourcesUnion#12641], EntityKey[j.index.module.apply.resourcesUnion.entity.ResourcesUnion#12627], EntityKey[j.index.module.apply.resourcesUnion.entity.ResourcesUnion#12628], EntityKey[j.index.module.apply.resourcesUnion.entity.ResourcesUnion#12629], EntityKey[j.index.module.apply.resourcesUnion.entity.ResourcesUnion#12630], EntityKey[j.index.module.apply.resourcesUnion.entity.ResourcesUnion#12631], EntityKey[j.index.module.apply.resourcesUnion.entity.ResourcesUnion#12632], EntityKey[j.index.module.apply.resourcesUnion.entity.ResourcesUnion#12633], EntityKey[j.index.module.apply.resourcesUnion.entity.ResourcesUnion#12634], EntityKey[j.index.module.apply.resourcesUnion.entity.ResourcesUnion#12619], EntityKey[j.index.module.apply.resourcesUnion.entity.ResourcesUnion#12620], EntityKey[j.index.module.apply.resourcesUnion.entity.ResourcesUnion#12621], EntityKey[j.index.module.apply.resourcesUnion.entity.ResourcesUnion#12622], EntityKey[j.index.module.apply.resourcesUnion.entity.ResourcesUnion#12623], EntityKey[j.index.module.apply.resourcesUnion.entity.ResourcesUnion#12624], EntityKey[j.index.module.apply.resourcesUnion.entity.ResourcesUnion#12625], EntityKey[j.index.module.apply.resourcesUnion.entity.ResourcesUnion#12626], EntityKey[j.index.module.apply.resourcesUnion.entity.ResourcesUnion#12678], EntityKey[j.index.module.apply.resourcesUnion.entity.ResourcesUnion#12677], EntityKey[j.index.module.apply.resourcesUnion.entity.ResourcesUnion#12676], EntityKey[j.index.module.apply.resourcesUnion.entity.ResourcesUnion#12675], EntityKey[j.index.module.apply.resourcesUnion.entity.ResourcesUnion#12682], EntityKey[j.index.module.apply.resourcesUnion.entity.ResourcesUnion#12681], EntityKey[j.index.module.apply.resourcesUnion.entity.ResourcesUnion#12680], EntityKey[j.index.module.apply.resourcesUnion.entity.ResourcesUnion#12679], EntityKey[j.index.module.apply.resourcesUnion.entity.ResourcesUnion#12670], EntityKey[j.index.module.apply.resourcesUnion.entity.ResourcesUnion#12669], EntityKey[j.index.module.apply.resourcesUnion.entity.ResourcesUnion#12668], EntityKey[j.index.module.apply.resourcesUnion.entity.ResourcesUnion#12667], EntityKey[j.index.module.apply.resourcesUnion.entity.ResourcesUnion#12674], EntityKey[j.index.module.apply.resourcesUnion.entity.ResourcesUnion#12673], EntityKey[j.index.module.apply.resourcesUnion.entity.ResourcesUnion#12672], EntityKey[j.index.module.apply.resourcesUnion.entity.ResourcesUnion#12671], EntityKey[j.index.module.apply.resourcesUnion.entity.ResourcesUnion#12661], EntityKey[j.index.module.apply.resourcesUnion.entity.ResourcesUnion#12662], EntityKey[j.index.module.apply.resourcesUnion.entity.ResourcesUnion#12659], EntityKey[j.index.module.apply.resourcesUnion.entity.ResourcesUnion#12660], EntityKey[j.index.module.apply.resourcesUnion.entity.ResourcesUnion#12665], EntityKey[j.index.module.apply.resourcesUnion.entity.ResourcesUnion#12666], EntityKey[j.index.module.apply.resourcesUnion.entity.ResourcesUnion#12663], EntityKey[j.index.module.apply.resourcesUnion.entity.ResourcesUnion#12664], EntityKey[j.index.module.apply.resourcesUnion.entity.ResourcesUnion#12653], EntityKey[j.index.module.apply.resourcesUnion.entity.ResourcesUnion#12654], EntityKey[j.index.module.apply.resourcesUnion.entity.ResourcesUnion#12651], EntityKey[j.index.module.apply.resourcesUnion.entity.ResourcesUnion#12652], EntityKey[j.index.module.apply.resourcesUnion.entity.ResourcesUnion#12657], EntityKey[j.index.module.apply.resourcesUnion.entity.ResourcesUnion#12658], EntityKey[j.index.module.apply.resourcesUnion.entity.ResourcesUnion#12655], EntityKey[j.index.module.apply.resourcesUnion.entity.ResourcesUnion#12656], EntityKey[j.index.module.apply.resourcesUnion.entity.ResourcesUnion#12584], EntityKey[j.index.module.apply.resourcesUnion.entity.ResourcesUnion#12583], EntityKey[j.index.module.apply.resourcesUnion.entity.ResourcesUnion#12586], EntityKey[j.index.module.apply.resourcesUnion.entity.ResourcesUnion#12585], EntityKey[j.index.module.apply.resourcesUnion.entity.ResourcesUnion#12580], EntityKey[j.index.module.apply.resourcesUnion.entity.ResourcesUnion#12579], EntityKey[j.index.module.apply.resourcesUnion.entity.ResourcesUnion#12582], EntityKey[j.index.module.apply.resourcesUnion.entity.ResourcesUnion#12581], EntityKey[j.index.module.apply.resourcesUnion.entity.ResourcesUnion#12576], EntityKey[j.index.module.apply.resourcesUnion.entity.ResourcesUnion#12575], EntityKey[j.index.module.apply.resourcesUnion.entity.ResourcesUnion#12578], EntityKey[j.index.module.apply.resourcesUnion.entity.ResourcesUnion#12577], EntityKey[j.index.module.apply.resourcesUnion.entity.ResourcesUnion#12572], EntityKey[j.index.module.apply.resourcesUnion.entity.ResourcesUnion#12571], EntityKey[j.index.module.apply.resourcesUnion.entity.ResourcesUnion#12574], EntityKey[j.index.module.apply.resourcesUnion.entity.ResourcesUnion#12573], EntityKey[j.index.module.apply.resourcesUnion.entity.ResourcesUnion#12567], EntityKey[j.index.module.apply.resourcesUnion.entity.ResourcesUnion#12568], EntityKey[j.index.module.apply.resourcesUnion.entity.ResourcesUnion#12569], EntityKey[j.index.module.apply.resourcesUnion.entity.ResourcesUnion#12570], EntityKey[j.index.module.apply.resourcesUnion.entity.ResourcesUnion#12563], EntityKey[j.index.module.apply.resourcesUnion.entity.ResourcesUnion#12564], EntityKey[j.index.module.apply.resourcesUnion.entity.ResourcesUnion#12565], EntityKey[j.index.module.apply.resourcesUnion.entity.ResourcesUnion#12566], EntityKey[j.index.module.apply.resourcesUnion.entity.ResourcesUnion#12559], EntityKey[j.index.module.apply.resourcesUnion.entity.ResourcesUnion#12560], EntityKey[j.index.module.apply.resourcesUnion.entity.ResourcesUnion#12561], EntityKey[j.index.module.apply.resourcesUnion.entity.ResourcesUnion#12562], EntityKey[j.index.module.apply.resourcesUnion.entity.ResourcesUnion#12555], EntityKey[j.index.module.apply.resourcesUnion.entity.ResourcesUnion#12556], EntityKey[j.index.module.apply.resourcesUnion.entity.ResourcesUnion#12557], EntityKey[j.index.module.apply.resourcesUnion.entity.ResourcesUnion#12558], EntityKey[j.index.module.apply.resourcesUnion.entity.ResourcesUnion#12618], EntityKey[j.index.module.apply.resourcesUnion.entity.ResourcesUnion#12617], EntityKey[j.index.module.apply.resourcesUnion.entity.ResourcesUnion#12616], EntityKey[j.index.module.apply.resourcesUnion.entity.ResourcesUnion#12615], EntityKey[j.index.module.apply.resourcesUnion.entity.ResourcesUnion#12614], EntityKey[j.index.module.apply.resourcesUnion.entity.ResourcesUnion#12613], EntityKey[j.index.module.apply.resourcesUnion.entity.ResourcesUnion#12612], EntityKey[j.index.module.apply.resourcesUnion.entity.ResourcesUnion#12611], EntityKey[j.index.module.apply.resourcesUnion.entity.ResourcesUnion#12610], EntityKey[j.index.module.apply.resourcesUnion.entity.ResourcesUnion#12609], EntityKey[j.index.module.apply.resourcesUnion.entity.ResourcesUnion#12608], EntityKey[j.index.module.apply.resourcesUnion.entity.ResourcesUnion#12607], EntityKey[j.index.module.apply.resourcesUnion.entity.ResourcesUnion#12606], EntityKey[j.index.module.apply.resourcesUnion.entity.ResourcesUnion#12605], EntityKey[j.index.module.apply.resourcesUnion.entity.ResourcesUnion#12604], EntityKey[j.index.module.apply.resourcesUnion.entity.ResourcesUnion#12603], EntityKey[j.index.module.apply.resourcesUnion.entity.ResourcesUnion#12601], EntityKey[j.index.module.apply.resourcesUnion.entity.ResourcesUnion#12602], EntityKey[j.index.module.apply.resourcesUnion.entity.ResourcesUnion#12599], EntityKey[j.index.module.apply.resourcesUnion.entity.ResourcesUnion#12600], EntityKey[j.index.module.apply.resourcesUnion.entity.ResourcesUnion#12597], EntityKey[j.index.module.apply.resourcesUnion.entity.ResourcesUnion#12598], EntityKey[j.index.module.apply.resourcesUnion.entity.ResourcesUnion#12595], EntityKey[j.index.module.apply.resourcesUnion.entity.ResourcesUnion#12596], EntityKey[j.index.module.apply.resourcesUnion.entity.ResourcesUnion#12593], EntityKey[j.index.module.apply.resourcesUnion.entity.ResourcesUnion#12594], EntityKey[j.index.module.apply.resourcesUnion.entity.ResourcesUnion#12591], EntityKey[j.index.module.apply.resourcesUnion.entity.ResourcesUnion#12592], EntityKey[j.index.module.apply.resourcesUnion.entity.ResourcesUnion#12589], EntityKey[j.index.module.apply.resourcesUnion.entity.ResourcesUnion#12590], EntityKey[j.index.module.apply.resourcesUnion.entity.ResourcesUnion#12587], EntityKey[j.index.module.apply.resourcesUnion.entity.ResourcesUnion#12588], EntityKey[j.index.module.apply.resourcesUnion.entity.ResourcesUnion#12238], EntityKey[j.index.module.apply.resourcesUnion.entity.ResourcesUnion#12237], EntityKey[j.index.module.apply.resourcesUnion.entity.ResourcesUnion#12236], EntityKey[j.index.module.apply.resourcesUnion.entity.ResourcesUnion#12235], EntityKey[j.index.module.apply.resourcesUnion.entity.ResourcesUnion#12242], EntityKey[j.index.module.apply.resourcesUnion.entity.ResourcesUnion#12241], EntityKey[j.index.module.apply.resourcesUnion.entity.ResourcesUnion#12240], EntityKey[j.index.module.apply.resourcesUnion.entity.ResourcesUnion#12239], EntityKey[j.index.module.apply.resourcesUnion.entity.ResourcesUnion#12246], EntityKey[j.index.module.apply.resourcesUnion.entity.ResourcesUnion#12245], EntityKey[j.index.module.apply.resourcesUnion.entity.ResourcesUnion#12244], EntityKey[j.index.module.apply.resourcesUnion.entity.ResourcesUnion#12243], EntityKey[j.index.module.apply.resourcesUnion.entity.ResourcesUnion#12250], EntityKey[j.index.module.apply.resourcesUnion.entity.ResourcesUnion#12249], EntityKey[j.index.module.apply.resourcesUnion.entity.ResourcesUnion#12248], EntityKey[j.index.module.apply.resourcesUnion.entity.ResourcesUnion#12247], EntityKey[j.index.module.apply.resourcesUnion.entity.ResourcesUnion#12253], EntityKey[j.index.module.apply.resourcesUnion.entity.ResourcesUnion#12254], EntityKey[j.index.module.apply.resourcesUnion.entity.ResourcesUnion#12251], EntityKey[j.index.module.apply.resourcesUnion.entity.ResourcesUnion#12252], EntityKey[j.index.module.apply.resourcesUnion.entity.ResourcesUnion#12257], EntityKey[j.index.module.apply.resourcesUnion.entity.ResourcesUnion#12258], EntityKey[j.index.module.apply.resourcesUnion.entity.ResourcesUnion#12255], EntityKey[j.index.module.apply.resourcesUnion.entity.ResourcesUnion#12256], EntityKey[j.index.module.apply.resourcesUnion.entity.ResourcesUnion#12261], EntityKey[j.index.module.apply.resourcesUnion.entity.ResourcesUnion#12262], EntityKey[j.index.module.apply.resourcesUnion.entity.ResourcesUnion#12259], EntityKey[j.index.module.apply.resourcesUnion.entity.ResourcesUnion#12260], EntityKey[j.index.module.apply.resourcesUnion.entity.ResourcesUnion#12265], EntityKey[j.index.module.apply.resourcesUnion.entity.ResourcesUnion#12266], EntityKey[j.index.module.apply.resourcesUnion.entity.ResourcesUnion#12263], EntityKey[j.index.module.apply.resourcesUnion.entity.ResourcesUnion#12264], EntityKey[j.index.module.apply.resourcesUnion.entity.ResourcesUnion#12268], EntityKey[j.index.module.apply.resourcesUnion.entity.ResourcesUnion#12267], EntityKey[j.index.module.apply.resourcesUnion.entity.ResourcesUnion#12270], EntityKey[j.index.module.apply.resourcesUnion.entity.ResourcesUnion#12269], EntityKey[j.index.module.apply.resourcesUnion.entity.ResourcesUnion#12272], EntityKey[j.index.module.apply.resourcesUnion.entity.ResourcesUnion#12271], EntityKey[j.index.module.apply.resourcesUnion.entity.ResourcesUnion#12274], EntityKey[j.index.module.apply.resourcesUnion.entity.ResourcesUnion#12273], EntityKey[j.index.module.apply.resourcesUnion.entity.ResourcesUnion#12276], EntityKey[j.index.module.apply.resourcesUnion.entity.ResourcesUnion#12275], EntityKey[j.index.module.apply.resourcesUnion.entity.ResourcesUnion#12278], EntityKey[j.index.module.apply.resourcesUnion.entity.ResourcesUnion#12277], EntityKey[j.index.module.apply.resourcesUnion.entity.ResourcesUnion#12280], EntityKey[j.index.module.apply.resourcesUnion.entity.ResourcesUnion#12279], EntityKey[j.index.module.apply.resourcesUnion.entity.ResourcesUnion#12282], EntityKey[j.index.module.apply.resourcesUnion.entity.ResourcesUnion#12281], EntityKey[j.index.module.apply.resourcesUnion.entity.ResourcesUnion#12283], EntityKey[j.index.module.apply.resourcesUnion.entity.ResourcesUnion#12284], EntityKey[j.index.module.apply.resourcesUnion.entity.ResourcesUnion#12285], EntityKey[j.index.module.apply.resourcesUnion.entity.ResourcesUnion#12286], EntityKey[j.index.module.apply.resourcesUnion.entity.ResourcesUnion#12287], EntityKey[j.index.module.apply.resourcesUnion.entity.ResourcesUnion#12288], EntityKey[j.index.module.apply.resourcesUnion.entity.ResourcesUnion#12289], EntityKey[j.index.module.apply.resourcesUnion.entity.ResourcesUnion#12290], EntityKey[j.index.module.apply.resourcesUnion.entity.ResourcesUnion#12291], EntityKey[j.index.module.apply.resourcesUnion.entity.ResourcesUnion#12292], EntityKey[j.index.module.apply.resourcesUnion.entity.ResourcesUnion#12293], EntityKey[j.index.module.apply.resourcesUnion.entity.ResourcesUnion#12294], EntityKey[j.index.module.apply.resourcesUnion.entity.ResourcesUnion#12295], EntityKey[j.index.module.apply.resourcesUnion.entity.ResourcesUnion#12296], EntityKey[j.index.module.apply.resourcesUnion.entity.ResourcesUnion#12297], EntityKey[j.index.module.apply.resourcesUnion.entity.ResourcesUnion#12298], EntityKey[j.index.module.apply.resourcesUnion.entity.ResourcesUnion#12178], EntityKey[j.index.module.apply.resourcesUnion.entity.ResourcesUnion#12177], EntityKey[j.index.module.apply.resourcesUnion.entity.ResourcesUnion#12176], EntityKey[j.index.module.apply.resourcesUnion.entity.ResourcesUnion#12175], EntityKey[j.index.module.apply.resourcesUnion.entity.ResourcesUnion#12174], EntityKey[j.index.module.apply.resourcesUnion.entity.ResourcesUnion#12173], EntityKey[j.index.module.apply.resourcesUnion.entity.ResourcesUnion#12172], EntityKey[j.index.module.apply.resourcesUnion.entity.ResourcesUnion#12171], EntityKey[j.index.module.apply.resourcesUnion.entity.ResourcesUnion#12186], EntityKey[j.index.module.apply.resourcesUnion.entity.ResourcesUnion#12185], EntityKey[j.index.module.apply.resourcesUnion.entity.ResourcesUnion#12184], EntityKey[j.index.module.apply.resourcesUnion.entity.ResourcesUnion#12183], EntityKey[j.index.module.apply.resourcesUnion.entity.ResourcesUnion#12182], EntityKey[j.index.module.apply.resourcesUnion.entity.ResourcesUnion#12181], EntityKey[j.index.module.apply.resourcesUnion.entity.ResourcesUnion#12180], EntityKey[j.index.module.apply.resourcesUnion.entity.ResourcesUnion#12179], EntityKey[j.index.module.apply.resourcesUnion.entity.ResourcesUnion#12193], EntityKey[j.index.module.apply.resourcesUnion.entity.ResourcesUnion#12194], EntityKey[j.index.module.apply.resourcesUnion.entity.ResourcesUnion#12191], EntityKey[j.index.module.apply.resourcesUnion.entity.ResourcesUnion#12192], EntityKey[j.index.module.apply.resourcesUnion.entity.ResourcesUnion#12189], EntityKey[j.index.module.apply.resourcesUnion.entity.ResourcesUnion#12190], EntityKey[j.index.module.apply.resourcesUnion.entity.ResourcesUnion#12187], EntityKey[j.index.module.apply.resourcesUnion.entity.ResourcesUnion#12188], EntityKey[j.index.module.apply.resourcesUnion.entity.ResourcesUnion#12201], EntityKey[j.index.module.apply.resourcesUnion.entity.ResourcesUnion#12202], EntityKey[j.index.module.apply.resourcesUnion.entity.ResourcesUnion#12199], EntityKey[j.index.module.apply.resourcesUnion.entity.ResourcesUnion#12200], EntityKey[j.index.module.apply.resourcesUnion.entity.ResourcesUnion#12197], EntityKey[j.index.module.apply.resourcesUnion.entity.ResourcesUnion#12198], EntityKey[j.index.module.apply.resourcesUnion.entity.ResourcesUnion#12195], EntityKey[j.index.module.apply.resourcesUnion.entity.ResourcesUnion#12196], EntityKey[j.index.module.apply.resourcesUnion.entity.ResourcesUnion#12208], EntityKey[j.index.module.apply.resourcesUnion.entity.ResourcesUnion#12207], EntityKey[j.index.module.apply.resourcesUnion.entity.ResourcesUnion#12210], EntityKey[j.index.module.apply.resourcesUnion.entity.ResourcesUnion#12209], EntityKey[j.index.module.apply.resourcesUnion.entity.ResourcesUnion#12204], EntityKey[j.index.module.apply.resourcesUnion.entity.ResourcesUnion#12203], EntityKey[j.index.module.apply.resourcesUnion.entity.ResourcesUnion#12206], EntityKey[j.index.module.apply.resourcesUnion.entity.ResourcesUnion#12205], EntityKey[j.index.module.apply.resourcesUnion.entity.ResourcesUnion#12216], EntityKey[j.index.module.apply.resourcesUnion.entity.ResourcesUnion#12215], EntityKey[j.index.module.apply.resourcesUnion.entity.ResourcesUnion#12218], EntityKey[j.index.module.apply.resourcesUnion.entity.ResourcesUnion#12217], EntityKey[j.index.module.apply.resourcesUnion.entity.ResourcesUnion#12212], EntityKey[j.index.module.apply.resourcesUnion.entity.ResourcesUnion#12211], EntityKey[j.index.module.apply.resourcesUnion.entity.ResourcesUnion#12214], EntityKey[j.index.module.apply.resourcesUnion.entity.ResourcesUnion#12213], EntityKey[j.index.module.apply.resourcesUnion.entity.ResourcesUnion#12223], EntityKey[j.index.module.apply.resourcesUnion.entity.ResourcesUnion#12224], EntityKey[j.index.module.apply.resourcesUnion.entity.ResourcesUnion#12225], EntityKey[j.index.module.apply.resourcesUnion.entity.ResourcesUnion#12226], EntityKey[j.index.module.apply.resourcesUnion.entity.ResourcesUnion#12219], EntityKey[j.index.module.apply.resourcesUnion.entity.ResourcesUnion#12220], EntityKey[j.index.module.apply.resourcesUnion.entity.ResourcesUnion#12221], EntityKey[j.index.module.apply.resourcesUnion.entity.ResourcesUnion#12222], EntityKey[j.index.module.apply.resourcesUnion.entity.ResourcesUnion#12231], EntityKey[j.index.module.apply.resourcesUnion.entity.ResourcesUnion#12232], EntityKey[j.index.module.apply.resourcesUnion.entity.ResourcesUnion#12233], EntityKey[j.index.module.apply.resourcesUnion.entity.ResourcesUnion#12234], EntityKey[j.index.module.apply.resourcesUnion.entity.ResourcesUnion#12227], EntityKey[j.index.module.apply.resourcesUnion.entity.ResourcesUnion#12228], EntityKey[j.index.module.apply.resourcesUnion.entity.ResourcesUnion#12229], EntityKey[j.index.module.apply.resourcesUnion.entity.ResourcesUnion#12230], EntityKey[j.index.module.apply.resourcesUnion.entity.ResourcesUnion#12373], EntityKey[j.index.module.apply.resourcesUnion.entity.ResourcesUnion#12374], EntityKey[j.index.module.apply.resourcesUnion.entity.ResourcesUnion#12371], EntityKey[j.index.module.apply.resourcesUnion.entity.ResourcesUnion#12372], EntityKey[j.index.module.apply.resourcesUnion.entity.ResourcesUnion#12377], EntityKey[j.index.module.apply.resourcesUnion.entity.ResourcesUnion#12378], EntityKey[j.index.module.apply.resourcesUnion.entity.ResourcesUnion#12375], EntityKey[j.index.module.apply.resourcesUnion.entity.ResourcesUnion#12376], EntityKey[j.index.module.apply.resourcesUnion.entity.ResourcesUnion#12365], EntityKey[j.index.module.apply.resourcesUnion.entity.ResourcesUnion#12366], EntityKey[j.index.module.apply.resourcesUnion.entity.ResourcesUnion#12363], EntityKey[j.index.module.apply.resourcesUnion.entity.ResourcesUnion#12364], EntityKey[j.index.module.apply.resourcesUnion.entity.ResourcesUnion#12369], EntityKey[j.index.module.apply.resourcesUnion.entity.ResourcesUnion#12370], EntityKey[j.index.module.apply.resourcesUnion.entity.ResourcesUnion#12367], EntityKey[j.index.module.apply.resourcesUnion.entity.ResourcesUnion#12368], EntityKey[j.index.module.apply.resourcesUnion.entity.ResourcesUnion#12390], EntityKey[j.index.module.apply.resourcesUnion.entity.ResourcesUnion#12389], EntityKey[j.index.module.apply.resourcesUnion.entity.ResourcesUnion#12388], EntityKey[j.index.module.apply.resourcesUnion.entity.ResourcesUnion#12387], EntityKey[j.index.module.apply.resourcesUnion.entity.ResourcesUnion#12394], EntityKey[j.index.module.apply.resourcesUnion.entity.ResourcesUnion#12393], EntityKey[j.index.module.apply.resourcesUnion.entity.ResourcesUnion#12392], EntityKey[j.index.module.apply.resourcesUnion.entity.ResourcesUnion#12391], EntityKey[j.index.module.apply.resourcesUnion.entity.ResourcesUnion#12382], EntityKey[j.index.module.apply.resourcesUnion.entity.ResourcesUnion#12381], EntityKey[j.index.module.apply.resourcesUnion.entity.ResourcesUnion#12380], EntityKey[j.index.module.apply.resourcesUnion.entity.ResourcesUnion#12379], EntityKey[j.index.module.apply.resourcesUnion.entity.ResourcesUnion#12386], EntityKey[j.index.module.apply.resourcesUnion.entity.ResourcesUnion#12385], EntityKey[j.index.module.apply.resourcesUnion.entity.ResourcesUnion#12384], EntityKey[j.index.module.apply.resourcesUnion.entity.ResourcesUnion#12383], EntityKey[j.index.module.apply.resourcesUnion.entity.ResourcesUnion#12403], EntityKey[j.index.module.apply.resourcesUnion.entity.ResourcesUnion#12404], EntityKey[j.index.module.apply.resourcesUnion.entity.ResourcesUnion#12405], EntityKey[j.index.module.apply.resourcesUnion.entity.ResourcesUnion#12406], EntityKey[j.index.module.apply.resourcesUnion.entity.ResourcesUnion#12407], EntityKey[j.index.module.apply.resourcesUnion.entity.ResourcesUnion#12408], EntityKey[j.index.module.apply.resourcesUnion.entity.ResourcesUnion#12409], EntityKey[j.index.module.apply.resourcesUnion.entity.ResourcesUnion#12410], EntityKey[j.index.module.apply.resourcesUnion.entity.ResourcesUnion#12395], EntityKey[j.index.module.apply.resourcesUnion.entity.ResourcesUnion#12396], EntityKey[j.index.module.apply.resourcesUnion.entity.ResourcesUnion#12397], EntityKey[j.index.module.apply.resourcesUnion.entity.ResourcesUnion#12398], EntityKey[j.index.module.apply.resourcesUnion.entity.ResourcesUnion#12399], EntityKey[j.index.module.apply.resourcesUnion.entity.ResourcesUnion#12400], EntityKey[j.index.module.apply.resourcesUnion.entity.ResourcesUnion#12401], EntityKey[j.index.module.apply.resourcesUnion.entity.ResourcesUnion#12402], EntityKey[j.index.module.apply.resourcesUnion.entity.ResourcesUnion#12420], EntityKey[j.index.module.apply.resourcesUnion.entity.ResourcesUnion#12419], EntityKey[j.index.module.apply.resourcesUnion.entity.ResourcesUnion#12422], EntityKey[j.index.module.apply.resourcesUnion.entity.ResourcesUnion#12421], EntityKey[j.index.module.apply.resourcesUnion.entity.ResourcesUnion#12424], EntityKey[j.index.module.apply.resourcesUnion.entity.ResourcesUnion#12423], EntityKey[j.index.module.apply.resourcesUnion.entity.ResourcesUnion#12426], EntityKey[j.index.module.apply.resourcesUnion.entity.ResourcesUnion#12425], EntityKey[j.index.module.apply.resourcesUnion.entity.ResourcesUnion#12412], EntityKey[j.index.module.apply.resourcesUnion.entity.ResourcesUnion#12411], EntityKey[j.index.module.apply.resourcesUnion.entity.ResourcesUnion#12414], EntityKey[j.index.module.apply.resourcesUnion.entity.ResourcesUnion#12413], EntityKey[j.index.module.apply.resourcesUnion.entity.ResourcesUnion#12416], EntityKey[j.index.module.apply.resourcesUnion.entity.ResourcesUnion#12415], EntityKey[j.index.module.apply.resourcesUnion.entity.ResourcesUnion#12418], EntityKey[j.index.module.apply.resourcesUnion.entity.ResourcesUnion#12417], EntityKey[j.index.module.apply.resourcesUnion.entity.ResourcesUnion#12313], EntityKey[j.index.module.apply.resourcesUnion.entity.ResourcesUnion#12314], EntityKey[j.index.module.apply.resourcesUnion.entity.ResourcesUnion#12311], EntityKey[j.index.module.apply.resourcesUnion.entity.ResourcesUnion#12312], EntityKey[j.index.module.apply.resourcesUnion.entity.ResourcesUnion#12309], EntityKey[j.index.module.apply.resourcesUnion.entity.ResourcesUnion#12310], EntityKey[j.index.module.apply.resourcesUnion.entity.ResourcesUnion#12307], EntityKey[j.index.module.apply.resourcesUnion.entity.ResourcesUnion#12308], EntityKey[j.index.module.apply.resourcesUnion.entity.ResourcesUnion#12305], EntityKey[j.index.module.apply.resourcesUnion.entity.ResourcesUnion#12306], EntityKey[j.index.module.apply.resourcesUnion.entity.ResourcesUnion#12303], EntityKey[j.index.module.apply.resourcesUnion.entity.ResourcesUnion#12304], EntityKey[j.index.module.apply.resourcesUnion.entity.ResourcesUnion#12301], EntityKey[j.index.module.apply.resourcesUnion.entity.ResourcesUnion#12302], EntityKey[j.index.module.apply.resourcesUnion.entity.ResourcesUnion#12299], EntityKey[j.index.module.apply.resourcesUnion.entity.ResourcesUnion#12300], EntityKey[j.index.module.apply.resourcesUnion.entity.ResourcesUnion#12330], EntityKey[j.index.module.apply.resourcesUnion.entity.ResourcesUnion#12329], EntityKey[j.index.module.apply.resourcesUnion.entity.ResourcesUnion#12328], EntityKey[j.index.module.apply.resourcesUnion.entity.ResourcesUnion#12327], EntityKey[j.index.module.apply.resourcesUnion.entity.ResourcesUnion#12326], EntityKey[j.index.module.apply.resourcesUnion.entity.ResourcesUnion#12325], EntityKey[j.index.module.apply.resourcesUnion.entity.ResourcesUnion#12324], EntityKey[j.index.module.apply.resourcesUnion.entity.ResourcesUnion#12323], EntityKey[j.index.module.apply.resourcesUnion.entity.ResourcesUnion#12322], EntityKey[j.index.module.apply.resourcesUnion.entity.ResourcesUnion#12321], EntityKey[j.index.module.apply.resourcesUnion.entity.ResourcesUnion#12320], EntityKey[j.index.module.apply.resourcesUnion.entity.ResourcesUnion#12319], EntityKey[j.index.module.apply.resourcesUnion.entity.ResourcesUnion#12318], EntityKey[j.index.module.apply.resourcesUnion.entity.ResourcesUnion#12317], EntityKey[j.index.module.apply.resourcesUnion.entity.ResourcesUnion#12316], EntityKey[j.index.module.apply.resourcesUnion.entity.ResourcesUnion#12315], EntityKey[j.index.module.apply.resourcesUnion.entity.ResourcesUnion#12343], EntityKey[j.index.module.apply.resourcesUnion.entity.ResourcesUnion#12344], EntityKey[j.index.module.apply.resourcesUnion.entity.ResourcesUnion#12345], EntityKey[j.index.module.apply.resourcesUnion.entity.ResourcesUnion#12346], EntityKey[j.index.module.apply.resourcesUnion.entity.ResourcesUnion#12339], EntityKey[j.index.module.apply.resourcesUnion.entity.ResourcesUnion#12340], EntityKey[j.index.module.apply.resourcesUnion.entity.ResourcesUnion#12341], EntityKey[j.index.module.apply.resourcesUnion.entity.ResourcesUnion#12342], EntityKey[j.index.module.apply.resourcesUnion.entity.ResourcesUnion#12335], EntityKey[j.index.module.apply.resourcesUnion.entity.ResourcesUnion#12336], EntityKey[j.index.module.apply.resourcesUnion.entity.ResourcesUnion#12337], EntityKey[j.index.module.apply.resourcesUnion.entity.ResourcesUnion#12338], EntityKey[j.index.module.apply.resourcesUnion.entity.ResourcesUnion#12331], EntityKey[j.index.module.apply.resourcesUnion.entity.ResourcesUnion#12332], EntityKey[j.index.module.apply.resourcesUnion.entity.ResourcesUnion#12333], EntityKey[j.index.module.apply.resourcesUnion.entity.ResourcesUnion#12334], EntityKey[j.index.module.apply.resourcesUnion.entity.ResourcesUnion#12360], EntityKey[j.index.module.apply.resourcesUnion.entity.ResourcesUnion#12359], EntityKey[j.index.module.apply.resourcesUnion.entity.ResourcesUnion#12362], EntityKey[j.index.module.apply.resourcesUnion.entity.ResourcesUnion#12361], EntityKey[j.index.module.apply.resourcesUnion.entity.ResourcesUnion#12356], EntityKey[j.index.module.apply.resourcesUnion.entity.ResourcesUnion#12355], EntityKey[j.index.module.apply.resourcesUnion.entity.ResourcesUnion#12358], EntityKey[j.index.module.apply.resourcesUnion.entity.ResourcesUnion#12357], EntityKey[j.index.module.apply.resourcesUnion.entity.ResourcesUnion#12352], EntityKey[j.index.module.apply.resourcesUnion.entity.ResourcesUnion#12351], EntityKey[j.index.module.apply.resourcesUnion.entity.ResourcesUnion#12354], EntityKey[j.index.module.apply.resourcesUnion.entity.ResourcesUnion#12353], EntityKey[j.index.module.apply.resourcesUnion.entity.ResourcesUnion#12348], EntityKey[j.index.module.apply.resourcesUnion.entity.ResourcesUnion#12347], EntityKey[j.index.module.apply.resourcesUnion.entity.ResourcesUnion#12350], EntityKey[j.index.module.apply.resourcesUnion.entity.ResourcesUnion#12349], EntityKey[j.index.module.apply.resourcesUnion.entity.ResourcesUnion#12033], EntityKey[j.index.module.apply.resourcesUnion.entity.ResourcesUnion#12034], EntityKey[j.index.module.apply.resourcesUnion.entity.ResourcesUnion#12031], EntityKey[j.index.module.apply.resourcesUnion.entity.ResourcesUnion#12032], EntityKey[j.index.module.apply.resourcesUnion.entity.ResourcesUnion#12029], EntityKey[j.index.module.apply.resourcesUnion.entity.ResourcesUnion#12030], EntityKey[j.index.module.apply.resourcesUnion.entity.ResourcesUnion#12027], EntityKey[j.index.module.apply.resourcesUnion.entity.ResourcesUnion#12028], EntityKey[j.index.module.apply.resourcesUnion.entity.ResourcesUnion#12041], EntityKey[j.index.module.apply.resourcesUnion.entity.ResourcesUnion#12042], EntityKey[j.index.module.apply.resourcesUnion.entity.ResourcesUnion#12039], EntityKey[j.index.module.apply.resourcesUnion.entity.ResourcesUnion#12040], EntityKey[j.index.module.apply.resourcesUnion.entity.ResourcesUnion#12037], EntityKey[j.index.module.apply.resourcesUnion.entity.ResourcesUnion#12038], EntityKey[j.index.module.apply.resourcesUnion.entity.ResourcesUnion#12035], EntityKey[j.index.module.apply.resourcesUnion.entity.ResourcesUnion#12036], EntityKey[j.index.module.apply.resourcesUnion.entity.ResourcesUnion#12018], EntityKey[j.index.module.apply.resourcesUnion.entity.ResourcesUnion#12017], EntityKey[j.index.module.apply.resourcesUnion.entity.ResourcesUnion#12016], EntityKey[j.index.module.apply.resourcesUnion.entity.ResourcesUnion#12015], EntityKey[j.index.module.apply.resourcesUnion.entity.ResourcesUnion#12014], EntityKey[j.index.module.apply.resourcesUnion.entity.ResourcesUnion#12013], EntityKey[j.index.module.apply.resourcesUnion.entity.ResourcesUnion#12012], EntityKey[j.index.module.apply.resourcesUnion.entity.ResourcesUnion#12011], EntityKey[j.index.module.apply.resourcesUnion.entity.ResourcesUnion#12026], EntityKey[j.index.module.apply.resourcesUnion.entity.ResourcesUnion#12025], EntityKey[j.index.module.apply.resourcesUnion.entity.ResourcesUnion#12024], EntityKey[j.index.module.apply.resourcesUnion.entity.ResourcesUnion#12023], EntityKey[j.index.module.apply.resourcesUnion.entity.ResourcesUnion#12022], EntityKey[j.index.module.apply.resourcesUnion.entity.ResourcesUnion#12021], EntityKey[j.index.module.apply.resourcesUnion.entity.ResourcesUnion#12020], EntityKey[j.index.module.apply.resourcesUnion.entity.ResourcesUnion#12019], EntityKey[j.index.module.apply.resourcesUnion.entity.ResourcesUnion#11999], EntityKey[j.index.module.apply.resourcesUnion.entity.ResourcesUnion#12000], EntityKey[j.index.module.apply.resourcesUnion.entity.ResourcesUnion#12001], EntityKey[j.index.module.apply.resourcesUnion.entity.ResourcesUnion#12002], EntityKey[j.index.module.apply.resourcesUnion.entity.ResourcesUnion#11995], EntityKey[j.index.module.apply.resourcesUnion.entity.ResourcesUnion#11996], EntityKey[j.index.module.apply.resourcesUnion.entity.ResourcesUnion#11997], EntityKey[j.index.module.apply.resourcesUnion.entity.ResourcesUnion#11998], EntityKey[j.index.module.apply.resourcesUnion.entity.ResourcesUnion#12007], EntityKey[j.index.module.apply.resourcesUnion.entity.ResourcesUnion#12008], EntityKey[j.index.module.apply.resourcesUnion.entity.ResourcesUnion#12009], EntityKey[j.index.module.apply.resourcesUnion.entity.ResourcesUnion#12010], EntityKey[j.index.module.apply.resourcesUnion.entity.ResourcesUnion#12003], EntityKey[j.index.module.apply.resourcesUnion.entity.ResourcesUnion#12004], EntityKey[j.index.module.apply.resourcesUnion.entity.ResourcesUnion#12005], EntityKey[j.index.module.apply.resourcesUnion.entity.ResourcesUnion#12006], EntityKey[j.index.module.apply.resourcesUnion.entity.ResourcesUnion#11984], EntityKey[j.index.module.apply.resourcesUnion.entity.ResourcesUnion#11983], EntityKey[j.index.module.apply.resourcesUnion.entity.ResourcesUnion#11986], EntityKey[j.index.module.apply.resourcesUnion.entity.ResourcesUnion#11985], EntityKey[j.index.module.apply.resourcesUnion.entity.ResourcesUnion#11980], EntityKey[j.index.module.apply.resourcesUnion.entity.ResourcesUnion#11979], EntityKey[j.index.module.apply.resourcesUnion.entity.ResourcesUnion#11982], EntityKey[j.index.module.apply.resourcesUnion.entity.ResourcesUnion#11981], EntityKey[j.index.module.apply.resourcesUnion.entity.ResourcesUnion#11992], EntityKey[j.index.module.apply.resourcesUnion.entity.ResourcesUnion#11991], EntityKey[j.index.module.apply.resourcesUnion.entity.ResourcesUnion#11994], EntityKey[j.index.module.apply.resourcesUnion.entity.ResourcesUnion#11993], EntityKey[j.index.module.apply.resourcesUnion.entity.ResourcesUnion#11988], EntityKey[j.index.module.apply.resourcesUnion.entity.ResourcesUnion#11987], EntityKey[j.index.module.apply.resourcesUnion.entity.ResourcesUnion#11990], EntityKey[j.index.module.apply.resourcesUnion.entity.ResourcesUnion#11989], EntityKey[j.index.module.apply.resourcesUnion.entity.ResourcesUnion#11965], EntityKey[j.index.module.apply.resourcesUnion.entity.ResourcesUnion#11966], EntityKey[j.index.module.apply.resourcesUnion.entity.ResourcesUnion#11963], EntityKey[j.index.module.apply.resourcesUnion.entity.ResourcesUnion#11964], EntityKey[j.index.module.apply.resourcesUnion.entity.ResourcesUnion#11969], EntityKey[j.index.module.apply.resourcesUnion.entity.ResourcesUnion#11970], EntityKey[j.index.module.apply.resourcesUnion.entity.ResourcesUnion#11967], EntityKey[j.index.module.apply.resourcesUnion.entity.ResourcesUnion#11968], EntityKey[j.index.module.apply.resourcesUnion.entity.ResourcesUnion#11973], EntityKey[j.index.module.apply.resourcesUnion.entity.ResourcesUnion#11974], EntityKey[j.index.module.apply.resourcesUnion.entity.ResourcesUnion#11971], EntityKey[j.index.module.apply.resourcesUnion.entity.ResourcesUnion#11972], EntityKey[j.index.module.apply.resourcesUnion.entity.ResourcesUnion#11977], EntityKey[j.index.module.apply.resourcesUnion.entity.ResourcesUnion#11978], EntityKey[j.index.module.apply.resourcesUnion.entity.ResourcesUnion#11975], EntityKey[j.index.module.apply.resourcesUnion.entity.ResourcesUnion#11976], EntityKey[j.index.module.apply.resourcesUnion.entity.ResourcesUnion#11950], EntityKey[j.index.module.apply.resourcesUnion.entity.ResourcesUnion#11949], EntityKey[j.index.module.apply.resourcesUnion.entity.ResourcesUnion#11948], EntityKey[j.index.module.apply.resourcesUnion.entity.ResourcesUnion#11947], EntityKey[j.index.module.apply.resourcesUnion.entity.ResourcesUnion#11954], EntityKey[j.index.module.apply.resourcesUnion.entity.ResourcesUnion#11953], EntityKey[j.index.module.apply.resourcesUnion.entity.ResourcesUnion#11952], EntityKey[j.index.module.apply.resourcesUnion.entity.ResourcesUnion#11951], EntityKey[j.index.module.apply.resourcesUnion.entity.ResourcesUnion#11958], EntityKey[j.index.module.apply.resourcesUnion.entity.ResourcesUnion#11957], EntityKey[j.index.module.apply.resourcesUnion.entity.ResourcesUnion#11956], EntityKey[j.index.module.apply.resourcesUnion.entity.ResourcesUnion#11955], EntityKey[j.index.module.apply.resourcesUnion.entity.ResourcesUnion#11962], EntityKey[j.index.module.apply.resourcesUnion.entity.ResourcesUnion#11961], EntityKey[j.index.module.apply.resourcesUnion.entity.ResourcesUnion#11960], EntityKey[j.index.module.apply.resourcesUnion.entity.ResourcesUnion#11959], EntityKey[j.index.module.apply.resourcesUnion.entity.ResourcesUnion#11931], EntityKey[j.index.module.apply.resourcesUnion.entity.ResourcesUnion#11932], EntityKey[j.index.module.apply.resourcesUnion.entity.ResourcesUnion#11933], EntityKey[j.index.module.apply.resourcesUnion.entity.ResourcesUnion#11934], EntityKey[j.index.module.apply.resourcesUnion.entity.ResourcesUnion#11935], EntityKey[j.index.module.apply.resourcesUnion.entity.ResourcesUnion#11936], EntityKey[j.index.module.apply.resourcesUnion.entity.ResourcesUnion#11937], EntityKey[j.index.module.apply.resourcesUnion.entity.ResourcesUnion#11938], EntityKey[j.index.module.apply.resourcesUnion.entity.ResourcesUnion#11939], EntityKey[j.index.module.apply.resourcesUnion.entity.ResourcesUnion#11940], EntityKey[j.index.module.apply.resourcesUnion.entity.ResourcesUnion#11941], EntityKey[j.index.module.apply.resourcesUnion.entity.ResourcesUnion#11942], EntityKey[j.index.module.apply.resourcesUnion.entity.ResourcesUnion#11943], EntityKey[j.index.module.apply.resourcesUnion.entity.ResourcesUnion#11944], EntityKey[j.index.module.apply.resourcesUnion.entity.ResourcesUnion#11945], EntityKey[j.index.module.apply.resourcesUnion.entity.ResourcesUnion#11946], EntityKey[j.index.module.apply.resourcesUnion.entity.ResourcesUnion#11916], EntityKey[j.index.module.apply.resourcesUnion.entity.ResourcesUnion#11915], EntityKey[j.index.module.apply.resourcesUnion.entity.ResourcesUnion#11918], EntityKey[j.index.module.apply.resourcesUnion.entity.ResourcesUnion#11917], EntityKey[j.index.module.apply.resourcesUnion.entity.ResourcesUnion#11920], EntityKey[j.index.module.apply.resourcesUnion.entity.ResourcesUnion#11919], EntityKey[j.index.module.apply.resourcesUnion.entity.ResourcesUnion#11922], EntityKey[j.index.module.apply.resourcesUnion.entity.ResourcesUnion#11921], EntityKey[j.index.module.apply.resourcesUnion.entity.ResourcesUnion#11924], EntityKey[j.index.module.apply.resourcesUnion.entity.ResourcesUnion#11923], EntityKey[j.index.module.apply.resourcesUnion.entity.ResourcesUnion#11926], EntityKey[j.index.module.apply.resourcesUnion.entity.ResourcesUnion#11925], EntityKey[j.index.module.apply.resourcesUnion.entity.ResourcesUnion#11928], EntityKey[j.index.module.apply.resourcesUnion.entity.ResourcesUnion#11927], EntityKey[j.index.module.apply.resourcesUnion.entity.ResourcesUnion#11930], EntityKey[j.index.module.apply.resourcesUnion.entity.ResourcesUnion#11929], EntityKey[j.index.module.apply.resourcesUnion.entity.ResourcesUnion#12170], EntityKey[j.index.module.apply.resourcesUnion.entity.ResourcesUnion#12169], EntityKey[j.index.module.apply.resourcesUnion.entity.ResourcesUnion#12168], EntityKey[j.index.module.apply.resourcesUnion.entity.ResourcesUnion#12167], EntityKey[j.index.module.apply.resourcesUnion.entity.ResourcesUnion#12166], EntityKey[j.index.module.apply.resourcesUnion.entity.ResourcesUnion#12165], EntityKey[j.index.module.apply.resourcesUnion.entity.ResourcesUnion#12164], EntityKey[j.index.module.apply.resourcesUnion.entity.ResourcesUnion#12163], EntityKey[j.index.module.apply.resourcesUnion.entity.ResourcesUnion#12162], EntityKey[j.index.module.apply.resourcesUnion.entity.ResourcesUnion#12161], EntityKey[j.index.module.apply.resourcesUnion.entity.ResourcesUnion#12160], EntityKey[j.index.module.apply.resourcesUnion.entity.ResourcesUnion#12159], EntityKey[j.index.module.apply.resourcesUnion.entity.ResourcesUnion#12158], EntityKey[j.index.module.apply.resourcesUnion.entity.ResourcesUnion#12157], EntityKey[j.index.module.apply.resourcesUnion.entity.ResourcesUnion#12156], EntityKey[j.index.module.apply.resourcesUnion.entity.ResourcesUnion#12155], EntityKey[j.index.module.apply.resourcesUnion.entity.ResourcesUnion#12153], EntityKey[j.index.module.apply.resourcesUnion.entity.ResourcesUnion#12154], EntityKey[j.index.module.apply.resourcesUnion.entity.ResourcesUnion#12151], EntityKey[j.index.module.apply.resourcesUnion.entity.ResourcesUnion#12152], EntityKey[j.index.module.apply.resourcesUnion.entity.ResourcesUnion#12149], EntityKey[j.index.module.apply.resourcesUnion.entity.ResourcesUnion#12150], EntityKey[j.index.module.apply.resourcesUnion.entity.ResourcesUnion#12147], EntityKey[j.index.module.apply.resourcesUnion.entity.ResourcesUnion#12148], EntityKey[j.index.module.apply.resourcesUnion.entity.ResourcesUnion#12145], EntityKey[j.index.module.apply.resourcesUnion.entity.ResourcesUnion#12146], EntityKey[j.index.module.apply.resourcesUnion.entity.ResourcesUnion#12143], EntityKey[j.index.module.apply.resourcesUnion.entity.ResourcesUnion#12144], EntityKey[j.index.module.apply.resourcesUnion.entity.ResourcesUnion#12141], EntityKey[j.index.module.apply.resourcesUnion.entity.ResourcesUnion#12142], EntityKey[j.index.module.apply.resourcesUnion.entity.ResourcesUnion#12139], EntityKey[j.index.module.apply.resourcesUnion.entity.ResourcesUnion#12140], EntityKey[j.index.module.apply.resourcesUnion.entity.ResourcesUnion#12136], EntityKey[j.index.module.apply.resourcesUnion.entity.ResourcesUnion#12135], EntityKey[j.index.module.apply.resourcesUnion.entity.ResourcesUnion#12138], EntityKey[j.index.module.apply.resourcesUnion.entity.ResourcesUnion#12137], EntityKey[j.index.module.apply.resourcesUnion.entity.ResourcesUnion#12132], EntityKey[j.index.module.apply.resourcesUnion.entity.ResourcesUnion#12131], EntityKey[j.index.module.apply.resourcesUnion.entity.ResourcesUnion#12134], EntityKey[j.index.module.apply.resourcesUnion.entity.ResourcesUnion#12133], EntityKey[j.index.module.apply.resourcesUnion.entity.ResourcesUnion#12128], EntityKey[j.index.module.apply.resourcesUnion.entity.ResourcesUnion#12127], EntityKey[j.index.module.apply.resourcesUnion.entity.ResourcesUnion#12130], EntityKey[j.index.module.apply.resourcesUnion.entity.ResourcesUnion#12129], EntityKey[j.index.module.apply.resourcesUnion.entity.ResourcesUnion#12124], EntityKey[j.index.module.apply.resourcesUnion.entity.ResourcesUnion#12123], EntityKey[j.index.module.apply.resourcesUnion.entity.ResourcesUnion#12126], EntityKey[j.index.module.apply.resourcesUnion.entity.ResourcesUnion#12125], EntityKey[j.index.module.apply.resourcesUnion.entity.ResourcesUnion#12119], EntityKey[j.index.module.apply.resourcesUnion.entity.ResourcesUnion#12120], EntityKey[j.index.module.apply.resourcesUnion.entity.ResourcesUnion#12121], EntityKey[j.index.module.apply.resourcesUnion.entity.ResourcesUnion#12122], EntityKey[j.index.module.apply.resourcesUnion.entity.ResourcesUnion#12115], EntityKey[j.index.module.apply.resourcesUnion.entity.ResourcesUnion#12116], EntityKey[j.index.module.apply.resourcesUnion.entity.ResourcesUnion#12117], EntityKey[j.index.module.apply.resourcesUnion.entity.ResourcesUnion#12118], EntityKey[j.index.module.apply.resourcesUnion.entity.ResourcesUnion#12111], EntityKey[j.index.module.apply.resourcesUnion.entity.ResourcesUnion#12112], EntityKey[j.index.module.apply.resourcesUnion.entity.ResourcesUnion#12113], EntityKey[j.index.module.apply.resourcesUnion.entity.ResourcesUnion#12114], EntityKey[j.index.module.apply.resourcesUnion.entity.ResourcesUnion#12107], EntityKey[j.index.module.apply.resourcesUnion.entity.ResourcesUnion#12108], EntityKey[j.index.module.apply.resourcesUnion.entity.ResourcesUnion#12109], EntityKey[j.index.module.apply.resourcesUnion.entity.ResourcesUnion#12110], EntityKey[j.index.module.apply.resourcesUnion.entity.ResourcesUnion#12102], EntityKey[j.index.module.apply.resourcesUnion.entity.ResourcesUnion#12101], EntityKey[j.index.module.apply.resourcesUnion.entity.ResourcesUnion#12100], EntityKey[j.index.module.apply.resourcesUnion.entity.ResourcesUnion#12099], EntityKey[j.index.module.apply.resourcesUnion.entity.ResourcesUnion#12106], EntityKey[j.index.module.apply.resourcesUnion.entity.ResourcesUnion#12105], EntityKey[j.index.module.apply.resourcesUnion.entity.ResourcesUnion#12104], EntityKey[j.index.module.apply.resourcesUnion.entity.ResourcesUnion#12103], EntityKey[j.index.module.apply.resourcesUnion.entity.ResourcesUnion#12094], EntityKey[j.index.module.apply.resourcesUnion.entity.ResourcesUnion#12093], EntityKey[j.index.module.apply.resourcesUnion.entity.ResourcesUnion#12092], EntityKey[j.index.module.apply.resourcesUnion.entity.ResourcesUnion#12091], EntityKey[j.index.module.apply.resourcesUnion.entity.ResourcesUnion#12098], EntityKey[j.index.module.apply.resourcesUnion.entity.ResourcesUnion#12097], EntityKey[j.index.module.apply.resourcesUnion.entity.ResourcesUnion#12096], EntityKey[j.index.module.apply.resourcesUnion.entity.ResourcesUnion#12095], EntityKey[j.index.module.apply.resourcesUnion.entity.ResourcesUnion#12085], EntityKey[j.index.module.apply.resourcesUnion.entity.ResourcesUnion#12086], EntityKey[j.index.module.apply.resourcesUnion.entity.ResourcesUnion#12083], EntityKey[j.index.module.apply.resourcesUnion.entity.ResourcesUnion#12084], EntityKey[j.index.module.apply.resourcesUnion.entity.ResourcesUnion#12089], EntityKey[j.index.module.apply.resourcesUnion.entity.ResourcesUnion#12090], EntityKey[j.index.module.apply.resourcesUnion.entity.ResourcesUnion#12087], EntityKey[j.index.module.apply.resourcesUnion.entity.ResourcesUnion#12088], EntityKey[j.index.module.apply.resourcesUnion.entity.ResourcesUnion#12077], EntityKey[j.index.module.apply.resourcesUnion.entity.ResourcesUnion#12078], EntityKey[j.index.module.apply.resourcesUnion.entity.ResourcesUnion#12075], EntityKey[j.index.module.apply.resourcesUnion.entity.ResourcesUnion#12076], EntityKey[j.index.module.apply.resourcesUnion.entity.ResourcesUnion#12081], EntityKey[j.index.module.apply.resourcesUnion.entity.ResourcesUnion#12082], EntityKey[j.index.module.apply.resourcesUnion.entity.ResourcesUnion#12079], EntityKey[j.index.module.apply.resourcesUnion.entity.ResourcesUnion#12080], EntityKey[j.index.module.apply.resourcesUnion.entity.ResourcesUnion#12068], EntityKey[j.index.module.apply.resourcesUnion.entity.ResourcesUnion#12067], EntityKey[j.index.module.apply.resourcesUnion.entity.ResourcesUnion#12070], EntityKey[j.index.module.apply.resourcesUnion.entity.ResourcesUnion#12069], EntityKey[j.index.module.apply.resourcesUnion.entity.ResourcesUnion#12072], EntityKey[j.index.module.apply.resourcesUnion.entity.ResourcesUnion#12071], EntityKey[j.index.module.apply.resourcesUnion.entity.ResourcesUnion#12074], EntityKey[j.index.module.apply.resourcesUnion.entity.ResourcesUnion#12073], EntityKey[j.index.module.apply.resourcesUnion.entity.ResourcesUnion#12060], EntityKey[j.index.module.apply.resourcesUnion.entity.ResourcesUnion#12059], EntityKey[j.index.module.apply.resourcesUnion.entity.ResourcesUnion#12062], EntityKey[j.index.module.apply.resourcesUnion.entity.ResourcesUnion#12061], EntityKey[j.index.module.apply.resourcesUnion.entity.ResourcesUnion#12064], EntityKey[j.index.module.apply.resourcesUnion.entity.ResourcesUnion#12063], EntityKey[j.index.module.apply.resourcesUnion.entity.ResourcesUnion#12066], EntityKey[j.index.module.apply.resourcesUnion.entity.ResourcesUnion#12065], EntityKey[j.index.module.apply.resourcesUnion.entity.ResourcesUnion#12051], EntityKey[j.index.module.apply.resourcesUnion.entity.ResourcesUnion#12052], EntityKey[j.index.module.apply.resourcesUnion.entity.ResourcesUnion#12053], EntityKey[j.index.module.apply.resourcesUnion.entity.ResourcesUnion#12054], EntityKey[j.index.module.apply.resourcesUnion.entity.ResourcesUnion#12055], EntityKey[j.index.module.apply.resourcesUnion.entity.ResourcesUnion#12056], EntityKey[j.index.module.apply.resourcesUnion.entity.ResourcesUnion#12057], EntityKey[j.index.module.apply.resourcesUnion.entity.ResourcesUnion#12058], EntityKey[j.index.module.apply.resourcesUnion.entity.ResourcesUnion#12043], EntityKey[j.index.module.apply.resourcesUnion.entity.ResourcesUnion#12044], EntityKey[j.index.module.apply.resourcesUnion.entity.ResourcesUnion#12045], EntityKey[j.index.module.apply.resourcesUnion.entity.ResourcesUnion#12046], EntityKey[j.index.module.apply.resourcesUnion.entity.ResourcesUnion#12047], EntityKey[j.index.module.apply.resourcesUnion.entity.ResourcesUnion#12048], EntityKey[j.index.module.apply.resourcesUnion.entity.ResourcesUnion#12049], EntityKey[j.index.module.apply.resourcesUnion.entity.ResourcesUnion#12050], EntityKey[j.index.module.apply.resourcesUnion.entity.ResourcesUnion#11760], EntityKey[j.index.module.apply.resourcesUnion.entity.ResourcesUnion#11759], EntityKey[j.index.module.apply.resourcesUnion.entity.ResourcesUnion#11762], EntityKey[j.index.module.apply.resourcesUnion.entity.ResourcesUnion#11761], EntityKey[j.index.module.apply.resourcesUnion.entity.ResourcesUnion#11756], EntityKey[j.index.module.apply.resourcesUnion.entity.ResourcesUnion#11755], EntityKey[j.index.module.apply.resourcesUnion.entity.ResourcesUnion#11758], EntityKey[j.index.module.apply.resourcesUnion.entity.ResourcesUnion#11757], EntityKey[j.index.module.apply.resourcesUnion.entity.ResourcesUnion#11768], EntityKey[j.index.module.apply.resourcesUnion.entity.ResourcesUnion#11767], EntityKey[j.index.module.apply.resourcesUnion.entity.ResourcesUnion#11770], EntityKey[j.index.module.apply.resourcesUnion.entity.ResourcesUnion#11769], EntityKey[j.index.module.apply.resourcesUnion.entity.ResourcesUnion#11764], EntityKey[j.index.module.apply.resourcesUnion.entity.ResourcesUnion#11763], EntityKey[j.index.module.apply.resourcesUnion.entity.ResourcesUnion#11766], EntityKey[j.index.module.apply.resourcesUnion.entity.ResourcesUnion#11765], EntityKey[j.index.module.apply.resourcesUnion.entity.ResourcesUnion#11775], EntityKey[j.index.module.apply.resourcesUnion.entity.ResourcesUnion#11776], EntityKey[j.index.module.apply.resourcesUnion.entity.ResourcesUnion#11777], EntityKey[j.index.module.apply.resourcesUnion.entity.ResourcesUnion#11778], EntityKey[j.index.module.apply.resourcesUnion.entity.ResourcesUnion#11771], EntityKey[j.index.module.apply.resourcesUnion.entity.ResourcesUnion#11772], EntityKey[j.index.module.apply.resourcesUnion.entity.ResourcesUnion#11773], EntityKey[j.index.module.apply.resourcesUnion.entity.ResourcesUnion#11774], EntityKey[j.index.module.apply.resourcesUnion.entity.ResourcesUnion#11783], EntityKey[j.index.module.apply.resourcesUnion.entity.ResourcesUnion#11784], EntityKey[j.index.module.apply.resourcesUnion.entity.ResourcesUnion#11785], EntityKey[j.index.module.apply.resourcesUnion.entity.ResourcesUnion#11786], EntityKey[j.index.module.apply.resourcesUnion.entity.ResourcesUnion#11779], EntityKey[j.index.module.apply.resourcesUnion.entity.ResourcesUnion#11780], EntityKey[j.index.module.apply.resourcesUnion.entity.ResourcesUnion#11781], EntityKey[j.index.module.apply.resourcesUnion.entity.ResourcesUnion#11782], EntityKey[j.index.module.apply.resourcesUnion.entity.ResourcesUnion#11730], EntityKey[j.index.module.apply.resourcesUnion.entity.ResourcesUnion#11729], EntityKey[j.index.module.apply.resourcesUnion.entity.ResourcesUnion#11728], EntityKey[j.index.module.apply.resourcesUnion.entity.ResourcesUnion#11727], EntityKey[j.index.module.apply.resourcesUnion.entity.ResourcesUnion#11726], EntityKey[j.index.module.apply.resourcesUnion.entity.ResourcesUnion#11725], EntityKey[j.index.module.apply.resourcesUnion.entity.ResourcesUnion#11724], EntityKey[j.index.module.apply.resourcesUnion.entity.ResourcesUnion#11723], EntityKey[j.index.module.apply.resourcesUnion.entity.ResourcesUnion#11738], EntityKey[j.index.module.apply.resourcesUnion.entity.ResourcesUnion#11737], EntityKey[j.index.module.apply.resourcesUnion.entity.ResourcesUnion#11736], EntityKey[j.index.module.apply.resourcesUnion.entity.ResourcesUnion#11735], EntityKey[j.index.module.apply.resourcesUnion.entity.ResourcesUnion#11734], EntityKey[j.index.module.apply.resourcesUnion.entity.ResourcesUnion#11733], EntityKey[j.index.module.apply.resourcesUnion.entity.ResourcesUnion#11732], EntityKey[j.index.module.apply.resourcesUnion.entity.ResourcesUnion#11731], EntityKey[j.index.module.apply.resourcesUnion.entity.ResourcesUnion#11745], EntityKey[j.index.module.apply.resourcesUnion.entity.ResourcesUnion#11746], EntityKey[j.index.module.apply.resourcesUnion.entity.ResourcesUnion#11743], EntityKey[j.index.module.apply.resourcesUnion.entity.ResourcesUnion#11744], EntityKey[j.index.module.apply.resourcesUnion.entity.ResourcesUnion#11741], EntityKey[j.index.module.apply.resourcesUnion.entity.ResourcesUnion#11742], EntityKey[j.index.module.apply.resourcesUnion.entity.ResourcesUnion#11739], EntityKey[j.index.module.apply.resourcesUnion.entity.ResourcesUnion#11740], EntityKey[j.index.module.apply.resourcesUnion.entity.ResourcesUnion#11753], EntityKey[j.index.module.apply.resourcesUnion.entity.ResourcesUnion#11754], EntityKey[j.index.module.apply.resourcesUnion.entity.ResourcesUnion#11751], EntityKey[j.index.module.apply.resourcesUnion.entity.ResourcesUnion#11752], EntityKey[j.index.module.apply.resourcesUnion.entity.ResourcesUnion#11749], EntityKey[j.index.module.apply.resourcesUnion.entity.ResourcesUnion#11750], EntityKey[j.index.module.apply.resourcesUnion.entity.ResourcesUnion#11747], EntityKey[j.index.module.apply.resourcesUnion.entity.ResourcesUnion#11748], EntityKey[j.index.module.apply.resourcesUnion.entity.ResourcesUnion#11692], EntityKey[j.index.module.apply.resourcesUnion.entity.ResourcesUnion#11691], EntityKey[j.index.module.apply.resourcesUnion.entity.ResourcesUnion#11694], EntityKey[j.index.module.apply.resourcesUnion.entity.ResourcesUnion#11693], EntityKey[j.index.module.apply.resourcesUnion.entity.ResourcesUnion#11696], EntityKey[j.index.module.apply.resourcesUnion.entity.ResourcesUnion#11695], EntityKey[j.index.module.apply.resourcesUnion.entity.ResourcesUnion#11698], EntityKey[j.index.module.apply.resourcesUnion.entity.ResourcesUnion#11697], EntityKey[j.index.module.apply.resourcesUnion.entity.ResourcesUnion#11700], EntityKey[j.index.module.apply.resourcesUnion.entity.ResourcesUnion#11699], EntityKey[j.index.module.apply.resourcesUnion.entity.ResourcesUnion#11702], EntityKey[j.index.module.apply.resourcesUnion.entity.ResourcesUnion#11701], EntityKey[j.index.module.apply.resourcesUnion.entity.ResourcesUnion#11704], EntityKey[j.index.module.apply.resourcesUnion.entity.ResourcesUnion#11703], EntityKey[j.index.module.apply.resourcesUnion.entity.ResourcesUnion#11706], EntityKey[j.index.module.apply.resourcesUnion.entity.ResourcesUnion#11705], EntityKey[j.index.module.apply.resourcesUnion.entity.ResourcesUnion#11707], EntityKey[j.index.module.apply.resourcesUnion.entity.ResourcesUnion#11708], EntityKey[j.index.module.apply.resourcesUnion.entity.ResourcesUnion#11709], EntityKey[j.index.module.apply.resourcesUnion.entity.ResourcesUnion#11710], EntityKey[j.index.module.apply.resourcesUnion.entity.ResourcesUnion#11711], EntityKey[j.index.module.apply.resourcesUnion.entity.ResourcesUnion#11712], EntityKey[j.index.module.apply.resourcesUnion.entity.ResourcesUnion#11713], EntityKey[j.index.module.apply.resourcesUnion.entity.ResourcesUnion#11714], EntityKey[j.index.module.apply.resourcesUnion.entity.ResourcesUnion#11715], EntityKey[j.index.module.apply.resourcesUnion.entity.ResourcesUnion#11716], EntityKey[j.index.module.apply.resourcesUnion.entity.ResourcesUnion#11717], EntityKey[j.index.module.apply.resourcesUnion.entity.ResourcesUnion#11718], EntityKey[j.index.module.apply.resourcesUnion.entity.ResourcesUnion#11719], EntityKey[j.index.module.apply.resourcesUnion.entity.ResourcesUnion#11720], EntityKey[j.index.module.apply.resourcesUnion.entity.ResourcesUnion#11721], EntityKey[j.index.module.apply.resourcesUnion.entity.ResourcesUnion#11722], EntityKey[j.index.module.apply.resourcesUnion.entity.ResourcesUnion#11662], EntityKey[j.index.module.apply.resourcesUnion.entity.ResourcesUnion#11661], EntityKey[j.index.module.apply.resourcesUnion.entity.ResourcesUnion#11660], EntityKey[j.index.module.apply.resourcesUnion.entity.ResourcesUnion#11659], EntityKey[j.index.module.apply.resourcesUnion.entity.ResourcesUnion#11666], EntityKey[j.index.module.apply.resourcesUnion.entity.ResourcesUnion#11665], EntityKey[j.index.module.apply.resourcesUnion.entity.ResourcesUnion#11664], EntityKey[j.index.module.apply.resourcesUnion.entity.ResourcesUnion#11663], EntityKey[j.index.module.apply.resourcesUnion.entity.ResourcesUnion#11670], EntityKey[j.index.module.apply.resourcesUnion.entity.ResourcesUnion#11669], EntityKey[j.index.module.apply.resourcesUnion.entity.ResourcesUnion#11668], EntityKey[j.index.module.apply.resourcesUnion.entity.ResourcesUnion#11667], EntityKey[j.index.module.apply.resourcesUnion.entity.ResourcesUnion#11674], EntityKey[j.index.module.apply.resourcesUnion.entity.ResourcesUnion#11673], EntityKey[j.index.module.apply.resourcesUnion.entity.ResourcesUnion#11672], EntityKey[j.index.module.apply.resourcesUnion.entity.ResourcesUnion#11671], EntityKey[j.index.module.apply.resourcesUnion.entity.ResourcesUnion#11677], EntityKey[j.index.module.apply.resourcesUnion.entity.ResourcesUnion#11678], EntityKey[j.index.module.apply.resourcesUnion.entity.ResourcesUnion#11675], EntityKey[j.index.module.apply.resourcesUnion.entity.ResourcesUnion#11676], EntityKey[j.index.module.apply.resourcesUnion.entity.ResourcesUnion#11681], EntityKey[j.index.module.apply.resourcesUnion.entity.ResourcesUnion#11682], EntityKey[j.index.module.apply.resourcesUnion.entity.ResourcesUnion#11679], EntityKey[j.index.module.apply.resourcesUnion.entity.ResourcesUnion#11680], EntityKey[j.index.module.apply.resourcesUnion.entity.ResourcesUnion#11685], EntityKey[j.index.module.apply.resourcesUnion.entity.ResourcesUnion#11686], EntityKey[j.index.module.apply.resourcesUnion.entity.ResourcesUnion#11683], EntityKey[j.index.module.apply.resourcesUnion.entity.ResourcesUnion#11684], EntityKey[j.index.module.apply.resourcesUnion.entity.ResourcesUnion#11689], EntityKey[j.index.module.apply.resourcesUnion.entity.ResourcesUnion#11690], EntityKey[j.index.module.apply.resourcesUnion.entity.ResourcesUnion#11687], EntityKey[j.index.module.apply.resourcesUnion.entity.ResourcesUnion#11688], EntityKey[j.index.module.apply.resourcesUnion.entity.ResourcesUnion#11895], EntityKey[j.index.module.apply.resourcesUnion.entity.ResourcesUnion#11896], EntityKey[j.index.module.apply.resourcesUnion.entity.ResourcesUnion#11897], EntityKey[j.index.module.apply.resourcesUnion.entity.ResourcesUnion#11898], EntityKey[j.index.module.apply.resourcesUnion.entity.ResourcesUnion#11891], EntityKey[j.index.module.apply.resourcesUnion.entity.ResourcesUnion#11892], EntityKey[j.index.module.apply.resourcesUnion.entity.ResourcesUnion#11893], EntityKey[j.index.module.apply.resourcesUnion.entity.ResourcesUnion#11894], EntityKey[j.index.module.apply.resourcesUnion.entity.ResourcesUnion#11887], EntityKey[j.index.module.apply.resourcesUnion.entity.ResourcesUnion#11888], EntityKey[j.index.module.apply.resourcesUnion.entity.ResourcesUnion#11889], EntityKey[j.index.module.apply.resourcesUnion.entity.ResourcesUnion#11890], EntityKey[j.index.module.apply.resourcesUnion.entity.ResourcesUnion#11883], EntityKey[j.index.module.apply.resourcesUnion.entity.ResourcesUnion#11884], EntityKey[j.index.module.apply.resourcesUnion.entity.ResourcesUnion#11885], EntityKey[j.index.module.apply.resourcesUnion.entity.ResourcesUnion#11886], EntityKey[j.index.module.apply.resourcesUnion.entity.ResourcesUnion#11912], EntityKey[j.index.module.apply.resourcesUnion.entity.ResourcesUnion#11911], EntityKey[j.index.module.apply.resourcesUnion.entity.ResourcesUnion#11914], EntityKey[j.index.module.apply.resourcesUnion.entity.ResourcesUnion#11913], EntityKey[j.index.module.apply.resourcesUnion.entity.ResourcesUnion#11908], EntityKey[j.index.module.apply.resourcesUnion.entity.ResourcesUnion#11907], EntityKey[j.index.module.apply.resourcesUnion.entity.ResourcesUnion#11910], EntityKey[j.index.module.apply.resourcesUnion.entity.ResourcesUnion#11909], EntityKey[j.index.module.apply.resourcesUnion.entity.ResourcesUnion#11904], EntityKey[j.index.module.apply.resourcesUnion.entity.ResourcesUnion#11903], EntityKey[j.index.module.apply.resourcesUnion.entity.ResourcesUnion#11906], EntityKey[j.index.module.apply.resourcesUnion.entity.ResourcesUnion#11905], EntityKey[j.index.module.apply.resourcesUnion.entity.ResourcesUnion#11900], EntityKey[j.index.module.apply.resourcesUnion.entity.ResourcesUnion#11899], EntityKey[j.index.module.apply.resourcesUnion.entity.ResourcesUnion#11902], EntityKey[j.index.module.apply.resourcesUnion.entity.ResourcesUnion#11901], EntityKey[j.index.module.apply.resourcesUnion.entity.ResourcesUnion#11865], EntityKey[j.index.module.apply.resourcesUnion.entity.ResourcesUnion#11866], EntityKey[j.index.module.apply.resourcesUnion.entity.ResourcesUnion#11863], EntityKey[j.index.module.apply.resourcesUnion.entity.ResourcesUnion#11864], EntityKey[j.index.module.apply.resourcesUnion.entity.ResourcesUnion#11861], EntityKey[j.index.module.apply.resourcesUnion.entity.ResourcesUnion#11862], EntityKey[j.index.module.apply.resourcesUnion.entity.ResourcesUnion#11859], EntityKey[j.index.module.apply.resourcesUnion.entity.ResourcesUnion#11860], EntityKey[j.index.module.apply.resourcesUnion.entity.ResourcesUnion#11857], EntityKey[j.index.module.apply.resourcesUnion.entity.ResourcesUnion#11858], EntityKey[j.index.module.apply.resourcesUnion.entity.ResourcesUnion#11855], EntityKey[j.index.module.apply.resourcesUnion.entity.ResourcesUnion#11856], EntityKey[j.index.module.apply.resourcesUnion.entity.ResourcesUnion#11853], EntityKey[j.index.module.apply.resourcesUnion.entity.ResourcesUnion#11854], EntityKey[j.index.module.apply.resourcesUnion.entity.ResourcesUnion#11851], EntityKey[j.index.module.apply.resourcesUnion.entity.ResourcesUnion#11852], EntityKey[j.index.module.apply.resourcesUnion.entity.ResourcesUnion#11882], EntityKey[j.index.module.apply.resourcesUnion.entity.ResourcesUnion#11881], EntityKey[j.index.module.apply.resourcesUnion.entity.ResourcesUnion#11880], EntityKey[j.index.module.apply.resourcesUnion.entity.ResourcesUnion#11879], EntityKey[j.index.module.apply.resourcesUnion.entity.ResourcesUnion#11878], EntityKey[j.index.module.apply.resourcesUnion.entity.ResourcesUnion#11877], EntityKey[j.index.module.apply.resourcesUnion.entity.ResourcesUnion#11876], EntityKey[j.index.module.apply.resourcesUnion.entity.ResourcesUnion#11875], EntityKey[j.index.module.apply.resourcesUnion.entity.ResourcesUnion#11874], EntityKey[j.index.module.apply.resourcesUnion.entity.ResourcesUnion#11873], EntityKey[j.index.module.apply.resourcesUnion.entity.ResourcesUnion#11872], EntityKey[j.index.module.apply.resourcesUnion.entity.ResourcesUnion#11871], EntityKey[j.index.module.apply.resourcesUnion.entity.ResourcesUnion#11870], EntityKey[j.index.module.apply.resourcesUnion.entity.ResourcesUnion#11869], EntityKey[j.index.module.apply.resourcesUnion.entity.ResourcesUnion#11868], EntityKey[j.index.module.apply.resourcesUnion.entity.ResourcesUnion#11867], EntityKey[j.index.module.apply.resourcesUnion.entity.ResourcesUnion#11827], EntityKey[j.index.module.apply.resourcesUnion.entity.ResourcesUnion#11828], EntityKey[j.index.module.apply.resourcesUnion.entity.ResourcesUnion#11829], EntityKey[j.index.module.apply.resourcesUnion.entity.ResourcesUnion#11830], EntityKey[j.index.module.apply.resourcesUnion.entity.ResourcesUnion#11831], EntityKey[j.index.module.apply.resourcesUnion.entity.ResourcesUnion#11832], EntityKey[j.index.module.apply.resourcesUnion.entity.ResourcesUnion#11833], EntityKey[j.index.module.apply.resourcesUnion.entity.ResourcesUnion#11834], EntityKey[j.index.module.apply.resourcesUnion.entity.ResourcesUnion#11819], EntityKey[j.index.module.apply.resourcesUnion.entity.ResourcesUnion#11820], EntityKey[j.index.module.apply.resourcesUnion.entity.ResourcesUnion#11821], EntityKey[j.index.module.apply.resourcesUnion.entity.ResourcesUnion#11822], EntityKey[j.index.module.apply.resourcesUnion.entity.ResourcesUnion#11823], EntityKey[j.index.module.apply.resourcesUnion.entity.ResourcesUnion#11824], EntityKey[j.index.module.apply.resourcesUnion.entity.ResourcesUnion#11825], EntityKey[j.index.module.apply.resourcesUnion.entity.ResourcesUnion#11826], EntityKey[j.index.module.apply.resourcesUnion.entity.ResourcesUnion#11844], EntityKey[j.index.module.apply.resourcesUnion.entity.ResourcesUnion#11843], EntityKey[j.index.module.apply.resourcesUnion.entity.ResourcesUnion#11846], EntityKey[j.index.module.apply.resourcesUnion.entity.ResourcesUnion#11845], EntityKey[j.index.module.apply.resourcesUnion.entity.ResourcesUnion#11848], EntityKey[j.index.module.apply.resourcesUnion.entity.ResourcesUnion#11847], EntityKey[j.index.module.apply.resourcesUnion.entity.ResourcesUnion#11850], EntityKey[j.index.module.apply.resourcesUnion.entity.ResourcesUnion#11849], EntityKey[j.index.module.apply.resourcesUnion.entity.ResourcesUnion#11836], EntityKey[j.index.module.apply.resourcesUnion.entity.ResourcesUnion#11835], EntityKey[j.index.module.apply.resourcesUnion.entity.ResourcesUnion#11838], EntityKey[j.index.module.apply.resourcesUnion.entity.ResourcesUnion#11837], EntityKey[j.index.module.apply.resourcesUnion.entity.ResourcesUnion#11840], EntityKey[j.index.module.apply.resourcesUnion.entity.ResourcesUnion#11839], EntityKey[j.index.module.apply.resourcesUnion.entity.ResourcesUnion#11842], EntityKey[j.index.module.apply.resourcesUnion.entity.ResourcesUnion#11841], EntityKey[j.index.module.apply.resourcesUnion.entity.ResourcesUnion#11797], EntityKey[j.index.module.apply.resourcesUnion.entity.ResourcesUnion#11798], EntityKey[j.index.module.apply.resourcesUnion.entity.ResourcesUnion#11795], EntityKey[j.index.module.apply.resourcesUnion.entity.ResourcesUnion#11796], EntityKey[j.index.module.apply.resourcesUnion.entity.ResourcesUnion#11801], EntityKey[j.index.module.apply.resourcesUnion.entity.ResourcesUnion#11802], EntityKey[j.index.module.apply.resourcesUnion.entity.ResourcesUnion#11799], EntityKey[j.index.module.apply.resourcesUnion.entity.ResourcesUnion#11800], EntityKey[j.index.module.apply.resourcesUnion.entity.ResourcesUnion#11789], EntityKey[j.index.module.apply.resourcesUnion.entity.ResourcesUnion#11790], EntityKey[j.index.module.apply.resourcesUnion.entity.ResourcesUnion#11787], EntityKey[j.index.module.apply.resourcesUnion.entity.ResourcesUnion#11788], EntityKey[j.index.module.apply.resourcesUnion.entity.ResourcesUnion#11793], EntityKey[j.index.module.apply.resourcesUnion.entity.ResourcesUnion#11794], EntityKey[j.index.module.apply.resourcesUnion.entity.ResourcesUnion#11791], EntityKey[j.index.module.apply.resourcesUnion.entity.ResourcesUnion#11792], EntityKey[j.index.module.apply.resourcesUnion.entity.ResourcesUnion#11814], EntityKey[j.index.module.apply.resourcesUnion.entity.ResourcesUnion#11813], EntityKey[j.index.module.apply.resourcesUnion.entity.ResourcesUnion#11812], EntityKey[j.index.module.apply.resourcesUnion.entity.ResourcesUnion#11811], EntityKey[j.index.module.apply.resourcesUnion.entity.ResourcesUnion#11818], EntityKey[j.index.module.apply.resourcesUnion.entity.ResourcesUnion#11817], EntityKey[j.index.module.apply.resourcesUnion.entity.ResourcesUnion#11816], EntityKey[j.index.module.apply.resourcesUnion.entity.ResourcesUnion#11815], EntityKey[j.index.module.apply.resourcesUnion.entity.ResourcesUnion#11806], EntityKey[j.index.module.apply.resourcesUnion.entity.ResourcesUnion#11805], EntityKey[j.index.module.apply.resourcesUnion.entity.ResourcesUnion#11804], EntityKey[j.index.module.apply.resourcesUnion.entity.ResourcesUnion#11803], EntityKey[j.index.module.apply.resourcesUnion.entity.ResourcesUnion#11810], EntityKey[j.index.module.apply.resourcesUnion.entity.ResourcesUnion#11809], EntityKey[j.index.module.apply.resourcesUnion.entity.ResourcesUnion#11808], EntityKey[j.index.module.apply.resourcesUnion.entity.ResourcesUnion#11807], EntityKey[j.index.module.apply.resourcesUnion.entity.ResourcesUnion#13479], EntityKey[j.index.module.apply.resourcesUnion.entity.ResourcesUnion#13480], EntityKey[j.index.module.apply.resourcesUnion.entity.ResourcesUnion#13481], EntityKey[j.index.module.apply.resourcesUnion.entity.ResourcesUnion#13482], EntityKey[j.index.module.apply.resourcesUnion.entity.ResourcesUnion#13475], EntityKey[j.index.module.apply.resourcesUnion.entity.ResourcesUnion#13476], EntityKey[j.index.module.apply.resourcesUnion.entity.ResourcesUnion#13477], EntityKey[j.index.module.apply.resourcesUnion.entity.ResourcesUnion#13478], EntityKey[j.index.module.apply.resourcesUnion.entity.ResourcesUnion#13471], EntityKey[j.index.module.apply.resourcesUnion.entity.ResourcesUnion#13472], EntityKey[j.index.module.apply.resourcesUnion.entity.ResourcesUnion#13473], EntityKey[j.index.module.apply.resourcesUnion.entity.ResourcesUnion#13474], EntityKey[j.index.module.apply.resourcesUnion.entity.ResourcesUnion#13467], EntityKey[j.index.module.apply.resourcesUnion.entity.ResourcesUnion#13468], EntityKey[j.index.module.apply.resourcesUnion.entity.ResourcesUnion#13469], EntityKey[j.index.module.apply.resourcesUnion.entity.ResourcesUnion#13470], EntityKey[j.index.module.apply.resourcesUnion.entity.ResourcesUnion#13464], EntityKey[j.index.module.apply.resourcesUnion.entity.ResourcesUnion#13463], EntityKey[j.index.module.apply.resourcesUnion.entity.ResourcesUnion#13466], EntityKey[j.index.module.apply.resourcesUnion.entity.ResourcesUnion#13465], EntityKey[j.index.module.apply.resourcesUnion.entity.ResourcesUnion#13460], EntityKey[j.index.module.apply.resourcesUnion.entity.ResourcesUnion#13459], EntityKey[j.index.module.apply.resourcesUnion.entity.ResourcesUnion#13462], EntityKey[j.index.module.apply.resourcesUnion.entity.ResourcesUnion#13461], EntityKey[j.index.module.apply.resourcesUnion.entity.ResourcesUnion#13456], EntityKey[j.index.module.apply.resourcesUnion.entity.ResourcesUnion#13455], EntityKey[j.index.module.apply.resourcesUnion.entity.ResourcesUnion#13458], EntityKey[j.index.module.apply.resourcesUnion.entity.ResourcesUnion#13457], EntityKey[j.index.module.apply.resourcesUnion.entity.ResourcesUnion#13452], EntityKey[j.index.module.apply.resourcesUnion.entity.ResourcesUnion#13451], EntityKey[j.index.module.apply.resourcesUnion.entity.ResourcesUnion#13454], EntityKey[j.index.module.apply.resourcesUnion.entity.ResourcesUnion#13453], EntityKey[j.index.module.apply.resourcesUnion.entity.ResourcesUnion#13513], EntityKey[j.index.module.apply.resourcesUnion.entity.ResourcesUnion#13514], EntityKey[j.index.module.apply.resourcesUnion.entity.ResourcesUnion#13511], EntityKey[j.index.module.apply.resourcesUnion.entity.ResourcesUnion#13512], EntityKey[j.index.module.apply.resourcesUnion.entity.ResourcesUnion#13509], EntityKey[j.index.module.apply.resourcesUnion.entity.ResourcesUnion#13510], EntityKey[j.index.module.apply.resourcesUnion.entity.ResourcesUnion#13507], EntityKey[j.index.module.apply.resourcesUnion.entity.ResourcesUnion#13508], EntityKey[j.index.module.apply.resourcesUnion.entity.ResourcesUnion#13505], EntityKey[j.index.module.apply.resourcesUnion.entity.ResourcesUnion#13506], EntityKey[j.index.module.apply.resourcesUnion.entity.ResourcesUnion#13503], EntityKey[j.index.module.apply.resourcesUnion.entity.ResourcesUnion#13504], EntityKey[j.index.module.apply.resourcesUnion.entity.ResourcesUnion#13501], EntityKey[j.index.module.apply.resourcesUnion.entity.ResourcesUnion#13502], EntityKey[j.index.module.apply.resourcesUnion.entity.ResourcesUnion#13499], EntityKey[j.index.module.apply.resourcesUnion.entity.ResourcesUnion#13500], EntityKey[j.index.module.apply.resourcesUnion.entity.ResourcesUnion#13498], EntityKey[j.index.module.apply.resourcesUnion.entity.ResourcesUnion#13497], EntityKey[j.index.module.apply.resourcesUnion.entity.ResourcesUnion#13496], EntityKey[j.index.module.apply.resourcesUnion.entity.ResourcesUnion#13495], EntityKey[j.index.module.apply.resourcesUnion.entity.ResourcesUnion#13494], EntityKey[j.index.module.apply.resourcesUnion.entity.ResourcesUnion#13493], EntityKey[j.index.module.apply.resourcesUnion.entity.ResourcesUnion#13492], EntityKey[j.index.module.apply.resourcesUnion.entity.ResourcesUnion#13491], EntityKey[j.index.module.apply.resourcesUnion.entity.ResourcesUnion#13490], EntityKey[j.index.module.apply.resourcesUnion.entity.ResourcesUnion#13489], EntityKey[j.index.module.apply.resourcesUnion.entity.ResourcesUnion#13488], EntityKey[j.index.module.apply.resourcesUnion.entity.ResourcesUnion#13487], EntityKey[j.index.module.apply.resourcesUnion.entity.ResourcesUnion#13486], EntityKey[j.index.module.apply.resourcesUnion.entity.ResourcesUnion#13485], EntityKey[j.index.module.apply.resourcesUnion.entity.ResourcesUnion#13484], EntityKey[j.index.module.apply.resourcesUnion.entity.ResourcesUnion#13483], EntityKey[j.index.module.apply.resourcesUnion.entity.ResourcesUnion#13539], EntityKey[j.index.module.apply.resourcesUnion.entity.ResourcesUnion#13540], EntityKey[j.index.module.apply.resourcesUnion.entity.ResourcesUnion#13541], EntityKey[j.index.module.apply.resourcesUnion.entity.ResourcesUnion#13542], EntityKey[j.index.module.apply.resourcesUnion.entity.ResourcesUnion#13543], EntityKey[j.index.module.apply.resourcesUnion.entity.ResourcesUnion#13544], EntityKey[j.index.module.apply.resourcesUnion.entity.ResourcesUnion#13545], EntityKey[j.index.module.apply.resourcesUnion.entity.ResourcesUnion#13546], EntityKey[j.index.module.apply.resourcesUnion.entity.ResourcesUnion#13531], EntityKey[j.index.module.apply.resourcesUnion.entity.ResourcesUnion#13532], EntityKey[j.index.module.apply.resourcesUnion.entity.ResourcesUnion#13533], EntityKey[j.index.module.apply.resourcesUnion.entity.ResourcesUnion#13534], EntityKey[j.index.module.apply.resourcesUnion.entity.ResourcesUnion#13535], EntityKey[j.index.module.apply.resourcesUnion.entity.ResourcesUnion#13536], EntityKey[j.index.module.apply.resourcesUnion.entity.ResourcesUnion#13537], EntityKey[j.index.module.apply.resourcesUnion.entity.ResourcesUnion#13538], EntityKey[j.index.module.apply.resourcesUnion.entity.ResourcesUnion#13524], EntityKey[j.index.module.apply.resourcesUnion.entity.ResourcesUnion#13523], EntityKey[j.index.module.apply.resourcesUnion.entity.ResourcesUnion#13526], EntityKey[j.index.module.apply.resourcesUnion.entity.ResourcesUnion#13525], EntityKey[j.index.module.apply.resourcesUnion.entity.ResourcesUnion#13528], EntityKey[j.index.module.apply.resourcesUnion.entity.ResourcesUnion#13527], EntityKey[j.index.module.apply.resourcesUnion.entity.ResourcesUnion#13530], EntityKey[j.index.module.apply.resourcesUnion.entity.ResourcesUnion#13529], EntityKey[j.index.module.apply.resourcesUnion.entity.ResourcesUnion#13516], EntityKey[j.index.module.apply.resourcesUnion.entity.ResourcesUnion#13515], EntityKey[j.index.module.apply.resourcesUnion.entity.ResourcesUnion#13518], EntityKey[j.index.module.apply.resourcesUnion.entity.ResourcesUnion#13517], EntityKey[j.index.module.apply.resourcesUnion.entity.ResourcesUnion#13520], EntityKey[j.index.module.apply.resourcesUnion.entity.ResourcesUnion#13519], EntityKey[j.index.module.apply.resourcesUnion.entity.ResourcesUnion#13522], EntityKey[j.index.module.apply.resourcesUnion.entity.ResourcesUnion#13521], EntityKey[j.index.module.apply.resourcesUnion.entity.ResourcesUnion#13573], EntityKey[j.index.module.apply.resourcesUnion.entity.ResourcesUnion#13574], EntityKey[j.index.module.apply.resourcesUnion.entity.ResourcesUnion#13571], EntityKey[j.index.module.apply.resourcesUnion.entity.ResourcesUnion#13572], EntityKey[j.index.module.apply.resourcesUnion.entity.ResourcesUnion#13577], EntityKey[j.index.module.apply.resourcesUnion.entity.ResourcesUnion#13578], EntityKey[j.index.module.apply.resourcesUnion.entity.ResourcesUnion#13575], EntityKey[j.index.module.apply.resourcesUnion.entity.ResourcesUnion#13576], EntityKey[j.index.module.apply.resourcesUnion.entity.ResourcesUnion#13565], EntityKey[j.index.module.apply.resourcesUnion.entity.ResourcesUnion#13566], EntityKey[j.index.module.apply.resourcesUnion.entity.ResourcesUnion#13563], EntityKey[j.index.module.apply.resourcesUnion.entity.ResourcesUnion#13564], EntityKey[j.index.module.apply.resourcesUnion.entity.ResourcesUnion#13569], EntityKey[j.index.module.apply.resourcesUnion.entity.ResourcesUnion#13570], EntityKey[j.index.module.apply.resourcesUnion.entity.ResourcesUnion#13567], EntityKey[j.index.module.apply.resourcesUnion.entity.ResourcesUnion#13568], EntityKey[j.index.module.apply.resourcesUnion.entity.ResourcesUnion#13558], EntityKey[j.index.module.apply.resourcesUnion.entity.ResourcesUnion#13557], EntityKey[j.index.module.apply.resourcesUnion.entity.ResourcesUnion#13556], EntityKey[j.index.module.apply.resourcesUnion.entity.ResourcesUnion#13555], EntityKey[j.index.module.apply.resourcesUnion.entity.ResourcesUnion#13562], EntityKey[j.index.module.apply.resourcesUnion.entity.ResourcesUnion#13561], EntityKey[j.index.module.apply.resourcesUnion.entity.ResourcesUnion#13560], EntityKey[j.index.module.apply.resourcesUnion.entity.ResourcesUnion#13559], EntityKey[j.index.module.apply.resourcesUnion.entity.ResourcesUnion#13550], EntityKey[j.index.module.apply.resourcesUnion.entity.ResourcesUnion#13549], EntityKey[j.index.module.apply.resourcesUnion.entity.ResourcesUnion#13548], EntityKey[j.index.module.apply.resourcesUnion.entity.ResourcesUnion#13547], EntityKey[j.index.module.apply.resourcesUnion.entity.ResourcesUnion#13554], EntityKey[j.index.module.apply.resourcesUnion.entity.ResourcesUnion#13553], EntityKey[j.index.module.apply.resourcesUnion.entity.ResourcesUnion#13552], EntityKey[j.index.module.apply.resourcesUnion.entity.ResourcesUnion#13551], EntityKey[j.index.module.apply.resourcesUnion.entity.ResourcesUnion#13600], EntityKey[j.index.module.apply.resourcesUnion.entity.ResourcesUnion#13599], EntityKey[j.index.module.apply.resourcesUnion.entity.ResourcesUnion#13602], EntityKey[j.index.module.apply.resourcesUnion.entity.ResourcesUnion#13601], EntityKey[j.index.module.apply.resourcesUnion.entity.ResourcesUnion#13596], EntityKey[j.index.module.apply.resourcesUnion.entity.ResourcesUnion#13595], EntityKey[j.index.module.apply.resourcesUnion.entity.ResourcesUnion#13598], EntityKey[j.index.module.apply.resourcesUnion.entity.ResourcesUnion#13597], EntityKey[j.index.module.apply.resourcesUnion.entity.ResourcesUnion#13608], EntityKey[j.index.module.apply.resourcesUnion.entity.ResourcesUnion#13607], EntityKey[j.index.module.apply.resourcesUnion.entity.ResourcesUnion#13610], EntityKey[j.index.module.apply.resourcesUnion.entity.ResourcesUnion#13609], EntityKey[j.index.module.apply.resourcesUnion.entity.ResourcesUnion#13604], EntityKey[j.index.module.apply.resourcesUnion.entity.ResourcesUnion#13603], EntityKey[j.index.module.apply.resourcesUnion.entity.ResourcesUnion#13606], EntityKey[j.index.module.apply.resourcesUnion.entity.ResourcesUnion#13605], EntityKey[j.index.module.apply.resourcesUnion.entity.ResourcesUnion#13583], EntityKey[j.index.module.apply.resourcesUnion.entity.ResourcesUnion#13584], EntityKey[j.index.module.apply.resourcesUnion.entity.ResourcesUnion#13585], EntityKey[j.index.module.apply.resourcesUnion.entity.ResourcesUnion#13586], EntityKey[j.index.module.apply.resourcesUnion.entity.ResourcesUnion#13579], EntityKey[j.index.module.apply.resourcesUnion.entity.ResourcesUnion#13580], EntityKey[j.index.module.apply.resourcesUnion.entity.ResourcesUnion#13581], EntityKey[j.index.module.apply.resourcesUnion.entity.ResourcesUnion#13582], EntityKey[j.index.module.apply.resourcesUnion.entity.ResourcesUnion#13591], EntityKey[j.index.module.apply.resourcesUnion.entity.ResourcesUnion#13592], EntityKey[j.index.module.apply.resourcesUnion.entity.ResourcesUnion#13593], EntityKey[j.index.module.apply.resourcesUnion.entity.ResourcesUnion#13594], EntityKey[j.index.module.apply.resourcesUnion.entity.ResourcesUnion#13587], EntityKey[j.index.module.apply.resourcesUnion.entity.ResourcesUnion#13588], EntityKey[j.index.module.apply.resourcesUnion.entity.ResourcesUnion#13589], EntityKey[j.index.module.apply.resourcesUnion.entity.ResourcesUnion#13590], EntityKey[j.index.module.apply.resourcesUnion.entity.ResourcesUnion#13634], EntityKey[j.index.module.apply.resourcesUnion.entity.ResourcesUnion#13633], EntityKey[j.index.module.apply.resourcesUnion.entity.ResourcesUnion#13632], EntityKey[j.index.module.apply.resourcesUnion.entity.ResourcesUnion#13631], EntityKey[j.index.module.apply.resourcesUnion.entity.ResourcesUnion#13630], EntityKey[j.index.module.apply.resourcesUnion.entity.ResourcesUnion#13629], EntityKey[j.index.module.apply.resourcesUnion.entity.ResourcesUnion#13628], EntityKey[j.index.module.apply.resourcesUnion.entity.ResourcesUnion#13627], EntityKey[j.index.module.apply.resourcesUnion.entity.ResourcesUnion#13642], EntityKey[j.index.module.apply.resourcesUnion.entity.ResourcesUnion#13641], EntityKey[j.index.module.apply.resourcesUnion.entity.ResourcesUnion#13640], EntityKey[j.index.module.apply.resourcesUnion.entity.ResourcesUnion#13639], EntityKey[j.index.module.apply.resourcesUnion.entity.ResourcesUnion#13638], EntityKey[j.index.module.apply.resourcesUnion.entity.ResourcesUnion#13637], EntityKey[j.index.module.apply.resourcesUnion.entity.ResourcesUnion#13636], EntityKey[j.index.module.apply.resourcesUnion.entity.ResourcesUnion#13635], EntityKey[j.index.module.apply.resourcesUnion.entity.ResourcesUnion#13617], EntityKey[j.index.module.apply.resourcesUnion.entity.ResourcesUnion#13618], EntityKey[j.index.module.apply.resourcesUnion.entity.ResourcesUnion#13615], EntityKey[j.index.module.apply.resourcesUnion.entity.ResourcesUnion#13616], EntityKey[j.index.module.apply.resourcesUnion.entity.ResourcesUnion#13613], EntityKey[j.index.module.apply.resourcesUnion.entity.ResourcesUnion#13614], EntityKey[j.index.module.apply.resourcesUnion.entity.ResourcesUnion#13611], EntityKey[j.index.module.apply.resourcesUnion.entity.ResourcesUnion#13612], EntityKey[j.index.module.apply.resourcesUnion.entity.ResourcesUnion#13625], EntityKey[j.index.module.apply.resourcesUnion.entity.ResourcesUnion#13626], EntityKey[j.index.module.apply.resourcesUnion.entity.ResourcesUnion#13623], EntityKey[j.index.module.apply.resourcesUnion.entity.ResourcesUnion#13624], EntityKey[j.index.module.apply.resourcesUnion.entity.ResourcesUnion#13621], EntityKey[j.index.module.apply.resourcesUnion.entity.ResourcesUnion#13622], EntityKey[j.index.module.apply.resourcesUnion.entity.ResourcesUnion#13619], EntityKey[j.index.module.apply.resourcesUnion.entity.ResourcesUnion#13620], EntityKey[j.index.module.apply.resourcesUnion.entity.ResourcesUnion#13660], EntityKey[j.index.module.apply.resourcesUnion.entity.ResourcesUnion#13659], EntityKey[j.index.module.apply.resourcesUnion.entity.ResourcesUnion#13662], EntityKey[j.index.module.apply.resourcesUnion.entity.ResourcesUnion#13661], EntityKey[j.index.module.apply.resourcesUnion.entity.ResourcesUnion#13664], EntityKey[j.index.module.apply.resourcesUnion.entity.ResourcesUnion#13663], EntityKey[j.index.module.apply.resourcesUnion.entity.ResourcesUnion#13666], EntityKey[j.index.module.apply.resourcesUnion.entity.ResourcesUnion#13665], EntityKey[j.index.module.apply.resourcesUnion.entity.ResourcesUnion#13668], EntityKey[j.index.module.apply.resourcesUnion.entity.ResourcesUnion#13667], EntityKey[j.index.module.apply.resourcesUnion.entity.ResourcesUnion#13670], EntityKey[j.index.module.apply.resourcesUnion.entity.ResourcesUnion#13669], EntityKey[j.index.module.apply.resourcesUnion.entity.ResourcesUnion#13672], EntityKey[j.index.module.apply.resourcesUnion.entity.ResourcesUnion#13671], EntityKey[j.index.module.apply.resourcesUnion.entity.ResourcesUnion#13674], EntityKey[j.index.module.apply.resourcesUnion.entity.ResourcesUnion#13673], EntityKey[j.index.module.apply.resourcesUnion.entity.ResourcesUnion#13643], EntityKey[j.index.module.apply.resourcesUnion.entity.ResourcesUnion#13644], EntityKey[j.index.module.apply.resourcesUnion.entity.ResourcesUnion#13645], EntityKey[j.index.module.apply.resourcesUnion.entity.ResourcesUnion#13646], EntityKey[j.index.module.apply.resourcesUnion.entity.ResourcesUnion#13647], EntityKey[j.index.module.apply.resourcesUnion.entity.ResourcesUnion#13648], EntityKey[j.index.module.apply.resourcesUnion.entity.ResourcesUnion#13649], EntityKey[j.index.module.apply.resourcesUnion.entity.ResourcesUnion#13650], EntityKey[j.index.module.apply.resourcesUnion.entity.ResourcesUnion#13651], EntityKey[j.index.module.apply.resourcesUnion.entity.ResourcesUnion#13652], EntityKey[j.index.module.apply.resourcesUnion.entity.ResourcesUnion#13653], EntityKey[j.index.module.apply.resourcesUnion.entity.ResourcesUnion#13654], EntityKey[j.index.module.apply.resourcesUnion.entity.ResourcesUnion#13655], EntityKey[j.index.module.apply.resourcesUnion.entity.ResourcesUnion#13656], EntityKey[j.index.module.apply.resourcesUnion.entity.ResourcesUnion#13657], EntityKey[j.index.module.apply.resourcesUnion.entity.ResourcesUnion#13658], EntityKey[j.index.module.apply.resourcesUnion.entity.ResourcesUnion#13694], EntityKey[j.index.module.apply.resourcesUnion.entity.ResourcesUnion#13693], EntityKey[j.index.module.apply.resourcesUnion.entity.ResourcesUnion#13692], EntityKey[j.index.module.apply.resourcesUnion.entity.ResourcesUnion#13691], EntityKey[j.index.module.apply.resourcesUnion.entity.ResourcesUnion#13698], EntityKey[j.index.module.apply.resourcesUnion.entity.ResourcesUnion#13697], EntityKey[j.index.module.apply.resourcesUnion.entity.ResourcesUnion#13696], EntityKey[j.index.module.apply.resourcesUnion.entity.ResourcesUnion#13695], EntityKey[j.index.module.apply.resourcesUnion.entity.ResourcesUnion#13702], EntityKey[j.index.module.apply.resourcesUnion.entity.ResourcesUnion#13701], EntityKey[j.index.module.apply.resourcesUnion.entity.ResourcesUnion#13700], EntityKey[j.index.module.apply.resourcesUnion.entity.ResourcesUnion#13699], EntityKey[j.index.module.apply.resourcesUnion.entity.ResourcesUnion#13706], EntityKey[j.index.module.apply.resourcesUnion.entity.ResourcesUnion#13705], EntityKey[j.index.module.apply.resourcesUnion.entity.ResourcesUnion#13704], EntityKey[j.index.module.apply.resourcesUnion.entity.ResourcesUnion#13703], EntityKey[j.index.module.apply.resourcesUnion.entity.ResourcesUnion#13677], EntityKey[j.index.module.apply.resourcesUnion.entity.ResourcesUnion#13678], EntityKey[j.index.module.apply.resourcesUnion.entity.ResourcesUnion#13675], EntityKey[j.index.module.apply.resourcesUnion.entity.ResourcesUnion#13676], EntityKey[j.index.module.apply.resourcesUnion.entity.ResourcesUnion#13681], EntityKey[j.index.module.apply.resourcesUnion.entity.ResourcesUnion#13682], EntityKey[j.index.module.apply.resourcesUnion.entity.ResourcesUnion#13679], EntityKey[j.index.module.apply.resourcesUnion.entity.ResourcesUnion#13680], EntityKey[j.index.module.apply.resourcesUnion.entity.ResourcesUnion#13685], EntityKey[j.index.module.apply.resourcesUnion.entity.ResourcesUnion#13686], EntityKey[j.index.module.apply.resourcesUnion.entity.ResourcesUnion#13683], EntityKey[j.index.module.apply.resourcesUnion.entity.ResourcesUnion#13684], EntityKey[j.index.module.apply.resourcesUnion.entity.ResourcesUnion#13689], EntityKey[j.index.module.apply.resourcesUnion.entity.ResourcesUnion#13690], EntityKey[j.index.module.apply.resourcesUnion.entity.ResourcesUnion#13687], EntityKey[j.index.module.apply.resourcesUnion.entity.ResourcesUnion#13688], EntityKey[j.index.module.apply.resourcesUnion.entity.ResourcesUnion#13210], EntityKey[j.index.module.apply.resourcesUnion.entity.ResourcesUnion#13209], EntityKey[j.index.module.apply.resourcesUnion.entity.ResourcesUnion#13208], EntityKey[j.index.module.apply.resourcesUnion.entity.ResourcesUnion#13207], EntityKey[j.index.module.apply.resourcesUnion.entity.ResourcesUnion#13206], EntityKey[j.index.module.apply.resourcesUnion.entity.ResourcesUnion#13205], EntityKey[j.index.module.apply.resourcesUnion.entity.ResourcesUnion#13204], EntityKey[j.index.module.apply.resourcesUnion.entity.ResourcesUnion#13203], EntityKey[j.index.module.apply.resourcesUnion.entity.ResourcesUnion#13202], EntityKey[j.index.module.apply.resourcesUnion.entity.ResourcesUnion#13201], EntityKey[j.index.module.apply.resourcesUnion.entity.ResourcesUnion#13200], EntityKey[j.index.module.apply.resourcesUnion.entity.ResourcesUnion#13199], EntityKey[j.index.module.apply.resourcesUnion.entity.ResourcesUnion#13198], EntityKey[j.index.module.apply.resourcesUnion.entity.ResourcesUnion#13197], EntityKey[j.index.module.apply.resourcesUnion.entity.ResourcesUnion#13196], EntityKey[j.index.module.apply.resourcesUnion.entity.ResourcesUnion#13195], EntityKey[j.index.module.apply.resourcesUnion.entity.ResourcesUnion#13225], EntityKey[j.index.module.apply.resourcesUnion.entity.ResourcesUnion#13226], EntityKey[j.index.module.apply.resourcesUnion.entity.ResourcesUnion#13223], EntityKey[j.index.module.apply.resourcesUnion.entity.ResourcesUnion#13224], EntityKey[j.index.module.apply.resourcesUnion.entity.ResourcesUnion#13221], EntityKey[j.index.module.apply.resourcesUnion.entity.ResourcesUnion#13222], EntityKey[j.index.module.apply.resourcesUnion.entity.ResourcesUnion#13219], EntityKey[j.index.module.apply.resourcesUnion.entity.ResourcesUnion#13220], EntityKey[j.index.module.apply.resourcesUnion.entity.ResourcesUnion#13217], EntityKey[j.index.module.apply.resourcesUnion.entity.ResourcesUnion#13218], EntityKey[j.index.module.apply.resourcesUnion.entity.ResourcesUnion#13215], EntityKey[j.index.module.apply.resourcesUnion.entity.ResourcesUnion#13216], EntityKey[j.index.module.apply.resourcesUnion.entity.ResourcesUnion#13213], EntityKey[j.index.module.apply.resourcesUnion.entity.ResourcesUnion#13214], EntityKey[j.index.module.apply.resourcesUnion.entity.ResourcesUnion#13211], EntityKey[j.index.module.apply.resourcesUnion.entity.ResourcesUnion#13212], EntityKey[j.index.module.apply.resourcesUnion.entity.ResourcesUnion#13240], EntityKey[j.index.module.apply.resourcesUnion.entity.ResourcesUnion#13239], EntityKey[j.index.module.apply.resourcesUnion.entity.ResourcesUnion#13242], EntityKey[j.index.module.apply.resourcesUnion.entity.ResourcesUnion#13241], EntityKey[j.index.module.apply.resourcesUnion.entity.ResourcesUnion#13236], EntityKey[j.index.module.apply.resourcesUnion.entity.ResourcesUnion#13235], EntityKey[j.index.module.apply.resourcesUnion.entity.ResourcesUnion#13238], EntityKey[j.index.module.apply.resourcesUnion.entity.ResourcesUnion#13237], EntityKey[j.index.module.apply.resourcesUnion.entity.ResourcesUnion#13232], EntityKey[j.index.module.apply.resourcesUnion.entity.ResourcesUnion#13231], EntityKey[j.index.module.apply.resourcesUnion.entity.ResourcesUnion#13234], EntityKey[j.index.module.apply.resourcesUnion.entity.ResourcesUnion#13233], EntityKey[j.index.module.apply.resourcesUnion.entity.ResourcesUnion#13228], EntityKey[j.index.module.apply.resourcesUnion.entity.ResourcesUnion#13227], EntityKey[j.index.module.apply.resourcesUnion.entity.ResourcesUnion#13230], EntityKey[j.index.module.apply.resourcesUnion.entity.ResourcesUnion#13229], EntityKey[j.index.module.apply.resourcesUnion.entity.ResourcesUnion#13255], EntityKey[j.index.module.apply.resourcesUnion.entity.ResourcesUnion#13256], EntityKey[j.index.module.apply.resourcesUnion.entity.ResourcesUnion#13257], EntityKey[j.index.module.apply.resourcesUnion.entity.ResourcesUnion#13258], EntityKey[j.index.module.apply.resourcesUnion.entity.ResourcesUnion#13251], EntityKey[j.index.module.apply.resourcesUnion.entity.ResourcesUnion#13252], EntityKey[j.index.module.apply.resourcesUnion.entity.ResourcesUnion#13253], EntityKey[j.index.module.apply.resourcesUnion.entity.ResourcesUnion#13254], EntityKey[j.index.module.apply.resourcesUnion.entity.ResourcesUnion#13247], EntityKey[j.index.module.apply.resourcesUnion.entity.ResourcesUnion#13248], EntityKey[j.index.module.apply.resourcesUnion.entity.ResourcesUnion#13249], EntityKey[j.index.module.apply.resourcesUnion.entity.ResourcesUnion#13250], EntityKey[j.index.module.apply.resourcesUnion.entity.ResourcesUnion#13243], EntityKey[j.index.module.apply.resourcesUnion.entity.ResourcesUnion#13244], EntityKey[j.index.module.apply.resourcesUnion.entity.ResourcesUnion#13245], EntityKey[j.index.module.apply.resourcesUnion.entity.ResourcesUnion#13246], EntityKey[j.index.module.apply.resourcesUnion.entity.ResourcesUnion#13270], EntityKey[j.index.module.apply.resourcesUnion.entity.ResourcesUnion#13269], EntityKey[j.index.module.apply.resourcesUnion.entity.ResourcesUnion#13268], EntityKey[j.index.module.apply.resourcesUnion.entity.ResourcesUnion#13267], EntityKey[j.index.module.apply.resourcesUnion.entity.ResourcesUnion#13274], EntityKey[j.index.module.apply.resourcesUnion.entity.ResourcesUnion#13273], EntityKey[j.index.module.apply.resourcesUnion.entity.ResourcesUnion#13272], EntityKey[j.index.module.apply.resourcesUnion.entity.ResourcesUnion#13271], EntityKey[j.index.module.apply.resourcesUnion.entity.ResourcesUnion#13262], EntityKey[j.index.module.apply.resourcesUnion.entity.ResourcesUnion#13261], EntityKey[j.index.module.apply.resourcesUnion.entity.ResourcesUnion#13260], EntityKey[j.index.module.apply.resourcesUnion.entity.ResourcesUnion#13259], EntityKey[j.index.module.apply.resourcesUnion.entity.ResourcesUnion#13266], EntityKey[j.index.module.apply.resourcesUnion.entity.ResourcesUnion#13265], EntityKey[j.index.module.apply.resourcesUnion.entity.ResourcesUnion#13264], EntityKey[j.index.module.apply.resourcesUnion.entity.ResourcesUnion#13263], EntityKey[j.index.module.apply.resourcesUnion.entity.ResourcesUnion#13285], EntityKey[j.index.module.apply.resourcesUnion.entity.ResourcesUnion#13286], EntityKey[j.index.module.apply.resourcesUnion.entity.ResourcesUnion#13283], EntityKey[j.index.module.apply.resourcesUnion.entity.ResourcesUnion#13284], EntityKey[j.index.module.apply.resourcesUnion.entity.ResourcesUnion#13289], EntityKey[j.index.module.apply.resourcesUnion.entity.ResourcesUnion#13290], EntityKey[j.index.module.apply.resourcesUnion.entity.ResourcesUnion#13287], EntityKey[j.index.module.apply.resourcesUnion.entity.ResourcesUnion#13288], EntityKey[j.index.module.apply.resourcesUnion.entity.ResourcesUnion#13277], EntityKey[j.index.module.apply.resourcesUnion.entity.ResourcesUnion#13278], EntityKey[j.index.module.apply.resourcesUnion.entity.ResourcesUnion#13275], EntityKey[j.index.module.apply.resourcesUnion.entity.ResourcesUnion#13276], EntityKey[j.index.module.apply.resourcesUnion.entity.ResourcesUnion#13281], EntityKey[j.index.module.apply.resourcesUnion.entity.ResourcesUnion#13282], EntityKey[j.index.module.apply.resourcesUnion.entity.ResourcesUnion#13279], EntityKey[j.index.module.apply.resourcesUnion.entity.ResourcesUnion#13280], EntityKey[j.index.module.apply.resourcesUnion.entity.ResourcesUnion#13300], EntityKey[j.index.module.apply.resourcesUnion.entity.ResourcesUnion#13299], EntityKey[j.index.module.apply.resourcesUnion.entity.ResourcesUnion#13302], EntityKey[j.index.module.apply.resourcesUnion.entity.ResourcesUnion#13301], EntityKey[j.index.module.apply.resourcesUnion.entity.ResourcesUnion#13304], EntityKey[j.index.module.apply.resourcesUnion.entity.ResourcesUnion#13303], EntityKey[j.index.module.apply.resourcesUnion.entity.ResourcesUnion#13306], EntityKey[j.index.module.apply.resourcesUnion.entity.ResourcesUnion#13305], EntityKey[j.index.module.apply.resourcesUnion.entity.ResourcesUnion#13292], EntityKey[j.index.module.apply.resourcesUnion.entity.ResourcesUnion#13291], EntityKey[j.index.module.apply.resourcesUnion.entity.ResourcesUnion#13294], EntityKey[j.index.module.apply.resourcesUnion.entity.ResourcesUnion#13293], EntityKey[j.index.module.apply.resourcesUnion.entity.ResourcesUnion#13296], EntityKey[j.index.module.apply.resourcesUnion.entity.ResourcesUnion#13295], EntityKey[j.index.module.apply.resourcesUnion.entity.ResourcesUnion#13298], EntityKey[j.index.module.apply.resourcesUnion.entity.ResourcesUnion#13297], EntityKey[j.index.module.apply.resourcesUnion.entity.ResourcesUnion#13315], EntityKey[j.index.module.apply.resourcesUnion.entity.ResourcesUnion#13316], EntityKey[j.index.module.apply.resourcesUnion.entity.ResourcesUnion#13317], EntityKey[j.index.module.apply.resourcesUnion.entity.ResourcesUnion#13318], EntityKey[j.index.module.apply.resourcesUnion.entity.ResourcesUnion#13319], EntityKey[j.index.module.apply.resourcesUnion.entity.ResourcesUnion#13320], EntityKey[j.index.module.apply.resourcesUnion.entity.ResourcesUnion#13321], EntityKey[j.index.module.apply.resourcesUnion.entity.ResourcesUnion#13322], EntityKey[j.index.module.apply.resourcesUnion.entity.ResourcesUnion#13307], EntityKey[j.index.module.apply.resourcesUnion.entity.ResourcesUnion#13308], EntityKey[j.index.module.apply.resourcesUnion.entity.ResourcesUnion#13309], EntityKey[j.index.module.apply.resourcesUnion.entity.ResourcesUnion#13310], EntityKey[j.index.module.apply.resourcesUnion.entity.ResourcesUnion#13311], EntityKey[j.index.module.apply.resourcesUnion.entity.ResourcesUnion#13312], EntityKey[j.index.module.apply.resourcesUnion.entity.ResourcesUnion#13313], EntityKey[j.index.module.apply.resourcesUnion.entity.ResourcesUnion#13314], EntityKey[j.index.module.apply.resourcesUnion.entity.ResourcesUnion#13329], EntityKey[j.index.module.apply.resourcesUnion.entity.ResourcesUnion#13330], EntityKey[j.index.module.apply.resourcesUnion.entity.ResourcesUnion#13327], EntityKey[j.index.module.apply.resourcesUnion.entity.ResourcesUnion#13328], EntityKey[j.index.module.apply.resourcesUnion.entity.ResourcesUnion#13325], EntityKey[j.index.module.apply.resourcesUnion.entity.ResourcesUnion#13326], EntityKey[j.index.module.apply.resourcesUnion.entity.ResourcesUnion#13323], EntityKey[j.index.module.apply.resourcesUnion.entity.ResourcesUnion#13324], EntityKey[j.index.module.apply.resourcesUnion.entity.ResourcesUnion#13337], EntityKey[j.index.module.apply.resourcesUnion.entity.ResourcesUnion#13338], EntityKey[j.index.module.apply.resourcesUnion.entity.ResourcesUnion#13335], EntityKey[j.index.module.apply.resourcesUnion.entity.ResourcesUnion#13336], EntityKey[j.index.module.apply.resourcesUnion.entity.ResourcesUnion#13333], EntityKey[j.index.module.apply.resourcesUnion.entity.ResourcesUnion#13334], EntityKey[j.index.module.apply.resourcesUnion.entity.ResourcesUnion#13331], EntityKey[j.index.module.apply.resourcesUnion.entity.ResourcesUnion#13332], EntityKey[j.index.module.apply.resourcesUnion.entity.ResourcesUnion#13346], EntityKey[j.index.module.apply.resourcesUnion.entity.ResourcesUnion#13345], EntityKey[j.index.module.apply.resourcesUnion.entity.ResourcesUnion#13344], EntityKey[j.index.module.apply.resourcesUnion.entity.ResourcesUnion#13343], EntityKey[j.index.module.apply.resourcesUnion.entity.ResourcesUnion#13342], EntityKey[j.index.module.apply.resourcesUnion.entity.ResourcesUnion#13341], EntityKey[j.index.module.apply.resourcesUnion.entity.ResourcesUnion#13340], EntityKey[j.index.module.apply.resourcesUnion.entity.ResourcesUnion#13339], EntityKey[j.index.module.apply.resourcesUnion.entity.ResourcesUnion#13354], EntityKey[j.index.module.apply.resourcesUnion.entity.ResourcesUnion#13353], EntityKey[j.index.module.apply.resourcesUnion.entity.ResourcesUnion#13352], EntityKey[j.index.module.apply.resourcesUnion.entity.ResourcesUnion#13351], EntityKey[j.index.module.apply.resourcesUnion.entity.ResourcesUnion#13350], EntityKey[j.index.module.apply.resourcesUnion.entity.ResourcesUnion#13349], EntityKey[j.index.module.apply.resourcesUnion.entity.ResourcesUnion#13348], EntityKey[j.index.module.apply.resourcesUnion.entity.ResourcesUnion#13347], EntityKey[j.index.module.apply.resourcesUnion.entity.ResourcesUnion#13359], EntityKey[j.index.module.apply.resourcesUnion.entity.ResourcesUnion#13360], EntityKey[j.index.module.apply.resourcesUnion.entity.ResourcesUnion#13361], EntityKey[j.index.module.apply.resourcesUnion.entity.ResourcesUnion#13362], EntityKey[j.index.module.apply.resourcesUnion.entity.ResourcesUnion#13355], EntityKey[j.index.module.apply.resourcesUnion.entity.ResourcesUnion#13356], EntityKey[j.index.module.apply.resourcesUnion.entity.ResourcesUnion#13357], EntityKey[j.index.module.apply.resourcesUnion.entity.ResourcesUnion#13358], EntityKey[j.index.module.apply.resourcesUnion.entity.ResourcesUnion#13367], EntityKey[j.index.module.apply.resourcesUnion.entity.ResourcesUnion#13368], EntityKey[j.index.module.apply.resourcesUnion.entity.ResourcesUnion#13369], EntityKey[j.index.module.apply.resourcesUnion.entity.ResourcesUnion#13370], EntityKey[j.index.module.apply.resourcesUnion.entity.ResourcesUnion#13363], EntityKey[j.index.module.apply.resourcesUnion.entity.ResourcesUnion#13364], EntityKey[j.index.module.apply.resourcesUnion.entity.ResourcesUnion#13365], EntityKey[j.index.module.apply.resourcesUnion.entity.ResourcesUnion#13366], EntityKey[j.index.module.apply.resourcesUnion.entity.ResourcesUnion#13376], EntityKey[j.index.module.apply.resourcesUnion.entity.ResourcesUnion#13375], EntityKey[j.index.module.apply.resourcesUnion.entity.ResourcesUnion#13378], EntityKey[j.index.module.apply.resourcesUnion.entity.ResourcesUnion#13377], EntityKey[j.index.module.apply.resourcesUnion.entity.ResourcesUnion#13372], EntityKey[j.index.module.apply.resourcesUnion.entity.ResourcesUnion#13371], EntityKey[j.index.module.apply.resourcesUnion.entity.ResourcesUnion#13374], EntityKey[j.index.module.apply.resourcesUnion.entity.ResourcesUnion#13373], EntityKey[j.index.module.apply.resourcesUnion.entity.ResourcesUnion#13384], EntityKey[j.index.module.apply.resourcesUnion.entity.ResourcesUnion#13383], EntityKey[j.index.module.apply.resourcesUnion.entity.ResourcesUnion#13386], EntityKey[j.index.module.apply.resourcesUnion.entity.ResourcesUnion#13385], EntityKey[j.index.module.apply.resourcesUnion.entity.ResourcesUnion#13380], EntityKey[j.index.module.apply.resourcesUnion.entity.ResourcesUnion#13379], EntityKey[j.index.module.apply.resourcesUnion.entity.ResourcesUnion#13382], EntityKey[j.index.module.apply.resourcesUnion.entity.ResourcesUnion#13381], EntityKey[j.index.module.apply.resourcesUnion.entity.ResourcesUnion#13389], EntityKey[j.index.module.apply.resourcesUnion.entity.ResourcesUnion#13390], EntityKey[j.index.module.apply.resourcesUnion.entity.ResourcesUnion#13387], EntityKey[j.index.module.apply.resourcesUnion.entity.ResourcesUnion#13388], EntityKey[j.index.module.apply.resourcesUnion.entity.ResourcesUnion#13393], EntityKey[j.index.module.apply.resourcesUnion.entity.ResourcesUnion#13394], EntityKey[j.index.module.apply.resourcesUnion.entity.ResourcesUnion#13391], EntityKey[j.index.module.apply.resourcesUnion.entity.ResourcesUnion#13392], EntityKey[j.index.module.apply.resourcesUnion.entity.ResourcesUnion#13397], EntityKey[j.index.module.apply.resourcesUnion.entity.ResourcesUnion#13398], EntityKey[j.index.module.apply.resourcesUnion.entity.ResourcesUnion#13395], EntityKey[j.index.module.apply.resourcesUnion.entity.ResourcesUnion#13396], EntityKey[j.index.module.apply.resourcesUnion.entity.ResourcesUnion#13401], EntityKey[j.index.module.apply.resourcesUnion.entity.ResourcesUnion#13402], EntityKey[j.index.module.apply.resourcesUnion.entity.ResourcesUnion#13399], EntityKey[j.index.module.apply.resourcesUnion.entity.ResourcesUnion#13400], EntityKey[j.index.module.apply.resourcesUnion.entity.ResourcesUnion#13406], EntityKey[j.index.module.apply.resourcesUnion.entity.ResourcesUnion#13405], EntityKey[j.index.module.apply.resourcesUnion.entity.ResourcesUnion#13404], EntityKey[j.index.module.apply.resourcesUnion.entity.ResourcesUnion#13403], EntityKey[j.index.module.apply.resourcesUnion.entity.ResourcesUnion#13410], EntityKey[j.index.module.apply.resourcesUnion.entity.ResourcesUnion#13409], EntityKey[j.index.module.apply.resourcesUnion.entity.ResourcesUnion#13408], EntityKey[j.index.module.apply.resourcesUnion.entity.ResourcesUnion#13407], EntityKey[j.index.module.apply.resourcesUnion.entity.ResourcesUnion#13414], EntityKey[j.index.module.apply.resourcesUnion.entity.ResourcesUnion#13413], EntityKey[j.index.module.apply.resourcesUnion.entity.ResourcesUnion#13412], EntityKey[j.index.module.apply.resourcesUnion.entity.ResourcesUnion#13411], EntityKey[j.index.module.apply.resourcesUnion.entity.ResourcesUnion#13418], EntityKey[j.index.module.apply.resourcesUnion.entity.ResourcesUnion#13417], EntityKey[j.index.module.apply.resourcesUnion.entity.ResourcesUnion#13416], EntityKey[j.index.module.apply.resourcesUnion.entity.ResourcesUnion#13415], EntityKey[j.index.module.apply.resourcesUnion.entity.ResourcesUnion#13419], EntityKey[j.index.module.apply.resourcesUnion.entity.ResourcesUnion#13420], EntityKey[j.index.module.apply.resourcesUnion.entity.ResourcesUnion#13421], EntityKey[j.index.module.apply.resourcesUnion.entity.ResourcesUnion#13422], EntityKey[j.index.module.apply.resourcesUnion.entity.ResourcesUnion#13423], EntityKey[j.index.module.apply.resourcesUnion.entity.ResourcesUnion#13424], EntityKey[j.index.module.apply.resourcesUnion.entity.ResourcesUnion#13425], EntityKey[j.index.module.apply.resourcesUnion.entity.ResourcesUnion#13426], EntityKey[j.index.module.apply.resourcesUnion.entity.ResourcesUnion#13427], EntityKey[j.index.module.apply.resourcesUnion.entity.ResourcesUnion#13428], EntityKey[j.index.module.apply.resourcesUnion.entity.ResourcesUnion#13429], EntityKey[j.index.module.apply.resourcesUnion.entity.ResourcesUnion#13430], EntityKey[j.index.module.apply.resourcesUnion.entity.ResourcesUnion#13431], EntityKey[j.index.module.apply.resourcesUnion.entity.ResourcesUnion#13432], EntityKey[j.index.module.apply.resourcesUnion.entity.ResourcesUnion#13433], EntityKey[j.index.module.apply.resourcesUnion.entity.ResourcesUnion#13434], EntityKey[j.index.module.apply.resourcesUnion.entity.ResourcesUnion#13436], EntityKey[j.index.module.apply.resourcesUnion.entity.ResourcesUnion#13435], EntityKey[j.index.module.apply.resourcesUnion.entity.ResourcesUnion#13438], EntityKey[j.index.module.apply.resourcesUnion.entity.ResourcesUnion#13437], EntityKey[j.index.module.apply.resourcesUnion.entity.ResourcesUnion#13440], EntityKey[j.index.module.apply.resourcesUnion.entity.ResourcesUnion#13439], EntityKey[j.index.module.apply.resourcesUnion.entity.ResourcesUnion#13442], EntityKey[j.index.module.apply.resourcesUnion.entity.ResourcesUnion#13441], EntityKey[j.index.module.apply.resourcesUnion.entity.ResourcesUnion#13444], EntityKey[j.index.module.apply.resourcesUnion.entity.ResourcesUnion#13443], EntityKey[j.index.module.apply.resourcesUnion.entity.ResourcesUnion#13446], EntityKey[j.index.module.apply.resourcesUnion.entity.ResourcesUnion#13445], EntityKey[j.index.module.apply.resourcesUnion.entity.ResourcesUnion#13448], EntityKey[j.index.module.apply.resourcesUnion.entity.ResourcesUnion#13447], EntityKey[j.index.module.apply.resourcesUnion.entity.ResourcesUnion#13450], EntityKey[j.index.module.apply.resourcesUnion.entity.ResourcesUnion#13449], EntityKey[j.index.module.apply.resourcesUnion.entity.ResourcesUnion#12997], EntityKey[j.index.module.apply.resourcesUnion.entity.ResourcesUnion#12998], EntityKey[j.index.module.apply.resourcesUnion.entity.ResourcesUnion#12995], EntityKey[j.index.module.apply.resourcesUnion.entity.ResourcesUnion#12996], EntityKey[j.index.module.apply.resourcesUnion.entity.ResourcesUnion#13001], EntityKey[j.index.module.apply.resourcesUnion.entity.ResourcesUnion#13002], EntityKey[j.index.module.apply.resourcesUnion.entity.ResourcesUnion#12999], EntityKey[j.index.module.apply.resourcesUnion.entity.ResourcesUnion#13000], EntityKey[j.index.module.apply.resourcesUnion.entity.ResourcesUnion#12989], EntityKey[j.index.module.apply.resourcesUnion.entity.ResourcesUnion#12990], EntityKey[j.index.module.apply.resourcesUnion.entity.ResourcesUnion#12987], EntityKey[j.index.module.apply.resourcesUnion.entity.ResourcesUnion#12988], EntityKey[j.index.module.apply.resourcesUnion.entity.ResourcesUnion#12993], EntityKey[j.index.module.apply.resourcesUnion.entity.ResourcesUnion#12994], EntityKey[j.index.module.apply.resourcesUnion.entity.ResourcesUnion#12991], EntityKey[j.index.module.apply.resourcesUnion.entity.ResourcesUnion#12992], EntityKey[j.index.module.apply.resourcesUnion.entity.ResourcesUnion#12982], EntityKey[j.index.module.apply.resourcesUnion.entity.ResourcesUnion#12981], EntityKey[j.index.module.apply.resourcesUnion.entity.ResourcesUnion#12980], EntityKey[j.index.module.apply.resourcesUnion.entity.ResourcesUnion#12979], EntityKey[j.index.module.apply.resourcesUnion.entity.ResourcesUnion#12986], EntityKey[j.index.module.apply.resourcesUnion.entity.ResourcesUnion#12985], EntityKey[j.index.module.apply.resourcesUnion.entity.ResourcesUnion#12984], EntityKey[j.index.module.apply.resourcesUnion.entity.ResourcesUnion#12983], EntityKey[j.index.module.apply.resourcesUnion.entity.ResourcesUnion#12974], EntityKey[j.index.module.apply.resourcesUnion.entity.ResourcesUnion#12973], EntityKey[j.index.module.apply.resourcesUnion.entity.ResourcesUnion#12972], EntityKey[j.index.module.apply.resourcesUnion.entity.ResourcesUnion#12971], EntityKey[j.index.module.apply.resourcesUnion.entity.ResourcesUnion#12978], EntityKey[j.index.module.apply.resourcesUnion.entity.ResourcesUnion#12977], EntityKey[j.index.module.apply.resourcesUnion.entity.ResourcesUnion#12976], EntityKey[j.index.module.apply.resourcesUnion.entity.ResourcesUnion#12975], EntityKey[j.index.module.apply.resourcesUnion.entity.ResourcesUnion#12963], EntityKey[j.index.module.apply.resourcesUnion.entity.ResourcesUnion#12964], EntityKey[j.index.module.apply.resourcesUnion.entity.ResourcesUnion#12965], EntityKey[j.index.module.apply.resourcesUnion.entity.ResourcesUnion#12966], EntityKey[j.index.module.apply.resourcesUnion.entity.ResourcesUnion#12967], EntityKey[j.index.module.apply.resourcesUnion.entity.ResourcesUnion#12968], EntityKey[j.index.module.apply.resourcesUnion.entity.ResourcesUnion#12969], EntityKey[j.index.module.apply.resourcesUnion.entity.ResourcesUnion#12970], EntityKey[j.index.module.apply.resourcesUnion.entity.ResourcesUnion#12955], EntityKey[j.index.module.apply.resourcesUnion.entity.ResourcesUnion#12956], EntityKey[j.index.module.apply.resourcesUnion.entity.ResourcesUnion#12957], EntityKey[j.index.module.apply.resourcesUnion.entity.ResourcesUnion#12958], EntityKey[j.index.module.apply.resourcesUnion.entity.ResourcesUnion#12959], EntityKey[j.index.module.apply.resourcesUnion.entity.ResourcesUnion#12960], EntityKey[j.index.module.apply.resourcesUnion.entity.ResourcesUnion#12961], EntityKey[j.index.module.apply.resourcesUnion.entity.ResourcesUnion#12962], EntityKey[j.index.module.apply.resourcesUnion.entity.ResourcesUnion#12948], EntityKey[j.index.module.apply.resourcesUnion.entity.ResourcesUnion#12947], EntityKey[j.index.module.apply.resourcesUnion.entity.ResourcesUnion#12950], EntityKey[j.index.module.apply.resourcesUnion.entity.ResourcesUnion#12949], EntityKey[j.index.module.apply.resourcesUnion.entity.ResourcesUnion#12952], EntityKey[j.index.module.apply.resourcesUnion.entity.ResourcesUnion#12951], EntityKey[j.index.module.apply.resourcesUnion.entity.ResourcesUnion#12954], EntityKey[j.index.module.apply.resourcesUnion.entity.ResourcesUnion#12953], EntityKey[j.index.module.apply.resourcesUnion.entity.ResourcesUnion#12940], EntityKey[j.index.module.apply.resourcesUnion.entity.ResourcesUnion#12939], EntityKey[j.index.module.apply.resourcesUnion.entity.ResourcesUnion#12942], EntityKey[j.index.module.apply.resourcesUnion.entity.ResourcesUnion#12941], EntityKey[j.index.module.apply.resourcesUnion.entity.ResourcesUnion#12944], EntityKey[j.index.module.apply.resourcesUnion.entity.ResourcesUnion#12943], EntityKey[j.index.module.apply.resourcesUnion.entity.ResourcesUnion#12946], EntityKey[j.index.module.apply.resourcesUnion.entity.ResourcesUnion#12945], EntityKey[j.index.module.apply.resourcesUnion.entity.ResourcesUnion#13065], EntityKey[j.index.module.apply.resourcesUnion.entity.ResourcesUnion#13066], EntityKey[j.index.module.apply.resourcesUnion.entity.ResourcesUnion#13063], EntityKey[j.index.module.apply.resourcesUnion.entity.ResourcesUnion#13064], EntityKey[j.index.module.apply.resourcesUnion.entity.ResourcesUnion#13061], EntityKey[j.index.module.apply.resourcesUnion.entity.ResourcesUnion#13062], EntityKey[j.index.module.apply.resourcesUnion.entity.ResourcesUnion#13059], EntityKey[j.index.module.apply.resourcesUnion.entity.ResourcesUnion#13060], EntityKey[j.index.module.apply.resourcesUnion.entity.ResourcesUnion#13057], EntityKey[j.index.module.apply.resourcesUnion.entity.ResourcesUnion#13058], EntityKey[j.index.module.apply.resourcesUnion.entity.ResourcesUnion#13055], EntityKey[j.index.module.apply.resourcesUnion.entity.ResourcesUnion#13056], EntityKey[j.index.module.apply.resourcesUnion.entity.ResourcesUnion#13053], EntityKey[j.index.module.apply.resourcesUnion.entity.ResourcesUnion#13054], EntityKey[j.index.module.apply.resourcesUnion.entity.ResourcesUnion#13051], EntityKey[j.index.module.apply.resourcesUnion.entity.ResourcesUnion#13052], EntityKey[j.index.module.apply.resourcesUnion.entity.ResourcesUnion#13050], EntityKey[j.index.module.apply.resourcesUnion.entity.ResourcesUnion#13049], EntityKey[j.index.module.apply.resourcesUnion.entity.ResourcesUnion#13048], EntityKey[j.index.module.apply.resourcesUnion.entity.ResourcesUnion#13047], EntityKey[j.index.module.apply.resourcesUnion.entity.ResourcesUnion#13046], EntityKey[j.index.module.apply.resourcesUnion.entity.ResourcesUnion#13045], EntityKey[j.index.module.apply.resourcesUnion.entity.ResourcesUnion#13044], EntityKey[j.index.module.apply.resourcesUnion.entity.ResourcesUnion#13043], EntityKey[j.index.module.apply.resourcesUnion.entity.ResourcesUnion#13042], EntityKey[j.index.module.apply.resourcesUnion.entity.ResourcesUnion#13041], EntityKey[j.index.module.apply.resourcesUnion.entity.ResourcesUnion#13040], EntityKey[j.index.module.apply.resourcesUnion.entity.ResourcesUnion#13039], EntityKey[j.index.module.apply.resourcesUnion.entity.ResourcesUnion#13038], EntityKey[j.index.module.apply.resourcesUnion.entity.ResourcesUnion#13037], EntityKey[j.index.module.apply.resourcesUnion.entity.ResourcesUnion#13036], EntityKey[j.index.module.apply.resourcesUnion.entity.ResourcesUnion#13035], EntityKey[j.index.module.apply.resourcesUnion.entity.ResourcesUnion#13031], EntityKey[j.index.module.apply.resourcesUnion.entity.ResourcesUnion#13032], EntityKey[j.index.module.apply.resourcesUnion.entity.ResourcesUnion#13033], EntityKey[j.index.module.apply.resourcesUnion.entity.ResourcesUnion#13034], EntityKey[j.index.module.apply.resourcesUnion.entity.ResourcesUnion#13027], EntityKey[j.index.module.apply.resourcesUnion.entity.ResourcesUnion#13028], EntityKey[j.index.module.apply.resourcesUnion.entity.ResourcesUnion#13029], EntityKey[j.index.module.apply.resourcesUnion.entity.ResourcesUnion#13030], EntityKey[j.index.module.apply.resourcesUnion.entity.ResourcesUnion#13023], EntityKey[j.index.module.apply.resourcesUnion.entity.ResourcesUnion#13024], EntityKey[j.index.module.apply.resourcesUnion.entity.ResourcesUnion#13025], EntityKey[j.index.module.apply.resourcesUnion.entity.ResourcesUnion#13026], EntityKey[j.index.module.apply.resourcesUnion.entity.ResourcesUnion#13019], EntityKey[j.index.module.apply.resourcesUnion.entity.ResourcesUnion#13020], EntityKey[j.index.module.apply.resourcesUnion.entity.ResourcesUnion#13021], EntityKey[j.index.module.apply.resourcesUnion.entity.ResourcesUnion#13022], EntityKey[j.index.module.apply.resourcesUnion.entity.ResourcesUnion#13016], EntityKey[j.index.module.apply.resourcesUnion.entity.ResourcesUnion#13015], EntityKey[j.index.module.apply.resourcesUnion.entity.ResourcesUnion#13018], EntityKey[j.index.module.apply.resourcesUnion.entity.ResourcesUnion#13017], EntityKey[j.index.module.apply.resourcesUnion.entity.ResourcesUnion#13012], EntityKey[j.index.module.apply.resourcesUnion.entity.ResourcesUnion#13011], EntityKey[j.index.module.apply.resourcesUnion.entity.ResourcesUnion#13014], EntityKey[j.index.module.apply.resourcesUnion.entity.ResourcesUnion#13013], EntityKey[j.index.module.apply.resourcesUnion.entity.ResourcesUnion#13008], EntityKey[j.index.module.apply.resourcesUnion.entity.ResourcesUnion#13007], EntityKey[j.index.module.apply.resourcesUnion.entity.ResourcesUnion#13010], EntityKey[j.index.module.apply.resourcesUnion.entity.ResourcesUnion#13009], EntityKey[j.index.module.apply.resourcesUnion.entity.ResourcesUnion#13004], EntityKey[j.index.module.apply.resourcesUnion.entity.ResourcesUnion#13003], EntityKey[j.index.module.apply.resourcesUnion.entity.ResourcesUnion#13006], EntityKey[j.index.module.apply.resourcesUnion.entity.ResourcesUnion#13005], EntityKey[j.index.module.apply.resourcesUnion.entity.ResourcesUnion#13118], EntityKey[j.index.module.apply.resourcesUnion.entity.ResourcesUnion#13117], EntityKey[j.index.module.apply.resourcesUnion.entity.ResourcesUnion#13116], EntityKey[j.index.module.apply.resourcesUnion.entity.ResourcesUnion#13115], EntityKey[j.index.module.apply.resourcesUnion.entity.ResourcesUnion#13122], EntityKey[j.index.module.apply.resourcesUnion.entity.ResourcesUnion#13121], EntityKey[j.index.module.apply.resourcesUnion.entity.ResourcesUnion#13120], EntityKey[j.index.module.apply.resourcesUnion.entity.ResourcesUnion#13119], EntityKey[j.index.module.apply.resourcesUnion.entity.ResourcesUnion#13126], EntityKey[j.index.module.apply.resourcesUnion.entity.ResourcesUnion#13125], EntityKey[j.index.module.apply.resourcesUnion.entity.ResourcesUnion#13124], EntityKey[j.index.module.apply.resourcesUnion.entity.ResourcesUnion#13123], EntityKey[j.index.module.apply.resourcesUnion.entity.ResourcesUnion#13130], EntityKey[j.index.module.apply.resourcesUnion.entity.ResourcesUnion#13129], EntityKey[j.index.module.apply.resourcesUnion.entity.ResourcesUnion#13128], EntityKey[j.index.module.apply.resourcesUnion.entity.ResourcesUnion#13127], EntityKey[j.index.module.apply.resourcesUnion.entity.ResourcesUnion#13101], EntityKey[j.index.module.apply.resourcesUnion.entity.ResourcesUnion#13102], EntityKey[j.index.module.apply.resourcesUnion.entity.ResourcesUnion#13099], EntityKey[j.index.module.apply.resourcesUnion.entity.ResourcesUnion#13100], EntityKey[j.index.module.apply.resourcesUnion.entity.ResourcesUnion#13105], EntityKey[j.index.module.apply.resourcesUnion.entity.ResourcesUnion#13106], EntityKey[j.index.module.apply.resourcesUnion.entity.ResourcesUnion#13103], EntityKey[j.index.module.apply.resourcesUnion.entity.ResourcesUnion#13104], EntityKey[j.index.module.apply.resourcesUnion.entity.ResourcesUnion#13109], EntityKey[j.index.module.apply.resourcesUnion.entity.ResourcesUnion#13110], EntityKey[j.index.module.apply.resourcesUnion.entity.ResourcesUnion#13107], EntityKey[j.index.module.apply.resourcesUnion.entity.ResourcesUnion#13108], EntityKey[j.index.module.apply.resourcesUnion.entity.ResourcesUnion#13113], EntityKey[j.index.module.apply.resourcesUnion.entity.ResourcesUnion#13114], EntityKey[j.index.module.apply.resourcesUnion.entity.ResourcesUnion#13111], EntityKey[j.index.module.apply.resourcesUnion.entity.ResourcesUnion#13112], EntityKey[j.index.module.apply.resourcesUnion.entity.ResourcesUnion#13084], EntityKey[j.index.module.apply.resourcesUnion.entity.ResourcesUnion#13083], EntityKey[j.index.module.apply.resourcesUnion.entity.ResourcesUnion#13086], EntityKey[j.index.module.apply.resourcesUnion.entity.ResourcesUnion#13085], EntityKey[j.index.module.apply.resourcesUnion.entity.ResourcesUnion#13088], EntityKey[j.index.module.apply.resourcesUnion.entity.ResourcesUnion#13087], EntityKey[j.index.module.apply.resourcesUnion.entity.ResourcesUnion#13090], EntityKey[j.index.module.apply.resourcesUnion.entity.ResourcesUnion#13089], EntityKey[j.index.module.apply.resourcesUnion.entity.ResourcesUnion#13092], EntityKey[j.index.module.apply.resourcesUnion.entity.ResourcesUnion#13091], EntityKey[j.index.module.apply.resourcesUnion.entity.ResourcesUnion#13094], EntityKey[j.index.module.apply.resourcesUnion.entity.ResourcesUnion#13093], EntityKey[j.index.module.apply.resourcesUnion.entity.ResourcesUnion#13096], EntityKey[j.index.module.apply.resourcesUnion.entity.ResourcesUnion#13095], EntityKey[j.index.module.apply.resourcesUnion.entity.ResourcesUnion#13098], EntityKey[j.index.module.apply.resourcesUnion.entity.ResourcesUnion#13097], EntityKey[j.index.module.apply.resourcesUnion.entity.ResourcesUnion#13067], EntityKey[j.index.module.apply.resourcesUnion.entity.ResourcesUnion#13068], EntityKey[j.index.module.apply.resourcesUnion.entity.ResourcesUnion#13069], EntityKey[j.index.module.apply.resourcesUnion.entity.ResourcesUnion#13070], EntityKey[j.index.module.apply.resourcesUnion.entity.ResourcesUnion#13071], EntityKey[j.index.module.apply.resourcesUnion.entity.ResourcesUnion#13072], EntityKey[j.index.module.apply.resourcesUnion.entity.ResourcesUnion#13073], EntityKey[j.index.module.apply.resourcesUnion.entity.ResourcesUnion#13074], EntityKey[j.index.module.apply.resourcesUnion.entity.ResourcesUnion#13075], EntityKey[j.index.module.apply.resourcesUnion.entity.ResourcesUnion#13076], EntityKey[j.index.module.apply.resourcesUnion.entity.ResourcesUnion#13077], EntityKey[j.index.module.apply.resourcesUnion.entity.ResourcesUnion#13078], EntityKey[j.index.module.apply.resourcesUnion.entity.ResourcesUnion#13079], EntityKey[j.index.module.apply.resourcesUnion.entity.ResourcesUnion#13080], EntityKey[j.index.module.apply.resourcesUnion.entity.ResourcesUnion#13081], EntityKey[j.index.module.apply.resourcesUnion.entity.ResourcesUnion#13082], EntityKey[j.index.module.apply.resourcesUnion.entity.ResourcesUnion#13186], EntityKey[j.index.module.apply.resourcesUnion.entity.ResourcesUnion#13185], EntityKey[j.index.module.apply.resourcesUnion.entity.ResourcesUnion#13184], EntityKey[j.index.module.apply.resourcesUnion.entity.ResourcesUnion#13183], EntityKey[j.index.module.apply.resourcesUnion.entity.ResourcesUnion#13182], EntityKey[j.index.module.apply.resourcesUnion.entity.ResourcesUnion#13181], EntityKey[j.index.module.apply.resourcesUnion.entity.ResourcesUnion#13180], EntityKey[j.index.module.apply.resourcesUnion.entity.ResourcesUnion#13179], EntityKey[j.index.module.apply.resourcesUnion.entity.ResourcesUnion#13194], EntityKey[j.index.module.apply.resourcesUnion.entity.ResourcesUnion#13193], EntityKey[j.index.module.apply.resourcesUnion.entity.ResourcesUnion#13192], EntityKey[j.index.module.apply.resourcesUnion.entity.ResourcesUnion#13191], EntityKey[j.index.module.apply.resourcesUnion.entity.ResourcesUnion#13190], EntityKey[j.index.module.apply.resourcesUnion.entity.ResourcesUnion#13189], EntityKey[j.index.module.apply.resourcesUnion.entity.ResourcesUnion#13188], EntityKey[j.index.module.apply.resourcesUnion.entity.ResourcesUnion#13187], EntityKey[j.index.module.apply.resourcesUnion.entity.ResourcesUnion#13169], EntityKey[j.index.module.apply.resourcesUnion.entity.ResourcesUnion#13170], EntityKey[j.index.module.apply.resourcesUnion.entity.ResourcesUnion#13167], EntityKey[j.index.module.apply.resourcesUnion.entity.ResourcesUnion#13168], EntityKey[j.index.module.apply.resourcesUnion.entity.ResourcesUnion#13165], EntityKey[j.index.module.apply.resourcesUnion.entity.ResourcesUnion#13166], EntityKey[j.index.module.apply.resourcesUnion.entity.ResourcesUnion#13163], EntityKey[j.index.module.apply.resourcesUnion.entity.ResourcesUnion#13164], EntityKey[j.index.module.apply.resourcesUnion.entity.ResourcesUnion#13177], EntityKey[j.index.module.apply.resourcesUnion.entity.ResourcesUnion#13178], EntityKey[j.index.module.apply.resourcesUnion.entity.ResourcesUnion#13175], EntityKey[j.index.module.apply.resourcesUnion.entity.ResourcesUnion#13176], EntityKey[j.index.module.apply.resourcesUnion.entity.ResourcesUnion#13173], EntityKey[j.index.module.apply.resourcesUnion.entity.ResourcesUnion#13174], EntityKey[j.index.module.apply.resourcesUnion.entity.ResourcesUnion#13171], EntityKey[j.index.module.apply.resourcesUnion.entity.ResourcesUnion#13172], EntityKey[j.index.module.apply.resourcesUnion.entity.ResourcesUnion#13152], EntityKey[j.index.module.apply.resourcesUnion.entity.ResourcesUnion#13151], EntityKey[j.index.module.apply.resourcesUnion.entity.ResourcesUnion#13154], EntityKey[j.index.module.apply.resourcesUnion.entity.ResourcesUnion#13153], EntityKey[j.index.module.apply.resourcesUnion.entity.ResourcesUnion#13148], EntityKey[j.index.module.apply.resourcesUnion.entity.ResourcesUnion#13147], EntityKey[j.index.module.apply.resourcesUnion.entity.ResourcesUnion#13150], EntityKey[j.index.module.apply.resourcesUnion.entity.ResourcesUnion#13149], EntityKey[j.index.module.apply.resourcesUnion.entity.ResourcesUnion#13160], EntityKey[j.index.module.apply.resourcesUnion.entity.ResourcesUnion#13159], EntityKey[j.index.module.apply.resourcesUnion.entity.ResourcesUnion#13162], EntityKey[j.index.module.apply.resourcesUnion.entity.ResourcesUnion#13161], EntityKey[j.index.module.apply.resourcesUnion.entity.ResourcesUnion#13156], EntityKey[j.index.module.apply.resourcesUnion.entity.ResourcesUnion#13155], EntityKey[j.index.module.apply.resourcesUnion.entity.ResourcesUnion#13158], EntityKey[j.index.module.apply.resourcesUnion.entity.ResourcesUnion#13157], EntityKey[j.index.module.apply.resourcesUnion.entity.ResourcesUnion#13135], EntityKey[j.index.module.apply.resourcesUnion.entity.ResourcesUnion#13136], EntityKey[j.index.module.apply.resourcesUnion.entity.ResourcesUnion#13137], EntityKey[j.index.module.apply.resourcesUnion.entity.ResourcesUnion#13138], EntityKey[j.index.module.apply.resourcesUnion.entity.ResourcesUnion#13131], EntityKey[j.index.module.apply.resourcesUnion.entity.ResourcesUnion#13132], EntityKey[j.index.module.apply.resourcesUnion.entity.ResourcesUnion#13133], EntityKey[j.index.module.apply.resourcesUnion.entity.ResourcesUnion#13134], EntityKey[j.index.module.apply.resourcesUnion.entity.ResourcesUnion#13143], EntityKey[j.index.module.apply.resourcesUnion.entity.ResourcesUnion#13144], EntityKey[j.index.module.apply.resourcesUnion.entity.ResourcesUnion#13145], EntityKey[j.index.module.apply.resourcesUnion.entity.ResourcesUnion#13146], EntityKey[j.index.module.apply.resourcesUnion.entity.ResourcesUnion#13139], EntityKey[j.index.module.apply.resourcesUnion.entity.ResourcesUnion#13140], EntityKey[j.index.module.apply.resourcesUnion.entity.ResourcesUnion#13141], EntityKey[j.index.module.apply.resourcesUnion.entity.ResourcesUnion#13142], EntityKey[j.index.module.apply.resourcesUnion.entity.ResourcesUnion#12724], EntityKey[j.index.module.apply.resourcesUnion.entity.ResourcesUnion#12723], EntityKey[j.index.module.apply.resourcesUnion.entity.ResourcesUnion#12726], EntityKey[j.index.module.apply.resourcesUnion.entity.ResourcesUnion#12725], EntityKey[j.index.module.apply.resourcesUnion.entity.ResourcesUnion#12728], EntityKey[j.index.module.apply.resourcesUnion.entity.ResourcesUnion#12727], EntityKey[j.index.module.apply.resourcesUnion.entity.ResourcesUnion#12730], EntityKey[j.index.module.apply.resourcesUnion.entity.ResourcesUnion#12729], EntityKey[j.index.module.apply.resourcesUnion.entity.ResourcesUnion#12716], EntityKey[j.index.module.apply.resourcesUnion.entity.ResourcesUnion#12715], EntityKey[j.index.module.apply.resourcesUnion.entity.ResourcesUnion#12718], EntityKey[j.index.module.apply.resourcesUnion.entity.ResourcesUnion#12717], EntityKey[j.index.module.apply.resourcesUnion.entity.ResourcesUnion#12720], EntityKey[j.index.module.apply.resourcesUnion.entity.ResourcesUnion#12719], EntityKey[j.index.module.apply.resourcesUnion.entity.ResourcesUnion#12722], EntityKey[j.index.module.apply.resourcesUnion.entity.ResourcesUnion#12721], EntityKey[j.index.module.apply.resourcesUnion.entity.ResourcesUnion#12739], EntityKey[j.index.module.apply.resourcesUnion.entity.ResourcesUnion#12740], EntityKey[j.index.module.apply.resourcesUnion.entity.ResourcesUnion#12741], EntityKey[j.index.module.apply.resourcesUnion.entity.ResourcesUnion#12742], EntityKey[j.index.module.apply.resourcesUnion.entity.ResourcesUnion#12743], EntityKey[j.index.module.apply.resourcesUnion.entity.ResourcesUnion#12744], EntityKey[j.index.module.apply.resourcesUnion.entity.ResourcesUnion#12745], EntityKey[j.index.module.apply.resourcesUnion.entity.ResourcesUnion#12746], EntityKey[j.index.module.apply.resourcesUnion.entity.ResourcesUnion#12731], EntityKey[j.index.module.apply.resourcesUnion.entity.ResourcesUnion#12732], EntityKey[j.index.module.apply.resourcesUnion.entity.ResourcesUnion#12733], EntityKey[j.index.module.apply.resourcesUnion.entity.ResourcesUnion#12734], EntityKey[j.index.module.apply.resourcesUnion.entity.ResourcesUnion#12735], EntityKey[j.index.module.apply.resourcesUnion.entity.ResourcesUnion#12736], EntityKey[j.index.module.apply.resourcesUnion.entity.ResourcesUnion#12737], EntityKey[j.index.module.apply.resourcesUnion.entity.ResourcesUnion#12738], EntityKey[j.index.module.apply.resourcesUnion.entity.ResourcesUnion#12694], EntityKey[j.index.module.apply.resourcesUnion.entity.ResourcesUnion#12693], EntityKey[j.index.module.apply.resourcesUnion.entity.ResourcesUnion#12692], EntityKey[j.index.module.apply.resourcesUnion.entity.ResourcesUnion#12691], EntityKey[j.index.module.apply.resourcesUnion.entity.ResourcesUnion#12698], EntityKey[j.index.module.apply.resourcesUnion.entity.ResourcesUnion#12697], EntityKey[j.index.module.apply.resourcesUnion.entity.ResourcesUnion#12696], EntityKey[j.index.module.apply.resourcesUnion.entity.ResourcesUnion#12695], EntityKey[j.index.module.apply.resourcesUnion.entity.ResourcesUnion#12686], EntityKey[j.index.module.apply.resourcesUnion.entity.ResourcesUnion#12685], EntityKey[j.index.module.apply.resourcesUnion.entity.ResourcesUnion#12684], EntityKey[j.index.module.apply.resourcesUnion.entity.ResourcesUnion#12683], EntityKey[j.index.module.apply.resourcesUnion.entity.ResourcesUnion#12690], EntityKey[j.index.module.apply.resourcesUnion.entity.ResourcesUnion#12689], EntityKey[j.index.module.apply.resourcesUnion.entity.ResourcesUnion#12688], EntityKey[j.index.module.apply.resourcesUnion.entity.ResourcesUnion#12687], EntityKey[j.index.module.apply.resourcesUnion.entity.ResourcesUnion#12709], EntityKey[j.index.module.apply.resourcesUnion.entity.ResourcesUnion#12710], EntityKey[j.index.module.apply.resourcesUnion.entity.ResourcesUnion#12707], EntityKey[j.index.module.apply.resourcesUnion.entity.ResourcesUnion#12708], EntityKey[j.index.module.apply.resourcesUnion.entity.ResourcesUnion#12713], EntityKey[j.index.module.apply.resourcesUnion.entity.ResourcesUnion#12714], EntityKey[j.index.module.apply.resourcesUnion.entity.ResourcesUnion#12711], EntityKey[j.index.module.apply.resourcesUnion.entity.ResourcesUnion#12712], EntityKey[j.index.module.apply.resourcesUnion.entity.ResourcesUnion#12701], EntityKey[j.index.module.apply.resourcesUnion.entity.ResourcesUnion#12702], EntityKey[j.index.module.apply.resourcesUnion.entity.ResourcesUnion#12699], EntityKey[j.index.module.apply.resourcesUnion.entity.ResourcesUnion#12700], EntityKey[j.index.module.apply.resourcesUnion.entity.ResourcesUnion#12705], EntityKey[j.index.module.apply.resourcesUnion.entity.ResourcesUnion#12706], EntityKey[j.index.module.apply.resourcesUnion.entity.ResourcesUnion#12703], EntityKey[j.index.module.apply.resourcesUnion.entity.ResourcesUnion#12704], EntityKey[j.index.module.apply.resourcesUnion.entity.ResourcesUnion#12792], EntityKey[j.index.module.apply.resourcesUnion.entity.ResourcesUnion#12791], EntityKey[j.index.module.apply.resourcesUnion.entity.ResourcesUnion#12794], EntityKey[j.index.module.apply.resourcesUnion.entity.ResourcesUnion#12793], EntityKey[j.index.module.apply.resourcesUnion.entity.ResourcesUnion#12788], EntityKey[j.index.module.apply.resourcesUnion.entity.ResourcesUnion#12787], EntityKey[j.index.module.apply.resourcesUnion.entity.ResourcesUnion#12790], EntityKey[j.index.module.apply.resourcesUnion.entity.ResourcesUnion#12789], EntityKey[j.index.module.apply.resourcesUnion.entity.ResourcesUnion#12784], EntityKey[j.index.module.apply.resourcesUnion.entity.ResourcesUnion#12783], EntityKey[j.index.module.apply.resourcesUnion.entity.ResourcesUnion#12786], EntityKey[j.index.module.apply.resourcesUnion.entity.ResourcesUnion#12785], EntityKey[j.index.module.apply.resourcesUnion.entity.ResourcesUnion#12780], EntityKey[j.index.module.apply.resourcesUnion.entity.ResourcesUnion#12779], EntityKey[j.index.module.apply.resourcesUnion.entity.ResourcesUnion#12782], EntityKey[j.index.module.apply.resourcesUnion.entity.ResourcesUnion#12781], EntityKey[j.index.module.apply.resourcesUnion.entity.ResourcesUnion#12807], EntityKey[j.index.module.apply.resourcesUnion.entity.ResourcesUnion#12808], EntityKey[j.index.module.apply.resourcesUnion.entity.ResourcesUnion#12809], EntityKey[j.index.module.apply.resourcesUnion.entity.ResourcesUnion#12810], EntityKey[j.index.module.apply.resourcesUnion.entity.ResourcesUnion#12803], EntityKey[j.index.module.apply.resourcesUnion.entity.ResourcesUnion#12804], EntityKey[j.index.module.apply.resourcesUnion.entity.ResourcesUnion#12805], EntityKey[j.index.module.apply.resourcesUnion.entity.ResourcesUnion#12806], EntityKey[j.index.module.apply.resourcesUnion.entity.ResourcesUnion#12799], EntityKey[j.index.module.apply.resourcesUnion.entity.ResourcesUnion#12800], EntityKey[j.index.module.apply.resourcesUnion.entity.ResourcesUnion#12801], EntityKey[j.index.module.apply.resourcesUnion.entity.ResourcesUnion#12802], EntityKey[j.index.module.apply.resourcesUnion.entity.ResourcesUnion#12795], EntityKey[j.index.module.apply.resourcesUnion.entity.ResourcesUnion#12796], EntityKey[j.index.module.apply.resourcesUnion.entity.ResourcesUnion#12797], EntityKey[j.index.module.apply.resourcesUnion.entity.ResourcesUnion#12798], EntityKey[j.index.module.apply.resourcesUnion.entity.ResourcesUnion#12762], EntityKey[j.index.module.apply.resourcesUnion.entity.ResourcesUnion#12761], EntityKey[j.index.module.apply.resourcesUnion.entity.ResourcesUnion#12760], EntityKey[j.index.module.apply.resourcesUnion.entity.ResourcesUnion#12759], EntityKey[j.index.module.apply.resourcesUnion.entity.ResourcesUnion#12758], EntityKey[j.index.module.apply.resourcesUnion.entity.ResourcesUnion#12757], EntityKey[j.index.module.apply.resourcesUnion.entity.ResourcesUnion#12756], EntityKey[j.index.module.apply.resourcesUnion.entity.ResourcesUnion#12755], EntityKey[j.index.module.apply.resourcesUnion.entity.ResourcesUnion#12754], EntityKey[j.index.module.apply.resourcesUnion.entity.ResourcesUnion#12753], EntityKey[j.index.module.apply.resourcesUnion.entity.ResourcesUnion#12752], EntityKey[j.index.module.apply.resourcesUnion.entity.ResourcesUnion#12751], EntityKey[j.index.module.apply.resourcesUnion.entity.ResourcesUnion#12750], EntityKey[j.index.module.apply.resourcesUnion.entity.ResourcesUnion#12749], EntityKey[j.index.module.apply.resourcesUnion.entity.ResourcesUnion#12748], EntityKey[j.index.module.apply.resourcesUnion.entity.ResourcesUnion#12747], EntityKey[j.index.module.apply.resourcesUnion.entity.ResourcesUnion#12777], EntityKey[j.index.module.apply.resourcesUnion.entity.ResourcesUnion#12778], EntityKey[j.index.module.apply.resourcesUnion.entity.ResourcesUnion#12775], EntityKey[j.index.module.apply.resourcesUnion.entity.ResourcesUnion#12776], EntityKey[j.index.module.apply.resourcesUnion.entity.ResourcesUnion#12773], EntityKey[j.index.module.apply.resourcesUnion.entity.ResourcesUnion#12774], EntityKey[j.index.module.apply.resourcesUnion.entity.ResourcesUnion#12771], EntityKey[j.index.module.apply.resourcesUnion.entity.ResourcesUnion#12772], EntityKey[j.index.module.apply.resourcesUnion.entity.ResourcesUnion#12769], EntityKey[j.index.module.apply.resourcesUnion.entity.ResourcesUnion#12770], EntityKey[j.index.module.apply.resourcesUnion.entity.ResourcesUnion#12767], EntityKey[j.index.module.apply.resourcesUnion.entity.ResourcesUnion#12768], EntityKey[j.index.module.apply.resourcesUnion.entity.ResourcesUnion#12765], EntityKey[j.index.module.apply.resourcesUnion.entity.ResourcesUnion#12766], EntityKey[j.index.module.apply.resourcesUnion.entity.ResourcesUnion#12763], EntityKey[j.index.module.apply.resourcesUnion.entity.ResourcesUnion#12764], EntityKey[j.index.module.apply.resourcesUnion.entity.ResourcesUnion#12843], EntityKey[j.index.module.apply.resourcesUnion.entity.ResourcesUnion#12844], EntityKey[j.index.module.apply.resourcesUnion.entity.ResourcesUnion#12845], EntityKey[j.index.module.apply.resourcesUnion.entity.ResourcesUnion#12846], EntityKey[j.index.module.apply.resourcesUnion.entity.ResourcesUnion#12847], EntityKey[j.index.module.apply.resourcesUnion.entity.ResourcesUnion#12848], EntityKey[j.index.module.apply.resourcesUnion.entity.ResourcesUnion#12849], EntityKey[j.index.module.apply.resourcesUnion.entity.ResourcesUnion#12850], EntityKey[j.index.module.apply.resourcesUnion.entity.ResourcesUnion#12851], EntityKey[j.index.module.apply.resourcesUnion.entity.ResourcesUnion#12852], EntityKey[j.index.module.apply.resourcesUnion.entity.ResourcesUnion#12853], EntityKey[j.index.module.apply.resourcesUnion.entity.ResourcesUnion#12854], EntityKey[j.index.module.apply.resourcesUnion.entity.ResourcesUnion#12855], EntityKey[j.index.module.apply.resourcesUnion.entity.ResourcesUnion#12856], EntityKey[j.index.module.apply.resourcesUnion.entity.ResourcesUnion#12857], EntityKey[j.index.module.apply.resourcesUnion.entity.ResourcesUnion#12858], EntityKey[j.index.module.apply.resourcesUnion.entity.ResourcesUnion#12860], EntityKey[j.index.module.apply.resourcesUnion.entity.ResourcesUnion#12859], EntityKey[j.index.module.apply.resourcesUnion.entity.ResourcesUnion#12862], EntityKey[j.index.module.apply.resourcesUnion.entity.ResourcesUnion#12861], EntityKey[j.index.module.apply.resourcesUnion.entity.ResourcesUnion#12864], EntityKey[j.index.module.apply.resourcesUnion.entity.ResourcesUnion#12863], EntityKey[j.index.module.apply.resourcesUnion.entity.ResourcesUnion#12866], EntityKey[j.index.module.apply.resourcesUnion.entity.ResourcesUnion#12865], EntityKey[j.index.module.apply.resourcesUnion.entity.ResourcesUnion#12868], EntityKey[j.index.module.apply.resourcesUnion.entity.ResourcesUnion#12867], EntityKey[j.index.module.apply.resourcesUnion.entity.ResourcesUnion#12870], EntityKey[j.index.module.apply.resourcesUnion.entity.ResourcesUnion#12869], EntityKey[j.index.module.apply.resourcesUnion.entity.ResourcesUnion#12872], EntityKey[j.index.module.apply.resourcesUnion.entity.ResourcesUnion#12871], EntityKey[j.index.module.apply.resourcesUnion.entity.ResourcesUnion#12874], EntityKey[j.index.module.apply.resourcesUnion.entity.ResourcesUnion#12873], EntityKey[j.index.module.apply.resourcesUnion.entity.ResourcesUnion#12813], EntityKey[j.index.module.apply.resourcesUnion.entity.ResourcesUnion#12814], EntityKey[j.index.module.apply.resourcesUnion.entity.ResourcesUnion#12811], EntityKey[j.index.module.apply.resourcesUnion.entity.ResourcesUnion#12812], EntityKey[j.index.module.apply.resourcesUnion.entity.ResourcesUnion#12817], EntityKey[j.index.module.apply.resourcesUnion.entity.ResourcesUnion#12818], EntityKey[j.index.module.apply.resourcesUnion.entity.ResourcesUnion#12815], EntityKey[j.index.module.apply.resourcesUnion.entity.ResourcesUnion#12816], EntityKey[j.index.module.apply.resourcesUnion.entity.ResourcesUnion#12821], EntityKey[j.index.module.apply.resourcesUnion.entity.ResourcesUnion#12822], EntityKey[j.index.module.apply.resourcesUnion.entity.ResourcesUnion#12819], EntityKey[j.index.module.apply.resourcesUnion.entity.ResourcesUnion#12820], EntityKey[j.index.module.apply.resourcesUnion.entity.ResourcesUnion#12825], EntityKey[j.index.module.apply.resourcesUnion.entity.ResourcesUnion#12826], EntityKey[j.index.module.apply.resourcesUnion.entity.ResourcesUnion#12823], EntityKey[j.index.module.apply.resourcesUnion.entity.ResourcesUnion#12824], EntityKey[j.index.module.apply.resourcesUnion.entity.ResourcesUnion#12830], EntityKey[j.index.module.apply.resourcesUnion.entity.ResourcesUnion#12829], EntityKey[j.index.module.apply.resourcesUnion.entity.ResourcesUnion#12828], EntityKey[j.index.module.apply.resourcesUnion.entity.ResourcesUnion#12827], EntityKey[j.index.module.apply.resourcesUnion.entity.ResourcesUnion#12834], EntityKey[j.index.module.apply.resourcesUnion.entity.ResourcesUnion#12833], EntityKey[j.index.module.apply.resourcesUnion.entity.ResourcesUnion#12832], EntityKey[j.index.module.apply.resourcesUnion.entity.ResourcesUnion#12831], EntityKey[j.index.module.apply.resourcesUnion.entity.ResourcesUnion#12838], EntityKey[j.index.module.apply.resourcesUnion.entity.ResourcesUnion#12837], EntityKey[j.index.module.apply.resourcesUnion.entity.ResourcesUnion#12836], EntityKey[j.index.module.apply.resourcesUnion.entity.ResourcesUnion#12835], EntityKey[j.index.module.apply.resourcesUnion.entity.ResourcesUnion#12842], EntityKey[j.index.module.apply.resourcesUnion.entity.ResourcesUnion#12841], EntityKey[j.index.module.apply.resourcesUnion.entity.ResourcesUnion#12840], EntityKey[j.index.module.apply.resourcesUnion.entity.ResourcesUnion#12839], EntityKey[j.index.module.apply.resourcesUnion.entity.ResourcesUnion#12911], EntityKey[j.index.module.apply.resourcesUnion.entity.ResourcesUnion#12912], EntityKey[j.index.module.apply.resourcesUnion.entity.ResourcesUnion#12913], EntityKey[j.index.module.apply.resourcesUnion.entity.ResourcesUnion#12914], EntityKey[j.index.module.apply.resourcesUnion.entity.ResourcesUnion#12907], EntityKey[j.index.module.apply.resourcesUnion.entity.ResourcesUnion#12908], EntityKey[j.index.module.apply.resourcesUnion.entity.ResourcesUnion#12909], EntityKey[j.index.module.apply.resourcesUnion.entity.ResourcesUnion#12910], EntityKey[j.index.module.apply.resourcesUnion.entity.ResourcesUnion#12919], EntityKey[j.index.module.apply.resourcesUnion.entity.ResourcesUnion#12920], EntityKey[j.index.module.apply.resourcesUnion.entity.ResourcesUnion#12921], EntityKey[j.index.module.apply.resourcesUnion.entity.ResourcesUnion#12922], EntityKey[j.index.module.apply.resourcesUnion.entity.ResourcesUnion#12915], EntityKey[j.index.module.apply.resourcesUnion.entity.ResourcesUnion#12916], EntityKey[j.index.module.apply.resourcesUnion.entity.ResourcesUnion#12917], EntityKey[j.index.module.apply.resourcesUnion.entity.ResourcesUnion#12918], EntityKey[j.index.module.apply.resourcesUnion.entity.ResourcesUnion#12928], EntityKey[j.index.module.apply.resourcesUnion.entity.ResourcesUnion#12927], EntityKey[j.index.module.apply.resourcesUnion.entity.ResourcesUnion#12930], EntityKey[j.index.module.apply.resourcesUnion.entity.ResourcesUnion#12929], EntityKey[j.index.module.apply.resourcesUnion.entity.ResourcesUnion#12924], EntityKey[j.index.module.apply.resourcesUnion.entity.ResourcesUnion#12923], EntityKey[j.index.module.apply.resourcesUnion.entity.ResourcesUnion#12926], EntityKey[j.index.module.apply.resourcesUnion.entity.ResourcesUnion#12925], EntityKey[j.index.module.apply.resourcesUnion.entity.ResourcesUnion#12936], EntityKey[j.index.module.apply.resourcesUnion.entity.ResourcesUnion#12935], EntityKey[j.index.module.apply.resourcesUnion.entity.ResourcesUnion#12938], EntityKey[j.index.module.apply.resourcesUnion.entity.ResourcesUnion#12937], EntityKey[j.index.module.apply.resourcesUnion.entity.ResourcesUnion#12932], EntityKey[j.index.module.apply.resourcesUnion.entity.ResourcesUnion#12931], EntityKey[j.index.module.apply.resourcesUnion.entity.ResourcesUnion#12934], EntityKey[j.index.module.apply.resourcesUnion.entity.ResourcesUnion#12933], EntityKey[j.index.module.apply.resourcesUnion.entity.ResourcesUnion#12881], EntityKey[j.index.module.apply.resourcesUnion.entity.ResourcesUnion#12882], EntityKey[j.index.module.apply.resourcesUnion.entity.ResourcesUnion#12879], EntityKey[j.index.module.apply.resourcesUnion.entity.ResourcesUnion#12880], EntityKey[j.index.module.apply.resourcesUnion.entity.ResourcesUnion#12877], EntityKey[j.index.module.apply.resourcesUnion.entity.ResourcesUnion#12878], EntityKey[j.index.module.apply.resourcesUnion.entity.ResourcesUnion#12875], EntityKey[j.index.module.apply.resourcesUnion.entity.ResourcesUnion#12876], EntityKey[j.index.module.apply.resourcesUnion.entity.ResourcesUnion#12889], EntityKey[j.index.module.apply.resourcesUnion.entity.ResourcesUnion#12890], EntityKey[j.index.module.apply.resourcesUnion.entity.ResourcesUnion#12887], EntityKey[j.index.module.apply.resourcesUnion.entity.ResourcesUnion#12888], EntityKey[j.index.module.apply.resourcesUnion.entity.ResourcesUnion#12885], EntityKey[j.index.module.apply.resourcesUnion.entity.ResourcesUnion#12886], EntityKey[j.index.module.apply.resourcesUnion.entity.ResourcesUnion#12883], EntityKey[j.index.module.apply.resourcesUnion.entity.ResourcesUnion#12884], EntityKey[j.index.module.apply.resourcesUnion.entity.ResourcesUnion#12898], EntityKey[j.index.module.apply.resourcesUnion.entity.ResourcesUnion#12897], EntityKey[j.index.module.apply.resourcesUnion.entity.ResourcesUnion#12896], EntityKey[j.index.module.apply.resourcesUnion.entity.ResourcesUnion#12895], EntityKey[j.index.module.apply.resourcesUnion.entity.ResourcesUnion#12894], EntityKey[j.index.module.apply.resourcesUnion.entity.ResourcesUnion#12893], EntityKey[j.index.module.apply.resourcesUnion.entity.ResourcesUnion#12892], EntityKey[j.index.module.apply.resourcesUnion.entity.ResourcesUnion#12891], EntityKey[j.index.module.apply.resourcesUnion.entity.ResourcesUnion#12906], EntityKey[j.index.module.apply.resourcesUnion.entity.ResourcesUnion#12905], EntityKey[j.index.module.apply.resourcesUnion.entity.ResourcesUnion#12904], EntityKey[j.index.module.apply.resourcesUnion.entity.ResourcesUnion#12903], EntityKey[j.index.module.apply.resourcesUnion.entity.ResourcesUnion#12902], EntityKey[j.index.module.apply.resourcesUnion.entity.ResourcesUnion#12901], EntityKey[j.index.module.apply.resourcesUnion.entity.ResourcesUnion#12900], EntityKey[j.index.module.apply.resourcesUnion.entity.ResourcesUnion#12899], EntityKey[j.index.module.apply.resourcesUnion.entity.ResourcesUnion#14378], EntityKey[j.index.module.apply.resourcesUnion.entity.ResourcesUnion#14377], EntityKey[j.index.module.apply.resourcesUnion.entity.ResourcesUnion#14376], EntityKey[j.index.module.apply.resourcesUnion.entity.ResourcesUnion#14375], EntityKey[j.index.module.apply.resourcesUnion.entity.ResourcesUnion#14374], EntityKey[j.index.module.apply.resourcesUnion.entity.ResourcesUnion#14373], EntityKey[j.index.module.apply.resourcesUnion.entity.ResourcesUnion#14372], EntityKey[j.index.module.apply.resourcesUnion.entity.ResourcesUnion#14371], EntityKey[j.index.module.apply.resourcesUnion.entity.ResourcesUnion#14370], EntityKey[j.index.module.apply.resourcesUnion.entity.ResourcesUnion#14369], EntityKey[j.index.module.apply.resourcesUnion.entity.ResourcesUnion#14368], EntityKey[j.index.module.apply.resourcesUnion.entity.ResourcesUnion#14367], EntityKey[j.index.module.apply.resourcesUnion.entity.ResourcesUnion#14366], EntityKey[j.index.module.apply.resourcesUnion.entity.ResourcesUnion#14365], EntityKey[j.index.module.apply.resourcesUnion.entity.ResourcesUnion#14364], EntityKey[j.index.module.apply.resourcesUnion.entity.ResourcesUnion#14363], EntityKey[j.index.module.apply.resourcesUnion.entity.ResourcesUnion#14361], EntityKey[j.index.module.apply.resourcesUnion.entity.ResourcesUnion#14362], EntityKey[j.index.module.apply.resourcesUnion.entity.ResourcesUnion#14359], EntityKey[j.index.module.apply.resourcesUnion.entity.ResourcesUnion#14360], EntityKey[j.index.module.apply.resourcesUnion.entity.ResourcesUnion#14357], EntityKey[j.index.module.apply.resourcesUnion.entity.ResourcesUnion#14358], EntityKey[j.index.module.apply.resourcesUnion.entity.ResourcesUnion#14355], EntityKey[j.index.module.apply.resourcesUnion.entity.ResourcesUnion#14356], EntityKey[j.index.module.apply.resourcesUnion.entity.ResourcesUnion#14353], EntityKey[j.index.module.apply.resourcesUnion.entity.ResourcesUnion#14354], EntityKey[j.index.module.apply.resourcesUnion.entity.ResourcesUnion#14351], EntityKey[j.index.module.apply.resourcesUnion.entity.ResourcesUnion#14352], EntityKey[j.index.module.apply.resourcesUnion.entity.ResourcesUnion#14349], EntityKey[j.index.module.apply.resourcesUnion.entity.ResourcesUnion#14350], EntityKey[j.index.module.apply.resourcesUnion.entity.ResourcesUnion#14347], EntityKey[j.index.module.apply.resourcesUnion.entity.ResourcesUnion#14348], EntityKey[j.index.module.apply.resourcesUnion.entity.ResourcesUnion#14385], EntityKey[j.index.module.apply.resourcesUnion.entity.ResourcesUnion#14386], EntityKey[j.index.module.apply.resourcesUnion.entity.ResourcesUnion#14379], EntityKey[j.index.module.apply.resourcesUnion.entity.ResourcesUnion#14380], EntityKey[j.index.module.apply.resourcesUnion.entity.ResourcesUnion#14381], EntityKey[j.index.module.apply.resourcesUnion.entity.ResourcesUnion#14382], EntityKey[j.index.module.apply.resourcesUnion.entity.ResourcesUnion#14301], EntityKey[j.index.module.apply.resourcesUnion.entity.ResourcesUnion#14302], EntityKey[j.index.module.apply.resourcesUnion.entity.ResourcesUnion#14299], EntityKey[j.index.module.apply.resourcesUnion.entity.ResourcesUnion#14300], EntityKey[j.index.module.apply.resourcesUnion.entity.ResourcesUnion#14305], EntityKey[j.index.module.apply.resourcesUnion.entity.ResourcesUnion#14306], EntityKey[j.index.module.apply.resourcesUnion.entity.ResourcesUnion#14303], EntityKey[j.index.module.apply.resourcesUnion.entity.ResourcesUnion#14304], EntityKey[j.index.module.apply.resourcesUnion.entity.ResourcesUnion#14309], EntityKey[j.index.module.apply.resourcesUnion.entity.ResourcesUnion#14310], EntityKey[j.index.module.apply.resourcesUnion.entity.ResourcesUnion#14307], EntityKey[j.index.module.apply.resourcesUnion.entity.ResourcesUnion#14308], EntityKey[j.index.module.apply.resourcesUnion.entity.ResourcesUnion#14313], EntityKey[j.index.module.apply.resourcesUnion.entity.ResourcesUnion#14314], EntityKey[j.index.module.apply.resourcesUnion.entity.ResourcesUnion#14311], EntityKey[j.index.module.apply.resourcesUnion.entity.ResourcesUnion#14312], EntityKey[j.index.module.apply.resourcesUnion.entity.ResourcesUnion#14286], EntityKey[j.index.module.apply.resourcesUnion.entity.ResourcesUnion#14285], EntityKey[j.index.module.apply.resourcesUnion.entity.ResourcesUnion#14284], EntityKey[j.index.module.apply.resourcesUnion.entity.ResourcesUnion#14283], EntityKey[j.index.module.apply.resourcesUnion.entity.ResourcesUnion#14290], EntityKey[j.index.module.apply.resourcesUnion.entity.ResourcesUnion#14289], EntityKey[j.index.module.apply.resourcesUnion.entity.ResourcesUnion#14288], EntityKey[j.index.module.apply.resourcesUnion.entity.ResourcesUnion#14287], EntityKey[j.index.module.apply.resourcesUnion.entity.ResourcesUnion#14294], EntityKey[j.index.module.apply.resourcesUnion.entity.ResourcesUnion#14293], EntityKey[j.index.module.apply.resourcesUnion.entity.ResourcesUnion#14292], EntityKey[j.index.module.apply.resourcesUnion.entity.ResourcesUnion#14291], EntityKey[j.index.module.apply.resourcesUnion.entity.ResourcesUnion#14298], EntityKey[j.index.module.apply.resourcesUnion.entity.ResourcesUnion#14297], EntityKey[j.index.module.apply.resourcesUnion.entity.ResourcesUnion#14296], EntityKey[j.index.module.apply.resourcesUnion.entity.ResourcesUnion#14295], EntityKey[j.index.module.apply.resourcesUnion.entity.ResourcesUnion#14331], EntityKey[j.index.module.apply.resourcesUnion.entity.ResourcesUnion#14332], EntityKey[j.index.module.apply.resourcesUnion.entity.ResourcesUnion#14333], EntityKey[j.index.module.apply.resourcesUnion.entity.ResourcesUnion#14334], EntityKey[j.index.module.apply.resourcesUnion.entity.ResourcesUnion#14335], EntityKey[j.index.module.apply.resourcesUnion.entity.ResourcesUnion#14336], EntityKey[j.index.module.apply.resourcesUnion.entity.ResourcesUnion#14337], EntityKey[j.index.module.apply.resourcesUnion.entity.ResourcesUnion#14338], EntityKey[j.index.module.apply.resourcesUnion.entity.ResourcesUnion#14339], EntityKey[j.index.module.apply.resourcesUnion.entity.ResourcesUnion#14340], EntityKey[j.index.module.apply.resourcesUnion.entity.ResourcesUnion#14341], EntityKey[j.index.module.apply.resourcesUnion.entity.ResourcesUnion#14342], EntityKey[j.index.module.apply.resourcesUnion.entity.ResourcesUnion#14343], EntityKey[j.index.module.apply.resourcesUnion.entity.ResourcesUnion#14344], EntityKey[j.index.module.apply.resourcesUnion.entity.ResourcesUnion#14345], EntityKey[j.index.module.apply.resourcesUnion.entity.ResourcesUnion#14346], EntityKey[j.index.module.apply.resourcesUnion.entity.ResourcesUnion#14316], EntityKey[j.index.module.apply.resourcesUnion.entity.ResourcesUnion#14315], EntityKey[j.index.module.apply.resourcesUnion.entity.ResourcesUnion#14318], EntityKey[j.index.module.apply.resourcesUnion.entity.ResourcesUnion#14317], EntityKey[j.index.module.apply.resourcesUnion.entity.ResourcesUnion#14320], EntityKey[j.index.module.apply.resourcesUnion.entity.ResourcesUnion#14319], EntityKey[j.index.module.apply.resourcesUnion.entity.ResourcesUnion#14322], EntityKey[j.index.module.apply.resourcesUnion.entity.ResourcesUnion#14321], EntityKey[j.index.module.apply.resourcesUnion.entity.ResourcesUnion#14324], EntityKey[j.index.module.apply.resourcesUnion.entity.ResourcesUnion#14323], EntityKey[j.index.module.apply.resourcesUnion.entity.ResourcesUnion#14326], EntityKey[j.index.module.apply.resourcesUnion.entity.ResourcesUnion#14325], EntityKey[j.index.module.apply.resourcesUnion.entity.ResourcesUnion#14328], EntityKey[j.index.module.apply.resourcesUnion.entity.ResourcesUnion#14327], EntityKey[j.index.module.apply.resourcesUnion.entity.ResourcesUnion#14330], EntityKey[j.index.module.apply.resourcesUnion.entity.ResourcesUnion#14329], EntityKey[j.index.module.apply.resourcesUnion.entity.ResourcesUnion#14241], EntityKey[j.index.module.apply.resourcesUnion.entity.ResourcesUnion#14242], EntityKey[j.index.module.apply.resourcesUnion.entity.ResourcesUnion#14239], EntityKey[j.index.module.apply.resourcesUnion.entity.ResourcesUnion#14240], EntityKey[j.index.module.apply.resourcesUnion.entity.ResourcesUnion#14237], EntityKey[j.index.module.apply.resourcesUnion.entity.ResourcesUnion#14238], EntityKey[j.index.module.apply.resourcesUnion.entity.ResourcesUnion#14235], EntityKey[j.index.module.apply.resourcesUnion.entity.ResourcesUnion#14236], EntityKey[j.index.module.apply.resourcesUnion.entity.ResourcesUnion#14249], EntityKey[j.index.module.apply.resourcesUnion.entity.ResourcesUnion#14250], EntityKey[j.index.module.apply.resourcesUnion.entity.ResourcesUnion#14247], EntityKey[j.index.module.apply.resourcesUnion.entity.ResourcesUnion#14248], EntityKey[j.index.module.apply.resourcesUnion.entity.ResourcesUnion#14245], EntityKey[j.index.module.apply.resourcesUnion.entity.ResourcesUnion#14246], EntityKey[j.index.module.apply.resourcesUnion.entity.ResourcesUnion#14243], EntityKey[j.index.module.apply.resourcesUnion.entity.ResourcesUnion#14244], EntityKey[j.index.module.apply.resourcesUnion.entity.ResourcesUnion#14226], EntityKey[j.index.module.apply.resourcesUnion.entity.ResourcesUnion#14225], EntityKey[j.index.module.apply.resourcesUnion.entity.ResourcesUnion#14224], EntityKey[j.index.module.apply.resourcesUnion.entity.ResourcesUnion#14223], EntityKey[j.index.module.apply.resourcesUnion.entity.ResourcesUnion#14222], EntityKey[j.index.module.apply.resourcesUnion.entity.ResourcesUnion#14221], EntityKey[j.index.module.apply.resourcesUnion.entity.ResourcesUnion#14220], EntityKey[j.index.module.apply.resourcesUnion.entity.ResourcesUnion#14219], EntityKey[j.index.module.apply.resourcesUnion.entity.ResourcesUnion#14234], EntityKey[j.index.module.apply.resourcesUnion.entity.ResourcesUnion#14233], EntityKey[j.index.module.apply.resourcesUnion.entity.ResourcesUnion#14232], EntityKey[j.index.module.apply.resourcesUnion.entity.ResourcesUnion#14231], EntityKey[j.index.module.apply.resourcesUnion.entity.ResourcesUnion#14230], EntityKey[j.index.module.apply.resourcesUnion.entity.ResourcesUnion#14229], EntityKey[j.index.module.apply.resourcesUnion.entity.ResourcesUnion#14228], EntityKey[j.index.module.apply.resourcesUnion.entity.ResourcesUnion#14227], EntityKey[j.index.module.apply.resourcesUnion.entity.ResourcesUnion#14271], EntityKey[j.index.module.apply.resourcesUnion.entity.ResourcesUnion#14272], EntityKey[j.index.module.apply.resourcesUnion.entity.ResourcesUnion#14273], EntityKey[j.index.module.apply.resourcesUnion.entity.ResourcesUnion#14274], EntityKey[j.index.module.apply.resourcesUnion.entity.ResourcesUnion#14267], EntityKey[j.index.module.apply.resourcesUnion.entity.ResourcesUnion#14268], EntityKey[j.index.module.apply.resourcesUnion.entity.ResourcesUnion#14269], EntityKey[j.index.module.apply.resourcesUnion.entity.ResourcesUnion#14270], EntityKey[j.index.module.apply.resourcesUnion.entity.ResourcesUnion#14279], EntityKey[j.index.module.apply.resourcesUnion.entity.ResourcesUnion#14280], EntityKey[j.index.module.apply.resourcesUnion.entity.ResourcesUnion#14281], EntityKey[j.index.module.apply.resourcesUnion.entity.ResourcesUnion#14282], EntityKey[j.index.module.apply.resourcesUnion.entity.ResourcesUnion#14275], EntityKey[j.index.module.apply.resourcesUnion.entity.ResourcesUnion#14276], EntityKey[j.index.module.apply.resourcesUnion.entity.ResourcesUnion#14277], EntityKey[j.index.module.apply.resourcesUnion.entity.ResourcesUnion#14278], EntityKey[j.index.module.apply.resourcesUnion.entity.ResourcesUnion#14256], EntityKey[j.index.module.apply.resourcesUnion.entity.ResourcesUnion#14255], EntityKey[j.index.module.apply.resourcesUnion.entity.ResourcesUnion#14258], EntityKey[j.index.module.apply.resourcesUnion.entity.ResourcesUnion#14257], EntityKey[j.index.module.apply.resourcesUnion.entity.ResourcesUnion#14252], EntityKey[j.index.module.apply.resourcesUnion.entity.ResourcesUnion#14251], EntityKey[j.index.module.apply.resourcesUnion.entity.ResourcesUnion#14254], EntityKey[j.index.module.apply.resourcesUnion.entity.ResourcesUnion#14253], EntityKey[j.index.module.apply.resourcesUnion.entity.ResourcesUnion#14264], EntityKey[j.index.module.apply.resourcesUnion.entity.ResourcesUnion#14263], EntityKey[j.index.module.apply.resourcesUnion.entity.ResourcesUnion#14266], EntityKey[j.index.module.apply.resourcesUnion.entity.ResourcesUnion#14265], EntityKey[j.index.module.apply.resourcesUnion.entity.ResourcesUnion#14260], EntityKey[j.index.module.apply.resourcesUnion.entity.ResourcesUnion#14259], EntityKey[j.index.module.apply.resourcesUnion.entity.ResourcesUnion#14262], EntityKey[j.index.module.apply.resourcesUnion.entity.ResourcesUnion#14261], EntityKey[j.index.module.apply.resourcesUnion.entity.ResourcesUnion#14201], EntityKey[j.index.module.apply.resourcesUnion.entity.ResourcesUnion#14202], EntityKey[j.index.module.apply.resourcesUnion.entity.ResourcesUnion#14199], EntityKey[j.index.module.apply.resourcesUnion.entity.ResourcesUnion#14200], EntityKey[j.index.module.apply.resourcesUnion.entity.ResourcesUnion#14197], EntityKey[j.index.module.apply.resourcesUnion.entity.ResourcesUnion#14198], EntityKey[j.index.module.apply.resourcesUnion.entity.ResourcesUnion#14195], EntityKey[j.index.module.apply.resourcesUnion.entity.ResourcesUnion#14196], EntityKey[j.index.module.apply.resourcesUnion.entity.ResourcesUnion#14193], EntityKey[j.index.module.apply.resourcesUnion.entity.ResourcesUnion#14194], EntityKey[j.index.module.apply.resourcesUnion.entity.ResourcesUnion#14191], EntityKey[j.index.module.apply.resourcesUnion.entity.ResourcesUnion#14192], EntityKey[j.index.module.apply.resourcesUnion.entity.ResourcesUnion#14189], EntityKey[j.index.module.apply.resourcesUnion.entity.ResourcesUnion#14190], EntityKey[j.index.module.apply.resourcesUnion.entity.ResourcesUnion#14187], EntityKey[j.index.module.apply.resourcesUnion.entity.ResourcesUnion#14188], EntityKey[j.index.module.apply.resourcesUnion.entity.ResourcesUnion#14218], EntityKey[j.index.module.apply.resourcesUnion.entity.ResourcesUnion#14217], EntityKey[j.index.module.apply.resourcesUnion.entity.ResourcesUnion#14216], EntityKey[j.index.module.apply.resourcesUnion.entity.ResourcesUnion#14215], EntityKey[j.index.module.apply.resourcesUnion.entity.ResourcesUnion#14214], EntityKey[j.index.module.apply.resourcesUnion.entity.ResourcesUnion#14213], EntityKey[j.index.module.apply.resourcesUnion.entity.ResourcesUnion#14212], EntityKey[j.index.module.apply.resourcesUnion.entity.ResourcesUnion#14211], EntityKey[j.index.module.apply.resourcesUnion.entity.ResourcesUnion#14210], EntityKey[j.index.module.apply.resourcesUnion.entity.ResourcesUnion#14209], EntityKey[j.index.module.apply.resourcesUnion.entity.ResourcesUnion#14208], EntityKey[j.index.module.apply.resourcesUnion.entity.ResourcesUnion#14207], EntityKey[j.index.module.apply.resourcesUnion.entity.ResourcesUnion#14206], EntityKey[j.index.module.apply.resourcesUnion.entity.ResourcesUnion#14205], EntityKey[j.index.module.apply.resourcesUnion.entity.ResourcesUnion#14204], EntityKey[j.index.module.apply.resourcesUnion.entity.ResourcesUnion#14203], EntityKey[j.index.module.apply.resourcesUnion.entity.ResourcesUnion#14167], EntityKey[j.index.module.apply.resourcesUnion.entity.ResourcesUnion#14168], EntityKey[j.index.module.apply.resourcesUnion.entity.ResourcesUnion#14169], EntityKey[j.index.module.apply.resourcesUnion.entity.ResourcesUnion#14170], EntityKey[j.index.module.apply.resourcesUnion.entity.ResourcesUnion#14163], EntityKey[j.index.module.apply.resourcesUnion.entity.ResourcesUnion#14164], EntityKey[j.index.module.apply.resourcesUnion.entity.ResourcesUnion#14165], EntityKey[j.index.module.apply.resourcesUnion.entity.ResourcesUnion#14166], EntityKey[j.index.module.apply.resourcesUnion.entity.ResourcesUnion#14159], EntityKey[j.index.module.apply.resourcesUnion.entity.ResourcesUnion#14160], EntityKey[j.index.module.apply.resourcesUnion.entity.ResourcesUnion#14161], EntityKey[j.index.module.apply.resourcesUnion.entity.ResourcesUnion#14162], EntityKey[j.index.module.apply.resourcesUnion.entity.ResourcesUnion#14155], EntityKey[j.index.module.apply.resourcesUnion.entity.ResourcesUnion#14156], EntityKey[j.index.module.apply.resourcesUnion.entity.ResourcesUnion#14157], EntityKey[j.index.module.apply.resourcesUnion.entity.ResourcesUnion#14158], EntityKey[j.index.module.apply.resourcesUnion.entity.ResourcesUnion#14184], EntityKey[j.index.module.apply.resourcesUnion.entity.ResourcesUnion#14183], EntityKey[j.index.module.apply.resourcesUnion.entity.ResourcesUnion#14186], EntityKey[j.index.module.apply.resourcesUnion.entity.ResourcesUnion#14185], EntityKey[j.index.module.apply.resourcesUnion.entity.ResourcesUnion#14180], EntityKey[j.index.module.apply.resourcesUnion.entity.ResourcesUnion#14179], EntityKey[j.index.module.apply.resourcesUnion.entity.ResourcesUnion#14182], EntityKey[j.index.module.apply.resourcesUnion.entity.ResourcesUnion#14181], EntityKey[j.index.module.apply.resourcesUnion.entity.ResourcesUnion#14176], EntityKey[j.index.module.apply.resourcesUnion.entity.ResourcesUnion#14175], EntityKey[j.index.module.apply.resourcesUnion.entity.ResourcesUnion#14178], EntityKey[j.index.module.apply.resourcesUnion.entity.ResourcesUnion#14177], EntityKey[j.index.module.apply.resourcesUnion.entity.ResourcesUnion#14172], EntityKey[j.index.module.apply.resourcesUnion.entity.ResourcesUnion#14171], EntityKey[j.index.module.apply.resourcesUnion.entity.ResourcesUnion#14174], EntityKey[j.index.module.apply.resourcesUnion.entity.ResourcesUnion#14173], EntityKey[j.index.module.apply.resourcesUnion.entity.ResourcesUnion#14133], EntityKey[j.index.module.apply.resourcesUnion.entity.ResourcesUnion#14134], EntityKey[j.index.module.apply.resourcesUnion.entity.ResourcesUnion#14131], EntityKey[j.index.module.apply.resourcesUnion.entity.ResourcesUnion#14132], EntityKey[j.index.module.apply.resourcesUnion.entity.ResourcesUnion#14137], EntityKey[j.index.module.apply.resourcesUnion.entity.ResourcesUnion#14138], EntityKey[j.index.module.apply.resourcesUnion.entity.ResourcesUnion#14135], EntityKey[j.index.module.apply.resourcesUnion.entity.ResourcesUnion#14136], EntityKey[j.index.module.apply.resourcesUnion.entity.ResourcesUnion#14125], EntityKey[j.index.module.apply.resourcesUnion.entity.ResourcesUnion#14126], EntityKey[j.index.module.apply.resourcesUnion.entity.ResourcesUnion#14123], EntityKey[j.index.module.apply.resourcesUnion.entity.ResourcesUnion#14124], EntityKey[j.index.module.apply.resourcesUnion.entity.ResourcesUnion#14129], EntityKey[j.index.module.apply.resourcesUnion.entity.ResourcesUnion#14130], EntityKey[j.index.module.apply.resourcesUnion.entity.ResourcesUnion#14127], EntityKey[j.index.module.apply.resourcesUnion.entity.ResourcesUnion#14128], EntityKey[j.index.module.apply.resourcesUnion.entity.ResourcesUnion#14150], EntityKey[j.index.module.apply.resourcesUnion.entity.ResourcesUnion#14149], EntityKey[j.index.module.apply.resourcesUnion.entity.ResourcesUnion#14148], EntityKey[j.index.module.apply.resourcesUnion.entity.ResourcesUnion#14147], EntityKey[j.index.module.apply.resourcesUnion.entity.ResourcesUnion#14154], EntityKey[j.index.module.apply.resourcesUnion.entity.ResourcesUnion#14153], EntityKey[j.index.module.apply.resourcesUnion.entity.ResourcesUnion#14152], EntityKey[j.index.module.apply.resourcesUnion.entity.ResourcesUnion#14151], EntityKey[j.index.module.apply.resourcesUnion.entity.ResourcesUnion#14142], EntityKey[j.index.module.apply.resourcesUnion.entity.ResourcesUnion#14141], EntityKey[j.index.module.apply.resourcesUnion.entity.ResourcesUnion#14140], EntityKey[j.index.module.apply.resourcesUnion.entity.ResourcesUnion#14139], EntityKey[j.index.module.apply.resourcesUnion.entity.ResourcesUnion#14146], EntityKey[j.index.module.apply.resourcesUnion.entity.ResourcesUnion#14145], EntityKey[j.index.module.apply.resourcesUnion.entity.ResourcesUnion#14144], EntityKey[j.index.module.apply.resourcesUnion.entity.ResourcesUnion#14143], EntityKey[j.index.module.apply.resourcesUnion.entity.ResourcesUnion#14099], EntityKey[j.index.module.apply.resourcesUnion.entity.ResourcesUnion#14100], EntityKey[j.index.module.apply.resourcesUnion.entity.ResourcesUnion#14101], EntityKey[j.index.module.apply.resourcesUnion.entity.ResourcesUnion#14102], EntityKey[j.index.module.apply.resourcesUnion.entity.ResourcesUnion#14103], EntityKey[j.index.module.apply.resourcesUnion.entity.ResourcesUnion#14104], EntityKey[j.index.module.apply.resourcesUnion.entity.ResourcesUnion#14105], EntityKey[j.index.module.apply.resourcesUnion.entity.ResourcesUnion#14106], EntityKey[j.index.module.apply.resourcesUnion.entity.ResourcesUnion#14091], EntityKey[j.index.module.apply.resourcesUnion.entity.ResourcesUnion#14092], EntityKey[j.index.module.apply.resourcesUnion.entity.ResourcesUnion#14093], EntityKey[j.index.module.apply.resourcesUnion.entity.ResourcesUnion#14094], EntityKey[j.index.module.apply.resourcesUnion.entity.ResourcesUnion#14095], EntityKey[j.index.module.apply.resourcesUnion.entity.ResourcesUnion#14096], EntityKey[j.index.module.apply.resourcesUnion.entity.ResourcesUnion#14097], EntityKey[j.index.module.apply.resourcesUnion.entity.ResourcesUnion#14098], EntityKey[j.index.module.apply.resourcesUnion.entity.ResourcesUnion#14116], EntityKey[j.index.module.apply.resourcesUnion.entity.ResourcesUnion#14115], EntityKey[j.index.module.apply.resourcesUnion.entity.ResourcesUnion#14118], EntityKey[j.index.module.apply.resourcesUnion.entity.ResourcesUnion#14117], EntityKey[j.index.module.apply.resourcesUnion.entity.ResourcesUnion#14120], EntityKey[j.index.module.apply.resourcesUnion.entity.ResourcesUnion#14119], EntityKey[j.index.module.apply.resourcesUnion.entity.ResourcesUnion#14122], EntityKey[j.index.module.apply.resourcesUnion.entity.ResourcesUnion#14121], EntityKey[j.index.module.apply.resourcesUnion.entity.ResourcesUnion#14108], EntityKey[j.index.module.apply.resourcesUnion.entity.ResourcesUnion#14107], EntityKey[j.index.module.apply.resourcesUnion.entity.ResourcesUnion#14110], EntityKey[j.index.module.apply.resourcesUnion.entity.ResourcesUnion#14109], EntityKey[j.index.module.apply.resourcesUnion.entity.ResourcesUnion#14112], EntityKey[j.index.module.apply.resourcesUnion.entity.ResourcesUnion#14111], EntityKey[j.index.module.apply.resourcesUnion.entity.ResourcesUnion#14114], EntityKey[j.index.module.apply.resourcesUnion.entity.ResourcesUnion#14113], EntityKey[j.index.module.apply.resourcesUnion.entity.ResourcesUnion#14066], EntityKey[j.index.module.apply.resourcesUnion.entity.ResourcesUnion#14065], EntityKey[j.index.module.apply.resourcesUnion.entity.ResourcesUnion#14064], EntityKey[j.index.module.apply.resourcesUnion.entity.ResourcesUnion#14063], EntityKey[j.index.module.apply.resourcesUnion.entity.ResourcesUnion#14062], EntityKey[j.index.module.apply.resourcesUnion.entity.ResourcesUnion#14061], EntityKey[j.index.module.apply.resourcesUnion.entity.ResourcesUnion#14060], EntityKey[j.index.module.apply.resourcesUnion.entity.ResourcesUnion#14059], EntityKey[j.index.module.apply.resourcesUnion.entity.ResourcesUnion#14074], EntityKey[j.index.module.apply.resourcesUnion.entity.ResourcesUnion#14073], EntityKey[j.index.module.apply.resourcesUnion.entity.ResourcesUnion#14072], EntityKey[j.index.module.apply.resourcesUnion.entity.ResourcesUnion#14071], EntityKey[j.index.module.apply.resourcesUnion.entity.ResourcesUnion#14070], EntityKey[j.index.module.apply.resourcesUnion.entity.ResourcesUnion#14069], EntityKey[j.index.module.apply.resourcesUnion.entity.ResourcesUnion#14068], EntityKey[j.index.module.apply.resourcesUnion.entity.ResourcesUnion#14067], EntityKey[j.index.module.apply.resourcesUnion.entity.ResourcesUnion#14081], EntityKey[j.index.module.apply.resourcesUnion.entity.ResourcesUnion#14082], EntityKey[j.index.module.apply.resourcesUnion.entity.ResourcesUnion#14079], EntityKey[j.index.module.apply.resourcesUnion.entity.ResourcesUnion#14080], EntityKey[j.index.module.apply.resourcesUnion.entity.ResourcesUnion#14077], EntityKey[j.index.module.apply.resourcesUnion.entity.ResourcesUnion#14078], EntityKey[j.index.module.apply.resourcesUnion.entity.ResourcesUnion#14075], EntityKey[j.index.module.apply.resourcesUnion.entity.ResourcesUnion#14076], EntityKey[j.index.module.apply.resourcesUnion.entity.ResourcesUnion#14089], EntityKey[j.index.module.apply.resourcesUnion.entity.ResourcesUnion#14090], EntityKey[j.index.module.apply.resourcesUnion.entity.ResourcesUnion#14087], EntityKey[j.index.module.apply.resourcesUnion.entity.ResourcesUnion#14088], EntityKey[j.index.module.apply.resourcesUnion.entity.ResourcesUnion#14085], EntityKey[j.index.module.apply.resourcesUnion.entity.ResourcesUnion#14086], EntityKey[j.index.module.apply.resourcesUnion.entity.ResourcesUnion#14083], EntityKey[j.index.module.apply.resourcesUnion.entity.ResourcesUnion#14084], EntityKey[j.index.module.apply.resourcesUnion.entity.ResourcesUnion#14032], EntityKey[j.index.module.apply.resourcesUnion.entity.ResourcesUnion#14031], EntityKey[j.index.module.apply.resourcesUnion.entity.ResourcesUnion#14034], EntityKey[j.index.module.apply.resourcesUnion.entity.ResourcesUnion#14033], EntityKey[j.index.module.apply.resourcesUnion.entity.ResourcesUnion#14028], EntityKey[j.index.module.apply.resourcesUnion.entity.ResourcesUnion#14027], EntityKey[j.index.module.apply.resourcesUnion.entity.ResourcesUnion#14030], EntityKey[j.index.module.apply.resourcesUnion.entity.ResourcesUnion#14029], EntityKey[j.index.module.apply.resourcesUnion.entity.ResourcesUnion#14040], EntityKey[j.index.module.apply.resourcesUnion.entity.ResourcesUnion#14039], EntityKey[j.index.module.apply.resourcesUnion.entity.ResourcesUnion#14042], EntityKey[j.index.module.apply.resourcesUnion.entity.ResourcesUnion#14041], EntityKey[j.index.module.apply.resourcesUnion.entity.ResourcesUnion#14036], EntityKey[j.index.module.apply.resourcesUnion.entity.ResourcesUnion#14035], EntityKey[j.index.module.apply.resourcesUnion.entity.ResourcesUnion#14038], EntityKey[j.index.module.apply.resourcesUnion.entity.ResourcesUnion#14037], EntityKey[j.index.module.apply.resourcesUnion.entity.ResourcesUnion#14047], EntityKey[j.index.module.apply.resourcesUnion.entity.ResourcesUnion#14048], EntityKey[j.index.module.apply.resourcesUnion.entity.ResourcesUnion#14049], EntityKey[j.index.module.apply.resourcesUnion.entity.ResourcesUnion#14050], EntityKey[j.index.module.apply.resourcesUnion.entity.ResourcesUnion#14043], EntityKey[j.index.module.apply.resourcesUnion.entity.ResourcesUnion#14044], EntityKey[j.index.module.apply.resourcesUnion.entity.ResourcesUnion#14045], EntityKey[j.index.module.apply.resourcesUnion.entity.ResourcesUnion#14046], EntityKey[j.index.module.apply.resourcesUnion.entity.ResourcesUnion#14055], EntityKey[j.index.module.apply.resourcesUnion.entity.ResourcesUnion#14056], EntityKey[j.index.module.apply.resourcesUnion.entity.ResourcesUnion#14057], EntityKey[j.index.module.apply.resourcesUnion.entity.ResourcesUnion#14058], EntityKey[j.index.module.apply.resourcesUnion.entity.ResourcesUnion#14051], EntityKey[j.index.module.apply.resourcesUnion.entity.ResourcesUnion#14052], EntityKey[j.index.module.apply.resourcesUnion.entity.ResourcesUnion#14053], EntityKey[j.index.module.apply.resourcesUnion.entity.ResourcesUnion#14054], EntityKey[j.index.module.apply.resourcesUnion.entity.ResourcesUnion#13998], EntityKey[j.index.module.apply.resourcesUnion.entity.ResourcesUnion#13997], EntityKey[j.index.module.apply.resourcesUnion.entity.ResourcesUnion#13996], EntityKey[j.index.module.apply.resourcesUnion.entity.ResourcesUnion#13995], EntityKey[j.index.module.apply.resourcesUnion.entity.ResourcesUnion#14002], EntityKey[j.index.module.apply.resourcesUnion.entity.ResourcesUnion#14001], EntityKey[j.index.module.apply.resourcesUnion.entity.ResourcesUnion#14000], EntityKey[j.index.module.apply.resourcesUnion.entity.ResourcesUnion#13999], EntityKey[j.index.module.apply.resourcesUnion.entity.ResourcesUnion#14006], EntityKey[j.index.module.apply.resourcesUnion.entity.ResourcesUnion#14005], EntityKey[j.index.module.apply.resourcesUnion.entity.ResourcesUnion#14004], EntityKey[j.index.module.apply.resourcesUnion.entity.ResourcesUnion#14003], EntityKey[j.index.module.apply.resourcesUnion.entity.ResourcesUnion#14010], EntityKey[j.index.module.apply.resourcesUnion.entity.ResourcesUnion#14009], EntityKey[j.index.module.apply.resourcesUnion.entity.ResourcesUnion#14008], EntityKey[j.index.module.apply.resourcesUnion.entity.ResourcesUnion#14007], EntityKey[j.index.module.apply.resourcesUnion.entity.ResourcesUnion#14013], EntityKey[j.index.module.apply.resourcesUnion.entity.ResourcesUnion#14014], EntityKey[j.index.module.apply.resourcesUnion.entity.ResourcesUnion#14011], EntityKey[j.index.module.apply.resourcesUnion.entity.ResourcesUnion#14012], EntityKey[j.index.module.apply.resourcesUnion.entity.ResourcesUnion#14017], EntityKey[j.index.module.apply.resourcesUnion.entity.ResourcesUnion#14018], EntityKey[j.index.module.apply.resourcesUnion.entity.ResourcesUnion#14015], EntityKey[j.index.module.apply.resourcesUnion.entity.ResourcesUnion#14016], EntityKey[j.index.module.apply.resourcesUnion.entity.ResourcesUnion#14021], EntityKey[j.index.module.apply.resourcesUnion.entity.ResourcesUnion#14022], EntityKey[j.index.module.apply.resourcesUnion.entity.ResourcesUnion#14019], EntityKey[j.index.module.apply.resourcesUnion.entity.ResourcesUnion#14020], EntityKey[j.index.module.apply.resourcesUnion.entity.ResourcesUnion#14025], EntityKey[j.index.module.apply.resourcesUnion.entity.ResourcesUnion#14026], EntityKey[j.index.module.apply.resourcesUnion.entity.ResourcesUnion#14023], EntityKey[j.index.module.apply.resourcesUnion.entity.ResourcesUnion#14024], EntityKey[j.index.module.apply.resourcesUnion.entity.ResourcesUnion#13964], EntityKey[j.index.module.apply.resourcesUnion.entity.ResourcesUnion#13963], EntityKey[j.index.module.apply.resourcesUnion.entity.ResourcesUnion#13966], EntityKey[j.index.module.apply.resourcesUnion.entity.ResourcesUnion#13965], EntityKey[j.index.module.apply.resourcesUnion.entity.ResourcesUnion#13968], EntityKey[j.index.module.apply.resourcesUnion.entity.ResourcesUnion#13967], EntityKey[j.index.module.apply.resourcesUnion.entity.ResourcesUnion#13970], EntityKey[j.index.module.apply.resourcesUnion.entity.ResourcesUnion#13969], EntityKey[j.index.module.apply.resourcesUnion.entity.ResourcesUnion#13972], EntityKey[j.index.module.apply.resourcesUnion.entity.ResourcesUnion#13971], EntityKey[j.index.module.apply.resourcesUnion.entity.ResourcesUnion#13974], EntityKey[j.index.module.apply.resourcesUnion.entity.ResourcesUnion#13973], EntityKey[j.index.module.apply.resourcesUnion.entity.ResourcesUnion#13976], EntityKey[j.index.module.apply.resourcesUnion.entity.ResourcesUnion#13975], EntityKey[j.index.module.apply.resourcesUnion.entity.ResourcesUnion#13978], EntityKey[j.index.module.apply.resourcesUnion.entity.ResourcesUnion#13977], EntityKey[j.index.module.apply.resourcesUnion.entity.ResourcesUnion#13979], EntityKey[j.index.module.apply.resourcesUnion.entity.ResourcesUnion#13980], EntityKey[j.index.module.apply.resourcesUnion.entity.ResourcesUnion#13981], EntityKey[j.index.module.apply.resourcesUnion.entity.ResourcesUnion#13982], EntityKey[j.index.module.apply.resourcesUnion.entity.ResourcesUnion#13983], EntityKey[j.index.module.apply.resourcesUnion.entity.ResourcesUnion#13984], EntityKey[j.index.module.apply.resourcesUnion.entity.ResourcesUnion#13985], EntityKey[j.index.module.apply.resourcesUnion.entity.ResourcesUnion#13986], EntityKey[j.index.module.apply.resourcesUnion.entity.ResourcesUnion#13987], EntityKey[j.index.module.apply.resourcesUnion.entity.ResourcesUnion#13988], EntityKey[j.index.module.apply.resourcesUnion.entity.ResourcesUnion#13989], EntityKey[j.index.module.apply.resourcesUnion.entity.ResourcesUnion#13990], EntityKey[j.index.module.apply.resourcesUnion.entity.ResourcesUnion#13991], EntityKey[j.index.module.apply.resourcesUnion.entity.ResourcesUnion#13992], EntityKey[j.index.module.apply.resourcesUnion.entity.ResourcesUnion#13993], EntityKey[j.index.module.apply.resourcesUnion.entity.ResourcesUnion#13994], EntityKey[j.index.module.apply.resourcesUnion.entity.ResourcesUnion#13960], EntityKey[j.index.module.apply.resourcesUnion.entity.ResourcesUnion#13959], EntityKey[j.index.module.apply.resourcesUnion.entity.ResourcesUnion#13962], EntityKey[j.index.module.apply.resourcesUnion.entity.ResourcesUnion#13961], EntityKey[j.index.module.apply.resourcesUnion.entity.ResourcesUnion#13956], EntityKey[j.index.module.apply.resourcesUnion.entity.ResourcesUnion#13955], EntityKey[j.index.module.apply.resourcesUnion.entity.ResourcesUnion#13958], EntityKey[j.index.module.apply.resourcesUnion.entity.ResourcesUnion#13957], EntityKey[j.index.module.apply.resourcesUnion.entity.ResourcesUnion#13952], EntityKey[j.index.module.apply.resourcesUnion.entity.ResourcesUnion#13951], EntityKey[j.index.module.apply.resourcesUnion.entity.ResourcesUnion#13954], EntityKey[j.index.module.apply.resourcesUnion.entity.ResourcesUnion#13953], EntityKey[j.index.module.apply.resourcesUnion.entity.ResourcesUnion#13948], EntityKey[j.index.module.apply.resourcesUnion.entity.ResourcesUnion#13947], EntityKey[j.index.module.apply.resourcesUnion.entity.ResourcesUnion#13950], EntityKey[j.index.module.apply.resourcesUnion.entity.ResourcesUnion#13949], EntityKey[j.index.module.apply.resourcesUnion.entity.ResourcesUnion#13943], EntityKey[j.index.module.apply.resourcesUnion.entity.ResourcesUnion#13944], EntityKey[j.index.module.apply.resourcesUnion.entity.ResourcesUnion#13945], EntityKey[j.index.module.apply.resourcesUnion.entity.ResourcesUnion#13946], EntityKey[j.index.module.apply.resourcesUnion.entity.ResourcesUnion#13939], EntityKey[j.index.module.apply.resourcesUnion.entity.ResourcesUnion#13940], EntityKey[j.index.module.apply.resourcesUnion.entity.ResourcesUnion#13941], EntityKey[j.index.module.apply.resourcesUnion.entity.ResourcesUnion#13942], EntityKey[j.index.module.apply.resourcesUnion.entity.ResourcesUnion#13935], EntityKey[j.index.module.apply.resourcesUnion.entity.ResourcesUnion#13936], EntityKey[j.index.module.apply.resourcesUnion.entity.ResourcesUnion#13937], EntityKey[j.index.module.apply.resourcesUnion.entity.ResourcesUnion#13938], EntityKey[j.index.module.apply.resourcesUnion.entity.ResourcesUnion#13931], EntityKey[j.index.module.apply.resourcesUnion.entity.ResourcesUnion#13932], EntityKey[j.index.module.apply.resourcesUnion.entity.ResourcesUnion#13933], EntityKey[j.index.module.apply.resourcesUnion.entity.ResourcesUnion#13934], EntityKey[j.index.module.apply.resourcesUnion.entity.ResourcesUnion#13930], EntityKey[j.index.module.apply.resourcesUnion.entity.ResourcesUnion#13929], EntityKey[j.index.module.apply.resourcesUnion.entity.ResourcesUnion#13928], EntityKey[j.index.module.apply.resourcesUnion.entity.ResourcesUnion#13927], EntityKey[j.index.module.apply.resourcesUnion.entity.ResourcesUnion#13926], EntityKey[j.index.module.apply.resourcesUnion.entity.ResourcesUnion#13925], EntityKey[j.index.module.apply.resourcesUnion.entity.ResourcesUnion#13924], EntityKey[j.index.module.apply.resourcesUnion.entity.ResourcesUnion#13923], EntityKey[j.index.module.apply.resourcesUnion.entity.ResourcesUnion#13922], EntityKey[j.index.module.apply.resourcesUnion.entity.ResourcesUnion#13921], EntityKey[j.index.module.apply.resourcesUnion.entity.ResourcesUnion#13920], EntityKey[j.index.module.apply.resourcesUnion.entity.ResourcesUnion#13919], EntityKey[j.index.module.apply.resourcesUnion.entity.ResourcesUnion#13918], EntityKey[j.index.module.apply.resourcesUnion.entity.ResourcesUnion#13917], EntityKey[j.index.module.apply.resourcesUnion.entity.ResourcesUnion#13916], EntityKey[j.index.module.apply.resourcesUnion.entity.ResourcesUnion#13915], EntityKey[j.index.module.apply.resourcesUnion.entity.ResourcesUnion#13913], EntityKey[j.index.module.apply.resourcesUnion.entity.ResourcesUnion#13914], EntityKey[j.index.module.apply.resourcesUnion.entity.ResourcesUnion#13911], EntityKey[j.index.module.apply.resourcesUnion.entity.ResourcesUnion#13912], EntityKey[j.index.module.apply.resourcesUnion.entity.ResourcesUnion#13909], EntityKey[j.index.module.apply.resourcesUnion.entity.ResourcesUnion#13910], EntityKey[j.index.module.apply.resourcesUnion.entity.ResourcesUnion#13907], EntityKey[j.index.module.apply.resourcesUnion.entity.ResourcesUnion#13908], EntityKey[j.index.module.apply.resourcesUnion.entity.ResourcesUnion#13905], EntityKey[j.index.module.apply.resourcesUnion.entity.ResourcesUnion#13906], EntityKey[j.index.module.apply.resourcesUnion.entity.ResourcesUnion#13903], EntityKey[j.index.module.apply.resourcesUnion.entity.ResourcesUnion#13904], EntityKey[j.index.module.apply.resourcesUnion.entity.ResourcesUnion#13901], EntityKey[j.index.module.apply.resourcesUnion.entity.ResourcesUnion#13902], EntityKey[j.index.module.apply.resourcesUnion.entity.ResourcesUnion#13899], EntityKey[j.index.module.apply.resourcesUnion.entity.ResourcesUnion#13900], EntityKey[j.index.module.apply.resourcesUnion.entity.ResourcesUnion#13892], EntityKey[j.index.module.apply.resourcesUnion.entity.ResourcesUnion#13891], EntityKey[j.index.module.apply.resourcesUnion.entity.ResourcesUnion#13894], EntityKey[j.index.module.apply.resourcesUnion.entity.ResourcesUnion#13893], EntityKey[j.index.module.apply.resourcesUnion.entity.ResourcesUnion#13896], EntityKey[j.index.module.apply.resourcesUnion.entity.ResourcesUnion#13895], EntityKey[j.index.module.apply.resourcesUnion.entity.ResourcesUnion#13898], EntityKey[j.index.module.apply.resourcesUnion.entity.ResourcesUnion#13897], EntityKey[j.index.module.apply.resourcesUnion.entity.ResourcesUnion#13884], EntityKey[j.index.module.apply.resourcesUnion.entity.ResourcesUnion#13883], EntityKey[j.index.module.apply.resourcesUnion.entity.ResourcesUnion#13886], EntityKey[j.index.module.apply.resourcesUnion.entity.ResourcesUnion#13885], EntityKey[j.index.module.apply.resourcesUnion.entity.ResourcesUnion#13888], EntityKey[j.index.module.apply.resourcesUnion.entity.ResourcesUnion#13887], EntityKey[j.index.module.apply.resourcesUnion.entity.ResourcesUnion#13890], EntityKey[j.index.module.apply.resourcesUnion.entity.ResourcesUnion#13889], EntityKey[j.index.module.apply.resourcesUnion.entity.ResourcesUnion#13875], EntityKey[j.index.module.apply.resourcesUnion.entity.ResourcesUnion#13876], EntityKey[j.index.module.apply.resourcesUnion.entity.ResourcesUnion#13877], EntityKey[j.index.module.apply.resourcesUnion.entity.ResourcesUnion#13878], EntityKey[j.index.module.apply.resourcesUnion.entity.ResourcesUnion#13879], EntityKey[j.index.module.apply.resourcesUnion.entity.ResourcesUnion#13880], EntityKey[j.index.module.apply.resourcesUnion.entity.ResourcesUnion#13881], EntityKey[j.index.module.apply.resourcesUnion.entity.ResourcesUnion#13882], EntityKey[j.index.module.apply.resourcesUnion.entity.ResourcesUnion#13867], EntityKey[j.index.module.apply.resourcesUnion.entity.ResourcesUnion#13868], EntityKey[j.index.module.apply.resourcesUnion.entity.ResourcesUnion#13869], EntityKey[j.index.module.apply.resourcesUnion.entity.ResourcesUnion#13870], EntityKey[j.index.module.apply.resourcesUnion.entity.ResourcesUnion#13871], EntityKey[j.index.module.apply.resourcesUnion.entity.ResourcesUnion#13872], EntityKey[j.index.module.apply.resourcesUnion.entity.ResourcesUnion#13873], EntityKey[j.index.module.apply.resourcesUnion.entity.ResourcesUnion#13874], EntityKey[j.index.module.apply.resourcesUnion.entity.ResourcesUnion#13862], EntityKey[j.index.module.apply.resourcesUnion.entity.ResourcesUnion#13861], EntityKey[j.index.module.apply.resourcesUnion.entity.ResourcesUnion#13860], EntityKey[j.index.module.apply.resourcesUnion.entity.ResourcesUnion#13859], EntityKey[j.index.module.apply.resourcesUnion.entity.ResourcesUnion#13866], EntityKey[j.index.module.apply.resourcesUnion.entity.ResourcesUnion#13865], EntityKey[j.index.module.apply.resourcesUnion.entity.ResourcesUnion#13864], EntityKey[j.index.module.apply.resourcesUnion.entity.ResourcesUnion#13863], EntityKey[j.index.module.apply.resourcesUnion.entity.ResourcesUnion#13854], EntityKey[j.index.module.apply.resourcesUnion.entity.ResourcesUnion#13853], EntityKey[j.index.module.apply.resourcesUnion.entity.ResourcesUnion#13852], EntityKey[j.index.module.apply.resourcesUnion.entity.ResourcesUnion#13851], EntityKey[j.index.module.apply.resourcesUnion.entity.ResourcesUnion#13858], EntityKey[j.index.module.apply.resourcesUnion.entity.ResourcesUnion#13857], EntityKey[j.index.module.apply.resourcesUnion.entity.ResourcesUnion#13856], EntityKey[j.index.module.apply.resourcesUnion.entity.ResourcesUnion#13855], EntityKey[j.index.module.apply.resourcesUnion.entity.ResourcesUnion#13845], EntityKey[j.index.module.apply.resourcesUnion.entity.ResourcesUnion#13846], EntityKey[j.index.module.apply.resourcesUnion.entity.ResourcesUnion#13843], EntityKey[j.index.module.apply.resourcesUnion.entity.ResourcesUnion#13844], EntityKey[j.index.module.apply.resourcesUnion.entity.ResourcesUnion#13849], EntityKey[j.index.module.apply.resourcesUnion.entity.ResourcesUnion#13850], EntityKey[j.index.module.apply.resourcesUnion.entity.ResourcesUnion#13847], EntityKey[j.index.module.apply.resourcesUnion.entity.ResourcesUnion#13848], EntityKey[j.index.module.apply.resourcesUnion.entity.ResourcesUnion#13837], EntityKey[j.index.module.apply.resourcesUnion.entity.ResourcesUnion#13838], EntityKey[j.index.module.apply.resourcesUnion.entity.ResourcesUnion#13835], EntityKey[j.index.module.apply.resourcesUnion.entity.ResourcesUnion#13836], EntityKey[j.index.module.apply.resourcesUnion.entity.ResourcesUnion#13841], EntityKey[j.index.module.apply.resourcesUnion.entity.ResourcesUnion#13842], EntityKey[j.index.module.apply.resourcesUnion.entity.ResourcesUnion#13839], EntityKey[j.index.module.apply.resourcesUnion.entity.ResourcesUnion#13840], EntityKey[j.index.module.apply.resourcesUnion.entity.ResourcesUnion#13823], EntityKey[j.index.module.apply.resourcesUnion.entity.ResourcesUnion#13824], EntityKey[j.index.module.apply.resourcesUnion.entity.ResourcesUnion#13825], EntityKey[j.index.module.apply.resourcesUnion.entity.ResourcesUnion#13826], EntityKey[j.index.module.apply.resourcesUnion.entity.ResourcesUnion#13819], EntityKey[j.index.module.apply.resourcesUnion.entity.ResourcesUnion#13820], EntityKey[j.index.module.apply.resourcesUnion.entity.ResourcesUnion#13821], EntityKey[j.index.module.apply.resourcesUnion.entity.ResourcesUnion#13822], EntityKey[j.index.module.apply.resourcesUnion.entity.ResourcesUnion#13831], EntityKey[j.index.module.apply.resourcesUnion.entity.ResourcesUnion#13832], EntityKey[j.index.module.apply.resourcesUnion.entity.ResourcesUnion#13833], EntityKey[j.index.module.apply.resourcesUnion.entity.ResourcesUnion#13834], EntityKey[j.index.module.apply.resourcesUnion.entity.ResourcesUnion#13827], EntityKey[j.index.module.apply.resourcesUnion.entity.ResourcesUnion#13828], EntityKey[j.index.module.apply.resourcesUnion.entity.ResourcesUnion#13829], EntityKey[j.index.module.apply.resourcesUnion.entity.ResourcesUnion#13830], EntityKey[j.index.module.apply.resourcesUnion.entity.ResourcesUnion#13808], EntityKey[j.index.module.apply.resourcesUnion.entity.ResourcesUnion#13807], EntityKey[j.index.module.apply.resourcesUnion.entity.ResourcesUnion#13810], EntityKey[j.index.module.apply.resourcesUnion.entity.ResourcesUnion#13809], EntityKey[j.index.module.apply.resourcesUnion.entity.ResourcesUnion#13804], EntityKey[j.index.module.apply.resourcesUnion.entity.ResourcesUnion#13803], EntityKey[j.index.module.apply.resourcesUnion.entity.ResourcesUnion#13806], EntityKey[j.index.module.apply.resourcesUnion.entity.ResourcesUnion#13805], EntityKey[j.index.module.apply.resourcesUnion.entity.ResourcesUnion#13816], EntityKey[j.index.module.apply.resourcesUnion.entity.ResourcesUnion#13815], EntityKey[j.index.module.apply.resourcesUnion.entity.ResourcesUnion#13818], EntityKey[j.index.module.apply.resourcesUnion.entity.ResourcesUnion#13817], EntityKey[j.index.module.apply.resourcesUnion.entity.ResourcesUnion#13812], EntityKey[j.index.module.apply.resourcesUnion.entity.ResourcesUnion#13811], EntityKey[j.index.module.apply.resourcesUnion.entity.ResourcesUnion#13814], EntityKey[j.index.module.apply.resourcesUnion.entity.ResourcesUnion#13813], EntityKey[j.index.module.apply.resourcesUnion.entity.ResourcesUnion#13793], EntityKey[j.index.module.apply.resourcesUnion.entity.ResourcesUnion#13794], EntityKey[j.index.module.apply.resourcesUnion.entity.ResourcesUnion#13791], EntityKey[j.index.module.apply.resourcesUnion.entity.ResourcesUnion#13792], EntityKey[j.index.module.apply.resourcesUnion.entity.ResourcesUnion#13789], EntityKey[j.index.module.apply.resourcesUnion.entity.ResourcesUnion#13790], EntityKey[j.index.module.apply.resourcesUnion.entity.ResourcesUnion#13787], EntityKey[j.index.module.apply.resourcesUnion.entity.ResourcesUnion#13788], EntityKey[j.index.module.apply.resourcesUnion.entity.ResourcesUnion#13801], EntityKey[j.index.module.apply.resourcesUnion.entity.ResourcesUnion#13802], EntityKey[j.index.module.apply.resourcesUnion.entity.ResourcesUnion#13799], EntityKey[j.index.module.apply.resourcesUnion.entity.ResourcesUnion#13800], EntityKey[j.index.module.apply.resourcesUnion.entity.ResourcesUnion#13797], EntityKey[j.index.module.apply.resourcesUnion.entity.ResourcesUnion#13798], EntityKey[j.index.module.apply.resourcesUnion.entity.ResourcesUnion#13795], EntityKey[j.index.module.apply.resourcesUnion.entity.ResourcesUnion#13796], EntityKey[j.index.module.apply.resourcesUnion.entity.ResourcesUnion#13778], EntityKey[j.index.module.apply.resourcesUnion.entity.ResourcesUnion#13777], EntityKey[j.index.module.apply.resourcesUnion.entity.ResourcesUnion#13776], EntityKey[j.index.module.apply.resourcesUnion.entity.ResourcesUnion#13775], EntityKey[j.index.module.apply.resourcesUnion.entity.ResourcesUnion#13774], EntityKey[j.index.module.apply.resourcesUnion.entity.ResourcesUnion#13773], EntityKey[j.index.module.apply.resourcesUnion.entity.ResourcesUnion#13772], EntityKey[j.index.module.apply.resourcesUnion.entity.ResourcesUnion#13771], EntityKey[j.index.module.apply.resourcesUnion.entity.ResourcesUnion#13786], EntityKey[j.index.module.apply.resourcesUnion.entity.ResourcesUnion#13785], EntityKey[j.index.module.apply.resourcesUnion.entity.ResourcesUnion#13784], EntityKey[j.index.module.apply.resourcesUnion.entity.ResourcesUnion#13783], EntityKey[j.index.module.apply.resourcesUnion.entity.ResourcesUnion#13782], EntityKey[j.index.module.apply.resourcesUnion.entity.ResourcesUnion#13781], EntityKey[j.index.module.apply.resourcesUnion.entity.ResourcesUnion#13780], EntityKey[j.index.module.apply.resourcesUnion.entity.ResourcesUnion#13779], EntityKey[j.index.module.apply.resourcesUnion.entity.ResourcesUnion#13755], EntityKey[j.index.module.apply.resourcesUnion.entity.ResourcesUnion#13756], EntityKey[j.index.module.apply.resourcesUnion.entity.ResourcesUnion#13757], EntityKey[j.index.module.apply.resourcesUnion.entity.ResourcesUnion#13758], EntityKey[j.index.module.apply.resourcesUnion.entity.ResourcesUnion#13759], EntityKey[j.index.module.apply.resourcesUnion.entity.ResourcesUnion#13760], EntityKey[j.index.module.apply.resourcesUnion.entity.ResourcesUnion#13761], EntityKey[j.index.module.apply.resourcesUnion.entity.ResourcesUnion#13762], EntityKey[j.index.module.apply.resourcesUnion.entity.ResourcesUnion#13763], EntityKey[j.index.module.apply.resourcesUnion.entity.ResourcesUnion#13764], EntityKey[j.index.module.apply.resourcesUnion.entity.ResourcesUnion#13765], EntityKey[j.index.module.apply.resourcesUnion.entity.ResourcesUnion#13766], EntityKey[j.index.module.apply.resourcesUnion.entity.ResourcesUnion#13767], EntityKey[j.index.module.apply.resourcesUnion.entity.ResourcesUnion#13768], EntityKey[j.index.module.apply.resourcesUnion.entity.ResourcesUnion#13769], EntityKey[j.index.module.apply.resourcesUnion.entity.ResourcesUnion#13770], EntityKey[j.index.module.apply.resourcesUnion.entity.ResourcesUnion#13740], EntityKey[j.index.module.apply.resourcesUnion.entity.ResourcesUnion#13739], EntityKey[j.index.module.apply.resourcesUnion.entity.ResourcesUnion#13742], EntityKey[j.index.module.apply.resourcesUnion.entity.ResourcesUnion#13741], EntityKey[j.index.module.apply.resourcesUnion.entity.ResourcesUnion#13744], EntityKey[j.index.module.apply.resourcesUnion.entity.ResourcesUnion#13743], EntityKey[j.index.module.apply.resourcesUnion.entity.ResourcesUnion#13746], EntityKey[j.index.module.apply.resourcesUnion.entity.ResourcesUnion#13745], EntityKey[j.index.module.apply.resourcesUnion.entity.ResourcesUnion#13748], EntityKey[j.index.module.apply.resourcesUnion.entity.ResourcesUnion#13747], EntityKey[j.index.module.apply.resourcesUnion.entity.ResourcesUnion#13750], EntityKey[j.index.module.apply.resourcesUnion.entity.ResourcesUnion#13749], EntityKey[j.index.module.apply.resourcesUnion.entity.ResourcesUnion#13752], EntityKey[j.index.module.apply.resourcesUnion.entity.ResourcesUnion#13751], EntityKey[j.index.module.apply.resourcesUnion.entity.ResourcesUnion#13754], EntityKey[j.index.module.apply.resourcesUnion.entity.ResourcesUnion#13753], EntityKey[j.index.module.apply.resourcesUnion.entity.ResourcesUnion#13725], EntityKey[j.index.module.apply.resourcesUnion.entity.ResourcesUnion#13726], EntityKey[j.index.module.apply.resourcesUnion.entity.ResourcesUnion#13723], EntityKey[j.index.module.apply.resourcesUnion.entity.ResourcesUnion#13724], EntityKey[j.index.module.apply.resourcesUnion.entity.ResourcesUnion#13729], EntityKey[j.index.module.apply.resourcesUnion.entity.ResourcesUnion#13730], EntityKey[j.index.module.apply.resourcesUnion.entity.ResourcesUnion#13727], EntityKey[j.index.module.apply.resourcesUnion.entity.ResourcesUnion#13728], EntityKey[j.index.module.apply.resourcesUnion.entity.ResourcesUnion#13733], EntityKey[j.index.module.apply.resourcesUnion.entity.ResourcesUnion#13734], EntityKey[j.index.module.apply.resourcesUnion.entity.ResourcesUnion#13731], EntityKey[j.index.module.apply.resourcesUnion.entity.ResourcesUnion#13732], EntityKey[j.index.module.apply.resourcesUnion.entity.ResourcesUnion#13737], EntityKey[j.index.module.apply.resourcesUnion.entity.ResourcesUnion#13738], EntityKey[j.index.module.apply.resourcesUnion.entity.ResourcesUnion#13735], EntityKey[j.index.module.apply.resourcesUnion.entity.ResourcesUnion#13736], EntityKey[j.index.module.apply.resourcesUnion.entity.ResourcesUnion#13710], EntityKey[j.index.module.apply.resourcesUnion.entity.ResourcesUnion#13709], EntityKey[j.index.module.apply.resourcesUnion.entity.ResourcesUnion#13708], EntityKey[j.index.module.apply.resourcesUnion.entity.ResourcesUnion#13707], EntityKey[j.index.module.apply.resourcesUnion.entity.ResourcesUnion#13714], EntityKey[j.index.module.apply.resourcesUnion.entity.ResourcesUnion#13713], EntityKey[j.index.module.apply.resourcesUnion.entity.ResourcesUnion#13712], EntityKey[j.index.module.apply.resourcesUnion.entity.ResourcesUnion#13711], EntityKey[j.index.module.apply.resourcesUnion.entity.ResourcesUnion#13718], EntityKey[j.index.module.apply.resourcesUnion.entity.ResourcesUnion#13717], EntityKey[j.index.module.apply.resourcesUnion.entity.ResourcesUnion#13716], EntityKey[j.index.module.apply.resourcesUnion.entity.ResourcesUnion#13715], EntityKey[j.index.module.apply.resourcesUnion.entity.ResourcesUnion#13722], EntityKey[j.index.module.apply.resourcesUnion.entity.ResourcesUnion#13721], EntityKey[j.index.module.apply.resourcesUnion.entity.ResourcesUnion#13720], EntityKey[j.index.module.apply.resourcesUnion.entity.ResourcesUnion#13719]],collectionKeys=[]];ActionQueue[insertions=org.hibernate.engine.spi.ExecutableList@16ebd2a updates=org.hibernate.engine.spi.ExecutableList@14550bb deletions=org.hibernate.engine.spi.ExecutableList@1b75f15 orphanRemovals=org.hibernate.engine.spi.ExecutableList@1c39c2e collectionCreations=org.hibernate.engine.spi.ExecutableList@142991e collectionRemovals=org.hibernate.engine.spi.ExecutableList@152a20a collectionUpdates=org.hibernate.engine.spi.ExecutableList@c7dc6 collectionQueuedOps=org.hibernate.engine.spi.ExecutableList@158a9b unresolvedInsertDependencies=UnresolvedEntityInsertActions[]])]
[2014-11-03 14:14:40,853] DEBUG (DataSourceUtils.java:213).resetConnectionAfterTransaction - Resetting isolation level of JDBC Connection [org.apache.commons.dbcp.PoolableConnection@14982bc] to 4
[2014-11-03 14:14:40,883] DEBUG (HibernateTransactionManager.java:633).doCleanupAfterCompletion - Closing Hibernate Session [SessionImpl(PersistenceContext[entityKeys=[EntityKey[j.index.module.apply.resourcesUnion.entity.ResourcesUnion#2], EntityKey[j.index.core.security.accountNumber.entity.AccountNumber#1], EntityKey[j.index.module.apply.resourcesUnion.entity.ResourcesUnion#1], EntityKey[j.index.module.apply.resourcesUnion.entity.ResourcesUnion#6], EntityKey[j.index.module.apply.resourcesUnion.entity.ResourcesUnion#5], EntityKey[j.index.module.apply.resourcesUnion.entity.ResourcesUnion#4], EntityKey[j.index.module.apply.resourcesUnion.entity.ResourcesUnion#3], EntityKey[j.index.module.apply.resourcesUnion.entity.ResourcesUnion#10], EntityKey[j.index.module.apply.resourcesUnion.entity.ResourcesUnion#9], EntityKey[j.index.module.apply.resourcesUnion.entity.ResourcesUnion#8], EntityKey[j.index.module.apply.resourcesUnion.entity.ResourcesUnion#7], EntityKey[j.index.module.apply.resourcesUnion.entity.ResourcesUnion#58], EntityKey[j.index.module.apply.resourcesUnion.entity.ResourcesUnion#57], EntityKey[j.index.module.apply.resourcesUnion.entity.ResourcesUnion#56], EntityKey[j.index.module.apply.resourcesUnion.entity.ResourcesUnion#55], EntityKey[j.index.module.apply.resourcesUnion.entity.ResourcesUnion#54], EntityKey[j.index.module.apply.resourcesUnion.entity.ResourcesUnion#53], EntityKey[j.index.module.apply.resourcesUnion.entity.ResourcesUnion#52], EntityKey[j.index.module.apply.resourcesUnion.entity.ResourcesUnion#51], EntityKey[j.index.module.apply.resourcesUnion.entity.ResourcesUnion#50], EntityKey[j.index.module.apply.resourcesUnion.entity.ResourcesUnion#49], EntityKey[j.index.module.apply.resourcesUnion.entity.ResourcesUnion#48], EntityKey[j.index.module.apply.resourcesUnion.entity.ResourcesUnion#47], EntityKey[j.index.module.apply.resourcesUnion.entity.ResourcesUnion#46], EntityKey[j.index.module.apply.resourcesUnion.entity.ResourcesUnion#45], EntityKey[j.index.module.apply.resourcesUnion.entity.ResourcesUnion#44], EntityKey[j.index.module.apply.resourcesUnion.entity.ResourcesUnion#43], EntityKey[j.index.module.apply.resourcesUnion.entity.ResourcesUnion#73], EntityKey[j.index.module.apply.resourcesUnion.entity.ResourcesUnion#74], EntityKey[j.index.module.apply.resourcesUnion.entity.ResourcesUnion#71], EntityKey[j.index.module.apply.resourcesUnion.entity.ResourcesUnion#72], EntityKey[j.index.module.apply.resourcesUnion.entity.ResourcesUnion#69], EntityKey[j.index.module.apply.resourcesUnion.entity.ResourcesUnion#70], EntityKey[j.index.module.apply.resourcesUnion.entity.ResourcesUnion#67], EntityKey[j.index.module.apply.resourcesUnion.entity.ResourcesUnion#68], EntityKey[j.index.module.apply.resourcesUnion.entity.ResourcesUnion#65], EntityKey[j.index.module.apply.resourcesUnion.entity.ResourcesUnion#66], EntityKey[j.index.module.apply.resourcesUnion.entity.ResourcesUnion#63], EntityKey[j.index.module.apply.resourcesUnion.entity.ResourcesUnion#64], EntityKey[j.index.module.apply.resourcesUnion.entity.ResourcesUnion#61], EntityKey[j.index.module.apply.resourcesUnion.entity.ResourcesUnion#62], EntityKey[j.index.module.apply.resourcesUnion.entity.ResourcesUnion#59], EntityKey[j.index.module.apply.resourcesUnion.entity.ResourcesUnion#60], EntityKey[j.index.module.apply.resourcesUnion.entity.ResourcesUnion#24], EntityKey[j.index.module.apply.resourcesUnion.entity.ResourcesUnion#23], EntityKey[j.index.module.apply.resourcesUnion.entity.ResourcesUnion#26], EntityKey[j.index.module.apply.resourcesUnion.entity.ResourcesUnion#25], EntityKey[j.index.module.apply.resourcesUnion.entity.ResourcesUnion#20], EntityKey[j.index.module.apply.resourcesUnion.entity.ResourcesUnion#19], EntityKey[j.index.module.apply.resourcesUnion.entity.ResourcesUnion#22], EntityKey[j.index.module.apply.resourcesUnion.entity.ResourcesUnion#21], EntityKey[j.index.module.apply.resourcesUnion.entity.ResourcesUnion#16], EntityKey[j.index.module.apply.resourcesUnion.entity.ResourcesUnion#15], EntityKey[j.index.module.apply.resourcesUnion.entity.ResourcesUnion#18], EntityKey[j.index.module.apply.resourcesUnion.entity.ResourcesUnion#17], EntityKey[j.index.module.apply.resourcesUnion.entity.ResourcesUnion#12], EntityKey[j.index.module.apply.resourcesUnion.entity.ResourcesUnion#11], EntityKey[j.index.module.apply.resourcesUnion.entity.ResourcesUnion#14], EntityKey[j.index.module.apply.resourcesUnion.entity.ResourcesUnion#13], EntityKey[j.index.module.apply.resourcesUnion.entity.ResourcesUnion#39], EntityKey[j.index.module.apply.resourcesUnion.entity.ResourcesUnion#40], EntityKey[j.index.module.apply.resourcesUnion.entity.ResourcesUnion#41], EntityKey[j.index.module.apply.resourcesUnion.entity.ResourcesUnion#42], EntityKey[j.index.module.apply.resourcesUnion.entity.ResourcesUnion#35], EntityKey[j.index.module.apply.resourcesUnion.entity.ResourcesUnion#36], EntityKey[j.index.module.apply.resourcesUnion.entity.ResourcesUnion#37], EntityKey[j.index.module.apply.resourcesUnion.entity.ResourcesUnion#38], EntityKey[j.index.module.apply.resourcesUnion.entity.ResourcesUnion#31], EntityKey[j.index.module.apply.resourcesUnion.entity.ResourcesUnion#32], EntityKey[j.index.module.apply.resourcesUnion.entity.ResourcesUnion#33], EntityKey[j.index.module.apply.resourcesUnion.entity.ResourcesUnion#34], EntityKey[j.index.module.apply.resourcesUnion.entity.ResourcesUnion#27], EntityKey[j.index.module.apply.resourcesUnion.entity.ResourcesUnion#28], EntityKey[j.index.module.apply.resourcesUnion.entity.ResourcesUnion#29], EntityKey[j.index.module.apply.resourcesUnion.entity.ResourcesUnion#30], EntityKey[j.index.module.apply.resourcesUnion.entity.ResourcesUnion#118], EntityKey[j.index.module.apply.resourcesUnion.entity.ResourcesUnion#117], EntityKey[j.index.module.apply.resourcesUnion.entity.ResourcesUnion#116], EntityKey[j.index.module.apply.resourcesUnion.entity.ResourcesUnion#115], EntityKey[j.index.module.apply.resourcesUnion.entity.ResourcesUnion#122], EntityKey[j.index.module.apply.resourcesUnion.entity.ResourcesUnion#121], EntityKey[j.index.module.apply.resourcesUnion.entity.ResourcesUnion#120], EntityKey[j.index.module.apply.resourcesUnion.entity.ResourcesUnion#119], EntityKey[j.index.module.apply.resourcesUnion.entity.ResourcesUnion#110], EntityKey[j.index.module.apply.resourcesUnion.entity.ResourcesUnion#109], EntityKey[j.index.module.apply.resourcesUnion.entity.ResourcesUnion#108], EntityKey[j.index.module.apply.resourcesUnion.entity.ResourcesUnion#107], EntityKey[j.index.module.apply.resourcesUnion.entity.ResourcesUnion#114], EntityKey[j.index.module.apply.resourcesUnion.entity.ResourcesUnion#113], EntityKey[j.index.module.apply.resourcesUnion.entity.ResourcesUnion#112], EntityKey[j.index.module.apply.resourcesUnion.entity.ResourcesUnion#111], EntityKey[j.index.module.apply.resourcesUnion.entity.ResourcesUnion#133], EntityKey[j.index.module.apply.resourcesUnion.entity.ResourcesUnion#134], EntityKey[j.index.module.apply.resourcesUnion.entity.ResourcesUnion#131], EntityKey[j.index.module.apply.resourcesUnion.entity.ResourcesUnion#132], EntityKey[j.index.module.apply.resourcesUnion.entity.ResourcesUnion#137], EntityKey[j.index.module.apply.resourcesUnion.entity.ResourcesUnion#138], EntityKey[j.index.module.apply.resourcesUnion.entity.ResourcesUnion#135], EntityKey[j.index.module.apply.resourcesUnion.entity.ResourcesUnion#136], EntityKey[j.index.module.apply.resourcesUnion.entity.ResourcesUnion#125], EntityKey[j.index.module.apply.resourcesUnion.entity.ResourcesUnion#126], EntityKey[j.index.module.apply.resourcesUnion.entity.ResourcesUnion#123], EntityKey[j.index.module.apply.resourcesUnion.entity.ResourcesUnion#124], EntityKey[j.index.module.apply.resourcesUnion.entity.ResourcesUnion#129], EntityKey[j.index.module.apply.resourcesUnion.entity.ResourcesUnion#130], EntityKey[j.index.module.apply.resourcesUnion.entity.ResourcesUnion#127], EntityKey[j.index.module.apply.resourcesUnion.entity.ResourcesUnion#128], EntityKey[j.index.module.apply.resourcesUnion.entity.ResourcesUnion#84], EntityKey[j.index.module.apply.resourcesUnion.entity.ResourcesUnion#83], EntityKey[j.index.module.apply.resourcesUnion.entity.ResourcesUnion#86], EntityKey[j.index.module.apply.resourcesUnion.entity.ResourcesUnion#85], EntityKey[j.index.module.apply.resourcesUnion.entity.ResourcesUnion#88], EntityKey[j.index.module.apply.resourcesUnion.entity.ResourcesUnion#87], EntityKey[j.index.module.apply.resourcesUnion.entity.ResourcesUnion#90], EntityKey[j.index.module.apply.resourcesUnion.entity.ResourcesUnion#89], EntityKey[j.index.module.apply.resourcesUnion.entity.ResourcesUnion#76], EntityKey[j.index.module.apply.resourcesUnion.entity.ResourcesUnion#75], EntityKey[j.index.module.apply.resourcesUnion.entity.ResourcesUnion#78], EntityKey[j.index.module.apply.resourcesUnion.entity.ResourcesUnion#77], EntityKey[j.index.module.apply.resourcesUnion.entity.ResourcesUnion#80], EntityKey[j.index.module.apply.resourcesUnion.entity.ResourcesUnion#79], EntityKey[j.index.module.apply.resourcesUnion.entity.ResourcesUnion#82], EntityKey[j.index.module.apply.resourcesUnion.entity.ResourcesUnion#81], EntityKey[j.index.module.apply.resourcesUnion.entity.ResourcesUnion#99], EntityKey[j.index.module.apply.resourcesUnion.entity.ResourcesUnion#100], EntityKey[j.index.module.apply.resourcesUnion.entity.ResourcesUnion#101], EntityKey[j.index.module.apply.resourcesUnion.entity.ResourcesUnion#102], EntityKey[j.index.module.apply.resourcesUnion.entity.ResourcesUnion#103], EntityKey[j.index.module.apply.resourcesUnion.entity.ResourcesUnion#104], EntityKey[j.index.module.apply.resourcesUnion.entity.ResourcesUnion#105], EntityKey[j.index.module.apply.resourcesUnion.entity.ResourcesUnion#106], EntityKey[j.index.module.apply.resourcesUnion.entity.ResourcesUnion#91], EntityKey[j.index.module.apply.resourcesUnion.entity.ResourcesUnion#92], EntityKey[j.index.module.apply.resourcesUnion.entity.ResourcesUnion#93], EntityKey[j.index.module.apply.resourcesUnion.entity.ResourcesUnion#94], EntityKey[j.index.module.apply.resourcesUnion.entity.ResourcesUnion#95], EntityKey[j.index.module.apply.resourcesUnion.entity.ResourcesUnion#96], EntityKey[j.index.module.apply.resourcesUnion.entity.ResourcesUnion#97], EntityKey[j.index.module.apply.resourcesUnion.entity.ResourcesUnion#98], EntityKey[j.index.module.apply.resourcesUnion.entity.ResourcesUnion#192], EntityKey[j.index.module.apply.resourcesUnion.entity.ResourcesUnion#191], EntityKey[j.index.module.apply.resourcesUnion.entity.ResourcesUnion#194], EntityKey[j.index.module.apply.resourcesUnion.entity.ResourcesUnion#193], EntityKey[j.index.module.apply.resourcesUnion.entity.ResourcesUnion#188], EntityKey[j.index.module.apply.resourcesUnion.entity.ResourcesUnion#187], EntityKey[j.index.module.apply.resourcesUnion.entity.ResourcesUnion#190], EntityKey[j.index.module.apply.resourcesUnion.entity.ResourcesUnion#189], EntityKey[j.index.module.apply.resourcesUnion.entity.ResourcesUnion#200], EntityKey[j.index.module.apply.resourcesUnion.entity.ResourcesUnion#199], EntityKey[j.index.module.apply.resourcesUnion.entity.ResourcesUnion#202], EntityKey[j.index.module.apply.resourcesUnion.entity.ResourcesUnion#201], EntityKey[j.index.module.apply.resourcesUnion.entity.ResourcesUnion#196], EntityKey[j.index.module.apply.resourcesUnion.entity.ResourcesUnion#195], EntityKey[j.index.module.apply.resourcesUnion.entity.ResourcesUnion#198], EntityKey[j.index.module.apply.resourcesUnion.entity.ResourcesUnion#197], EntityKey[j.index.module.apply.resourcesUnion.entity.ResourcesUnion#175], EntityKey[j.index.module.apply.resourcesUnion.entity.ResourcesUnion#176], EntityKey[j.index.module.apply.resourcesUnion.entity.ResourcesUnion#177], EntityKey[j.index.module.apply.resourcesUnion.entity.ResourcesUnion#178], EntityKey[j.index.module.apply.resourcesUnion.entity.ResourcesUnion#171], EntityKey[j.index.module.apply.resourcesUnion.entity.ResourcesUnion#172], EntityKey[j.index.module.apply.resourcesUnion.entity.ResourcesUnion#173], EntityKey[j.index.module.apply.resourcesUnion.entity.ResourcesUnion#174], EntityKey[j.index.module.apply.resourcesUnion.entity.ResourcesUnion#183], EntityKey[j.index.module.apply.resourcesUnion.entity.ResourcesUnion#184], EntityKey[j.index.module.apply.resourcesUnion.entity.ResourcesUnion#185], EntityKey[j.index.module.apply.resourcesUnion.entity.ResourcesUnion#186], EntityKey[j.index.module.apply.resourcesUnion.entity.ResourcesUnion#179], EntityKey[j.index.module.apply.resourcesUnion.entity.ResourcesUnion#180], EntityKey[j.index.module.apply.resourcesUnion.entity.ResourcesUnion#181], EntityKey[j.index.module.apply.resourcesUnion.entity.ResourcesUnion#182], EntityKey[j.index.module.apply.resourcesUnion.entity.ResourcesUnion#162], EntityKey[j.index.module.apply.resourcesUnion.entity.ResourcesUnion#161], EntityKey[j.index.module.apply.resourcesUnion.entity.ResourcesUnion#160], EntityKey[j.index.module.apply.resourcesUnion.entity.ResourcesUnion#159], EntityKey[j.index.module.apply.resourcesUnion.entity.ResourcesUnion#158], EntityKey[j.index.module.apply.resourcesUnion.entity.ResourcesUnion#157], EntityKey[j.index.module.apply.resourcesUnion.entity.ResourcesUnion#156], EntityKey[j.index.module.apply.resourcesUnion.entity.ResourcesUnion#155], EntityKey[j.index.module.apply.resourcesUnion.entity.ResourcesUnion#170], EntityKey[j.index.module.apply.resourcesUnion.entity.ResourcesUnion#169], EntityKey[j.index.module.apply.resourcesUnion.entity.ResourcesUnion#168], EntityKey[j.index.module.apply.resourcesUnion.entity.ResourcesUnion#167], EntityKey[j.index.module.apply.resourcesUnion.entity.ResourcesUnion#166], EntityKey[j.index.module.apply.resourcesUnion.entity.ResourcesUnion#165], EntityKey[j.index.module.apply.resourcesUnion.entity.ResourcesUnion#164], EntityKey[j.index.module.apply.resourcesUnion.entity.ResourcesUnion#163], EntityKey[j.index.module.apply.resourcesUnion.entity.ResourcesUnion#145], EntityKey[j.index.module.apply.resourcesUnion.entity.ResourcesUnion#146], EntityKey[j.index.module.apply.resourcesUnion.entity.ResourcesUnion#143], EntityKey[j.index.module.apply.resourcesUnion.entity.ResourcesUnion#144], EntityKey[j.index.module.apply.resourcesUnion.entity.ResourcesUnion#141], EntityKey[j.index.module.apply.resourcesUnion.entity.ResourcesUnion#142], EntityKey[j.index.module.apply.resourcesUnion.entity.ResourcesUnion#139], EntityKey[j.index.module.apply.resourcesUnion.entity.ResourcesUnion#140], EntityKey[j.index.module.apply.resourcesUnion.entity.ResourcesUnion#153], EntityKey[j.index.module.apply.resourcesUnion.entity.ResourcesUnion#154], EntityKey[j.index.module.apply.resourcesUnion.entity.ResourcesUnion#151], EntityKey[j.index.module.apply.resourcesUnion.entity.ResourcesUnion#152], EntityKey[j.index.module.apply.resourcesUnion.entity.ResourcesUnion#149], EntityKey[j.index.module.apply.resourcesUnion.entity.ResourcesUnion#150], EntityKey[j.index.module.apply.resourcesUnion.entity.ResourcesUnion#147], EntityKey[j.index.module.apply.resourcesUnion.entity.ResourcesUnion#148], EntityKey[j.index.module.apply.resourcesUnion.entity.ResourcesUnion#252], EntityKey[j.index.module.apply.resourcesUnion.entity.ResourcesUnion#251], EntityKey[j.index.module.apply.resourcesUnion.entity.ResourcesUnion#254], EntityKey[j.index.module.apply.resourcesUnion.entity.ResourcesUnion#253], EntityKey[j.index.module.apply.resourcesUnion.entity.ResourcesUnion#256], EntityKey[j.index.module.apply.resourcesUnion.entity.ResourcesUnion#255], EntityKey[j.index.module.apply.resourcesUnion.entity.ResourcesUnion#258], EntityKey[j.index.module.apply.resourcesUnion.entity.ResourcesUnion#257], EntityKey[j.index.module.apply.resourcesUnion.entity.ResourcesUnion#260], EntityKey[j.index.module.apply.resourcesUnion.entity.ResourcesUnion#259], EntityKey[j.index.module.apply.resourcesUnion.entity.ResourcesUnion#262], EntityKey[j.index.module.apply.resourcesUnion.entity.ResourcesUnion#261], EntityKey[j.index.module.apply.resourcesUnion.entity.ResourcesUnion#264], EntityKey[j.index.module.apply.resourcesUnion.entity.ResourcesUnion#263], EntityKey[j.index.module.apply.resourcesUnion.entity.ResourcesUnion#266], EntityKey[j.index.module.apply.resourcesUnion.entity.ResourcesUnion#265], EntityKey[j.index.module.apply.resourcesUnion.entity.ResourcesUnion#235], EntityKey[j.index.module.apply.resourcesUnion.entity.ResourcesUnion#236], EntityKey[j.index.module.apply.resourcesUnion.entity.ResourcesUnion#237], EntityKey[j.index.module.apply.resourcesUnion.entity.ResourcesUnion#238], EntityKey[j.index.module.apply.resourcesUnion.entity.ResourcesUnion#239], EntityKey[j.index.module.apply.resourcesUnion.entity.ResourcesUnion#240], EntityKey[j.index.module.apply.resourcesUnion.entity.ResourcesUnion#241], EntityKey[j.index.module.apply.resourcesUnion.entity.ResourcesUnion#242], EntityKey[j.index.module.apply.resourcesUnion.entity.ResourcesUnion#243], EntityKey[j.index.module.apply.resourcesUnion.entity.ResourcesUnion#244], EntityKey[j.index.module.apply.resourcesUnion.entity.ResourcesUnion#245], EntityKey[j.index.module.apply.resourcesUnion.entity.ResourcesUnion#246], EntityKey[j.index.module.apply.resourcesUnion.entity.ResourcesUnion#247], EntityKey[j.index.module.apply.resourcesUnion.entity.ResourcesUnion#248], EntityKey[j.index.module.apply.resourcesUnion.entity.ResourcesUnion#249], EntityKey[j.index.module.apply.resourcesUnion.entity.ResourcesUnion#250], EntityKey[j.index.module.apply.resourcesUnion.entity.ResourcesUnion#222], EntityKey[j.index.module.apply.resourcesUnion.entity.ResourcesUnion#221], EntityKey[j.index.module.apply.resourcesUnion.entity.ResourcesUnion#220], EntityKey[j.index.module.apply.resourcesUnion.entity.ResourcesUnion#219], EntityKey[j.index.module.apply.resourcesUnion.entity.ResourcesUnion#226], EntityKey[j.index.module.apply.resourcesUnion.entity.ResourcesUnion#225], EntityKey[j.index.module.apply.resourcesUnion.entity.ResourcesUnion#224], EntityKey[j.index.module.apply.resourcesUnion.entity.ResourcesUnion#223], EntityKey[j.index.module.apply.resourcesUnion.entity.ResourcesUnion#230], EntityKey[j.index.module.apply.resourcesUnion.entity.ResourcesUnion#229], EntityKey[j.index.module.apply.resourcesUnion.entity.ResourcesUnion#228], EntityKey[j.index.module.apply.resourcesUnion.entity.ResourcesUnion#227], EntityKey[j.index.module.apply.resourcesUnion.entity.ResourcesUnion#234], EntityKey[j.index.module.apply.resourcesUnion.entity.ResourcesUnion#233], EntityKey[j.index.module.apply.resourcesUnion.entity.ResourcesUnion#232], EntityKey[j.index.module.apply.resourcesUnion.entity.ResourcesUnion#231], EntityKey[j.index.module.apply.resourcesUnion.entity.ResourcesUnion#205], EntityKey[j.index.module.apply.resourcesUnion.entity.ResourcesUnion#206], EntityKey[j.index.module.apply.resourcesUnion.entity.ResourcesUnion#203], EntityKey[j.index.module.apply.resourcesUnion.entity.ResourcesUnion#204], EntityKey[j.index.module.apply.resourcesUnion.entity.ResourcesUnion#209], EntityKey[j.index.module.apply.resourcesUnion.entity.ResourcesUnion#210], EntityKey[j.index.module.apply.resourcesUnion.entity.ResourcesUnion#207], EntityKey[j.index.module.apply.resourcesUnion.entity.ResourcesUnion#208], EntityKey[j.index.module.apply.resourcesUnion.entity.ResourcesUnion#213], EntityKey[j.index.module.apply.resourcesUnion.entity.ResourcesUnion#214], EntityKey[j.index.module.apply.resourcesUnion.entity.ResourcesUnion#211], EntityKey[j.index.module.apply.resourcesUnion.entity.ResourcesUnion#212], EntityKey[j.index.module.apply.resourcesUnion.entity.ResourcesUnion#217], EntityKey[j.index.module.apply.resourcesUnion.entity.ResourcesUnion#218], EntityKey[j.index.module.apply.resourcesUnion.entity.ResourcesUnion#215], EntityKey[j.index.module.apply.resourcesUnion.entity.ResourcesUnion#216], EntityKey[j.index.module.apply.resourcesUnion.entity.ResourcesUnion#327], EntityKey[j.index.module.apply.resourcesUnion.entity.ResourcesUnion#328], EntityKey[j.index.module.apply.resourcesUnion.entity.ResourcesUnion#329], EntityKey[j.index.module.apply.resourcesUnion.entity.ResourcesUnion#330], EntityKey[j.index.module.apply.resourcesUnion.entity.ResourcesUnion#323], EntityKey[j.index.module.apply.resourcesUnion.entity.ResourcesUnion#324], EntityKey[j.index.module.apply.resourcesUnion.entity.ResourcesUnion#325], EntityKey[j.index.module.apply.resourcesUnion.entity.ResourcesUnion#326], EntityKey[j.index.module.apply.resourcesUnion.entity.ResourcesUnion#319], EntityKey[j.index.module.apply.resourcesUnion.entity.ResourcesUnion#320], EntityKey[j.index.module.apply.resourcesUnion.entity.ResourcesUnion#321], EntityKey[j.index.module.apply.resourcesUnion.entity.ResourcesUnion#322], EntityKey[j.index.module.apply.resourcesUnion.entity.ResourcesUnion#315], EntityKey[j.index.module.apply.resourcesUnion.entity.ResourcesUnion#316], EntityKey[j.index.module.apply.resourcesUnion.entity.ResourcesUnion#317], EntityKey[j.index.module.apply.resourcesUnion.entity.ResourcesUnion#318], EntityKey[j.index.module.apply.resourcesUnion.entity.ResourcesUnion#312], EntityKey[j.index.module.apply.resourcesUnion.entity.ResourcesUnion#311], EntityKey[j.index.module.apply.resourcesUnion.entity.ResourcesUnion#314], EntityKey[j.index.module.apply.resourcesUnion.entity.ResourcesUnion#313], EntityKey[j.index.module.apply.resourcesUnion.entity.ResourcesUnion#308], EntityKey[j.index.module.apply.resourcesUnion.entity.ResourcesUnion#307], EntityKey[j.index.module.apply.resourcesUnion.entity.ResourcesUnion#310], EntityKey[j.index.module.apply.resourcesUnion.entity.ResourcesUnion#309], EntityKey[j.index.module.apply.resourcesUnion.entity.ResourcesUnion#304], EntityKey[j.index.module.apply.resourcesUnion.entity.ResourcesUnion#303], EntityKey[j.index.module.apply.resourcesUnion.entity.ResourcesUnion#306], EntityKey[j.index.module.apply.resourcesUnion.entity.ResourcesUnion#305], EntityKey[j.index.module.apply.resourcesUnion.entity.ResourcesUnion#300], EntityKey[j.index.module.apply.resourcesUnion.entity.ResourcesUnion#299], EntityKey[j.index.module.apply.resourcesUnion.entity.ResourcesUnion#302], EntityKey[j.index.module.apply.resourcesUnion.entity.ResourcesUnion#301], EntityKey[j.index.module.apply.resourcesUnion.entity.ResourcesUnion#297], EntityKey[j.index.module.apply.resourcesUnion.entity.ResourcesUnion#298], EntityKey[j.index.module.apply.resourcesUnion.entity.ResourcesUnion#295], EntityKey[j.index.module.apply.resourcesUnion.entity.ResourcesUnion#296], EntityKey[j.index.module.apply.resourcesUnion.entity.ResourcesUnion#293], EntityKey[j.index.module.apply.resourcesUnion.entity.ResourcesUnion#294], EntityKey[j.index.module.apply.resourcesUnion.entity.ResourcesUnion#291], EntityKey[j.index.module.apply.resourcesUnion.entity.ResourcesUnion#292], EntityKey[j.index.module.apply.resourcesUnion.entity.ResourcesUnion#289], EntityKey[j.index.module.apply.resourcesUnion.entity.ResourcesUnion#290], EntityKey[j.index.module.apply.resourcesUnion.entity.ResourcesUnion#287], EntityKey[j.index.module.apply.resourcesUnion.entity.ResourcesUnion#288], EntityKey[j.index.module.apply.resourcesUnion.entity.ResourcesUnion#285], EntityKey[j.index.module.apply.resourcesUnion.entity.ResourcesUnion#286], EntityKey[j.index.module.apply.resourcesUnion.entity.ResourcesUnion#283], EntityKey[j.index.module.apply.resourcesUnion.entity.ResourcesUnion#284], EntityKey[j.index.module.apply.resourcesUnion.entity.ResourcesUnion#282], EntityKey[j.index.module.apply.resourcesUnion.entity.ResourcesUnion#281], EntityKey[j.index.module.apply.resourcesUnion.entity.ResourcesUnion#280], EntityKey[j.index.module.apply.resourcesUnion.entity.ResourcesUnion#279], EntityKey[j.index.module.apply.resourcesUnion.entity.ResourcesUnion#278], EntityKey[j.index.module.apply.resourcesUnion.entity.ResourcesUnion#277], EntityKey[j.index.module.apply.resourcesUnion.entity.ResourcesUnion#276], EntityKey[j.index.module.apply.resourcesUnion.entity.ResourcesUnion#275], EntityKey[j.index.module.apply.resourcesUnion.entity.ResourcesUnion#274], EntityKey[j.index.module.apply.resourcesUnion.entity.ResourcesUnion#273], EntityKey[j.index.module.apply.resourcesUnion.entity.ResourcesUnion#272], EntityKey[j.index.module.apply.resourcesUnion.entity.ResourcesUnion#271], EntityKey[j.index.module.apply.resourcesUnion.entity.ResourcesUnion#270], EntityKey[j.index.module.apply.resourcesUnion.entity.ResourcesUnion#269], EntityKey[j.index.module.apply.resourcesUnion.entity.ResourcesUnion#268], EntityKey[j.index.module.apply.resourcesUnion.entity.ResourcesUnion#267], EntityKey[j.index.module.apply.resourcesUnion.entity.ResourcesUnion#387], EntityKey[j.index.module.apply.resourcesUnion.entity.ResourcesUnion#388], EntityKey[j.index.module.apply.resourcesUnion.entity.ResourcesUnion#389], EntityKey[j.index.module.apply.resourcesUnion.entity.ResourcesUnion#390], EntityKey[j.index.module.apply.resourcesUnion.entity.ResourcesUnion#391], EntityKey[j.index.module.apply.resourcesUnion.entity.ResourcesUnion#392], EntityKey[j.index.module.apply.resourcesUnion.entity.ResourcesUnion#393], EntityKey[j.index.module.apply.resourcesUnion.entity.ResourcesUnion#394], EntityKey[j.index.module.apply.resourcesUnion.entity.ResourcesUnion#379], EntityKey[j.index.module.apply.resourcesUnion.entity.ResourcesUnion#380], EntityKey[j.index.module.apply.resourcesUnion.entity.ResourcesUnion#381], EntityKey[j.index.module.apply.resourcesUnion.entity.ResourcesUnion#382], EntityKey[j.index.module.apply.resourcesUnion.entity.ResourcesUnion#383], EntityKey[j.index.module.apply.resourcesUnion.entity.ResourcesUnion#384], EntityKey[j.index.module.apply.resourcesUnion.entity.ResourcesUnion#385], EntityKey[j.index.module.apply.resourcesUnion.entity.ResourcesUnion#386], EntityKey[j.index.module.apply.resourcesUnion.entity.ResourcesUnion#372], EntityKey[j.index.module.apply.resourcesUnion.entity.ResourcesUnion#371], EntityKey[j.index.module.apply.resourcesUnion.entity.ResourcesUnion#374], EntityKey[j.index.module.apply.resourcesUnion.entity.ResourcesUnion#373], EntityKey[j.index.module.apply.resourcesUnion.entity.ResourcesUnion#376], EntityKey[j.index.module.apply.resourcesUnion.entity.ResourcesUnion#375], EntityKey[j.index.module.apply.resourcesUnion.entity.ResourcesUnion#378], EntityKey[j.index.module.apply.resourcesUnion.entity.ResourcesUnion#377], EntityKey[j.index.module.apply.resourcesUnion.entity.ResourcesUnion#364], EntityKey[j.index.module.apply.resourcesUnion.entity.ResourcesUnion#363], EntityKey[j.index.module.apply.resourcesUnion.entity.ResourcesUnion#366], EntityKey[j.index.module.apply.resourcesUnion.entity.ResourcesUnion#365], EntityKey[j.index.module.apply.resourcesUnion.entity.ResourcesUnion#368], EntityKey[j.index.module.apply.resourcesUnion.entity.ResourcesUnion#367], EntityKey[j.index.module.apply.resourcesUnion.entity.ResourcesUnion#370], EntityKey[j.index.module.apply.resourcesUnion.entity.ResourcesUnion#369], EntityKey[j.index.module.apply.resourcesUnion.entity.ResourcesUnion#357], EntityKey[j.index.module.apply.resourcesUnion.entity.ResourcesUnion#358], EntityKey[j.index.module.apply.resourcesUnion.entity.ResourcesUnion#355], EntityKey[j.index.module.apply.resourcesUnion.entity.ResourcesUnion#356], EntityKey[j.index.module.apply.resourcesUnion.entity.ResourcesUnion#361], EntityKey[j.index.module.apply.resourcesUnion.entity.ResourcesUnion#362], EntityKey[j.index.module.apply.resourcesUnion.entity.ResourcesUnion#359], EntityKey[j.index.module.apply.resourcesUnion.entity.ResourcesUnion#360], EntityKey[j.index.module.apply.resourcesUnion.entity.ResourcesUnion#349], EntityKey[j.index.module.apply.resourcesUnion.entity.ResourcesUnion#350], EntityKey[j.index.module.apply.resourcesUnion.entity.ResourcesUnion#347], EntityKey[j.index.module.apply.resourcesUnion.entity.ResourcesUnion#348], EntityKey[j.index.module.apply.resourcesUnion.entity.ResourcesUnion#353], EntityKey[j.index.module.apply.resourcesUnion.entity.ResourcesUnion#354], EntityKey[j.index.module.apply.resourcesUnion.entity.ResourcesUnion#351], EntityKey[j.index.module.apply.resourcesUnion.entity.ResourcesUnion#352], EntityKey[j.index.module.apply.resourcesUnion.entity.ResourcesUnion#342], EntityKey[j.index.module.apply.resourcesUnion.entity.ResourcesUnion#341], EntityKey[j.index.module.apply.resourcesUnion.entity.ResourcesUnion#340], EntityKey[j.index.module.apply.resourcesUnion.entity.ResourcesUnion#339], EntityKey[j.index.module.apply.resourcesUnion.entity.ResourcesUnion#346], EntityKey[j.index.module.apply.resourcesUnion.entity.ResourcesUnion#345], EntityKey[j.index.module.apply.resourcesUnion.entity.ResourcesUnion#344], EntityKey[j.index.module.apply.resourcesUnion.entity.ResourcesUnion#343], EntityKey[j.index.module.apply.resourcesUnion.entity.ResourcesUnion#334], EntityKey[j.index.module.apply.resourcesUnion.entity.ResourcesUnion#333], EntityKey[j.index.module.apply.resourcesUnion.entity.ResourcesUnion#332], EntityKey[j.index.module.apply.resourcesUnion.entity.ResourcesUnion#331], EntityKey[j.index.module.apply.resourcesUnion.entity.ResourcesUnion#338], EntityKey[j.index.module.apply.resourcesUnion.entity.ResourcesUnion#337], EntityKey[j.index.module.apply.resourcesUnion.entity.ResourcesUnion#336], EntityKey[j.index.module.apply.resourcesUnion.entity.ResourcesUnion#335], EntityKey[j.index.module.apply.resourcesUnion.entity.ResourcesUnion#471], EntityKey[j.index.module.apply.resourcesUnion.entity.ResourcesUnion#472], EntityKey[j.index.module.apply.resourcesUnion.entity.ResourcesUnion#473], EntityKey[j.index.module.apply.resourcesUnion.entity.ResourcesUnion#474], EntityKey[j.index.module.apply.resourcesUnion.entity.ResourcesUnion#467], EntityKey[j.index.module.apply.resourcesUnion.entity.ResourcesUnion#468], EntityKey[j.index.module.apply.resourcesUnion.entity.ResourcesUnion#469], EntityKey[j.index.module.apply.resourcesUnion.entity.ResourcesUnion#470], EntityKey[j.index.module.apply.resourcesUnion.entity.ResourcesUnion#463], EntityKey[j.index.module.apply.resourcesUnion.entity.ResourcesUnion#464], EntityKey[j.index.module.apply.resourcesUnion.entity.ResourcesUnion#465], EntityKey[j.index.module.apply.resourcesUnion.entity.ResourcesUnion#466], EntityKey[j.index.module.apply.resourcesUnion.entity.ResourcesUnion#459], EntityKey[j.index.module.apply.resourcesUnion.entity.ResourcesUnion#460], EntityKey[j.index.module.apply.resourcesUnion.entity.ResourcesUnion#461], EntityKey[j.index.module.apply.resourcesUnion.entity.ResourcesUnion#462], EntityKey[j.index.module.apply.resourcesUnion.entity.ResourcesUnion#488], EntityKey[j.index.module.apply.resourcesUnion.entity.ResourcesUnion#487], EntityKey[j.index.module.apply.resourcesUnion.entity.ResourcesUnion#490], EntityKey[j.index.module.apply.resourcesUnion.entity.ResourcesUnion#489], EntityKey[j.index.module.apply.resourcesUnion.entity.ResourcesUnion#484], EntityKey[j.index.module.apply.resourcesUnion.entity.ResourcesUnion#483], EntityKey[j.index.module.apply.resourcesUnion.entity.ResourcesUnion#486], EntityKey[j.index.module.apply.resourcesUnion.entity.ResourcesUnion#485], EntityKey[j.index.module.apply.resourcesUnion.entity.ResourcesUnion#480], EntityKey[j.index.module.apply.resourcesUnion.entity.ResourcesUnion#479], EntityKey[j.index.module.apply.resourcesUnion.entity.ResourcesUnion#482], EntityKey[j.index.module.apply.resourcesUnion.entity.ResourcesUnion#481], EntityKey[j.index.module.apply.resourcesUnion.entity.ResourcesUnion#476], EntityKey[j.index.module.apply.resourcesUnion.entity.ResourcesUnion#475], EntityKey[j.index.module.apply.resourcesUnion.entity.ResourcesUnion#478], EntityKey[j.index.module.apply.resourcesUnion.entity.ResourcesUnion#477], EntityKey[j.index.module.apply.resourcesUnion.entity.ResourcesUnion#505], EntityKey[j.index.module.apply.resourcesUnion.entity.ResourcesUnion#506], EntityKey[j.index.module.apply.resourcesUnion.entity.ResourcesUnion#503], EntityKey[j.index.module.apply.resourcesUnion.entity.ResourcesUnion#504], EntityKey[j.index.module.apply.resourcesUnion.entity.ResourcesUnion#501], EntityKey[j.index.module.apply.resourcesUnion.entity.ResourcesUnion#502], EntityKey[j.index.module.apply.resourcesUnion.entity.ResourcesUnion#499], EntityKey[j.index.module.apply.resourcesUnion.entity.ResourcesUnion#500], EntityKey[j.index.module.apply.resourcesUnion.entity.ResourcesUnion#497], EntityKey[j.index.module.apply.resourcesUnion.entity.ResourcesUnion#498], EntityKey[j.index.module.apply.resourcesUnion.entity.ResourcesUnion#495], EntityKey[j.index.module.apply.resourcesUnion.entity.ResourcesUnion#496], EntityKey[j.index.module.apply.resourcesUnion.entity.ResourcesUnion#493], EntityKey[j.index.module.apply.resourcesUnion.entity.ResourcesUnion#494], EntityKey[j.index.module.apply.resourcesUnion.entity.ResourcesUnion#491], EntityKey[j.index.module.apply.resourcesUnion.entity.ResourcesUnion#492], EntityKey[j.index.module.apply.resourcesUnion.entity.ResourcesUnion#522], EntityKey[j.index.module.apply.resourcesUnion.entity.ResourcesUnion#521], EntityKey[j.index.module.apply.resourcesUnion.entity.ResourcesUnion#520], EntityKey[j.index.module.apply.resourcesUnion.entity.ResourcesUnion#519], EntityKey[j.index.module.apply.resourcesUnion.entity.ResourcesUnion#518], EntityKey[j.index.module.apply.resourcesUnion.entity.ResourcesUnion#517], EntityKey[j.index.module.apply.resourcesUnion.entity.ResourcesUnion#516], EntityKey[j.index.module.apply.resourcesUnion.entity.ResourcesUnion#515], EntityKey[j.index.module.apply.resourcesUnion.entity.ResourcesUnion#514], EntityKey[j.index.module.apply.resourcesUnion.entity.ResourcesUnion#513], EntityKey[j.index.module.apply.resourcesUnion.entity.ResourcesUnion#512], EntityKey[j.index.module.apply.resourcesUnion.entity.ResourcesUnion#511], EntityKey[j.index.module.apply.resourcesUnion.entity.ResourcesUnion#510], EntityKey[j.index.module.apply.resourcesUnion.entity.ResourcesUnion#509], EntityKey[j.index.module.apply.resourcesUnion.entity.ResourcesUnion#508], EntityKey[j.index.module.apply.resourcesUnion.entity.ResourcesUnion#507], EntityKey[j.index.module.apply.resourcesUnion.entity.ResourcesUnion#403], EntityKey[j.index.module.apply.resourcesUnion.entity.ResourcesUnion#404], EntityKey[j.index.module.apply.resourcesUnion.entity.ResourcesUnion#405], EntityKey[j.index.module.apply.resourcesUnion.entity.ResourcesUnion#406], EntityKey[j.index.module.apply.resourcesUnion.entity.ResourcesUnion#407], EntityKey[j.index.module.apply.resourcesUnion.entity.ResourcesUnion#408], EntityKey[j.index.module.apply.resourcesUnion.entity.ResourcesUnion#409], EntityKey[j.index.module.apply.resourcesUnion.entity.ResourcesUnion#410], EntityKey[j.index.module.apply.resourcesUnion.entity.ResourcesUnion#395], EntityKey[j.index.module.apply.resourcesUnion.entity.ResourcesUnion#396], EntityKey[j.index.module.apply.resourcesUnion.entity.ResourcesUnion#397], EntityKey[j.index.module.apply.resourcesUnion.entity.ResourcesUnion#398], EntityKey[j.index.module.apply.resourcesUnion.entity.ResourcesUnion#399], EntityKey[j.index.module.apply.resourcesUnion.entity.ResourcesUnion#400], EntityKey[j.index.module.apply.resourcesUnion.entity.ResourcesUnion#401], EntityKey[j.index.module.apply.resourcesUnion.entity.ResourcesUnion#402], EntityKey[j.index.module.apply.resourcesUnion.entity.ResourcesUnion#420], EntityKey[j.index.module.apply.resourcesUnion.entity.ResourcesUnion#419], EntityKey[j.index.module.apply.resourcesUnion.entity.ResourcesUnion#422], EntityKey[j.index.module.apply.resourcesUnion.entity.ResourcesUnion#421], EntityKey[j.index.module.apply.resourcesUnion.entity.ResourcesUnion#424], EntityKey[j.index.module.apply.resourcesUnion.entity.ResourcesUnion#423], EntityKey[j.index.module.apply.resourcesUnion.entity.ResourcesUnion#426], EntityKey[j.index.module.apply.resourcesUnion.entity.ResourcesUnion#425], EntityKey[j.index.module.apply.resourcesUnion.entity.ResourcesUnion#412], EntityKey[j.index.module.apply.resourcesUnion.entity.ResourcesUnion#411], EntityKey[j.index.module.apply.resourcesUnion.entity.ResourcesUnion#414], EntityKey[j.index.module.apply.resourcesUnion.entity.ResourcesUnion#413], EntityKey[j.index.module.apply.resourcesUnion.entity.ResourcesUnion#416], EntityKey[j.index.module.apply.resourcesUnion.entity.ResourcesUnion#415], EntityKey[j.index.module.apply.resourcesUnion.entity.ResourcesUnion#418], EntityKey[j.index.module.apply.resourcesUnion.entity.ResourcesUnion#417], EntityKey[j.index.module.apply.resourcesUnion.entity.ResourcesUnion#437], EntityKey[j.index.module.apply.resourcesUnion.entity.ResourcesUnion#438], EntityKey[j.index.module.apply.resourcesUnion.entity.ResourcesUnion#435], EntityKey[j.index.module.apply.resourcesUnion.entity.ResourcesUnion#436], EntityKey[j.index.module.apply.resourcesUnion.entity.ResourcesUnion#441], EntityKey[j.index.module.apply.resourcesUnion.entity.ResourcesUnion#442], EntityKey[j.index.module.apply.resourcesUnion.entity.ResourcesUnion#439], EntityKey[j.index.module.apply.resourcesUnion.entity.ResourcesUnion#440], EntityKey[j.index.module.apply.resourcesUnion.entity.ResourcesUnion#429], EntityKey[j.index.module.apply.resourcesUnion.entity.ResourcesUnion#430], EntityKey[j.index.module.apply.resourcesUnion.entity.ResourcesUnion#427], EntityKey[j.index.module.apply.resourcesUnion.entity.ResourcesUnion#428], EntityKey[j.index.module.apply.resourcesUnion.entity.ResourcesUnion#433], EntityKey[j.index.module.apply.resourcesUnion.entity.ResourcesUnion#434], EntityKey[j.index.module.apply.resourcesUnion.entity.ResourcesUnion#431], EntityKey[j.index.module.apply.resourcesUnion.entity.ResourcesUnion#432], EntityKey[j.index.module.apply.resourcesUnion.entity.ResourcesUnion#454], EntityKey[j.index.module.apply.resourcesUnion.entity.ResourcesUnion#453], EntityKey[j.index.module.apply.resourcesUnion.entity.ResourcesUnion#452], EntityKey[j.index.module.apply.resourcesUnion.entity.ResourcesUnion#451], EntityKey[j.index.module.apply.resourcesUnion.entity.ResourcesUnion#458], EntityKey[j.index.module.apply.resourcesUnion.entity.ResourcesUnion#457], EntityKey[j.index.module.apply.resourcesUnion.entity.ResourcesUnion#456], EntityKey[j.index.module.apply.resourcesUnion.entity.ResourcesUnion#455], EntityKey[j.index.module.apply.resourcesUnion.entity.ResourcesUnion#446], EntityKey[j.index.module.apply.resourcesUnion.entity.ResourcesUnion#445], EntityKey[j.index.module.apply.resourcesUnion.entity.ResourcesUnion#444], EntityKey[j.index.module.apply.resourcesUnion.entity.ResourcesUnion#443], EntityKey[j.index.module.apply.resourcesUnion.entity.ResourcesUnion#450], EntityKey[j.index.module.apply.resourcesUnion.entity.ResourcesUnion#449], EntityKey[j.index.module.apply.resourcesUnion.entity.ResourcesUnion#448], EntityKey[j.index.module.apply.resourcesUnion.entity.ResourcesUnion#447], EntityKey[j.index.module.apply.resourcesUnion.entity.ResourcesUnion#592], EntityKey[j.index.module.apply.resourcesUnion.entity.ResourcesUnion#591], EntityKey[j.index.module.apply.resourcesUnion.entity.ResourcesUnion#594], EntityKey[j.index.module.apply.resourcesUnion.entity.ResourcesUnion#593], EntityKey[j.index.module.apply.resourcesUnion.entity.ResourcesUnion#588], EntityKey[j.index.module.apply.resourcesUnion.entity.ResourcesUnion#587], EntityKey[j.index.module.apply.resourcesUnion.entity.ResourcesUnion#590], EntityKey[j.index.module.apply.resourcesUnion.entity.ResourcesUnion#589], EntityKey[j.index.module.apply.resourcesUnion.entity.ResourcesUnion#600], EntityKey[j.index.module.apply.resourcesUnion.entity.ResourcesUnion#599], EntityKey[j.index.module.apply.resourcesUnion.entity.ResourcesUnion#602], EntityKey[j.index.module.apply.resourcesUnion.entity.ResourcesUnion#601], EntityKey[j.index.module.apply.resourcesUnion.entity.ResourcesUnion#596], EntityKey[j.index.module.apply.resourcesUnion.entity.ResourcesUnion#595], EntityKey[j.index.module.apply.resourcesUnion.entity.ResourcesUnion#598], EntityKey[j.index.module.apply.resourcesUnion.entity.ResourcesUnion#597], EntityKey[j.index.module.apply.resourcesUnion.entity.ResourcesUnion#607], EntityKey[j.index.module.apply.resourcesUnion.entity.ResourcesUnion#608], EntityKey[j.index.module.apply.resourcesUnion.entity.ResourcesUnion#609], EntityKey[j.index.module.apply.resourcesUnion.entity.ResourcesUnion#610], EntityKey[j.index.module.apply.resourcesUnion.entity.ResourcesUnion#603], EntityKey[j.index.module.apply.resourcesUnion.entity.ResourcesUnion#604], EntityKey[j.index.module.apply.resourcesUnion.entity.ResourcesUnion#605], EntityKey[j.index.module.apply.resourcesUnion.entity.ResourcesUnion#606], EntityKey[j.index.module.apply.resourcesUnion.entity.ResourcesUnion#615], EntityKey[j.index.module.apply.resourcesUnion.entity.ResourcesUnion#616], EntityKey[j.index.module.apply.resourcesUnion.entity.ResourcesUnion#617], EntityKey[j.index.module.apply.resourcesUnion.entity.ResourcesUnion#618], EntityKey[j.index.module.apply.resourcesUnion.entity.ResourcesUnion#611], EntityKey[j.index.module.apply.resourcesUnion.entity.ResourcesUnion#612], EntityKey[j.index.module.apply.resourcesUnion.entity.ResourcesUnion#613], EntityKey[j.index.module.apply.resourcesUnion.entity.ResourcesUnion#614], EntityKey[j.index.module.apply.resourcesUnion.entity.ResourcesUnion#626], EntityKey[j.index.module.apply.resourcesUnion.entity.ResourcesUnion#625], EntityKey[j.index.module.apply.resourcesUnion.entity.ResourcesUnion#624], EntityKey[j.index.module.apply.resourcesUnion.entity.ResourcesUnion#623], EntityKey[j.index.module.apply.resourcesUnion.entity.ResourcesUnion#622], EntityKey[j.index.module.apply.resourcesUnion.entity.ResourcesUnion#621], EntityKey[j.index.module.apply.resourcesUnion.entity.ResourcesUnion#620], EntityKey[j.index.module.apply.resourcesUnion.entity.ResourcesUnion#619], EntityKey[j.index.module.apply.resourcesUnion.entity.ResourcesUnion#634], EntityKey[j.index.module.apply.resourcesUnion.entity.ResourcesUnion#633], EntityKey[j.index.module.apply.resourcesUnion.entity.ResourcesUnion#632], EntityKey[j.index.module.apply.resourcesUnion.entity.ResourcesUnion#631], EntityKey[j.index.module.apply.resourcesUnion.entity.ResourcesUnion#630], EntityKey[j.index.module.apply.resourcesUnion.entity.ResourcesUnion#629], EntityKey[j.index.module.apply.resourcesUnion.entity.ResourcesUnion#628], EntityKey[j.index.module.apply.resourcesUnion.entity.ResourcesUnion#627], EntityKey[j.index.module.apply.resourcesUnion.entity.ResourcesUnion#641], EntityKey[j.index.module.apply.resourcesUnion.entity.ResourcesUnion#642], EntityKey[j.index.module.apply.resourcesUnion.entity.ResourcesUnion#639], EntityKey[j.index.module.apply.resourcesUnion.entity.ResourcesUnion#640], EntityKey[j.index.module.apply.resourcesUnion.entity.ResourcesUnion#637], EntityKey[j.index.module.apply.resourcesUnion.entity.ResourcesUnion#638], EntityKey[j.index.module.apply.resourcesUnion.entity.ResourcesUnion#635], EntityKey[j.index.module.apply.resourcesUnion.entity.ResourcesUnion#636], EntityKey[j.index.module.apply.resourcesUnion.entity.ResourcesUnion#649], EntityKey[j.index.module.apply.resourcesUnion.entity.ResourcesUnion#650], EntityKey[j.index.module.apply.resourcesUnion.entity.ResourcesUnion#647], EntityKey[j.index.module.apply.resourcesUnion.entity.ResourcesUnion#648], EntityKey[j.index.module.apply.resourcesUnion.entity.ResourcesUnion#645], EntityKey[j.index.module.apply.resourcesUnion.entity.ResourcesUnion#646], EntityKey[j.index.module.apply.resourcesUnion.entity.ResourcesUnion#643], EntityKey[j.index.module.apply.resourcesUnion.entity.ResourcesUnion#644], EntityKey[j.index.module.apply.resourcesUnion.entity.ResourcesUnion#524], EntityKey[j.index.module.apply.resourcesUnion.entity.ResourcesUnion#523], EntityKey[j.index.module.apply.resourcesUnion.entity.ResourcesUnion#526], EntityKey[j.index.module.apply.resourcesUnion.entity.ResourcesUnion#525], EntityKey[j.index.module.apply.resourcesUnion.entity.ResourcesUnion#528], EntityKey[j.index.module.apply.resourcesUnion.entity.ResourcesUnion#527], EntityKey[j.index.module.apply.resourcesUnion.entity.ResourcesUnion#530], EntityKey[j.index.module.apply.resourcesUnion.entity.ResourcesUnion#529], EntityKey[j.index.module.apply.resourcesUnion.entity.ResourcesUnion#532], EntityKey[j.index.module.apply.resourcesUnion.entity.ResourcesUnion#531], EntityKey[j.index.module.apply.resourcesUnion.entity.ResourcesUnion#534], EntityKey[j.index.module.apply.resourcesUnion.entity.ResourcesUnion#533], EntityKey[j.index.module.apply.resourcesUnion.entity.ResourcesUnion#536], EntityKey[j.index.module.apply.resourcesUnion.entity.ResourcesUnion#535], EntityKey[j.index.module.apply.resourcesUnion.entity.ResourcesUnion#538], EntityKey[j.index.module.apply.resourcesUnion.entity.ResourcesUnion#537], EntityKey[j.index.module.apply.resourcesUnion.entity.ResourcesUnion#539], EntityKey[j.index.module.apply.resourcesUnion.entity.ResourcesUnion#540], EntityKey[j.index.module.apply.resourcesUnion.entity.ResourcesUnion#541], EntityKey[j.index.module.apply.resourcesUnion.entity.ResourcesUnion#542], EntityKey[j.index.module.apply.resourcesUnion.entity.ResourcesUnion#543], EntityKey[j.index.module.apply.resourcesUnion.entity.ResourcesUnion#544], EntityKey[j.index.module.apply.resourcesUnion.entity.ResourcesUnion#545], EntityKey[j.index.module.apply.resourcesUnion.entity.ResourcesUnion#546], EntityKey[j.index.module.apply.resourcesUnion.entity.ResourcesUnion#547], EntityKey[j.index.module.apply.resourcesUnion.entity.ResourcesUnion#548], EntityKey[j.index.module.apply.resourcesUnion.entity.ResourcesUnion#549], EntityKey[j.index.module.apply.resourcesUnion.entity.ResourcesUnion#550], EntityKey[j.index.module.apply.resourcesUnion.entity.ResourcesUnion#551], EntityKey[j.index.module.apply.resourcesUnion.entity.ResourcesUnion#552], EntityKey[j.index.module.apply.resourcesUnion.entity.ResourcesUnion#553], EntityKey[j.index.module.apply.resourcesUnion.entity.ResourcesUnion#554], EntityKey[j.index.module.apply.resourcesUnion.entity.ResourcesUnion#558], EntityKey[j.index.module.apply.resourcesUnion.entity.ResourcesUnion#557], EntityKey[j.index.module.apply.resourcesUnion.entity.ResourcesUnion#556], EntityKey[j.index.module.apply.resourcesUnion.entity.ResourcesUnion#555], EntityKey[j.index.module.apply.resourcesUnion.entity.ResourcesUnion#562], EntityKey[j.index.module.apply.resourcesUnion.entity.ResourcesUnion#561], EntityKey[j.index.module.apply.resourcesUnion.entity.ResourcesUnion#560], EntityKey[j.index.module.apply.resourcesUnion.entity.ResourcesUnion#559], EntityKey[j.index.module.apply.resourcesUnion.entity.ResourcesUnion#566], EntityKey[j.index.module.apply.resourcesUnion.entity.ResourcesUnion#565], EntityKey[j.index.module.apply.resourcesUnion.entity.ResourcesUnion#564], EntityKey[j.index.module.apply.resourcesUnion.entity.ResourcesUnion#563], EntityKey[j.index.module.apply.resourcesUnion.entity.ResourcesUnion#570], EntityKey[j.index.module.apply.resourcesUnion.entity.ResourcesUnion#569], EntityKey[j.index.module.apply.resourcesUnion.entity.ResourcesUnion#568], EntityKey[j.index.module.apply.resourcesUnion.entity.ResourcesUnion#567], EntityKey[j.index.module.apply.resourcesUnion.entity.ResourcesUnion#573], EntityKey[j.index.module.apply.resourcesUnion.entity.ResourcesUnion#574], EntityKey[j.index.module.apply.resourcesUnion.entity.ResourcesUnion#571], EntityKey[j.index.module.apply.resourcesUnion.entity.ResourcesUnion#572], EntityKey[j.index.module.apply.resourcesUnion.entity.ResourcesUnion#577], EntityKey[j.index.module.apply.resourcesUnion.entity.ResourcesUnion#578], EntityKey[j.index.module.apply.resourcesUnion.entity.ResourcesUnion#575], EntityKey[j.index.module.apply.resourcesUnion.entity.ResourcesUnion#576], EntityKey[j.index.module.apply.resourcesUnion.entity.ResourcesUnion#581], EntityKey[j.index.module.apply.resourcesUnion.entity.ResourcesUnion#582], EntityKey[j.index.module.apply.resourcesUnion.entity.ResourcesUnion#579], EntityKey[j.index.module.apply.resourcesUnion.entity.ResourcesUnion#580], EntityKey[j.index.module.apply.resourcesUnion.entity.ResourcesUnion#585], EntityKey[j.index.module.apply.resourcesUnion.entity.ResourcesUnion#586], EntityKey[j.index.module.apply.resourcesUnion.entity.ResourcesUnion#583], EntityKey[j.index.module.apply.resourcesUnion.entity.ResourcesUnion#584], EntityKey[j.index.module.apply.resourcesUnion.entity.ResourcesUnion#746], EntityKey[j.index.module.apply.resourcesUnion.entity.ResourcesUnion#745], EntityKey[j.index.module.apply.resourcesUnion.entity.ResourcesUnion#744], EntityKey[j.index.module.apply.resourcesUnion.entity.ResourcesUnion#743], EntityKey[j.index.module.apply.resourcesUnion.entity.ResourcesUnion#742], EntityKey[j.index.module.apply.resourcesUnion.entity.ResourcesUnion#741], EntityKey[j.index.module.apply.resourcesUnion.entity.ResourcesUnion#740], EntityKey[j.index.module.apply.resourcesUnion.entity.ResourcesUnion#739], EntityKey[j.index.module.apply.resourcesUnion.entity.ResourcesUnion#738], EntityKey[j.index.module.apply.resourcesUnion.entity.ResourcesUnion#737], EntityKey[j.index.module.apply.resourcesUnion.entity.ResourcesUnion#736], EntityKey[j.index.module.apply.resourcesUnion.entity.ResourcesUnion#735], EntityKey[j.index.module.apply.resourcesUnion.entity.ResourcesUnion#734], EntityKey[j.index.module.apply.resourcesUnion.entity.ResourcesUnion#733], EntityKey[j.index.module.apply.resourcesUnion.entity.ResourcesUnion#732], EntityKey[j.index.module.apply.resourcesUnion.entity.ResourcesUnion#731], EntityKey[j.index.module.apply.resourcesUnion.entity.ResourcesUnion#729], EntityKey[j.index.module.apply.resourcesUnion.entity.ResourcesUnion#730], EntityKey[j.index.module.apply.resourcesUnion.entity.ResourcesUnion#727], EntityKey[j.index.module.apply.resourcesUnion.entity.ResourcesUnion#728], EntityKey[j.index.module.apply.resourcesUnion.entity.ResourcesUnion#725], EntityKey[j.index.module.apply.resourcesUnion.entity.ResourcesUnion#726], EntityKey[j.index.module.apply.resourcesUnion.entity.ResourcesUnion#723], EntityKey[j.index.module.apply.resourcesUnion.entity.ResourcesUnion#724], EntityKey[j.index.module.apply.resourcesUnion.entity.ResourcesUnion#721], EntityKey[j.index.module.apply.resourcesUnion.entity.ResourcesUnion#722], EntityKey[j.index.module.apply.resourcesUnion.entity.ResourcesUnion#719], EntityKey[j.index.module.apply.resourcesUnion.entity.ResourcesUnion#720], EntityKey[j.index.module.apply.resourcesUnion.entity.ResourcesUnion#717], EntityKey[j.index.module.apply.resourcesUnion.entity.ResourcesUnion#718], EntityKey[j.index.module.apply.resourcesUnion.entity.ResourcesUnion#715], EntityKey[j.index.module.apply.resourcesUnion.entity.ResourcesUnion#716], EntityKey[j.index.module.apply.resourcesUnion.entity.ResourcesUnion#776], EntityKey[j.index.module.apply.resourcesUnion.entity.ResourcesUnion#775], EntityKey[j.index.module.apply.resourcesUnion.entity.ResourcesUnion#778], EntityKey[j.index.module.apply.resourcesUnion.entity.ResourcesUnion#777], EntityKey[j.index.module.apply.resourcesUnion.entity.ResourcesUnion#772], EntityKey[j.index.module.apply.resourcesUnion.entity.ResourcesUnion#771], EntityKey[j.index.module.apply.resourcesUnion.entity.ResourcesUnion#774], EntityKey[j.index.module.apply.resourcesUnion.entity.ResourcesUnion#773], EntityKey[j.index.module.apply.resourcesUnion.entity.ResourcesUnion#768], EntityKey[j.index.module.apply.resourcesUnion.entity.ResourcesUnion#767], EntityKey[j.index.module.apply.resourcesUnion.entity.ResourcesUnion#770], EntityKey[j.index.module.apply.resourcesUnion.entity.ResourcesUnion#769], EntityKey[j.index.module.apply.resourcesUnion.entity.ResourcesUnion#764], EntityKey[j.index.module.apply.resourcesUnion.entity.ResourcesUnion#763], EntityKey[j.index.module.apply.resourcesUnion.entity.ResourcesUnion#766], EntityKey[j.index.module.apply.resourcesUnion.entity.ResourcesUnion#765], EntityKey[j.index.module.apply.resourcesUnion.entity.ResourcesUnion#759], EntityKey[j.index.module.apply.resourcesUnion.entity.ResourcesUnion#760], EntityKey[j.index.module.apply.resourcesUnion.entity.ResourcesUnion#761], EntityKey[j.index.module.apply.resourcesUnion.entity.ResourcesUnion#762], EntityKey[j.index.module.apply.resourcesUnion.entity.ResourcesUnion#755], EntityKey[j.index.module.apply.resourcesUnion.entity.ResourcesUnion#756], EntityKey[j.index.module.apply.resourcesUnion.entity.ResourcesUnion#757], EntityKey[j.index.module.apply.resourcesUnion.entity.ResourcesUnion#758], EntityKey[j.index.module.apply.resourcesUnion.entity.ResourcesUnion#751], EntityKey[j.index.module.apply.resourcesUnion.entity.ResourcesUnion#752], EntityKey[j.index.module.apply.resourcesUnion.entity.ResourcesUnion#753], EntityKey[j.index.module.apply.resourcesUnion.entity.ResourcesUnion#754], EntityKey[j.index.module.apply.resourcesUnion.entity.ResourcesUnion#747], EntityKey[j.index.module.apply.resourcesUnion.entity.ResourcesUnion#748], EntityKey[j.index.module.apply.resourcesUnion.entity.ResourcesUnion#749], EntityKey[j.index.module.apply.resourcesUnion.entity.ResourcesUnion#750], EntityKey[j.index.module.apply.resourcesUnion.entity.ResourcesUnion#678], EntityKey[j.index.module.apply.resourcesUnion.entity.ResourcesUnion#677], EntityKey[j.index.module.apply.resourcesUnion.entity.ResourcesUnion#676], EntityKey[j.index.module.apply.resourcesUnion.entity.ResourcesUnion#675], EntityKey[j.index.module.apply.resourcesUnion.entity.ResourcesUnion#682], EntityKey[j.index.module.apply.resourcesUnion.entity.ResourcesUnion#681], EntityKey[j.index.module.apply.resourcesUnion.entity.ResourcesUnion#680], EntityKey[j.index.module.apply.resourcesUnion.entity.ResourcesUnion#679], EntityKey[j.index.module.apply.resourcesUnion.entity.ResourcesUnion#670], EntityKey[j.index.module.apply.resourcesUnion.entity.ResourcesUnion#669], EntityKey[j.index.module.apply.resourcesUnion.entity.ResourcesUnion#668], EntityKey[j.index.module.apply.resourcesUnion.entity.ResourcesUnion#667], EntityKey[j.index.module.apply.resourcesUnion.entity.ResourcesUnion#674], EntityKey[j.index.module.apply.resourcesUnion.entity.ResourcesUnion#673], EntityKey[j.index.module.apply.resourcesUnion.entity.ResourcesUnion#672], EntityKey[j.index.module.apply.resourcesUnion.entity.ResourcesUnion#671], EntityKey[j.index.module.apply.resourcesUnion.entity.ResourcesUnion#661], EntityKey[j.index.module.apply.resourcesUnion.entity.ResourcesUnion#662], EntityKey[j.index.module.apply.resourcesUnion.entity.ResourcesUnion#659], EntityKey[j.index.module.apply.resourcesUnion.entity.ResourcesUnion#660], EntityKey[j.index.module.apply.resourcesUnion.entity.ResourcesUnion#665], EntityKey[j.index.module.apply.resourcesUnion.entity.ResourcesUnion#666], EntityKey[j.index.module.apply.resourcesUnion.entity.ResourcesUnion#663], EntityKey[j.index.module.apply.resourcesUnion.entity.ResourcesUnion#664], EntityKey[j.index.module.apply.resourcesUnion.entity.ResourcesUnion#653], EntityKey[j.index.module.apply.resourcesUnion.entity.ResourcesUnion#654], EntityKey[j.index.module.apply.resourcesUnion.entity.ResourcesUnion#651], EntityKey[j.index.module.apply.resourcesUnion.entity.ResourcesUnion#652], EntityKey[j.index.module.apply.resourcesUnion.entity.ResourcesUnion#657], EntityKey[j.index.module.apply.resourcesUnion.entity.ResourcesUnion#658], EntityKey[j.index.module.apply.resourcesUnion.entity.ResourcesUnion#655], EntityKey[j.index.module.apply.resourcesUnion.entity.ResourcesUnion#656], EntityKey[j.index.module.apply.resourcesUnion.entity.ResourcesUnion#708], EntityKey[j.index.module.apply.resourcesUnion.entity.ResourcesUnion#707], EntityKey[j.index.module.apply.resourcesUnion.entity.ResourcesUnion#710], EntityKey[j.index.module.apply.resourcesUnion.entity.ResourcesUnion#709], EntityKey[j.index.module.apply.resourcesUnion.entity.ResourcesUnion#712], EntityKey[j.index.module.apply.resourcesUnion.entity.ResourcesUnion#711], EntityKey[j.index.module.apply.resourcesUnion.entity.ResourcesUnion#714], EntityKey[j.index.module.apply.resourcesUnion.entity.ResourcesUnion#713], EntityKey[j.index.module.apply.resourcesUnion.entity.ResourcesUnion#700], EntityKey[j.index.module.apply.resourcesUnion.entity.ResourcesUnion#699], EntityKey[j.index.module.apply.resourcesUnion.entity.ResourcesUnion#702], EntityKey[j.index.module.apply.resourcesUnion.entity.ResourcesUnion#701], EntityKey[j.index.module.apply.resourcesUnion.entity.ResourcesUnion#704], EntityKey[j.index.module.apply.resourcesUnion.entity.ResourcesUnion#703], EntityKey[j.index.module.apply.resourcesUnion.entity.ResourcesUnion#706], EntityKey[j.index.module.apply.resourcesUnion.entity.ResourcesUnion#705], EntityKey[j.index.module.apply.resourcesUnion.entity.ResourcesUnion#691], EntityKey[j.index.module.apply.resourcesUnion.entity.ResourcesUnion#692], EntityKey[j.index.module.apply.resourcesUnion.entity.ResourcesUnion#693], EntityKey[j.index.module.apply.resourcesUnion.entity.ResourcesUnion#694], EntityKey[j.index.module.apply.resourcesUnion.entity.ResourcesUnion#695], EntityKey[j.index.module.apply.resourcesUnion.entity.ResourcesUnion#696], EntityKey[j.index.module.apply.resourcesUnion.entity.ResourcesUnion#697], EntityKey[j.index.module.apply.resourcesUnion.entity.ResourcesUnion#698], EntityKey[j.index.module.apply.resourcesUnion.entity.ResourcesUnion#683], EntityKey[j.index.module.apply.resourcesUnion.entity.ResourcesUnion#684], EntityKey[j.index.module.apply.resourcesUnion.entity.ResourcesUnion#685], EntityKey[j.index.module.apply.resourcesUnion.entity.ResourcesUnion#686], EntityKey[j.index.module.apply.resourcesUnion.entity.ResourcesUnion#687], EntityKey[j.index.module.apply.resourcesUnion.entity.ResourcesUnion#688], EntityKey[j.index.module.apply.resourcesUnion.entity.ResourcesUnion#689], EntityKey[j.index.module.apply.resourcesUnion.entity.ResourcesUnion#690], EntityKey[j.index.module.apply.resourcesUnion.entity.ResourcesUnion#865], EntityKey[j.index.module.apply.resourcesUnion.entity.ResourcesUnion#866], EntityKey[j.index.module.apply.resourcesUnion.entity.ResourcesUnion#863], EntityKey[j.index.module.apply.resourcesUnion.entity.ResourcesUnion#864], EntityKey[j.index.module.apply.resourcesUnion.entity.ResourcesUnion#861], EntityKey[j.index.module.apply.resourcesUnion.entity.ResourcesUnion#862], EntityKey[j.index.module.apply.resourcesUnion.entity.ResourcesUnion#859], EntityKey[j.index.module.apply.resourcesUnion.entity.ResourcesUnion#860], EntityKey[j.index.module.apply.resourcesUnion.entity.ResourcesUnion#873], EntityKey[j.index.module.apply.resourcesUnion.entity.ResourcesUnion#874], EntityKey[j.index.module.apply.resourcesUnion.entity.ResourcesUnion#871], EntityKey[j.index.module.apply.resourcesUnion.entity.ResourcesUnion#872], EntityKey[j.index.module.apply.resourcesUnion.entity.ResourcesUnion#869], EntityKey[j.index.module.apply.resourcesUnion.entity.ResourcesUnion#870], EntityKey[j.index.module.apply.resourcesUnion.entity.ResourcesUnion#867], EntityKey[j.index.module.apply.resourcesUnion.entity.ResourcesUnion#868], EntityKey[j.index.module.apply.resourcesUnion.entity.ResourcesUnion#850], EntityKey[j.index.module.apply.resourcesUnion.entity.ResourcesUnion#849], EntityKey[j.index.module.apply.resourcesUnion.entity.ResourcesUnion#848], EntityKey[j.index.module.apply.resourcesUnion.entity.ResourcesUnion#847], EntityKey[j.index.module.apply.resourcesUnion.entity.ResourcesUnion#846], EntityKey[j.index.module.apply.resourcesUnion.entity.ResourcesUnion#845], EntityKey[j.index.module.apply.resourcesUnion.entity.ResourcesUnion#844], EntityKey[j.index.module.apply.resourcesUnion.entity.ResourcesUnion#843], EntityKey[j.index.module.apply.resourcesUnion.entity.ResourcesUnion#858], EntityKey[j.index.module.apply.resourcesUnion.entity.ResourcesUnion#857], EntityKey[j.index.module.apply.resourcesUnion.entity.ResourcesUnion#856], EntityKey[j.index.module.apply.resourcesUnion.entity.ResourcesUnion#855], EntityKey[j.index.module.apply.resourcesUnion.entity.ResourcesUnion#854], EntityKey[j.index.module.apply.resourcesUnion.entity.ResourcesUnion#853], EntityKey[j.index.module.apply.resourcesUnion.entity.ResourcesUnion#852], EntityKey[j.index.module.apply.resourcesUnion.entity.ResourcesUnion#851], EntityKey[j.index.module.apply.resourcesUnion.entity.ResourcesUnion#895], EntityKey[j.index.module.apply.resourcesUnion.entity.ResourcesUnion#896], EntityKey[j.index.module.apply.resourcesUnion.entity.ResourcesUnion#897], EntityKey[j.index.module.apply.resourcesUnion.entity.ResourcesUnion#898], EntityKey[j.index.module.apply.resourcesUnion.entity.ResourcesUnion#891], EntityKey[j.index.module.apply.resourcesUnion.entity.ResourcesUnion#892], EntityKey[j.index.module.apply.resourcesUnion.entity.ResourcesUnion#893], EntityKey[j.index.module.apply.resourcesUnion.entity.ResourcesUnion#894], EntityKey[j.index.module.apply.resourcesUnion.entity.ResourcesUnion#903], EntityKey[j.index.module.apply.resourcesUnion.entity.ResourcesUnion#904], EntityKey[j.index.module.apply.resourcesUnion.entity.ResourcesUnion#905], EntityKey[j.index.module.apply.resourcesUnion.entity.ResourcesUnion#906], EntityKey[j.index.module.apply.resourcesUnion.entity.ResourcesUnion#899], EntityKey[j.index.module.apply.resourcesUnion.entity.ResourcesUnion#900], EntityKey[j.index.module.apply.resourcesUnion.entity.ResourcesUnion#901], EntityKey[j.index.module.apply.resourcesUnion.entity.ResourcesUnion#902], EntityKey[j.index.module.apply.resourcesUnion.entity.ResourcesUnion#880], EntityKey[j.index.module.apply.resourcesUnion.entity.ResourcesUnion#879], EntityKey[j.index.module.apply.resourcesUnion.entity.ResourcesUnion#882], EntityKey[j.index.module.apply.resourcesUnion.entity.ResourcesUnion#881], EntityKey[j.index.module.apply.resourcesUnion.entity.ResourcesUnion#876], EntityKey[j.index.module.apply.resourcesUnion.entity.ResourcesUnion#875], EntityKey[j.index.module.apply.resourcesUnion.entity.ResourcesUnion#878], EntityKey[j.index.module.apply.resourcesUnion.entity.ResourcesUnion#877], EntityKey[j.index.module.apply.resourcesUnion.entity.ResourcesUnion#888], EntityKey[j.index.module.apply.resourcesUnion.entity.ResourcesUnion#887], EntityKey[j.index.module.apply.resourcesUnion.entity.ResourcesUnion#890], EntityKey[j.index.module.apply.resourcesUnion.entity.ResourcesUnion#889], EntityKey[j.index.module.apply.resourcesUnion.entity.ResourcesUnion#884], EntityKey[j.index.module.apply.resourcesUnion.entity.ResourcesUnion#883], EntityKey[j.index.module.apply.resourcesUnion.entity.ResourcesUnion#886], EntityKey[j.index.module.apply.resourcesUnion.entity.ResourcesUnion#885], EntityKey[j.index.module.apply.resourcesUnion.entity.ResourcesUnion#797], EntityKey[j.index.module.apply.resourcesUnion.entity.ResourcesUnion#798], EntityKey[j.index.module.apply.resourcesUnion.entity.ResourcesUnion#795], EntityKey[j.index.module.apply.resourcesUnion.entity.ResourcesUnion#796], EntityKey[j.index.module.apply.resourcesUnion.entity.ResourcesUnion#801], EntityKey[j.index.module.apply.resourcesUnion.entity.ResourcesUnion#802], EntityKey[j.index.module.apply.resourcesUnion.entity.ResourcesUnion#799], EntityKey[j.index.module.apply.resourcesUnion.entity.ResourcesUnion#800], EntityKey[j.index.module.apply.resourcesUnion.entity.ResourcesUnion#805], EntityKey[j.index.module.apply.resourcesUnion.entity.ResourcesUnion#806], EntityKey[j.index.module.apply.resourcesUnion.entity.ResourcesUnion#803], EntityKey[j.index.module.apply.resourcesUnion.entity.ResourcesUnion#804], EntityKey[j.index.module.apply.resourcesUnion.entity.ResourcesUnion#809], EntityKey[j.index.module.apply.resourcesUnion.entity.ResourcesUnion#810], EntityKey[j.index.module.apply.resourcesUnion.entity.ResourcesUnion#807], EntityKey[j.index.module.apply.resourcesUnion.entity.ResourcesUnion#808], EntityKey[j.index.module.apply.resourcesUnion.entity.ResourcesUnion#782], EntityKey[j.index.module.apply.resourcesUnion.entity.ResourcesUnion#781], EntityKey[j.index.module.apply.resourcesUnion.entity.ResourcesUnion#780], EntityKey[j.index.module.apply.resourcesUnion.entity.ResourcesUnion#779], EntityKey[j.index.module.apply.resourcesUnion.entity.ResourcesUnion#786], EntityKey[j.index.module.apply.resourcesUnion.entity.ResourcesUnion#785], EntityKey[j.index.module.apply.resourcesUnion.entity.ResourcesUnion#784], EntityKey[j.index.module.apply.resourcesUnion.entity.ResourcesUnion#783], EntityKey[j.index.module.apply.resourcesUnion.entity.ResourcesUnion#790], EntityKey[j.index.module.apply.resourcesUnion.entity.ResourcesUnion#789], EntityKey[j.index.module.apply.resourcesUnion.entity.ResourcesUnion#788], EntityKey[j.index.module.apply.resourcesUnion.entity.ResourcesUnion#787], EntityKey[j.index.module.apply.resourcesUnion.entity.ResourcesUnion#794], EntityKey[j.index.module.apply.resourcesUnion.entity.ResourcesUnion#793], EntityKey[j.index.module.apply.resourcesUnion.entity.ResourcesUnion#792], EntityKey[j.index.module.apply.resourcesUnion.entity.ResourcesUnion#791], EntityKey[j.index.module.apply.resourcesUnion.entity.ResourcesUnion#827], EntityKey[j.index.module.apply.resourcesUnion.entity.ResourcesUnion#828], EntityKey[j.index.module.apply.resourcesUnion.entity.ResourcesUnion#829], EntityKey[j.index.module.apply.resourcesUnion.entity.ResourcesUnion#830], EntityKey[j.index.module.apply.resourcesUnion.entity.ResourcesUnion#831], EntityKey[j.index.module.apply.resourcesUnion.entity.ResourcesUnion#832], EntityKey[j.index.module.apply.resourcesUnion.entity.ResourcesUnion#833], EntityKey[j.index.module.apply.resourcesUnion.entity.ResourcesUnion#834], EntityKey[j.index.module.apply.resourcesUnion.entity.ResourcesUnion#835], EntityKey[j.index.module.apply.resourcesUnion.entity.ResourcesUnion#836], EntityKey[j.index.module.apply.resourcesUnion.entity.ResourcesUnion#837], EntityKey[j.index.module.apply.resourcesUnion.entity.ResourcesUnion#838], EntityKey[j.index.module.apply.resourcesUnion.entity.ResourcesUnion#839], EntityKey[j.index.module.apply.resourcesUnion.entity.ResourcesUnion#840], EntityKey[j.index.module.apply.resourcesUnion.entity.ResourcesUnion#841], EntityKey[j.index.module.apply.resourcesUnion.entity.ResourcesUnion#842], EntityKey[j.index.module.apply.resourcesUnion.entity.ResourcesUnion#812], EntityKey[j.index.module.apply.resourcesUnion.entity.ResourcesUnion#811], EntityKey[j.index.module.apply.resourcesUnion.entity.ResourcesUnion#814], EntityKey[j.index.module.apply.resourcesUnion.entity.ResourcesUnion#813], EntityKey[j.index.module.apply.resourcesUnion.entity.ResourcesUnion#816], EntityKey[j.index.module.apply.resourcesUnion.entity.ResourcesUnion#815], EntityKey[j.index.module.apply.resourcesUnion.entity.ResourcesUnion#818], EntityKey[j.index.module.apply.resourcesUnion.entity.ResourcesUnion#817], EntityKey[j.index.module.apply.resourcesUnion.entity.ResourcesUnion#820], EntityKey[j.index.module.apply.resourcesUnion.entity.ResourcesUnion#819], EntityKey[j.index.module.apply.resourcesUnion.entity.ResourcesUnion#822], EntityKey[j.index.module.apply.resourcesUnion.entity.ResourcesUnion#821], EntityKey[j.index.module.apply.resourcesUnion.entity.ResourcesUnion#824], EntityKey[j.index.module.apply.resourcesUnion.entity.ResourcesUnion#823], EntityKey[j.index.module.apply.resourcesUnion.entity.ResourcesUnion#826], EntityKey[j.index.module.apply.resourcesUnion.entity.ResourcesUnion#825], EntityKey[j.index.module.apply.resourcesUnion.entity.ResourcesUnion#1013], EntityKey[j.index.module.apply.resourcesUnion.entity.ResourcesUnion#1014], EntityKey[j.index.module.apply.resourcesUnion.entity.ResourcesUnion#1011], EntityKey[j.index.module.apply.resourcesUnion.entity.ResourcesUnion#1012], EntityKey[j.index.module.apply.resourcesUnion.entity.ResourcesUnion#1017], EntityKey[j.index.module.apply.resourcesUnion.entity.ResourcesUnion#1018], EntityKey[j.index.module.apply.resourcesUnion.entity.ResourcesUnion#1015], EntityKey[j.index.module.apply.resourcesUnion.entity.ResourcesUnion#1016], EntityKey[j.index.module.apply.resourcesUnion.entity.ResourcesUnion#1005], EntityKey[j.index.module.apply.resourcesUnion.entity.ResourcesUnion#1006], EntityKey[j.index.module.apply.resourcesUnion.entity.ResourcesUnion#1003], EntityKey[j.index.module.apply.resourcesUnion.entity.ResourcesUnion#1004], EntityKey[j.index.module.apply.resourcesUnion.entity.ResourcesUnion#1009], EntityKey[j.index.module.apply.resourcesUnion.entity.ResourcesUnion#1010], EntityKey[j.index.module.apply.resourcesUnion.entity.ResourcesUnion#1007], EntityKey[j.index.module.apply.resourcesUnion.entity.ResourcesUnion#1008], EntityKey[j.index.module.apply.resourcesUnion.entity.ResourcesUnion#1030], EntityKey[j.index.module.apply.resourcesUnion.entity.ResourcesUnion#1029], EntityKey[j.index.module.apply.resourcesUnion.entity.ResourcesUnion#1028], EntityKey[j.index.module.apply.resourcesUnion.entity.ResourcesUnion#1027], EntityKey[j.index.module.apply.resourcesUnion.entity.ResourcesUnion#1034], EntityKey[j.index.module.apply.resourcesUnion.entity.ResourcesUnion#1033], EntityKey[j.index.module.apply.resourcesUnion.entity.ResourcesUnion#1032], EntityKey[j.index.module.apply.resourcesUnion.entity.ResourcesUnion#1031], EntityKey[j.index.module.apply.resourcesUnion.entity.ResourcesUnion#1022], EntityKey[j.index.module.apply.resourcesUnion.entity.ResourcesUnion#1021], EntityKey[j.index.module.apply.resourcesUnion.entity.ResourcesUnion#1020], EntityKey[j.index.module.apply.resourcesUnion.entity.ResourcesUnion#1019], EntityKey[j.index.module.apply.resourcesUnion.entity.ResourcesUnion#1026], EntityKey[j.index.module.apply.resourcesUnion.entity.ResourcesUnion#1025], EntityKey[j.index.module.apply.resourcesUnion.entity.ResourcesUnion#1024], EntityKey[j.index.module.apply.resourcesUnion.entity.ResourcesUnion#1023], EntityKey[j.index.module.apply.resourcesUnion.entity.ResourcesUnion#979], EntityKey[j.index.module.apply.resourcesUnion.entity.ResourcesUnion#980], EntityKey[j.index.module.apply.resourcesUnion.entity.ResourcesUnion#981], EntityKey[j.index.module.apply.resourcesUnion.entity.ResourcesUnion#982], EntityKey[j.index.module.apply.resourcesUnion.entity.ResourcesUnion#983], EntityKey[j.index.module.apply.resourcesUnion.entity.ResourcesUnion#984], EntityKey[j.index.module.apply.resourcesUnion.entity.ResourcesUnion#985], EntityKey[j.index.module.apply.resourcesUnion.entity.ResourcesUnion#986], EntityKey[j.index.module.apply.resourcesUnion.entity.ResourcesUnion#971], EntityKey[j.index.module.apply.resourcesUnion.entity.ResourcesUnion#972], EntityKey[j.index.module.apply.resourcesUnion.entity.ResourcesUnion#973], EntityKey[j.index.module.apply.resourcesUnion.entity.ResourcesUnion#974], EntityKey[j.index.module.apply.resourcesUnion.entity.ResourcesUnion#975], EntityKey[j.index.module.apply.resourcesUnion.entity.ResourcesUnion#976], EntityKey[j.index.module.apply.resourcesUnion.entity.ResourcesUnion#977], EntityKey[j.index.module.apply.resourcesUnion.entity.ResourcesUnion#978], EntityKey[j.index.module.apply.resourcesUnion.entity.ResourcesUnion#996], EntityKey[j.index.module.apply.resourcesUnion.entity.ResourcesUnion#995], EntityKey[j.index.module.apply.resourcesUnion.entity.ResourcesUnion#998], EntityKey[j.index.module.apply.resourcesUnion.entity.ResourcesUnion#997], EntityKey[j.index.module.apply.resourcesUnion.entity.ResourcesUnion#1000], EntityKey[j.index.module.apply.resourcesUnion.entity.ResourcesUnion#999], EntityKey[j.index.module.apply.resourcesUnion.entity.ResourcesUnion#1002], EntityKey[j.index.module.apply.resourcesUnion.entity.ResourcesUnion#1001], EntityKey[j.index.module.apply.resourcesUnion.entity.ResourcesUnion#988], EntityKey[j.index.module.apply.resourcesUnion.entity.ResourcesUnion#987], EntityKey[j.index.module.apply.resourcesUnion.entity.ResourcesUnion#990], EntityKey[j.index.module.apply.resourcesUnion.entity.ResourcesUnion#989], EntityKey[j.index.module.apply.resourcesUnion.entity.ResourcesUnion#992], EntityKey[j.index.module.apply.resourcesUnion.entity.ResourcesUnion#991], EntityKey[j.index.module.apply.resourcesUnion.entity.ResourcesUnion#994], EntityKey[j.index.module.apply.resourcesUnion.entity.ResourcesUnion#993], EntityKey[j.index.module.apply.resourcesUnion.entity.ResourcesUnion#953], EntityKey[j.index.module.apply.resourcesUnion.entity.ResourcesUnion#954], EntityKey[j.index.module.apply.resourcesUnion.entity.ResourcesUnion#951], EntityKey[j.index.module.apply.resourcesUnion.entity.ResourcesUnion#952], EntityKey[j.index.module.apply.resourcesUnion.entity.ResourcesUnion#949], EntityKey[j.index.module.apply.resourcesUnion.entity.ResourcesUnion#950], EntityKey[j.index.module.apply.resourcesUnion.entity.ResourcesUnion#947], EntityKey[j.index.module.apply.resourcesUnion.entity.ResourcesUnion#948], EntityKey[j.index.module.apply.resourcesUnion.entity.ResourcesUnion#945], EntityKey[j.index.module.apply.resourcesUnion.entity.ResourcesUnion#946], EntityKey[j.index.module.apply.resourcesUnion.entity.ResourcesUnion#943], EntityKey[j.index.module.apply.resourcesUnion.entity.ResourcesUnion#944], EntityKey[j.index.module.apply.resourcesUnion.entity.ResourcesUnion#941], EntityKey[j.index.module.apply.resourcesUnion.entity.ResourcesUnion#942], EntityKey[j.index.module.apply.resourcesUnion.entity.ResourcesUnion#939], EntityKey[j.index.module.apply.resourcesUnion.entity.ResourcesUnion#940], EntityKey[j.index.module.apply.resourcesUnion.entity.ResourcesUnion#970], EntityKey[j.index.module.apply.resourcesUnion.entity.ResourcesUnion#969], EntityKey[j.index.module.apply.resourcesUnion.entity.ResourcesUnion#968], EntityKey[j.index.module.apply.resourcesUnion.entity.ResourcesUnion#967], EntityKey[j.index.module.apply.resourcesUnion.entity.ResourcesUnion#966], EntityKey[j.index.module.apply.resourcesUnion.entity.ResourcesUnion#965], EntityKey[j.index.module.apply.resourcesUnion.entity.ResourcesUnion#964], EntityKey[j.index.module.apply.resourcesUnion.entity.ResourcesUnion#963], EntityKey[j.index.module.apply.resourcesUnion.entity.ResourcesUnion#962], EntityKey[j.index.module.apply.resourcesUnion.entity.ResourcesUnion#961], EntityKey[j.index.module.apply.resourcesUnion.entity.ResourcesUnion#960], EntityKey[j.index.module.apply.resourcesUnion.entity.ResourcesUnion#959], EntityKey[j.index.module.apply.resourcesUnion.entity.ResourcesUnion#958], EntityKey[j.index.module.apply.resourcesUnion.entity.ResourcesUnion#957], EntityKey[j.index.module.apply.resourcesUnion.entity.ResourcesUnion#956], EntityKey[j.index.module.apply.resourcesUnion.entity.ResourcesUnion#955], EntityKey[j.index.module.apply.resourcesUnion.entity.ResourcesUnion#919], EntityKey[j.index.module.apply.resourcesUnion.entity.ResourcesUnion#920], EntityKey[j.index.module.apply.resourcesUnion.entity.ResourcesUnion#921], EntityKey[j.index.module.apply.resourcesUnion.entity.ResourcesUnion#922], EntityKey[j.index.module.apply.resourcesUnion.entity.ResourcesUnion#915], EntityKey[j.index.module.apply.resourcesUnion.entity.ResourcesUnion#916], EntityKey[j.index.module.apply.resourcesUnion.entity.ResourcesUnion#917], EntityKey[j.index.module.apply.resourcesUnion.entity.ResourcesUnion#918], EntityKey[j.index.module.apply.resourcesUnion.entity.ResourcesUnion#911], EntityKey[j.index.module.apply.resourcesUnion.entity.ResourcesUnion#912], EntityKey[j.index.module.apply.resourcesUnion.entity.ResourcesUnion#913], EntityKey[j.index.module.apply.resourcesUnion.entity.ResourcesUnion#914], EntityKey[j.index.module.apply.resourcesUnion.entity.ResourcesUnion#907], EntityKey[j.index.module.apply.resourcesUnion.entity.ResourcesUnion#908], EntityKey[j.index.module.apply.resourcesUnion.entity.ResourcesUnion#909], EntityKey[j.index.module.apply.resourcesUnion.entity.ResourcesUnion#910], EntityKey[j.index.module.apply.resourcesUnion.entity.ResourcesUnion#936], EntityKey[j.index.module.apply.resourcesUnion.entity.ResourcesUnion#935], EntityKey[j.index.module.apply.resourcesUnion.entity.ResourcesUnion#938], EntityKey[j.index.module.apply.resourcesUnion.entity.ResourcesUnion#937], EntityKey[j.index.module.apply.resourcesUnion.entity.ResourcesUnion#932], EntityKey[j.index.module.apply.resourcesUnion.entity.ResourcesUnion#931], EntityKey[j.index.module.apply.resourcesUnion.entity.ResourcesUnion#934], EntityKey[j.index.module.apply.resourcesUnion.entity.ResourcesUnion#933], EntityKey[j.index.module.apply.resourcesUnion.entity.ResourcesUnion#928], EntityKey[j.index.module.apply.resourcesUnion.entity.ResourcesUnion#927], EntityKey[j.index.module.apply.resourcesUnion.entity.ResourcesUnion#930], EntityKey[j.index.module.apply.resourcesUnion.entity.ResourcesUnion#929], EntityKey[j.index.module.apply.resourcesUnion.entity.ResourcesUnion#924], EntityKey[j.index.module.apply.resourcesUnion.entity.ResourcesUnion#923], EntityKey[j.index.module.apply.resourcesUnion.entity.ResourcesUnion#926], EntityKey[j.index.module.apply.resourcesUnion.entity.ResourcesUnion#925], EntityKey[j.index.module.apply.resourcesUnion.entity.ResourcesUnion#1134], EntityKey[j.index.module.apply.resourcesUnion.entity.ResourcesUnion#1133], EntityKey[j.index.module.apply.resourcesUnion.entity.ResourcesUnion#1132], EntityKey[j.index.module.apply.resourcesUnion.entity.ResourcesUnion#1131], EntityKey[j.index.module.apply.resourcesUnion.entity.ResourcesUnion#1138], EntityKey[j.index.module.apply.resourcesUnion.entity.ResourcesUnion#1137], EntityKey[j.index.module.apply.resourcesUnion.entity.ResourcesUnion#1136], EntityKey[j.index.module.apply.resourcesUnion.entity.ResourcesUnion#1135], EntityKey[j.index.module.apply.resourcesUnion.entity.ResourcesUnion#1142], EntityKey[j.index.module.apply.resourcesUnion.entity.ResourcesUnion#1141], EntityKey[j.index.module.apply.resourcesUnion.entity.ResourcesUnion#1140], EntityKey[j.index.module.apply.resourcesUnion.entity.ResourcesUnion#1139], EntityKey[j.index.module.apply.resourcesUnion.entity.ResourcesUnion#1146], EntityKey[j.index.module.apply.resourcesUnion.entity.ResourcesUnion#1145], EntityKey[j.index.module.apply.resourcesUnion.entity.ResourcesUnion#1144], EntityKey[j.index.module.apply.resourcesUnion.entity.ResourcesUnion#1143], EntityKey[j.index.module.apply.resourcesUnion.entity.ResourcesUnion#1149], EntityKey[j.index.module.apply.resourcesUnion.entity.ResourcesUnion#1150], EntityKey[j.index.module.apply.resourcesUnion.entity.ResourcesUnion#1147], EntityKey[j.index.module.apply.resourcesUnion.entity.ResourcesUnion#1148], EntityKey[j.index.module.apply.resourcesUnion.entity.ResourcesUnion#1153], EntityKey[j.index.module.apply.resourcesUnion.entity.ResourcesUnion#1154], EntityKey[j.index.module.apply.resourcesUnion.entity.ResourcesUnion#1151], EntityKey[j.index.module.apply.resourcesUnion.entity.ResourcesUnion#1152], EntityKey[j.index.module.apply.resourcesUnion.entity.ResourcesUnion#1157], EntityKey[j.index.module.apply.resourcesUnion.entity.ResourcesUnion#1158], EntityKey[j.index.module.apply.resourcesUnion.entity.ResourcesUnion#1155], EntityKey[j.index.module.apply.resourcesUnion.entity.ResourcesUnion#1156], EntityKey[j.index.module.apply.resourcesUnion.entity.ResourcesUnion#1161], EntityKey[j.index.module.apply.resourcesUnion.entity.ResourcesUnion#1162], EntityKey[j.index.module.apply.resourcesUnion.entity.ResourcesUnion#1159], EntityKey[j.index.module.apply.resourcesUnion.entity.ResourcesUnion#1160], EntityKey[j.index.module.apply.resourcesUnion.entity.ResourcesUnion#1100], EntityKey[j.index.module.apply.resourcesUnion.entity.ResourcesUnion#1099], EntityKey[j.index.module.apply.resourcesUnion.entity.ResourcesUnion#1102], EntityKey[j.index.module.apply.resourcesUnion.entity.ResourcesUnion#1101], EntityKey[j.index.module.apply.resourcesUnion.entity.ResourcesUnion#1104], EntityKey[j.index.module.apply.resourcesUnion.entity.ResourcesUnion#1103], EntityKey[j.index.module.apply.resourcesUnion.entity.ResourcesUnion#1106], EntityKey[j.index.module.apply.resourcesUnion.entity.ResourcesUnion#1105], EntityKey[j.index.module.apply.resourcesUnion.entity.ResourcesUnion#1108], EntityKey[j.index.module.apply.resourcesUnion.entity.ResourcesUnion#1107], EntityKey[j.index.module.apply.resourcesUnion.entity.ResourcesUnion#1110], EntityKey[j.index.module.apply.resourcesUnion.entity.ResourcesUnion#1109], EntityKey[j.index.module.apply.resourcesUnion.entity.ResourcesUnion#1112], EntityKey[j.index.module.apply.resourcesUnion.entity.ResourcesUnion#1111], EntityKey[j.index.module.apply.resourcesUnion.entity.ResourcesUnion#1114], EntityKey[j.index.module.apply.resourcesUnion.entity.ResourcesUnion#1113], EntityKey[j.index.module.apply.resourcesUnion.entity.ResourcesUnion#1115], EntityKey[j.index.module.apply.resourcesUnion.entity.ResourcesUnion#1116], EntityKey[j.index.module.apply.resourcesUnion.entity.ResourcesUnion#1117], EntityKey[j.index.module.apply.resourcesUnion.entity.ResourcesUnion#1118], EntityKey[j.index.module.apply.resourcesUnion.entity.ResourcesUnion#1119], EntityKey[j.index.module.apply.resourcesUnion.entity.ResourcesUnion#1120], EntityKey[j.index.module.apply.resourcesUnion.entity.ResourcesUnion#1121], EntityKey[j.index.module.apply.resourcesUnion.entity.ResourcesUnion#1122], EntityKey[j.index.module.apply.resourcesUnion.entity.ResourcesUnion#1123], EntityKey[j.index.module.apply.resourcesUnion.entity.ResourcesUnion#1124], EntityKey[j.index.module.apply.resourcesUnion.entity.ResourcesUnion#1125], EntityKey[j.index.module.apply.resourcesUnion.entity.ResourcesUnion#1126], EntityKey[j.index.module.apply.resourcesUnion.entity.ResourcesUnion#1127], EntityKey[j.index.module.apply.resourcesUnion.entity.ResourcesUnion#1128], EntityKey[j.index.module.apply.resourcesUnion.entity.ResourcesUnion#1129], EntityKey[j.index.module.apply.resourcesUnion.entity.ResourcesUnion#1130], EntityKey[j.index.module.apply.resourcesUnion.entity.ResourcesUnion#1074], EntityKey[j.index.module.apply.resourcesUnion.entity.ResourcesUnion#1073], EntityKey[j.index.module.apply.resourcesUnion.entity.ResourcesUnion#1072], EntityKey[j.index.module.apply.resourcesUnion.entity.ResourcesUnion#1071], EntityKey[j.index.module.apply.resourcesUnion.entity.ResourcesUnion#1070], EntityKey[j.index.module.apply.resourcesUnion.entity.ResourcesUnion#1069], EntityKey[j.index.module.apply.resourcesUnion.entity.ResourcesUnion#1068], EntityKey[j.index.module.apply.resourcesUnion.entity.ResourcesUnion#1067], EntityKey[j.index.module.apply.resourcesUnion.entity.ResourcesUnion#1082], EntityKey[j.index.module.apply.resourcesUnion.entity.ResourcesUnion#1081], EntityKey[j.index.module.apply.resourcesUnion.entity.ResourcesUnion#1080], EntityKey[j.index.module.apply.resourcesUnion.entity.ResourcesUnion#1079], EntityKey[j.index.module.apply.resourcesUnion.entity.ResourcesUnion#1078], EntityKey[j.index.module.apply.resourcesUnion.entity.ResourcesUnion#1077], EntityKey[j.index.module.apply.resourcesUnion.entity.ResourcesUnion#1076], EntityKey[j.index.module.apply.resourcesUnion.entity.ResourcesUnion#1075], EntityKey[j.index.module.apply.resourcesUnion.entity.ResourcesUnion#1089], EntityKey[j.index.module.apply.resourcesUnion.entity.ResourcesUnion#1090], EntityKey[j.index.module.apply.resourcesUnion.entity.ResourcesUnion#1087], EntityKey[j.index.module.apply.resourcesUnion.entity.ResourcesUnion#1088], EntityKey[j.index.module.apply.resourcesUnion.entity.ResourcesUnion#1085], EntityKey[j.index.module.apply.resourcesUnion.entity.ResourcesUnion#1086], EntityKey[j.index.module.apply.resourcesUnion.entity.ResourcesUnion#1083], EntityKey[j.index.module.apply.resourcesUnion.entity.ResourcesUnion#1084], EntityKey[j.index.module.apply.resourcesUnion.entity.ResourcesUnion#1097], EntityKey[j.index.module.apply.resourcesUnion.entity.ResourcesUnion#1098], EntityKey[j.index.module.apply.resourcesUnion.entity.ResourcesUnion#1095], EntityKey[j.index.module.apply.resourcesUnion.entity.ResourcesUnion#1096], EntityKey[j.index.module.apply.resourcesUnion.entity.ResourcesUnion#1093], EntityKey[j.index.module.apply.resourcesUnion.entity.ResourcesUnion#1094], EntityKey[j.index.module.apply.resourcesUnion.entity.ResourcesUnion#1091], EntityKey[j.index.module.apply.resourcesUnion.entity.ResourcesUnion#1092], EntityKey[j.index.module.apply.resourcesUnion.entity.ResourcesUnion#1040], EntityKey[j.index.module.apply.resourcesUnion.entity.ResourcesUnion#1039], EntityKey[j.index.module.apply.resourcesUnion.entity.ResourcesUnion#1042], EntityKey[j.index.module.apply.resourcesUnion.entity.ResourcesUnion#1041], EntityKey[j.index.module.apply.resourcesUnion.entity.ResourcesUnion#1036], EntityKey[j.index.module.apply.resourcesUnion.entity.ResourcesUnion#1035], EntityKey[j.index.module.apply.resourcesUnion.entity.ResourcesUnion#1038], EntityKey[j.index.module.apply.resourcesUnion.entity.ResourcesUnion#1037], EntityKey[j.index.module.apply.resourcesUnion.entity.ResourcesUnion#1048], EntityKey[j.index.module.apply.resourcesUnion.entity.ResourcesUnion#1047], EntityKey[j.index.module.apply.resourcesUnion.entity.ResourcesUnion#1050], EntityKey[j.index.module.apply.resourcesUnion.entity.ResourcesUnion#1049], EntityKey[j.index.module.apply.resourcesUnion.entity.ResourcesUnion#1044], EntityKey[j.index.module.apply.resourcesUnion.entity.ResourcesUnion#1043], EntityKey[j.index.module.apply.resourcesUnion.entity.ResourcesUnion#1046], EntityKey[j.index.module.apply.resourcesUnion.entity.ResourcesUnion#1045], EntityKey[j.index.module.apply.resourcesUnion.entity.ResourcesUnion#1055], EntityKey[j.index.module.apply.resourcesUnion.entity.ResourcesUnion#1056], EntityKey[j.index.module.apply.resourcesUnion.entity.ResourcesUnion#1057], EntityKey[j.index.module.apply.resourcesUnion.entity.ResourcesUnion#1058], EntityKey[j.index.module.apply.resourcesUnion.entity.ResourcesUnion#1051], EntityKey[j.index.module.apply.resourcesUnion.entity.ResourcesUnion#1052], EntityKey[j.index.module.apply.resourcesUnion.entity.ResourcesUnion#1053], EntityKey[j.index.module.apply.resourcesUnion.entity.ResourcesUnion#1054], EntityKey[j.index.module.apply.resourcesUnion.entity.ResourcesUnion#1063], EntityKey[j.index.module.apply.resourcesUnion.entity.ResourcesUnion#1064], EntityKey[j.index.module.apply.resourcesUnion.entity.ResourcesUnion#1065], EntityKey[j.index.module.apply.resourcesUnion.entity.ResourcesUnion#1066], EntityKey[j.index.module.apply.resourcesUnion.entity.ResourcesUnion#1059], EntityKey[j.index.module.apply.resourcesUnion.entity.ResourcesUnion#1060], EntityKey[j.index.module.apply.resourcesUnion.entity.ResourcesUnion#1061], EntityKey[j.index.module.apply.resourcesUnion.entity.ResourcesUnion#1062], EntityKey[j.index.module.apply.resourcesUnion.entity.ResourcesUnion#1284], EntityKey[j.index.module.apply.resourcesUnion.entity.ResourcesUnion#1283], EntityKey[j.index.module.apply.resourcesUnion.entity.ResourcesUnion#1286], EntityKey[j.index.module.apply.resourcesUnion.entity.ResourcesUnion#1285], EntityKey[j.index.module.apply.resourcesUnion.entity.ResourcesUnion#1288], EntityKey[j.index.module.apply.resourcesUnion.entity.ResourcesUnion#1287], EntityKey[j.index.module.apply.resourcesUnion.entity.ResourcesUnion#1290], EntityKey[j.index.module.apply.resourcesUnion.entity.ResourcesUnion#1289], EntityKey[j.index.module.apply.resourcesUnion.entity.ResourcesUnion#1276], EntityKey[j.index.module.apply.resourcesUnion.entity.ResourcesUnion#1275], EntityKey[j.index.module.apply.resourcesUnion.entity.ResourcesUnion#1278], EntityKey[j.index.module.apply.resourcesUnion.entity.ResourcesUnion#1277], EntityKey[j.index.module.apply.resourcesUnion.entity.ResourcesUnion#1280], EntityKey[j.index.module.apply.resourcesUnion.entity.ResourcesUnion#1279], EntityKey[j.index.module.apply.resourcesUnion.entity.ResourcesUnion#1282], EntityKey[j.index.module.apply.resourcesUnion.entity.ResourcesUnion#1281], EntityKey[j.index.module.apply.resourcesUnion.entity.ResourcesUnion#1267], EntityKey[j.index.module.apply.resourcesUnion.entity.ResourcesUnion#1268], EntityKey[j.index.module.apply.resourcesUnion.entity.ResourcesUnion#1269], EntityKey[j.index.module.apply.resourcesUnion.entity.ResourcesUnion#1270], EntityKey[j.index.module.apply.resourcesUnion.entity.ResourcesUnion#1271], EntityKey[j.index.module.apply.resourcesUnion.entity.ResourcesUnion#1272], EntityKey[j.index.module.apply.resourcesUnion.entity.ResourcesUnion#1273], EntityKey[j.index.module.apply.resourcesUnion.entity.ResourcesUnion#1274], EntityKey[j.index.module.apply.resourcesUnion.entity.ResourcesUnion#1259], EntityKey[j.index.module.apply.resourcesUnion.entity.ResourcesUnion#1260], EntityKey[j.index.module.apply.resourcesUnion.entity.ResourcesUnion#1261], EntityKey[j.index.module.apply.resourcesUnion.entity.ResourcesUnion#1262], EntityKey[j.index.module.apply.resourcesUnion.entity.ResourcesUnion#1263], EntityKey[j.index.module.apply.resourcesUnion.entity.ResourcesUnion#1264], EntityKey[j.index.module.apply.resourcesUnion.entity.ResourcesUnion#1265], EntityKey[j.index.module.apply.resourcesUnion.entity.ResourcesUnion#1266], EntityKey[j.index.module.apply.resourcesUnion.entity.ResourcesUnion#1254], EntityKey[j.index.module.apply.resourcesUnion.entity.ResourcesUnion#1253], EntityKey[j.index.module.apply.resourcesUnion.entity.ResourcesUnion#1252], EntityKey[j.index.module.apply.resourcesUnion.entity.ResourcesUnion#1251], EntityKey[j.index.module.apply.resourcesUnion.entity.ResourcesUnion#1258], EntityKey[j.index.module.apply.resourcesUnion.entity.ResourcesUnion#1257], EntityKey[j.index.module.apply.resourcesUnion.entity.ResourcesUnion#1256], EntityKey[j.index.module.apply.resourcesUnion.entity.ResourcesUnion#1255], EntityKey[j.index.module.apply.resourcesUnion.entity.ResourcesUnion#1246], EntityKey[j.index.module.apply.resourcesUnion.entity.ResourcesUnion#1245], EntityKey[j.index.module.apply.resourcesUnion.entity.ResourcesUnion#1244], EntityKey[j.index.module.apply.resourcesUnion.entity.ResourcesUnion#1243], EntityKey[j.index.module.apply.resourcesUnion.entity.ResourcesUnion#1250], EntityKey[j.index.module.apply.resourcesUnion.entity.ResourcesUnion#1249], EntityKey[j.index.module.apply.resourcesUnion.entity.ResourcesUnion#1248], EntityKey[j.index.module.apply.resourcesUnion.entity.ResourcesUnion#1247], EntityKey[j.index.module.apply.resourcesUnion.entity.ResourcesUnion#1237], EntityKey[j.index.module.apply.resourcesUnion.entity.ResourcesUnion#1238], EntityKey[j.index.module.apply.resourcesUnion.entity.ResourcesUnion#1235], EntityKey[j.index.module.apply.resourcesUnion.entity.ResourcesUnion#1236], EntityKey[j.index.module.apply.resourcesUnion.entity.ResourcesUnion#1241], EntityKey[j.index.module.apply.resourcesUnion.entity.ResourcesUnion#1242], EntityKey[j.index.module.apply.resourcesUnion.entity.ResourcesUnion#1239], EntityKey[j.index.module.apply.resourcesUnion.entity.ResourcesUnion#1240], EntityKey[j.index.module.apply.resourcesUnion.entity.ResourcesUnion#1229], EntityKey[j.index.module.apply.resourcesUnion.entity.ResourcesUnion#1230], EntityKey[j.index.module.apply.resourcesUnion.entity.ResourcesUnion#1227], EntityKey[j.index.module.apply.resourcesUnion.entity.ResourcesUnion#1228], EntityKey[j.index.module.apply.resourcesUnion.entity.ResourcesUnion#1233], EntityKey[j.index.module.apply.resourcesUnion.entity.ResourcesUnion#1234], EntityKey[j.index.module.apply.resourcesUnion.entity.ResourcesUnion#1231], EntityKey[j.index.module.apply.resourcesUnion.entity.ResourcesUnion#1232], EntityKey[j.index.module.apply.resourcesUnion.entity.ResourcesUnion#1224], EntityKey[j.index.module.apply.resourcesUnion.entity.ResourcesUnion#1223], EntityKey[j.index.module.apply.resourcesUnion.entity.ResourcesUnion#1226], EntityKey[j.index.module.apply.resourcesUnion.entity.ResourcesUnion#1225], EntityKey[j.index.module.apply.resourcesUnion.entity.ResourcesUnion#1220], EntityKey[j.index.module.apply.resourcesUnion.entity.ResourcesUnion#1219], EntityKey[j.index.module.apply.resourcesUnion.entity.ResourcesUnion#1222], EntityKey[j.index.module.apply.resourcesUnion.entity.ResourcesUnion#1221], EntityKey[j.index.module.apply.resourcesUnion.entity.ResourcesUnion#1216], EntityKey[j.index.module.apply.resourcesUnion.entity.ResourcesUnion#1215], EntityKey[j.index.module.apply.resourcesUnion.entity.ResourcesUnion#1218], EntityKey[j.index.module.apply.resourcesUnion.entity.ResourcesUnion#1217], EntityKey[j.index.module.apply.resourcesUnion.entity.ResourcesUnion#1212], EntityKey[j.index.module.apply.resourcesUnion.entity.ResourcesUnion#1211], EntityKey[j.index.module.apply.resourcesUnion.entity.ResourcesUnion#1214], EntityKey[j.index.module.apply.resourcesUnion.entity.ResourcesUnion#1213], EntityKey[j.index.module.apply.resourcesUnion.entity.ResourcesUnion#1207], EntityKey[j.index.module.apply.resourcesUnion.entity.ResourcesUnion#1208], EntityKey[j.index.module.apply.resourcesUnion.entity.ResourcesUnion#1209], EntityKey[j.index.module.apply.resourcesUnion.entity.ResourcesUnion#1210], EntityKey[j.index.module.apply.resourcesUnion.entity.ResourcesUnion#1203], EntityKey[j.index.module.apply.resourcesUnion.entity.ResourcesUnion#1204], EntityKey[j.index.module.apply.resourcesUnion.entity.ResourcesUnion#1205], EntityKey[j.index.module.apply.resourcesUnion.entity.ResourcesUnion#1206], EntityKey[j.index.module.apply.resourcesUnion.entity.ResourcesUnion#1199], EntityKey[j.index.module.apply.resourcesUnion.entity.ResourcesUnion#1200], EntityKey[j.index.module.apply.resourcesUnion.entity.ResourcesUnion#1201], EntityKey[j.index.module.apply.resourcesUnion.entity.ResourcesUnion#1202], EntityKey[j.index.module.apply.resourcesUnion.entity.ResourcesUnion#1195], EntityKey[j.index.module.apply.resourcesUnion.entity.ResourcesUnion#1196], EntityKey[j.index.module.apply.resourcesUnion.entity.ResourcesUnion#1197], EntityKey[j.index.module.apply.resourcesUnion.entity.ResourcesUnion#1198], EntityKey[j.index.module.apply.resourcesUnion.entity.ResourcesUnion#1194], EntityKey[j.index.module.apply.resourcesUnion.entity.ResourcesUnion#1193], EntityKey[j.index.module.apply.resourcesUnion.entity.ResourcesUnion#1192], EntityKey[j.index.module.apply.resourcesUnion.entity.ResourcesUnion#1191], EntityKey[j.index.module.apply.resourcesUnion.entity.ResourcesUnion#1190], EntityKey[j.index.module.apply.resourcesUnion.entity.ResourcesUnion#1189], EntityKey[j.index.module.apply.resourcesUnion.entity.ResourcesUnion#1188], EntityKey[j.index.module.apply.resourcesUnion.entity.ResourcesUnion#1187], EntityKey[j.index.module.apply.resourcesUnion.entity.ResourcesUnion#1186], EntityKey[j.index.module.apply.resourcesUnion.entity.ResourcesUnion#1185], EntityKey[j.index.module.apply.resourcesUnion.entity.ResourcesUnion#1184], EntityKey[j.index.module.apply.resourcesUnion.entity.ResourcesUnion#1183], EntityKey[j.index.module.apply.resourcesUnion.entity.ResourcesUnion#1182], EntityKey[j.index.module.apply.resourcesUnion.entity.ResourcesUnion#1181], EntityKey[j.index.module.apply.resourcesUnion.entity.ResourcesUnion#1180], EntityKey[j.index.module.apply.resourcesUnion.entity.ResourcesUnion#1179], EntityKey[j.index.module.apply.resourcesUnion.entity.ResourcesUnion#1177], EntityKey[j.index.module.apply.resourcesUnion.entity.ResourcesUnion#1178], EntityKey[j.index.module.apply.resourcesUnion.entity.ResourcesUnion#1175], EntityKey[j.index.module.apply.resourcesUnion.entity.ResourcesUnion#1176], EntityKey[j.index.module.apply.resourcesUnion.entity.ResourcesUnion#1173], EntityKey[j.index.module.apply.resourcesUnion.entity.ResourcesUnion#1174], EntityKey[j.index.module.apply.resourcesUnion.entity.ResourcesUnion#1171], EntityKey[j.index.module.apply.resourcesUnion.entity.ResourcesUnion#1172], EntityKey[j.index.module.apply.resourcesUnion.entity.ResourcesUnion#1169], EntityKey[j.index.module.apply.resourcesUnion.entity.ResourcesUnion#1170], EntityKey[j.index.module.apply.resourcesUnion.entity.ResourcesUnion#1167], EntityKey[j.index.module.apply.resourcesUnion.entity.ResourcesUnion#1168], EntityKey[j.index.module.apply.resourcesUnion.entity.ResourcesUnion#1165], EntityKey[j.index.module.apply.resourcesUnion.entity.ResourcesUnion#1166], EntityKey[j.index.module.apply.resourcesUnion.entity.ResourcesUnion#1163], EntityKey[j.index.module.apply.resourcesUnion.entity.ResourcesUnion#1164], EntityKey[j.index.module.apply.resourcesUnion.entity.ResourcesUnion#1403], EntityKey[j.index.module.apply.resourcesUnion.entity.ResourcesUnion#1404], EntityKey[j.index.module.apply.resourcesUnion.entity.ResourcesUnion#1405], EntityKey[j.index.module.apply.resourcesUnion.entity.ResourcesUnion#1406], EntityKey[j.index.module.apply.resourcesUnion.entity.ResourcesUnion#1407], EntityKey[j.index.module.apply.resourcesUnion.entity.ResourcesUnion#1408], EntityKey[j.index.module.apply.resourcesUnion.entity.ResourcesUnion#1409], EntityKey[j.index.module.apply.resourcesUnion.entity.ResourcesUnion#1410], EntityKey[j.index.module.apply.resourcesUnion.entity.ResourcesUnion#1411], EntityKey[j.index.module.apply.resourcesUnion.entity.ResourcesUnion#1412], EntityKey[j.index.module.apply.resourcesUnion.entity.ResourcesUnion#1413], EntityKey[j.index.module.apply.resourcesUnion.entity.ResourcesUnion#1414], EntityKey[j.index.module.apply.resourcesUnion.entity.ResourcesUnion#1415], EntityKey[j.index.module.apply.resourcesUnion.entity.ResourcesUnion#1416], EntityKey[j.index.module.apply.resourcesUnion.entity.ResourcesUnion#1417], EntityKey[j.index.module.apply.resourcesUnion.entity.ResourcesUnion#1418], EntityKey[j.index.module.apply.resourcesUnion.entity.ResourcesUnion#1388], EntityKey[j.index.module.apply.resourcesUnion.entity.ResourcesUnion#1387], EntityKey[j.index.module.apply.resourcesUnion.entity.ResourcesUnion#1390], EntityKey[j.index.module.apply.resourcesUnion.entity.ResourcesUnion#1389], EntityKey[j.index.module.apply.resourcesUnion.entity.ResourcesUnion#1392], EntityKey[j.index.module.apply.resourcesUnion.entity.ResourcesUnion#1391], EntityKey[j.index.module.apply.resourcesUnion.entity.ResourcesUnion#1394], EntityKey[j.index.module.apply.resourcesUnion.entity.ResourcesUnion#1393], EntityKey[j.index.module.apply.resourcesUnion.entity.ResourcesUnion#1396], EntityKey[j.index.module.apply.resourcesUnion.entity.ResourcesUnion#1395], EntityKey[j.index.module.apply.resourcesUnion.entity.ResourcesUnion#1398], EntityKey[j.index.module.apply.resourcesUnion.entity.ResourcesUnion#1397], EntityKey[j.index.module.apply.resourcesUnion.entity.ResourcesUnion#1400], EntityKey[j.index.module.apply.resourcesUnion.entity.ResourcesUnion#1399], EntityKey[j.index.module.apply.resourcesUnion.entity.ResourcesUnion#1402], EntityKey[j.index.module.apply.resourcesUnion.entity.ResourcesUnion#1401], EntityKey[j.index.module.apply.resourcesUnion.entity.ResourcesUnion#1373], EntityKey[j.index.module.apply.resourcesUnion.entity.ResourcesUnion#1374], EntityKey[j.index.module.apply.resourcesUnion.entity.ResourcesUnion#1371], EntityKey[j.index.module.apply.resourcesUnion.entity.ResourcesUnion#1372], EntityKey[j.index.module.apply.resourcesUnion.entity.ResourcesUnion#1377], EntityKey[j.index.module.apply.resourcesUnion.entity.ResourcesUnion#1378], EntityKey[j.index.module.apply.resourcesUnion.entity.ResourcesUnion#1375], EntityKey[j.index.module.apply.resourcesUnion.entity.ResourcesUnion#1376], EntityKey[j.index.module.apply.resourcesUnion.entity.ResourcesUnion#1381], EntityKey[j.index.module.apply.resourcesUnion.entity.ResourcesUnion#1382], EntityKey[j.index.module.apply.resourcesUnion.entity.ResourcesUnion#1379], EntityKey[j.index.module.apply.resourcesUnion.entity.ResourcesUnion#1380], EntityKey[j.index.module.apply.resourcesUnion.entity.ResourcesUnion#1385], EntityKey[j.index.module.apply.resourcesUnion.entity.ResourcesUnion#1386], EntityKey[j.index.module.apply.resourcesUnion.entity.ResourcesUnion#1383], EntityKey[j.index.module.apply.resourcesUnion.entity.ResourcesUnion#1384], EntityKey[j.index.module.apply.resourcesUnion.entity.ResourcesUnion#1358], EntityKey[j.index.module.apply.resourcesUnion.entity.ResourcesUnion#1357], EntityKey[j.index.module.apply.resourcesUnion.entity.ResourcesUnion#1356], EntityKey[j.index.module.apply.resourcesUnion.entity.ResourcesUnion#1355], EntityKey[j.index.module.apply.resourcesUnion.entity.ResourcesUnion#1362], EntityKey[j.index.module.apply.resourcesUnion.entity.ResourcesUnion#1361], EntityKey[j.index.module.apply.resourcesUnion.entity.ResourcesUnion#1360], EntityKey[j.index.module.apply.resourcesUnion.entity.ResourcesUnion#1359], EntityKey[j.index.module.apply.resourcesUnion.entity.ResourcesUnion#1366], EntityKey[j.index.module.apply.resourcesUnion.entity.ResourcesUnion#1365], EntityKey[j.index.module.apply.resourcesUnion.entity.ResourcesUnion#1364], EntityKey[j.index.module.apply.resourcesUnion.entity.ResourcesUnion#1363], EntityKey[j.index.module.apply.resourcesUnion.entity.ResourcesUnion#1370], EntityKey[j.index.module.apply.resourcesUnion.entity.ResourcesUnion#1369], EntityKey[j.index.module.apply.resourcesUnion.entity.ResourcesUnion#1368], EntityKey[j.index.module.apply.resourcesUnion.entity.ResourcesUnion#1367], EntityKey[j.index.module.apply.resourcesUnion.entity.ResourcesUnion#1343], EntityKey[j.index.module.apply.resourcesUnion.entity.ResourcesUnion#1344], EntityKey[j.index.module.apply.resourcesUnion.entity.ResourcesUnion#1345], EntityKey[j.index.module.apply.resourcesUnion.entity.ResourcesUnion#1346], EntityKey[j.index.module.apply.resourcesUnion.entity.ResourcesUnion#1339], EntityKey[j.index.module.apply.resourcesUnion.entity.ResourcesUnion#1340], EntityKey[j.index.module.apply.resourcesUnion.entity.ResourcesUnion#1341], EntityKey[j.index.module.apply.resourcesUnion.entity.ResourcesUnion#1342], EntityKey[j.index.module.apply.resourcesUnion.entity.ResourcesUnion#1351], EntityKey[j.index.module.apply.resourcesUnion.entity.ResourcesUnion#1352], EntityKey[j.index.module.apply.resourcesUnion.entity.ResourcesUnion#1353], EntityKey[j.index.module.apply.resourcesUnion.entity.ResourcesUnion#1354], EntityKey[j.index.module.apply.resourcesUnion.entity.ResourcesUnion#1347], EntityKey[j.index.module.apply.resourcesUnion.entity.ResourcesUnion#1348], EntityKey[j.index.module.apply.resourcesUnion.entity.ResourcesUnion#1349], EntityKey[j.index.module.apply.resourcesUnion.entity.ResourcesUnion#1350], EntityKey[j.index.module.apply.resourcesUnion.entity.ResourcesUnion#1328], EntityKey[j.index.module.apply.resourcesUnion.entity.ResourcesUnion#1327], EntityKey[j.index.module.apply.resourcesUnion.entity.ResourcesUnion#1330], EntityKey[j.index.module.apply.resourcesUnion.entity.ResourcesUnion#1329], EntityKey[j.index.module.apply.resourcesUnion.entity.ResourcesUnion#1324], EntityKey[j.index.module.apply.resourcesUnion.entity.ResourcesUnion#1323], EntityKey[j.index.module.apply.resourcesUnion.entity.ResourcesUnion#1326], EntityKey[j.index.module.apply.resourcesUnion.entity.ResourcesUnion#1325], EntityKey[j.index.module.apply.resourcesUnion.entity.ResourcesUnion#1336], EntityKey[j.index.module.apply.resourcesUnion.entity.ResourcesUnion#1335], EntityKey[j.index.module.apply.resourcesUnion.entity.ResourcesUnion#1338], EntityKey[j.index.module.apply.resourcesUnion.entity.ResourcesUnion#1337], EntityKey[j.index.module.apply.resourcesUnion.entity.ResourcesUnion#1332], EntityKey[j.index.module.apply.resourcesUnion.entity.ResourcesUnion#1331], EntityKey[j.index.module.apply.resourcesUnion.entity.ResourcesUnion#1334], EntityKey[j.index.module.apply.resourcesUnion.entity.ResourcesUnion#1333], EntityKey[j.index.module.apply.resourcesUnion.entity.ResourcesUnion#1313], EntityKey[j.index.module.apply.resourcesUnion.entity.ResourcesUnion#1314], EntityKey[j.index.module.apply.resourcesUnion.entity.ResourcesUnion#1311], EntityKey[j.index.module.apply.resourcesUnion.entity.ResourcesUnion#1312], EntityKey[j.index.module.apply.resourcesUnion.entity.ResourcesUnion#1309], EntityKey[j.index.module.apply.resourcesUnion.entity.ResourcesUnion#1310], EntityKey[j.index.module.apply.resourcesUnion.entity.ResourcesUnion#1307], EntityKey[j.index.module.apply.resourcesUnion.entity.ResourcesUnion#1308], EntityKey[j.index.module.apply.resourcesUnion.entity.ResourcesUnion#1321], EntityKey[j.index.module.apply.resourcesUnion.entity.ResourcesUnion#1322], EntityKey[j.index.module.apply.resourcesUnion.entity.ResourcesUnion#1319], EntityKey[j.index.module.apply.resourcesUnion.entity.ResourcesUnion#1320], EntityKey[j.index.module.apply.resourcesUnion.entity.ResourcesUnion#1317], EntityKey[j.index.module.apply.resourcesUnion.entity.ResourcesUnion#1318], EntityKey[j.index.module.apply.resourcesUnion.entity.ResourcesUnion#1315], EntityKey[j.index.module.apply.resourcesUnion.entity.ResourcesUnion#1316], EntityKey[j.index.module.apply.resourcesUnion.entity.ResourcesUnion#1298], EntityKey[j.index.module.apply.resourcesUnion.entity.ResourcesUnion#1297], EntityKey[j.index.module.apply.resourcesUnion.entity.ResourcesUnion#1296], EntityKey[j.index.module.apply.resourcesUnion.entity.ResourcesUnion#1295], EntityKey[j.index.module.apply.resourcesUnion.entity.ResourcesUnion#1294], EntityKey[j.index.module.apply.resourcesUnion.entity.ResourcesUnion#1293], EntityKey[j.index.module.apply.resourcesUnion.entity.ResourcesUnion#1292], EntityKey[j.index.module.apply.resourcesUnion.entity.ResourcesUnion#1291], EntityKey[j.index.module.apply.resourcesUnion.entity.ResourcesUnion#1306], EntityKey[j.index.module.apply.resourcesUnion.entity.ResourcesUnion#1305], EntityKey[j.index.module.apply.resourcesUnion.entity.ResourcesUnion#1304], EntityKey[j.index.module.apply.resourcesUnion.entity.ResourcesUnion#1303], EntityKey[j.index.module.apply.resourcesUnion.entity.ResourcesUnion#1302], EntityKey[j.index.module.apply.resourcesUnion.entity.ResourcesUnion#1301], EntityKey[j.index.module.apply.resourcesUnion.entity.ResourcesUnion#1300], EntityKey[j.index.module.apply.resourcesUnion.entity.ResourcesUnion#1299], EntityKey[j.index.module.apply.resourcesUnion.entity.ResourcesUnion#1571], EntityKey[j.index.module.apply.resourcesUnion.entity.ResourcesUnion#1572], EntityKey[j.index.module.apply.resourcesUnion.entity.ResourcesUnion#1573], EntityKey[j.index.module.apply.resourcesUnion.entity.ResourcesUnion#1574], EntityKey[j.index.module.apply.resourcesUnion.entity.ResourcesUnion#1575], EntityKey[j.index.module.apply.resourcesUnion.entity.ResourcesUnion#1576], EntityKey[j.index.module.apply.resourcesUnion.entity.ResourcesUnion#1577], EntityKey[j.index.module.apply.resourcesUnion.entity.ResourcesUnion#1578], EntityKey[j.index.module.apply.resourcesUnion.entity.ResourcesUnion#1563], EntityKey[j.index.module.apply.resourcesUnion.entity.ResourcesUnion#1564], EntityKey[j.index.module.apply.resourcesUnion.entity.ResourcesUnion#1565], EntityKey[j.index.module.apply.resourcesUnion.entity.ResourcesUnion#1566], EntityKey[j.index.module.apply.resourcesUnion.entity.ResourcesUnion#1567], EntityKey[j.index.module.apply.resourcesUnion.entity.ResourcesUnion#1568], EntityKey[j.index.module.apply.resourcesUnion.entity.ResourcesUnion#1569], EntityKey[j.index.module.apply.resourcesUnion.entity.ResourcesUnion#1570], EntityKey[j.index.module.apply.resourcesUnion.entity.ResourcesUnion#1556], EntityKey[j.index.module.apply.resourcesUnion.entity.ResourcesUnion#1555], EntityKey[j.index.module.apply.resourcesUnion.entity.ResourcesUnion#1558], EntityKey[j.index.module.apply.resourcesUnion.entity.ResourcesUnion#1557], EntityKey[j.index.module.apply.resourcesUnion.entity.ResourcesUnion#1560], EntityKey[j.index.module.apply.resourcesUnion.entity.ResourcesUnion#1559], EntityKey[j.index.module.apply.resourcesUnion.entity.ResourcesUnion#1562], EntityKey[j.index.module.apply.resourcesUnion.entity.ResourcesUnion#1561], EntityKey[j.index.module.apply.resourcesUnion.entity.ResourcesUnion#1548], EntityKey[j.index.module.apply.resourcesUnion.entity.ResourcesUnion#1547], EntityKey[j.index.module.apply.resourcesUnion.entity.ResourcesUnion#1550], EntityKey[j.index.module.apply.resourcesUnion.entity.ResourcesUnion#1549], EntityKey[j.index.module.apply.resourcesUnion.entity.ResourcesUnion#1552], EntityKey[j.index.module.apply.resourcesUnion.entity.ResourcesUnion#1551], EntityKey[j.index.module.apply.resourcesUnion.entity.ResourcesUnion#1554], EntityKey[j.index.module.apply.resourcesUnion.entity.ResourcesUnion#1553], EntityKey[j.index.module.apply.resourcesUnion.entity.ResourcesUnion#1605], EntityKey[j.index.module.apply.resourcesUnion.entity.ResourcesUnion#1606], EntityKey[j.index.module.apply.resourcesUnion.entity.ResourcesUnion#1603], EntityKey[j.index.module.apply.resourcesUnion.entity.ResourcesUnion#1604], EntityKey[j.index.module.apply.resourcesUnion.entity.ResourcesUnion#1609], EntityKey[j.index.module.apply.resourcesUnion.entity.ResourcesUnion#1610], EntityKey[j.index.module.apply.resourcesUnion.entity.ResourcesUnion#1607], EntityKey[j.index.module.apply.resourcesUnion.entity.ResourcesUnion#1608], EntityKey[j.index.module.apply.resourcesUnion.entity.ResourcesUnion#1597], EntityKey[j.index.module.apply.resourcesUnion.entity.ResourcesUnion#1598], EntityKey[j.index.module.apply.resourcesUnion.entity.ResourcesUnion#1595], EntityKey[j.index.module.apply.resourcesUnion.entity.ResourcesUnion#1596], EntityKey[j.index.module.apply.resourcesUnion.entity.ResourcesUnion#1601], EntityKey[j.index.module.apply.resourcesUnion.entity.ResourcesUnion#1602], EntityKey[j.index.module.apply.resourcesUnion.entity.ResourcesUnion#1599], EntityKey[j.index.module.apply.resourcesUnion.entity.ResourcesUnion#1600], EntityKey[j.index.module.apply.resourcesUnion.entity.ResourcesUnion#1590], EntityKey[j.index.module.apply.resourcesUnion.entity.ResourcesUnion#1589], EntityKey[j.index.module.apply.resourcesUnion.entity.ResourcesUnion#1588], EntityKey[j.index.module.apply.resourcesUnion.entity.ResourcesUnion#1587], EntityKey[j.index.module.apply.resourcesUnion.entity.ResourcesUnion#1594], EntityKey[j.index.module.apply.resourcesUnion.entity.ResourcesUnion#1593], EntityKey[j.index.module.apply.resourcesUnion.entity.ResourcesUnion#1592], EntityKey[j.index.module.apply.resourcesUnion.entity.ResourcesUnion#1591], EntityKey[j.index.module.apply.resourcesUnion.entity.ResourcesUnion#1582], EntityKey[j.index.module.apply.resourcesUnion.entity.ResourcesUnion#1581], EntityKey[j.index.module.apply.resourcesUnion.entity.ResourcesUnion#1580], EntityKey[j.index.module.apply.resourcesUnion.entity.ResourcesUnion#1579], EntityKey[j.index.module.apply.resourcesUnion.entity.ResourcesUnion#1586], EntityKey[j.index.module.apply.resourcesUnion.entity.ResourcesUnion#1585], EntityKey[j.index.module.apply.resourcesUnion.entity.ResourcesUnion#1584], EntityKey[j.index.module.apply.resourcesUnion.entity.ResourcesUnion#1583], EntityKey[j.index.module.apply.resourcesUnion.entity.ResourcesUnion#1639], EntityKey[j.index.module.apply.resourcesUnion.entity.ResourcesUnion#1640], EntityKey[j.index.module.apply.resourcesUnion.entity.ResourcesUnion#1641], EntityKey[j.index.module.apply.resourcesUnion.entity.ResourcesUnion#1642], EntityKey[j.index.module.apply.resourcesUnion.entity.ResourcesUnion#1635], EntityKey[j.index.module.apply.resourcesUnion.entity.ResourcesUnion#1636], EntityKey[j.index.module.apply.resourcesUnion.entity.ResourcesUnion#1637], EntityKey[j.index.module.apply.resourcesUnion.entity.ResourcesUnion#1638], EntityKey[j.index.module.apply.resourcesUnion.entity.ResourcesUnion#1631], EntityKey[j.index.module.apply.resourcesUnion.entity.ResourcesUnion#1632], EntityKey[j.index.module.apply.resourcesUnion.entity.ResourcesUnion#1633], EntityKey[j.index.module.apply.resourcesUnion.entity.ResourcesUnion#1634], EntityKey[j.index.module.apply.resourcesUnion.entity.ResourcesUnion#1627], EntityKey[j.index.module.apply.resourcesUnion.entity.ResourcesUnion#1628], EntityKey[j.index.module.apply.resourcesUnion.entity.ResourcesUnion#1629], EntityKey[j.index.module.apply.resourcesUnion.entity.ResourcesUnion#1630], EntityKey[j.index.module.apply.resourcesUnion.entity.ResourcesUnion#1624], EntityKey[j.index.module.apply.resourcesUnion.entity.ResourcesUnion#1623], EntityKey[j.index.module.apply.resourcesUnion.entity.ResourcesUnion#1626], EntityKey[j.index.module.apply.resourcesUnion.entity.ResourcesUnion#1625], EntityKey[j.index.module.apply.resourcesUnion.entity.ResourcesUnion#1620], EntityKey[j.index.module.apply.resourcesUnion.entity.ResourcesUnion#1619], EntityKey[j.index.module.apply.resourcesUnion.entity.ResourcesUnion#1622], EntityKey[j.index.module.apply.resourcesUnion.entity.ResourcesUnion#1621], EntityKey[j.index.module.apply.resourcesUnion.entity.ResourcesUnion#1616], EntityKey[j.index.module.apply.resourcesUnion.entity.ResourcesUnion#1615], EntityKey[j.index.module.apply.resourcesUnion.entity.ResourcesUnion#1618], EntityKey[j.index.module.apply.resourcesUnion.entity.ResourcesUnion#1617], EntityKey[j.index.module.apply.resourcesUnion.entity.ResourcesUnion#1612], EntityKey[j.index.module.apply.resourcesUnion.entity.ResourcesUnion#1611], EntityKey[j.index.module.apply.resourcesUnion.entity.ResourcesUnion#1614], EntityKey[j.index.module.apply.resourcesUnion.entity.ResourcesUnion#1613], EntityKey[j.index.module.apply.resourcesUnion.entity.ResourcesUnion#1673], EntityKey[j.index.module.apply.resourcesUnion.entity.ResourcesUnion#1674], EntityKey[j.index.module.apply.resourcesUnion.entity.ResourcesUnion#1671], EntityKey[j.index.module.apply.resourcesUnion.entity.ResourcesUnion#1672], EntityKey[j.index.module.apply.resourcesUnion.entity.ResourcesUnion#1669], EntityKey[j.index.module.apply.resourcesUnion.entity.ResourcesUnion#1670], EntityKey[j.index.module.apply.resourcesUnion.entity.ResourcesUnion#1667], EntityKey[j.index.module.apply.resourcesUnion.entity.ResourcesUnion#1668], EntityKey[j.index.module.apply.resourcesUnion.entity.ResourcesUnion#1665], EntityKey[j.index.module.apply.resourcesUnion.entity.ResourcesUnion#1666], EntityKey[j.index.module.apply.resourcesUnion.entity.ResourcesUnion#1663], EntityKey[j.index.module.apply.resourcesUnion.entity.ResourcesUnion#1664], EntityKey[j.index.module.apply.resourcesUnion.entity.ResourcesUnion#1661], EntityKey[j.index.module.apply.resourcesUnion.entity.ResourcesUnion#1662], EntityKey[j.index.module.apply.resourcesUnion.entity.ResourcesUnion#1659], EntityKey[j.index.module.apply.resourcesUnion.entity.ResourcesUnion#1660], EntityKey[j.index.module.apply.resourcesUnion.entity.ResourcesUnion#1658], EntityKey[j.index.module.apply.resourcesUnion.entity.ResourcesUnion#1657], EntityKey[j.index.module.apply.resourcesUnion.entity.ResourcesUnion#1656], EntityKey[j.index.module.apply.resourcesUnion.entity.ResourcesUnion#1655], EntityKey[j.index.module.apply.resourcesUnion.entity.ResourcesUnion#1654], EntityKey[j.index.module.apply.resourcesUnion.entity.ResourcesUnion#1653], EntityKey[j.index.module.apply.resourcesUnion.entity.ResourcesUnion#1652], EntityKey[j.index.module.apply.resourcesUnion.entity.ResourcesUnion#1651], EntityKey[j.index.module.apply.resourcesUnion.entity.ResourcesUnion#1650], EntityKey[j.index.module.apply.resourcesUnion.entity.ResourcesUnion#1649], EntityKey[j.index.module.apply.resourcesUnion.entity.ResourcesUnion#1648], EntityKey[j.index.module.apply.resourcesUnion.entity.ResourcesUnion#1647], EntityKey[j.index.module.apply.resourcesUnion.entity.ResourcesUnion#1646], EntityKey[j.index.module.apply.resourcesUnion.entity.ResourcesUnion#1645], EntityKey[j.index.module.apply.resourcesUnion.entity.ResourcesUnion#1644], EntityKey[j.index.module.apply.resourcesUnion.entity.ResourcesUnion#1643], EntityKey[j.index.module.apply.resourcesUnion.entity.ResourcesUnion#1436], EntityKey[j.index.module.apply.resourcesUnion.entity.ResourcesUnion#1435], EntityKey[j.index.module.apply.resourcesUnion.entity.ResourcesUnion#1438], EntityKey[j.index.module.apply.resourcesUnion.entity.ResourcesUnion#1437], EntityKey[j.index.module.apply.resourcesUnion.entity.ResourcesUnion#1440], EntityKey[j.index.module.apply.resourcesUnion.entity.ResourcesUnion#1439], EntityKey[j.index.module.apply.resourcesUnion.entity.ResourcesUnion#1442], EntityKey[j.index.module.apply.resourcesUnion.entity.ResourcesUnion#1441], EntityKey[j.index.module.apply.resourcesUnion.entity.ResourcesUnion#1444], EntityKey[j.index.module.apply.resourcesUnion.entity.ResourcesUnion#1443], EntityKey[j.index.module.apply.resourcesUnion.entity.ResourcesUnion#1446], EntityKey[j.index.module.apply.resourcesUnion.entity.ResourcesUnion#1445], EntityKey[j.index.module.apply.resourcesUnion.entity.ResourcesUnion#1448], EntityKey[j.index.module.apply.resourcesUnion.entity.ResourcesUnion#1447], EntityKey[j.index.module.apply.resourcesUnion.entity.ResourcesUnion#1450], EntityKey[j.index.module.apply.resourcesUnion.entity.ResourcesUnion#1449], EntityKey[j.index.module.apply.resourcesUnion.entity.ResourcesUnion#1419], EntityKey[j.index.module.apply.resourcesUnion.entity.ResourcesUnion#1420], EntityKey[j.index.module.apply.resourcesUnion.entity.ResourcesUnion#1421], EntityKey[j.index.module.apply.resourcesUnion.entity.ResourcesUnion#1422], EntityKey[j.index.module.apply.resourcesUnion.entity.ResourcesUnion#1423], EntityKey[j.index.module.apply.resourcesUnion.entity.ResourcesUnion#1424], EntityKey[j.index.module.apply.resourcesUnion.entity.ResourcesUnion#1425], EntityKey[j.index.module.apply.resourcesUnion.entity.ResourcesUnion#1426], EntityKey[j.index.module.apply.resourcesUnion.entity.ResourcesUnion#1427], EntityKey[j.index.module.apply.resourcesUnion.entity.ResourcesUnion#1428], EntityKey[j.index.module.apply.resourcesUnion.entity.ResourcesUnion#1429], EntityKey[j.index.module.apply.resourcesUnion.entity.ResourcesUnion#1430], EntityKey[j.index.module.apply.resourcesUnion.entity.ResourcesUnion#1431], EntityKey[j.index.module.apply.resourcesUnion.entity.ResourcesUnion#1432], EntityKey[j.index.module.apply.resourcesUnion.entity.ResourcesUnion#1433], EntityKey[j.index.module.apply.resourcesUnion.entity.ResourcesUnion#1434], EntityKey[j.index.module.apply.resourcesUnion.entity.ResourcesUnion#1470], EntityKey[j.index.module.apply.resourcesUnion.entity.ResourcesUnion#1469], EntityKey[j.index.module.apply.resourcesUnion.entity.ResourcesUnion#1468], EntityKey[j.index.module.apply.resourcesUnion.entity.ResourcesUnion#1467], EntityKey[j.index.module.apply.resourcesUnion.entity.ResourcesUnion#1474], EntityKey[j.index.module.apply.resourcesUnion.entity.ResourcesUnion#1473], EntityKey[j.index.module.apply.resourcesUnion.entity.ResourcesUnion#1472], EntityKey[j.index.module.apply.resourcesUnion.entity.ResourcesUnion#1471], EntityKey[j.index.module.apply.resourcesUnion.entity.ResourcesUnion#1478], EntityKey[j.index.module.apply.resourcesUnion.entity.ResourcesUnion#1477], EntityKey[j.index.module.apply.resourcesUnion.entity.ResourcesUnion#1476], EntityKey[j.index.module.apply.resourcesUnion.entity.ResourcesUnion#1475], EntityKey[j.index.module.apply.resourcesUnion.entity.ResourcesUnion#1482], EntityKey[j.index.module.apply.resourcesUnion.entity.ResourcesUnion#1481], EntityKey[j.index.module.apply.resourcesUnion.entity.ResourcesUnion#1480], EntityKey[j.index.module.apply.resourcesUnion.entity.ResourcesUnion#1479], EntityKey[j.index.module.apply.resourcesUnion.entity.ResourcesUnion#1453], EntityKey[j.index.module.apply.resourcesUnion.entity.ResourcesUnion#1454], EntityKey[j.index.module.apply.resourcesUnion.entity.ResourcesUnion#1451], EntityKey[j.index.module.apply.resourcesUnion.entity.ResourcesUnion#1452], EntityKey[j.index.module.apply.resourcesUnion.entity.ResourcesUnion#1457], EntityKey[j.index.module.apply.resourcesUnion.entity.ResourcesUnion#1458], EntityKey[j.index.module.apply.resourcesUnion.entity.ResourcesUnion#1455], EntityKey[j.index.module.apply.resourcesUnion.entity.ResourcesUnion#1456], EntityKey[j.index.module.apply.resourcesUnion.entity.ResourcesUnion#1461], EntityKey[j.index.module.apply.resourcesUnion.entity.ResourcesUnion#1462], EntityKey[j.index.module.apply.resourcesUnion.entity.ResourcesUnion#1459], EntityKey[j.index.module.apply.resourcesUnion.entity.ResourcesUnion#1460], EntityKey[j.index.module.apply.resourcesUnion.entity.ResourcesUnion#1465], EntityKey[j.index.module.apply.resourcesUnion.entity.ResourcesUnion#1466], EntityKey[j.index.module.apply.resourcesUnion.entity.ResourcesUnion#1463], EntityKey[j.index.module.apply.resourcesUnion.entity.ResourcesUnion#1464], EntityKey[j.index.module.apply.resourcesUnion.entity.ResourcesUnion#1504], EntityKey[j.index.module.apply.resourcesUnion.entity.ResourcesUnion#1503], EntityKey[j.index.module.apply.resourcesUnion.entity.ResourcesUnion#1506], EntityKey[j.index.module.apply.resourcesUnion.entity.ResourcesUnion#1505], EntityKey[j.index.module.apply.resourcesUnion.entity.ResourcesUnion#1500], EntityKey[j.index.module.apply.resourcesUnion.entity.ResourcesUnion#1499], EntityKey[j.index.module.apply.resourcesUnion.entity.ResourcesUnion#1502], EntityKey[j.index.module.apply.resourcesUnion.entity.ResourcesUnion#1501], EntityKey[j.index.module.apply.resourcesUnion.entity.ResourcesUnion#1512], EntityKey[j.index.module.apply.resourcesUnion.entity.ResourcesUnion#1511], EntityKey[j.index.module.apply.resourcesUnion.entity.ResourcesUnion#1514], EntityKey[j.index.module.apply.resourcesUnion.entity.ResourcesUnion#1513], EntityKey[j.index.module.apply.resourcesUnion.entity.ResourcesUnion#1508], EntityKey[j.index.module.apply.resourcesUnion.entity.ResourcesUnion#1507], EntityKey[j.index.module.apply.resourcesUnion.entity.ResourcesUnion#1510], EntityKey[j.index.module.apply.resourcesUnion.entity.ResourcesUnion#1509], EntityKey[j.index.module.apply.resourcesUnion.entity.ResourcesUnion#1487], EntityKey[j.index.module.apply.resourcesUnion.entity.ResourcesUnion#1488], EntityKey[j.index.module.apply.resourcesUnion.entity.ResourcesUnion#1489], EntityKey[j.index.module.apply.resourcesUnion.entity.ResourcesUnion#1490], EntityKey[j.index.module.apply.resourcesUnion.entity.ResourcesUnion#1483], EntityKey[j.index.module.apply.resourcesUnion.entity.ResourcesUnion#1484], EntityKey[j.index.module.apply.resourcesUnion.entity.ResourcesUnion#1485], EntityKey[j.index.module.apply.resourcesUnion.entity.ResourcesUnion#1486], EntityKey[j.index.module.apply.resourcesUnion.entity.ResourcesUnion#1495], EntityKey[j.index.module.apply.resourcesUnion.entity.ResourcesUnion#1496], EntityKey[j.index.module.apply.resourcesUnion.entity.ResourcesUnion#1497], EntityKey[j.index.module.apply.resourcesUnion.entity.ResourcesUnion#1498], EntityKey[j.index.module.apply.resourcesUnion.entity.ResourcesUnion#1491], EntityKey[j.index.module.apply.resourcesUnion.entity.ResourcesUnion#1492], EntityKey[j.index.module.apply.resourcesUnion.entity.ResourcesUnion#1493], EntityKey[j.index.module.apply.resourcesUnion.entity.ResourcesUnion#1494], EntityKey[j.index.module.apply.resourcesUnion.entity.ResourcesUnion#1538], EntityKey[j.index.module.apply.resourcesUnion.entity.ResourcesUnion#1537], EntityKey[j.index.module.apply.resourcesUnion.entity.ResourcesUnion#1536], EntityKey[j.index.module.apply.resourcesUnion.entity.ResourcesUnion#1535], EntityKey[j.index.module.apply.resourcesUnion.entity.ResourcesUnion#1534], EntityKey[j.index.module.apply.resourcesUnion.entity.ResourcesUnion#1533], EntityKey[j.index.module.apply.resourcesUnion.entity.ResourcesUnion#1532], EntityKey[j.index.module.apply.resourcesUnion.entity.ResourcesUnion#1531], EntityKey[j.index.module.apply.resourcesUnion.entity.ResourcesUnion#1546], EntityKey[j.index.module.apply.resourcesUnion.entity.ResourcesUnion#1545], EntityKey[j.index.module.apply.resourcesUnion.entity.ResourcesUnion#1544], EntityKey[j.index.module.apply.resourcesUnion.entity.ResourcesUnion#1543], EntityKey[j.index.module.apply.resourcesUnion.entity.ResourcesUnion#1542], EntityKey[j.index.module.apply.resourcesUnion.entity.ResourcesUnion#1541], EntityKey[j.index.module.apply.resourcesUnion.entity.ResourcesUnion#1540], EntityKey[j.index.module.apply.resourcesUnion.entity.ResourcesUnion#1539], EntityKey[j.index.module.apply.resourcesUnion.entity.ResourcesUnion#1521], EntityKey[j.index.module.apply.resourcesUnion.entity.ResourcesUnion#1522], EntityKey[j.index.module.apply.resourcesUnion.entity.ResourcesUnion#1519], EntityKey[j.index.module.apply.resourcesUnion.entity.ResourcesUnion#1520], EntityKey[j.index.module.apply.resourcesUnion.entity.ResourcesUnion#1517], EntityKey[j.index.module.apply.resourcesUnion.entity.ResourcesUnion#1518], EntityKey[j.index.module.apply.resourcesUnion.entity.ResourcesUnion#1515], EntityKey[j.index.module.apply.resourcesUnion.entity.ResourcesUnion#1516], EntityKey[j.index.module.apply.resourcesUnion.entity.ResourcesUnion#1529], EntityKey[j.index.module.apply.resourcesUnion.entity.ResourcesUnion#1530], EntityKey[j.index.module.apply.resourcesUnion.entity.ResourcesUnion#1527], EntityKey[j.index.module.apply.resourcesUnion.entity.ResourcesUnion#1528], EntityKey[j.index.module.apply.resourcesUnion.entity.ResourcesUnion#1525], EntityKey[j.index.module.apply.resourcesUnion.entity.ResourcesUnion#1526], EntityKey[j.index.module.apply.resourcesUnion.entity.ResourcesUnion#1523], EntityKey[j.index.module.apply.resourcesUnion.entity.ResourcesUnion#1524], EntityKey[j.index.module.apply.resourcesUnion.entity.ResourcesUnion#1814], EntityKey[j.index.module.apply.resourcesUnion.entity.ResourcesUnion#1813], EntityKey[j.index.module.apply.resourcesUnion.entity.ResourcesUnion#1812], EntityKey[j.index.module.apply.resourcesUnion.entity.ResourcesUnion#1811], EntityKey[j.index.module.apply.resourcesUnion.entity.ResourcesUnion#1818], EntityKey[j.index.module.apply.resourcesUnion.entity.ResourcesUnion#1817], EntityKey[j.index.module.apply.resourcesUnion.entity.ResourcesUnion#1816], EntityKey[j.index.module.apply.resourcesUnion.entity.ResourcesUnion#1815], EntityKey[j.index.module.apply.resourcesUnion.entity.ResourcesUnion#1806], EntityKey[j.index.module.apply.resourcesUnion.entity.ResourcesUnion#1805], EntityKey[j.index.module.apply.resourcesUnion.entity.ResourcesUnion#1804], EntityKey[j.index.module.apply.resourcesUnion.entity.ResourcesUnion#1803], EntityKey[j.index.module.apply.resourcesUnion.entity.ResourcesUnion#1810], EntityKey[j.index.module.apply.resourcesUnion.entity.ResourcesUnion#1809], EntityKey[j.index.module.apply.resourcesUnion.entity.ResourcesUnion#1808], EntityKey[j.index.module.apply.resourcesUnion.entity.ResourcesUnion#1807], EntityKey[j.index.module.apply.resourcesUnion.entity.ResourcesUnion#1829], EntityKey[j.index.module.apply.resourcesUnion.entity.ResourcesUnion#1830], EntityKey[j.index.module.apply.resourcesUnion.entity.ResourcesUnion#1827], EntityKey[j.index.module.apply.resourcesUnion.entity.ResourcesUnion#1828], EntityKey[j.index.module.apply.resourcesUnion.entity.ResourcesUnion#1833], EntityKey[j.index.module.apply.resourcesUnion.entity.ResourcesUnion#1834], EntityKey[j.index.module.apply.resourcesUnion.entity.ResourcesUnion#1831], EntityKey[j.index.module.apply.resourcesUnion.entity.ResourcesUnion#1832], EntityKey[j.index.module.apply.resourcesUnion.entity.ResourcesUnion#1821], EntityKey[j.index.module.apply.resourcesUnion.entity.ResourcesUnion#1822], EntityKey[j.index.module.apply.resourcesUnion.entity.ResourcesUnion#1819], EntityKey[j.index.module.apply.resourcesUnion.entity.ResourcesUnion#1820], EntityKey[j.index.module.apply.resourcesUnion.entity.ResourcesUnion#1825], EntityKey[j.index.module.apply.resourcesUnion.entity.ResourcesUnion#1826], EntityKey[j.index.module.apply.resourcesUnion.entity.ResourcesUnion#1823], EntityKey[j.index.module.apply.resourcesUnion.entity.ResourcesUnion#1824], EntityKey[j.index.module.apply.resourcesUnion.entity.ResourcesUnion#1844], EntityKey[j.index.module.apply.resourcesUnion.entity.ResourcesUnion#1843], EntityKey[j.index.module.apply.resourcesUnion.entity.ResourcesUnion#1846], EntityKey[j.index.module.apply.resourcesUnion.entity.ResourcesUnion#1845], EntityKey[j.index.module.apply.resourcesUnion.entity.ResourcesUnion#1848], EntityKey[j.index.module.apply.resourcesUnion.entity.ResourcesUnion#1847], EntityKey[j.index.module.apply.resourcesUnion.entity.ResourcesUnion#1850], EntityKey[j.index.module.apply.resourcesUnion.entity.ResourcesUnion#1849], EntityKey[j.index.module.apply.resourcesUnion.entity.ResourcesUnion#1836], EntityKey[j.index.module.apply.resourcesUnion.entity.ResourcesUnion#1835], EntityKey[j.index.module.apply.resourcesUnion.entity.ResourcesUnion#1838], EntityKey[j.index.module.apply.resourcesUnion.entity.ResourcesUnion#1837], EntityKey[j.index.module.apply.resourcesUnion.entity.ResourcesUnion#1840], EntityKey[j.index.module.apply.resourcesUnion.entity.ResourcesUnion#1839], EntityKey[j.index.module.apply.resourcesUnion.entity.ResourcesUnion#1842], EntityKey[j.index.module.apply.resourcesUnion.entity.ResourcesUnion#1841], EntityKey[j.index.module.apply.resourcesUnion.entity.ResourcesUnion#1859], EntityKey[j.index.module.apply.resourcesUnion.entity.ResourcesUnion#1860], EntityKey[j.index.module.apply.resourcesUnion.entity.ResourcesUnion#1861], EntityKey[j.index.module.apply.resourcesUnion.entity.ResourcesUnion#1862], EntityKey[j.index.module.apply.resourcesUnion.entity.ResourcesUnion#1863], EntityKey[j.index.module.apply.resourcesUnion.entity.ResourcesUnion#1864], EntityKey[j.index.module.apply.resourcesUnion.entity.ResourcesUnion#1865], EntityKey[j.index.module.apply.resourcesUnion.entity.ResourcesUnion#1866], EntityKey[j.index.module.apply.resourcesUnion.entity.ResourcesUnion#1851], EntityKey[j.index.module.apply.resourcesUnion.entity.ResourcesUnion#1852], EntityKey[j.index.module.apply.resourcesUnion.entity.ResourcesUnion#1853], EntityKey[j.index.module.apply.resourcesUnion.entity.ResourcesUnion#1854], EntityKey[j.index.module.apply.resourcesUnion.entity.ResourcesUnion#1855], EntityKey[j.index.module.apply.resourcesUnion.entity.ResourcesUnion#1856], EntityKey[j.index.module.apply.resourcesUnion.entity.ResourcesUnion#1857], EntityKey[j.index.module.apply.resourcesUnion.entity.ResourcesUnion#1858], EntityKey[j.index.module.apply.resourcesUnion.entity.ResourcesUnion#1882], EntityKey[j.index.module.apply.resourcesUnion.entity.ResourcesUnion#1881], EntityKey[j.index.module.apply.resourcesUnion.entity.ResourcesUnion#1880], EntityKey[j.index.module.apply.resourcesUnion.entity.ResourcesUnion#1879], EntityKey[j.index.module.apply.resourcesUnion.entity.ResourcesUnion#1878], EntityKey[j.index.module.apply.resourcesUnion.entity.ResourcesUnion#1877], EntityKey[j.index.module.apply.resourcesUnion.entity.ResourcesUnion#1876], EntityKey[j.index.module.apply.resourcesUnion.entity.ResourcesUnion#1875], EntityKey[j.index.module.apply.resourcesUnion.entity.ResourcesUnion#1874], EntityKey[j.index.module.apply.resourcesUnion.entity.ResourcesUnion#1873], EntityKey[j.index.module.apply.resourcesUnion.entity.ResourcesUnion#1872], EntityKey[j.index.module.apply.resourcesUnion.entity.ResourcesUnion#1871], EntityKey[j.index.module.apply.resourcesUnion.entity.ResourcesUnion#1870], EntityKey[j.index.module.apply.resourcesUnion.entity.ResourcesUnion#1869], EntityKey[j.index.module.apply.resourcesUnion.entity.ResourcesUnion#1868], EntityKey[j.index.module.apply.resourcesUnion.entity.ResourcesUnion#1867], EntityKey[j.index.module.apply.resourcesUnion.entity.ResourcesUnion#1897], EntityKey[j.index.module.apply.resourcesUnion.entity.ResourcesUnion#1898], EntityKey[j.index.module.apply.resourcesUnion.entity.ResourcesUnion#1895], EntityKey[j.index.module.apply.resourcesUnion.entity.ResourcesUnion#1896], EntityKey[j.index.module.apply.resourcesUnion.entity.ResourcesUnion#1893], EntityKey[j.index.module.apply.resourcesUnion.entity.ResourcesUnion#1894], EntityKey[j.index.module.apply.resourcesUnion.entity.ResourcesUnion#1891], EntityKey[j.index.module.apply.resourcesUnion.entity.ResourcesUnion#1892], EntityKey[j.index.module.apply.resourcesUnion.entity.ResourcesUnion#1889], EntityKey[j.index.module.apply.resourcesUnion.entity.ResourcesUnion#1890], EntityKey[j.index.module.apply.resourcesUnion.entity.ResourcesUnion#1887], EntityKey[j.index.module.apply.resourcesUnion.entity.ResourcesUnion#1888], EntityKey[j.index.module.apply.resourcesUnion.entity.ResourcesUnion#1885], EntityKey[j.index.module.apply.resourcesUnion.entity.ResourcesUnion#1886], EntityKey[j.index.module.apply.resourcesUnion.entity.ResourcesUnion#1883], EntityKey[j.index.module.apply.resourcesUnion.entity.ResourcesUnion#1884], EntityKey[j.index.module.apply.resourcesUnion.entity.ResourcesUnion#1912], EntityKey[j.index.module.apply.resourcesUnion.entity.ResourcesUnion#1911], EntityKey[j.index.module.apply.resourcesUnion.entity.ResourcesUnion#1914], EntityKey[j.index.module.apply.resourcesUnion.entity.ResourcesUnion#1913], EntityKey[j.index.module.apply.resourcesUnion.entity.ResourcesUnion#1908], EntityKey[j.index.module.apply.resourcesUnion.entity.ResourcesUnion#1907], EntityKey[j.index.module.apply.resourcesUnion.entity.ResourcesUnion#1910], EntityKey[j.index.module.apply.resourcesUnion.entity.ResourcesUnion#1909], EntityKey[j.index.module.apply.resourcesUnion.entity.ResourcesUnion#1904], EntityKey[j.index.module.apply.resourcesUnion.entity.ResourcesUnion#1903], EntityKey[j.index.module.apply.resourcesUnion.entity.ResourcesUnion#1906], EntityKey[j.index.module.apply.resourcesUnion.entity.ResourcesUnion#1905], EntityKey[j.index.module.apply.resourcesUnion.entity.ResourcesUnion#1900], EntityKey[j.index.module.apply.resourcesUnion.entity.ResourcesUnion#1899], EntityKey[j.index.module.apply.resourcesUnion.entity.ResourcesUnion#1902], EntityKey[j.index.module.apply.resourcesUnion.entity.ResourcesUnion#1901], EntityKey[j.index.module.apply.resourcesUnion.entity.ResourcesUnion#1927], EntityKey[j.index.module.apply.resourcesUnion.entity.ResourcesUnion#1928], EntityKey[j.index.module.apply.resourcesUnion.entity.ResourcesUnion#1929], EntityKey[j.index.module.apply.resourcesUnion.entity.ResourcesUnion#1930], EntityKey[j.index.module.apply.resourcesUnion.entity.ResourcesUnion#1923], EntityKey[j.index.module.apply.resourcesUnion.entity.ResourcesUnion#1924], EntityKey[j.index.module.apply.resourcesUnion.entity.ResourcesUnion#1925], EntityKey[j.index.module.apply.resourcesUnion.entity.ResourcesUnion#1926], EntityKey[j.index.module.apply.resourcesUnion.entity.ResourcesUnion#1919], EntityKey[j.index.module.apply.resourcesUnion.entity.ResourcesUnion#1920], EntityKey[j.index.module.apply.resourcesUnion.entity.ResourcesUnion#1921], EntityKey[j.index.module.apply.resourcesUnion.entity.ResourcesUnion#1922], EntityKey[j.index.module.apply.resourcesUnion.entity.ResourcesUnion#1915], EntityKey[j.index.module.apply.resourcesUnion.entity.ResourcesUnion#1916], EntityKey[j.index.module.apply.resourcesUnion.entity.ResourcesUnion#1917], EntityKey[j.index.module.apply.resourcesUnion.entity.ResourcesUnion#1918], EntityKey[j.index.module.apply.resourcesUnion.entity.ResourcesUnion#1677], EntityKey[j.index.module.apply.resourcesUnion.entity.ResourcesUnion#1678], EntityKey[j.index.module.apply.resourcesUnion.entity.ResourcesUnion#1675], EntityKey[j.index.module.apply.resourcesUnion.entity.ResourcesUnion#1676], EntityKey[j.index.module.apply.resourcesUnion.entity.ResourcesUnion#1681], EntityKey[j.index.module.apply.resourcesUnion.entity.ResourcesUnion#1682], EntityKey[j.index.module.apply.resourcesUnion.entity.ResourcesUnion#1679], EntityKey[j.index.module.apply.resourcesUnion.entity.ResourcesUnion#1680], EntityKey[j.index.module.apply.resourcesUnion.entity.ResourcesUnion#1685], EntityKey[j.index.module.apply.resourcesUnion.entity.ResourcesUnion#1686], EntityKey[j.index.module.apply.resourcesUnion.entity.ResourcesUnion#1683], EntityKey[j.index.module.apply.resourcesUnion.entity.ResourcesUnion#1684], EntityKey[j.index.module.apply.resourcesUnion.entity.ResourcesUnion#1689], EntityKey[j.index.module.apply.resourcesUnion.entity.ResourcesUnion#1690], EntityKey[j.index.module.apply.resourcesUnion.entity.ResourcesUnion#1687], EntityKey[j.index.module.apply.resourcesUnion.entity.ResourcesUnion#1688], EntityKey[j.index.module.apply.resourcesUnion.entity.ResourcesUnion#1694], EntityKey[j.index.module.apply.resourcesUnion.entity.ResourcesUnion#1693], EntityKey[j.index.module.apply.resourcesUnion.entity.ResourcesUnion#1692], EntityKey[j.index.module.apply.resourcesUnion.entity.ResourcesUnion#1691], EntityKey[j.index.module.apply.resourcesUnion.entity.ResourcesUnion#1698], EntityKey[j.index.module.apply.resourcesUnion.entity.ResourcesUnion#1697], EntityKey[j.index.module.apply.resourcesUnion.entity.ResourcesUnion#1696], EntityKey[j.index.module.apply.resourcesUnion.entity.ResourcesUnion#1695], EntityKey[j.index.module.apply.resourcesUnion.entity.ResourcesUnion#1702], EntityKey[j.index.module.apply.resourcesUnion.entity.ResourcesUnion#1701], EntityKey[j.index.module.apply.resourcesUnion.entity.ResourcesUnion#1700], EntityKey[j.index.module.apply.resourcesUnion.entity.ResourcesUnion#1699], EntityKey[j.index.module.apply.resourcesUnion.entity.ResourcesUnion#1706], EntityKey[j.index.module.apply.resourcesUnion.entity.ResourcesUnion#1705], EntityKey[j.index.module.apply.resourcesUnion.entity.ResourcesUnion#1704], EntityKey[j.index.module.apply.resourcesUnion.entity.ResourcesUnion#1703], EntityKey[j.index.module.apply.resourcesUnion.entity.ResourcesUnion#1707], EntityKey[j.index.module.apply.resourcesUnion.entity.ResourcesUnion#1708], EntityKey[j.index.module.apply.resourcesUnion.entity.ResourcesUnion#1709], EntityKey[j.index.module.apply.resourcesUnion.entity.ResourcesUnion#1710], EntityKey[j.index.module.apply.resourcesUnion.entity.ResourcesUnion#1711], EntityKey[j.index.module.apply.resourcesUnion.entity.ResourcesUnion#1712], EntityKey[j.index.module.apply.resourcesUnion.entity.ResourcesUnion#1713], EntityKey[j.index.module.apply.resourcesUnion.entity.ResourcesUnion#1714], EntityKey[j.index.module.apply.resourcesUnion.entity.ResourcesUnion#1715], EntityKey[j.index.module.apply.resourcesUnion.entity.ResourcesUnion#1716], EntityKey[j.index.module.apply.resourcesUnion.entity.ResourcesUnion#1717], EntityKey[j.index.module.apply.resourcesUnion.entity.ResourcesUnion#1718], EntityKey[j.index.module.apply.resourcesUnion.entity.ResourcesUnion#1719], EntityKey[j.index.module.apply.resourcesUnion.entity.ResourcesUnion#1720], EntityKey[j.index.module.apply.resourcesUnion.entity.ResourcesUnion#1721], EntityKey[j.index.module.apply.resourcesUnion.entity.ResourcesUnion#1722], EntityKey[j.index.module.apply.resourcesUnion.entity.ResourcesUnion#1724], EntityKey[j.index.module.apply.resourcesUnion.entity.ResourcesUnion#1723], EntityKey[j.index.module.apply.resourcesUnion.entity.ResourcesUnion#1726], EntityKey[j.index.module.apply.resourcesUnion.entity.ResourcesUnion#1725], EntityKey[j.index.module.apply.resourcesUnion.entity.ResourcesUnion#1728], EntityKey[j.index.module.apply.resourcesUnion.entity.ResourcesUnion#1727], EntityKey[j.index.module.apply.resourcesUnion.entity.ResourcesUnion#1730], EntityKey[j.index.module.apply.resourcesUnion.entity.ResourcesUnion#1729], EntityKey[j.index.module.apply.resourcesUnion.entity.ResourcesUnion#1732], EntityKey[j.index.module.apply.resourcesUnion.entity.ResourcesUnion#1731], EntityKey[j.index.module.apply.resourcesUnion.entity.ResourcesUnion#1734], EntityKey[j.index.module.apply.resourcesUnion.entity.ResourcesUnion#1733], EntityKey[j.index.module.apply.resourcesUnion.entity.ResourcesUnion#1736], EntityKey[j.index.module.apply.resourcesUnion.entity.ResourcesUnion#1735], EntityKey[j.index.module.apply.resourcesUnion.entity.ResourcesUnion#1738], EntityKey[j.index.module.apply.resourcesUnion.entity.ResourcesUnion#1737], EntityKey[j.index.module.apply.resourcesUnion.entity.ResourcesUnion#1745], EntityKey[j.index.module.apply.resourcesUnion.entity.ResourcesUnion#1746], EntityKey[j.index.module.apply.resourcesUnion.entity.ResourcesUnion#1743], EntityKey[j.index.module.apply.resourcesUnion.entity.ResourcesUnion#1744], EntityKey[j.index.module.apply.resourcesUnion.entity.ResourcesUnion#1741], EntityKey[j.index.module.apply.resourcesUnion.entity.ResourcesUnion#1742], EntityKey[j.index.module.apply.resourcesUnion.entity.ResourcesUnion#1739], EntityKey[j.index.module.apply.resourcesUnion.entity.ResourcesUnion#1740], EntityKey[j.index.module.apply.resourcesUnion.entity.ResourcesUnion#1753], EntityKey[j.index.module.apply.resourcesUnion.entity.ResourcesUnion#1754], EntityKey[j.index.module.apply.resourcesUnion.entity.ResourcesUnion#1751], EntityKey[j.index.module.apply.resourcesUnion.entity.ResourcesUnion#1752], EntityKey[j.index.module.apply.resourcesUnion.entity.ResourcesUnion#1749], EntityKey[j.index.module.apply.resourcesUnion.entity.ResourcesUnion#1750], EntityKey[j.index.module.apply.resourcesUnion.entity.ResourcesUnion#1747], EntityKey[j.index.module.apply.resourcesUnion.entity.ResourcesUnion#1748], EntityKey[j.index.module.apply.resourcesUnion.entity.ResourcesUnion#1762], EntityKey[j.index.module.apply.resourcesUnion.entity.ResourcesUnion#1761], EntityKey[j.index.module.apply.resourcesUnion.entity.ResourcesUnion#1760], EntityKey[j.index.module.apply.resourcesUnion.entity.ResourcesUnion#1759], EntityKey[j.index.module.apply.resourcesUnion.entity.ResourcesUnion#1758], EntityKey[j.index.module.apply.resourcesUnion.entity.ResourcesUnion#1757], EntityKey[j.index.module.apply.resourcesUnion.entity.ResourcesUnion#1756], EntityKey[j.index.module.apply.resourcesUnion.entity.ResourcesUnion#1755], EntityKey[j.index.module.apply.resourcesUnion.entity.ResourcesUnion#1770], EntityKey[j.index.module.apply.resourcesUnion.entity.ResourcesUnion#1769], EntityKey[j.index.module.apply.resourcesUnion.entity.ResourcesUnion#1768], EntityKey[j.index.module.apply.resourcesUnion.entity.ResourcesUnion#1767], EntityKey[j.index.module.apply.resourcesUnion.entity.ResourcesUnion#1766], EntityKey[j.index.module.apply.resourcesUnion.entity.ResourcesUnion#1765], EntityKey[j.index.module.apply.resourcesUnion.entity.ResourcesUnion#1764], EntityKey[j.index.module.apply.resourcesUnion.entity.ResourcesUnion#1763], EntityKey[j.index.module.apply.resourcesUnion.entity.ResourcesUnion#1775], EntityKey[j.index.module.apply.resourcesUnion.entity.ResourcesUnion#1776], EntityKey[j.index.module.apply.resourcesUnion.entity.ResourcesUnion#1777], EntityKey[j.index.module.apply.resourcesUnion.entity.ResourcesUnion#1778], EntityKey[j.index.module.apply.resourcesUnion.entity.ResourcesUnion#1771], EntityKey[j.index.module.apply.resourcesUnion.entity.ResourcesUnion#1772], EntityKey[j.index.module.apply.resourcesUnion.entity.ResourcesUnion#1773], EntityKey[j.index.module.apply.resourcesUnion.entity.ResourcesUnion#1774], EntityKey[j.index.module.apply.resourcesUnion.entity.ResourcesUnion#1783], EntityKey[j.index.module.apply.resourcesUnion.entity.ResourcesUnion#1784], EntityKey[j.index.module.apply.resourcesUnion.entity.ResourcesUnion#1785], EntityKey[j.index.module.apply.resourcesUnion.entity.ResourcesUnion#1786], EntityKey[j.index.module.apply.resourcesUnion.entity.ResourcesUnion#1779], EntityKey[j.index.module.apply.resourcesUnion.entity.ResourcesUnion#1780], EntityKey[j.index.module.apply.resourcesUnion.entity.ResourcesUnion#1781], EntityKey[j.index.module.apply.resourcesUnion.entity.ResourcesUnion#1782], EntityKey[j.index.module.apply.resourcesUnion.entity.ResourcesUnion#1792], EntityKey[j.index.module.apply.resourcesUnion.entity.ResourcesUnion#1791], EntityKey[j.index.module.apply.resourcesUnion.entity.ResourcesUnion#1794], EntityKey[j.index.module.apply.resourcesUnion.entity.ResourcesUnion#1793], EntityKey[j.index.module.apply.resourcesUnion.entity.ResourcesUnion#1788], EntityKey[j.index.module.apply.resourcesUnion.entity.ResourcesUnion#1787], EntityKey[j.index.module.apply.resourcesUnion.entity.ResourcesUnion#1790], EntityKey[j.index.module.apply.resourcesUnion.entity.ResourcesUnion#1789], EntityKey[j.index.module.apply.resourcesUnion.entity.ResourcesUnion#1800], EntityKey[j.index.module.apply.resourcesUnion.entity.ResourcesUnion#1799], EntityKey[j.index.module.apply.resourcesUnion.entity.ResourcesUnion#1802], EntityKey[j.index.module.apply.resourcesUnion.entity.ResourcesUnion#1801], EntityKey[j.index.module.apply.resourcesUnion.entity.ResourcesUnion#1796], EntityKey[j.index.module.apply.resourcesUnion.entity.ResourcesUnion#1795], EntityKey[j.index.module.apply.resourcesUnion.entity.ResourcesUnion#1798], EntityKey[j.index.module.apply.resourcesUnion.entity.ResourcesUnion#1797], EntityKey[j.index.module.apply.resourcesUnion.entity.ResourcesUnion#2121], EntityKey[j.index.module.apply.resourcesUnion.entity.ResourcesUnion#2122], EntityKey[j.index.module.apply.resourcesUnion.entity.ResourcesUnion#2119], EntityKey[j.index.module.apply.resourcesUnion.entity.ResourcesUnion#2120], EntityKey[j.index.module.apply.resourcesUnion.entity.ResourcesUnion#2117], EntityKey[j.index.module.apply.resourcesUnion.entity.ResourcesUnion#2118], EntityKey[j.index.module.apply.resourcesUnion.entity.ResourcesUnion#2115], EntityKey[j.index.module.apply.resourcesUnion.entity.ResourcesUnion#2116], EntityKey[j.index.module.apply.resourcesUnion.entity.ResourcesUnion#2113], EntityKey[j.index.module.apply.resourcesUnion.entity.ResourcesUnion#2114], EntityKey[j.index.module.apply.resourcesUnion.entity.ResourcesUnion#2111], EntityKey[j.index.module.apply.resourcesUnion.entity.ResourcesUnion#2112], EntityKey[j.index.module.apply.resourcesUnion.entity.ResourcesUnion#2109], EntityKey[j.index.module.apply.resourcesUnion.entity.ResourcesUnion#2110], EntityKey[j.index.module.apply.resourcesUnion.entity.ResourcesUnion#2107], EntityKey[j.index.module.apply.resourcesUnion.entity.ResourcesUnion#2108], EntityKey[j.index.module.apply.resourcesUnion.entity.ResourcesUnion#2106], EntityKey[j.index.module.apply.resourcesUnion.entity.ResourcesUnion#2105], EntityKey[j.index.module.apply.resourcesUnion.entity.ResourcesUnion#2104], EntityKey[j.index.module.apply.resourcesUnion.entity.ResourcesUnion#2103], EntityKey[j.index.module.apply.resourcesUnion.entity.ResourcesUnion#2102], EntityKey[j.index.module.apply.resourcesUnion.entity.ResourcesUnion#2101], EntityKey[j.index.module.apply.resourcesUnion.entity.ResourcesUnion#2100], EntityKey[j.index.module.apply.resourcesUnion.entity.ResourcesUnion#2099], EntityKey[j.index.module.apply.resourcesUnion.entity.ResourcesUnion#2098], EntityKey[j.index.module.apply.resourcesUnion.entity.ResourcesUnion#2097], EntityKey[j.index.module.apply.resourcesUnion.entity.ResourcesUnion#2096], EntityKey[j.index.module.apply.resourcesUnion.entity.ResourcesUnion#2095], EntityKey[j.index.module.apply.resourcesUnion.entity.ResourcesUnion#2094], EntityKey[j.index.module.apply.resourcesUnion.entity.ResourcesUnion#2093], EntityKey[j.index.module.apply.resourcesUnion.entity.ResourcesUnion#2092], EntityKey[j.index.module.apply.resourcesUnion.entity.ResourcesUnion#2091], EntityKey[j.index.module.apply.resourcesUnion.entity.ResourcesUnion#2087], EntityKey[j.index.module.apply.resourcesUnion.entity.ResourcesUnion#2088], EntityKey[j.index.module.apply.resourcesUnion.entity.ResourcesUnion#2089], EntityKey[j.index.module.apply.resourcesUnion.entity.ResourcesUnion#2090], EntityKey[j.index.module.apply.resourcesUnion.entity.ResourcesUnion#2083], EntityKey[j.index.module.apply.resourcesUnion.entity.ResourcesUnion#2084], EntityKey[j.index.module.apply.resourcesUnion.entity.ResourcesUnion#2085], EntityKey[j.index.module.apply.resourcesUnion.entity.ResourcesUnion#2086], EntityKey[j.index.module.apply.resourcesUnion.entity.ResourcesUnion#2079], EntityKey[j.index.module.apply.resourcesUnion.entity.ResourcesUnion#2080], EntityKey[j.index.module.apply.resourcesUnion.entity.ResourcesUnion#2081], EntityKey[j.index.module.apply.resourcesUnion.entity.ResourcesUnion#2082], EntityKey[j.index.module.apply.resourcesUnion.entity.ResourcesUnion#2075], EntityKey[j.index.module.apply.resourcesUnion.entity.ResourcesUnion#2076], EntityKey[j.index.module.apply.resourcesUnion.entity.ResourcesUnion#2077], EntityKey[j.index.module.apply.resourcesUnion.entity.ResourcesUnion#2078], EntityKey[j.index.module.apply.resourcesUnion.entity.ResourcesUnion#2072], EntityKey[j.index.module.apply.resourcesUnion.entity.ResourcesUnion#2071], EntityKey[j.index.module.apply.resourcesUnion.entity.ResourcesUnion#2074], EntityKey[j.index.module.apply.resourcesUnion.entity.ResourcesUnion#2073], EntityKey[j.index.module.apply.resourcesUnion.entity.ResourcesUnion#2068], EntityKey[j.index.module.apply.resourcesUnion.entity.ResourcesUnion#2067], EntityKey[j.index.module.apply.resourcesUnion.entity.ResourcesUnion#2070], EntityKey[j.index.module.apply.resourcesUnion.entity.ResourcesUnion#2069], EntityKey[j.index.module.apply.resourcesUnion.entity.ResourcesUnion#2064], EntityKey[j.index.module.apply.resourcesUnion.entity.ResourcesUnion#2063], EntityKey[j.index.module.apply.resourcesUnion.entity.ResourcesUnion#2066], EntityKey[j.index.module.apply.resourcesUnion.entity.ResourcesUnion#2065], EntityKey[j.index.module.apply.resourcesUnion.entity.ResourcesUnion#2060], EntityKey[j.index.module.apply.resourcesUnion.entity.ResourcesUnion#2059], EntityKey[j.index.module.apply.resourcesUnion.entity.ResourcesUnion#2062], EntityKey[j.index.module.apply.resourcesUnion.entity.ResourcesUnion#2061], EntityKey[j.index.module.apply.resourcesUnion.entity.ResourcesUnion#2181], EntityKey[j.index.module.apply.resourcesUnion.entity.ResourcesUnion#2182], EntityKey[j.index.module.apply.resourcesUnion.entity.ResourcesUnion#2179], EntityKey[j.index.module.apply.resourcesUnion.entity.ResourcesUnion#2180], EntityKey[j.index.module.apply.resourcesUnion.entity.ResourcesUnion#2185], EntityKey[j.index.module.apply.resourcesUnion.entity.ResourcesUnion#2186], EntityKey[j.index.module.apply.resourcesUnion.entity.ResourcesUnion#2183], EntityKey[j.index.module.apply.resourcesUnion.entity.ResourcesUnion#2184], EntityKey[j.index.module.apply.resourcesUnion.entity.ResourcesUnion#2173], EntityKey[j.index.module.apply.resourcesUnion.entity.ResourcesUnion#2174], EntityKey[j.index.module.apply.resourcesUnion.entity.ResourcesUnion#2171], EntityKey[j.index.module.apply.resourcesUnion.entity.ResourcesUnion#2172], EntityKey[j.index.module.apply.resourcesUnion.entity.ResourcesUnion#2177], EntityKey[j.index.module.apply.resourcesUnion.entity.ResourcesUnion#2178], EntityKey[j.index.module.apply.resourcesUnion.entity.ResourcesUnion#2175], EntityKey[j.index.module.apply.resourcesUnion.entity.ResourcesUnion#2176], EntityKey[j.index.module.apply.resourcesUnion.entity.ResourcesUnion#2166], EntityKey[j.index.module.apply.resourcesUnion.entity.ResourcesUnion#2165], EntityKey[j.index.module.apply.resourcesUnion.entity.ResourcesUnion#2164], EntityKey[j.index.module.apply.resourcesUnion.entity.ResourcesUnion#2163], EntityKey[j.index.module.apply.resourcesUnion.entity.ResourcesUnion#2170], EntityKey[j.index.module.apply.resourcesUnion.entity.ResourcesUnion#2169], EntityKey[j.index.module.apply.resourcesUnion.entity.ResourcesUnion#2168], EntityKey[j.index.module.apply.resourcesUnion.entity.ResourcesUnion#2167], EntityKey[j.index.module.apply.resourcesUnion.entity.ResourcesUnion#2158], EntityKey[j.index.module.apply.resourcesUnion.entity.ResourcesUnion#2157], EntityKey[j.index.module.apply.resourcesUnion.entity.ResourcesUnion#2156], EntityKey[j.index.module.apply.resourcesUnion.entity.ResourcesUnion#2155], EntityKey[j.index.module.apply.resourcesUnion.entity.ResourcesUnion#2162], EntityKey[j.index.module.apply.resourcesUnion.entity.ResourcesUnion#2161], EntityKey[j.index.module.apply.resourcesUnion.entity.ResourcesUnion#2160], EntityKey[j.index.module.apply.resourcesUnion.entity.ResourcesUnion#2159], EntityKey[j.index.module.apply.resourcesUnion.entity.ResourcesUnion#2147], EntityKey[j.index.module.apply.resourcesUnion.entity.ResourcesUnion#2148], EntityKey[j.index.module.apply.resourcesUnion.entity.ResourcesUnion#2149], EntityKey[j.index.module.apply.resourcesUnion.entity.ResourcesUnion#2150], EntityKey[j.index.module.apply.resourcesUnion.entity.ResourcesUnion#2151], EntityKey[j.index.module.apply.resourcesUnion.entity.ResourcesUnion#2152], EntityKey[j.index.module.apply.resourcesUnion.entity.ResourcesUnion#2153], EntityKey[j.index.module.apply.resourcesUnion.entity.ResourcesUnion#2154], EntityKey[j.index.module.apply.resourcesUnion.entity.ResourcesUnion#2139], EntityKey[j.index.module.apply.resourcesUnion.entity.ResourcesUnion#2140], EntityKey[j.index.module.apply.resourcesUnion.entity.ResourcesUnion#2141], EntityKey[j.index.module.apply.resourcesUnion.entity.ResourcesUnion#2142], EntityKey[j.index.module.apply.resourcesUnion.entity.ResourcesUnion#2143], EntityKey[j.index.module.apply.resourcesUnion.entity.ResourcesUnion#2144], EntityKey[j.index.module.apply.resourcesUnion.entity.ResourcesUnion#2145], EntityKey[j.index.module.apply.resourcesUnion.entity.ResourcesUnion#2146], EntityKey[j.index.module.apply.resourcesUnion.entity.ResourcesUnion#2132], EntityKey[j.index.module.apply.resourcesUnion.entity.ResourcesUnion#2131], EntityKey[j.index.module.apply.resourcesUnion.entity.ResourcesUnion#2134], EntityKey[j.index.module.apply.resourcesUnion.entity.ResourcesUnion#2133], EntityKey[j.index.module.apply.resourcesUnion.entity.ResourcesUnion#2136], EntityKey[j.index.module.apply.resourcesUnion.entity.ResourcesUnion#2135], EntityKey[j.index.module.apply.resourcesUnion.entity.ResourcesUnion#2138], EntityKey[j.index.module.apply.resourcesUnion.entity.ResourcesUnion#2137], EntityKey[j.index.module.apply.resourcesUnion.entity.ResourcesUnion#2124], EntityKey[j.index.module.apply.resourcesUnion.entity.ResourcesUnion#2123], EntityKey[j.index.module.apply.resourcesUnion.entity.ResourcesUnion#2126], EntityKey[j.index.module.apply.resourcesUnion.entity.ResourcesUnion#2125], EntityKey[j.index.module.apply.resourcesUnion.entity.ResourcesUnion#2128], EntityKey[j.index.module.apply.resourcesUnion.entity.ResourcesUnion#2127], EntityKey[j.index.module.apply.resourcesUnion.entity.ResourcesUnion#2130], EntityKey[j.index.module.apply.resourcesUnion.entity.ResourcesUnion#2129], EntityKey[j.index.module.apply.resourcesUnion.entity.ResourcesUnion#1986], EntityKey[j.index.module.apply.resourcesUnion.entity.ResourcesUnion#1985], EntityKey[j.index.module.apply.resourcesUnion.entity.ResourcesUnion#1984], EntityKey[j.index.module.apply.resourcesUnion.entity.ResourcesUnion#1983], EntityKey[j.index.module.apply.resourcesUnion.entity.ResourcesUnion#1982], EntityKey[j.index.module.apply.resourcesUnion.entity.ResourcesUnion#1981], EntityKey[j.index.module.apply.resourcesUnion.entity.ResourcesUnion#1980], EntityKey[j.index.module.apply.resourcesUnion.entity.ResourcesUnion#1979], EntityKey[j.index.module.apply.resourcesUnion.entity.ResourcesUnion#1994], EntityKey[j.index.module.apply.resourcesUnion.entity.ResourcesUnion#1993], EntityKey[j.index.module.apply.resourcesUnion.entity.ResourcesUnion#1992], EntityKey[j.index.module.apply.resourcesUnion.entity.ResourcesUnion#1991], EntityKey[j.index.module.apply.resourcesUnion.entity.ResourcesUnion#1990], EntityKey[j.index.module.apply.resourcesUnion.entity.ResourcesUnion#1989], EntityKey[j.index.module.apply.resourcesUnion.entity.ResourcesUnion#1988], EntityKey[j.index.module.apply.resourcesUnion.entity.ResourcesUnion#1987], EntityKey[j.index.module.apply.resourcesUnion.entity.ResourcesUnion#1969], EntityKey[j.index.module.apply.resourcesUnion.entity.ResourcesUnion#1970], EntityKey[j.index.module.apply.resourcesUnion.entity.ResourcesUnion#1967], EntityKey[j.index.module.apply.resourcesUnion.entity.ResourcesUnion#1968], EntityKey[j.index.module.apply.resourcesUnion.entity.ResourcesUnion#1965], EntityKey[j.index.module.apply.resourcesUnion.entity.ResourcesUnion#1966], EntityKey[j.index.module.apply.resourcesUnion.entity.ResourcesUnion#1963], EntityKey[j.index.module.apply.resourcesUnion.entity.ResourcesUnion#1964], EntityKey[j.index.module.apply.resourcesUnion.entity.ResourcesUnion#1977], EntityKey[j.index.module.apply.resourcesUnion.entity.ResourcesUnion#1978], EntityKey[j.index.module.apply.resourcesUnion.entity.ResourcesUnion#1975], EntityKey[j.index.module.apply.resourcesUnion.entity.ResourcesUnion#1976], EntityKey[j.index.module.apply.resourcesUnion.entity.ResourcesUnion#1973], EntityKey[j.index.module.apply.resourcesUnion.entity.ResourcesUnion#1974], EntityKey[j.index.module.apply.resourcesUnion.entity.ResourcesUnion#1971], EntityKey[j.index.module.apply.resourcesUnion.entity.ResourcesUnion#1972], EntityKey[j.index.module.apply.resourcesUnion.entity.ResourcesUnion#1952], EntityKey[j.index.module.apply.resourcesUnion.entity.ResourcesUnion#1951], EntityKey[j.index.module.apply.resourcesUnion.entity.ResourcesUnion#1954], EntityKey[j.index.module.apply.resourcesUnion.entity.ResourcesUnion#1953], EntityKey[j.index.module.apply.resourcesUnion.entity.ResourcesUnion#1948], EntityKey[j.index.module.apply.resourcesUnion.entity.ResourcesUnion#1947], EntityKey[j.index.module.apply.resourcesUnion.entity.ResourcesUnion#1950], EntityKey[j.index.module.apply.resourcesUnion.entity.ResourcesUnion#1949], EntityKey[j.index.module.apply.resourcesUnion.entity.ResourcesUnion#1960], EntityKey[j.index.module.apply.resourcesUnion.entity.ResourcesUnion#1959], EntityKey[j.index.module.apply.resourcesUnion.entity.ResourcesUnion#1962], EntityKey[j.index.module.apply.resourcesUnion.entity.ResourcesUnion#1961], EntityKey[j.index.module.apply.resourcesUnion.entity.ResourcesUnion#1956], EntityKey[j.index.module.apply.resourcesUnion.entity.ResourcesUnion#1955], EntityKey[j.index.module.apply.resourcesUnion.entity.ResourcesUnion#1958], EntityKey[j.index.module.apply.resourcesUnion.entity.ResourcesUnion#1957], EntityKey[j.index.module.apply.resourcesUnion.entity.ResourcesUnion#1935], EntityKey[j.index.module.apply.resourcesUnion.entity.ResourcesUnion#1936], EntityKey[j.index.module.apply.resourcesUnion.entity.ResourcesUnion#1937], EntityKey[j.index.module.apply.resourcesUnion.entity.ResourcesUnion#1938], EntityKey[j.index.module.apply.resourcesUnion.entity.ResourcesUnion#1931], EntityKey[j.index.module.apply.resourcesUnion.entity.ResourcesUnion#1932], EntityKey[j.index.module.apply.resourcesUnion.entity.ResourcesUnion#1933], EntityKey[j.index.module.apply.resourcesUnion.entity.ResourcesUnion#1934], EntityKey[j.index.module.apply.resourcesUnion.entity.ResourcesUnion#1943], EntityKey[j.index.module.apply.resourcesUnion.entity.ResourcesUnion#1944], EntityKey[j.index.module.apply.resourcesUnion.entity.ResourcesUnion#1945], EntityKey[j.index.module.apply.resourcesUnion.entity.ResourcesUnion#1946], EntityKey[j.index.module.apply.resourcesUnion.entity.ResourcesUnion#1939], EntityKey[j.index.module.apply.resourcesUnion.entity.ResourcesUnion#1940], EntityKey[j.index.module.apply.resourcesUnion.entity.ResourcesUnion#1941], EntityKey[j.index.module.apply.resourcesUnion.entity.ResourcesUnion#1942], EntityKey[j.index.module.apply.resourcesUnion.entity.ResourcesUnion#2046], EntityKey[j.index.module.apply.resourcesUnion.entity.ResourcesUnion#2045], EntityKey[j.index.module.apply.resourcesUnion.entity.ResourcesUnion#2044], EntityKey[j.index.module.apply.resourcesUnion.entity.ResourcesUnion#2043], EntityKey[j.index.module.apply.resourcesUnion.entity.ResourcesUnion#2050], EntityKey[j.index.module.apply.resourcesUnion.entity.ResourcesUnion#2049], EntityKey[j.index.module.apply.resourcesUnion.entity.ResourcesUnion#2048], EntityKey[j.index.module.apply.resourcesUnion.entity.ResourcesUnion#2047], EntityKey[j.index.module.apply.resourcesUnion.entity.ResourcesUnion#2054], EntityKey[j.index.module.apply.resourcesUnion.entity.ResourcesUnion#2053], EntityKey[j.index.module.apply.resourcesUnion.entity.ResourcesUnion#2052], EntityKey[j.index.module.apply.resourcesUnion.entity.ResourcesUnion#2051], EntityKey[j.index.module.apply.resourcesUnion.entity.ResourcesUnion#2058], EntityKey[j.index.module.apply.resourcesUnion.entity.ResourcesUnion#2057], EntityKey[j.index.module.apply.resourcesUnion.entity.ResourcesUnion#2056], EntityKey[j.index.module.apply.resourcesUnion.entity.ResourcesUnion#2055], EntityKey[j.index.module.apply.resourcesUnion.entity.ResourcesUnion#2029], EntityKey[j.index.module.apply.resourcesUnion.entity.ResourcesUnion#2030], EntityKey[j.index.module.apply.resourcesUnion.entity.ResourcesUnion#2027], EntityKey[j.index.module.apply.resourcesUnion.entity.ResourcesUnion#2028], EntityKey[j.index.module.apply.resourcesUnion.entity.ResourcesUnion#2033], EntityKey[j.index.module.apply.resourcesUnion.entity.ResourcesUnion#2034], EntityKey[j.index.module.apply.resourcesUnion.entity.ResourcesUnion#2031], EntityKey[j.index.module.apply.resourcesUnion.entity.ResourcesUnion#2032], EntityKey[j.index.module.apply.resourcesUnion.entity.ResourcesUnion#2037], EntityKey[j.index.module.apply.resourcesUnion.entity.ResourcesUnion#2038], EntityKey[j.index.module.apply.resourcesUnion.entity.ResourcesUnion#2035], EntityKey[j.index.module.apply.resourcesUnion.entity.ResourcesUnion#2036], EntityKey[j.index.module.apply.resourcesUnion.entity.ResourcesUnion#2041], EntityKey[j.index.module.apply.resourcesUnion.entity.ResourcesUnion#2042], EntityKey[j.index.module.apply.resourcesUnion.entity.ResourcesUnion#2039], EntityKey[j.index.module.apply.resourcesUnion.entity.ResourcesUnion#2040], EntityKey[j.index.module.apply.resourcesUnion.entity.ResourcesUnion#2012], EntityKey[j.index.module.apply.resourcesUnion.entity.ResourcesUnion#2011], EntityKey[j.index.module.apply.resourcesUnion.entity.ResourcesUnion#2014], EntityKey[j.index.module.apply.resourcesUnion.entity.ResourcesUnion#2013], EntityKey[j.index.module.apply.resourcesUnion.entity.ResourcesUnion#2016], EntityKey[j.index.module.apply.resourcesUnion.entity.ResourcesUnion#2015], EntityKey[j.index.module.apply.resourcesUnion.entity.ResourcesUnion#2018], EntityKey[j.index.module.apply.resourcesUnion.entity.ResourcesUnion#2017], EntityKey[j.index.module.apply.resourcesUnion.entity.ResourcesUnion#2020], EntityKey[j.index.module.apply.resourcesUnion.entity.ResourcesUnion#2019], EntityKey[j.index.module.apply.resourcesUnion.entity.ResourcesUnion#2022], EntityKey[j.index.module.apply.resourcesUnion.entity.ResourcesUnion#2021], EntityKey[j.index.module.apply.resourcesUnion.entity.ResourcesUnion#2024], EntityKey[j.index.module.apply.resourcesUnion.entity.ResourcesUnion#2023], EntityKey[j.index.module.apply.resourcesUnion.entity.ResourcesUnion#2026], EntityKey[j.index.module.apply.resourcesUnion.entity.ResourcesUnion#2025], EntityKey[j.index.module.apply.resourcesUnion.entity.ResourcesUnion#1995], EntityKey[j.index.module.apply.resourcesUnion.entity.ResourcesUnion#1996], EntityKey[j.index.module.apply.resourcesUnion.entity.ResourcesUnion#1997], EntityKey[j.index.module.apply.resourcesUnion.entity.ResourcesUnion#1998], EntityKey[j.index.module.apply.resourcesUnion.entity.ResourcesUnion#1999], EntityKey[j.index.module.apply.resourcesUnion.entity.ResourcesUnion#2000], EntityKey[j.index.module.apply.resourcesUnion.entity.ResourcesUnion#2001], EntityKey[j.index.module.apply.resourcesUnion.entity.ResourcesUnion#2002], EntityKey[j.index.module.apply.resourcesUnion.entity.ResourcesUnion#2003], EntityKey[j.index.module.apply.resourcesUnion.entity.ResourcesUnion#2004], EntityKey[j.index.module.apply.resourcesUnion.entity.ResourcesUnion#2005], EntityKey[j.index.module.apply.resourcesUnion.entity.ResourcesUnion#2006], EntityKey[j.index.module.apply.resourcesUnion.entity.ResourcesUnion#2007], EntityKey[j.index.module.apply.resourcesUnion.entity.ResourcesUnion#2008], EntityKey[j.index.module.apply.resourcesUnion.entity.ResourcesUnion#2009], EntityKey[j.index.module.apply.resourcesUnion.entity.ResourcesUnion#2010], EntityKey[j.index.module.apply.resourcesUnion.entity.ResourcesUnion#2360], EntityKey[j.index.module.apply.resourcesUnion.entity.ResourcesUnion#2359], EntityKey[j.index.module.apply.resourcesUnion.entity.ResourcesUnion#2362], EntityKey[j.index.module.apply.resourcesUnion.entity.ResourcesUnion#2361], EntityKey[j.index.module.apply.resourcesUnion.entity.ResourcesUnion#2356], EntityKey[j.index.module.apply.resourcesUnion.entity.ResourcesUnion#2355], EntityKey[j.index.module.apply.resourcesUnion.entity.ResourcesUnion#2358], EntityKey[j.index.module.apply.resourcesUnion.entity.ResourcesUnion#2357], EntityKey[j.index.module.apply.resourcesUnion.entity.ResourcesUnion#2352], EntityKey[j.index.module.apply.resourcesUnion.entity.ResourcesUnion#2351], EntityKey[j.index.module.apply.resourcesUnion.entity.ResourcesUnion#2354], EntityKey[j.index.module.apply.resourcesUnion.entity.ResourcesUnion#2353], EntityKey[j.index.module.apply.resourcesUnion.entity.ResourcesUnion#2348], EntityKey[j.index.module.apply.resourcesUnion.entity.ResourcesUnion#2347], EntityKey[j.index.module.apply.resourcesUnion.entity.ResourcesUnion#2350], EntityKey[j.index.module.apply.resourcesUnion.entity.ResourcesUnion#2349], EntityKey[j.index.module.apply.resourcesUnion.entity.ResourcesUnion#2375], EntityKey[j.index.module.apply.resourcesUnion.entity.ResourcesUnion#2376], EntityKey[j.index.module.apply.resourcesUnion.entity.ResourcesUnion#2377], EntityKey[j.index.module.apply.resourcesUnion.entity.ResourcesUnion#2378], EntityKey[j.index.module.apply.resourcesUnion.entity.ResourcesUnion#2371], EntityKey[j.index.module.apply.resourcesUnion.entity.ResourcesUnion#2372], EntityKey[j.index.module.apply.resourcesUnion.entity.ResourcesUnion#2373], EntityKey[j.index.module.apply.resourcesUnion.entity.ResourcesUnion#2374], EntityKey[j.index.module.apply.resourcesUnion.entity.ResourcesUnion#2367], EntityKey[j.index.module.apply.resourcesUnion.entity.ResourcesUnion#2368], EntityKey[j.index.module.apply.resourcesUnion.entity.ResourcesUnion#2369], EntityKey[j.index.module.apply.resourcesUnion.entity.ResourcesUnion#2370], EntityKey[j.index.module.apply.resourcesUnion.entity.ResourcesUnion#2363], EntityKey[j.index.module.apply.resourcesUnion.entity.ResourcesUnion#2364], EntityKey[j.index.module.apply.resourcesUnion.entity.ResourcesUnion#2365], EntityKey[j.index.module.apply.resourcesUnion.entity.ResourcesUnion#2366], EntityKey[j.index.module.apply.resourcesUnion.entity.ResourcesUnion#2330], EntityKey[j.index.module.apply.resourcesUnion.entity.ResourcesUnion#2329], EntityKey[j.index.module.apply.resourcesUnion.entity.ResourcesUnion#2328], EntityKey[j.index.module.apply.resourcesUnion.entity.ResourcesUnion#2327], EntityKey[j.index.module.apply.resourcesUnion.entity.ResourcesUnion#2326], EntityKey[j.index.module.apply.resourcesUnion.entity.ResourcesUnion#2325], EntityKey[j.index.module.apply.resourcesUnion.entity.ResourcesUnion#2324], EntityKey[j.index.module.apply.resourcesUnion.entity.ResourcesUnion#2323], EntityKey[j.index.module.apply.resourcesUnion.entity.ResourcesUnion#2322], EntityKey[j.index.module.apply.resourcesUnion.entity.ResourcesUnion#2321], EntityKey[j.index.module.apply.resourcesUnion.entity.ResourcesUnion#2320], EntityKey[j.index.module.apply.resourcesUnion.entity.ResourcesUnion#2319], EntityKey[j.index.module.apply.resourcesUnion.entity.ResourcesUnion#2318], EntityKey[j.index.module.apply.resourcesUnion.entity.ResourcesUnion#2317], EntityKey[j.index.module.apply.resourcesUnion.entity.ResourcesUnion#2316], EntityKey[j.index.module.apply.resourcesUnion.entity.ResourcesUnion#2315], EntityKey[j.index.module.apply.resourcesUnion.entity.ResourcesUnion#2345], EntityKey[j.index.module.apply.resourcesUnion.entity.ResourcesUnion#2346], EntityKey[j.index.module.apply.resourcesUnion.entity.ResourcesUnion#2343], EntityKey[j.index.module.apply.resourcesUnion.entity.ResourcesUnion#2344], EntityKey[j.index.module.apply.resourcesUnion.entity.ResourcesUnion#2341], EntityKey[j.index.module.apply.resourcesUnion.entity.ResourcesUnion#2342], EntityKey[j.index.module.apply.resourcesUnion.entity.ResourcesUnion#2339], EntityKey[j.index.module.apply.resourcesUnion.entity.ResourcesUnion#2340], EntityKey[j.index.module.apply.resourcesUnion.entity.ResourcesUnion#2337], EntityKey[j.index.module.apply.resourcesUnion.entity.ResourcesUnion#2338], EntityKey[j.index.module.apply.resourcesUnion.entity.ResourcesUnion#2335], EntityKey[j.index.module.apply.resourcesUnion.entity.ResourcesUnion#2336], EntityKey[j.index.module.apply.resourcesUnion.entity.ResourcesUnion#2333], EntityKey[j.index.module.apply.resourcesUnion.entity.ResourcesUnion#2334], EntityKey[j.index.module.apply.resourcesUnion.entity.ResourcesUnion#2331], EntityKey[j.index.module.apply.resourcesUnion.entity.ResourcesUnion#2332], EntityKey[j.index.module.apply.resourcesUnion.entity.ResourcesUnion#2420], EntityKey[j.index.module.apply.resourcesUnion.entity.ResourcesUnion#2419], EntityKey[j.index.module.apply.resourcesUnion.entity.ResourcesUnion#2422], EntityKey[j.index.module.apply.resourcesUnion.entity.ResourcesUnion#2421], EntityKey[j.index.module.apply.resourcesUnion.entity.ResourcesUnion#2424], EntityKey[j.index.module.apply.resourcesUnion.entity.ResourcesUnion#2423], EntityKey[j.index.module.apply.resourcesUnion.entity.ResourcesUnion#2426], EntityKey[j.index.module.apply.resourcesUnion.entity.ResourcesUnion#2425], EntityKey[j.index.module.apply.resourcesUnion.entity.ResourcesUnion#2412], EntityKey[j.index.module.apply.resourcesUnion.entity.ResourcesUnion#2411], EntityKey[j.index.module.apply.resourcesUnion.entity.ResourcesUnion#2414], EntityKey[j.index.module.apply.resourcesUnion.entity.ResourcesUnion#2413], EntityKey[j.index.module.apply.resourcesUnion.entity.ResourcesUnion#2416], EntityKey[j.index.module.apply.resourcesUnion.entity.ResourcesUnion#2415], EntityKey[j.index.module.apply.resourcesUnion.entity.ResourcesUnion#2418], EntityKey[j.index.module.apply.resourcesUnion.entity.ResourcesUnion#2417], EntityKey[j.index.module.apply.resourcesUnion.entity.ResourcesUnion#2435], EntityKey[j.index.module.apply.resourcesUnion.entity.ResourcesUnion#2436], EntityKey[j.index.module.apply.resourcesUnion.entity.ResourcesUnion#2437], EntityKey[j.index.module.apply.resourcesUnion.entity.ResourcesUnion#2438], EntityKey[j.index.module.apply.resourcesUnion.entity.ResourcesUnion#2439], EntityKey[j.index.module.apply.resourcesUnion.entity.ResourcesUnion#2440], EntityKey[j.index.module.apply.resourcesUnion.entity.ResourcesUnion#2441], EntityKey[j.index.module.apply.resourcesUnion.entity.ResourcesUnion#2442], EntityKey[j.index.module.apply.resourcesUnion.entity.ResourcesUnion#2427], EntityKey[j.index.module.apply.resourcesUnion.entity.ResourcesUnion#2428], EntityKey[j.index.module.apply.resourcesUnion.entity.ResourcesUnion#2429], EntityKey[j.index.module.apply.resourcesUnion.entity.ResourcesUnion#2430], EntityKey[j.index.module.apply.resourcesUnion.entity.ResourcesUnion#2431], EntityKey[j.index.module.apply.resourcesUnion.entity.ResourcesUnion#2432], EntityKey[j.index.module.apply.resourcesUnion.entity.ResourcesUnion#2433], EntityKey[j.index.module.apply.resourcesUnion.entity.ResourcesUnion#2434], EntityKey[j.index.module.apply.resourcesUnion.entity.ResourcesUnion#2390], EntityKey[j.index.module.apply.resourcesUnion.entity.ResourcesUnion#2389], EntityKey[j.index.module.apply.resourcesUnion.entity.ResourcesUnion#2388], EntityKey[j.index.module.apply.resourcesUnion.entity.ResourcesUnion#2387], EntityKey[j.index.module.apply.resourcesUnion.entity.ResourcesUnion#2394], EntityKey[j.index.module.apply.resourcesUnion.entity.ResourcesUnion#2393], EntityKey[j.index.module.apply.resourcesUnion.entity.ResourcesUnion#2392], EntityKey[j.index.module.apply.resourcesUnion.entity.ResourcesUnion#2391], EntityKey[j.index.module.apply.resourcesUnion.entity.ResourcesUnion#2382], EntityKey[j.index.module.apply.resourcesUnion.entity.ResourcesUnion#2381], EntityKey[j.index.module.apply.resourcesUnion.entity.ResourcesUnion#2380], EntityKey[j.index.module.apply.resourcesUnion.entity.ResourcesUnion#2379], EntityKey[j.index.module.apply.resourcesUnion.entity.ResourcesUnion#2386], EntityKey[j.index.module.apply.resourcesUnion.entity.ResourcesUnion#2385], EntityKey[j.index.module.apply.resourcesUnion.entity.ResourcesUnion#2384], EntityKey[j.index.module.apply.resourcesUnion.entity.ResourcesUnion#2383], EntityKey[j.index.module.apply.resourcesUnion.entity.ResourcesUnion#2405], EntityKey[j.index.module.apply.resourcesUnion.entity.ResourcesUnion#2406], EntityKey[j.index.module.apply.resourcesUnion.entity.ResourcesUnion#2403], EntityKey[j.index.module.apply.resourcesUnion.entity.ResourcesUnion#2404], EntityKey[j.index.module.apply.resourcesUnion.entity.ResourcesUnion#2409], EntityKey[j.index.module.apply.resourcesUnion.entity.ResourcesUnion#2410], EntityKey[j.index.module.apply.resourcesUnion.entity.ResourcesUnion#2407], EntityKey[j.index.module.apply.resourcesUnion.entity.ResourcesUnion#2408], EntityKey[j.index.module.apply.resourcesUnion.entity.ResourcesUnion#2397], EntityKey[j.index.module.apply.resourcesUnion.entity.ResourcesUnion#2398], EntityKey[j.index.module.apply.resourcesUnion.entity.ResourcesUnion#2395], EntityKey[j.index.module.apply.resourcesUnion.entity.ResourcesUnion#2396], EntityKey[j.index.module.apply.resourcesUnion.entity.ResourcesUnion#2401], EntityKey[j.index.module.apply.resourcesUnion.entity.ResourcesUnion#2402], EntityKey[j.index.module.apply.resourcesUnion.entity.ResourcesUnion#2399], EntityKey[j.index.module.apply.resourcesUnion.entity.ResourcesUnion#2400], EntityKey[j.index.module.apply.resourcesUnion.entity.ResourcesUnion#2223], EntityKey[j.index.module.apply.resourcesUnion.entity.ResourcesUnion#2224], EntityKey[j.index.module.apply.resourcesUnion.entity.ResourcesUnion#2225], EntityKey[j.index.module.apply.resourcesUnion.entity.ResourcesUnion#2226], EntityKey[j.index.module.apply.resourcesUnion.entity.ResourcesUnion#2219], EntityKey[j.index.module.apply.resourcesUnion.entity.ResourcesUnion#2220], EntityKey[j.index.module.apply.resourcesUnion.entity.ResourcesUnion#2221], EntityKey[j.index.module.apply.resourcesUnion.entity.ResourcesUnion#2222], EntityKey[j.index.module.apply.resourcesUnion.entity.ResourcesUnion#2231], EntityKey[j.index.module.apply.resourcesUnion.entity.ResourcesUnion#2232], EntityKey[j.index.module.apply.resourcesUnion.entity.ResourcesUnion#2233], EntityKey[j.index.module.apply.resourcesUnion.entity.ResourcesUnion#2234], EntityKey[j.index.module.apply.resourcesUnion.entity.ResourcesUnion#2227], EntityKey[j.index.module.apply.resourcesUnion.entity.ResourcesUnion#2228], EntityKey[j.index.module.apply.resourcesUnion.entity.ResourcesUnion#2229], EntityKey[j.index.module.apply.resourcesUnion.entity.ResourcesUnion#2230], EntityKey[j.index.module.apply.resourcesUnion.entity.ResourcesUnion#2240], EntityKey[j.index.module.apply.resourcesUnion.entity.ResourcesUnion#2239], EntityKey[j.index.module.apply.resourcesUnion.entity.ResourcesUnion#2242], EntityKey[j.index.module.apply.resourcesUnion.entity.ResourcesUnion#2241], EntityKey[j.index.module.apply.resourcesUnion.entity.ResourcesUnion#2236], EntityKey[j.index.module.apply.resourcesUnion.entity.ResourcesUnion#2235], EntityKey[j.index.module.apply.resourcesUnion.entity.ResourcesUnion#2238], EntityKey[j.index.module.apply.resourcesUnion.entity.ResourcesUnion#2237], EntityKey[j.index.module.apply.resourcesUnion.entity.ResourcesUnion#2248], EntityKey[j.index.module.apply.resourcesUnion.entity.ResourcesUnion#2247], EntityKey[j.index.module.apply.resourcesUnion.entity.ResourcesUnion#2250], EntityKey[j.index.module.apply.resourcesUnion.entity.ResourcesUnion#2249], EntityKey[j.index.module.apply.resourcesUnion.entity.ResourcesUnion#2244], EntityKey[j.index.module.apply.resourcesUnion.entity.ResourcesUnion#2243], EntityKey[j.index.module.apply.resourcesUnion.entity.ResourcesUnion#2246], EntityKey[j.index.module.apply.resourcesUnion.entity.ResourcesUnion#2245], EntityKey[j.index.module.apply.resourcesUnion.entity.ResourcesUnion#2193], EntityKey[j.index.module.apply.resourcesUnion.entity.ResourcesUnion#2194], EntityKey[j.index.module.apply.resourcesUnion.entity.ResourcesUnion#2191], EntityKey[j.index.module.apply.resourcesUnion.entity.ResourcesUnion#2192], EntityKey[j.index.module.apply.resourcesUnion.entity.ResourcesUnion#2189], EntityKey[j.index.module.apply.resourcesUnion.entity.ResourcesUnion#2190], EntityKey[j.index.module.apply.resourcesUnion.entity.ResourcesUnion#2187], EntityKey[j.index.module.apply.resourcesUnion.entity.ResourcesUnion#2188], EntityKey[j.index.module.apply.resourcesUnion.entity.ResourcesUnion#2201], EntityKey[j.index.module.apply.resourcesUnion.entity.ResourcesUnion#2202], EntityKey[j.index.module.apply.resourcesUnion.entity.ResourcesUnion#2199], EntityKey[j.index.module.apply.resourcesUnion.entity.ResourcesUnion#2200], EntityKey[j.index.module.apply.resourcesUnion.entity.ResourcesUnion#2197], EntityKey[j.index.module.apply.resourcesUnion.entity.ResourcesUnion#2198], EntityKey[j.index.module.apply.resourcesUnion.entity.ResourcesUnion#2195], EntityKey[j.index.module.apply.resourcesUnion.entity.ResourcesUnion#2196], EntityKey[j.index.module.apply.resourcesUnion.entity.ResourcesUnion#2210], EntityKey[j.index.module.apply.resourcesUnion.entity.ResourcesUnion#2209], EntityKey[j.index.module.apply.resourcesUnion.entity.ResourcesUnion#2208], EntityKey[j.index.module.apply.resourcesUnion.entity.ResourcesUnion#2207], EntityKey[j.index.module.apply.resourcesUnion.entity.ResourcesUnion#2206], EntityKey[j.index.module.apply.resourcesUnion.entity.ResourcesUnion#2205], EntityKey[j.index.module.apply.resourcesUnion.entity.ResourcesUnion#2204], EntityKey[j.index.module.apply.resourcesUnion.entity.ResourcesUnion#2203], EntityKey[j.index.module.apply.resourcesUnion.entity.ResourcesUnion#2218], EntityKey[j.index.module.apply.resourcesUnion.entity.ResourcesUnion#2217], EntityKey[j.index.module.apply.resourcesUnion.entity.ResourcesUnion#2216], EntityKey[j.index.module.apply.resourcesUnion.entity.ResourcesUnion#2215], EntityKey[j.index.module.apply.resourcesUnion.entity.ResourcesUnion#2214], EntityKey[j.index.module.apply.resourcesUnion.entity.ResourcesUnion#2213], EntityKey[j.index.module.apply.resourcesUnion.entity.ResourcesUnion#2212], EntityKey[j.index.module.apply.resourcesUnion.entity.ResourcesUnion#2211], EntityKey[j.index.module.apply.resourcesUnion.entity.ResourcesUnion#2283], EntityKey[j.index.module.apply.resourcesUnion.entity.ResourcesUnion#2284], EntityKey[j.index.module.apply.resourcesUnion.entity.ResourcesUnion#2285], EntityKey[j.index.module.apply.resourcesUnion.entity.ResourcesUnion#2286], EntityKey[j.index.module.apply.resourcesUnion.entity.ResourcesUnion#2287], EntityKey[j.index.module.apply.resourcesUnion.entity.ResourcesUnion#2288], EntityKey[j.index.module.apply.resourcesUnion.entity.ResourcesUnion#2289], EntityKey[j.index.module.apply.resourcesUnion.entity.ResourcesUnion#2290], EntityKey[j.index.module.apply.resourcesUnion.entity.ResourcesUnion#2291], EntityKey[j.index.module.apply.resourcesUnion.entity.ResourcesUnion#2292], EntityKey[j.index.module.apply.resourcesUnion.entity.ResourcesUnion#2293], EntityKey[j.index.module.apply.resourcesUnion.entity.ResourcesUnion#2294], EntityKey[j.index.module.apply.resourcesUnion.entity.ResourcesUnion#2295], EntityKey[j.index.module.apply.resourcesUnion.entity.ResourcesUnion#2296], EntityKey[j.index.module.apply.resourcesUnion.entity.ResourcesUnion#2297], EntityKey[j.index.module.apply.resourcesUnion.entity.ResourcesUnion#2298], EntityKey[j.index.module.apply.resourcesUnion.entity.ResourcesUnion#2300], EntityKey[j.index.module.apply.resourcesUnion.entity.ResourcesUnion#2299], EntityKey[j.index.module.apply.resourcesUnion.entity.ResourcesUnion#2302], EntityKey[j.index.module.apply.resourcesUnion.entity.ResourcesUnion#2301], EntityKey[j.index.module.apply.resourcesUnion.entity.ResourcesUnion#2304], EntityKey[j.index.module.apply.resourcesUnion.entity.ResourcesUnion#2303], EntityKey[j.index.module.apply.resourcesUnion.entity.ResourcesUnion#2306], EntityKey[j.index.module.apply.resourcesUnion.entity.ResourcesUnion#2305], EntityKey[j.index.module.apply.resourcesUnion.entity.ResourcesUnion#2308], EntityKey[j.index.module.apply.resourcesUnion.entity.ResourcesUnion#2307], EntityKey[j.index.module.apply.resourcesUnion.entity.ResourcesUnion#2310], EntityKey[j.index.module.apply.resourcesUnion.entity.ResourcesUnion#2309], EntityKey[j.index.module.apply.resourcesUnion.entity.ResourcesUnion#2312], EntityKey[j.index.module.apply.resourcesUnion.entity.ResourcesUnion#2311], EntityKey[j.index.module.apply.resourcesUnion.entity.ResourcesUnion#2314], EntityKey[j.index.module.apply.resourcesUnion.entity.ResourcesUnion#2313], EntityKey[j.index.module.apply.resourcesUnion.entity.ResourcesUnion#2253], EntityKey[j.index.module.apply.resourcesUnion.entity.ResourcesUnion#2254], EntityKey[j.index.module.apply.resourcesUnion.entity.ResourcesUnion#2251], EntityKey[j.index.module.apply.resourcesUnion.entity.ResourcesUnion#2252], EntityKey[j.index.module.apply.resourcesUnion.entity.ResourcesUnion#2257], EntityKey[j.index.module.apply.resourcesUnion.entity.ResourcesUnion#2258], EntityKey[j.index.module.apply.resourcesUnion.entity.ResourcesUnion#2255], EntityKey[j.index.module.apply.resourcesUnion.entity.ResourcesUnion#2256], EntityKey[j.index.module.apply.resourcesUnion.entity.ResourcesUnion#2261], EntityKey[j.index.module.apply.resourcesUnion.entity.ResourcesUnion#2262], EntityKey[j.index.module.apply.resourcesUnion.entity.ResourcesUnion#2259], EntityKey[j.index.module.apply.resourcesUnion.entity.ResourcesUnion#2260], EntityKey[j.index.module.apply.resourcesUnion.entity.ResourcesUnion#2265], EntityKey[j.index.module.apply.resourcesUnion.entity.ResourcesUnion#2266], EntityKey[j.index.module.apply.resourcesUnion.entity.ResourcesUnion#2263], EntityKey[j.index.module.apply.resourcesUnion.entity.ResourcesUnion#2264], EntityKey[j.index.module.apply.resourcesUnion.entity.ResourcesUnion#2270], EntityKey[j.index.module.apply.resourcesUnion.entity.ResourcesUnion#2269], EntityKey[j.index.module.apply.resourcesUnion.entity.ResourcesUnion#2268], EntityKey[j.index.module.apply.resourcesUnion.entity.ResourcesUnion#2267], EntityKey[j.index.module.apply.resourcesUnion.entity.ResourcesUnion#2274], EntityKey[j.index.module.apply.resourcesUnion.entity.ResourcesUnion#2273], EntityKey[j.index.module.apply.resourcesUnion.entity.ResourcesUnion#2272], EntityKey[j.index.module.apply.resourcesUnion.entity.ResourcesUnion#2271], EntityKey[j.index.module.apply.resourcesUnion.entity.ResourcesUnion#2278], EntityKey[j.index.module.apply.resourcesUnion.entity.ResourcesUnion#2277], EntityKey[j.index.module.apply.resourcesUnion.entity.ResourcesUnion#2276], EntityKey[j.index.module.apply.resourcesUnion.entity.ResourcesUnion#2275], EntityKey[j.index.module.apply.resourcesUnion.entity.ResourcesUnion#2282], EntityKey[j.index.module.apply.resourcesUnion.entity.ResourcesUnion#2281], EntityKey[j.index.module.apply.resourcesUnion.entity.ResourcesUnion#2280], EntityKey[j.index.module.apply.resourcesUnion.entity.ResourcesUnion#2279], EntityKey[j.index.module.apply.resourcesUnion.entity.ResourcesUnion#2655], EntityKey[j.index.module.apply.resourcesUnion.entity.ResourcesUnion#2656], EntityKey[j.index.module.apply.resourcesUnion.entity.ResourcesUnion#2657], EntityKey[j.index.module.apply.resourcesUnion.entity.ResourcesUnion#2658], EntityKey[j.index.module.apply.resourcesUnion.entity.ResourcesUnion#2651], EntityKey[j.index.module.apply.resourcesUnion.entity.ResourcesUnion#2652], EntityKey[j.index.module.apply.resourcesUnion.entity.ResourcesUnion#2653], EntityKey[j.index.module.apply.resourcesUnion.entity.ResourcesUnion#2654], EntityKey[j.index.module.apply.resourcesUnion.entity.ResourcesUnion#2663], EntityKey[j.index.module.apply.resourcesUnion.entity.ResourcesUnion#2664], EntityKey[j.index.module.apply.resourcesUnion.entity.ResourcesUnion#2665], EntityKey[j.index.module.apply.resourcesUnion.entity.ResourcesUnion#2666], EntityKey[j.index.module.apply.resourcesUnion.entity.ResourcesUnion#2659], EntityKey[j.index.module.apply.resourcesUnion.entity.ResourcesUnion#2660], EntityKey[j.index.module.apply.resourcesUnion.entity.ResourcesUnion#2661], EntityKey[j.index.module.apply.resourcesUnion.entity.ResourcesUnion#2662], EntityKey[j.index.module.apply.resourcesUnion.entity.ResourcesUnion#2640], EntityKey[j.index.module.apply.resourcesUnion.entity.ResourcesUnion#2639], EntityKey[j.index.module.apply.resourcesUnion.entity.ResourcesUnion#2642], EntityKey[j.index.module.apply.resourcesUnion.entity.ResourcesUnion#2641], EntityKey[j.index.module.apply.resourcesUnion.entity.ResourcesUnion#2636], EntityKey[j.index.module.apply.resourcesUnion.entity.ResourcesUnion#2635], EntityKey[j.index.module.apply.resourcesUnion.entity.ResourcesUnion#2638], EntityKey[j.index.module.apply.resourcesUnion.entity.ResourcesUnion#2637], EntityKey[j.index.module.apply.resourcesUnion.entity.ResourcesUnion#2648], EntityKey[j.index.module.apply.resourcesUnion.entity.ResourcesUnion#2647], EntityKey[j.index.module.apply.resourcesUnion.entity.ResourcesUnion#2650], EntityKey[j.index.module.apply.resourcesUnion.entity.ResourcesUnion#2649], EntityKey[j.index.module.apply.resourcesUnion.entity.ResourcesUnion#2644], EntityKey[j.index.module.apply.resourcesUnion.entity.ResourcesUnion#2643], EntityKey[j.index.module.apply.resourcesUnion.entity.ResourcesUnion#2646], EntityKey[j.index.module.apply.resourcesUnion.entity.ResourcesUnion#2645], EntityKey[j.index.module.apply.resourcesUnion.entity.ResourcesUnion#2689], EntityKey[j.index.module.apply.resourcesUnion.entity.ResourcesUnion#2690], EntityKey[j.index.module.apply.resourcesUnion.entity.ResourcesUnion#2687], EntityKey[j.index.module.apply.resourcesUnion.entity.ResourcesUnion#2688], EntityKey[j.index.module.apply.resourcesUnion.entity.ResourcesUnion#2685], EntityKey[j.index.module.apply.resourcesUnion.entity.ResourcesUnion#2686], EntityKey[j.index.module.apply.resourcesUnion.entity.ResourcesUnion#2683], EntityKey[j.index.module.apply.resourcesUnion.entity.ResourcesUnion#2684], EntityKey[j.index.module.apply.resourcesUnion.entity.ResourcesUnion#2697], EntityKey[j.index.module.apply.resourcesUnion.entity.ResourcesUnion#2698], EntityKey[j.index.module.apply.resourcesUnion.entity.ResourcesUnion#2695], EntityKey[j.index.module.apply.resourcesUnion.entity.ResourcesUnion#2696], EntityKey[j.index.module.apply.resourcesUnion.entity.ResourcesUnion#2693], EntityKey[j.index.module.apply.resourcesUnion.entity.ResourcesUnion#2694], EntityKey[j.index.module.apply.resourcesUnion.entity.ResourcesUnion#2691], EntityKey[j.index.module.apply.resourcesUnion.entity.ResourcesUnion#2692], EntityKey[j.index.module.apply.resourcesUnion.entity.ResourcesUnion#2674], EntityKey[j.index.module.apply.resourcesUnion.entity.ResourcesUnion#2673], EntityKey[j.index.module.apply.resourcesUnion.entity.ResourcesUnion#2672], EntityKey[j.index.module.apply.resourcesUnion.entity.ResourcesUnion#2671], EntityKey[j.index.module.apply.resourcesUnion.entity.ResourcesUnion#2670], EntityKey[j.index.module.apply.resourcesUnion.entity.ResourcesUnion#2669], EntityKey[j.index.module.apply.resourcesUnion.entity.ResourcesUnion#2668], EntityKey[j.index.module.apply.resourcesUnion.entity.ResourcesUnion#2667], EntityKey[j.index.module.apply.resourcesUnion.entity.ResourcesUnion#2682], EntityKey[j.index.module.apply.resourcesUnion.entity.ResourcesUnion#2681], EntityKey[j.index.module.apply.resourcesUnion.entity.ResourcesUnion#2680], EntityKey[j.index.module.apply.resourcesUnion.entity.ResourcesUnion#2679], EntityKey[j.index.module.apply.resourcesUnion.entity.ResourcesUnion#2678], EntityKey[j.index.module.apply.resourcesUnion.entity.ResourcesUnion#2677], EntityKey[j.index.module.apply.resourcesUnion.entity.ResourcesUnion#2676], EntityKey[j.index.module.apply.resourcesUnion.entity.ResourcesUnion#2675], EntityKey[j.index.module.apply.resourcesUnion.entity.ResourcesUnion#2587], EntityKey[j.index.module.apply.resourcesUnion.entity.ResourcesUnion#2588], EntityKey[j.index.module.apply.resourcesUnion.entity.ResourcesUnion#2589], EntityKey[j.index.module.apply.resourcesUnion.entity.ResourcesUnion#2590], EntityKey[j.index.module.apply.resourcesUnion.entity.ResourcesUnion#2591], EntityKey[j.index.module.apply.resourcesUnion.entity.ResourcesUnion#2592], EntityKey[j.index.module.apply.resourcesUnion.entity.ResourcesUnion#2593], EntityKey[j.index.module.apply.resourcesUnion.entity.ResourcesUnion#2594], EntityKey[j.index.module.apply.resourcesUnion.entity.ResourcesUnion#2595], EntityKey[j.index.module.apply.resourcesUnion.entity.ResourcesUnion#2596], EntityKey[j.index.module.apply.resourcesUnion.entity.ResourcesUnion#2597], EntityKey[j.index.module.apply.resourcesUnion.entity.ResourcesUnion#2598], EntityKey[j.index.module.apply.resourcesUnion.entity.ResourcesUnion#2599], EntityKey[j.index.module.apply.resourcesUnion.entity.ResourcesUnion#2600], EntityKey[j.index.module.apply.resourcesUnion.entity.ResourcesUnion#2601], EntityKey[j.index.module.apply.resourcesUnion.entity.ResourcesUnion#2602], EntityKey[j.index.module.apply.resourcesUnion.entity.ResourcesUnion#2572], EntityKey[j.index.module.apply.resourcesUnion.entity.ResourcesUnion#2571], EntityKey[j.index.module.apply.resourcesUnion.entity.ResourcesUnion#2574], EntityKey[j.index.module.apply.resourcesUnion.entity.ResourcesUnion#2573], EntityKey[j.index.module.apply.resourcesUnion.entity.ResourcesUnion#2576], EntityKey[j.index.module.apply.resourcesUnion.entity.ResourcesUnion#2575], EntityKey[j.index.module.apply.resourcesUnion.entity.ResourcesUnion#2578], EntityKey[j.index.module.apply.resourcesUnion.entity.ResourcesUnion#2577], EntityKey[j.index.module.apply.resourcesUnion.entity.ResourcesUnion#2580], EntityKey[j.index.module.apply.resourcesUnion.entity.ResourcesUnion#2579], EntityKey[j.index.module.apply.resourcesUnion.entity.ResourcesUnion#2582], EntityKey[j.index.module.apply.resourcesUnion.entity.ResourcesUnion#2581], EntityKey[j.index.module.apply.resourcesUnion.entity.ResourcesUnion#2584], EntityKey[j.index.module.apply.resourcesUnion.entity.ResourcesUnion#2583], EntityKey[j.index.module.apply.resourcesUnion.entity.ResourcesUnion#2586], EntityKey[j.index.module.apply.resourcesUnion.entity.ResourcesUnion#2585], EntityKey[j.index.module.apply.resourcesUnion.entity.ResourcesUnion#2621], EntityKey[j.index.module.apply.resourcesUnion.entity.ResourcesUnion#2622], EntityKey[j.index.module.apply.resourcesUnion.entity.ResourcesUnion#2619], EntityKey[j.index.module.apply.resourcesUnion.entity.ResourcesUnion#2620], EntityKey[j.index.module.apply.resourcesUnion.entity.ResourcesUnion#2625], EntityKey[j.index.module.apply.resourcesUnion.entity.ResourcesUnion#2626], EntityKey[j.index.module.apply.resourcesUnion.entity.ResourcesUnion#2623], EntityKey[j.index.module.apply.resourcesUnion.entity.ResourcesUnion#2624], EntityKey[j.index.module.apply.resourcesUnion.entity.ResourcesUnion#2629], EntityKey[j.index.module.apply.resourcesUnion.entity.ResourcesUnion#2630], EntityKey[j.index.module.apply.resourcesUnion.entity.ResourcesUnion#2627], EntityKey[j.index.module.apply.resourcesUnion.entity.ResourcesUnion#2628], EntityKey[j.index.module.apply.resourcesUnion.entity.ResourcesUnion#2633], EntityKey[j.index.module.apply.resourcesUnion.entity.ResourcesUnion#2634], EntityKey[j.index.module.apply.resourcesUnion.entity.ResourcesUnion#2631], EntityKey[j.index.module.apply.resourcesUnion.entity.ResourcesUnion#2632], EntityKey[j.index.module.apply.resourcesUnion.entity.ResourcesUnion#2606], EntityKey[j.index.module.apply.resourcesUnion.entity.ResourcesUnion#2605], EntityKey[j.index.module.apply.resourcesUnion.entity.ResourcesUnion#2604], EntityKey[j.index.module.apply.resourcesUnion.entity.ResourcesUnion#2603], EntityKey[j.index.module.apply.resourcesUnion.entity.ResourcesUnion#2610], EntityKey[j.index.module.apply.resourcesUnion.entity.ResourcesUnion#2609], EntityKey[j.index.module.apply.resourcesUnion.entity.ResourcesUnion#2608], EntityKey[j.index.module.apply.resourcesUnion.entity.ResourcesUnion#2607], EntityKey[j.index.module.apply.resourcesUnion.entity.ResourcesUnion#2614], EntityKey[j.index.module.apply.resourcesUnion.entity.ResourcesUnion#2613], EntityKey[j.index.module.apply.resourcesUnion.entity.ResourcesUnion#2612], EntityKey[j.index.module.apply.resourcesUnion.entity.ResourcesUnion#2611], EntityKey[j.index.module.apply.resourcesUnion.entity.ResourcesUnion#2618], EntityKey[j.index.module.apply.resourcesUnion.entity.ResourcesUnion#2617], EntityKey[j.index.module.apply.resourcesUnion.entity.ResourcesUnion#2616], EntityKey[j.index.module.apply.resourcesUnion.entity.ResourcesUnion#2615], EntityKey[j.index.module.apply.resourcesUnion.entity.ResourcesUnion#2536], EntityKey[j.index.module.apply.resourcesUnion.entity.ResourcesUnion#2535], EntityKey[j.index.module.apply.resourcesUnion.entity.ResourcesUnion#2538], EntityKey[j.index.module.apply.resourcesUnion.entity.ResourcesUnion#2537], EntityKey[j.index.module.apply.resourcesUnion.entity.ResourcesUnion#2532], EntityKey[j.index.module.apply.resourcesUnion.entity.ResourcesUnion#2531], EntityKey[j.index.module.apply.resourcesUnion.entity.ResourcesUnion#2534], EntityKey[j.index.module.apply.resourcesUnion.entity.ResourcesUnion#2533], EntityKey[j.index.module.apply.resourcesUnion.entity.ResourcesUnion#2528], EntityKey[j.index.module.apply.resourcesUnion.entity.ResourcesUnion#2527], EntityKey[j.index.module.apply.resourcesUnion.entity.ResourcesUnion#2530], EntityKey[j.index.module.apply.resourcesUnion.entity.ResourcesUnion#2529], EntityKey[j.index.module.apply.resourcesUnion.entity.ResourcesUnion#2524], EntityKey[j.index.module.apply.resourcesUnion.entity.ResourcesUnion#2523], EntityKey[j.index.module.apply.resourcesUnion.entity.ResourcesUnion#2526], EntityKey[j.index.module.apply.resourcesUnion.entity.ResourcesUnion#2525], EntityKey[j.index.module.apply.resourcesUnion.entity.ResourcesUnion#2519], EntityKey[j.index.module.apply.resourcesUnion.entity.ResourcesUnion#2520], EntityKey[j.index.module.apply.resourcesUnion.entity.ResourcesUnion#2521], EntityKey[j.index.module.apply.resourcesUnion.entity.ResourcesUnion#2522], EntityKey[j.index.module.apply.resourcesUnion.entity.ResourcesUnion#2515], EntityKey[j.index.module.apply.resourcesUnion.entity.ResourcesUnion#2516], EntityKey[j.index.module.apply.resourcesUnion.entity.ResourcesUnion#2517], EntityKey[j.index.module.apply.resourcesUnion.entity.ResourcesUnion#2518], EntityKey[j.index.module.apply.resourcesUnion.entity.ResourcesUnion#2511], EntityKey[j.index.module.apply.resourcesUnion.entity.ResourcesUnion#2512], EntityKey[j.index.module.apply.resourcesUnion.entity.ResourcesUnion#2513], EntityKey[j.index.module.apply.resourcesUnion.entity.ResourcesUnion#2514], EntityKey[j.index.module.apply.resourcesUnion.entity.ResourcesUnion#2507], EntityKey[j.index.module.apply.resourcesUnion.entity.ResourcesUnion#2508], EntityKey[j.index.module.apply.resourcesUnion.entity.ResourcesUnion#2509], EntityKey[j.index.module.apply.resourcesUnion.entity.ResourcesUnion#2510], EntityKey[j.index.module.apply.resourcesUnion.entity.ResourcesUnion#2570], EntityKey[j.index.module.apply.resourcesUnion.entity.ResourcesUnion#2569], EntityKey[j.index.module.apply.resourcesUnion.entity.ResourcesUnion#2568], EntityKey[j.index.module.apply.resourcesUnion.entity.ResourcesUnion#2567], EntityKey[j.index.module.apply.resourcesUnion.entity.ResourcesUnion#2566], EntityKey[j.index.module.apply.resourcesUnion.entity.ResourcesUnion#2565], EntityKey[j.index.module.apply.resourcesUnion.entity.ResourcesUnion#2564], EntityKey[j.index.module.apply.resourcesUnion.entity.ResourcesUnion#2563], EntityKey[j.index.module.apply.resourcesUnion.entity.ResourcesUnion#2562], EntityKey[j.index.module.apply.resourcesUnion.entity.ResourcesUnion#2561], EntityKey[j.index.module.apply.resourcesUnion.entity.ResourcesUnion#2560], EntityKey[j.index.module.apply.resourcesUnion.entity.ResourcesUnion#2559], EntityKey[j.index.module.apply.resourcesUnion.entity.ResourcesUnion#2558], EntityKey[j.index.module.apply.resourcesUnion.entity.ResourcesUnion#2557], EntityKey[j.index.module.apply.resourcesUnion.entity.ResourcesUnion#2556], EntityKey[j.index.module.apply.resourcesUnion.entity.ResourcesUnion#2555], EntityKey[j.index.module.apply.resourcesUnion.entity.ResourcesUnion#2553], EntityKey[j.index.module.apply.resourcesUnion.entity.ResourcesUnion#2554], EntityKey[j.index.module.apply.resourcesUnion.entity.ResourcesUnion#2551], EntityKey[j.index.module.apply.resourcesUnion.entity.ResourcesUnion#2552], EntityKey[j.index.module.apply.resourcesUnion.entity.ResourcesUnion#2549], EntityKey[j.index.module.apply.resourcesUnion.entity.ResourcesUnion#2550], EntityKey[j.index.module.apply.resourcesUnion.entity.ResourcesUnion#2547], EntityKey[j.index.module.apply.resourcesUnion.entity.ResourcesUnion#2548], EntityKey[j.index.module.apply.resourcesUnion.entity.ResourcesUnion#2545], EntityKey[j.index.module.apply.resourcesUnion.entity.ResourcesUnion#2546], EntityKey[j.index.module.apply.resourcesUnion.entity.ResourcesUnion#2543], EntityKey[j.index.module.apply.resourcesUnion.entity.ResourcesUnion#2544], EntityKey[j.index.module.apply.resourcesUnion.entity.ResourcesUnion#2541], EntityKey[j.index.module.apply.resourcesUnion.entity.ResourcesUnion#2542], EntityKey[j.index.module.apply.resourcesUnion.entity.ResourcesUnion#2539], EntityKey[j.index.module.apply.resourcesUnion.entity.ResourcesUnion#2540], EntityKey[j.index.module.apply.resourcesUnion.entity.ResourcesUnion#2468], EntityKey[j.index.module.apply.resourcesUnion.entity.ResourcesUnion#2467], EntityKey[j.index.module.apply.resourcesUnion.entity.ResourcesUnion#2470], EntityKey[j.index.module.apply.resourcesUnion.entity.ResourcesUnion#2469], EntityKey[j.index.module.apply.resourcesUnion.entity.ResourcesUnion#2472], EntityKey[j.index.module.apply.resourcesUnion.entity.ResourcesUnion#2471], EntityKey[j.index.module.apply.resourcesUnion.entity.ResourcesUnion#2474], EntityKey[j.index.module.apply.resourcesUnion.entity.ResourcesUnion#2473], EntityKey[j.index.module.apply.resourcesUnion.entity.ResourcesUnion#2460], EntityKey[j.index.module.apply.resourcesUnion.entity.ResourcesUnion#2459], EntityKey[j.index.module.apply.resourcesUnion.entity.ResourcesUnion#2462], EntityKey[j.index.module.apply.resourcesUnion.entity.ResourcesUnion#2461], EntityKey[j.index.module.apply.resourcesUnion.entity.ResourcesUnion#2464], EntityKey[j.index.module.apply.resourcesUnion.entity.ResourcesUnion#2463], EntityKey[j.index.module.apply.resourcesUnion.entity.ResourcesUnion#2466], EntityKey[j.index.module.apply.resourcesUnion.entity.ResourcesUnion#2465], EntityKey[j.index.module.apply.resourcesUnion.entity.ResourcesUnion#2451], EntityKey[j.index.module.apply.resourcesUnion.entity.ResourcesUnion#2452], EntityKey[j.index.module.apply.resourcesUnion.entity.ResourcesUnion#2453], EntityKey[j.index.module.apply.resourcesUnion.entity.ResourcesUnion#2454], EntityKey[j.index.module.apply.resourcesUnion.entity.ResourcesUnion#2455], EntityKey[j.index.module.apply.resourcesUnion.entity.ResourcesUnion#2456], EntityKey[j.index.module.apply.resourcesUnion.entity.ResourcesUnion#2457], EntityKey[j.index.module.apply.resourcesUnion.entity.ResourcesUnion#2458], EntityKey[j.index.module.apply.resourcesUnion.entity.ResourcesUnion#2443], EntityKey[j.index.module.apply.resourcesUnion.entity.ResourcesUnion#2444], EntityKey[j.index.module.apply.resourcesUnion.entity.ResourcesUnion#2445], EntityKey[j.index.module.apply.resourcesUnion.entity.ResourcesUnion#2446], EntityKey[j.index.module.apply.resourcesUnion.entity.ResourcesUnion#2447], EntityKey[j.index.module.apply.resourcesUnion.entity.ResourcesUnion#2448], EntityKey[j.index.module.apply.resourcesUnion.entity.ResourcesUnion#2449], EntityKey[j.index.module.apply.resourcesUnion.entity.ResourcesUnion#2450], EntityKey[j.index.module.apply.resourcesUnion.entity.ResourcesUnion#2502], EntityKey[j.index.module.apply.resourcesUnion.entity.ResourcesUnion#2501], EntityKey[j.index.module.apply.resourcesUnion.entity.ResourcesUnion#2500], EntityKey[j.index.module.apply.resourcesUnion.entity.ResourcesUnion#2499], EntityKey[j.index.module.apply.resourcesUnion.entity.ResourcesUnion#2506], EntityKey[j.index.module.apply.resourcesUnion.entity.ResourcesUnion#2505], EntityKey[j.index.module.apply.resourcesUnion.entity.ResourcesUnion#2504], EntityKey[j.index.module.apply.resourcesUnion.entity.ResourcesUnion#2503], EntityKey[j.index.module.apply.resourcesUnion.entity.ResourcesUnion#2494], EntityKey[j.index.module.apply.resourcesUnion.entity.ResourcesUnion#2493], EntityKey[j.index.module.apply.resourcesUnion.entity.ResourcesUnion#2492], EntityKey[j.index.module.apply.resourcesUnion.entity.ResourcesUnion#2491], EntityKey[j.index.module.apply.resourcesUnion.entity.ResourcesUnion#2498], EntityKey[j.index.module.apply.resourcesUnion.entity.ResourcesUnion#2497], EntityKey[j.index.module.apply.resourcesUnion.entity.ResourcesUnion#2496], EntityKey[j.index.module.apply.resourcesUnion.entity.ResourcesUnion#2495], EntityKey[j.index.module.apply.resourcesUnion.entity.ResourcesUnion#2485], EntityKey[j.index.module.apply.resourcesUnion.entity.ResourcesUnion#2486], EntityKey[j.index.module.apply.resourcesUnion.entity.ResourcesUnion#2483], EntityKey[j.index.module.apply.resourcesUnion.entity.ResourcesUnion#2484], EntityKey[j.index.module.apply.resourcesUnion.entity.ResourcesUnion#2489], EntityKey[j.index.module.apply.resourcesUnion.entity.ResourcesUnion#2490], EntityKey[j.index.module.apply.resourcesUnion.entity.ResourcesUnion#2487], EntityKey[j.index.module.apply.resourcesUnion.entity.ResourcesUnion#2488], EntityKey[j.index.module.apply.resourcesUnion.entity.ResourcesUnion#2477], EntityKey[j.index.module.apply.resourcesUnion.entity.ResourcesUnion#2478], EntityKey[j.index.module.apply.resourcesUnion.entity.ResourcesUnion#2475], EntityKey[j.index.module.apply.resourcesUnion.entity.ResourcesUnion#2476], EntityKey[j.index.module.apply.resourcesUnion.entity.ResourcesUnion#2481], EntityKey[j.index.module.apply.resourcesUnion.entity.ResourcesUnion#2482], EntityKey[j.index.module.apply.resourcesUnion.entity.ResourcesUnion#2479], EntityKey[j.index.module.apply.resourcesUnion.entity.ResourcesUnion#2480], EntityKey[j.index.module.apply.resourcesUnion.entity.ResourcesUnion#2898], EntityKey[j.index.module.apply.resourcesUnion.entity.ResourcesUnion#2897], EntityKey[j.index.module.apply.resourcesUnion.entity.ResourcesUnion#2896], EntityKey[j.index.module.apply.resourcesUnion.entity.ResourcesUnion#2895], EntityKey[j.index.module.apply.resourcesUnion.entity.ResourcesUnion#2894], EntityKey[j.index.module.apply.resourcesUnion.entity.ResourcesUnion#2893], EntityKey[j.index.module.apply.resourcesUnion.entity.ResourcesUnion#2892], EntityKey[j.index.module.apply.resourcesUnion.entity.ResourcesUnion#2891], EntityKey[j.index.module.apply.resourcesUnion.entity.ResourcesUnion#2906], EntityKey[j.index.module.apply.resourcesUnion.entity.ResourcesUnion#2905], EntityKey[j.index.module.apply.resourcesUnion.entity.ResourcesUnion#2904], EntityKey[j.index.module.apply.resourcesUnion.entity.ResourcesUnion#2903], EntityKey[j.index.module.apply.resourcesUnion.entity.ResourcesUnion#2902], EntityKey[j.index.module.apply.resourcesUnion.entity.ResourcesUnion#2901], EntityKey[j.index.module.apply.resourcesUnion.entity.ResourcesUnion#2900], EntityKey[j.index.module.apply.resourcesUnion.entity.ResourcesUnion#2899], EntityKey[j.index.module.apply.resourcesUnion.entity.ResourcesUnion#2913], EntityKey[j.index.module.apply.resourcesUnion.entity.ResourcesUnion#2914], EntityKey[j.index.module.apply.resourcesUnion.entity.ResourcesUnion#2911], EntityKey[j.index.module.apply.resourcesUnion.entity.ResourcesUnion#2912], EntityKey[j.index.module.apply.resourcesUnion.entity.ResourcesUnion#2909], EntityKey[j.index.module.apply.resourcesUnion.entity.ResourcesUnion#2910], EntityKey[j.index.module.apply.resourcesUnion.entity.ResourcesUnion#2907], EntityKey[j.index.module.apply.resourcesUnion.entity.ResourcesUnion#2908], EntityKey[j.index.module.apply.resourcesUnion.entity.ResourcesUnion#2921], EntityKey[j.index.module.apply.resourcesUnion.entity.ResourcesUnion#2922], EntityKey[j.index.module.apply.resourcesUnion.entity.ResourcesUnion#2919], EntityKey[j.index.module.apply.resourcesUnion.entity.ResourcesUnion#2920], EntityKey[j.index.module.apply.resourcesUnion.entity.ResourcesUnion#2917], EntityKey[j.index.module.apply.resourcesUnion.entity.ResourcesUnion#2918], EntityKey[j.index.module.apply.resourcesUnion.entity.ResourcesUnion#2915], EntityKey[j.index.module.apply.resourcesUnion.entity.ResourcesUnion#2916], EntityKey[j.index.module.apply.resourcesUnion.entity.ResourcesUnion#2928], EntityKey[j.index.module.apply.resourcesUnion.entity.ResourcesUnion#2927], EntityKey[j.index.module.apply.resourcesUnion.entity.ResourcesUnion#2930], EntityKey[j.index.module.apply.resourcesUnion.entity.ResourcesUnion#2929], EntityKey[j.index.module.apply.resourcesUnion.entity.ResourcesUnion#2924], EntityKey[j.index.module.apply.resourcesUnion.entity.ResourcesUnion#2923], EntityKey[j.index.module.apply.resourcesUnion.entity.ResourcesUnion#2926], EntityKey[j.index.module.apply.resourcesUnion.entity.ResourcesUnion#2925], EntityKey[j.index.module.apply.resourcesUnion.entity.ResourcesUnion#2936], EntityKey[j.index.module.apply.resourcesUnion.entity.ResourcesUnion#2935], EntityKey[j.index.module.apply.resourcesUnion.entity.ResourcesUnion#2938], EntityKey[j.index.module.apply.resourcesUnion.entity.ResourcesUnion#2937], EntityKey[j.index.module.apply.resourcesUnion.entity.ResourcesUnion#2932], EntityKey[j.index.module.apply.resourcesUnion.entity.ResourcesUnion#2931], EntityKey[j.index.module.apply.resourcesUnion.entity.ResourcesUnion#2934], EntityKey[j.index.module.apply.resourcesUnion.entity.ResourcesUnion#2933], EntityKey[j.index.module.apply.resourcesUnion.entity.ResourcesUnion#2943], EntityKey[j.index.module.apply.resourcesUnion.entity.ResourcesUnion#2944], EntityKey[j.index.module.apply.resourcesUnion.entity.ResourcesUnion#2945], EntityKey[j.index.module.apply.resourcesUnion.entity.ResourcesUnion#2946], EntityKey[j.index.module.apply.resourcesUnion.entity.ResourcesUnion#2939], EntityKey[j.index.module.apply.resourcesUnion.entity.ResourcesUnion#2940], EntityKey[j.index.module.apply.resourcesUnion.entity.ResourcesUnion#2941], EntityKey[j.index.module.apply.resourcesUnion.entity.ResourcesUnion#2942], EntityKey[j.index.module.apply.resourcesUnion.entity.ResourcesUnion#2951], EntityKey[j.index.module.apply.resourcesUnion.entity.ResourcesUnion#2952], EntityKey[j.index.module.apply.resourcesUnion.entity.ResourcesUnion#2953], EntityKey[j.index.module.apply.resourcesUnion.entity.ResourcesUnion#2954], EntityKey[j.index.module.apply.resourcesUnion.entity.ResourcesUnion#2947], EntityKey[j.index.module.apply.resourcesUnion.entity.ResourcesUnion#2948], EntityKey[j.index.module.apply.resourcesUnion.entity.ResourcesUnion#2949], EntityKey[j.index.module.apply.resourcesUnion.entity.ResourcesUnion#2950], EntityKey[j.index.module.apply.resourcesUnion.entity.ResourcesUnion#2830], EntityKey[j.index.module.apply.resourcesUnion.entity.ResourcesUnion#2829], EntityKey[j.index.module.apply.resourcesUnion.entity.ResourcesUnion#2828], EntityKey[j.index.module.apply.resourcesUnion.entity.ResourcesUnion#2827], EntityKey[j.index.module.apply.resourcesUnion.entity.ResourcesUnion#2834], EntityKey[j.index.module.apply.resourcesUnion.entity.ResourcesUnion#2833], EntityKey[j.index.module.apply.resourcesUnion.entity.ResourcesUnion#2832], EntityKey[j.index.module.apply.resourcesUnion.entity.ResourcesUnion#2831], EntityKey[j.index.module.apply.resourcesUnion.entity.ResourcesUnion#2838], EntityKey[j.index.module.apply.resourcesUnion.entity.ResourcesUnion#2837], EntityKey[j.index.module.apply.resourcesUnion.entity.ResourcesUnion#2836], EntityKey[j.index.module.apply.resourcesUnion.entity.ResourcesUnion#2835], EntityKey[j.index.module.apply.resourcesUnion.entity.ResourcesUnion#2842], EntityKey[j.index.module.apply.resourcesUnion.entity.ResourcesUnion#2841], EntityKey[j.index.module.apply.resourcesUnion.entity.ResourcesUnion#2840], EntityKey[j.index.module.apply.resourcesUnion.entity.ResourcesUnion#2839], EntityKey[j.index.module.apply.resourcesUnion.entity.ResourcesUnion#2845], EntityKey[j.index.module.apply.resourcesUnion.entity.ResourcesUnion#2846], EntityKey[j.index.module.apply.resourcesUnion.entity.ResourcesUnion#2843], EntityKey[j.index.module.apply.resourcesUnion.entity.ResourcesUnion#2844], EntityKey[j.index.module.apply.resourcesUnion.entity.ResourcesUnion#2849], EntityKey[j.index.module.apply.resourcesUnion.entity.ResourcesUnion#2850], EntityKey[j.index.module.apply.resourcesUnion.entity.ResourcesUnion#2847], EntityKey[j.index.module.apply.resourcesUnion.entity.ResourcesUnion#2848], EntityKey[j.index.module.apply.resourcesUnion.entity.ResourcesUnion#2853], EntityKey[j.index.module.apply.resourcesUnion.entity.ResourcesUnion#2854], EntityKey[j.index.module.apply.resourcesUnion.entity.ResourcesUnion#2851], EntityKey[j.index.module.apply.resourcesUnion.entity.ResourcesUnion#2852], EntityKey[j.index.module.apply.resourcesUnion.entity.ResourcesUnion#2857], EntityKey[j.index.module.apply.resourcesUnion.entity.ResourcesUnion#2858], EntityKey[j.index.module.apply.resourcesUnion.entity.ResourcesUnion#2855], EntityKey[j.index.module.apply.resourcesUnion.entity.ResourcesUnion#2856], EntityKey[j.index.module.apply.resourcesUnion.entity.ResourcesUnion#2860], EntityKey[j.index.module.apply.resourcesUnion.entity.ResourcesUnion#2859], EntityKey[j.index.module.apply.resourcesUnion.entity.ResourcesUnion#2862], EntityKey[j.index.module.apply.resourcesUnion.entity.ResourcesUnion#2861], EntityKey[j.index.module.apply.resourcesUnion.entity.ResourcesUnion#2864], EntityKey[j.index.module.apply.resourcesUnion.entity.ResourcesUnion#2863], EntityKey[j.index.module.apply.resourcesUnion.entity.ResourcesUnion#2866], EntityKey[j.index.module.apply.resourcesUnion.entity.ResourcesUnion#2865], EntityKey[j.index.module.apply.resourcesUnion.entity.ResourcesUnion#2868], EntityKey[j.index.module.apply.resourcesUnion.entity.ResourcesUnion#2867], EntityKey[j.index.module.apply.resourcesUnion.entity.ResourcesUnion#2870], EntityKey[j.index.module.apply.resourcesUnion.entity.ResourcesUnion#2869], EntityKey[j.index.module.apply.resourcesUnion.entity.ResourcesUnion#2872], EntityKey[j.index.module.apply.resourcesUnion.entity.ResourcesUnion#2871], EntityKey[j.index.module.apply.resourcesUnion.entity.ResourcesUnion#2874], EntityKey[j.index.module.apply.resourcesUnion.entity.ResourcesUnion#2873], EntityKey[j.index.module.apply.resourcesUnion.entity.ResourcesUnion#2875], EntityKey[j.index.module.apply.resourcesUnion.entity.ResourcesUnion#2876], EntityKey[j.index.module.apply.resourcesUnion.entity.ResourcesUnion#2877], EntityKey[j.index.module.apply.resourcesUnion.entity.ResourcesUnion#2878], EntityKey[j.index.module.apply.resourcesUnion.entity.ResourcesUnion#2879], EntityKey[j.index.module.apply.resourcesUnion.entity.ResourcesUnion#2880], EntityKey[j.index.module.apply.resourcesUnion.entity.ResourcesUnion#2881], EntityKey[j.index.module.apply.resourcesUnion.entity.ResourcesUnion#2882], EntityKey[j.index.module.apply.resourcesUnion.entity.ResourcesUnion#2883], EntityKey[j.index.module.apply.resourcesUnion.entity.ResourcesUnion#2884], EntityKey[j.index.module.apply.resourcesUnion.entity.ResourcesUnion#2885], EntityKey[j.index.module.apply.resourcesUnion.entity.ResourcesUnion#2886], EntityKey[j.index.module.apply.resourcesUnion.entity.ResourcesUnion#2887], EntityKey[j.index.module.apply.resourcesUnion.entity.ResourcesUnion#2888], EntityKey[j.index.module.apply.resourcesUnion.entity.ResourcesUnion#2889], EntityKey[j.index.module.apply.resourcesUnion.entity.ResourcesUnion#2890], EntityKey[j.index.module.apply.resourcesUnion.entity.ResourcesUnion#2777], EntityKey[j.index.module.apply.resourcesUnion.entity.ResourcesUnion#2778], EntityKey[j.index.module.apply.resourcesUnion.entity.ResourcesUnion#2775], EntityKey[j.index.module.apply.resourcesUnion.entity.ResourcesUnion#2776], EntityKey[j.index.module.apply.resourcesUnion.entity.ResourcesUnion#2773], EntityKey[j.index.module.apply.resourcesUnion.entity.ResourcesUnion#2774], EntityKey[j.index.module.apply.resourcesUnion.entity.ResourcesUnion#2771], EntityKey[j.index.module.apply.resourcesUnion.entity.ResourcesUnion#2772], EntityKey[j.index.module.apply.resourcesUnion.entity.ResourcesUnion#2769], EntityKey[j.index.module.apply.resourcesUnion.entity.ResourcesUnion#2770], EntityKey[j.index.module.apply.resourcesUnion.entity.ResourcesUnion#2767], EntityKey[j.index.module.apply.resourcesUnion.entity.ResourcesUnion#2768], EntityKey[j.index.module.apply.resourcesUnion.entity.ResourcesUnion#2765], EntityKey[j.index.module.apply.resourcesUnion.entity.ResourcesUnion#2766], EntityKey[j.index.module.apply.resourcesUnion.entity.ResourcesUnion#2763], EntityKey[j.index.module.apply.resourcesUnion.entity.ResourcesUnion#2764], EntityKey[j.index.module.apply.resourcesUnion.entity.ResourcesUnion#2794], EntityKey[j.index.module.apply.resourcesUnion.entity.ResourcesUnion#2793], EntityKey[j.index.module.apply.resourcesUnion.entity.ResourcesUnion#2792], EntityKey[j.index.module.apply.resourcesUnion.entity.ResourcesUnion#2791], EntityKey[j.index.module.apply.resourcesUnion.entity.ResourcesUnion#2790], EntityKey[j.index.module.apply.resourcesUnion.entity.ResourcesUnion#2789], EntityKey[j.index.module.apply.resourcesUnion.entity.ResourcesUnion#2788], EntityKey[j.index.module.apply.resourcesUnion.entity.ResourcesUnion#2787], EntityKey[j.index.module.apply.resourcesUnion.entity.ResourcesUnion#2786], EntityKey[j.index.module.apply.resourcesUnion.entity.ResourcesUnion#2785], EntityKey[j.index.module.apply.resourcesUnion.entity.ResourcesUnion#2784], EntityKey[j.index.module.apply.resourcesUnion.entity.ResourcesUnion#2783], EntityKey[j.index.module.apply.resourcesUnion.entity.ResourcesUnion#2782], EntityKey[j.index.module.apply.resourcesUnion.entity.ResourcesUnion#2781], EntityKey[j.index.module.apply.resourcesUnion.entity.ResourcesUnion#2780], EntityKey[j.index.module.apply.resourcesUnion.entity.ResourcesUnion#2779], EntityKey[j.index.module.apply.resourcesUnion.entity.ResourcesUnion#2807], EntityKey[j.index.module.apply.resourcesUnion.entity.ResourcesUnion#2808], EntityKey[j.index.module.apply.resourcesUnion.entity.ResourcesUnion#2809], EntityKey[j.index.module.apply.resourcesUnion.entity.ResourcesUnion#2810], EntityKey[j.index.module.apply.resourcesUnion.entity.ResourcesUnion#2803], EntityKey[j.index.module.apply.resourcesUnion.entity.ResourcesUnion#2804], EntityKey[j.index.module.apply.resourcesUnion.entity.ResourcesUnion#2805], EntityKey[j.index.module.apply.resourcesUnion.entity.ResourcesUnion#2806], EntityKey[j.index.module.apply.resourcesUnion.entity.ResourcesUnion#2799], EntityKey[j.index.module.apply.resourcesUnion.entity.ResourcesUnion#2800], EntityKey[j.index.module.apply.resourcesUnion.entity.ResourcesUnion#2801], EntityKey[j.index.module.apply.resourcesUnion.entity.ResourcesUnion#2802], EntityKey[j.index.module.apply.resourcesUnion.entity.ResourcesUnion#2795], EntityKey[j.index.module.apply.resourcesUnion.entity.ResourcesUnion#2796], EntityKey[j.index.module.apply.resourcesUnion.entity.ResourcesUnion#2797], EntityKey[j.index.module.apply.resourcesUnion.entity.ResourcesUnion#2798], EntityKey[j.index.module.apply.resourcesUnion.entity.ResourcesUnion#2824], EntityKey[j.index.module.apply.resourcesUnion.entity.ResourcesUnion#2823], EntityKey[j.index.module.apply.resourcesUnion.entity.ResourcesUnion#2826], EntityKey[j.index.module.apply.resourcesUnion.entity.ResourcesUnion#2825], EntityKey[j.index.module.apply.resourcesUnion.entity.ResourcesUnion#2820], EntityKey[j.index.module.apply.resourcesUnion.entity.ResourcesUnion#2819], EntityKey[j.index.module.apply.resourcesUnion.entity.ResourcesUnion#2822], EntityKey[j.index.module.apply.resourcesUnion.entity.ResourcesUnion#2821], EntityKey[j.index.module.apply.resourcesUnion.entity.ResourcesUnion#2816], EntityKey[j.index.module.apply.resourcesUnion.entity.ResourcesUnion#2815], EntityKey[j.index.module.apply.resourcesUnion.entity.ResourcesUnion#2818], EntityKey[j.index.module.apply.resourcesUnion.entity.ResourcesUnion#2817], EntityKey[j.index.module.apply.resourcesUnion.entity.ResourcesUnion#2812], EntityKey[j.index.module.apply.resourcesUnion.entity.ResourcesUnion#2811], EntityKey[j.index.module.apply.resourcesUnion.entity.ResourcesUnion#2814], EntityKey[j.index.module.apply.resourcesUnion.entity.ResourcesUnion#2813], EntityKey[j.index.module.apply.resourcesUnion.entity.ResourcesUnion#2709], EntityKey[j.index.module.apply.resourcesUnion.entity.ResourcesUnion#2710], EntityKey[j.index.module.apply.resourcesUnion.entity.ResourcesUnion#2707], EntityKey[j.index.module.apply.resourcesUnion.entity.ResourcesUnion#2708], EntityKey[j.index.module.apply.resourcesUnion.entity.ResourcesUnion#2713], EntityKey[j.index.module.apply.resourcesUnion.entity.ResourcesUnion#2714], EntityKey[j.index.module.apply.resourcesUnion.entity.ResourcesUnion#2711], EntityKey[j.index.module.apply.resourcesUnion.entity.ResourcesUnion#2712], EntityKey[j.index.module.apply.resourcesUnion.entity.ResourcesUnion#2701], EntityKey[j.index.module.apply.resourcesUnion.entity.ResourcesUnion#2702], EntityKey[j.index.module.apply.resourcesUnion.entity.ResourcesUnion#2699], EntityKey[j.index.module.apply.resourcesUnion.entity.ResourcesUnion#2700], EntityKey[j.index.module.apply.resourcesUnion.entity.ResourcesUnion#2705], EntityKey[j.index.module.apply.resourcesUnion.entity.ResourcesUnion#2706], EntityKey[j.index.module.apply.resourcesUnion.entity.ResourcesUnion#2703], EntityKey[j.index.module.apply.resourcesUnion.entity.ResourcesUnion#2704], EntityKey[j.index.module.apply.resourcesUnion.entity.ResourcesUnion#2726], EntityKey[j.index.module.apply.resourcesUnion.entity.ResourcesUnion#2725], EntityKey[j.index.module.apply.resourcesUnion.entity.ResourcesUnion#2724], EntityKey[j.index.module.apply.resourcesUnion.entity.ResourcesUnion#2723], EntityKey[j.index.module.apply.resourcesUnion.entity.ResourcesUnion#2730], EntityKey[j.index.module.apply.resourcesUnion.entity.ResourcesUnion#2729], EntityKey[j.index.module.apply.resourcesUnion.entity.ResourcesUnion#2728], EntityKey[j.index.module.apply.resourcesUnion.entity.ResourcesUnion#2727], EntityKey[j.index.module.apply.resourcesUnion.entity.ResourcesUnion#2718], EntityKey[j.index.module.apply.resourcesUnion.entity.ResourcesUnion#2717], EntityKey[j.index.module.apply.resourcesUnion.entity.ResourcesUnion#2716], EntityKey[j.index.module.apply.resourcesUnion.entity.ResourcesUnion#2715], EntityKey[j.index.module.apply.resourcesUnion.entity.ResourcesUnion#2722], EntityKey[j.index.module.apply.resourcesUnion.entity.ResourcesUnion#2721], EntityKey[j.index.module.apply.resourcesUnion.entity.ResourcesUnion#2720], EntityKey[j.index.module.apply.resourcesUnion.entity.ResourcesUnion#2719], EntityKey[j.index.module.apply.resourcesUnion.entity.ResourcesUnion#2739], EntityKey[j.index.module.apply.resourcesUnion.entity.ResourcesUnion#2740], EntityKey[j.index.module.apply.resourcesUnion.entity.ResourcesUnion#2741], EntityKey[j.index.module.apply.resourcesUnion.entity.ResourcesUnion#2742], EntityKey[j.index.module.apply.resourcesUnion.entity.ResourcesUnion#2743], EntityKey[j.index.module.apply.resourcesUnion.entity.ResourcesUnion#2744], EntityKey[j.index.module.apply.resourcesUnion.entity.ResourcesUnion#2745], EntityKey[j.index.module.apply.resourcesUnion.entity.ResourcesUnion#2746], EntityKey[j.index.module.apply.resourcesUnion.entity.ResourcesUnion#2731], EntityKey[j.index.module.apply.resourcesUnion.entity.ResourcesUnion#2732], EntityKey[j.index.module.apply.resourcesUnion.entity.ResourcesUnion#2733], EntityKey[j.index.module.apply.resourcesUnion.entity.ResourcesUnion#2734], EntityKey[j.index.module.apply.resourcesUnion.entity.ResourcesUnion#2735], EntityKey[j.index.module.apply.resourcesUnion.entity.ResourcesUnion#2736], EntityKey[j.index.module.apply.resourcesUnion.entity.ResourcesUnion#2737], EntityKey[j.index.module.apply.resourcesUnion.entity.ResourcesUnion#2738], EntityKey[j.index.module.apply.resourcesUnion.entity.ResourcesUnion#2756], EntityKey[j.index.module.apply.resourcesUnion.entity.ResourcesUnion#2755], EntityKey[j.index.module.apply.resourcesUnion.entity.ResourcesUnion#2758], EntityKey[j.index.module.apply.resourcesUnion.entity.ResourcesUnion#2757], EntityKey[j.index.module.apply.resourcesUnion.entity.ResourcesUnion#2760], EntityKey[j.index.module.apply.resourcesUnion.entity.ResourcesUnion#2759], EntityKey[j.index.module.apply.resourcesUnion.entity.ResourcesUnion#2762], EntityKey[j.index.module.apply.resourcesUnion.entity.ResourcesUnion#2761], EntityKey[j.index.module.apply.resourcesUnion.entity.ResourcesUnion#2748], EntityKey[j.index.module.apply.resourcesUnion.entity.ResourcesUnion#2747], EntityKey[j.index.module.apply.resourcesUnion.entity.ResourcesUnion#2750], EntityKey[j.index.module.apply.resourcesUnion.entity.ResourcesUnion#2749], EntityKey[j.index.module.apply.resourcesUnion.entity.ResourcesUnion#2752], EntityKey[j.index.module.apply.resourcesUnion.entity.ResourcesUnion#2751], EntityKey[j.index.module.apply.resourcesUnion.entity.ResourcesUnion#2754], EntityKey[j.index.module.apply.resourcesUnion.entity.ResourcesUnion#2753], EntityKey[j.index.module.apply.resourcesUnion.entity.ResourcesUnion#3197], EntityKey[j.index.module.apply.resourcesUnion.entity.ResourcesUnion#3198], EntityKey[j.index.module.apply.resourcesUnion.entity.ResourcesUnion#3195], EntityKey[j.index.module.apply.resourcesUnion.entity.ResourcesUnion#3196], EntityKey[j.index.module.apply.resourcesUnion.entity.ResourcesUnion#3201], EntityKey[j.index.module.apply.resourcesUnion.entity.ResourcesUnion#3202], EntityKey[j.index.module.apply.resourcesUnion.entity.ResourcesUnion#3199], EntityKey[j.index.module.apply.resourcesUnion.entity.ResourcesUnion#3200], EntityKey[j.index.module.apply.resourcesUnion.entity.ResourcesUnion#3205], EntityKey[j.index.module.apply.resourcesUnion.entity.ResourcesUnion#3206], EntityKey[j.index.module.apply.resourcesUnion.entity.ResourcesUnion#3203], EntityKey[j.index.module.apply.resourcesUnion.entity.ResourcesUnion#3204], EntityKey[j.index.module.apply.resourcesUnion.entity.ResourcesUnion#3209], EntityKey[j.index.module.apply.resourcesUnion.entity.ResourcesUnion#3210], EntityKey[j.index.module.apply.resourcesUnion.entity.ResourcesUnion#3207], EntityKey[j.index.module.apply.resourcesUnion.entity.ResourcesUnion#3208], EntityKey[j.index.module.apply.resourcesUnion.entity.ResourcesUnion#3182], EntityKey[j.index.module.apply.resourcesUnion.entity.ResourcesUnion#3181], EntityKey[j.index.module.apply.resourcesUnion.entity.ResourcesUnion#3180], EntityKey[j.index.module.apply.resourcesUnion.entity.ResourcesUnion#3179], EntityKey[j.index.module.apply.resourcesUnion.entity.ResourcesUnion#3186], EntityKey[j.index.module.apply.resourcesUnion.entity.ResourcesUnion#3185], EntityKey[j.index.module.apply.resourcesUnion.entity.ResourcesUnion#3184], EntityKey[j.index.module.apply.resourcesUnion.entity.ResourcesUnion#3183], EntityKey[j.index.module.apply.resourcesUnion.entity.ResourcesUnion#3190], EntityKey[j.index.module.apply.resourcesUnion.entity.ResourcesUnion#3189], EntityKey[j.index.module.apply.resourcesUnion.entity.ResourcesUnion#3188], EntityKey[j.index.module.apply.resourcesUnion.entity.ResourcesUnion#3187], EntityKey[j.index.module.apply.resourcesUnion.entity.ResourcesUnion#3194], EntityKey[j.index.module.apply.resourcesUnion.entity.ResourcesUnion#3193], EntityKey[j.index.module.apply.resourcesUnion.entity.ResourcesUnion#3192], EntityKey[j.index.module.apply.resourcesUnion.entity.ResourcesUnion#3191], EntityKey[j.index.module.apply.resourcesUnion.entity.ResourcesUnion#3163], EntityKey[j.index.module.apply.resourcesUnion.entity.ResourcesUnion#3164], EntityKey[j.index.module.apply.resourcesUnion.entity.ResourcesUnion#3165], EntityKey[j.index.module.apply.resourcesUnion.entity.ResourcesUnion#3166], EntityKey[j.index.module.apply.resourcesUnion.entity.ResourcesUnion#3167], EntityKey[j.index.module.apply.resourcesUnion.entity.ResourcesUnion#3168], EntityKey[j.index.module.apply.resourcesUnion.entity.ResourcesUnion#3169], EntityKey[j.index.module.apply.resourcesUnion.entity.ResourcesUnion#3170], EntityKey[j.index.module.apply.resourcesUnion.entity.ResourcesUnion#3171], EntityKey[j.index.module.apply.resourcesUnion.entity.ResourcesUnion#3172], EntityKey[j.index.module.apply.resourcesUnion.entity.ResourcesUnion#3173], EntityKey[j.index.module.apply.resourcesUnion.entity.ResourcesUnion#3174], EntityKey[j.index.module.apply.resourcesUnion.entity.ResourcesUnion#3175], EntityKey[j.index.module.apply.resourcesUnion.entity.ResourcesUnion#3176], EntityKey[j.index.module.apply.resourcesUnion.entity.ResourcesUnion#3177], EntityKey[j.index.module.apply.resourcesUnion.entity.ResourcesUnion#3178], EntityKey[j.index.module.apply.resourcesUnion.entity.ResourcesUnion#3148], EntityKey[j.index.module.apply.resourcesUnion.entity.ResourcesUnion#3147], EntityKey[j.index.module.apply.resourcesUnion.entity.ResourcesUnion#3150], EntityKey[j.index.module.apply.resourcesUnion.entity.ResourcesUnion#3149], EntityKey[j.index.module.apply.resourcesUnion.entity.ResourcesUnion#3152], EntityKey[j.index.module.apply.resourcesUnion.entity.ResourcesUnion#3151], EntityKey[j.index.module.apply.resourcesUnion.entity.ResourcesUnion#3154], EntityKey[j.index.module.apply.resourcesUnion.entity.ResourcesUnion#3153], EntityKey[j.index.module.apply.resourcesUnion.entity.ResourcesUnion#3156], EntityKey[j.index.module.apply.resourcesUnion.entity.ResourcesUnion#3155], EntityKey[j.index.module.apply.resourcesUnion.entity.ResourcesUnion#3158], EntityKey[j.index.module.apply.resourcesUnion.entity.ResourcesUnion#3157], EntityKey[j.index.module.apply.resourcesUnion.entity.ResourcesUnion#3160], EntityKey[j.index.module.apply.resourcesUnion.entity.ResourcesUnion#3159], EntityKey[j.index.module.apply.resourcesUnion.entity.ResourcesUnion#3162], EntityKey[j.index.module.apply.resourcesUnion.entity.ResourcesUnion#3161], EntityKey[j.index.module.apply.resourcesUnion.entity.ResourcesUnion#3137], EntityKey[j.index.module.apply.resourcesUnion.entity.ResourcesUnion#3138], EntityKey[j.index.module.apply.resourcesUnion.entity.ResourcesUnion#3135], EntityKey[j.index.module.apply.resourcesUnion.entity.ResourcesUnion#3136], EntityKey[j.index.module.apply.resourcesUnion.entity.ResourcesUnion#3133], EntityKey[j.index.module.apply.resourcesUnion.entity.ResourcesUnion#3134], EntityKey[j.index.module.apply.resourcesUnion.entity.ResourcesUnion#3131], EntityKey[j.index.module.apply.resourcesUnion.entity.ResourcesUnion#3132], EntityKey[j.index.module.apply.resourcesUnion.entity.ResourcesUnion#3145], EntityKey[j.index.module.apply.resourcesUnion.entity.ResourcesUnion#3146], EntityKey[j.index.module.apply.resourcesUnion.entity.ResourcesUnion#3143], EntityKey[j.index.module.apply.resourcesUnion.entity.ResourcesUnion#3144], EntityKey[j.index.module.apply.resourcesUnion.entity.ResourcesUnion#3141], EntityKey[j.index.module.apply.resourcesUnion.entity.ResourcesUnion#3142], EntityKey[j.index.module.apply.resourcesUnion.entity.ResourcesUnion#3139], EntityKey[j.index.module.apply.resourcesUnion.entity.ResourcesUnion#3140], EntityKey[j.index.module.apply.resourcesUnion.entity.ResourcesUnion#3122], EntityKey[j.index.module.apply.resourcesUnion.entity.ResourcesUnion#3121], EntityKey[j.index.module.apply.resourcesUnion.entity.ResourcesUnion#3120], EntityKey[j.index.module.apply.resourcesUnion.entity.ResourcesUnion#3119], EntityKey[j.index.module.apply.resourcesUnion.entity.ResourcesUnion#3118], EntityKey[j.index.module.apply.resourcesUnion.entity.ResourcesUnion#3117], EntityKey[j.index.module.apply.resourcesUnion.entity.ResourcesUnion#3116], EntityKey[j.index.module.apply.resourcesUnion.entity.ResourcesUnion#3115], EntityKey[j.index.module.apply.resourcesUnion.entity.ResourcesUnion#3130], EntityKey[j.index.module.apply.resourcesUnion.entity.ResourcesUnion#3129], EntityKey[j.index.module.apply.resourcesUnion.entity.ResourcesUnion#3128], EntityKey[j.index.module.apply.resourcesUnion.entity.ResourcesUnion#3127], EntityKey[j.index.module.apply.resourcesUnion.entity.ResourcesUnion#3126], EntityKey[j.index.module.apply.resourcesUnion.entity.ResourcesUnion#3125], EntityKey[j.index.module.apply.resourcesUnion.entity.ResourcesUnion#3124], EntityKey[j.index.module.apply.resourcesUnion.entity.ResourcesUnion#3123], EntityKey[j.index.module.apply.resourcesUnion.entity.ResourcesUnion#3103], EntityKey[j.index.module.apply.resourcesUnion.entity.ResourcesUnion#3104], EntityKey[j.index.module.apply.resourcesUnion.entity.ResourcesUnion#3105], EntityKey[j.index.module.apply.resourcesUnion.entity.ResourcesUnion#3106], EntityKey[j.index.module.apply.resourcesUnion.entity.ResourcesUnion#3099], EntityKey[j.index.module.apply.resourcesUnion.entity.ResourcesUnion#3100], EntityKey[j.index.module.apply.resourcesUnion.entity.ResourcesUnion#3101], EntityKey[j.index.module.apply.resourcesUnion.entity.ResourcesUnion#3102], EntityKey[j.index.module.apply.resourcesUnion.entity.ResourcesUnion#3111], EntityKey[j.index.module.apply.resourcesUnion.entity.ResourcesUnion#3112], EntityKey[j.index.module.apply.resourcesUnion.entity.ResourcesUnion#3113], EntityKey[j.index.module.apply.resourcesUnion.entity.ResourcesUnion#3114], EntityKey[j.index.module.apply.resourcesUnion.entity.ResourcesUnion#3107], EntityKey[j.index.module.apply.resourcesUnion.entity.ResourcesUnion#3108], EntityKey[j.index.module.apply.resourcesUnion.entity.ResourcesUnion#3109], EntityKey[j.index.module.apply.resourcesUnion.entity.ResourcesUnion#3110], EntityKey[j.index.module.apply.resourcesUnion.entity.ResourcesUnion#3088], EntityKey[j.index.module.apply.resourcesUnion.entity.ResourcesUnion#3087], EntityKey[j.index.module.apply.resourcesUnion.entity.ResourcesUnion#3090], EntityKey[j.index.module.apply.resourcesUnion.entity.ResourcesUnion#3089], EntityKey[j.index.module.apply.resourcesUnion.entity.ResourcesUnion#3084], EntityKey[j.index.module.apply.resourcesUnion.entity.ResourcesUnion#3083], EntityKey[j.index.module.apply.resourcesUnion.entity.ResourcesUnion#3086], EntityKey[j.index.module.apply.resourcesUnion.entity.ResourcesUnion#3085], EntityKey[j.index.module.apply.resourcesUnion.entity.ResourcesUnion#3096], EntityKey[j.index.module.apply.resourcesUnion.entity.ResourcesUnion#3095], EntityKey[j.index.module.apply.resourcesUnion.entity.ResourcesUnion#3098], EntityKey[j.index.module.apply.resourcesUnion.entity.ResourcesUnion#3097], EntityKey[j.index.module.apply.resourcesUnion.entity.ResourcesUnion#3092], EntityKey[j.index.module.apply.resourcesUnion.entity.ResourcesUnion#3091], EntityKey[j.index.module.apply.resourcesUnion.entity.ResourcesUnion#3094], EntityKey[j.index.module.apply.resourcesUnion.entity.ResourcesUnion#3093], EntityKey[j.index.module.apply.resourcesUnion.entity.ResourcesUnion#3078], EntityKey[j.index.module.apply.resourcesUnion.entity.ResourcesUnion#3077], EntityKey[j.index.module.apply.resourcesUnion.entity.ResourcesUnion#3076], EntityKey[j.index.module.apply.resourcesUnion.entity.ResourcesUnion#3075], EntityKey[j.index.module.apply.resourcesUnion.entity.ResourcesUnion#3082], EntityKey[j.index.module.apply.resourcesUnion.entity.ResourcesUnion#3081], EntityKey[j.index.module.apply.resourcesUnion.entity.ResourcesUnion#3080], EntityKey[j.index.module.apply.resourcesUnion.entity.ResourcesUnion#3079], EntityKey[j.index.module.apply.resourcesUnion.entity.ResourcesUnion#3070], EntityKey[j.index.module.apply.resourcesUnion.entity.ResourcesUnion#3069], EntityKey[j.index.module.apply.resourcesUnion.entity.ResourcesUnion#3068], EntityKey[j.index.module.apply.resourcesUnion.entity.ResourcesUnion#3067], EntityKey[j.index.module.apply.resourcesUnion.entity.ResourcesUnion#3074], EntityKey[j.index.module.apply.resourcesUnion.entity.ResourcesUnion#3073], EntityKey[j.index.module.apply.resourcesUnion.entity.ResourcesUnion#3072], EntityKey[j.index.module.apply.resourcesUnion.entity.ResourcesUnion#3071], EntityKey[j.index.module.apply.resourcesUnion.entity.ResourcesUnion#3061], EntityKey[j.index.module.apply.resourcesUnion.entity.ResourcesUnion#3062], EntityKey[j.index.module.apply.resourcesUnion.entity.ResourcesUnion#3059], EntityKey[j.index.module.apply.resourcesUnion.entity.ResourcesUnion#3060], EntityKey[j.index.module.apply.resourcesUnion.entity.ResourcesUnion#3065], EntityKey[j.index.module.apply.resourcesUnion.entity.ResourcesUnion#3066], EntityKey[j.index.module.apply.resourcesUnion.entity.ResourcesUnion#3063], EntityKey[j.index.module.apply.resourcesUnion.entity.ResourcesUnion#3064], EntityKey[j.index.module.apply.resourcesUnion.entity.ResourcesUnion#3053], EntityKey[j.index.module.apply.resourcesUnion.entity.ResourcesUnion#3054], EntityKey[j.index.module.apply.resourcesUnion.entity.ResourcesUnion#3051], EntityKey[j.index.module.apply.resourcesUnion.entity.ResourcesUnion#3052], EntityKey[j.index.module.apply.resourcesUnion.entity.ResourcesUnion#3057], EntityKey[j.index.module.apply.resourcesUnion.entity.ResourcesUnion#3058], EntityKey[j.index.module.apply.resourcesUnion.entity.ResourcesUnion#3055], EntityKey[j.index.module.apply.resourcesUnion.entity.ResourcesUnion#3056], EntityKey[j.index.module.apply.resourcesUnion.entity.ResourcesUnion#3044], EntityKey[j.index.module.apply.resourcesUnion.entity.ResourcesUnion#3043], EntityKey[j.index.module.apply.resourcesUnion.entity.ResourcesUnion#3046], EntityKey[j.index.module.apply.resourcesUnion.entity.ResourcesUnion#3045], EntityKey[j.index.module.apply.resourcesUnion.entity.ResourcesUnion#3048], EntityKey[j.index.module.apply.resourcesUnion.entity.ResourcesUnion#3047], EntityKey[j.index.module.apply.resourcesUnion.entity.ResourcesUnion#3050], EntityKey[j.index.module.apply.resourcesUnion.entity.ResourcesUnion#3049], EntityKey[j.index.module.apply.resourcesUnion.entity.ResourcesUnion#3036], EntityKey[j.index.module.apply.resourcesUnion.entity.ResourcesUnion#3035], EntityKey[j.index.module.apply.resourcesUnion.entity.ResourcesUnion#3038], EntityKey[j.index.module.apply.resourcesUnion.entity.ResourcesUnion#3037], EntityKey[j.index.module.apply.resourcesUnion.entity.ResourcesUnion#3040], EntityKey[j.index.module.apply.resourcesUnion.entity.ResourcesUnion#3039], EntityKey[j.index.module.apply.resourcesUnion.entity.ResourcesUnion#3042], EntityKey[j.index.module.apply.resourcesUnion.entity.ResourcesUnion#3041], EntityKey[j.index.module.apply.resourcesUnion.entity.ResourcesUnion#3027], EntityKey[j.index.module.apply.resourcesUnion.entity.ResourcesUnion#3028], EntityKey[j.index.module.apply.resourcesUnion.entity.ResourcesUnion#3029], EntityKey[j.index.module.apply.resourcesUnion.entity.ResourcesUnion#3030], EntityKey[j.index.module.apply.resourcesUnion.entity.ResourcesUnion#3031], EntityKey[j.index.module.apply.resourcesUnion.entity.ResourcesUnion#3032], EntityKey[j.index.module.apply.resourcesUnion.entity.ResourcesUnion#3033], EntityKey[j.index.module.apply.resourcesUnion.entity.ResourcesUnion#3034], EntityKey[j.index.module.apply.resourcesUnion.entity.ResourcesUnion#3019], EntityKey[j.index.module.apply.resourcesUnion.entity.ResourcesUnion#3020], EntityKey[j.index.module.apply.resourcesUnion.entity.ResourcesUnion#3021], EntityKey[j.index.module.apply.resourcesUnion.entity.ResourcesUnion#3022], EntityKey[j.index.module.apply.resourcesUnion.entity.ResourcesUnion#3023], EntityKey[j.index.module.apply.resourcesUnion.entity.ResourcesUnion#3024], EntityKey[j.index.module.apply.resourcesUnion.entity.ResourcesUnion#3025], EntityKey[j.index.module.apply.resourcesUnion.entity.ResourcesUnion#3026], EntityKey[j.index.module.apply.resourcesUnion.entity.ResourcesUnion#3018], EntityKey[j.index.module.apply.resourcesUnion.entity.ResourcesUnion#3017], EntityKey[j.index.module.apply.resourcesUnion.entity.ResourcesUnion#3016], EntityKey[j.index.module.apply.resourcesUnion.entity.ResourcesUnion#3015], EntityKey[j.index.module.apply.resourcesUnion.entity.ResourcesUnion#3014], EntityKey[j.index.module.apply.resourcesUnion.entity.ResourcesUnion#3013], EntityKey[j.index.module.apply.resourcesUnion.entity.ResourcesUnion#3012], EntityKey[j.index.module.apply.resourcesUnion.entity.ResourcesUnion#3011], EntityKey[j.index.module.apply.resourcesUnion.entity.ResourcesUnion#3010], EntityKey[j.index.module.apply.resourcesUnion.entity.ResourcesUnion#3009], EntityKey[j.index.module.apply.resourcesUnion.entity.ResourcesUnion#3008], EntityKey[j.index.module.apply.resourcesUnion.entity.ResourcesUnion#3007], EntityKey[j.index.module.apply.resourcesUnion.entity.ResourcesUnion#3006], EntityKey[j.index.module.apply.resourcesUnion.entity.ResourcesUnion#3005], EntityKey[j.index.module.apply.resourcesUnion.entity.ResourcesUnion#3004], EntityKey[j.index.module.apply.resourcesUnion.entity.ResourcesUnion#3003], EntityKey[j.index.module.apply.resourcesUnion.entity.ResourcesUnion#3001], EntityKey[j.index.module.apply.resourcesUnion.entity.ResourcesUnion#3002], EntityKey[j.index.module.apply.resourcesUnion.entity.ResourcesUnion#2999], EntityKey[j.index.module.apply.resourcesUnion.entity.ResourcesUnion#3000], EntityKey[j.index.module.apply.resourcesUnion.entity.ResourcesUnion#2997], EntityKey[j.index.module.apply.resourcesUnion.entity.ResourcesUnion#2998], EntityKey[j.index.module.apply.resourcesUnion.entity.ResourcesUnion#2995], EntityKey[j.index.module.apply.resourcesUnion.entity.ResourcesUnion#2996], EntityKey[j.index.module.apply.resourcesUnion.entity.ResourcesUnion#2993], EntityKey[j.index.module.apply.resourcesUnion.entity.ResourcesUnion#2994], EntityKey[j.index.module.apply.resourcesUnion.entity.ResourcesUnion#2991], EntityKey[j.index.module.apply.resourcesUnion.entity.ResourcesUnion#2992], EntityKey[j.index.module.apply.resourcesUnion.entity.ResourcesUnion#2989], EntityKey[j.index.module.apply.resourcesUnion.entity.ResourcesUnion#2990], EntityKey[j.index.module.apply.resourcesUnion.entity.ResourcesUnion#2987], EntityKey[j.index.module.apply.resourcesUnion.entity.ResourcesUnion#2988], EntityKey[j.index.module.apply.resourcesUnion.entity.ResourcesUnion#2984], EntityKey[j.index.module.apply.resourcesUnion.entity.ResourcesUnion#2983], EntityKey[j.index.module.apply.resourcesUnion.entity.ResourcesUnion#2986], EntityKey[j.index.module.apply.resourcesUnion.entity.ResourcesUnion#2985], EntityKey[j.index.module.apply.resourcesUnion.entity.ResourcesUnion#2980], EntityKey[j.index.module.apply.resourcesUnion.entity.ResourcesUnion#2979], EntityKey[j.index.module.apply.resourcesUnion.entity.ResourcesUnion#2982], EntityKey[j.index.module.apply.resourcesUnion.entity.ResourcesUnion#2981], EntityKey[j.index.module.apply.resourcesUnion.entity.ResourcesUnion#2976], EntityKey[j.index.module.apply.resourcesUnion.entity.ResourcesUnion#2975], EntityKey[j.index.module.apply.resourcesUnion.entity.ResourcesUnion#2978], EntityKey[j.index.module.apply.resourcesUnion.entity.ResourcesUnion#2977], EntityKey[j.index.module.apply.resourcesUnion.entity.ResourcesUnion#2972], EntityKey[j.index.module.apply.resourcesUnion.entity.ResourcesUnion#2971], EntityKey[j.index.module.apply.resourcesUnion.entity.ResourcesUnion#2974], EntityKey[j.index.module.apply.resourcesUnion.entity.ResourcesUnion#2973], EntityKey[j.index.module.apply.resourcesUnion.entity.ResourcesUnion#2967], EntityKey[j.index.module.apply.resourcesUnion.entity.ResourcesUnion#2968], EntityKey[j.index.module.apply.resourcesUnion.entity.ResourcesUnion#2969], EntityKey[j.index.module.apply.resourcesUnion.entity.ResourcesUnion#2970], EntityKey[j.index.module.apply.resourcesUnion.entity.ResourcesUnion#2963], EntityKey[j.index.module.apply.resourcesUnion.entity.ResourcesUnion#2964], EntityKey[j.index.module.apply.resourcesUnion.entity.ResourcesUnion#2965], EntityKey[j.index.module.apply.resourcesUnion.entity.ResourcesUnion#2966], EntityKey[j.index.module.apply.resourcesUnion.entity.ResourcesUnion#2959], EntityKey[j.index.module.apply.resourcesUnion.entity.ResourcesUnion#2960], EntityKey[j.index.module.apply.resourcesUnion.entity.ResourcesUnion#2961], EntityKey[j.index.module.apply.resourcesUnion.entity.ResourcesUnion#2962], EntityKey[j.index.module.apply.resourcesUnion.entity.ResourcesUnion#2955], EntityKey[j.index.module.apply.resourcesUnion.entity.ResourcesUnion#2956], EntityKey[j.index.module.apply.resourcesUnion.entity.ResourcesUnion#2957], EntityKey[j.index.module.apply.resourcesUnion.entity.ResourcesUnion#2958], EntityKey[j.index.module.apply.resourcesUnion.entity.ResourcesUnion#3436], EntityKey[j.index.module.apply.resourcesUnion.entity.ResourcesUnion#3435], EntityKey[j.index.module.apply.resourcesUnion.entity.ResourcesUnion#3438], EntityKey[j.index.module.apply.resourcesUnion.entity.ResourcesUnion#3437], EntityKey[j.index.module.apply.resourcesUnion.entity.ResourcesUnion#3440], EntityKey[j.index.module.apply.resourcesUnion.entity.ResourcesUnion#3439], EntityKey[j.index.module.apply.resourcesUnion.entity.ResourcesUnion#3442], EntityKey[j.index.module.apply.resourcesUnion.entity.ResourcesUnion#3441], EntityKey[j.index.module.apply.resourcesUnion.entity.ResourcesUnion#3444], EntityKey[j.index.module.apply.resourcesUnion.entity.ResourcesUnion#3443], EntityKey[j.index.module.apply.resourcesUnion.entity.ResourcesUnion#3446], EntityKey[j.index.module.apply.resourcesUnion.entity.ResourcesUnion#3445], EntityKey[j.index.module.apply.resourcesUnion.entity.ResourcesUnion#3448], EntityKey[j.index.module.apply.resourcesUnion.entity.ResourcesUnion#3447], EntityKey[j.index.module.apply.resourcesUnion.entity.ResourcesUnion#3450], EntityKey[j.index.module.apply.resourcesUnion.entity.ResourcesUnion#3449], EntityKey[j.index.module.apply.resourcesUnion.entity.ResourcesUnion#3451], EntityKey[j.index.module.apply.resourcesUnion.entity.ResourcesUnion#3452], EntityKey[j.index.module.apply.resourcesUnion.entity.ResourcesUnion#3453], EntityKey[j.index.module.apply.resourcesUnion.entity.ResourcesUnion#3454], EntityKey[j.index.module.apply.resourcesUnion.entity.ResourcesUnion#3455], EntityKey[j.index.module.apply.resourcesUnion.entity.ResourcesUnion#3456], EntityKey[j.index.module.apply.resourcesUnion.entity.ResourcesUnion#3457], EntityKey[j.index.module.apply.resourcesUnion.entity.ResourcesUnion#3458], EntityKey[j.index.module.apply.resourcesUnion.entity.ResourcesUnion#3459], EntityKey[j.index.module.apply.resourcesUnion.entity.ResourcesUnion#3460], EntityKey[j.index.module.apply.resourcesUnion.entity.ResourcesUnion#3461], EntityKey[j.index.module.apply.resourcesUnion.entity.ResourcesUnion#3462], EntityKey[j.index.module.apply.resourcesUnion.entity.ResourcesUnion#3463], EntityKey[j.index.module.apply.resourcesUnion.entity.ResourcesUnion#3464], EntityKey[j.index.module.apply.resourcesUnion.entity.ResourcesUnion#3465], EntityKey[j.index.module.apply.resourcesUnion.entity.ResourcesUnion#3466], EntityKey[j.index.module.apply.resourcesUnion.entity.ResourcesUnion#3406], EntityKey[j.index.module.apply.resourcesUnion.entity.ResourcesUnion#3405], EntityKey[j.index.module.apply.resourcesUnion.entity.ResourcesUnion#3404], EntityKey[j.index.module.apply.resourcesUnion.entity.ResourcesUnion#3403], EntityKey[j.index.module.apply.resourcesUnion.entity.ResourcesUnion#3410], EntityKey[j.index.module.apply.resourcesUnion.entity.ResourcesUnion#3409], EntityKey[j.index.module.apply.resourcesUnion.entity.ResourcesUnion#3408], EntityKey[j.index.module.apply.resourcesUnion.entity.ResourcesUnion#3407], EntityKey[j.index.module.apply.resourcesUnion.entity.ResourcesUnion#3414], EntityKey[j.index.module.apply.resourcesUnion.entity.ResourcesUnion#3413], EntityKey[j.index.module.apply.resourcesUnion.entity.ResourcesUnion#3412], EntityKey[j.index.module.apply.resourcesUnion.entity.ResourcesUnion#3411], EntityKey[j.index.module.apply.resourcesUnion.entity.ResourcesUnion#3418], EntityKey[j.index.module.apply.resourcesUnion.entity.ResourcesUnion#3417], EntityKey[j.index.module.apply.resourcesUnion.entity.ResourcesUnion#3416], EntityKey[j.index.module.apply.resourcesUnion.entity.ResourcesUnion#3415], EntityKey[j.index.module.apply.resourcesUnion.entity.ResourcesUnion#3421], EntityKey[j.index.module.apply.resourcesUnion.entity.ResourcesUnion#3422], EntityKey[j.index.module.apply.resourcesUnion.entity.ResourcesUnion#3419], EntityKey[j.index.module.apply.resourcesUnion.entity.ResourcesUnion#3420], EntityKey[j.index.module.apply.resourcesUnion.entity.ResourcesUnion#3425], EntityKey[j.index.module.apply.resourcesUnion.entity.ResourcesUnion#3426], EntityKey[j.index.module.apply.resourcesUnion.entity.ResourcesUnion#3423], EntityKey[j.index.module.apply.resourcesUnion.entity.ResourcesUnion#3424], EntityKey[j.index.module.apply.resourcesUnion.entity.ResourcesUnion#3429], EntityKey[j.index.module.apply.resourcesUnion.entity.ResourcesUnion#3430], EntityKey[j.index.module.apply.resourcesUnion.entity.ResourcesUnion#3427], EntityKey[j.index.module.apply.resourcesUnion.entity.ResourcesUnion#3428], EntityKey[j.index.module.apply.resourcesUnion.entity.ResourcesUnion#3433], EntityKey[j.index.module.apply.resourcesUnion.entity.ResourcesUnion#3434], EntityKey[j.index.module.apply.resourcesUnion.entity.ResourcesUnion#3431], EntityKey[j.index.module.apply.resourcesUnion.entity.ResourcesUnion#3432], EntityKey[j.index.module.apply.resourcesUnion.entity.ResourcesUnion#3376], EntityKey[j.index.module.apply.resourcesUnion.entity.ResourcesUnion#3375], EntityKey[j.index.module.apply.resourcesUnion.entity.ResourcesUnion#3378], EntityKey[j.index.module.apply.resourcesUnion.entity.ResourcesUnion#3377], EntityKey[j.index.module.apply.resourcesUnion.entity.ResourcesUnion#3372], EntityKey[j.index.module.apply.resourcesUnion.entity.ResourcesUnion#3371], EntityKey[j.index.module.apply.resourcesUnion.entity.ResourcesUnion#3374], EntityKey[j.index.module.apply.resourcesUnion.entity.ResourcesUnion#3373], EntityKey[j.index.module.apply.resourcesUnion.entity.ResourcesUnion#3384], EntityKey[j.index.module.apply.resourcesUnion.entity.ResourcesUnion#3383], EntityKey[j.index.module.apply.resourcesUnion.entity.ResourcesUnion#3386], EntityKey[j.index.module.apply.resourcesUnion.entity.ResourcesUnion#3385], EntityKey[j.index.module.apply.resourcesUnion.entity.ResourcesUnion#3380], EntityKey[j.index.module.apply.resourcesUnion.entity.ResourcesUnion#3379], EntityKey[j.index.module.apply.resourcesUnion.entity.ResourcesUnion#3382], EntityKey[j.index.module.apply.resourcesUnion.entity.ResourcesUnion#3381], EntityKey[j.index.module.apply.resourcesUnion.entity.ResourcesUnion#3391], EntityKey[j.index.module.apply.resourcesUnion.entity.ResourcesUnion#3392], EntityKey[j.index.module.apply.resourcesUnion.entity.ResourcesUnion#3393], EntityKey[j.index.module.apply.resourcesUnion.entity.ResourcesUnion#3394], EntityKey[j.index.module.apply.resourcesUnion.entity.ResourcesUnion#3387], EntityKey[j.index.module.apply.resourcesUnion.entity.ResourcesUnion#3388], EntityKey[j.index.module.apply.resourcesUnion.entity.ResourcesUnion#3389], EntityKey[j.index.module.apply.resourcesUnion.entity.ResourcesUnion#3390], EntityKey[j.index.module.apply.resourcesUnion.entity.ResourcesUnion#3399], EntityKey[j.index.module.apply.resourcesUnion.entity.ResourcesUnion#3400], EntityKey[j.index.module.apply.resourcesUnion.entity.ResourcesUnion#3401], EntityKey[j.index.module.apply.resourcesUnion.entity.ResourcesUnion#3402], EntityKey[j.index.module.apply.resourcesUnion.entity.ResourcesUnion#3395], EntityKey[j.index.module.apply.resourcesUnion.entity.ResourcesUnion#3396], EntityKey[j.index.module.apply.resourcesUnion.entity.ResourcesUnion#3397], EntityKey[j.index.module.apply.resourcesUnion.entity.ResourcesUnion#3398], EntityKey[j.index.module.apply.resourcesUnion.entity.ResourcesUnion#3346], EntityKey[j.index.module.apply.resourcesUnion.entity.ResourcesUnion#3345], EntityKey[j.index.module.apply.resourcesUnion.entity.ResourcesUnion#3344], EntityKey[j.index.module.apply.resourcesUnion.entity.ResourcesUnion#3343], EntityKey[j.index.module.apply.resourcesUnion.entity.ResourcesUnion#3342], EntityKey[j.index.module.apply.resourcesUnion.entity.ResourcesUnion#3341], EntityKey[j.index.module.apply.resourcesUnion.entity.ResourcesUnion#3340], EntityKey[j.index.module.apply.resourcesUnion.entity.ResourcesUnion#3339], EntityKey[j.index.module.apply.resourcesUnion.entity.ResourcesUnion#3354], EntityKey[j.index.module.apply.resourcesUnion.entity.ResourcesUnion#3353], EntityKey[j.index.module.apply.resourcesUnion.entity.ResourcesUnion#3352], EntityKey[j.index.module.apply.resourcesUnion.entity.ResourcesUnion#3351], EntityKey[j.index.module.apply.resourcesUnion.entity.ResourcesUnion#3350], EntityKey[j.index.module.apply.resourcesUnion.entity.ResourcesUnion#3349], EntityKey[j.index.module.apply.resourcesUnion.entity.ResourcesUnion#3348], EntityKey[j.index.module.apply.resourcesUnion.entity.ResourcesUnion#3347], EntityKey[j.index.module.apply.resourcesUnion.entity.ResourcesUnion#3361], EntityKey[j.index.module.apply.resourcesUnion.entity.ResourcesUnion#3362], EntityKey[j.index.module.apply.resourcesUnion.entity.ResourcesUnion#3359], EntityKey[j.index.module.apply.resourcesUnion.entity.ResourcesUnion#3360], EntityKey[j.index.module.apply.resourcesUnion.entity.ResourcesUnion#3357], EntityKey[j.index.module.apply.resourcesUnion.entity.ResourcesUnion#3358], EntityKey[j.index.module.apply.resourcesUnion.entity.ResourcesUnion#3355], EntityKey[j.index.module.apply.resourcesUnion.entity.ResourcesUnion#3356], EntityKey[j.index.module.apply.resourcesUnion.entity.ResourcesUnion#3369], EntityKey[j.index.module.apply.resourcesUnion.entity.ResourcesUnion#3370], EntityKey[j.index.module.apply.resourcesUnion.entity.ResourcesUnion#3367], EntityKey[j.index.module.apply.resourcesUnion.entity.ResourcesUnion#3368], EntityKey[j.index.module.apply.resourcesUnion.entity.ResourcesUnion#3365], EntityKey[j.index.module.apply.resourcesUnion.entity.ResourcesUnion#3366], EntityKey[j.index.module.apply.resourcesUnion.entity.ResourcesUnion#3363], EntityKey[j.index.module.apply.resourcesUnion.entity.ResourcesUnion#3364], EntityKey[j.index.module.apply.resourcesUnion.entity.ResourcesUnion#3315], EntityKey[j.index.module.apply.resourcesUnion.entity.ResourcesUnion#3316], EntityKey[j.index.module.apply.resourcesUnion.entity.ResourcesUnion#3317], EntityKey[j.index.module.apply.resourcesUnion.entity.ResourcesUnion#3318], EntityKey[j.index.module.apply.resourcesUnion.entity.ResourcesUnion#3319], EntityKey[j.index.module.apply.resourcesUnion.entity.ResourcesUnion#3320], EntityKey[j.index.module.apply.resourcesUnion.entity.ResourcesUnion#3321], EntityKey[j.index.module.apply.resourcesUnion.entity.ResourcesUnion#3322], EntityKey[j.index.module.apply.resourcesUnion.entity.ResourcesUnion#3307], EntityKey[j.index.module.apply.resourcesUnion.entity.ResourcesUnion#3308], EntityKey[j.index.module.apply.resourcesUnion.entity.ResourcesUnion#3309], EntityKey[j.index.module.apply.resourcesUnion.entity.ResourcesUnion#3310], EntityKey[j.index.module.apply.resourcesUnion.entity.ResourcesUnion#3311], EntityKey[j.index.module.apply.resourcesUnion.entity.ResourcesUnion#3312], EntityKey[j.index.module.apply.resourcesUnion.entity.ResourcesUnion#3313], EntityKey[j.index.module.apply.resourcesUnion.entity.ResourcesUnion#3314], EntityKey[j.index.module.apply.resourcesUnion.entity.ResourcesUnion#3332], EntityKey[j.index.module.apply.resourcesUnion.entity.ResourcesUnion#3331], EntityKey[j.index.module.apply.resourcesUnion.entity.ResourcesUnion#3334], EntityKey[j.index.module.apply.resourcesUnion.entity.ResourcesUnion#3333], EntityKey[j.index.module.apply.resourcesUnion.entity.ResourcesUnion#3336], EntityKey[j.index.module.apply.resourcesUnion.entity.ResourcesUnion#3335], EntityKey[j.index.module.apply.resourcesUnion.entity.ResourcesUnion#3338], EntityKey[j.index.module.apply.resourcesUnion.entity.ResourcesUnion#3337], EntityKey[j.index.module.apply.resourcesUnion.entity.ResourcesUnion#3324], EntityKey[j.index.module.apply.resourcesUnion.entity.ResourcesUnion#3323], EntityKey[j.index.module.apply.resourcesUnion.entity.ResourcesUnion#3326], EntityKey[j.index.module.apply.resourcesUnion.entity.ResourcesUnion#3325], EntityKey[j.index.module.apply.resourcesUnion.entity.ResourcesUnion#3328], EntityKey[j.index.module.apply.resourcesUnion.entity.ResourcesUnion#3327], EntityKey[j.index.module.apply.resourcesUnion.entity.ResourcesUnion#3330], EntityKey[j.index.module.apply.resourcesUnion.entity.ResourcesUnion#3329], EntityKey[j.index.module.apply.resourcesUnion.entity.ResourcesUnion#3285], EntityKey[j.index.module.apply.resourcesUnion.entity.ResourcesUnion#3286], EntityKey[j.index.module.apply.resourcesUnion.entity.ResourcesUnion#3283], EntityKey[j.index.module.apply.resourcesUnion.entity.ResourcesUnion#3284], EntityKey[j.index.module.apply.resourcesUnion.entity.ResourcesUnion#3289], EntityKey[j.index.module.apply.resourcesUnion.entity.ResourcesUnion#3290], EntityKey[j.index.module.apply.resourcesUnion.entity.ResourcesUnion#3287], EntityKey[j.index.module.apply.resourcesUnion.entity.ResourcesUnion#3288], EntityKey[j.index.module.apply.resourcesUnion.entity.ResourcesUnion#3277], EntityKey[j.index.module.apply.resourcesUnion.entity.ResourcesUnion#3278], EntityKey[j.index.module.apply.resourcesUnion.entity.ResourcesUnion#3275], EntityKey[j.index.module.apply.resourcesUnion.entity.ResourcesUnion#3276], EntityKey[j.index.module.apply.resourcesUnion.entity.ResourcesUnion#3281], EntityKey[j.index.module.apply.resourcesUnion.entity.ResourcesUnion#3282], EntityKey[j.index.module.apply.resourcesUnion.entity.ResourcesUnion#3279], EntityKey[j.index.module.apply.resourcesUnion.entity.ResourcesUnion#3280], EntityKey[j.index.module.apply.resourcesUnion.entity.ResourcesUnion#3302], EntityKey[j.index.module.apply.resourcesUnion.entity.ResourcesUnion#3301], EntityKey[j.index.module.apply.resourcesUnion.entity.ResourcesUnion#3300], EntityKey[j.index.module.apply.resourcesUnion.entity.ResourcesUnion#3299], EntityKey[j.index.module.apply.resourcesUnion.entity.ResourcesUnion#3306], EntityKey[j.index.module.apply.resourcesUnion.entity.ResourcesUnion#3305], EntityKey[j.index.module.apply.resourcesUnion.entity.ResourcesUnion#3304], EntityKey[j.index.module.apply.resourcesUnion.entity.ResourcesUnion#3303], EntityKey[j.index.module.apply.resourcesUnion.entity.ResourcesUnion#3294], EntityKey[j.index.module.apply.resourcesUnion.entity.ResourcesUnion#3293], EntityKey[j.index.module.apply.resourcesUnion.entity.ResourcesUnion#3292], EntityKey[j.index.module.apply.resourcesUnion.entity.ResourcesUnion#3291], EntityKey[j.index.module.apply.resourcesUnion.entity.ResourcesUnion#3298], EntityKey[j.index.module.apply.resourcesUnion.entity.ResourcesUnion#3297], EntityKey[j.index.module.apply.resourcesUnion.entity.ResourcesUnion#3296], EntityKey[j.index.module.apply.resourcesUnion.entity.ResourcesUnion#3295], EntityKey[j.index.module.apply.resourcesUnion.entity.ResourcesUnion#3255], EntityKey[j.index.module.apply.resourcesUnion.entity.ResourcesUnion#3256], EntityKey[j.index.module.apply.resourcesUnion.entity.ResourcesUnion#3257], EntityKey[j.index.module.apply.resourcesUnion.entity.ResourcesUnion#3258], EntityKey[j.index.module.apply.resourcesUnion.entity.ResourcesUnion#3251], EntityKey[j.index.module.apply.resourcesUnion.entity.ResourcesUnion#3252], EntityKey[j.index.module.apply.resourcesUnion.entity.ResourcesUnion#3253], EntityKey[j.index.module.apply.resourcesUnion.entity.ResourcesUnion#3254], EntityKey[j.index.module.apply.resourcesUnion.entity.ResourcesUnion#3247], EntityKey[j.index.module.apply.resourcesUnion.entity.ResourcesUnion#3248], EntityKey[j.index.module.apply.resourcesUnion.entity.ResourcesUnion#3249], EntityKey[j.index.module.apply.resourcesUnion.entity.ResourcesUnion#3250], EntityKey[j.index.module.apply.resourcesUnion.entity.ResourcesUnion#3243], EntityKey[j.index.module.apply.resourcesUnion.entity.ResourcesUnion#3244], EntityKey[j.index.module.apply.resourcesUnion.entity.ResourcesUnion#3245], EntityKey[j.index.module.apply.resourcesUnion.entity.ResourcesUnion#3246], EntityKey[j.index.module.apply.resourcesUnion.entity.ResourcesUnion#3272], EntityKey[j.index.module.apply.resourcesUnion.entity.ResourcesUnion#3271], EntityKey[j.index.module.apply.resourcesUnion.entity.ResourcesUnion#3274], EntityKey[j.index.module.apply.resourcesUnion.entity.ResourcesUnion#3273], EntityKey[j.index.module.apply.resourcesUnion.entity.ResourcesUnion#3268], EntityKey[j.index.module.apply.resourcesUnion.entity.ResourcesUnion#3267], EntityKey[j.index.module.apply.resourcesUnion.entity.ResourcesUnion#3270], EntityKey[j.index.module.apply.resourcesUnion.entity.ResourcesUnion#3269], EntityKey[j.index.module.apply.resourcesUnion.entity.ResourcesUnion#3264], EntityKey[j.index.module.apply.resourcesUnion.entity.ResourcesUnion#3263], EntityKey[j.index.module.apply.resourcesUnion.entity.ResourcesUnion#3266], EntityKey[j.index.module.apply.resourcesUnion.entity.ResourcesUnion#3265], EntityKey[j.index.module.apply.resourcesUnion.entity.ResourcesUnion#3260], EntityKey[j.index.module.apply.resourcesUnion.entity.ResourcesUnion#3259], EntityKey[j.index.module.apply.resourcesUnion.entity.ResourcesUnion#3262], EntityKey[j.index.module.apply.resourcesUnion.entity.ResourcesUnion#3261], EntityKey[j.index.module.apply.resourcesUnion.entity.ResourcesUnion#3225], EntityKey[j.index.module.apply.resourcesUnion.entity.ResourcesUnion#3226], EntityKey[j.index.module.apply.resourcesUnion.entity.ResourcesUnion#3223], EntityKey[j.index.module.apply.resourcesUnion.entity.ResourcesUnion#3224], EntityKey[j.index.module.apply.resourcesUnion.entity.ResourcesUnion#3221], EntityKey[j.index.module.apply.resourcesUnion.entity.ResourcesUnion#3222], EntityKey[j.index.module.apply.resourcesUnion.entity.ResourcesUnion#3219], EntityKey[j.index.module.apply.resourcesUnion.entity.ResourcesUnion#3220], EntityKey[j.index.module.apply.resourcesUnion.entity.ResourcesUnion#3217], EntityKey[j.index.module.apply.resourcesUnion.entity.ResourcesUnion#3218], EntityKey[j.index.module.apply.resourcesUnion.entity.ResourcesUnion#3215], EntityKey[j.index.module.apply.resourcesUnion.entity.ResourcesUnion#3216], EntityKey[j.index.module.apply.resourcesUnion.entity.ResourcesUnion#3213], EntityKey[j.index.module.apply.resourcesUnion.entity.ResourcesUnion#3214], EntityKey[j.index.module.apply.resourcesUnion.entity.ResourcesUnion#3211], EntityKey[j.index.module.apply.resourcesUnion.entity.ResourcesUnion#3212], EntityKey[j.index.module.apply.resourcesUnion.entity.ResourcesUnion#3242], EntityKey[j.index.module.apply.resourcesUnion.entity.ResourcesUnion#3241], EntityKey[j.index.module.apply.resourcesUnion.entity.ResourcesUnion#3240], EntityKey[j.index.module.apply.resourcesUnion.entity.ResourcesUnion#3239], EntityKey[j.index.module.apply.resourcesUnion.entity.ResourcesUnion#3238], EntityKey[j.index.module.apply.resourcesUnion.entity.ResourcesUnion#3237], EntityKey[j.index.module.apply.resourcesUnion.entity.ResourcesUnion#3236], EntityKey[j.index.module.apply.resourcesUnion.entity.ResourcesUnion#3235], EntityKey[j.index.module.apply.resourcesUnion.entity.ResourcesUnion#3234], EntityKey[j.index.module.apply.resourcesUnion.entity.ResourcesUnion#3233], EntityKey[j.index.module.apply.resourcesUnion.entity.ResourcesUnion#3232], EntityKey[j.index.module.apply.resourcesUnion.entity.ResourcesUnion#3231], EntityKey[j.index.module.apply.resourcesUnion.entity.ResourcesUnion#3230], EntityKey[j.index.module.apply.resourcesUnion.entity.ResourcesUnion#3229], EntityKey[j.index.module.apply.resourcesUnion.entity.ResourcesUnion#3228], EntityKey[j.index.module.apply.resourcesUnion.entity.ResourcesUnion#3227], EntityKey[j.index.module.apply.resourcesUnion.entity.ResourcesUnion#3771], EntityKey[j.index.module.apply.resourcesUnion.entity.ResourcesUnion#3772], EntityKey[j.index.module.apply.resourcesUnion.entity.ResourcesUnion#3773], EntityKey[j.index.module.apply.resourcesUnion.entity.ResourcesUnion#3774], EntityKey[j.index.module.apply.resourcesUnion.entity.ResourcesUnion#3775], EntityKey[j.index.module.apply.resourcesUnion.entity.ResourcesUnion#3776], EntityKey[j.index.module.apply.resourcesUnion.entity.ResourcesUnion#3777], EntityKey[j.index.module.apply.resourcesUnion.entity.ResourcesUnion#3778], EntityKey[j.index.module.apply.resourcesUnion.entity.ResourcesUnion#3779], EntityKey[j.index.module.apply.resourcesUnion.entity.ResourcesUnion#3780], EntityKey[j.index.module.apply.resourcesUnion.entity.ResourcesUnion#3781], EntityKey[j.index.module.apply.resourcesUnion.entity.ResourcesUnion#3782], EntityKey[j.index.module.apply.resourcesUnion.entity.ResourcesUnion#3783], EntityKey[j.index.module.apply.resourcesUnion.entity.ResourcesUnion#3784], EntityKey[j.index.module.apply.resourcesUnion.entity.ResourcesUnion#3785], EntityKey[j.index.module.apply.resourcesUnion.entity.ResourcesUnion#3786], EntityKey[j.index.module.apply.resourcesUnion.entity.ResourcesUnion#3756], EntityKey[j.index.module.apply.resourcesUnion.entity.ResourcesUnion#3755], EntityKey[j.index.module.apply.resourcesUnion.entity.ResourcesUnion#3758], EntityKey[j.index.module.apply.resourcesUnion.entity.ResourcesUnion#3757], EntityKey[j.index.module.apply.resourcesUnion.entity.ResourcesUnion#3760], EntityKey[j.index.module.apply.resourcesUnion.entity.ResourcesUnion#3759], EntityKey[j.index.module.apply.resourcesUnion.entity.ResourcesUnion#3762], EntityKey[j.index.module.apply.resourcesUnion.entity.ResourcesUnion#3761], EntityKey[j.index.module.apply.resourcesUnion.entity.ResourcesUnion#3764], EntityKey[j.index.module.apply.resourcesUnion.entity.ResourcesUnion#3763], EntityKey[j.index.module.apply.resourcesUnion.entity.ResourcesUnion#3766], EntityKey[j.index.module.apply.resourcesUnion.entity.ResourcesUnion#3765], EntityKey[j.index.module.apply.resourcesUnion.entity.ResourcesUnion#3768], EntityKey[j.index.module.apply.resourcesUnion.entity.ResourcesUnion#3767], EntityKey[j.index.module.apply.resourcesUnion.entity.ResourcesUnion#3770], EntityKey[j.index.module.apply.resourcesUnion.entity.ResourcesUnion#3769], EntityKey[j.index.module.apply.resourcesUnion.entity.ResourcesUnion#3741], EntityKey[j.index.module.apply.resourcesUnion.entity.ResourcesUnion#3742], EntityKey[j.index.module.apply.resourcesUnion.entity.ResourcesUnion#3739], EntityKey[j.index.module.apply.resourcesUnion.entity.ResourcesUnion#3740], EntityKey[j.index.module.apply.resourcesUnion.entity.ResourcesUnion#3745], EntityKey[j.index.module.apply.resourcesUnion.entity.ResourcesUnion#3746], EntityKey[j.index.module.apply.resourcesUnion.entity.ResourcesUnion#3743], EntityKey[j.index.module.apply.resourcesUnion.entity.ResourcesUnion#3744], EntityKey[j.index.module.apply.resourcesUnion.entity.ResourcesUnion#3749], EntityKey[j.index.module.apply.resourcesUnion.entity.ResourcesUnion#3750], EntityKey[j.index.module.apply.resourcesUnion.entity.ResourcesUnion#3747], EntityKey[j.index.module.apply.resourcesUnion.entity.ResourcesUnion#3748], EntityKey[j.index.module.apply.resourcesUnion.entity.ResourcesUnion#3753], EntityKey[j.index.module.apply.resourcesUnion.entity.ResourcesUnion#3754], EntityKey[j.index.module.apply.resourcesUnion.entity.ResourcesUnion#3751], EntityKey[j.index.module.apply.resourcesUnion.entity.ResourcesUnion#3752], EntityKey[j.index.module.apply.resourcesUnion.entity.ResourcesUnion#3726], EntityKey[j.index.module.apply.resourcesUnion.entity.ResourcesUnion#3725], EntityKey[j.index.module.apply.resourcesUnion.entity.ResourcesUnion#3724], EntityKey[j.index.module.apply.resourcesUnion.entity.ResourcesUnion#3723], EntityKey[j.index.module.apply.resourcesUnion.entity.ResourcesUnion#3730], EntityKey[j.index.module.apply.resourcesUnion.entity.ResourcesUnion#3729], EntityKey[j.index.module.apply.resourcesUnion.entity.ResourcesUnion#3728], EntityKey[j.index.module.apply.resourcesUnion.entity.ResourcesUnion#3727], EntityKey[j.index.module.apply.resourcesUnion.entity.ResourcesUnion#3734], EntityKey[j.index.module.apply.resourcesUnion.entity.ResourcesUnion#3733], EntityKey[j.index.module.apply.resourcesUnion.entity.ResourcesUnion#3732], EntityKey[j.index.module.apply.resourcesUnion.entity.ResourcesUnion#3731], EntityKey[j.index.module.apply.resourcesUnion.entity.ResourcesUnion#3738], EntityKey[j.index.module.apply.resourcesUnion.entity.ResourcesUnion#3737], EntityKey[j.index.module.apply.resourcesUnion.entity.ResourcesUnion#3736], EntityKey[j.index.module.apply.resourcesUnion.entity.ResourcesUnion#3735], EntityKey[j.index.module.apply.resourcesUnion.entity.ResourcesUnion#3839], EntityKey[j.index.module.apply.resourcesUnion.entity.ResourcesUnion#3840], EntityKey[j.index.module.apply.resourcesUnion.entity.ResourcesUnion#3841], EntityKey[j.index.module.apply.resourcesUnion.entity.ResourcesUnion#3842], EntityKey[j.index.module.apply.resourcesUnion.entity.ResourcesUnion#3835], EntityKey[j.index.module.apply.resourcesUnion.entity.ResourcesUnion#3836], EntityKey[j.index.module.apply.resourcesUnion.entity.ResourcesUnion#3837], EntityKey[j.index.module.apply.resourcesUnion.entity.ResourcesUnion#3838], EntityKey[j.index.module.apply.resourcesUnion.entity.ResourcesUnion#3847], EntityKey[j.index.module.apply.resourcesUnion.entity.ResourcesUnion#3848], EntityKey[j.index.module.apply.resourcesUnion.entity.ResourcesUnion#3849], EntityKey[j.index.module.apply.resourcesUnion.entity.ResourcesUnion#3850], EntityKey[j.index.module.apply.resourcesUnion.entity.ResourcesUnion#3843], EntityKey[j.index.module.apply.resourcesUnion.entity.ResourcesUnion#3844], EntityKey[j.index.module.apply.resourcesUnion.entity.ResourcesUnion#3845], EntityKey[j.index.module.apply.resourcesUnion.entity.ResourcesUnion#3846], EntityKey[j.index.module.apply.resourcesUnion.entity.ResourcesUnion#3824], EntityKey[j.index.module.apply.resourcesUnion.entity.ResourcesUnion#3823], EntityKey[j.index.module.apply.resourcesUnion.entity.ResourcesUnion#3826], EntityKey[j.index.module.apply.resourcesUnion.entity.ResourcesUnion#3825], EntityKey[j.index.module.apply.resourcesUnion.entity.ResourcesUnion#3820], EntityKey[j.index.module.apply.resourcesUnion.entity.ResourcesUnion#3819], EntityKey[j.index.module.apply.resourcesUnion.entity.ResourcesUnion#3822], EntityKey[j.index.module.apply.resourcesUnion.entity.ResourcesUnion#3821], EntityKey[j.index.module.apply.resourcesUnion.entity.ResourcesUnion#3832], EntityKey[j.index.module.apply.resourcesUnion.entity.ResourcesUnion#3831], EntityKey[j.index.module.apply.resourcesUnion.entity.ResourcesUnion#3834], EntityKey[j.index.module.apply.resourcesUnion.entity.ResourcesUnion#3833], EntityKey[j.index.module.apply.resourcesUnion.entity.ResourcesUnion#3828], EntityKey[j.index.module.apply.resourcesUnion.entity.ResourcesUnion#3827], EntityKey[j.index.module.apply.resourcesUnion.entity.ResourcesUnion#3830], EntityKey[j.index.module.apply.resourcesUnion.entity.ResourcesUnion#3829], EntityKey[j.index.module.apply.resourcesUnion.entity.ResourcesUnion#3809], EntityKey[j.index.module.apply.resourcesUnion.entity.ResourcesUnion#3810], EntityKey[j.index.module.apply.resourcesUnion.entity.ResourcesUnion#3807], EntityKey[j.index.module.apply.resourcesUnion.entity.ResourcesUnion#3808], EntityKey[j.index.module.apply.resourcesUnion.entity.ResourcesUnion#3805], EntityKey[j.index.module.apply.resourcesUnion.entity.ResourcesUnion#3806], EntityKey[j.index.module.apply.resourcesUnion.entity.ResourcesUnion#3803], EntityKey[j.index.module.apply.resourcesUnion.entity.ResourcesUnion#3804], EntityKey[j.index.module.apply.resourcesUnion.entity.ResourcesUnion#3817], EntityKey[j.index.module.apply.resourcesUnion.entity.ResourcesUnion#3818], EntityKey[j.index.module.apply.resourcesUnion.entity.ResourcesUnion#3815], EntityKey[j.index.module.apply.resourcesUnion.entity.ResourcesUnion#3816], EntityKey[j.index.module.apply.resourcesUnion.entity.ResourcesUnion#3813], EntityKey[j.index.module.apply.resourcesUnion.entity.ResourcesUnion#3814], EntityKey[j.index.module.apply.resourcesUnion.entity.ResourcesUnion#3811], EntityKey[j.index.module.apply.resourcesUnion.entity.ResourcesUnion#3812], EntityKey[j.index.module.apply.resourcesUnion.entity.ResourcesUnion#3794], EntityKey[j.index.module.apply.resourcesUnion.entity.ResourcesUnion#3793], EntityKey[j.index.module.apply.resourcesUnion.entity.ResourcesUnion#3792], EntityKey[j.index.module.apply.resourcesUnion.entity.ResourcesUnion#3791], EntityKey[j.index.module.apply.resourcesUnion.entity.ResourcesUnion#3790], EntityKey[j.index.module.apply.resourcesUnion.entity.ResourcesUnion#3789], EntityKey[j.index.module.apply.resourcesUnion.entity.ResourcesUnion#3788], EntityKey[j.index.module.apply.resourcesUnion.entity.ResourcesUnion#3787], EntityKey[j.index.module.apply.resourcesUnion.entity.ResourcesUnion#3802], EntityKey[j.index.module.apply.resourcesUnion.entity.ResourcesUnion#3801], EntityKey[j.index.module.apply.resourcesUnion.entity.ResourcesUnion#3800], EntityKey[j.index.module.apply.resourcesUnion.entity.ResourcesUnion#3799], EntityKey[j.index.module.apply.resourcesUnion.entity.ResourcesUnion#3798], EntityKey[j.index.module.apply.resourcesUnion.entity.ResourcesUnion#3797], EntityKey[j.index.module.apply.resourcesUnion.entity.ResourcesUnion#3796], EntityKey[j.index.module.apply.resourcesUnion.entity.ResourcesUnion#3795], EntityKey[j.index.module.apply.resourcesUnion.entity.ResourcesUnion#3908], EntityKey[j.index.module.apply.resourcesUnion.entity.ResourcesUnion#3907], EntityKey[j.index.module.apply.resourcesUnion.entity.ResourcesUnion#3910], EntityKey[j.index.module.apply.resourcesUnion.entity.ResourcesUnion#3909], EntityKey[j.index.module.apply.resourcesUnion.entity.ResourcesUnion#3912], EntityKey[j.index.module.apply.resourcesUnion.entity.ResourcesUnion#3911], EntityKey[j.index.module.apply.resourcesUnion.entity.ResourcesUnion#3914], EntityKey[j.index.module.apply.resourcesUnion.entity.ResourcesUnion#3913], EntityKey[j.index.module.apply.resourcesUnion.entity.ResourcesUnion#3900], EntityKey[j.index.module.apply.resourcesUnion.entity.ResourcesUnion#3899], EntityKey[j.index.module.apply.resourcesUnion.entity.ResourcesUnion#3902], EntityKey[j.index.module.apply.resourcesUnion.entity.ResourcesUnion#3901], EntityKey[j.index.module.apply.resourcesUnion.entity.ResourcesUnion#3904], EntityKey[j.index.module.apply.resourcesUnion.entity.ResourcesUnion#3903], EntityKey[j.index.module.apply.resourcesUnion.entity.ResourcesUnion#3906], EntityKey[j.index.module.apply.resourcesUnion.entity.ResourcesUnion#3905], EntityKey[j.index.module.apply.resourcesUnion.entity.ResourcesUnion#3891], EntityKey[j.index.module.apply.resourcesUnion.entity.ResourcesUnion#3892], EntityKey[j.index.module.apply.resourcesUnion.entity.ResourcesUnion#3893], EntityKey[j.index.module.apply.resourcesUnion.entity.ResourcesUnion#3894], EntityKey[j.index.module.apply.resourcesUnion.entity.ResourcesUnion#3895], EntityKey[j.index.module.apply.resourcesUnion.entity.ResourcesUnion#3896], EntityKey[j.index.module.apply.resourcesUnion.entity.ResourcesUnion#3897], EntityKey[j.index.module.apply.resourcesUnion.entity.ResourcesUnion#3898], EntityKey[j.index.module.apply.resourcesUnion.entity.ResourcesUnion#3883], EntityKey[j.index.module.apply.resourcesUnion.entity.ResourcesUnion#3884], EntityKey[j.index.module.apply.resourcesUnion.entity.ResourcesUnion#3885], EntityKey[j.index.module.apply.resourcesUnion.entity.ResourcesUnion#3886], EntityKey[j.index.module.apply.resourcesUnion.entity.ResourcesUnion#3887], EntityKey[j.index.module.apply.resourcesUnion.entity.ResourcesUnion#3888], EntityKey[j.index.module.apply.resourcesUnion.entity.ResourcesUnion#3889], EntityKey[j.index.module.apply.resourcesUnion.entity.ResourcesUnion#3890], EntityKey[j.index.module.apply.resourcesUnion.entity.ResourcesUnion#3878], EntityKey[j.index.module.apply.resourcesUnion.entity.ResourcesUnion#3877], EntityKey[j.index.module.apply.resourcesUnion.entity.ResourcesUnion#3876], EntityKey[j.index.module.apply.resourcesUnion.entity.ResourcesUnion#3875], EntityKey[j.index.module.apply.resourcesUnion.entity.ResourcesUnion#3882], EntityKey[j.index.module.apply.resourcesUnion.entity.ResourcesUnion#3881], EntityKey[j.index.module.apply.resourcesUnion.entity.ResourcesUnion#3880], EntityKey[j.index.module.apply.resourcesUnion.entity.ResourcesUnion#3879], EntityKey[j.index.module.apply.resourcesUnion.entity.ResourcesUnion#3870], EntityKey[j.index.module.apply.resourcesUnion.entity.ResourcesUnion#3869], EntityKey[j.index.module.apply.resourcesUnion.entity.ResourcesUnion#3868], EntityKey[j.index.module.apply.resourcesUnion.entity.ResourcesUnion#3867], EntityKey[j.index.module.apply.resourcesUnion.entity.ResourcesUnion#3874], EntityKey[j.index.module.apply.resourcesUnion.entity.ResourcesUnion#3873], EntityKey[j.index.module.apply.resourcesUnion.entity.ResourcesUnion#3872], EntityKey[j.index.module.apply.resourcesUnion.entity.ResourcesUnion#3871], EntityKey[j.index.module.apply.resourcesUnion.entity.ResourcesUnion#3861], EntityKey[j.index.module.apply.resourcesUnion.entity.ResourcesUnion#3862], EntityKey[j.index.module.apply.resourcesUnion.entity.ResourcesUnion#3859], EntityKey[j.index.module.apply.resourcesUnion.entity.ResourcesUnion#3860], EntityKey[j.index.module.apply.resourcesUnion.entity.ResourcesUnion#3865], EntityKey[j.index.module.apply.resourcesUnion.entity.ResourcesUnion#3866], EntityKey[j.index.module.apply.resourcesUnion.entity.ResourcesUnion#3863], EntityKey[j.index.module.apply.resourcesUnion.entity.ResourcesUnion#3864], EntityKey[j.index.module.apply.resourcesUnion.entity.ResourcesUnion#3853], EntityKey[j.index.module.apply.resourcesUnion.entity.ResourcesUnion#3854], EntityKey[j.index.module.apply.resourcesUnion.entity.ResourcesUnion#3851], EntityKey[j.index.module.apply.resourcesUnion.entity.ResourcesUnion#3852], EntityKey[j.index.module.apply.resourcesUnion.entity.ResourcesUnion#3857], EntityKey[j.index.module.apply.resourcesUnion.entity.ResourcesUnion#3858], EntityKey[j.index.module.apply.resourcesUnion.entity.ResourcesUnion#3855], EntityKey[j.index.module.apply.resourcesUnion.entity.ResourcesUnion#3856], EntityKey[j.index.module.apply.resourcesUnion.entity.ResourcesUnion#3976], EntityKey[j.index.module.apply.resourcesUnion.entity.ResourcesUnion#3975], EntityKey[j.index.module.apply.resourcesUnion.entity.ResourcesUnion#3978], EntityKey[j.index.module.apply.resourcesUnion.entity.ResourcesUnion#3977], EntityKey[j.index.module.apply.resourcesUnion.entity.ResourcesUnion#3972], EntityKey[j.index.module.apply.resourcesUnion.entity.ResourcesUnion#3971], EntityKey[j.index.module.apply.resourcesUnion.entity.ResourcesUnion#3974], EntityKey[j.index.module.apply.resourcesUnion.entity.ResourcesUnion#3973], EntityKey[j.index.module.apply.resourcesUnion.entity.ResourcesUnion#3968], EntityKey[j.index.module.apply.resourcesUnion.entity.ResourcesUnion#3967], EntityKey[j.index.module.apply.resourcesUnion.entity.ResourcesUnion#3970], EntityKey[j.index.module.apply.resourcesUnion.entity.ResourcesUnion#3969], EntityKey[j.index.module.apply.resourcesUnion.entity.ResourcesUnion#3964], EntityKey[j.index.module.apply.resourcesUnion.entity.ResourcesUnion#3963], EntityKey[j.index.module.apply.resourcesUnion.entity.ResourcesUnion#3966], EntityKey[j.index.module.apply.resourcesUnion.entity.ResourcesUnion#3965], EntityKey[j.index.module.apply.resourcesUnion.entity.ResourcesUnion#3959], EntityKey[j.index.module.apply.resourcesUnion.entity.ResourcesUnion#3960], EntityKey[j.index.module.apply.resourcesUnion.entity.ResourcesUnion#3961], EntityKey[j.index.module.apply.resourcesUnion.entity.ResourcesUnion#3962], EntityKey[j.index.module.apply.resourcesUnion.entity.ResourcesUnion#3955], EntityKey[j.index.module.apply.resourcesUnion.entity.ResourcesUnion#3956], EntityKey[j.index.module.apply.resourcesUnion.entity.ResourcesUnion#3957], EntityKey[j.index.module.apply.resourcesUnion.entity.ResourcesUnion#3958], EntityKey[j.index.module.apply.resourcesUnion.entity.ResourcesUnion#3951], EntityKey[j.index.module.apply.resourcesUnion.entity.ResourcesUnion#3952], EntityKey[j.index.module.apply.resourcesUnion.entity.ResourcesUnion#3953], EntityKey[j.index.module.apply.resourcesUnion.entity.ResourcesUnion#3954], EntityKey[j.index.module.apply.resourcesUnion.entity.ResourcesUnion#3947], EntityKey[j.index.module.apply.resourcesUnion.entity.ResourcesUnion#3948], EntityKey[j.index.module.apply.resourcesUnion.entity.ResourcesUnion#3949], EntityKey[j.index.module.apply.resourcesUnion.entity.ResourcesUnion#3950], EntityKey[j.index.module.apply.resourcesUnion.entity.ResourcesUnion#3946], EntityKey[j.index.module.apply.resourcesUnion.entity.ResourcesUnion#3945], EntityKey[j.index.module.apply.resourcesUnion.entity.ResourcesUnion#3944], EntityKey[j.index.module.apply.resourcesUnion.entity.ResourcesUnion#3943], EntityKey[j.index.module.apply.resourcesUnion.entity.ResourcesUnion#3942], EntityKey[j.index.module.apply.resourcesUnion.entity.ResourcesUnion#3941], EntityKey[j.index.module.apply.resourcesUnion.entity.ResourcesUnion#3940], EntityKey[j.index.module.apply.resourcesUnion.entity.ResourcesUnion#3939], EntityKey[j.index.module.apply.resourcesUnion.entity.ResourcesUnion#3938], EntityKey[j.index.module.apply.resourcesUnion.entity.ResourcesUnion#3937], EntityKey[j.index.module.apply.resourcesUnion.entity.ResourcesUnion#3936], EntityKey[j.index.module.apply.resourcesUnion.entity.ResourcesUnion#3935], EntityKey[j.index.module.apply.resourcesUnion.entity.ResourcesUnion#3934], EntityKey[j.index.module.apply.resourcesUnion.entity.ResourcesUnion#3933], EntityKey[j.index.module.apply.resourcesUnion.entity.ResourcesUnion#3932], EntityKey[j.index.module.apply.resourcesUnion.entity.ResourcesUnion#3931], EntityKey[j.index.module.apply.resourcesUnion.entity.ResourcesUnion#3929], EntityKey[j.index.module.apply.resourcesUnion.entity.ResourcesUnion#3930], EntityKey[j.index.module.apply.resourcesUnion.entity.ResourcesUnion#3927], EntityKey[j.index.module.apply.resourcesUnion.entity.ResourcesUnion#3928], EntityKey[j.index.module.apply.resourcesUnion.entity.ResourcesUnion#3925], EntityKey[j.index.module.apply.resourcesUnion.entity.ResourcesUnion#3926], EntityKey[j.index.module.apply.resourcesUnion.entity.ResourcesUnion#3923], EntityKey[j.index.module.apply.resourcesUnion.entity.ResourcesUnion#3924], EntityKey[j.index.module.apply.resourcesUnion.entity.ResourcesUnion#3921], EntityKey[j.index.module.apply.resourcesUnion.entity.ResourcesUnion#3922], EntityKey[j.index.module.apply.resourcesUnion.entity.ResourcesUnion#3919], EntityKey[j.index.module.apply.resourcesUnion.entity.ResourcesUnion#3920], EntityKey[j.index.module.apply.resourcesUnion.entity.ResourcesUnion#3917], EntityKey[j.index.module.apply.resourcesUnion.entity.ResourcesUnion#3918], EntityKey[j.index.module.apply.resourcesUnion.entity.ResourcesUnion#3915], EntityKey[j.index.module.apply.resourcesUnion.entity.ResourcesUnion#3916], EntityKey[j.index.module.apply.resourcesUnion.entity.ResourcesUnion#3502], EntityKey[j.index.module.apply.resourcesUnion.entity.ResourcesUnion#3501], EntityKey[j.index.module.apply.resourcesUnion.entity.ResourcesUnion#3500], EntityKey[j.index.module.apply.resourcesUnion.entity.ResourcesUnion#3499], EntityKey[j.index.module.apply.resourcesUnion.entity.ResourcesUnion#3506], EntityKey[j.index.module.apply.resourcesUnion.entity.ResourcesUnion#3505], EntityKey[j.index.module.apply.resourcesUnion.entity.ResourcesUnion#3504], EntityKey[j.index.module.apply.resourcesUnion.entity.ResourcesUnion#3503], EntityKey[j.index.module.apply.resourcesUnion.entity.ResourcesUnion#3510], EntityKey[j.index.module.apply.resourcesUnion.entity.ResourcesUnion#3509], EntityKey[j.index.module.apply.resourcesUnion.entity.ResourcesUnion#3508], EntityKey[j.index.module.apply.resourcesUnion.entity.ResourcesUnion#3507], EntityKey[j.index.module.apply.resourcesUnion.entity.ResourcesUnion#3514], EntityKey[j.index.module.apply.resourcesUnion.entity.ResourcesUnion#3513], EntityKey[j.index.module.apply.resourcesUnion.entity.ResourcesUnion#3512], EntityKey[j.index.module.apply.resourcesUnion.entity.ResourcesUnion#3511], EntityKey[j.index.module.apply.resourcesUnion.entity.ResourcesUnion#3517], EntityKey[j.index.module.apply.resourcesUnion.entity.ResourcesUnion#3518], EntityKey[j.index.module.apply.resourcesUnion.entity.ResourcesUnion#3515], EntityKey[j.index.module.apply.resourcesUnion.entity.ResourcesUnion#3516], EntityKey[j.index.module.apply.resourcesUnion.entity.ResourcesUnion#3521], EntityKey[j.index.module.apply.resourcesUnion.entity.ResourcesUnion#3522], EntityKey[j.index.module.apply.resourcesUnion.entity.ResourcesUnion#3519], EntityKey[j.index.module.apply.resourcesUnion.entity.ResourcesUnion#3520], EntityKey[j.index.module.apply.resourcesUnion.entity.ResourcesUnion#3525], EntityKey[j.index.module.apply.resourcesUnion.entity.ResourcesUnion#3526], EntityKey[j.index.module.apply.resourcesUnion.entity.ResourcesUnion#3523], EntityKey[j.index.module.apply.resourcesUnion.entity.ResourcesUnion#3524], EntityKey[j.index.module.apply.resourcesUnion.entity.ResourcesUnion#3529], EntityKey[j.index.module.apply.resourcesUnion.entity.ResourcesUnion#3530], EntityKey[j.index.module.apply.resourcesUnion.entity.ResourcesUnion#3527], EntityKey[j.index.module.apply.resourcesUnion.entity.ResourcesUnion#3528], EntityKey[j.index.module.apply.resourcesUnion.entity.ResourcesUnion#3468], EntityKey[j.index.module.apply.resourcesUnion.entity.ResourcesUnion#3467], EntityKey[j.index.module.apply.resourcesUnion.entity.ResourcesUnion#3470], EntityKey[j.index.module.apply.resourcesUnion.entity.ResourcesUnion#3469], EntityKey[j.index.module.apply.resourcesUnion.entity.ResourcesUnion#3472], EntityKey[j.index.module.apply.resourcesUnion.entity.ResourcesUnion#3471], EntityKey[j.index.module.apply.resourcesUnion.entity.ResourcesUnion#3474], EntityKey[j.index.module.apply.resourcesUnion.entity.ResourcesUnion#3473], EntityKey[j.index.module.apply.resourcesUnion.entity.ResourcesUnion#3476], EntityKey[j.index.module.apply.resourcesUnion.entity.ResourcesUnion#3475], EntityKey[j.index.module.apply.resourcesUnion.entity.ResourcesUnion#3478], EntityKey[j.index.module.apply.resourcesUnion.entity.ResourcesUnion#3477], EntityKey[j.index.module.apply.resourcesUnion.entity.ResourcesUnion#3480], EntityKey[j.index.module.apply.resourcesUnion.entity.ResourcesUnion#3479], EntityKey[j.index.module.apply.resourcesUnion.entity.ResourcesUnion#3482], EntityKey[j.index.module.apply.resourcesUnion.entity.ResourcesUnion#3481], EntityKey[j.index.module.apply.resourcesUnion.entity.ResourcesUnion#3483], EntityKey[j.index.module.apply.resourcesUnion.entity.ResourcesUnion#3484], EntityKey[j.index.module.apply.resourcesUnion.entity.ResourcesUnion#3485], EntityKey[j.index.module.apply.resourcesUnion.entity.ResourcesUnion#3486], EntityKey[j.index.module.apply.resourcesUnion.entity.ResourcesUnion#3487], EntityKey[j.index.module.apply.resourcesUnion.entity.ResourcesUnion#3488], EntityKey[j.index.module.apply.resourcesUnion.entity.ResourcesUnion#3489], EntityKey[j.index.module.apply.resourcesUnion.entity.ResourcesUnion#3490], EntityKey[j.index.module.apply.resourcesUnion.entity.ResourcesUnion#3491], EntityKey[j.index.module.apply.resourcesUnion.entity.ResourcesUnion#3492], EntityKey[j.index.module.apply.resourcesUnion.entity.ResourcesUnion#3493], EntityKey[j.index.module.apply.resourcesUnion.entity.ResourcesUnion#3494], EntityKey[j.index.module.apply.resourcesUnion.entity.ResourcesUnion#3495], EntityKey[j.index.module.apply.resourcesUnion.entity.ResourcesUnion#3496], EntityKey[j.index.module.apply.resourcesUnion.entity.ResourcesUnion#3497], EntityKey[j.index.module.apply.resourcesUnion.entity.ResourcesUnion#3498], EntityKey[j.index.module.apply.resourcesUnion.entity.ResourcesUnion#3570], EntityKey[j.index.module.apply.resourcesUnion.entity.ResourcesUnion#3569], EntityKey[j.index.module.apply.resourcesUnion.entity.ResourcesUnion#3568], EntityKey[j.index.module.apply.resourcesUnion.entity.ResourcesUnion#3567], EntityKey[j.index.module.apply.resourcesUnion.entity.ResourcesUnion#3566], EntityKey[j.index.module.apply.resourcesUnion.entity.ResourcesUnion#3565], EntityKey[j.index.module.apply.resourcesUnion.entity.ResourcesUnion#3564], EntityKey[j.index.module.apply.resourcesUnion.entity.ResourcesUnion#3563], EntityKey[j.index.module.apply.resourcesUnion.entity.ResourcesUnion#3578], EntityKey[j.index.module.apply.resourcesUnion.entity.ResourcesUnion#3577], EntityKey[j.index.module.apply.resourcesUnion.entity.ResourcesUnion#3576], EntityKey[j.index.module.apply.resourcesUnion.entity.ResourcesUnion#3575], EntityKey[j.index.module.apply.resourcesUnion.entity.ResourcesUnion#3574], EntityKey[j.index.module.apply.resourcesUnion.entity.ResourcesUnion#3573], EntityKey[j.index.module.apply.resourcesUnion.entity.ResourcesUnion#3572], EntityKey[j.index.module.apply.resourcesUnion.entity.ResourcesUnion#3571], EntityKey[j.index.module.apply.resourcesUnion.entity.ResourcesUnion#3585], EntityKey[j.index.module.apply.resourcesUnion.entity.ResourcesUnion#3586], EntityKey[j.index.module.apply.resourcesUnion.entity.ResourcesUnion#3583], EntityKey[j.index.module.apply.resourcesUnion.entity.ResourcesUnion#3584], EntityKey[j.index.module.apply.resourcesUnion.entity.ResourcesUnion#3581], EntityKey[j.index.module.apply.resourcesUnion.entity.ResourcesUnion#3582], EntityKey[j.index.module.apply.resourcesUnion.entity.ResourcesUnion#3579], EntityKey[j.index.module.apply.resourcesUnion.entity.ResourcesUnion#3580], EntityKey[j.index.module.apply.resourcesUnion.entity.ResourcesUnion#3593], EntityKey[j.index.module.apply.resourcesUnion.entity.ResourcesUnion#3594], EntityKey[j.index.module.apply.resourcesUnion.entity.ResourcesUnion#3591], EntityKey[j.index.module.apply.resourcesUnion.entity.ResourcesUnion#3592], EntityKey[j.index.module.apply.resourcesUnion.entity.ResourcesUnion#3589], EntityKey[j.index.module.apply.resourcesUnion.entity.ResourcesUnion#3590], EntityKey[j.index.module.apply.resourcesUnion.entity.ResourcesUnion#3587], EntityKey[j.index.module.apply.resourcesUnion.entity.ResourcesUnion#3588], EntityKey[j.index.module.apply.resourcesUnion.entity.ResourcesUnion#3536], EntityKey[j.index.module.apply.resourcesUnion.entity.ResourcesUnion#3535], EntityKey[j.index.module.apply.resourcesUnion.entity.ResourcesUnion#3538], EntityKey[j.index.module.apply.resourcesUnion.entity.ResourcesUnion#3537], EntityKey[j.index.module.apply.resourcesUnion.entity.ResourcesUnion#3532], EntityKey[j.index.module.apply.resourcesUnion.entity.ResourcesUnion#3531], EntityKey[j.index.module.apply.resourcesUnion.entity.ResourcesUnion#3534], EntityKey[j.index.module.apply.resourcesUnion.entity.ResourcesUnion#3533], EntityKey[j.index.module.apply.resourcesUnion.entity.ResourcesUnion#3544], EntityKey[j.index.module.apply.resourcesUnion.entity.ResourcesUnion#3543], EntityKey[j.index.module.apply.resourcesUnion.entity.ResourcesUnion#3546], EntityKey[j.index.module.apply.resourcesUnion.entity.ResourcesUnion#3545], EntityKey[j.index.module.apply.resourcesUnion.entity.ResourcesUnion#3540], EntityKey[j.index.module.apply.resourcesUnion.entity.ResourcesUnion#3539], EntityKey[j.index.module.apply.resourcesUnion.entity.ResourcesUnion#3542], EntityKey[j.index.module.apply.resourcesUnion.entity.ResourcesUnion#3541], EntityKey[j.index.module.apply.resourcesUnion.entity.ResourcesUnion#3551], EntityKey[j.index.module.apply.resourcesUnion.entity.ResourcesUnion#3552], EntityKey[j.index.module.apply.resourcesUnion.entity.ResourcesUnion#3553], EntityKey[j.index.module.apply.resourcesUnion.entity.ResourcesUnion#3554], EntityKey[j.index.module.apply.resourcesUnion.entity.ResourcesUnion#3547], EntityKey[j.index.module.apply.resourcesUnion.entity.ResourcesUnion#3548], EntityKey[j.index.module.apply.resourcesUnion.entity.ResourcesUnion#3549], EntityKey[j.index.module.apply.resourcesUnion.entity.ResourcesUnion#3550], EntityKey[j.index.module.apply.resourcesUnion.entity.ResourcesUnion#3559], EntityKey[j.index.module.apply.resourcesUnion.entity.ResourcesUnion#3560], EntityKey[j.index.module.apply.resourcesUnion.entity.ResourcesUnion#3561], EntityKey[j.index.module.apply.resourcesUnion.entity.ResourcesUnion#3562], EntityKey[j.index.module.apply.resourcesUnion.entity.ResourcesUnion#3555], EntityKey[j.index.module.apply.resourcesUnion.entity.ResourcesUnion#3556], EntityKey[j.index.module.apply.resourcesUnion.entity.ResourcesUnion#3557], EntityKey[j.index.module.apply.resourcesUnion.entity.ResourcesUnion#3558], EntityKey[j.index.module.apply.resourcesUnion.entity.ResourcesUnion#3637], EntityKey[j.index.module.apply.resourcesUnion.entity.ResourcesUnion#3638], EntityKey[j.index.module.apply.resourcesUnion.entity.ResourcesUnion#3635], EntityKey[j.index.module.apply.resourcesUnion.entity.ResourcesUnion#3636], EntityKey[j.index.module.apply.resourcesUnion.entity.ResourcesUnion#3641], EntityKey[j.index.module.apply.resourcesUnion.entity.ResourcesUnion#3642], EntityKey[j.index.module.apply.resourcesUnion.entity.ResourcesUnion#3639], EntityKey[j.index.module.apply.resourcesUnion.entity.ResourcesUnion#3640], EntityKey[j.index.module.apply.resourcesUnion.entity.ResourcesUnion#3629], EntityKey[j.index.module.apply.resourcesUnion.entity.ResourcesUnion#3630], EntityKey[j.index.module.apply.resourcesUnion.entity.ResourcesUnion#3627], EntityKey[j.index.module.apply.resourcesUnion.entity.ResourcesUnion#3628], EntityKey[j.index.module.apply.resourcesUnion.entity.ResourcesUnion#3633], EntityKey[j.index.module.apply.resourcesUnion.entity.ResourcesUnion#3634], EntityKey[j.index.module.apply.resourcesUnion.entity.ResourcesUnion#3631], EntityKey[j.index.module.apply.resourcesUnion.entity.ResourcesUnion#3632], EntityKey[j.index.module.apply.resourcesUnion.entity.ResourcesUnion#3654], EntityKey[j.index.module.apply.resourcesUnion.entity.ResourcesUnion#3653], EntityKey[j.index.module.apply.resourcesUnion.entity.ResourcesUnion#3652], EntityKey[j.index.module.apply.resourcesUnion.entity.ResourcesUnion#3651], EntityKey[j.index.module.apply.resourcesUnion.entity.ResourcesUnion#3658], EntityKey[j.index.module.apply.resourcesUnion.entity.ResourcesUnion#3657], EntityKey[j.index.module.apply.resourcesUnion.entity.ResourcesUnion#3656], EntityKey[j.index.module.apply.resourcesUnion.entity.ResourcesUnion#3655], EntityKey[j.index.module.apply.resourcesUnion.entity.ResourcesUnion#3646], EntityKey[j.index.module.apply.resourcesUnion.entity.ResourcesUnion#3645], EntityKey[j.index.module.apply.resourcesUnion.entity.ResourcesUnion#3644], EntityKey[j.index.module.apply.resourcesUnion.entity.ResourcesUnion#3643], EntityKey[j.index.module.apply.resourcesUnion.entity.ResourcesUnion#3650], EntityKey[j.index.module.apply.resourcesUnion.entity.ResourcesUnion#3649], EntityKey[j.index.module.apply.resourcesUnion.entity.ResourcesUnion#3648], EntityKey[j.index.module.apply.resourcesUnion.entity.ResourcesUnion#3647], EntityKey[j.index.module.apply.resourcesUnion.entity.ResourcesUnion#3603], EntityKey[j.index.module.apply.resourcesUnion.entity.ResourcesUnion#3604], EntityKey[j.index.module.apply.resourcesUnion.entity.ResourcesUnion#3605], EntityKey[j.index.module.apply.resourcesUnion.entity.ResourcesUnion#3606], EntityKey[j.index.module.apply.resourcesUnion.entity.ResourcesUnion#3607], EntityKey[j.index.module.apply.resourcesUnion.entity.ResourcesUnion#3608], EntityKey[j.index.module.apply.resourcesUnion.entity.ResourcesUnion#3609], EntityKey[j.index.module.apply.resourcesUnion.entity.ResourcesUnion#3610], EntityKey[j.index.module.apply.resourcesUnion.entity.ResourcesUnion#3595], EntityKey[j.index.module.apply.resourcesUnion.entity.ResourcesUnion#3596], EntityKey[j.index.module.apply.resourcesUnion.entity.ResourcesUnion#3597], EntityKey[j.index.module.apply.resourcesUnion.entity.ResourcesUnion#3598], EntityKey[j.index.module.apply.resourcesUnion.entity.ResourcesUnion#3599], EntityKey[j.index.module.apply.resourcesUnion.entity.ResourcesUnion#3600], EntityKey[j.index.module.apply.resourcesUnion.entity.ResourcesUnion#3601], EntityKey[j.index.module.apply.resourcesUnion.entity.ResourcesUnion#3602], EntityKey[j.index.module.apply.resourcesUnion.entity.ResourcesUnion#3620], EntityKey[j.index.module.apply.resourcesUnion.entity.ResourcesUnion#3619], EntityKey[j.index.module.apply.resourcesUnion.entity.ResourcesUnion#3622], EntityKey[j.index.module.apply.resourcesUnion.entity.ResourcesUnion#3621], EntityKey[j.index.module.apply.resourcesUnion.entity.ResourcesUnion#3624], EntityKey[j.index.module.apply.resourcesUnion.entity.ResourcesUnion#3623], EntityKey[j.index.module.apply.resourcesUnion.entity.ResourcesUnion#3626], EntityKey[j.index.module.apply.resourcesUnion.entity.ResourcesUnion#3625], EntityKey[j.index.module.apply.resourcesUnion.entity.ResourcesUnion#3612], EntityKey[j.index.module.apply.resourcesUnion.entity.ResourcesUnion#3611], EntityKey[j.index.module.apply.resourcesUnion.entity.ResourcesUnion#3614], EntityKey[j.index.module.apply.resourcesUnion.entity.ResourcesUnion#3613], EntityKey[j.index.module.apply.resourcesUnion.entity.ResourcesUnion#3616], EntityKey[j.index.module.apply.resourcesUnion.entity.ResourcesUnion#3615], EntityKey[j.index.module.apply.resourcesUnion.entity.ResourcesUnion#3618], EntityKey[j.index.module.apply.resourcesUnion.entity.ResourcesUnion#3617], EntityKey[j.index.module.apply.resourcesUnion.entity.ResourcesUnion#3705], EntityKey[j.index.module.apply.resourcesUnion.entity.ResourcesUnion#3706], EntityKey[j.index.module.apply.resourcesUnion.entity.ResourcesUnion#3703], EntityKey[j.index.module.apply.resourcesUnion.entity.ResourcesUnion#3704], EntityKey[j.index.module.apply.resourcesUnion.entity.ResourcesUnion#3701], EntityKey[j.index.module.apply.resourcesUnion.entity.ResourcesUnion#3702], EntityKey[j.index.module.apply.resourcesUnion.entity.ResourcesUnion#3699], EntityKey[j.index.module.apply.resourcesUnion.entity.ResourcesUnion#3700], EntityKey[j.index.module.apply.resourcesUnion.entity.ResourcesUnion#3697], EntityKey[j.index.module.apply.resourcesUnion.entity.ResourcesUnion#3698], EntityKey[j.index.module.apply.resourcesUnion.entity.ResourcesUnion#3695], EntityKey[j.index.module.apply.resourcesUnion.entity.ResourcesUnion#3696], EntityKey[j.index.module.apply.resourcesUnion.entity.ResourcesUnion#3693], EntityKey[j.index.module.apply.resourcesUnion.entity.ResourcesUnion#3694], EntityKey[j.index.module.apply.resourcesUnion.entity.ResourcesUnion#3691], EntityKey[j.index.module.apply.resourcesUnion.entity.ResourcesUnion#3692], EntityKey[j.index.module.apply.resourcesUnion.entity.ResourcesUnion#3722], EntityKey[j.index.module.apply.resourcesUnion.entity.ResourcesUnion#3721], EntityKey[j.index.module.apply.resourcesUnion.entity.ResourcesUnion#3720], EntityKey[j.index.module.apply.resourcesUnion.entity.ResourcesUnion#3719], EntityKey[j.index.module.apply.resourcesUnion.entity.ResourcesUnion#3718], EntityKey[j.index.module.apply.resourcesUnion.entity.ResourcesUnion#3717], EntityKey[j.index.module.apply.resourcesUnion.entity.ResourcesUnion#3716], EntityKey[j.index.module.apply.resourcesUnion.entity.ResourcesUnion#3715], EntityKey[j.index.module.apply.resourcesUnion.entity.ResourcesUnion#3714], EntityKey[j.index.module.apply.resourcesUnion.entity.ResourcesUnion#3713], EntityKey[j.index.module.apply.resourcesUnion.entity.ResourcesUnion#3712], EntityKey[j.index.module.apply.resourcesUnion.entity.ResourcesUnion#3711], EntityKey[j.index.module.apply.resourcesUnion.entity.ResourcesUnion#3710], EntityKey[j.index.module.apply.resourcesUnion.entity.ResourcesUnion#3709], EntityKey[j.index.module.apply.resourcesUnion.entity.ResourcesUnion#3708], EntityKey[j.index.module.apply.resourcesUnion.entity.ResourcesUnion#3707], EntityKey[j.index.module.apply.resourcesUnion.entity.ResourcesUnion#3671], EntityKey[j.index.module.apply.resourcesUnion.entity.ResourcesUnion#3672], EntityKey[j.index.module.apply.resourcesUnion.entity.ResourcesUnion#3673], EntityKey[j.index.module.apply.resourcesUnion.entity.ResourcesUnion#3674], EntityKey[j.index.module.apply.resourcesUnion.entity.ResourcesUnion#3667], EntityKey[j.index.module.apply.resourcesUnion.entity.ResourcesUnion#3668], EntityKey[j.index.module.apply.resourcesUnion.entity.ResourcesUnion#3669], EntityKey[j.index.module.apply.resourcesUnion.entity.ResourcesUnion#3670], EntityKey[j.index.module.apply.resourcesUnion.entity.ResourcesUnion#3663], EntityKey[j.index.module.apply.resourcesUnion.entity.ResourcesUnion#3664], EntityKey[j.index.module.apply.resourcesUnion.entity.ResourcesUnion#3665], EntityKey[j.index.module.apply.resourcesUnion.entity.ResourcesUnion#3666], EntityKey[j.index.module.apply.resourcesUnion.entity.ResourcesUnion#3659], EntityKey[j.index.module.apply.resourcesUnion.entity.ResourcesUnion#3660], EntityKey[j.index.module.apply.resourcesUnion.entity.ResourcesUnion#3661], EntityKey[j.index.module.apply.resourcesUnion.entity.ResourcesUnion#3662], EntityKey[j.index.module.apply.resourcesUnion.entity.ResourcesUnion#3688], EntityKey[j.index.module.apply.resourcesUnion.entity.ResourcesUnion#3687], EntityKey[j.index.module.apply.resourcesUnion.entity.ResourcesUnion#3690], EntityKey[j.index.module.apply.resourcesUnion.entity.ResourcesUnion#3689], EntityKey[j.index.module.apply.resourcesUnion.entity.ResourcesUnion#3684], EntityKey[j.index.module.apply.resourcesUnion.entity.ResourcesUnion#3683], EntityKey[j.index.module.apply.resourcesUnion.entity.ResourcesUnion#3686], EntityKey[j.index.module.apply.resourcesUnion.entity.ResourcesUnion#3685], EntityKey[j.index.module.apply.resourcesUnion.entity.ResourcesUnion#3680], EntityKey[j.index.module.apply.resourcesUnion.entity.ResourcesUnion#3679], EntityKey[j.index.module.apply.resourcesUnion.entity.ResourcesUnion#3682], EntityKey[j.index.module.apply.resourcesUnion.entity.ResourcesUnion#3681], EntityKey[j.index.module.apply.resourcesUnion.entity.ResourcesUnion#3676], EntityKey[j.index.module.apply.resourcesUnion.entity.ResourcesUnion#3675], EntityKey[j.index.module.apply.resourcesUnion.entity.ResourcesUnion#3678], EntityKey[j.index.module.apply.resourcesUnion.entity.ResourcesUnion#3677], EntityKey[j.index.module.apply.resourcesUnion.entity.ResourcesUnion#4257], EntityKey[j.index.module.apply.resourcesUnion.entity.ResourcesUnion#4258], EntityKey[j.index.module.apply.resourcesUnion.entity.ResourcesUnion#4255], EntityKey[j.index.module.apply.resourcesUnion.entity.ResourcesUnion#4256], EntityKey[j.index.module.apply.resourcesUnion.entity.ResourcesUnion#4253], EntityKey[j.index.module.apply.resourcesUnion.entity.ResourcesUnion#4254], EntityKey[j.index.module.apply.resourcesUnion.entity.ResourcesUnion#4251], EntityKey[j.index.module.apply.resourcesUnion.entity.ResourcesUnion#4252], EntityKey[j.index.module.apply.resourcesUnion.entity.ResourcesUnion#4265], EntityKey[j.index.module.apply.resourcesUnion.entity.ResourcesUnion#4266], EntityKey[j.index.module.apply.resourcesUnion.entity.ResourcesUnion#4263], EntityKey[j.index.module.apply.resourcesUnion.entity.ResourcesUnion#4264], EntityKey[j.index.module.apply.resourcesUnion.entity.ResourcesUnion#4261], EntityKey[j.index.module.apply.resourcesUnion.entity.ResourcesUnion#4262], EntityKey[j.index.module.apply.resourcesUnion.entity.ResourcesUnion#4259], EntityKey[j.index.module.apply.resourcesUnion.entity.ResourcesUnion#4260], EntityKey[j.index.module.apply.resourcesUnion.entity.ResourcesUnion#4242], EntityKey[j.index.module.apply.resourcesUnion.entity.ResourcesUnion#4241], EntityKey[j.index.module.apply.resourcesUnion.entity.ResourcesUnion#4240], EntityKey[j.index.module.apply.resourcesUnion.entity.ResourcesUnion#4239], EntityKey[j.index.module.apply.resourcesUnion.entity.ResourcesUnion#4238], EntityKey[j.index.module.apply.resourcesUnion.entity.ResourcesUnion#4237], EntityKey[j.index.module.apply.resourcesUnion.entity.ResourcesUnion#4236], EntityKey[j.index.module.apply.resourcesUnion.entity.ResourcesUnion#4235], EntityKey[j.index.module.apply.resourcesUnion.entity.ResourcesUnion#4250], EntityKey[j.index.module.apply.resourcesUnion.entity.ResourcesUnion#4249], EntityKey[j.index.module.apply.resourcesUnion.entity.ResourcesUnion#4248], EntityKey[j.index.module.apply.resourcesUnion.entity.ResourcesUnion#4247], EntityKey[j.index.module.apply.resourcesUnion.entity.ResourcesUnion#4246], EntityKey[j.index.module.apply.resourcesUnion.entity.ResourcesUnion#4245], EntityKey[j.index.module.apply.resourcesUnion.entity.ResourcesUnion#4244], EntityKey[j.index.module.apply.resourcesUnion.entity.ResourcesUnion#4243], EntityKey[j.index.module.apply.resourcesUnion.entity.ResourcesUnion#4287], EntityKey[j.index.module.apply.resourcesUnion.entity.ResourcesUnion#4288], EntityKey[j.index.module.apply.resourcesUnion.entity.ResourcesUnion#4289], EntityKey[j.index.module.apply.resourcesUnion.entity.ResourcesUnion#4290], EntityKey[j.index.module.apply.resourcesUnion.entity.ResourcesUnion#4283], EntityKey[j.index.module.apply.resourcesUnion.entity.ResourcesUnion#4284], EntityKey[j.index.module.apply.resourcesUnion.entity.ResourcesUnion#4285], EntityKey[j.index.module.apply.resourcesUnion.entity.ResourcesUnion#4286], EntityKey[j.index.module.apply.resourcesUnion.entity.ResourcesUnion#4295], EntityKey[j.index.module.apply.resourcesUnion.entity.ResourcesUnion#4296], EntityKey[j.index.module.apply.resourcesUnion.entity.ResourcesUnion#4297], EntityKey[j.index.module.apply.resourcesUnion.entity.ResourcesUnion#4298], EntityKey[j.index.module.apply.resourcesUnion.entity.ResourcesUnion#4291], EntityKey[j.index.module.apply.resourcesUnion.entity.ResourcesUnion#4292], EntityKey[j.index.module.apply.resourcesUnion.entity.ResourcesUnion#4293], EntityKey[j.index.module.apply.resourcesUnion.entity.ResourcesUnion#4294], EntityKey[j.index.module.apply.resourcesUnion.entity.ResourcesUnion#4272], EntityKey[j.index.module.apply.resourcesUnion.entity.ResourcesUnion#4271], EntityKey[j.index.module.apply.resourcesUnion.entity.ResourcesUnion#4274], EntityKey[j.index.module.apply.resourcesUnion.entity.ResourcesUnion#4273], EntityKey[j.index.module.apply.resourcesUnion.entity.ResourcesUnion#4268], EntityKey[j.index.module.apply.resourcesUnion.entity.ResourcesUnion#4267], EntityKey[j.index.module.apply.resourcesUnion.entity.ResourcesUnion#4270], EntityKey[j.index.module.apply.resourcesUnion.entity.ResourcesUnion#4269], EntityKey[j.index.module.apply.resourcesUnion.entity.ResourcesUnion#4280], EntityKey[j.index.module.apply.resourcesUnion.entity.ResourcesUnion#4279], EntityKey[j.index.module.apply.resourcesUnion.entity.ResourcesUnion#4282], EntityKey[j.index.module.apply.resourcesUnion.entity.ResourcesUnion#4281], EntityKey[j.index.module.apply.resourcesUnion.entity.ResourcesUnion#4276], EntityKey[j.index.module.apply.resourcesUnion.entity.ResourcesUnion#4275], EntityKey[j.index.module.apply.resourcesUnion.entity.ResourcesUnion#4278], EntityKey[j.index.module.apply.resourcesUnion.entity.ResourcesUnion#4277], EntityKey[j.index.module.apply.resourcesUnion.entity.ResourcesUnion#4317], EntityKey[j.index.module.apply.resourcesUnion.entity.ResourcesUnion#4318], EntityKey[j.index.module.apply.resourcesUnion.entity.ResourcesUnion#4315], EntityKey[j.index.module.apply.resourcesUnion.entity.ResourcesUnion#4316], EntityKey[j.index.module.apply.resourcesUnion.entity.ResourcesUnion#4321], EntityKey[j.index.module.apply.resourcesUnion.entity.ResourcesUnion#4322], EntityKey[j.index.module.apply.resourcesUnion.entity.ResourcesUnion#4319], EntityKey[j.index.module.apply.resourcesUnion.entity.ResourcesUnion#4320], EntityKey[j.index.module.apply.resourcesUnion.entity.ResourcesUnion#4325], EntityKey[j.index.module.apply.resourcesUnion.entity.ResourcesUnion#4326], EntityKey[j.index.module.apply.resourcesUnion.entity.ResourcesUnion#4323], EntityKey[j.index.module.apply.resourcesUnion.entity.ResourcesUnion#4324], EntityKey[j.index.module.apply.resourcesUnion.entity.ResourcesUnion#4329], EntityKey[j.index.module.apply.resourcesUnion.entity.ResourcesUnion#4330], EntityKey[j.index.module.apply.resourcesUnion.entity.ResourcesUnion#4327], EntityKey[j.index.module.apply.resourcesUnion.entity.ResourcesUnion#4328], EntityKey[j.index.module.apply.resourcesUnion.entity.ResourcesUnion#4302], EntityKey[j.index.module.apply.resourcesUnion.entity.ResourcesUnion#4301], EntityKey[j.index.module.apply.resourcesUnion.entity.ResourcesUnion#4300], EntityKey[j.index.module.apply.resourcesUnion.entity.ResourcesUnion#4299], EntityKey[j.index.module.apply.resourcesUnion.entity.ResourcesUnion#4306], EntityKey[j.index.module.apply.resourcesUnion.entity.ResourcesUnion#4305], EntityKey[j.index.module.apply.resourcesUnion.entity.ResourcesUnion#4304], EntityKey[j.index.module.apply.resourcesUnion.entity.ResourcesUnion#4303], EntityKey[j.index.module.apply.resourcesUnion.entity.ResourcesUnion#4310], EntityKey[j.index.module.apply.resourcesUnion.entity.ResourcesUnion#4309], EntityKey[j.index.module.apply.resourcesUnion.entity.ResourcesUnion#4308], EntityKey[j.index.module.apply.resourcesUnion.entity.ResourcesUnion#4307], EntityKey[j.index.module.apply.resourcesUnion.entity.ResourcesUnion#4314], EntityKey[j.index.module.apply.resourcesUnion.entity.ResourcesUnion#4313], EntityKey[j.index.module.apply.resourcesUnion.entity.ResourcesUnion#4312], EntityKey[j.index.module.apply.resourcesUnion.entity.ResourcesUnion#4311], EntityKey[j.index.module.apply.resourcesUnion.entity.ResourcesUnion#4347], EntityKey[j.index.module.apply.resourcesUnion.entity.ResourcesUnion#4348], EntityKey[j.index.module.apply.resourcesUnion.entity.ResourcesUnion#4349], EntityKey[j.index.module.apply.resourcesUnion.entity.ResourcesUnion#4350], EntityKey[j.index.module.apply.resourcesUnion.entity.ResourcesUnion#4351], EntityKey[j.index.module.apply.resourcesUnion.entity.ResourcesUnion#4352], EntityKey[j.index.module.apply.resourcesUnion.entity.ResourcesUnion#4353], EntityKey[j.index.module.apply.resourcesUnion.entity.ResourcesUnion#4354], EntityKey[j.index.module.apply.resourcesUnion.entity.ResourcesUnion#4355], EntityKey[j.index.module.apply.resourcesUnion.entity.ResourcesUnion#4356], EntityKey[j.index.module.apply.resourcesUnion.entity.ResourcesUnion#4357], EntityKey[j.index.module.apply.resourcesUnion.entity.ResourcesUnion#4358], EntityKey[j.index.module.apply.resourcesUnion.entity.ResourcesUnion#4359], EntityKey[j.index.module.apply.resourcesUnion.entity.ResourcesUnion#4360], EntityKey[j.index.module.apply.resourcesUnion.entity.ResourcesUnion#4361], EntityKey[j.index.module.apply.resourcesUnion.entity.ResourcesUnion#4362], EntityKey[j.index.module.apply.resourcesUnion.entity.ResourcesUnion#4332], EntityKey[j.index.module.apply.resourcesUnion.entity.ResourcesUnion#4331], EntityKey[j.index.module.apply.resourcesUnion.entity.ResourcesUnion#4334], EntityKey[j.index.module.apply.resourcesUnion.entity.ResourcesUnion#4333], EntityKey[j.index.module.apply.resourcesUnion.entity.ResourcesUnion#4336], EntityKey[j.index.module.apply.resourcesUnion.entity.ResourcesUnion#4335], EntityKey[j.index.module.apply.resourcesUnion.entity.ResourcesUnion#4338], EntityKey[j.index.module.apply.resourcesUnion.entity.ResourcesUnion#4337], EntityKey[j.index.module.apply.resourcesUnion.entity.ResourcesUnion#4340], EntityKey[j.index.module.apply.resourcesUnion.entity.ResourcesUnion#4339], EntityKey[j.index.module.apply.resourcesUnion.entity.ResourcesUnion#4342], EntityKey[j.index.module.apply.resourcesUnion.entity.ResourcesUnion#4341], EntityKey[j.index.module.apply.resourcesUnion.entity.ResourcesUnion#4344], EntityKey[j.index.module.apply.resourcesUnion.entity.ResourcesUnion#4343], EntityKey[j.index.module.apply.resourcesUnion.entity.ResourcesUnion#4346], EntityKey[j.index.module.apply.resourcesUnion.entity.ResourcesUnion#4345], EntityKey[j.index.module.apply.resourcesUnion.entity.ResourcesUnion#4394], EntityKey[j.index.module.apply.resourcesUnion.entity.ResourcesUnion#4393], EntityKey[j.index.module.apply.resourcesUnion.entity.ResourcesUnion#4392], EntityKey[j.index.module.apply.resourcesUnion.entity.ResourcesUnion#4391], EntityKey[j.index.module.apply.resourcesUnion.entity.ResourcesUnion#4390], EntityKey[j.index.module.apply.resourcesUnion.entity.ResourcesUnion#4389], EntityKey[j.index.module.apply.resourcesUnion.entity.ResourcesUnion#4388], EntityKey[j.index.module.apply.resourcesUnion.entity.ResourcesUnion#4387], EntityKey[j.index.module.apply.resourcesUnion.entity.ResourcesUnion#4386], EntityKey[j.index.module.apply.resourcesUnion.entity.ResourcesUnion#4385], EntityKey[j.index.module.apply.resourcesUnion.entity.ResourcesUnion#4384], EntityKey[j.index.module.apply.resourcesUnion.entity.ResourcesUnion#4383], EntityKey[j.index.module.apply.resourcesUnion.entity.ResourcesUnion#4382], EntityKey[j.index.module.apply.resourcesUnion.entity.ResourcesUnion#4381], EntityKey[j.index.module.apply.resourcesUnion.entity.ResourcesUnion#4380], EntityKey[j.index.module.apply.resourcesUnion.entity.ResourcesUnion#4379], EntityKey[j.index.module.apply.resourcesUnion.entity.ResourcesUnion#4377], EntityKey[j.index.module.apply.resourcesUnion.entity.ResourcesUnion#4378], EntityKey[j.index.module.apply.resourcesUnion.entity.ResourcesUnion#4375], EntityKey[j.index.module.apply.resourcesUnion.entity.ResourcesUnion#4376], EntityKey[j.index.module.apply.resourcesUnion.entity.ResourcesUnion#4373], EntityKey[j.index.module.apply.resourcesUnion.entity.ResourcesUnion#4374], EntityKey[j.index.module.apply.resourcesUnion.entity.ResourcesUnion#4371], EntityKey[j.index.module.apply.resourcesUnion.entity.ResourcesUnion#4372], EntityKey[j.index.module.apply.resourcesUnion.entity.ResourcesUnion#4369], EntityKey[j.index.module.apply.resourcesUnion.entity.ResourcesUnion#4370], EntityKey[j.index.module.apply.resourcesUnion.entity.ResourcesUnion#4367], EntityKey[j.index.module.apply.resourcesUnion.entity.ResourcesUnion#4368], EntityKey[j.index.module.apply.resourcesUnion.entity.ResourcesUnion#4365], EntityKey[j.index.module.apply.resourcesUnion.entity.ResourcesUnion#4366], EntityKey[j.index.module.apply.resourcesUnion.entity.ResourcesUnion#4363], EntityKey[j.index.module.apply.resourcesUnion.entity.ResourcesUnion#4364], EntityKey[j.index.module.apply.resourcesUnion.entity.ResourcesUnion#4424], EntityKey[j.index.module.apply.resourcesUnion.entity.ResourcesUnion#4423], EntityKey[j.index.module.apply.resourcesUnion.entity.ResourcesUnion#4426], EntityKey[j.index.module.apply.resourcesUnion.entity.ResourcesUnion#4425], EntityKey[j.index.module.apply.resourcesUnion.entity.ResourcesUnion#4420], EntityKey[j.index.module.apply.resourcesUnion.entity.ResourcesUnion#4419], EntityKey[j.index.module.apply.resourcesUnion.entity.ResourcesUnion#4422], EntityKey[j.index.module.apply.resourcesUnion.entity.ResourcesUnion#4421], EntityKey[j.index.module.apply.resourcesUnion.entity.ResourcesUnion#4416], EntityKey[j.index.module.apply.resourcesUnion.entity.ResourcesUnion#4415], EntityKey[j.index.module.apply.resourcesUnion.entity.ResourcesUnion#4418], EntityKey[j.index.module.apply.resourcesUnion.entity.ResourcesUnion#4417], EntityKey[j.index.module.apply.resourcesUnion.entity.ResourcesUnion#4412], EntityKey[j.index.module.apply.resourcesUnion.entity.ResourcesUnion#4411], EntityKey[j.index.module.apply.resourcesUnion.entity.ResourcesUnion#4414], EntityKey[j.index.module.apply.resourcesUnion.entity.ResourcesUnion#4413], EntityKey[j.index.module.apply.resourcesUnion.entity.ResourcesUnion#4407], EntityKey[j.index.module.apply.resourcesUnion.entity.ResourcesUnion#4408], EntityKey[j.index.module.apply.resourcesUnion.entity.ResourcesUnion#4409], EntityKey[j.index.module.apply.resourcesUnion.entity.ResourcesUnion#4410], EntityKey[j.index.module.apply.resourcesUnion.entity.ResourcesUnion#4403], EntityKey[j.index.module.apply.resourcesUnion.entity.ResourcesUnion#4404], EntityKey[j.index.module.apply.resourcesUnion.entity.ResourcesUnion#4405], EntityKey[j.index.module.apply.resourcesUnion.entity.ResourcesUnion#4406], EntityKey[j.index.module.apply.resourcesUnion.entity.ResourcesUnion#4399], EntityKey[j.index.module.apply.resourcesUnion.entity.ResourcesUnion#4400], EntityKey[j.index.module.apply.resourcesUnion.entity.ResourcesUnion#4401], EntityKey[j.index.module.apply.resourcesUnion.entity.ResourcesUnion#4402], EntityKey[j.index.module.apply.resourcesUnion.entity.ResourcesUnion#4395], EntityKey[j.index.module.apply.resourcesUnion.entity.ResourcesUnion#4396], EntityKey[j.index.module.apply.resourcesUnion.entity.ResourcesUnion#4397], EntityKey[j.index.module.apply.resourcesUnion.entity.ResourcesUnion#4398], EntityKey[j.index.module.apply.resourcesUnion.entity.ResourcesUnion#4454], EntityKey[j.index.module.apply.resourcesUnion.entity.ResourcesUnion#4453], EntityKey[j.index.module.apply.resourcesUnion.entity.ResourcesUnion#4452], EntityKey[j.index.module.apply.resourcesUnion.entity.ResourcesUnion#4451], EntityKey[j.index.module.apply.resourcesUnion.entity.ResourcesUnion#4458], EntityKey[j.index.module.apply.resourcesUnion.entity.ResourcesUnion#4457], EntityKey[j.index.module.apply.resourcesUnion.entity.ResourcesUnion#4456], EntityKey[j.index.module.apply.resourcesUnion.entity.ResourcesUnion#4455], EntityKey[j.index.module.apply.resourcesUnion.entity.ResourcesUnion#4446], EntityKey[j.index.module.apply.resourcesUnion.entity.ResourcesUnion#4445], EntityKey[j.index.module.apply.resourcesUnion.entity.ResourcesUnion#4444], EntityKey[j.index.module.apply.resourcesUnion.entity.ResourcesUnion#4443], EntityKey[j.index.module.apply.resourcesUnion.entity.ResourcesUnion#4450], EntityKey[j.index.module.apply.resourcesUnion.entity.ResourcesUnion#4449], EntityKey[j.index.module.apply.resourcesUnion.entity.ResourcesUnion#4448], EntityKey[j.index.module.apply.resourcesUnion.entity.ResourcesUnion#4447], EntityKey[j.index.module.apply.resourcesUnion.entity.ResourcesUnion#4437], EntityKey[j.index.module.apply.resourcesUnion.entity.ResourcesUnion#4438], EntityKey[j.index.module.apply.resourcesUnion.entity.ResourcesUnion#4435], EntityKey[j.index.module.apply.resourcesUnion.entity.ResourcesUnion#4436], EntityKey[j.index.module.apply.resourcesUnion.entity.ResourcesUnion#4441], EntityKey[j.index.module.apply.resourcesUnion.entity.ResourcesUnion#4442], EntityKey[j.index.module.apply.resourcesUnion.entity.ResourcesUnion#4439], EntityKey[j.index.module.apply.resourcesUnion.entity.ResourcesUnion#4440], EntityKey[j.index.module.apply.resourcesUnion.entity.ResourcesUnion#4429], EntityKey[j.index.module.apply.resourcesUnion.entity.ResourcesUnion#4430], EntityKey[j.index.module.apply.resourcesUnion.entity.ResourcesUnion#4427], EntityKey[j.index.module.apply.resourcesUnion.entity.ResourcesUnion#4428], EntityKey[j.index.module.apply.resourcesUnion.entity.ResourcesUnion#4433], EntityKey[j.index.module.apply.resourcesUnion.entity.ResourcesUnion#4434], EntityKey[j.index.module.apply.resourcesUnion.entity.ResourcesUnion#4431], EntityKey[j.index.module.apply.resourcesUnion.entity.ResourcesUnion#4432], EntityKey[j.index.module.apply.resourcesUnion.entity.ResourcesUnion#4484], EntityKey[j.index.module.apply.resourcesUnion.entity.ResourcesUnion#4483], EntityKey[j.index.module.apply.resourcesUnion.entity.ResourcesUnion#4486], EntityKey[j.index.module.apply.resourcesUnion.entity.ResourcesUnion#4485], EntityKey[j.index.module.apply.resourcesUnion.entity.ResourcesUnion#4488], EntityKey[j.index.module.apply.resourcesUnion.entity.ResourcesUnion#4487], EntityKey[j.index.module.apply.resourcesUnion.entity.ResourcesUnion#4490], EntityKey[j.index.module.apply.resourcesUnion.entity.ResourcesUnion#4489], EntityKey[j.index.module.apply.resourcesUnion.entity.ResourcesUnion#4476], EntityKey[j.index.module.apply.resourcesUnion.entity.ResourcesUnion#4475], EntityKey[j.index.module.apply.resourcesUnion.entity.ResourcesUnion#4478], EntityKey[j.index.module.apply.resourcesUnion.entity.ResourcesUnion#4477], EntityKey[j.index.module.apply.resourcesUnion.entity.ResourcesUnion#4480], EntityKey[j.index.module.apply.resourcesUnion.entity.ResourcesUnion#4479], EntityKey[j.index.module.apply.resourcesUnion.entity.ResourcesUnion#4482], EntityKey[j.index.module.apply.resourcesUnion.entity.ResourcesUnion#4481], EntityKey[j.index.module.apply.resourcesUnion.entity.ResourcesUnion#4467], EntityKey[j.index.module.apply.resourcesUnion.entity.ResourcesUnion#4468], EntityKey[j.index.module.apply.resourcesUnion.entity.ResourcesUnion#4469], EntityKey[j.index.module.apply.resourcesUnion.entity.ResourcesUnion#4470], EntityKey[j.index.module.apply.resourcesUnion.entity.ResourcesUnion#4471], EntityKey[j.index.module.apply.resourcesUnion.entity.ResourcesUnion#4472], EntityKey[j.index.module.apply.resourcesUnion.entity.ResourcesUnion#4473], EntityKey[j.index.module.apply.resourcesUnion.entity.ResourcesUnion#4474], EntityKey[j.index.module.apply.resourcesUnion.entity.ResourcesUnion#4459], EntityKey[j.index.module.apply.resourcesUnion.entity.ResourcesUnion#4460], EntityKey[j.index.module.apply.resourcesUnion.entity.ResourcesUnion#4461], EntityKey[j.index.module.apply.resourcesUnion.entity.ResourcesUnion#4462], EntityKey[j.index.module.apply.resourcesUnion.entity.ResourcesUnion#4463], EntityKey[j.index.module.apply.resourcesUnion.entity.ResourcesUnion#4464], EntityKey[j.index.module.apply.resourcesUnion.entity.ResourcesUnion#4465], EntityKey[j.index.module.apply.resourcesUnion.entity.ResourcesUnion#4466], EntityKey[j.index.module.apply.resourcesUnion.entity.ResourcesUnion#3984], EntityKey[j.index.module.apply.resourcesUnion.entity.ResourcesUnion#3983], EntityKey[j.index.module.apply.resourcesUnion.entity.ResourcesUnion#3986], EntityKey[j.index.module.apply.resourcesUnion.entity.ResourcesUnion#3985], EntityKey[j.index.module.apply.resourcesUnion.entity.ResourcesUnion#3980], EntityKey[j.index.module.apply.resourcesUnion.entity.ResourcesUnion#3979], EntityKey[j.index.module.apply.resourcesUnion.entity.ResourcesUnion#3982], EntityKey[j.index.module.apply.resourcesUnion.entity.ResourcesUnion#3981], EntityKey[j.index.module.apply.resourcesUnion.entity.ResourcesUnion#3992], EntityKey[j.index.module.apply.resourcesUnion.entity.ResourcesUnion#3991], EntityKey[j.index.module.apply.resourcesUnion.entity.ResourcesUnion#3994], EntityKey[j.index.module.apply.resourcesUnion.entity.ResourcesUnion#3993], EntityKey[j.index.module.apply.resourcesUnion.entity.ResourcesUnion#3988], EntityKey[j.index.module.apply.resourcesUnion.entity.ResourcesUnion#3987], EntityKey[j.index.module.apply.resourcesUnion.entity.ResourcesUnion#3990], EntityKey[j.index.module.apply.resourcesUnion.entity.ResourcesUnion#3989], EntityKey[j.index.module.apply.resourcesUnion.entity.ResourcesUnion#3999], EntityKey[j.index.module.apply.resourcesUnion.entity.ResourcesUnion#4000], EntityKey[j.index.module.apply.resourcesUnion.entity.ResourcesUnion#4001], EntityKey[j.index.module.apply.resourcesUnion.entity.ResourcesUnion#4002], EntityKey[j.index.module.apply.resourcesUnion.entity.ResourcesUnion#3995], EntityKey[j.index.module.apply.resourcesUnion.entity.ResourcesUnion#3996], EntityKey[j.index.module.apply.resourcesUnion.entity.ResourcesUnion#3997], EntityKey[j.index.module.apply.resourcesUnion.entity.ResourcesUnion#3998], EntityKey[j.index.module.apply.resourcesUnion.entity.ResourcesUnion#4007], EntityKey[j.index.module.apply.resourcesUnion.entity.ResourcesUnion#4008], EntityKey[j.index.module.apply.resourcesUnion.entity.ResourcesUnion#4009], EntityKey[j.index.module.apply.resourcesUnion.entity.ResourcesUnion#4010], EntityKey[j.index.module.apply.resourcesUnion.entity.ResourcesUnion#4003], EntityKey[j.index.module.apply.resourcesUnion.entity.ResourcesUnion#4004], EntityKey[j.index.module.apply.resourcesUnion.entity.ResourcesUnion#4005], EntityKey[j.index.module.apply.resourcesUnion.entity.ResourcesUnion#4006], EntityKey[j.index.module.apply.resourcesUnion.entity.ResourcesUnion#4018], EntityKey[j.index.module.apply.resourcesUnion.entity.ResourcesUnion#4017], EntityKey[j.index.module.apply.resourcesUnion.entity.ResourcesUnion#4016], EntityKey[j.index.module.apply.resourcesUnion.entity.ResourcesUnion#4015], EntityKey[j.index.module.apply.resourcesUnion.entity.ResourcesUnion#4014], EntityKey[j.index.module.apply.resourcesUnion.entity.ResourcesUnion#4013], EntityKey[j.index.module.apply.resourcesUnion.entity.ResourcesUnion#4012], EntityKey[j.index.module.apply.resourcesUnion.entity.ResourcesUnion#4011], EntityKey[j.index.module.apply.resourcesUnion.entity.ResourcesUnion#4026], EntityKey[j.index.module.apply.resourcesUnion.entity.ResourcesUnion#4025], EntityKey[j.index.module.apply.resourcesUnion.entity.ResourcesUnion#4024], EntityKey[j.index.module.apply.resourcesUnion.entity.ResourcesUnion#4023], EntityKey[j.index.module.apply.resourcesUnion.entity.ResourcesUnion#4022], EntityKey[j.index.module.apply.resourcesUnion.entity.ResourcesUnion#4021], EntityKey[j.index.module.apply.resourcesUnion.entity.ResourcesUnion#4020], EntityKey[j.index.module.apply.resourcesUnion.entity.ResourcesUnion#4019], EntityKey[j.index.module.apply.resourcesUnion.entity.ResourcesUnion#4033], EntityKey[j.index.module.apply.resourcesUnion.entity.ResourcesUnion#4034], EntityKey[j.index.module.apply.resourcesUnion.entity.ResourcesUnion#4031], EntityKey[j.index.module.apply.resourcesUnion.entity.ResourcesUnion#4032], EntityKey[j.index.module.apply.resourcesUnion.entity.ResourcesUnion#4029], EntityKey[j.index.module.apply.resourcesUnion.entity.ResourcesUnion#4030], EntityKey[j.index.module.apply.resourcesUnion.entity.ResourcesUnion#4027], EntityKey[j.index.module.apply.resourcesUnion.entity.ResourcesUnion#4028], EntityKey[j.index.module.apply.resourcesUnion.entity.ResourcesUnion#4041], EntityKey[j.index.module.apply.resourcesUnion.entity.ResourcesUnion#4042], EntityKey[j.index.module.apply.resourcesUnion.entity.ResourcesUnion#4039], EntityKey[j.index.module.apply.resourcesUnion.entity.ResourcesUnion#4040], EntityKey[j.index.module.apply.resourcesUnion.entity.ResourcesUnion#4037], EntityKey[j.index.module.apply.resourcesUnion.entity.ResourcesUnion#4038], EntityKey[j.index.module.apply.resourcesUnion.entity.ResourcesUnion#4035], EntityKey[j.index.module.apply.resourcesUnion.entity.ResourcesUnion#4036], EntityKey[j.index.module.apply.resourcesUnion.entity.ResourcesUnion#4044], EntityKey[j.index.module.apply.resourcesUnion.entity.ResourcesUnion#4043], EntityKey[j.index.module.apply.resourcesUnion.entity.ResourcesUnion#4046], EntityKey[j.index.module.apply.resourcesUnion.entity.ResourcesUnion#4045], EntityKey[j.index.module.apply.resourcesUnion.entity.ResourcesUnion#4048], EntityKey[j.index.module.apply.resourcesUnion.entity.ResourcesUnion#4047], EntityKey[j.index.module.apply.resourcesUnion.entity.ResourcesUnion#4050], EntityKey[j.index.module.apply.resourcesUnion.entity.ResourcesUnion#4049], EntityKey[j.index.module.apply.resourcesUnion.entity.ResourcesUnion#4052], EntityKey[j.index.module.apply.resourcesUnion.entity.ResourcesUnion#4051], EntityKey[j.index.module.apply.resourcesUnion.entity.ResourcesUnion#4054], EntityKey[j.index.module.apply.resourcesUnion.entity.ResourcesUnion#4053], EntityKey[j.index.module.apply.resourcesUnion.entity.ResourcesUnion#4056], EntityKey[j.index.module.apply.resourcesUnion.entity.ResourcesUnion#4055], EntityKey[j.index.module.apply.resourcesUnion.entity.ResourcesUnion#4058], EntityKey[j.index.module.apply.resourcesUnion.entity.ResourcesUnion#4057], EntityKey[j.index.module.apply.resourcesUnion.entity.ResourcesUnion#4059], EntityKey[j.index.module.apply.resourcesUnion.entity.ResourcesUnion#4060], EntityKey[j.index.module.apply.resourcesUnion.entity.ResourcesUnion#4061], EntityKey[j.index.module.apply.resourcesUnion.entity.ResourcesUnion#4062], EntityKey[j.index.module.apply.resourcesUnion.entity.ResourcesUnion#4063], EntityKey[j.index.module.apply.resourcesUnion.entity.ResourcesUnion#4064], EntityKey[j.index.module.apply.resourcesUnion.entity.ResourcesUnion#4065], EntityKey[j.index.module.apply.resourcesUnion.entity.ResourcesUnion#4066], EntityKey[j.index.module.apply.resourcesUnion.entity.ResourcesUnion#4067], EntityKey[j.index.module.apply.resourcesUnion.entity.ResourcesUnion#4068], EntityKey[j.index.module.apply.resourcesUnion.entity.ResourcesUnion#4069], EntityKey[j.index.module.apply.resourcesUnion.entity.ResourcesUnion#4070], EntityKey[j.index.module.apply.resourcesUnion.entity.ResourcesUnion#4071], EntityKey[j.index.module.apply.resourcesUnion.entity.ResourcesUnion#4072], EntityKey[j.index.module.apply.resourcesUnion.entity.ResourcesUnion#4073], EntityKey[j.index.module.apply.resourcesUnion.entity.ResourcesUnion#4074], EntityKey[j.index.module.apply.resourcesUnion.entity.ResourcesUnion#4078], EntityKey[j.index.module.apply.resourcesUnion.entity.ResourcesUnion#4077], EntityKey[j.index.module.apply.resourcesUnion.entity.ResourcesUnion#4076], EntityKey[j.index.module.apply.resourcesUnion.entity.ResourcesUnion#4075], EntityKey[j.index.module.apply.resourcesUnion.entity.ResourcesUnion#4082], EntityKey[j.index.module.apply.resourcesUnion.entity.ResourcesUnion#4081], EntityKey[j.index.module.apply.resourcesUnion.entity.ResourcesUnion#4080], EntityKey[j.index.module.apply.resourcesUnion.entity.ResourcesUnion#4079], EntityKey[j.index.module.apply.resourcesUnion.entity.ResourcesUnion#4086], EntityKey[j.index.module.apply.resourcesUnion.entity.ResourcesUnion#4085], EntityKey[j.index.module.apply.resourcesUnion.entity.ResourcesUnion#4084], EntityKey[j.index.module.apply.resourcesUnion.entity.ResourcesUnion#4083], EntityKey[j.index.module.apply.resourcesUnion.entity.ResourcesUnion#4090], EntityKey[j.index.module.apply.resourcesUnion.entity.ResourcesUnion#4089], EntityKey[j.index.module.apply.resourcesUnion.entity.ResourcesUnion#4088], EntityKey[j.index.module.apply.resourcesUnion.entity.ResourcesUnion#4087], EntityKey[j.index.module.apply.resourcesUnion.entity.ResourcesUnion#4093], EntityKey[j.index.module.apply.resourcesUnion.entity.ResourcesUnion#4094], EntityKey[j.index.module.apply.resourcesUnion.entity.ResourcesUnion#4091], EntityKey[j.index.module.apply.resourcesUnion.entity.ResourcesUnion#4092], EntityKey[j.index.module.apply.resourcesUnion.entity.ResourcesUnion#4097], EntityKey[j.index.module.apply.resourcesUnion.entity.ResourcesUnion#4098], EntityKey[j.index.module.apply.resourcesUnion.entity.ResourcesUnion#4095], EntityKey[j.index.module.apply.resourcesUnion.entity.ResourcesUnion#4096], EntityKey[j.index.module.apply.resourcesUnion.entity.ResourcesUnion#4101], EntityKey[j.index.module.apply.resourcesUnion.entity.ResourcesUnion#4102], EntityKey[j.index.module.apply.resourcesUnion.entity.ResourcesUnion#4099], EntityKey[j.index.module.apply.resourcesUnion.entity.ResourcesUnion#4100], EntityKey[j.index.module.apply.resourcesUnion.entity.ResourcesUnion#4105], EntityKey[j.index.module.apply.resourcesUnion.entity.ResourcesUnion#4106], EntityKey[j.index.module.apply.resourcesUnion.entity.ResourcesUnion#4103], EntityKey[j.index.module.apply.resourcesUnion.entity.ResourcesUnion#4104], EntityKey[j.index.module.apply.resourcesUnion.entity.ResourcesUnion#4119], EntityKey[j.index.module.apply.resourcesUnion.entity.ResourcesUnion#4120], EntityKey[j.index.module.apply.resourcesUnion.entity.ResourcesUnion#4121], EntityKey[j.index.module.apply.resourcesUnion.entity.ResourcesUnion#4122], EntityKey[j.index.module.apply.resourcesUnion.entity.ResourcesUnion#4115], EntityKey[j.index.module.apply.resourcesUnion.entity.ResourcesUnion#4116], EntityKey[j.index.module.apply.resourcesUnion.entity.ResourcesUnion#4117], EntityKey[j.index.module.apply.resourcesUnion.entity.ResourcesUnion#4118], EntityKey[j.index.module.apply.resourcesUnion.entity.ResourcesUnion#4111], EntityKey[j.index.module.apply.resourcesUnion.entity.ResourcesUnion#4112], EntityKey[j.index.module.apply.resourcesUnion.entity.ResourcesUnion#4113], EntityKey[j.index.module.apply.resourcesUnion.entity.ResourcesUnion#4114], EntityKey[j.index.module.apply.resourcesUnion.entity.ResourcesUnion#4107], EntityKey[j.index.module.apply.resourcesUnion.entity.ResourcesUnion#4108], EntityKey[j.index.module.apply.resourcesUnion.entity.ResourcesUnion#4109], EntityKey[j.index.module.apply.resourcesUnion.entity.ResourcesUnion#4110], EntityKey[j.index.module.apply.resourcesUnion.entity.ResourcesUnion#4136], EntityKey[j.index.module.apply.resourcesUnion.entity.ResourcesUnion#4135], EntityKey[j.index.module.apply.resourcesUnion.entity.ResourcesUnion#4138], EntityKey[j.index.module.apply.resourcesUnion.entity.ResourcesUnion#4137], EntityKey[j.index.module.apply.resourcesUnion.entity.ResourcesUnion#4132], EntityKey[j.index.module.apply.resourcesUnion.entity.ResourcesUnion#4131], EntityKey[j.index.module.apply.resourcesUnion.entity.ResourcesUnion#4134], EntityKey[j.index.module.apply.resourcesUnion.entity.ResourcesUnion#4133], EntityKey[j.index.module.apply.resourcesUnion.entity.ResourcesUnion#4128], EntityKey[j.index.module.apply.resourcesUnion.entity.ResourcesUnion#4127], EntityKey[j.index.module.apply.resourcesUnion.entity.ResourcesUnion#4130], EntityKey[j.index.module.apply.resourcesUnion.entity.ResourcesUnion#4129], EntityKey[j.index.module.apply.resourcesUnion.entity.ResourcesUnion#4124], EntityKey[j.index.module.apply.resourcesUnion.entity.ResourcesUnion#4123], EntityKey[j.index.module.apply.resourcesUnion.entity.ResourcesUnion#4126], EntityKey[j.index.module.apply.resourcesUnion.entity.ResourcesUnion#4125], EntityKey[j.index.module.apply.resourcesUnion.entity.ResourcesUnion#4153], EntityKey[j.index.module.apply.resourcesUnion.entity.ResourcesUnion#4154], EntityKey[j.index.module.apply.resourcesUnion.entity.ResourcesUnion#4151], EntityKey[j.index.module.apply.resourcesUnion.entity.ResourcesUnion#4152], EntityKey[j.index.module.apply.resourcesUnion.entity.ResourcesUnion#4149], EntityKey[j.index.module.apply.resourcesUnion.entity.ResourcesUnion#4150], EntityKey[j.index.module.apply.resourcesUnion.entity.ResourcesUnion#4147], EntityKey[j.index.module.apply.resourcesUnion.entity.ResourcesUnion#4148], EntityKey[j.index.module.apply.resourcesUnion.entity.ResourcesUnion#4145], EntityKey[j.index.module.apply.resourcesUnion.entity.ResourcesUnion#4146], EntityKey[j.index.module.apply.resourcesUnion.entity.ResourcesUnion#4143], EntityKey[j.index.module.apply.resourcesUnion.entity.ResourcesUnion#4144], EntityKey[j.index.module.apply.resourcesUnion.entity.ResourcesUnion#4141], EntityKey[j.index.module.apply.resourcesUnion.entity.ResourcesUnion#4142], EntityKey[j.index.module.apply.resourcesUnion.entity.ResourcesUnion#4139], EntityKey[j.index.module.apply.resourcesUnion.entity.ResourcesUnion#4140], EntityKey[j.index.module.apply.resourcesUnion.entity.ResourcesUnion#4170], EntityKey[j.index.module.apply.resourcesUnion.entity.ResourcesUnion#4169], EntityKey[j.index.module.apply.resourcesUnion.entity.ResourcesUnion#4168], EntityKey[j.index.module.apply.resourcesUnion.entity.ResourcesUnion#4167], EntityKey[j.index.module.apply.resourcesUnion.entity.ResourcesUnion#4166], EntityKey[j.index.module.apply.resourcesUnion.entity.ResourcesUnion#4165], EntityKey[j.index.module.apply.resourcesUnion.entity.ResourcesUnion#4164], EntityKey[j.index.module.apply.resourcesUnion.entity.ResourcesUnion#4163], EntityKey[j.index.module.apply.resourcesUnion.entity.ResourcesUnion#4162], EntityKey[j.index.module.apply.resourcesUnion.entity.ResourcesUnion#4161], EntityKey[j.index.module.apply.resourcesUnion.entity.ResourcesUnion#4160], EntityKey[j.index.module.apply.resourcesUnion.entity.ResourcesUnion#4159], EntityKey[j.index.module.apply.resourcesUnion.entity.ResourcesUnion#4158], EntityKey[j.index.module.apply.resourcesUnion.entity.ResourcesUnion#4157], EntityKey[j.index.module.apply.resourcesUnion.entity.ResourcesUnion#4156], EntityKey[j.index.module.apply.resourcesUnion.entity.ResourcesUnion#4155], EntityKey[j.index.module.apply.resourcesUnion.entity.ResourcesUnion#4179], EntityKey[j.index.module.apply.resourcesUnion.entity.ResourcesUnion#4180], EntityKey[j.index.module.apply.resourcesUnion.entity.ResourcesUnion#4181], EntityKey[j.index.module.apply.resourcesUnion.entity.ResourcesUnion#4182], EntityKey[j.index.module.apply.resourcesUnion.entity.ResourcesUnion#4183], EntityKey[j.index.module.apply.resourcesUnion.entity.ResourcesUnion#4184], EntityKey[j.index.module.apply.resourcesUnion.entity.ResourcesUnion#4185], EntityKey[j.index.module.apply.resourcesUnion.entity.ResourcesUnion#4186], EntityKey[j.index.module.apply.resourcesUnion.entity.ResourcesUnion#4171], EntityKey[j.index.module.apply.resourcesUnion.entity.ResourcesUnion#4172], EntityKey[j.index.module.apply.resourcesUnion.entity.ResourcesUnion#4173], EntityKey[j.index.module.apply.resourcesUnion.entity.ResourcesUnion#4174], EntityKey[j.index.module.apply.resourcesUnion.entity.ResourcesUnion#4175], EntityKey[j.index.module.apply.resourcesUnion.entity.ResourcesUnion#4176], EntityKey[j.index.module.apply.resourcesUnion.entity.ResourcesUnion#4177], EntityKey[j.index.module.apply.resourcesUnion.entity.ResourcesUnion#4178], EntityKey[j.index.module.apply.resourcesUnion.entity.ResourcesUnion#4196], EntityKey[j.index.module.apply.resourcesUnion.entity.ResourcesUnion#4195], EntityKey[j.index.module.apply.resourcesUnion.entity.ResourcesUnion#4198], EntityKey[j.index.module.apply.resourcesUnion.entity.ResourcesUnion#4197], EntityKey[j.index.module.apply.resourcesUnion.entity.ResourcesUnion#4200], EntityKey[j.index.module.apply.resourcesUnion.entity.ResourcesUnion#4199], EntityKey[j.index.module.apply.resourcesUnion.entity.ResourcesUnion#4202], EntityKey[j.index.module.apply.resourcesUnion.entity.ResourcesUnion#4201], EntityKey[j.index.module.apply.resourcesUnion.entity.ResourcesUnion#4188], EntityKey[j.index.module.apply.resourcesUnion.entity.ResourcesUnion#4187], EntityKey[j.index.module.apply.resourcesUnion.entity.ResourcesUnion#4190], EntityKey[j.index.module.apply.resourcesUnion.entity.ResourcesUnion#4189], EntityKey[j.index.module.apply.resourcesUnion.entity.ResourcesUnion#4192], EntityKey[j.index.module.apply.resourcesUnion.entity.ResourcesUnion#4191], EntityKey[j.index.module.apply.resourcesUnion.entity.ResourcesUnion#4194], EntityKey[j.index.module.apply.resourcesUnion.entity.ResourcesUnion#4193], EntityKey[j.index.module.apply.resourcesUnion.entity.ResourcesUnion#4213], EntityKey[j.index.module.apply.resourcesUnion.entity.ResourcesUnion#4214], EntityKey[j.index.module.apply.resourcesUnion.entity.ResourcesUnion#4211], EntityKey[j.index.module.apply.resourcesUnion.entity.ResourcesUnion#4212], EntityKey[j.index.module.apply.resourcesUnion.entity.ResourcesUnion#4217], EntityKey[j.index.module.apply.resourcesUnion.entity.ResourcesUnion#4218], EntityKey[j.index.module.apply.resourcesUnion.entity.ResourcesUnion#4215], EntityKey[j.index.module.apply.resourcesUnion.entity.ResourcesUnion#4216], EntityKey[j.index.module.apply.resourcesUnion.entity.ResourcesUnion#4205], EntityKey[j.index.module.apply.resourcesUnion.entity.ResourcesUnion#4206], EntityKey[j.index.module.apply.resourcesUnion.entity.ResourcesUnion#4203], EntityKey[j.index.module.apply.resourcesUnion.entity.ResourcesUnion#4204], EntityKey[j.index.module.apply.resourcesUnion.entity.ResourcesUnion#4209], EntityKey[j.index.module.apply.resourcesUnion.entity.ResourcesUnion#4210], EntityKey[j.index.module.apply.resourcesUnion.entity.ResourcesUnion#4207], EntityKey[j.index.module.apply.resourcesUnion.entity.ResourcesUnion#4208], EntityKey[j.index.module.apply.resourcesUnion.entity.ResourcesUnion#4230], EntityKey[j.index.module.apply.resourcesUnion.entity.ResourcesUnion#4229], EntityKey[j.index.module.apply.resourcesUnion.entity.ResourcesUnion#4228], EntityKey[j.index.module.apply.resourcesUnion.entity.ResourcesUnion#4227], EntityKey[j.index.module.apply.resourcesUnion.entity.ResourcesUnion#4234], EntityKey[j.index.module.apply.resourcesUnion.entity.ResourcesUnion#4233], EntityKey[j.index.module.apply.resourcesUnion.entity.ResourcesUnion#4232], EntityKey[j.index.module.apply.resourcesUnion.entity.ResourcesUnion#4231], EntityKey[j.index.module.apply.resourcesUnion.entity.ResourcesUnion#4222], EntityKey[j.index.module.apply.resourcesUnion.entity.ResourcesUnion#4221], EntityKey[j.index.module.apply.resourcesUnion.entity.ResourcesUnion#4220], EntityKey[j.index.module.apply.resourcesUnion.entity.ResourcesUnion#4219], EntityKey[j.index.module.apply.resourcesUnion.entity.ResourcesUnion#4226], EntityKey[j.index.module.apply.resourcesUnion.entity.ResourcesUnion#4225], EntityKey[j.index.module.apply.resourcesUnion.entity.ResourcesUnion#4224], EntityKey[j.index.module.apply.resourcesUnion.entity.ResourcesUnion#4223], EntityKey[j.index.module.apply.resourcesUnion.entity.ResourcesUnion#4871], EntityKey[j.index.module.apply.resourcesUnion.entity.ResourcesUnion#4872], EntityKey[j.index.module.apply.resourcesUnion.entity.ResourcesUnion#4873], EntityKey[j.index.module.apply.resourcesUnion.entity.ResourcesUnion#4874], EntityKey[j.index.module.apply.resourcesUnion.entity.ResourcesUnion#4867], EntityKey[j.index.module.apply.resourcesUnion.entity.ResourcesUnion#4868], EntityKey[j.index.module.apply.resourcesUnion.entity.ResourcesUnion#4869], EntityKey[j.index.module.apply.resourcesUnion.entity.ResourcesUnion#4870], EntityKey[j.index.module.apply.resourcesUnion.entity.ResourcesUnion#4863], EntityKey[j.index.module.apply.resourcesUnion.entity.ResourcesUnion#4864], EntityKey[j.index.module.apply.resourcesUnion.entity.ResourcesUnion#4865], EntityKey[j.index.module.apply.resourcesUnion.entity.ResourcesUnion#4866], EntityKey[j.index.module.apply.resourcesUnion.entity.ResourcesUnion#4859], EntityKey[j.index.module.apply.resourcesUnion.entity.ResourcesUnion#4860], EntityKey[j.index.module.apply.resourcesUnion.entity.ResourcesUnion#4861], EntityKey[j.index.module.apply.resourcesUnion.entity.ResourcesUnion#4862], EntityKey[j.index.module.apply.resourcesUnion.entity.ResourcesUnion#4856], EntityKey[j.index.module.apply.resourcesUnion.entity.ResourcesUnion#4855], EntityKey[j.index.module.apply.resourcesUnion.entity.ResourcesUnion#4858], EntityKey[j.index.module.apply.resourcesUnion.entity.ResourcesUnion#4857], EntityKey[j.index.module.apply.resourcesUnion.entity.ResourcesUnion#4852], EntityKey[j.index.module.apply.resourcesUnion.entity.ResourcesUnion#4851], EntityKey[j.index.module.apply.resourcesUnion.entity.ResourcesUnion#4854], EntityKey[j.index.module.apply.resourcesUnion.entity.ResourcesUnion#4853], EntityKey[j.index.module.apply.resourcesUnion.entity.ResourcesUnion#4848], EntityKey[j.index.module.apply.resourcesUnion.entity.ResourcesUnion#4847], EntityKey[j.index.module.apply.resourcesUnion.entity.ResourcesUnion#4850], EntityKey[j.index.module.apply.resourcesUnion.entity.ResourcesUnion#4849], EntityKey[j.index.module.apply.resourcesUnion.entity.ResourcesUnion#4844], EntityKey[j.index.module.apply.resourcesUnion.entity.ResourcesUnion#4843], EntityKey[j.index.module.apply.resourcesUnion.entity.ResourcesUnion#4846], EntityKey[j.index.module.apply.resourcesUnion.entity.ResourcesUnion#4845], EntityKey[j.index.module.apply.resourcesUnion.entity.ResourcesUnion#4841], EntityKey[j.index.module.apply.resourcesUnion.entity.ResourcesUnion#4842], EntityKey[j.index.module.apply.resourcesUnion.entity.ResourcesUnion#4839], EntityKey[j.index.module.apply.resourcesUnion.entity.ResourcesUnion#4840], EntityKey[j.index.module.apply.resourcesUnion.entity.ResourcesUnion#4837], EntityKey[j.index.module.apply.resourcesUnion.entity.ResourcesUnion#4838], EntityKey[j.index.module.apply.resourcesUnion.entity.ResourcesUnion#4835], EntityKey[j.index.module.apply.resourcesUnion.entity.ResourcesUnion#4836], EntityKey[j.index.module.apply.resourcesUnion.entity.ResourcesUnion#4833], EntityKey[j.index.module.apply.resourcesUnion.entity.ResourcesUnion#4834], EntityKey[j.index.module.apply.resourcesUnion.entity.ResourcesUnion#4831], EntityKey[j.index.module.apply.resourcesUnion.entity.ResourcesUnion#4832], EntityKey[j.index.module.apply.resourcesUnion.entity.ResourcesUnion#4829], EntityKey[j.index.module.apply.resourcesUnion.entity.ResourcesUnion#4830], EntityKey[j.index.module.apply.resourcesUnion.entity.ResourcesUnion#4827], EntityKey[j.index.module.apply.resourcesUnion.entity.ResourcesUnion#4828], EntityKey[j.index.module.apply.resourcesUnion.entity.ResourcesUnion#4826], EntityKey[j.index.module.apply.resourcesUnion.entity.ResourcesUnion#4825], EntityKey[j.index.module.apply.resourcesUnion.entity.ResourcesUnion#4824], EntityKey[j.index.module.apply.resourcesUnion.entity.ResourcesUnion#4823], EntityKey[j.index.module.apply.resourcesUnion.entity.ResourcesUnion#4822], EntityKey[j.index.module.apply.resourcesUnion.entity.ResourcesUnion#4821], EntityKey[j.index.module.apply.resourcesUnion.entity.ResourcesUnion#4820], EntityKey[j.index.module.apply.resourcesUnion.entity.ResourcesUnion#4819], EntityKey[j.index.module.apply.resourcesUnion.entity.ResourcesUnion#4818], EntityKey[j.index.module.apply.resourcesUnion.entity.ResourcesUnion#4817], EntityKey[j.index.module.apply.resourcesUnion.entity.ResourcesUnion#4816], EntityKey[j.index.module.apply.resourcesUnion.entity.ResourcesUnion#4815], EntityKey[j.index.module.apply.resourcesUnion.entity.ResourcesUnion#4814], EntityKey[j.index.module.apply.resourcesUnion.entity.ResourcesUnion#4813], EntityKey[j.index.module.apply.resourcesUnion.entity.ResourcesUnion#4812], EntityKey[j.index.module.apply.resourcesUnion.entity.ResourcesUnion#4811], EntityKey[j.index.module.apply.resourcesUnion.entity.ResourcesUnion#4803], EntityKey[j.index.module.apply.resourcesUnion.entity.ResourcesUnion#4804], EntityKey[j.index.module.apply.resourcesUnion.entity.ResourcesUnion#4805], EntityKey[j.index.module.apply.resourcesUnion.entity.ResourcesUnion#4806], EntityKey[j.index.module.apply.resourcesUnion.entity.ResourcesUnion#4807], EntityKey[j.index.module.apply.resourcesUnion.entity.ResourcesUnion#4808], EntityKey[j.index.module.apply.resourcesUnion.entity.ResourcesUnion#4809], EntityKey[j.index.module.apply.resourcesUnion.entity.ResourcesUnion#4810], EntityKey[j.index.module.apply.resourcesUnion.entity.ResourcesUnion#4795], EntityKey[j.index.module.apply.resourcesUnion.entity.ResourcesUnion#4796], EntityKey[j.index.module.apply.resourcesUnion.entity.ResourcesUnion#4797], EntityKey[j.index.module.apply.resourcesUnion.entity.ResourcesUnion#4798], EntityKey[j.index.module.apply.resourcesUnion.entity.ResourcesUnion#4799], EntityKey[j.index.module.apply.resourcesUnion.entity.ResourcesUnion#4800], EntityKey[j.index.module.apply.resourcesUnion.entity.ResourcesUnion#4801], EntityKey[j.index.module.apply.resourcesUnion.entity.ResourcesUnion#4802], EntityKey[j.index.module.apply.resourcesUnion.entity.ResourcesUnion#4788], EntityKey[j.index.module.apply.resourcesUnion.entity.ResourcesUnion#4787], EntityKey[j.index.module.apply.resourcesUnion.entity.ResourcesUnion#4790], EntityKey[j.index.module.apply.resourcesUnion.entity.ResourcesUnion#4789], EntityKey[j.index.module.apply.resourcesUnion.entity.ResourcesUnion#4792], EntityKey[j.index.module.apply.resourcesUnion.entity.ResourcesUnion#4791], EntityKey[j.index.module.apply.resourcesUnion.entity.ResourcesUnion#4794], EntityKey[j.index.module.apply.resourcesUnion.entity.ResourcesUnion#4793], EntityKey[j.index.module.apply.resourcesUnion.entity.ResourcesUnion#4780], EntityKey[j.index.module.apply.resourcesUnion.entity.ResourcesUnion#4779], EntityKey[j.index.module.apply.resourcesUnion.entity.ResourcesUnion#4782], EntityKey[j.index.module.apply.resourcesUnion.entity.ResourcesUnion#4781], EntityKey[j.index.module.apply.resourcesUnion.entity.ResourcesUnion#4784], EntityKey[j.index.module.apply.resourcesUnion.entity.ResourcesUnion#4783], EntityKey[j.index.module.apply.resourcesUnion.entity.ResourcesUnion#4786], EntityKey[j.index.module.apply.resourcesUnion.entity.ResourcesUnion#4785], EntityKey[j.index.module.apply.resourcesUnion.entity.ResourcesUnion#4773], EntityKey[j.index.module.apply.resourcesUnion.entity.ResourcesUnion#4774], EntityKey[j.index.module.apply.resourcesUnion.entity.ResourcesUnion#4771], EntityKey[j.index.module.apply.resourcesUnion.entity.ResourcesUnion#4772], EntityKey[j.index.module.apply.resourcesUnion.entity.ResourcesUnion#4777], EntityKey[j.index.module.apply.resourcesUnion.entity.ResourcesUnion#4778], EntityKey[j.index.module.apply.resourcesUnion.entity.ResourcesUnion#4775], EntityKey[j.index.module.apply.resourcesUnion.entity.ResourcesUnion#4776], EntityKey[j.index.module.apply.resourcesUnion.entity.ResourcesUnion#4765], EntityKey[j.index.module.apply.resourcesUnion.entity.ResourcesUnion#4766], EntityKey[j.index.module.apply.resourcesUnion.entity.ResourcesUnion#4763], EntityKey[j.index.module.apply.resourcesUnion.entity.ResourcesUnion#4764], EntityKey[j.index.module.apply.resourcesUnion.entity.ResourcesUnion#4769], EntityKey[j.index.module.apply.resourcesUnion.entity.ResourcesUnion#4770], EntityKey[j.index.module.apply.resourcesUnion.entity.ResourcesUnion#4767], EntityKey[j.index.module.apply.resourcesUnion.entity.ResourcesUnion#4768], EntityKey[j.index.module.apply.resourcesUnion.entity.ResourcesUnion#4758], EntityKey[j.index.module.apply.resourcesUnion.entity.ResourcesUnion#4757], EntityKey[j.index.module.apply.resourcesUnion.entity.ResourcesUnion#4756], EntityKey[j.index.module.apply.resourcesUnion.entity.ResourcesUnion#4755], EntityKey[j.index.module.apply.resourcesUnion.entity.ResourcesUnion#4762], EntityKey[j.index.module.apply.resourcesUnion.entity.ResourcesUnion#4761], EntityKey[j.index.module.apply.resourcesUnion.entity.ResourcesUnion#4760], EntityKey[j.index.module.apply.resourcesUnion.entity.ResourcesUnion#4759], EntityKey[j.index.module.apply.resourcesUnion.entity.ResourcesUnion#4750], EntityKey[j.index.module.apply.resourcesUnion.entity.ResourcesUnion#4749], EntityKey[j.index.module.apply.resourcesUnion.entity.ResourcesUnion#4748], EntityKey[j.index.module.apply.resourcesUnion.entity.ResourcesUnion#4747], EntityKey[j.index.module.apply.resourcesUnion.entity.ResourcesUnion#4754], EntityKey[j.index.module.apply.resourcesUnion.entity.ResourcesUnion#4753], EntityKey[j.index.module.apply.resourcesUnion.entity.ResourcesUnion#4752], EntityKey[j.index.module.apply.resourcesUnion.entity.ResourcesUnion#4751], EntityKey[j.index.module.apply.resourcesUnion.entity.ResourcesUnion#4992], EntityKey[j.index.module.apply.resourcesUnion.entity.ResourcesUnion#4991], EntityKey[j.index.module.apply.resourcesUnion.entity.ResourcesUnion#4994], EntityKey[j.index.module.apply.resourcesUnion.entity.ResourcesUnion#4993], EntityKey[j.index.module.apply.resourcesUnion.entity.ResourcesUnion#4988], EntityKey[j.index.module.apply.resourcesUnion.entity.ResourcesUnion#4987], EntityKey[j.index.module.apply.resourcesUnion.entity.ResourcesUnion#4990], EntityKey[j.index.module.apply.resourcesUnion.entity.ResourcesUnion#4989], EntityKey[j.index.module.apply.resourcesUnion.entity.ResourcesUnion#5000], EntityKey[j.index.module.apply.resourcesUnion.entity.ResourcesUnion#4999], EntityKey[j.index.module.apply.resourcesUnion.entity.ResourcesUnion#5002], EntityKey[j.index.module.apply.resourcesUnion.entity.ResourcesUnion#5001], EntityKey[j.index.module.apply.resourcesUnion.entity.ResourcesUnion#4996], EntityKey[j.index.module.apply.resourcesUnion.entity.ResourcesUnion#4995], EntityKey[j.index.module.apply.resourcesUnion.entity.ResourcesUnion#4998], EntityKey[j.index.module.apply.resourcesUnion.entity.ResourcesUnion#4997], EntityKey[j.index.module.apply.resourcesUnion.entity.ResourcesUnion#4975], EntityKey[j.index.module.apply.resourcesUnion.entity.ResourcesUnion#4976], EntityKey[j.index.module.apply.resourcesUnion.entity.ResourcesUnion#4977], EntityKey[j.index.module.apply.resourcesUnion.entity.ResourcesUnion#4978], EntityKey[j.index.module.apply.resourcesUnion.entity.ResourcesUnion#4971], EntityKey[j.index.module.apply.resourcesUnion.entity.ResourcesUnion#4972], EntityKey[j.index.module.apply.resourcesUnion.entity.ResourcesUnion#4973], EntityKey[j.index.module.apply.resourcesUnion.entity.ResourcesUnion#4974], EntityKey[j.index.module.apply.resourcesUnion.entity.ResourcesUnion#4983], EntityKey[j.index.module.apply.resourcesUnion.entity.ResourcesUnion#4984], EntityKey[j.index.module.apply.resourcesUnion.entity.ResourcesUnion#4985], EntityKey[j.index.module.apply.resourcesUnion.entity.ResourcesUnion#4986], EntityKey[j.index.module.apply.resourcesUnion.entity.ResourcesUnion#4979], EntityKey[j.index.module.apply.resourcesUnion.entity.ResourcesUnion#4980], EntityKey[j.index.module.apply.resourcesUnion.entity.ResourcesUnion#4981], EntityKey[j.index.module.apply.resourcesUnion.entity.ResourcesUnion#4982], EntityKey[j.index.module.apply.resourcesUnion.entity.ResourcesUnion#4962], EntityKey[j.index.module.apply.resourcesUnion.entity.ResourcesUnion#4961], EntityKey[j.index.module.apply.resourcesUnion.entity.ResourcesUnion#4960], EntityKey[j.index.module.apply.resourcesUnion.entity.ResourcesUnion#4959], EntityKey[j.index.module.apply.resourcesUnion.entity.ResourcesUnion#4958], EntityKey[j.index.module.apply.resourcesUnion.entity.ResourcesUnion#4957], EntityKey[j.index.module.apply.resourcesUnion.entity.ResourcesUnion#4956], EntityKey[j.index.module.apply.resourcesUnion.entity.ResourcesUnion#4955], EntityKey[j.index.module.apply.resourcesUnion.entity.ResourcesUnion#4970], EntityKey[j.index.module.apply.resourcesUnion.entity.ResourcesUnion#4969], EntityKey[j.index.module.apply.resourcesUnion.entity.ResourcesUnion#4968], EntityKey[j.index.module.apply.resourcesUnion.entity.ResourcesUnion#4967], EntityKey[j.index.module.apply.resourcesUnion.entity.ResourcesUnion#4966], EntityKey[j.index.module.apply.resourcesUnion.entity.ResourcesUnion#4965], EntityKey[j.index.module.apply.resourcesUnion.entity.ResourcesUnion#4964], EntityKey[j.index.module.apply.resourcesUnion.entity.ResourcesUnion#4963], EntityKey[j.index.module.apply.resourcesUnion.entity.ResourcesUnion#4945], EntityKey[j.index.module.apply.resourcesUnion.entity.ResourcesUnion#4946], EntityKey[j.index.module.apply.resourcesUnion.entity.ResourcesUnion#4943], EntityKey[j.index.module.apply.resourcesUnion.entity.ResourcesUnion#4944], EntityKey[j.index.module.apply.resourcesUnion.entity.ResourcesUnion#4941], EntityKey[j.index.module.apply.resourcesUnion.entity.ResourcesUnion#4942], EntityKey[j.index.module.apply.resourcesUnion.entity.ResourcesUnion#4939], EntityKey[j.index.module.apply.resourcesUnion.entity.ResourcesUnion#4940], EntityKey[j.index.module.apply.resourcesUnion.entity.ResourcesUnion#4953], EntityKey[j.index.module.apply.resourcesUnion.entity.ResourcesUnion#4954], EntityKey[j.index.module.apply.resourcesUnion.entity.ResourcesUnion#4951], EntityKey[j.index.module.apply.resourcesUnion.entity.ResourcesUnion#4952], EntityKey[j.index.module.apply.resourcesUnion.entity.ResourcesUnion#4949], EntityKey[j.index.module.apply.resourcesUnion.entity.ResourcesUnion#4950], EntityKey[j.index.module.apply.resourcesUnion.entity.ResourcesUnion#4947], EntityKey[j.index.module.apply.resourcesUnion.entity.ResourcesUnion#4948], EntityKey[j.index.module.apply.resourcesUnion.entity.ResourcesUnion#4924], EntityKey[j.index.module.apply.resourcesUnion.entity.ResourcesUnion#4923], EntityKey[j.index.module.apply.resourcesUnion.entity.ResourcesUnion#4926], EntityKey[j.index.module.apply.resourcesUnion.entity.ResourcesUnion#4925], EntityKey[j.index.module.apply.resourcesUnion.entity.ResourcesUnion#4928], EntityKey[j.index.module.apply.resourcesUnion.entity.ResourcesUnion#4927], EntityKey[j.index.module.apply.resourcesUnion.entity.ResourcesUnion#4930], EntityKey[j.index.module.apply.resourcesUnion.entity.ResourcesUnion#4929], EntityKey[j.index.module.apply.resourcesUnion.entity.ResourcesUnion#4932], EntityKey[j.index.module.apply.resourcesUnion.entity.ResourcesUnion#4931], EntityKey[j.index.module.apply.resourcesUnion.entity.ResourcesUnion#4934], EntityKey[j.index.module.apply.resourcesUnion.entity.ResourcesUnion#4933], EntityKey[j.index.module.apply.resourcesUnion.entity.ResourcesUnion#4936], EntityKey[j.index.module.apply.resourcesUnion.entity.ResourcesUnion#4935], EntityKey[j.index.module.apply.resourcesUnion.entity.ResourcesUnion#4938], EntityKey[j.index.module.apply.resourcesUnion.entity.ResourcesUnion#4937], EntityKey[j.index.module.apply.resourcesUnion.entity.ResourcesUnion#4907], EntityKey[j.index.module.apply.resourcesUnion.entity.ResourcesUnion#4908], EntityKey[j.index.module.apply.resourcesUnion.entity.ResourcesUnion#4909], EntityKey[j.index.module.apply.resourcesUnion.entity.ResourcesUnion#4910], EntityKey[j.index.module.apply.resourcesUnion.entity.ResourcesUnion#4911], EntityKey[j.index.module.apply.resourcesUnion.entity.ResourcesUnion#4912], EntityKey[j.index.module.apply.resourcesUnion.entity.ResourcesUnion#4913], EntityKey[j.index.module.apply.resourcesUnion.entity.ResourcesUnion#4914], EntityKey[j.index.module.apply.resourcesUnion.entity.ResourcesUnion#4915], EntityKey[j.index.module.apply.resourcesUnion.entity.ResourcesUnion#4916], EntityKey[j.index.module.apply.resourcesUnion.entity.ResourcesUnion#4917], EntityKey[j.index.module.apply.resourcesUnion.entity.ResourcesUnion#4918], EntityKey[j.index.module.apply.resourcesUnion.entity.ResourcesUnion#4919], EntityKey[j.index.module.apply.resourcesUnion.entity.ResourcesUnion#4920], EntityKey[j.index.module.apply.resourcesUnion.entity.ResourcesUnion#4921], EntityKey[j.index.module.apply.resourcesUnion.entity.ResourcesUnion#4922], EntityKey[j.index.module.apply.resourcesUnion.entity.ResourcesUnion#4894], EntityKey[j.index.module.apply.resourcesUnion.entity.ResourcesUnion#4893], EntityKey[j.index.module.apply.resourcesUnion.entity.ResourcesUnion#4892], EntityKey[j.index.module.apply.resourcesUnion.entity.ResourcesUnion#4891], EntityKey[j.index.module.apply.resourcesUnion.entity.ResourcesUnion#4898], EntityKey[j.index.module.apply.resourcesUnion.entity.ResourcesUnion#4897], EntityKey[j.index.module.apply.resourcesUnion.entity.ResourcesUnion#4896], EntityKey[j.index.module.apply.resourcesUnion.entity.ResourcesUnion#4895], EntityKey[j.index.module.apply.resourcesUnion.entity.ResourcesUnion#4902], EntityKey[j.index.module.apply.resourcesUnion.entity.ResourcesUnion#4901], EntityKey[j.index.module.apply.resourcesUnion.entity.ResourcesUnion#4900], EntityKey[j.index.module.apply.resourcesUnion.entity.ResourcesUnion#4899], EntityKey[j.index.module.apply.resourcesUnion.entity.ResourcesUnion#4906], EntityKey[j.index.module.apply.resourcesUnion.entity.ResourcesUnion#4905], EntityKey[j.index.module.apply.resourcesUnion.entity.ResourcesUnion#4904], EntityKey[j.index.module.apply.resourcesUnion.entity.ResourcesUnion#4903], EntityKey[j.index.module.apply.resourcesUnion.entity.ResourcesUnion#4877], EntityKey[j.index.module.apply.resourcesUnion.entity.ResourcesUnion#4878], EntityKey[j.index.module.apply.resourcesUnion.entity.ResourcesUnion#4875], EntityKey[j.index.module.apply.resourcesUnion.entity.ResourcesUnion#4876], EntityKey[j.index.module.apply.resourcesUnion.entity.ResourcesUnion#4881], EntityKey[j.index.module.apply.resourcesUnion.entity.ResourcesUnion#4882], EntityKey[j.index.module.apply.resourcesUnion.entity.ResourcesUnion#4879], EntityKey[j.index.module.apply.resourcesUnion.entity.ResourcesUnion#4880], EntityKey[j.index.module.apply.resourcesUnion.entity.ResourcesUnion#4885], EntityKey[j.index.module.apply.resourcesUnion.entity.ResourcesUnion#4886], EntityKey[j.index.module.apply.resourcesUnion.entity.ResourcesUnion#4883], EntityKey[j.index.module.apply.resourcesUnion.entity.ResourcesUnion#4884], EntityKey[j.index.module.apply.resourcesUnion.entity.ResourcesUnion#4889], EntityKey[j.index.module.apply.resourcesUnion.entity.ResourcesUnion#4890], EntityKey[j.index.module.apply.resourcesUnion.entity.ResourcesUnion#4887], EntityKey[j.index.module.apply.resourcesUnion.entity.ResourcesUnion#4888], EntityKey[j.index.module.apply.resourcesUnion.entity.ResourcesUnion#4602], EntityKey[j.index.module.apply.resourcesUnion.entity.ResourcesUnion#4601], EntityKey[j.index.module.apply.resourcesUnion.entity.ResourcesUnion#4600], EntityKey[j.index.module.apply.resourcesUnion.entity.ResourcesUnion#4599], EntityKey[j.index.module.apply.resourcesUnion.entity.ResourcesUnion#4598], EntityKey[j.index.module.apply.resourcesUnion.entity.ResourcesUnion#4597], EntityKey[j.index.module.apply.resourcesUnion.entity.ResourcesUnion#4596], EntityKey[j.index.module.apply.resourcesUnion.entity.ResourcesUnion#4595], EntityKey[j.index.module.apply.resourcesUnion.entity.ResourcesUnion#4594], EntityKey[j.index.module.apply.resourcesUnion.entity.ResourcesUnion#4593], EntityKey[j.index.module.apply.resourcesUnion.entity.ResourcesUnion#4592], EntityKey[j.index.module.apply.resourcesUnion.entity.ResourcesUnion#4591], EntityKey[j.index.module.apply.resourcesUnion.entity.ResourcesUnion#4590], EntityKey[j.index.module.apply.resourcesUnion.entity.ResourcesUnion#4589], EntityKey[j.index.module.apply.resourcesUnion.entity.ResourcesUnion#4588], EntityKey[j.index.module.apply.resourcesUnion.entity.ResourcesUnion#4587], EntityKey[j.index.module.apply.resourcesUnion.entity.ResourcesUnion#4617], EntityKey[j.index.module.apply.resourcesUnion.entity.ResourcesUnion#4618], EntityKey[j.index.module.apply.resourcesUnion.entity.ResourcesUnion#4615], EntityKey[j.index.module.apply.resourcesUnion.entity.ResourcesUnion#4616], EntityKey[j.index.module.apply.resourcesUnion.entity.ResourcesUnion#4613], EntityKey[j.index.module.apply.resourcesUnion.entity.ResourcesUnion#4614], EntityKey[j.index.module.apply.resourcesUnion.entity.ResourcesUnion#4611], EntityKey[j.index.module.apply.resourcesUnion.entity.ResourcesUnion#4612], EntityKey[j.index.module.apply.resourcesUnion.entity.ResourcesUnion#4609], EntityKey[j.index.module.apply.resourcesUnion.entity.ResourcesUnion#4610], EntityKey[j.index.module.apply.resourcesUnion.entity.ResourcesUnion#4607], EntityKey[j.index.module.apply.resourcesUnion.entity.ResourcesUnion#4608], EntityKey[j.index.module.apply.resourcesUnion.entity.ResourcesUnion#4605], EntityKey[j.index.module.apply.resourcesUnion.entity.ResourcesUnion#4606], EntityKey[j.index.module.apply.resourcesUnion.entity.ResourcesUnion#4603], EntityKey[j.index.module.apply.resourcesUnion.entity.ResourcesUnion#4604], EntityKey[j.index.module.apply.resourcesUnion.entity.ResourcesUnion#4568], EntityKey[j.index.module.apply.resourcesUnion.entity.ResourcesUnion#4567], EntityKey[j.index.module.apply.resourcesUnion.entity.ResourcesUnion#4570], EntityKey[j.index.module.apply.resourcesUnion.entity.ResourcesUnion#4569], EntityKey[j.index.module.apply.resourcesUnion.entity.ResourcesUnion#4564], EntityKey[j.index.module.apply.resourcesUnion.entity.ResourcesUnion#4563], EntityKey[j.index.module.apply.resourcesUnion.entity.ResourcesUnion#4566], EntityKey[j.index.module.apply.resourcesUnion.entity.ResourcesUnion#4565], EntityKey[j.index.module.apply.resourcesUnion.entity.ResourcesUnion#4560], EntityKey[j.index.module.apply.resourcesUnion.entity.ResourcesUnion#4559], EntityKey[j.index.module.apply.resourcesUnion.entity.ResourcesUnion#4562], EntityKey[j.index.module.apply.resourcesUnion.entity.ResourcesUnion#4561], EntityKey[j.index.module.apply.resourcesUnion.entity.ResourcesUnion#4556], EntityKey[j.index.module.apply.resourcesUnion.entity.ResourcesUnion#4555], EntityKey[j.index.module.apply.resourcesUnion.entity.ResourcesUnion#4558], EntityKey[j.index.module.apply.resourcesUnion.entity.ResourcesUnion#4557], EntityKey[j.index.module.apply.resourcesUnion.entity.ResourcesUnion#4583], EntityKey[j.index.module.apply.resourcesUnion.entity.ResourcesUnion#4584], EntityKey[j.index.module.apply.resourcesUnion.entity.ResourcesUnion#4585], EntityKey[j.index.module.apply.resourcesUnion.entity.ResourcesUnion#4586], EntityKey[j.index.module.apply.resourcesUnion.entity.ResourcesUnion#4579], EntityKey[j.index.module.apply.resourcesUnion.entity.ResourcesUnion#4580], EntityKey[j.index.module.apply.resourcesUnion.entity.ResourcesUnion#4581], EntityKey[j.index.module.apply.resourcesUnion.entity.ResourcesUnion#4582], EntityKey[j.index.module.apply.resourcesUnion.entity.ResourcesUnion#4575], EntityKey[j.index.module.apply.resourcesUnion.entity.ResourcesUnion#4576], EntityKey[j.index.module.apply.resourcesUnion.entity.ResourcesUnion#4577], EntityKey[j.index.module.apply.resourcesUnion.entity.ResourcesUnion#4578], EntityKey[j.index.module.apply.resourcesUnion.entity.ResourcesUnion#4571], EntityKey[j.index.module.apply.resourcesUnion.entity.ResourcesUnion#4572], EntityKey[j.index.module.apply.resourcesUnion.entity.ResourcesUnion#4573], EntityKey[j.index.module.apply.resourcesUnion.entity.ResourcesUnion#4574], EntityKey[j.index.module.apply.resourcesUnion.entity.ResourcesUnion#4534], EntityKey[j.index.module.apply.resourcesUnion.entity.ResourcesUnion#4533], EntityKey[j.index.module.apply.resourcesUnion.entity.ResourcesUnion#4532], EntityKey[j.index.module.apply.resourcesUnion.entity.ResourcesUnion#4531], EntityKey[j.index.module.apply.resourcesUnion.entity.ResourcesUnion#4538], EntityKey[j.index.module.apply.resourcesUnion.entity.ResourcesUnion#4537], EntityKey[j.index.module.apply.resourcesUnion.entity.ResourcesUnion#4536], EntityKey[j.index.module.apply.resourcesUnion.entity.ResourcesUnion#4535], EntityKey[j.index.module.apply.resourcesUnion.entity.ResourcesUnion#4526], EntityKey[j.index.module.apply.resourcesUnion.entity.ResourcesUnion#4525], EntityKey[j.index.module.apply.resourcesUnion.entity.ResourcesUnion#4524], EntityKey[j.index.module.apply.resourcesUnion.entity.ResourcesUnion#4523], EntityKey[j.index.module.apply.resourcesUnion.entity.ResourcesUnion#4530], EntityKey[j.index.module.apply.resourcesUnion.entity.ResourcesUnion#4529], EntityKey[j.index.module.apply.resourcesUnion.entity.ResourcesUnion#4528], EntityKey[j.index.module.apply.resourcesUnion.entity.ResourcesUnion#4527], EntityKey[j.index.module.apply.resourcesUnion.entity.ResourcesUnion#4549], EntityKey[j.index.module.apply.resourcesUnion.entity.ResourcesUnion#4550], EntityKey[j.index.module.apply.resourcesUnion.entity.ResourcesUnion#4547], EntityKey[j.index.module.apply.resourcesUnion.entity.ResourcesUnion#4548], EntityKey[j.index.module.apply.resourcesUnion.entity.ResourcesUnion#4553], EntityKey[j.index.module.apply.resourcesUnion.entity.ResourcesUnion#4554], EntityKey[j.index.module.apply.resourcesUnion.entity.ResourcesUnion#4551], EntityKey[j.index.module.apply.resourcesUnion.entity.ResourcesUnion#4552], EntityKey[j.index.module.apply.resourcesUnion.entity.ResourcesUnion#4541], EntityKey[j.index.module.apply.resourcesUnion.entity.ResourcesUnion#4542], EntityKey[j.index.module.apply.resourcesUnion.entity.ResourcesUnion#4539], EntityKey[j.index.module.apply.resourcesUnion.entity.ResourcesUnion#4540], EntityKey[j.index.module.apply.resourcesUnion.entity.ResourcesUnion#4545], EntityKey[j.index.module.apply.resourcesUnion.entity.ResourcesUnion#4546], EntityKey[j.index.module.apply.resourcesUnion.entity.ResourcesUnion#4543], EntityKey[j.index.module.apply.resourcesUnion.entity.ResourcesUnion#4544], EntityKey[j.index.module.apply.resourcesUnion.entity.ResourcesUnion#4500], EntityKey[j.index.module.apply.resourcesUnion.entity.ResourcesUnion#4499], EntityKey[j.index.module.apply.resourcesUnion.entity.ResourcesUnion#4502], EntityKey[j.index.module.apply.resourcesUnion.entity.ResourcesUnion#4501], EntityKey[j.index.module.apply.resourcesUnion.entity.ResourcesUnion#4504], EntityKey[j.index.module.apply.resourcesUnion.entity.ResourcesUnion#4503], EntityKey[j.index.module.apply.resourcesUnion.entity.ResourcesUnion#4506], EntityKey[j.index.module.apply.resourcesUnion.entity.ResourcesUnion#4505], EntityKey[j.index.module.apply.resourcesUnion.entity.ResourcesUnion#4492], EntityKey[j.index.module.apply.resourcesUnion.entity.ResourcesUnion#4491], EntityKey[j.index.module.apply.resourcesUnion.entity.ResourcesUnion#4494], EntityKey[j.index.module.apply.resourcesUnion.entity.ResourcesUnion#4493], EntityKey[j.index.module.apply.resourcesUnion.entity.ResourcesUnion#4496], EntityKey[j.index.module.apply.resourcesUnion.entity.ResourcesUnion#4495], EntityKey[j.index.module.apply.resourcesUnion.entity.ResourcesUnion#4498], EntityKey[j.index.module.apply.resourcesUnion.entity.ResourcesUnion#4497], EntityKey[j.index.module.apply.resourcesUnion.entity.ResourcesUnion#4515], EntityKey[j.index.module.apply.resourcesUnion.entity.ResourcesUnion#4516], EntityKey[j.index.module.apply.resourcesUnion.entity.ResourcesUnion#4517], EntityKey[j.index.module.apply.resourcesUnion.entity.ResourcesUnion#4518], EntityKey[j.index.module.apply.resourcesUnion.entity.ResourcesUnion#4519], EntityKey[j.index.module.apply.resourcesUnion.entity.ResourcesUnion#4520], EntityKey[j.index.module.apply.resourcesUnion.entity.ResourcesUnion#4521], EntityKey[j.index.module.apply.resourcesUnion.entity.ResourcesUnion#4522], EntityKey[j.index.module.apply.resourcesUnion.entity.ResourcesUnion#4507], EntityKey[j.index.module.apply.resourcesUnion.entity.ResourcesUnion#4508], EntityKey[j.index.module.apply.resourcesUnion.entity.ResourcesUnion#4509], EntityKey[j.index.module.apply.resourcesUnion.entity.ResourcesUnion#4510], EntityKey[j.index.module.apply.resourcesUnion.entity.ResourcesUnion#4511], EntityKey[j.index.module.apply.resourcesUnion.entity.ResourcesUnion#4512], EntityKey[j.index.module.apply.resourcesUnion.entity.ResourcesUnion#4513], EntityKey[j.index.module.apply.resourcesUnion.entity.ResourcesUnion#4514], EntityKey[j.index.module.apply.resourcesUnion.entity.ResourcesUnion#4721], EntityKey[j.index.module.apply.resourcesUnion.entity.ResourcesUnion#4722], EntityKey[j.index.module.apply.resourcesUnion.entity.ResourcesUnion#4719], EntityKey[j.index.module.apply.resourcesUnion.entity.ResourcesUnion#4720], EntityKey[j.index.module.apply.resourcesUnion.entity.ResourcesUnion#4717], EntityKey[j.index.module.apply.resourcesUnion.entity.ResourcesUnion#4718], EntityKey[j.index.module.apply.resourcesUnion.entity.ResourcesUnion#4715], EntityKey[j.index.module.apply.resourcesUnion.entity.ResourcesUnion#4716], EntityKey[j.index.module.apply.resourcesUnion.entity.ResourcesUnion#4729], EntityKey[j.index.module.apply.resourcesUnion.entity.ResourcesUnion#4730], EntityKey[j.index.module.apply.resourcesUnion.entity.ResourcesUnion#4727], EntityKey[j.index.module.apply.resourcesUnion.entity.ResourcesUnion#4728], EntityKey[j.index.module.apply.resourcesUnion.entity.ResourcesUnion#4725], EntityKey[j.index.module.apply.resourcesUnion.entity.ResourcesUnion#4726], EntityKey[j.index.module.apply.resourcesUnion.entity.ResourcesUnion#4723], EntityKey[j.index.module.apply.resourcesUnion.entity.ResourcesUnion#4724], EntityKey[j.index.module.apply.resourcesUnion.entity.ResourcesUnion#4738], EntityKey[j.index.module.apply.resourcesUnion.entity.ResourcesUnion#4737], EntityKey[j.index.module.apply.resourcesUnion.entity.ResourcesUnion#4736], EntityKey[j.index.module.apply.resourcesUnion.entity.ResourcesUnion#4735], EntityKey[j.index.module.apply.resourcesUnion.entity.ResourcesUnion#4734], EntityKey[j.index.module.apply.resourcesUnion.entity.ResourcesUnion#4733], EntityKey[j.index.module.apply.resourcesUnion.entity.ResourcesUnion#4732], EntityKey[j.index.module.apply.resourcesUnion.entity.ResourcesUnion#4731], EntityKey[j.index.module.apply.resourcesUnion.entity.ResourcesUnion#4746], EntityKey[j.index.module.apply.resourcesUnion.entity.ResourcesUnion#4745], EntityKey[j.index.module.apply.resourcesUnion.entity.ResourcesUnion#4744], EntityKey[j.index.module.apply.resourcesUnion.entity.ResourcesUnion#4743], EntityKey[j.index.module.apply.resourcesUnion.entity.ResourcesUnion#4742], EntityKey[j.index.module.apply.resourcesUnion.entity.ResourcesUnion#4741], EntityKey[j.index.module.apply.resourcesUnion.entity.ResourcesUnion#4740], EntityKey[j.index.module.apply.resourcesUnion.entity.ResourcesUnion#4739], EntityKey[j.index.module.apply.resourcesUnion.entity.ResourcesUnion#4687], EntityKey[j.index.module.apply.resourcesUnion.entity.ResourcesUnion#4688], EntityKey[j.index.module.apply.resourcesUnion.entity.ResourcesUnion#4689], EntityKey[j.index.module.apply.resourcesUnion.entity.ResourcesUnion#4690], EntityKey[j.index.module.apply.resourcesUnion.entity.ResourcesUnion#4683], EntityKey[j.index.module.apply.resourcesUnion.entity.ResourcesUnion#4684], EntityKey[j.index.module.apply.resourcesUnion.entity.ResourcesUnion#4685], EntityKey[j.index.module.apply.resourcesUnion.entity.ResourcesUnion#4686], EntityKey[j.index.module.apply.resourcesUnion.entity.ResourcesUnion#4695], EntityKey[j.index.module.apply.resourcesUnion.entity.ResourcesUnion#4696], EntityKey[j.index.module.apply.resourcesUnion.entity.ResourcesUnion#4697], EntityKey[j.index.module.apply.resourcesUnion.entity.ResourcesUnion#4698], EntityKey[j.index.module.apply.resourcesUnion.entity.ResourcesUnion#4691], EntityKey[j.index.module.apply.resourcesUnion.entity.ResourcesUnion#4692], EntityKey[j.index.module.apply.resourcesUnion.entity.ResourcesUnion#4693], EntityKey[j.index.module.apply.resourcesUnion.entity.ResourcesUnion#4694], EntityKey[j.index.module.apply.resourcesUnion.entity.ResourcesUnion#4704], EntityKey[j.index.module.apply.resourcesUnion.entity.ResourcesUnion#4703], EntityKey[j.index.module.apply.resourcesUnion.entity.ResourcesUnion#4706], EntityKey[j.index.module.apply.resourcesUnion.entity.ResourcesUnion#4705], EntityKey[j.index.module.apply.resourcesUnion.entity.ResourcesUnion#4700], EntityKey[j.index.module.apply.resourcesUnion.entity.ResourcesUnion#4699], EntityKey[j.index.module.apply.resourcesUnion.entity.ResourcesUnion#4702], EntityKey[j.index.module.apply.resourcesUnion.entity.ResourcesUnion#4701], EntityKey[j.index.module.apply.resourcesUnion.entity.ResourcesUnion#4712], EntityKey[j.index.module.apply.resourcesUnion.entity.ResourcesUnion#4711], EntityKey[j.index.module.apply.resourcesUnion.entity.ResourcesUnion#4714], EntityKey[j.index.module.apply.resourcesUnion.entity.ResourcesUnion#4713], EntityKey[j.index.module.apply.resourcesUnion.entity.ResourcesUnion#4708], EntityKey[j.index.module.apply.resourcesUnion.entity.ResourcesUnion#4707], EntityKey[j.index.module.apply.resourcesUnion.entity.ResourcesUnion#4710], EntityKey[j.index.module.apply.resourcesUnion.entity.ResourcesUnion#4709], EntityKey[j.index.module.apply.resourcesUnion.entity.ResourcesUnion#4653], EntityKey[j.index.module.apply.resourcesUnion.entity.ResourcesUnion#4654], EntityKey[j.index.module.apply.resourcesUnion.entity.ResourcesUnion#4651], EntityKey[j.index.module.apply.resourcesUnion.entity.ResourcesUnion#4652], EntityKey[j.index.module.apply.resourcesUnion.entity.ResourcesUnion#4657], EntityKey[j.index.module.apply.resourcesUnion.entity.ResourcesUnion#4658], EntityKey[j.index.module.apply.resourcesUnion.entity.ResourcesUnion#4655], EntityKey[j.index.module.apply.resourcesUnion.entity.ResourcesUnion#4656], EntityKey[j.index.module.apply.resourcesUnion.entity.ResourcesUnion#4661], EntityKey[j.index.module.apply.resourcesUnion.entity.ResourcesUnion#4662], EntityKey[j.index.module.apply.resourcesUnion.entity.ResourcesUnion#4659], EntityKey[j.index.module.apply.resourcesUnion.entity.ResourcesUnion#4660], EntityKey[j.index.module.apply.resourcesUnion.entity.ResourcesUnion#4665], EntityKey[j.index.module.apply.resourcesUnion.entity.ResourcesUnion#4666], EntityKey[j.index.module.apply.resourcesUnion.entity.ResourcesUnion#4663], EntityKey[j.index.module.apply.resourcesUnion.entity.ResourcesUnion#4664], EntityKey[j.index.module.apply.resourcesUnion.entity.ResourcesUnion#4670], EntityKey[j.index.module.apply.resourcesUnion.entity.ResourcesUnion#4669], EntityKey[j.index.module.apply.resourcesUnion.entity.ResourcesUnion#4668], EntityKey[j.index.module.apply.resourcesUnion.entity.ResourcesUnion#4667], EntityKey[j.index.module.apply.resourcesUnion.entity.ResourcesUnion#4674], EntityKey[j.index.module.apply.resourcesUnion.entity.ResourcesUnion#4673], EntityKey[j.index.module.apply.resourcesUnion.entity.ResourcesUnion#4672], EntityKey[j.index.module.apply.resourcesUnion.entity.ResourcesUnion#4671], EntityKey[j.index.module.apply.resourcesUnion.entity.ResourcesUnion#4678], EntityKey[j.index.module.apply.resourcesUnion.entity.ResourcesUnion#4677], EntityKey[j.index.module.apply.resourcesUnion.entity.ResourcesUnion#4676], EntityKey[j.index.module.apply.resourcesUnion.entity.ResourcesUnion#4675], EntityKey[j.index.module.apply.resourcesUnion.entity.ResourcesUnion#4682], EntityKey[j.index.module.apply.resourcesUnion.entity.ResourcesUnion#4681], EntityKey[j.index.module.apply.resourcesUnion.entity.ResourcesUnion#4680], EntityKey[j.index.module.apply.resourcesUnion.entity.ResourcesUnion#4679], EntityKey[j.index.module.apply.resourcesUnion.entity.ResourcesUnion#4619], EntityKey[j.index.module.apply.resourcesUnion.entity.ResourcesUnion#4620], EntityKey[j.index.module.apply.resourcesUnion.entity.ResourcesUnion#4621], EntityKey[j.index.module.apply.resourcesUnion.entity.ResourcesUnion#4622], EntityKey[j.index.module.apply.resourcesUnion.entity.ResourcesUnion#4623], EntityKey[j.index.module.apply.resourcesUnion.entity.ResourcesUnion#4624], EntityKey[j.index.module.apply.resourcesUnion.entity.ResourcesUnion#4625], EntityKey[j.index.module.apply.resourcesUnion.entity.ResourcesUnion#4626], EntityKey[j.index.module.apply.resourcesUnion.entity.ResourcesUnion#4627], EntityKey[j.index.module.apply.resourcesUnion.entity.ResourcesUnion#4628], EntityKey[j.index.module.apply.resourcesUnion.entity.ResourcesUnion#4629], EntityKey[j.index.module.apply.resourcesUnion.entity.ResourcesUnion#4630], EntityKey[j.index.module.apply.resourcesUnion.entity.ResourcesUnion#4631], EntityKey[j.index.module.apply.resourcesUnion.entity.ResourcesUnion#4632], EntityKey[j.index.module.apply.resourcesUnion.entity.ResourcesUnion#4633], EntityKey[j.index.module.apply.resourcesUnion.entity.ResourcesUnion#4634], EntityKey[j.index.module.apply.resourcesUnion.entity.ResourcesUnion#4636], EntityKey[j.index.module.apply.resourcesUnion.entity.ResourcesUnion#4635], EntityKey[j.index.module.apply.resourcesUnion.entity.ResourcesUnion#4638], EntityKey[j.index.module.apply.resourcesUnion.entity.ResourcesUnion#4637], EntityKey[j.index.module.apply.resourcesUnion.entity.ResourcesUnion#4640], EntityKey[j.index.module.apply.resourcesUnion.entity.ResourcesUnion#4639], EntityKey[j.index.module.apply.resourcesUnion.entity.ResourcesUnion#4642], EntityKey[j.index.module.apply.resourcesUnion.entity.ResourcesUnion#4641], EntityKey[j.index.module.apply.resourcesUnion.entity.ResourcesUnion#4644], EntityKey[j.index.module.apply.resourcesUnion.entity.ResourcesUnion#4643], EntityKey[j.index.module.apply.resourcesUnion.entity.ResourcesUnion#4646], EntityKey[j.index.module.apply.resourcesUnion.entity.ResourcesUnion#4645], EntityKey[j.index.module.apply.resourcesUnion.entity.ResourcesUnion#4648], EntityKey[j.index.module.apply.resourcesUnion.entity.ResourcesUnion#4647], EntityKey[j.index.module.apply.resourcesUnion.entity.ResourcesUnion#4650], EntityKey[j.index.module.apply.resourcesUnion.entity.ResourcesUnion#4649], EntityKey[j.index.module.apply.resourcesUnion.entity.ResourcesUnion#5349], EntityKey[j.index.module.apply.resourcesUnion.entity.ResourcesUnion#5350], EntityKey[j.index.module.apply.resourcesUnion.entity.ResourcesUnion#5347], EntityKey[j.index.module.apply.resourcesUnion.entity.ResourcesUnion#5348], EntityKey[j.index.module.apply.resourcesUnion.entity.ResourcesUnion#5353], EntityKey[j.index.module.apply.resourcesUnion.entity.ResourcesUnion#5354], EntityKey[j.index.module.apply.resourcesUnion.entity.ResourcesUnion#5351], EntityKey[j.index.module.apply.resourcesUnion.entity.ResourcesUnion#5352], EntityKey[j.index.module.apply.resourcesUnion.entity.ResourcesUnion#5341], EntityKey[j.index.module.apply.resourcesUnion.entity.ResourcesUnion#5342], EntityKey[j.index.module.apply.resourcesUnion.entity.ResourcesUnion#5339], EntityKey[j.index.module.apply.resourcesUnion.entity.ResourcesUnion#5340], EntityKey[j.index.module.apply.resourcesUnion.entity.ResourcesUnion#5345], EntityKey[j.index.module.apply.resourcesUnion.entity.ResourcesUnion#5346], EntityKey[j.index.module.apply.resourcesUnion.entity.ResourcesUnion#5343], EntityKey[j.index.module.apply.resourcesUnion.entity.ResourcesUnion#5344], EntityKey[j.index.module.apply.resourcesUnion.entity.ResourcesUnion#5334], EntityKey[j.index.module.apply.resourcesUnion.entity.ResourcesUnion#5333], EntityKey[j.index.module.apply.resourcesUnion.entity.ResourcesUnion#5332], EntityKey[j.index.module.apply.resourcesUnion.entity.ResourcesUnion#5331], EntityKey[j.index.module.apply.resourcesUnion.entity.ResourcesUnion#5338], EntityKey[j.index.module.apply.resourcesUnion.entity.ResourcesUnion#5337], EntityKey[j.index.module.apply.resourcesUnion.entity.ResourcesUnion#5336], EntityKey[j.index.module.apply.resourcesUnion.entity.ResourcesUnion#5335], EntityKey[j.index.module.apply.resourcesUnion.entity.ResourcesUnion#5326], EntityKey[j.index.module.apply.resourcesUnion.entity.ResourcesUnion#5325], EntityKey[j.index.module.apply.resourcesUnion.entity.ResourcesUnion#5324], EntityKey[j.index.module.apply.resourcesUnion.entity.ResourcesUnion#5323], EntityKey[j.index.module.apply.resourcesUnion.entity.ResourcesUnion#5330], EntityKey[j.index.module.apply.resourcesUnion.entity.ResourcesUnion#5329], EntityKey[j.index.module.apply.resourcesUnion.entity.ResourcesUnion#5328], EntityKey[j.index.module.apply.resourcesUnion.entity.ResourcesUnion#5327], EntityKey[j.index.module.apply.resourcesUnion.entity.ResourcesUnion#5379], EntityKey[j.index.module.apply.resourcesUnion.entity.ResourcesUnion#5380], EntityKey[j.index.module.apply.resourcesUnion.entity.ResourcesUnion#5381], EntityKey[j.index.module.apply.resourcesUnion.entity.ResourcesUnion#5382], EntityKey[j.index.module.apply.resourcesUnion.entity.ResourcesUnion#5383], EntityKey[j.index.module.apply.resourcesUnion.entity.ResourcesUnion#5384], EntityKey[j.index.module.apply.resourcesUnion.entity.ResourcesUnion#5385], EntityKey[j.index.module.apply.resourcesUnion.entity.ResourcesUnion#5386], EntityKey[j.index.module.apply.resourcesUnion.entity.ResourcesUnion#5371], EntityKey[j.index.module.apply.resourcesUnion.entity.ResourcesUnion#5372], EntityKey[j.index.module.apply.resourcesUnion.entity.ResourcesUnion#5373], EntityKey[j.index.module.apply.resourcesUnion.entity.ResourcesUnion#5374], EntityKey[j.index.module.apply.resourcesUnion.entity.ResourcesUnion#5375], EntityKey[j.index.module.apply.resourcesUnion.entity.ResourcesUnion#5376], EntityKey[j.index.module.apply.resourcesUnion.entity.ResourcesUnion#5377], EntityKey[j.index.module.apply.resourcesUnion.entity.ResourcesUnion#5378], EntityKey[j.index.module.apply.resourcesUnion.entity.ResourcesUnion#5364], EntityKey[j.index.module.apply.resourcesUnion.entity.ResourcesUnion#5363], EntityKey[j.index.module.apply.resourcesUnion.entity.ResourcesUnion#5366], EntityKey[j.index.module.apply.resourcesUnion.entity.ResourcesUnion#5365], EntityKey[j.index.module.apply.resourcesUnion.entity.ResourcesUnion#5368], EntityKey[j.index.module.apply.resourcesUnion.entity.ResourcesUnion#5367], EntityKey[j.index.module.apply.resourcesUnion.entity.ResourcesUnion#5370], EntityKey[j.index.module.apply.resourcesUnion.entity.ResourcesUnion#5369], EntityKey[j.index.module.apply.resourcesUnion.entity.ResourcesUnion#5356], EntityKey[j.index.module.apply.resourcesUnion.entity.ResourcesUnion#5355], EntityKey[j.index.module.apply.resourcesUnion.entity.ResourcesUnion#5358], EntityKey[j.index.module.apply.resourcesUnion.entity.ResourcesUnion#5357], EntityKey[j.index.module.apply.resourcesUnion.entity.ResourcesUnion#5360], EntityKey[j.index.module.apply.resourcesUnion.entity.ResourcesUnion#5359], EntityKey[j.index.module.apply.resourcesUnion.entity.ResourcesUnion#5362], EntityKey[j.index.module.apply.resourcesUnion.entity.ResourcesUnion#5361], EntityKey[j.index.module.apply.resourcesUnion.entity.ResourcesUnion#5289], EntityKey[j.index.module.apply.resourcesUnion.entity.ResourcesUnion#5290], EntityKey[j.index.module.apply.resourcesUnion.entity.ResourcesUnion#5287], EntityKey[j.index.module.apply.resourcesUnion.entity.ResourcesUnion#5288], EntityKey[j.index.module.apply.resourcesUnion.entity.ResourcesUnion#5285], EntityKey[j.index.module.apply.resourcesUnion.entity.ResourcesUnion#5286], EntityKey[j.index.module.apply.resourcesUnion.entity.ResourcesUnion#5283], EntityKey[j.index.module.apply.resourcesUnion.entity.ResourcesUnion#5284], EntityKey[j.index.module.apply.resourcesUnion.entity.ResourcesUnion#5281], EntityKey[j.index.module.apply.resourcesUnion.entity.ResourcesUnion#5282], EntityKey[j.index.module.apply.resourcesUnion.entity.ResourcesUnion#5279], EntityKey[j.index.module.apply.resourcesUnion.entity.ResourcesUnion#5280], EntityKey[j.index.module.apply.resourcesUnion.entity.ResourcesUnion#5277], EntityKey[j.index.module.apply.resourcesUnion.entity.ResourcesUnion#5278], EntityKey[j.index.module.apply.resourcesUnion.entity.ResourcesUnion#5275], EntityKey[j.index.module.apply.resourcesUnion.entity.ResourcesUnion#5276], EntityKey[j.index.module.apply.resourcesUnion.entity.ResourcesUnion#5274], EntityKey[j.index.module.apply.resourcesUnion.entity.ResourcesUnion#5273], EntityKey[j.index.module.apply.resourcesUnion.entity.ResourcesUnion#5272], EntityKey[j.index.module.apply.resourcesUnion.entity.ResourcesUnion#5271], EntityKey[j.index.module.apply.resourcesUnion.entity.ResourcesUnion#5270], EntityKey[j.index.module.apply.resourcesUnion.entity.ResourcesUnion#5269], EntityKey[j.index.module.apply.resourcesUnion.entity.ResourcesUnion#5268], EntityKey[j.index.module.apply.resourcesUnion.entity.ResourcesUnion#5267], EntityKey[j.index.module.apply.resourcesUnion.entity.ResourcesUnion#5266], EntityKey[j.index.module.apply.resourcesUnion.entity.ResourcesUnion#5265], EntityKey[j.index.module.apply.resourcesUnion.entity.ResourcesUnion#5264], EntityKey[j.index.module.apply.resourcesUnion.entity.ResourcesUnion#5263], EntityKey[j.index.module.apply.resourcesUnion.entity.ResourcesUnion#5262], EntityKey[j.index.module.apply.resourcesUnion.entity.ResourcesUnion#5261], EntityKey[j.index.module.apply.resourcesUnion.entity.ResourcesUnion#5260], EntityKey[j.index.module.apply.resourcesUnion.entity.ResourcesUnion#5259], EntityKey[j.index.module.apply.resourcesUnion.entity.ResourcesUnion#5319], EntityKey[j.index.module.apply.resourcesUnion.entity.ResourcesUnion#5320], EntityKey[j.index.module.apply.resourcesUnion.entity.ResourcesUnion#5321], EntityKey[j.index.module.apply.resourcesUnion.entity.ResourcesUnion#5322], EntityKey[j.index.module.apply.resourcesUnion.entity.ResourcesUnion#5315], EntityKey[j.index.module.apply.resourcesUnion.entity.ResourcesUnion#5316], EntityKey[j.index.module.apply.resourcesUnion.entity.ResourcesUnion#5317], EntityKey[j.index.module.apply.resourcesUnion.entity.ResourcesUnion#5318], EntityKey[j.index.module.apply.resourcesUnion.entity.ResourcesUnion#5311], EntityKey[j.index.module.apply.resourcesUnion.entity.ResourcesUnion#5312], EntityKey[j.index.module.apply.resourcesUnion.entity.ResourcesUnion#5313], EntityKey[j.index.module.apply.resourcesUnion.entity.ResourcesUnion#5314], EntityKey[j.index.module.apply.resourcesUnion.entity.ResourcesUnion#5307], EntityKey[j.index.module.apply.resourcesUnion.entity.ResourcesUnion#5308], EntityKey[j.index.module.apply.resourcesUnion.entity.ResourcesUnion#5309], EntityKey[j.index.module.apply.resourcesUnion.entity.ResourcesUnion#5310], EntityKey[j.index.module.apply.resourcesUnion.entity.ResourcesUnion#5304], EntityKey[j.index.module.apply.resourcesUnion.entity.ResourcesUnion#5303], EntityKey[j.index.module.apply.resourcesUnion.entity.ResourcesUnion#5306], EntityKey[j.index.module.apply.resourcesUnion.entity.ResourcesUnion#5305], EntityKey[j.index.module.apply.resourcesUnion.entity.ResourcesUnion#5300], EntityKey[j.index.module.apply.resourcesUnion.entity.ResourcesUnion#5299], EntityKey[j.index.module.apply.resourcesUnion.entity.ResourcesUnion#5302], EntityKey[j.index.module.apply.resourcesUnion.entity.ResourcesUnion#5301], EntityKey[j.index.module.apply.resourcesUnion.entity.ResourcesUnion#5296], EntityKey[j.index.module.apply.resourcesUnion.entity.ResourcesUnion#5295], EntityKey[j.index.module.apply.resourcesUnion.entity.ResourcesUnion#5298], EntityKey[j.index.module.apply.resourcesUnion.entity.ResourcesUnion#5297], EntityKey[j.index.module.apply.resourcesUnion.entity.ResourcesUnion#5292], EntityKey[j.index.module.apply.resourcesUnion.entity.ResourcesUnion#5291], EntityKey[j.index.module.apply.resourcesUnion.entity.ResourcesUnion#5294], EntityKey[j.index.module.apply.resourcesUnion.entity.ResourcesUnion#5293], EntityKey[j.index.module.apply.resourcesUnion.entity.ResourcesUnion#5470], EntityKey[j.index.module.apply.resourcesUnion.entity.ResourcesUnion#5469], EntityKey[j.index.module.apply.resourcesUnion.entity.ResourcesUnion#5468], EntityKey[j.index.module.apply.resourcesUnion.entity.ResourcesUnion#5467], EntityKey[j.index.module.apply.resourcesUnion.entity.ResourcesUnion#5474], EntityKey[j.index.module.apply.resourcesUnion.entity.ResourcesUnion#5473], EntityKey[j.index.module.apply.resourcesUnion.entity.ResourcesUnion#5472], EntityKey[j.index.module.apply.resourcesUnion.entity.ResourcesUnion#5471], EntityKey[j.index.module.apply.resourcesUnion.entity.ResourcesUnion#5478], EntityKey[j.index.module.apply.resourcesUnion.entity.ResourcesUnion#5477], EntityKey[j.index.module.apply.resourcesUnion.entity.ResourcesUnion#5476], EntityKey[j.index.module.apply.resourcesUnion.entity.ResourcesUnion#5475], EntityKey[j.index.module.apply.resourcesUnion.entity.ResourcesUnion#5482], EntityKey[j.index.module.apply.resourcesUnion.entity.ResourcesUnion#5481], EntityKey[j.index.module.apply.resourcesUnion.entity.ResourcesUnion#5480], EntityKey[j.index.module.apply.resourcesUnion.entity.ResourcesUnion#5479], EntityKey[j.index.module.apply.resourcesUnion.entity.ResourcesUnion#5453], EntityKey[j.index.module.apply.resourcesUnion.entity.ResourcesUnion#5454], EntityKey[j.index.module.apply.resourcesUnion.entity.ResourcesUnion#5451], EntityKey[j.index.module.apply.resourcesUnion.entity.ResourcesUnion#5452], EntityKey[j.index.module.apply.resourcesUnion.entity.ResourcesUnion#5457], EntityKey[j.index.module.apply.resourcesUnion.entity.ResourcesUnion#5458], EntityKey[j.index.module.apply.resourcesUnion.entity.ResourcesUnion#5455], EntityKey[j.index.module.apply.resourcesUnion.entity.ResourcesUnion#5456], EntityKey[j.index.module.apply.resourcesUnion.entity.ResourcesUnion#5461], EntityKey[j.index.module.apply.resourcesUnion.entity.ResourcesUnion#5462], EntityKey[j.index.module.apply.resourcesUnion.entity.ResourcesUnion#5459], EntityKey[j.index.module.apply.resourcesUnion.entity.ResourcesUnion#5460], EntityKey[j.index.module.apply.resourcesUnion.entity.ResourcesUnion#5465], EntityKey[j.index.module.apply.resourcesUnion.entity.ResourcesUnion#5466], EntityKey[j.index.module.apply.resourcesUnion.entity.ResourcesUnion#5463], EntityKey[j.index.module.apply.resourcesUnion.entity.ResourcesUnion#5464], EntityKey[j.index.module.apply.resourcesUnion.entity.ResourcesUnion#5500], EntityKey[j.index.module.apply.resourcesUnion.entity.ResourcesUnion#5499], EntityKey[j.index.module.apply.resourcesUnion.entity.ResourcesUnion#5502], EntityKey[j.index.module.apply.resourcesUnion.entity.ResourcesUnion#5501], EntityKey[j.index.module.apply.resourcesUnion.entity.ResourcesUnion#5504], EntityKey[j.index.module.apply.resourcesUnion.entity.ResourcesUnion#5503], EntityKey[j.index.module.apply.resourcesUnion.entity.ResourcesUnion#5506], EntityKey[j.index.module.apply.resourcesUnion.entity.ResourcesUnion#5505], EntityKey[j.index.module.apply.resourcesUnion.entity.ResourcesUnion#5508], EntityKey[j.index.module.apply.resourcesUnion.entity.ResourcesUnion#5507], EntityKey[j.index.module.apply.resourcesUnion.entity.ResourcesUnion#5510], EntityKey[j.index.module.apply.resourcesUnion.entity.ResourcesUnion#5509], EntityKey[j.index.module.apply.resourcesUnion.entity.ResourcesUnion#5512], EntityKey[j.index.module.apply.resourcesUnion.entity.ResourcesUnion#5511], EntityKey[j.index.module.apply.resourcesUnion.entity.ResourcesUnion#5514], EntityKey[j.index.module.apply.resourcesUnion.entity.ResourcesUnion#5513], EntityKey[j.index.module.apply.resourcesUnion.entity.ResourcesUnion#5483], EntityKey[j.index.module.apply.resourcesUnion.entity.ResourcesUnion#5484], EntityKey[j.index.module.apply.resourcesUnion.entity.ResourcesUnion#5485], EntityKey[j.index.module.apply.resourcesUnion.entity.ResourcesUnion#5486], EntityKey[j.index.module.apply.resourcesUnion.entity.ResourcesUnion#5487], EntityKey[j.index.module.apply.resourcesUnion.entity.ResourcesUnion#5488], EntityKey[j.index.module.apply.resourcesUnion.entity.ResourcesUnion#5489], EntityKey[j.index.module.apply.resourcesUnion.entity.ResourcesUnion#5490], EntityKey[j.index.module.apply.resourcesUnion.entity.ResourcesUnion#5491], EntityKey[j.index.module.apply.resourcesUnion.entity.ResourcesUnion#5492], EntityKey[j.index.module.apply.resourcesUnion.entity.ResourcesUnion#5493], EntityKey[j.index.module.apply.resourcesUnion.entity.ResourcesUnion#5494], EntityKey[j.index.module.apply.resourcesUnion.entity.ResourcesUnion#5495], EntityKey[j.index.module.apply.resourcesUnion.entity.ResourcesUnion#5496], EntityKey[j.index.module.apply.resourcesUnion.entity.ResourcesUnion#5497], EntityKey[j.index.module.apply.resourcesUnion.entity.ResourcesUnion#5498], EntityKey[j.index.module.apply.resourcesUnion.entity.ResourcesUnion#5410], EntityKey[j.index.module.apply.resourcesUnion.entity.ResourcesUnion#5409], EntityKey[j.index.module.apply.resourcesUnion.entity.ResourcesUnion#5408], EntityKey[j.index.module.apply.resourcesUnion.entity.ResourcesUnion#5407], EntityKey[j.index.module.apply.resourcesUnion.entity.ResourcesUnion#5406], EntityKey[j.index.module.apply.resourcesUnion.entity.ResourcesUnion#5405], EntityKey[j.index.module.apply.resourcesUnion.entity.ResourcesUnion#5404], EntityKey[j.index.module.apply.resourcesUnion.entity.ResourcesUnion#5403], EntityKey[j.index.module.apply.resourcesUnion.entity.ResourcesUnion#5418], EntityKey[j.index.module.apply.resourcesUnion.entity.ResourcesUnion#5417], EntityKey[j.index.module.apply.resourcesUnion.entity.ResourcesUnion#5416], EntityKey[j.index.module.apply.resourcesUnion.entity.ResourcesUnion#5415], EntityKey[j.index.module.apply.resourcesUnion.entity.ResourcesUnion#5414], EntityKey[j.index.module.apply.resourcesUnion.entity.ResourcesUnion#5413], EntityKey[j.index.module.apply.resourcesUnion.entity.ResourcesUnion#5412], EntityKey[j.index.module.apply.resourcesUnion.entity.ResourcesUnion#5411], EntityKey[j.index.module.apply.resourcesUnion.entity.ResourcesUnion#5393], EntityKey[j.index.module.apply.resourcesUnion.entity.ResourcesUnion#5394], EntityKey[j.index.module.apply.resourcesUnion.entity.ResourcesUnion#5391], EntityKey[j.index.module.apply.resourcesUnion.entity.ResourcesUnion#5392], EntityKey[j.index.module.apply.resourcesUnion.entity.ResourcesUnion#5389], EntityKey[j.index.module.apply.resourcesUnion.entity.ResourcesUnion#5390], EntityKey[j.index.module.apply.resourcesUnion.entity.ResourcesUnion#5387], EntityKey[j.index.module.apply.resourcesUnion.entity.ResourcesUnion#5388], EntityKey[j.index.module.apply.resourcesUnion.entity.ResourcesUnion#5401], EntityKey[j.index.module.apply.resourcesUnion.entity.ResourcesUnion#5402], EntityKey[j.index.module.apply.resourcesUnion.entity.ResourcesUnion#5399], EntityKey[j.index.module.apply.resourcesUnion.entity.ResourcesUnion#5400], EntityKey[j.index.module.apply.resourcesUnion.entity.ResourcesUnion#5397], EntityKey[j.index.module.apply.resourcesUnion.entity.ResourcesUnion#5398], EntityKey[j.index.module.apply.resourcesUnion.entity.ResourcesUnion#5395], EntityKey[j.index.module.apply.resourcesUnion.entity.ResourcesUnion#5396], EntityKey[j.index.module.apply.resourcesUnion.entity.ResourcesUnion#5440], EntityKey[j.index.module.apply.resourcesUnion.entity.ResourcesUnion#5439], EntityKey[j.index.module.apply.resourcesUnion.entity.ResourcesUnion#5442], EntityKey[j.index.module.apply.resourcesUnion.entity.ResourcesUnion#5441], EntityKey[j.index.module.apply.resourcesUnion.entity.ResourcesUnion#5436], EntityKey[j.index.module.apply.resourcesUnion.entity.ResourcesUnion#5435], EntityKey[j.index.module.apply.resourcesUnion.entity.ResourcesUnion#5438], EntityKey[j.index.module.apply.resourcesUnion.entity.ResourcesUnion#5437], EntityKey[j.index.module.apply.resourcesUnion.entity.ResourcesUnion#5448], EntityKey[j.index.module.apply.resourcesUnion.entity.ResourcesUnion#5447], EntityKey[j.index.module.apply.resourcesUnion.entity.ResourcesUnion#5450], EntityKey[j.index.module.apply.resourcesUnion.entity.ResourcesUnion#5449], EntityKey[j.index.module.apply.resourcesUnion.entity.ResourcesUnion#5444], EntityKey[j.index.module.apply.resourcesUnion.entity.ResourcesUnion#5443], EntityKey[j.index.module.apply.resourcesUnion.entity.ResourcesUnion#5446], EntityKey[j.index.module.apply.resourcesUnion.entity.ResourcesUnion#5445], EntityKey[j.index.module.apply.resourcesUnion.entity.ResourcesUnion#5423], EntityKey[j.index.module.apply.resourcesUnion.entity.ResourcesUnion#5424], EntityKey[j.index.module.apply.resourcesUnion.entity.ResourcesUnion#5425], EntityKey[j.index.module.apply.resourcesUnion.entity.ResourcesUnion#5426], EntityKey[j.index.module.apply.resourcesUnion.entity.ResourcesUnion#5419], EntityKey[j.index.module.apply.resourcesUnion.entity.ResourcesUnion#5420], EntityKey[j.index.module.apply.resourcesUnion.entity.ResourcesUnion#5421], EntityKey[j.index.module.apply.resourcesUnion.entity.ResourcesUnion#5422], EntityKey[j.index.module.apply.resourcesUnion.entity.ResourcesUnion#5431], EntityKey[j.index.module.apply.resourcesUnion.entity.ResourcesUnion#5432], EntityKey[j.index.module.apply.resourcesUnion.entity.ResourcesUnion#5433], EntityKey[j.index.module.apply.resourcesUnion.entity.ResourcesUnion#5434], EntityKey[j.index.module.apply.resourcesUnion.entity.ResourcesUnion#5427], EntityKey[j.index.module.apply.resourcesUnion.entity.ResourcesUnion#5428], EntityKey[j.index.module.apply.resourcesUnion.entity.ResourcesUnion#5429], EntityKey[j.index.module.apply.resourcesUnion.entity.ResourcesUnion#5430], EntityKey[j.index.module.apply.resourcesUnion.entity.ResourcesUnion#5076], EntityKey[j.index.module.apply.resourcesUnion.entity.ResourcesUnion#5075], EntityKey[j.index.module.apply.resourcesUnion.entity.ResourcesUnion#5078], EntityKey[j.index.module.apply.resourcesUnion.entity.ResourcesUnion#5077], EntityKey[j.index.module.apply.resourcesUnion.entity.ResourcesUnion#5080], EntityKey[j.index.module.apply.resourcesUnion.entity.ResourcesUnion#5079], EntityKey[j.index.module.apply.resourcesUnion.entity.ResourcesUnion#5082], EntityKey[j.index.module.apply.resourcesUnion.entity.ResourcesUnion#5081], EntityKey[j.index.module.apply.resourcesUnion.entity.ResourcesUnion#5068], EntityKey[j.index.module.apply.resourcesUnion.entity.ResourcesUnion#5067], EntityKey[j.index.module.apply.resourcesUnion.entity.ResourcesUnion#5070], EntityKey[j.index.module.apply.resourcesUnion.entity.ResourcesUnion#5069], EntityKey[j.index.module.apply.resourcesUnion.entity.ResourcesUnion#5072], EntityKey[j.index.module.apply.resourcesUnion.entity.ResourcesUnion#5071], EntityKey[j.index.module.apply.resourcesUnion.entity.ResourcesUnion#5074], EntityKey[j.index.module.apply.resourcesUnion.entity.ResourcesUnion#5073], EntityKey[j.index.module.apply.resourcesUnion.entity.ResourcesUnion#5091], EntityKey[j.index.module.apply.resourcesUnion.entity.ResourcesUnion#5092], EntityKey[j.index.module.apply.resourcesUnion.entity.ResourcesUnion#5093], EntityKey[j.index.module.apply.resourcesUnion.entity.ResourcesUnion#5094], EntityKey[j.index.module.apply.resourcesUnion.entity.ResourcesUnion#5095], EntityKey[j.index.module.apply.resourcesUnion.entity.ResourcesUnion#5096], EntityKey[j.index.module.apply.resourcesUnion.entity.ResourcesUnion#5097], EntityKey[j.index.module.apply.resourcesUnion.entity.ResourcesUnion#5098], EntityKey[j.index.module.apply.resourcesUnion.entity.ResourcesUnion#5083], EntityKey[j.index.module.apply.resourcesUnion.entity.ResourcesUnion#5084], EntityKey[j.index.module.apply.resourcesUnion.entity.ResourcesUnion#5085], EntityKey[j.index.module.apply.resourcesUnion.entity.ResourcesUnion#5086], EntityKey[j.index.module.apply.resourcesUnion.entity.ResourcesUnion#5087], EntityKey[j.index.module.apply.resourcesUnion.entity.ResourcesUnion#5088], EntityKey[j.index.module.apply.resourcesUnion.entity.ResourcesUnion#5089], EntityKey[j.index.module.apply.resourcesUnion.entity.ResourcesUnion#5090], EntityKey[j.index.module.apply.resourcesUnion.entity.ResourcesUnion#5110], EntityKey[j.index.module.apply.resourcesUnion.entity.ResourcesUnion#5109], EntityKey[j.index.module.apply.resourcesUnion.entity.ResourcesUnion#5108], EntityKey[j.index.module.apply.resourcesUnion.entity.ResourcesUnion#5107], EntityKey[j.index.module.apply.resourcesUnion.entity.ResourcesUnion#5114], EntityKey[j.index.module.apply.resourcesUnion.entity.ResourcesUnion#5113], EntityKey[j.index.module.apply.resourcesUnion.entity.ResourcesUnion#5112], EntityKey[j.index.module.apply.resourcesUnion.entity.ResourcesUnion#5111], EntityKey[j.index.module.apply.resourcesUnion.entity.ResourcesUnion#5102], EntityKey[j.index.module.apply.resourcesUnion.entity.ResourcesUnion#5101], EntityKey[j.index.module.apply.resourcesUnion.entity.ResourcesUnion#5100], EntityKey[j.index.module.apply.resourcesUnion.entity.ResourcesUnion#5099], EntityKey[j.index.module.apply.resourcesUnion.entity.ResourcesUnion#5106], EntityKey[j.index.module.apply.resourcesUnion.entity.ResourcesUnion#5105], EntityKey[j.index.module.apply.resourcesUnion.entity.ResourcesUnion#5104], EntityKey[j.index.module.apply.resourcesUnion.entity.ResourcesUnion#5103], EntityKey[j.index.module.apply.resourcesUnion.entity.ResourcesUnion#5125], EntityKey[j.index.module.apply.resourcesUnion.entity.ResourcesUnion#5126], EntityKey[j.index.module.apply.resourcesUnion.entity.ResourcesUnion#5123], EntityKey[j.index.module.apply.resourcesUnion.entity.ResourcesUnion#5124], EntityKey[j.index.module.apply.resourcesUnion.entity.ResourcesUnion#5129], EntityKey[j.index.module.apply.resourcesUnion.entity.ResourcesUnion#5130], EntityKey[j.index.module.apply.resourcesUnion.entity.ResourcesUnion#5127], EntityKey[j.index.module.apply.resourcesUnion.entity.ResourcesUnion#5128], EntityKey[j.index.module.apply.resourcesUnion.entity.ResourcesUnion#5117], EntityKey[j.index.module.apply.resourcesUnion.entity.ResourcesUnion#5118], EntityKey[j.index.module.apply.resourcesUnion.entity.ResourcesUnion#5115], EntityKey[j.index.module.apply.resourcesUnion.entity.ResourcesUnion#5116], EntityKey[j.index.module.apply.resourcesUnion.entity.ResourcesUnion#5121], EntityKey[j.index.module.apply.resourcesUnion.entity.ResourcesUnion#5122], EntityKey[j.index.module.apply.resourcesUnion.entity.ResourcesUnion#5119], EntityKey[j.index.module.apply.resourcesUnion.entity.ResourcesUnion#5120], EntityKey[j.index.module.apply.resourcesUnion.entity.ResourcesUnion#5016], EntityKey[j.index.module.apply.resourcesUnion.entity.ResourcesUnion#5015], EntityKey[j.index.module.apply.resourcesUnion.entity.ResourcesUnion#5018], EntityKey[j.index.module.apply.resourcesUnion.entity.ResourcesUnion#5017], EntityKey[j.index.module.apply.resourcesUnion.entity.ResourcesUnion#5012], EntityKey[j.index.module.apply.resourcesUnion.entity.ResourcesUnion#5011], EntityKey[j.index.module.apply.resourcesUnion.entity.ResourcesUnion#5014], EntityKey[j.index.module.apply.resourcesUnion.entity.ResourcesUnion#5013], EntityKey[j.index.module.apply.resourcesUnion.entity.ResourcesUnion#5008], EntityKey[j.index.module.apply.resourcesUnion.entity.ResourcesUnion#5007], EntityKey[j.index.module.apply.resourcesUnion.entity.ResourcesUnion#5010], EntityKey[j.index.module.apply.resourcesUnion.entity.ResourcesUnion#5009], EntityKey[j.index.module.apply.resourcesUnion.entity.ResourcesUnion#5004], EntityKey[j.index.module.apply.resourcesUnion.entity.ResourcesUnion#5003], EntityKey[j.index.module.apply.resourcesUnion.entity.ResourcesUnion#5006], EntityKey[j.index.module.apply.resourcesUnion.entity.ResourcesUnion#5005], EntityKey[j.index.module.apply.resourcesUnion.entity.ResourcesUnion#5031], EntityKey[j.index.module.apply.resourcesUnion.entity.ResourcesUnion#5032], EntityKey[j.index.module.apply.resourcesUnion.entity.ResourcesUnion#5033], EntityKey[j.index.module.apply.resourcesUnion.entity.ResourcesUnion#5034], EntityKey[j.index.module.apply.resourcesUnion.entity.ResourcesUnion#5027], EntityKey[j.index.module.apply.resourcesUnion.entity.ResourcesUnion#5028], EntityKey[j.index.module.apply.resourcesUnion.entity.ResourcesUnion#5029], EntityKey[j.index.module.apply.resourcesUnion.entity.ResourcesUnion#5030], EntityKey[j.index.module.apply.resourcesUnion.entity.ResourcesUnion#5023], EntityKey[j.index.module.apply.resourcesUnion.entity.ResourcesUnion#5024], EntityKey[j.index.module.apply.resourcesUnion.entity.ResourcesUnion#5025], EntityKey[j.index.module.apply.resourcesUnion.entity.ResourcesUnion#5026], EntityKey[j.index.module.apply.resourcesUnion.entity.ResourcesUnion#5019], EntityKey[j.index.module.apply.resourcesUnion.entity.ResourcesUnion#5020], EntityKey[j.index.module.apply.resourcesUnion.entity.ResourcesUnion#5021], EntityKey[j.index.module.apply.resourcesUnion.entity.ResourcesUnion#5022], EntityKey[j.index.module.apply.resourcesUnion.entity.ResourcesUnion#5050], EntityKey[j.index.module.apply.resourcesUnion.entity.ResourcesUnion#5049], EntityKey[j.index.module.apply.resourcesUnion.entity.ResourcesUnion#5048], EntityKey[j.index.module.apply.resourcesUnion.entity.ResourcesUnion#5047], EntityKey[j.index.module.apply.resourcesUnion.entity.ResourcesUnion#5046], EntityKey[j.index.module.apply.resourcesUnion.entity.ResourcesUnion#5045], EntityKey[j.index.module.apply.resourcesUnion.entity.ResourcesUnion#5044], EntityKey[j.index.module.apply.resourcesUnion.entity.ResourcesUnion#5043], EntityKey[j.index.module.apply.resourcesUnion.entity.ResourcesUnion#5042], EntityKey[j.index.module.apply.resourcesUnion.entity.ResourcesUnion#5041], EntityKey[j.index.module.apply.resourcesUnion.entity.ResourcesUnion#5040], EntityKey[j.index.module.apply.resourcesUnion.entity.ResourcesUnion#5039], EntityKey[j.index.module.apply.resourcesUnion.entity.ResourcesUnion#5038], EntityKey[j.index.module.apply.resourcesUnion.entity.ResourcesUnion#5037], EntityKey[j.index.module.apply.resourcesUnion.entity.ResourcesUnion#5036], EntityKey[j.index.module.apply.resourcesUnion.entity.ResourcesUnion#5035], EntityKey[j.index.module.apply.resourcesUnion.entity.ResourcesUnion#5065], EntityKey[j.index.module.apply.resourcesUnion.entity.ResourcesUnion#5066], EntityKey[j.index.module.apply.resourcesUnion.entity.ResourcesUnion#5063], EntityKey[j.index.module.apply.resourcesUnion.entity.ResourcesUnion#5064], EntityKey[j.index.module.apply.resourcesUnion.entity.ResourcesUnion#5061], EntityKey[j.index.module.apply.resourcesUnion.entity.ResourcesUnion#5062], EntityKey[j.index.module.apply.resourcesUnion.entity.ResourcesUnion#5059], EntityKey[j.index.module.apply.resourcesUnion.entity.ResourcesUnion#5060], EntityKey[j.index.module.apply.resourcesUnion.entity.ResourcesUnion#5057], EntityKey[j.index.module.apply.resourcesUnion.entity.ResourcesUnion#5058], EntityKey[j.index.module.apply.resourcesUnion.entity.ResourcesUnion#5055], EntityKey[j.index.module.apply.resourcesUnion.entity.ResourcesUnion#5056], EntityKey[j.index.module.apply.resourcesUnion.entity.ResourcesUnion#5053], EntityKey[j.index.module.apply.resourcesUnion.entity.ResourcesUnion#5054], EntityKey[j.index.module.apply.resourcesUnion.entity.ResourcesUnion#5051], EntityKey[j.index.module.apply.resourcesUnion.entity.ResourcesUnion#5052], EntityKey[j.index.module.apply.resourcesUnion.entity.ResourcesUnion#5195], EntityKey[j.index.module.apply.resourcesUnion.entity.ResourcesUnion#5196], EntityKey[j.index.module.apply.resourcesUnion.entity.ResourcesUnion#5197], EntityKey[j.index.module.apply.resourcesUnion.entity.ResourcesUnion#5198], EntityKey[j.index.module.apply.resourcesUnion.entity.ResourcesUnion#5199], EntityKey[j.index.module.apply.resourcesUnion.entity.ResourcesUnion#5200], EntityKey[j.index.module.apply.resourcesUnion.entity.ResourcesUnion#5201], EntityKey[j.index.module.apply.resourcesUnion.entity.ResourcesUnion#5202], EntityKey[j.index.module.apply.resourcesUnion.entity.ResourcesUnion#5203], EntityKey[j.index.module.apply.resourcesUnion.entity.ResourcesUnion#5204], EntityKey[j.index.module.apply.resourcesUnion.entity.ResourcesUnion#5205], EntityKey[j.index.module.apply.resourcesUnion.entity.ResourcesUnion#5206], EntityKey[j.index.module.apply.resourcesUnion.entity.ResourcesUnion#5207], EntityKey[j.index.module.apply.resourcesUnion.entity.ResourcesUnion#5208], EntityKey[j.index.module.apply.resourcesUnion.entity.ResourcesUnion#5209], EntityKey[j.index.module.apply.resourcesUnion.entity.ResourcesUnion#5210], EntityKey[j.index.module.apply.resourcesUnion.entity.ResourcesUnion#5212], EntityKey[j.index.module.apply.resourcesUnion.entity.ResourcesUnion#5211], EntityKey[j.index.module.apply.resourcesUnion.entity.ResourcesUnion#5214], EntityKey[j.index.module.apply.resourcesUnion.entity.ResourcesUnion#5213], EntityKey[j.index.module.apply.resourcesUnion.entity.ResourcesUnion#5216], EntityKey[j.index.module.apply.resourcesUnion.entity.ResourcesUnion#5215], EntityKey[j.index.module.apply.resourcesUnion.entity.ResourcesUnion#5218], EntityKey[j.index.module.apply.resourcesUnion.entity.ResourcesUnion#5217], EntityKey[j.index.module.apply.resourcesUnion.entity.ResourcesUnion#5220], EntityKey[j.index.module.apply.resourcesUnion.entity.ResourcesUnion#5219], EntityKey[j.index.module.apply.resourcesUnion.entity.ResourcesUnion#5222], EntityKey[j.index.module.apply.resourcesUnion.entity.ResourcesUnion#5221], EntityKey[j.index.module.apply.resourcesUnion.entity.ResourcesUnion#5224], EntityKey[j.index.module.apply.resourcesUnion.entity.ResourcesUnion#5223], EntityKey[j.index.module.apply.resourcesUnion.entity.ResourcesUnion#5226], EntityKey[j.index.module.apply.resourcesUnion.entity.ResourcesUnion#5225], EntityKey[j.index.module.apply.resourcesUnion.entity.ResourcesUnion#5229], EntityKey[j.index.module.apply.resourcesUnion.entity.ResourcesUnion#5230], EntityKey[j.index.module.apply.resourcesUnion.entity.ResourcesUnion#5227], EntityKey[j.index.module.apply.resourcesUnion.entity.ResourcesUnion#5228], EntityKey[j.index.module.apply.resourcesUnion.entity.ResourcesUnion#5233], EntityKey[j.index.module.apply.resourcesUnion.entity.ResourcesUnion#5234], EntityKey[j.index.module.apply.resourcesUnion.entity.ResourcesUnion#5231], EntityKey[j.index.module.apply.resourcesUnion.entity.ResourcesUnion#5232], EntityKey[j.index.module.apply.resourcesUnion.entity.ResourcesUnion#5237], EntityKey[j.index.module.apply.resourcesUnion.entity.ResourcesUnion#5238], EntityKey[j.index.module.apply.resourcesUnion.entity.ResourcesUnion#5235], EntityKey[j.index.module.apply.resourcesUnion.entity.ResourcesUnion#5236], EntityKey[j.index.module.apply.resourcesUnion.entity.ResourcesUnion#5241], EntityKey[j.index.module.apply.resourcesUnion.entity.ResourcesUnion#5242], EntityKey[j.index.module.apply.resourcesUnion.entity.ResourcesUnion#5239], EntityKey[j.index.module.apply.resourcesUnion.entity.ResourcesUnion#5240], EntityKey[j.index.module.apply.resourcesUnion.entity.ResourcesUnion#5246], EntityKey[j.index.module.apply.resourcesUnion.entity.ResourcesUnion#5245], EntityKey[j.index.module.apply.resourcesUnion.entity.ResourcesUnion#5244], EntityKey[j.index.module.apply.resourcesUnion.entity.ResourcesUnion#5243], EntityKey[j.index.module.apply.resourcesUnion.entity.ResourcesUnion#5250], EntityKey[j.index.module.apply.resourcesUnion.entity.ResourcesUnion#5249], EntityKey[j.index.module.apply.resourcesUnion.entity.ResourcesUnion#5248], EntityKey[j.index.module.apply.resourcesUnion.entity.ResourcesUnion#5247], EntityKey[j.index.module.apply.resourcesUnion.entity.ResourcesUnion#5254], EntityKey[j.index.module.apply.resourcesUnion.entity.ResourcesUnion#5253], EntityKey[j.index.module.apply.resourcesUnion.entity.ResourcesUnion#5252], EntityKey[j.index.module.apply.resourcesUnion.entity.ResourcesUnion#5251], EntityKey[j.index.module.apply.resourcesUnion.entity.ResourcesUnion#5258], EntityKey[j.index.module.apply.resourcesUnion.entity.ResourcesUnion#5257], EntityKey[j.index.module.apply.resourcesUnion.entity.ResourcesUnion#5256], EntityKey[j.index.module.apply.resourcesUnion.entity.ResourcesUnion#5255], EntityKey[j.index.module.apply.resourcesUnion.entity.ResourcesUnion#5135], EntityKey[j.index.module.apply.resourcesUnion.entity.ResourcesUnion#5136], EntityKey[j.index.module.apply.resourcesUnion.entity.ResourcesUnion#5137], EntityKey[j.index.module.apply.resourcesUnion.entity.ResourcesUnion#5138], EntityKey[j.index.module.apply.resourcesUnion.entity.ResourcesUnion#5131], EntityKey[j.index.module.apply.resourcesUnion.entity.ResourcesUnion#5132], EntityKey[j.index.module.apply.resourcesUnion.entity.ResourcesUnion#5133], EntityKey[j.index.module.apply.resourcesUnion.entity.ResourcesUnion#5134], EntityKey[j.index.module.apply.resourcesUnion.entity.ResourcesUnion#5143], EntityKey[j.index.module.apply.resourcesUnion.entity.ResourcesUnion#5144], EntityKey[j.index.module.apply.resourcesUnion.entity.ResourcesUnion#5145], EntityKey[j.index.module.apply.resourcesUnion.entity.ResourcesUnion#5146], EntityKey[j.index.module.apply.resourcesUnion.entity.ResourcesUnion#5139], EntityKey[j.index.module.apply.resourcesUnion.entity.ResourcesUnion#5140], EntityKey[j.index.module.apply.resourcesUnion.entity.ResourcesUnion#5141], EntityKey[j.index.module.apply.resourcesUnion.entity.ResourcesUnion#5142], EntityKey[j.index.module.apply.resourcesUnion.entity.ResourcesUnion#5152], EntityKey[j.index.module.apply.resourcesUnion.entity.ResourcesUnion#5151], EntityKey[j.index.module.apply.resourcesUnion.entity.ResourcesUnion#5154], EntityKey[j.index.module.apply.resourcesUnion.entity.ResourcesUnion#5153], EntityKey[j.index.module.apply.resourcesUnion.entity.ResourcesUnion#5148], EntityKey[j.index.module.apply.resourcesUnion.entity.ResourcesUnion#5147], EntityKey[j.index.module.apply.resourcesUnion.entity.ResourcesUnion#5150], EntityKey[j.index.module.apply.resourcesUnion.entity.ResourcesUnion#5149], EntityKey[j.index.module.apply.resourcesUnion.entity.ResourcesUnion#5160], EntityKey[j.index.module.apply.resourcesUnion.entity.ResourcesUnion#5159], EntityKey[j.index.module.apply.resourcesUnion.entity.ResourcesUnion#5162], EntityKey[j.index.module.apply.resourcesUnion.entity.ResourcesUnion#5161], EntityKey[j.index.module.apply.resourcesUnion.entity.ResourcesUnion#5156], EntityKey[j.index.module.apply.resourcesUnion.entity.ResourcesUnion#5155], EntityKey[j.index.module.apply.resourcesUnion.entity.ResourcesUnion#5158], EntityKey[j.index.module.apply.resourcesUnion.entity.ResourcesUnion#5157], EntityKey[j.index.module.apply.resourcesUnion.entity.ResourcesUnion#5169], EntityKey[j.index.module.apply.resourcesUnion.entity.ResourcesUnion#5170], EntityKey[j.index.module.apply.resourcesUnion.entity.ResourcesUnion#5167], EntityKey[j.index.module.apply.resourcesUnion.entity.ResourcesUnion#5168], EntityKey[j.index.module.apply.resourcesUnion.entity.ResourcesUnion#5165], EntityKey[j.index.module.apply.resourcesUnion.entity.ResourcesUnion#5166], EntityKey[j.index.module.apply.resourcesUnion.entity.ResourcesUnion#5163], EntityKey[j.index.module.apply.resourcesUnion.entity.ResourcesUnion#5164], EntityKey[j.index.module.apply.resourcesUnion.entity.ResourcesUnion#5177], EntityKey[j.index.module.apply.resourcesUnion.entity.ResourcesUnion#5178], EntityKey[j.index.module.apply.resourcesUnion.entity.ResourcesUnion#5175], EntityKey[j.index.module.apply.resourcesUnion.entity.ResourcesUnion#5176], EntityKey[j.index.module.apply.resourcesUnion.entity.ResourcesUnion#5173], EntityKey[j.index.module.apply.resourcesUnion.entity.ResourcesUnion#5174], EntityKey[j.index.module.apply.resourcesUnion.entity.ResourcesUnion#5171], EntityKey[j.index.module.apply.resourcesUnion.entity.ResourcesUnion#5172], EntityKey[j.index.module.apply.resourcesUnion.entity.ResourcesUnion#5186], EntityKey[j.index.module.apply.resourcesUnion.entity.ResourcesUnion#5185], EntityKey[j.index.module.apply.resourcesUnion.entity.ResourcesUnion#5184], EntityKey[j.index.module.apply.resourcesUnion.entity.ResourcesUnion#5183], EntityKey[j.index.module.apply.resourcesUnion.entity.ResourcesUnion#5182], EntityKey[j.index.module.apply.resourcesUnion.entity.ResourcesUnion#5181], EntityKey[j.index.module.apply.resourcesUnion.entity.ResourcesUnion#5180], EntityKey[j.index.module.apply.resourcesUnion.entity.ResourcesUnion#5179], EntityKey[j.index.module.apply.resourcesUnion.entity.ResourcesUnion#5194], EntityKey[j.index.module.apply.resourcesUnion.entity.ResourcesUnion#5193], EntityKey[j.index.module.apply.resourcesUnion.entity.ResourcesUnion#5192], EntityKey[j.index.module.apply.resourcesUnion.entity.ResourcesUnion#5191], EntityKey[j.index.module.apply.resourcesUnion.entity.ResourcesUnion#5190], EntityKey[j.index.module.apply.resourcesUnion.entity.ResourcesUnion#5189], EntityKey[j.index.module.apply.resourcesUnion.entity.ResourcesUnion#5188], EntityKey[j.index.module.apply.resourcesUnion.entity.ResourcesUnion#5187], EntityKey[j.index.module.apply.resourcesUnion.entity.ResourcesUnion#5939], EntityKey[j.index.module.apply.resourcesUnion.entity.ResourcesUnion#5940], EntityKey[j.index.module.apply.resourcesUnion.entity.ResourcesUnion#5941], EntityKey[j.index.module.apply.resourcesUnion.entity.ResourcesUnion#5942], EntityKey[j.index.module.apply.resourcesUnion.entity.ResourcesUnion#5943], EntityKey[j.index.module.apply.resourcesUnion.entity.ResourcesUnion#5944], EntityKey[j.index.module.apply.resourcesUnion.entity.ResourcesUnion#5945], EntityKey[j.index.module.apply.resourcesUnion.entity.ResourcesUnion#5946], EntityKey[j.index.module.apply.resourcesUnion.entity.ResourcesUnion#5931], EntityKey[j.index.module.apply.resourcesUnion.entity.ResourcesUnion#5932], EntityKey[j.index.module.apply.resourcesUnion.entity.ResourcesUnion#5933], EntityKey[j.index.module.apply.resourcesUnion.entity.ResourcesUnion#5934], EntityKey[j.index.module.apply.resourcesUnion.entity.ResourcesUnion#5935], EntityKey[j.index.module.apply.resourcesUnion.entity.ResourcesUnion#5936], EntityKey[j.index.module.apply.resourcesUnion.entity.ResourcesUnion#5937], EntityKey[j.index.module.apply.resourcesUnion.entity.ResourcesUnion#5938], EntityKey[j.index.module.apply.resourcesUnion.entity.ResourcesUnion#5956], EntityKey[j.index.module.apply.resourcesUnion.entity.ResourcesUnion#5955], EntityKey[j.index.module.apply.resourcesUnion.entity.ResourcesUnion#5958], EntityKey[j.index.module.apply.resourcesUnion.entity.ResourcesUnion#5957], EntityKey[j.index.module.apply.resourcesUnion.entity.ResourcesUnion#5960], EntityKey[j.index.module.apply.resourcesUnion.entity.ResourcesUnion#5959], EntityKey[j.index.module.apply.resourcesUnion.entity.ResourcesUnion#5962], EntityKey[j.index.module.apply.resourcesUnion.entity.ResourcesUnion#5961], EntityKey[j.index.module.apply.resourcesUnion.entity.ResourcesUnion#5948], EntityKey[j.index.module.apply.resourcesUnion.entity.ResourcesUnion#5947], EntityKey[j.index.module.apply.resourcesUnion.entity.ResourcesUnion#5950], EntityKey[j.index.module.apply.resourcesUnion.entity.ResourcesUnion#5949], EntityKey[j.index.module.apply.resourcesUnion.entity.ResourcesUnion#5952], EntityKey[j.index.module.apply.resourcesUnion.entity.ResourcesUnion#5951], EntityKey[j.index.module.apply.resourcesUnion.entity.ResourcesUnion#5954], EntityKey[j.index.module.apply.resourcesUnion.entity.ResourcesUnion#5953], EntityKey[j.index.module.apply.resourcesUnion.entity.ResourcesUnion#5909], EntityKey[j.index.module.apply.resourcesUnion.entity.ResourcesUnion#5910], EntityKey[j.index.module.apply.resourcesUnion.entity.ResourcesUnion#5907], EntityKey[j.index.module.apply.resourcesUnion.entity.ResourcesUnion#5908], EntityKey[j.index.module.apply.resourcesUnion.entity.ResourcesUnion#5913], EntityKey[j.index.module.apply.resourcesUnion.entity.ResourcesUnion#5914], EntityKey[j.index.module.apply.resourcesUnion.entity.ResourcesUnion#5911], EntityKey[j.index.module.apply.resourcesUnion.entity.ResourcesUnion#5912], EntityKey[j.index.module.apply.resourcesUnion.entity.ResourcesUnion#5901], EntityKey[j.index.module.apply.resourcesUnion.entity.ResourcesUnion#5902], EntityKey[j.index.module.apply.resourcesUnion.entity.ResourcesUnion#5899], EntityKey[j.index.module.apply.resourcesUnion.entity.ResourcesUnion#5900], EntityKey[j.index.module.apply.resourcesUnion.entity.ResourcesUnion#5905], EntityKey[j.index.module.apply.resourcesUnion.entity.ResourcesUnion#5906], EntityKey[j.index.module.apply.resourcesUnion.entity.ResourcesUnion#5903], EntityKey[j.index.module.apply.resourcesUnion.entity.ResourcesUnion#5904], EntityKey[j.index.module.apply.resourcesUnion.entity.ResourcesUnion#5926], EntityKey[j.index.module.apply.resourcesUnion.entity.ResourcesUnion#5925], EntityKey[j.index.module.apply.resourcesUnion.entity.ResourcesUnion#5924], EntityKey[j.index.module.apply.resourcesUnion.entity.ResourcesUnion#5923], EntityKey[j.index.module.apply.resourcesUnion.entity.ResourcesUnion#5930], EntityKey[j.index.module.apply.resourcesUnion.entity.ResourcesUnion#5929], EntityKey[j.index.module.apply.resourcesUnion.entity.ResourcesUnion#5928], EntityKey[j.index.module.apply.resourcesUnion.entity.ResourcesUnion#5927], EntityKey[j.index.module.apply.resourcesUnion.entity.ResourcesUnion#5918], EntityKey[j.index.module.apply.resourcesUnion.entity.ResourcesUnion#5917], EntityKey[j.index.module.apply.resourcesUnion.entity.ResourcesUnion#5916], EntityKey[j.index.module.apply.resourcesUnion.entity.ResourcesUnion#5915], EntityKey[j.index.module.apply.resourcesUnion.entity.ResourcesUnion#5922], EntityKey[j.index.module.apply.resourcesUnion.entity.ResourcesUnion#5921], EntityKey[j.index.module.apply.resourcesUnion.entity.ResourcesUnion#5920], EntityKey[j.index.module.apply.resourcesUnion.entity.ResourcesUnion#5919], EntityKey[j.index.module.apply.resourcesUnion.entity.ResourcesUnion#6007], EntityKey[j.index.module.apply.resourcesUnion.entity.ResourcesUnion#6008], EntityKey[j.index.module.apply.resourcesUnion.entity.ResourcesUnion#6009], EntityKey[j.index.module.apply.resourcesUnion.entity.ResourcesUnion#6010], EntityKey[j.index.module.apply.resourcesUnion.entity.ResourcesUnion#6003], EntityKey[j.index.module.apply.resourcesUnion.entity.ResourcesUnion#6004], EntityKey[j.index.module.apply.resourcesUnion.entity.ResourcesUnion#6005], EntityKey[j.index.module.apply.resourcesUnion.entity.ResourcesUnion#6006], EntityKey[j.index.module.apply.resourcesUnion.entity.ResourcesUnion#5999], EntityKey[j.index.module.apply.resourcesUnion.entity.ResourcesUnion#6000], EntityKey[j.index.module.apply.resourcesUnion.entity.ResourcesUnion#6001], EntityKey[j.index.module.apply.resourcesUnion.entity.ResourcesUnion#6002], EntityKey[j.index.module.apply.resourcesUnion.entity.ResourcesUnion#5995], EntityKey[j.index.module.apply.resourcesUnion.entity.ResourcesUnion#5996], EntityKey[j.index.module.apply.resourcesUnion.entity.ResourcesUnion#5997], EntityKey[j.index.module.apply.resourcesUnion.entity.ResourcesUnion#5998], EntityKey[j.index.module.apply.resourcesUnion.entity.ResourcesUnion#6024], EntityKey[j.index.module.apply.resourcesUnion.entity.ResourcesUnion#6023], EntityKey[j.index.module.apply.resourcesUnion.entity.ResourcesUnion#6026], EntityKey[j.index.module.apply.resourcesUnion.entity.ResourcesUnion#6025], EntityKey[j.index.module.apply.resourcesUnion.entity.ResourcesUnion#6020], EntityKey[j.index.module.apply.resourcesUnion.entity.ResourcesUnion#6019], EntityKey[j.index.module.apply.resourcesUnion.entity.ResourcesUnion#6022], EntityKey[j.index.module.apply.resourcesUnion.entity.ResourcesUnion#6021], EntityKey[j.index.module.apply.resourcesUnion.entity.ResourcesUnion#6016], EntityKey[j.index.module.apply.resourcesUnion.entity.ResourcesUnion#6015], EntityKey[j.index.module.apply.resourcesUnion.entity.ResourcesUnion#6018], EntityKey[j.index.module.apply.resourcesUnion.entity.ResourcesUnion#6017], EntityKey[j.index.module.apply.resourcesUnion.entity.ResourcesUnion#6012], EntityKey[j.index.module.apply.resourcesUnion.entity.ResourcesUnion#6011], EntityKey[j.index.module.apply.resourcesUnion.entity.ResourcesUnion#6014], EntityKey[j.index.module.apply.resourcesUnion.entity.ResourcesUnion#6013], EntityKey[j.index.module.apply.resourcesUnion.entity.ResourcesUnion#5977], EntityKey[j.index.module.apply.resourcesUnion.entity.ResourcesUnion#5978], EntityKey[j.index.module.apply.resourcesUnion.entity.ResourcesUnion#5975], EntityKey[j.index.module.apply.resourcesUnion.entity.ResourcesUnion#5976], EntityKey[j.index.module.apply.resourcesUnion.entity.ResourcesUnion#5973], EntityKey[j.index.module.apply.resourcesUnion.entity.ResourcesUnion#5974], EntityKey[j.index.module.apply.resourcesUnion.entity.ResourcesUnion#5971], EntityKey[j.index.module.apply.resourcesUnion.entity.ResourcesUnion#5972], EntityKey[j.index.module.apply.resourcesUnion.entity.ResourcesUnion#5969], EntityKey[j.index.module.apply.resourcesUnion.entity.ResourcesUnion#5970], EntityKey[j.index.module.apply.resourcesUnion.entity.ResourcesUnion#5967], EntityKey[j.index.module.apply.resourcesUnion.entity.ResourcesUnion#5968], EntityKey[j.index.module.apply.resourcesUnion.entity.ResourcesUnion#5965], EntityKey[j.index.module.apply.resourcesUnion.entity.ResourcesUnion#5966], EntityKey[j.index.module.apply.resourcesUnion.entity.ResourcesUnion#5963], EntityKey[j.index.module.apply.resourcesUnion.entity.ResourcesUnion#5964], EntityKey[j.index.module.apply.resourcesUnion.entity.ResourcesUnion#5994], EntityKey[j.index.module.apply.resourcesUnion.entity.ResourcesUnion#5993], EntityKey[j.index.module.apply.resourcesUnion.entity.ResourcesUnion#5992], EntityKey[j.index.module.apply.resourcesUnion.entity.ResourcesUnion#5991], EntityKey[j.index.module.apply.resourcesUnion.entity.ResourcesUnion#5990], EntityKey[j.index.module.apply.resourcesUnion.entity.ResourcesUnion#5989], EntityKey[j.index.module.apply.resourcesUnion.entity.ResourcesUnion#5988], EntityKey[j.index.module.apply.resourcesUnion.entity.ResourcesUnion#5987], EntityKey[j.index.module.apply.resourcesUnion.entity.ResourcesUnion#5986], EntityKey[j.index.module.apply.resourcesUnion.entity.ResourcesUnion#5985], EntityKey[j.index.module.apply.resourcesUnion.entity.ResourcesUnion#5984], EntityKey[j.index.module.apply.resourcesUnion.entity.ResourcesUnion#5983], EntityKey[j.index.module.apply.resourcesUnion.entity.ResourcesUnion#5982], EntityKey[j.index.module.apply.resourcesUnion.entity.ResourcesUnion#5981], EntityKey[j.index.module.apply.resourcesUnion.entity.ResourcesUnion#5980], EntityKey[j.index.module.apply.resourcesUnion.entity.ResourcesUnion#5979], EntityKey[j.index.module.apply.resourcesUnion.entity.ResourcesUnion#5804], EntityKey[j.index.module.apply.resourcesUnion.entity.ResourcesUnion#5803], EntityKey[j.index.module.apply.resourcesUnion.entity.ResourcesUnion#5806], EntityKey[j.index.module.apply.resourcesUnion.entity.ResourcesUnion#5805], EntityKey[j.index.module.apply.resourcesUnion.entity.ResourcesUnion#5808], EntityKey[j.index.module.apply.resourcesUnion.entity.ResourcesUnion#5807], EntityKey[j.index.module.apply.resourcesUnion.entity.ResourcesUnion#5810], EntityKey[j.index.module.apply.resourcesUnion.entity.ResourcesUnion#5809], EntityKey[j.index.module.apply.resourcesUnion.entity.ResourcesUnion#5812], EntityKey[j.index.module.apply.resourcesUnion.entity.ResourcesUnion#5811], EntityKey[j.index.module.apply.resourcesUnion.entity.ResourcesUnion#5814], EntityKey[j.index.module.apply.resourcesUnion.entity.ResourcesUnion#5813], EntityKey[j.index.module.apply.resourcesUnion.entity.ResourcesUnion#5816], EntityKey[j.index.module.apply.resourcesUnion.entity.ResourcesUnion#5815], EntityKey[j.index.module.apply.resourcesUnion.entity.ResourcesUnion#5818], EntityKey[j.index.module.apply.resourcesUnion.entity.ResourcesUnion#5817], EntityKey[j.index.module.apply.resourcesUnion.entity.ResourcesUnion#5819], EntityKey[j.index.module.apply.resourcesUnion.entity.ResourcesUnion#5820], EntityKey[j.index.module.apply.resourcesUnion.entity.ResourcesUnion#5821], EntityKey[j.index.module.apply.resourcesUnion.entity.ResourcesUnion#5822], EntityKey[j.index.module.apply.resourcesUnion.entity.ResourcesUnion#5823], EntityKey[j.index.module.apply.resourcesUnion.entity.ResourcesUnion#5824], EntityKey[j.index.module.apply.resourcesUnion.entity.ResourcesUnion#5825], EntityKey[j.index.module.apply.resourcesUnion.entity.ResourcesUnion#5826], EntityKey[j.index.module.apply.resourcesUnion.entity.ResourcesUnion#5827], EntityKey[j.index.module.apply.resourcesUnion.entity.ResourcesUnion#5828], EntityKey[j.index.module.apply.resourcesUnion.entity.ResourcesUnion#5829], EntityKey[j.index.module.apply.resourcesUnion.entity.ResourcesUnion#5830], EntityKey[j.index.module.apply.resourcesUnion.entity.ResourcesUnion#5831], EntityKey[j.index.module.apply.resourcesUnion.entity.ResourcesUnion#5832], EntityKey[j.index.module.apply.resourcesUnion.entity.ResourcesUnion#5833], EntityKey[j.index.module.apply.resourcesUnion.entity.ResourcesUnion#5834], EntityKey[j.index.module.apply.resourcesUnion.entity.ResourcesUnion#5774], EntityKey[j.index.module.apply.resourcesUnion.entity.ResourcesUnion#5773], EntityKey[j.index.module.apply.resourcesUnion.entity.ResourcesUnion#5772], EntityKey[j.index.module.apply.resourcesUnion.entity.ResourcesUnion#5771], EntityKey[j.index.module.apply.resourcesUnion.entity.ResourcesUnion#5778], EntityKey[j.index.module.apply.resourcesUnion.entity.ResourcesUnion#5777], EntityKey[j.index.module.apply.resourcesUnion.entity.ResourcesUnion#5776], EntityKey[j.index.module.apply.resourcesUnion.entity.ResourcesUnion#5775], EntityKey[j.index.module.apply.resourcesUnion.entity.ResourcesUnion#5782], EntityKey[j.index.module.apply.resourcesUnion.entity.ResourcesUnion#5781], EntityKey[j.index.module.apply.resourcesUnion.entity.ResourcesUnion#5780], EntityKey[j.index.module.apply.resourcesUnion.entity.ResourcesUnion#5779], EntityKey[j.index.module.apply.resourcesUnion.entity.ResourcesUnion#5786], EntityKey[j.index.module.apply.resourcesUnion.entity.ResourcesUnion#5785], EntityKey[j.index.module.apply.resourcesUnion.entity.ResourcesUnion#5784], EntityKey[j.index.module.apply.resourcesUnion.entity.ResourcesUnion#5783], EntityKey[j.index.module.apply.resourcesUnion.entity.ResourcesUnion#5789], EntityKey[j.index.module.apply.resourcesUnion.entity.ResourcesUnion#5790], EntityKey[j.index.module.apply.resourcesUnion.entity.ResourcesUnion#5787], EntityKey[j.index.module.apply.resourcesUnion.entity.ResourcesUnion#5788], EntityKey[j.index.module.apply.resourcesUnion.entity.ResourcesUnion#5793], EntityKey[j.index.module.apply.resourcesUnion.entity.ResourcesUnion#5794], EntityKey[j.index.module.apply.resourcesUnion.entity.ResourcesUnion#5791], EntityKey[j.index.module.apply.resourcesUnion.entity.ResourcesUnion#5792], EntityKey[j.index.module.apply.resourcesUnion.entity.ResourcesUnion#5797], EntityKey[j.index.module.apply.resourcesUnion.entity.ResourcesUnion#5798], EntityKey[j.index.module.apply.resourcesUnion.entity.ResourcesUnion#5795], EntityKey[j.index.module.apply.resourcesUnion.entity.ResourcesUnion#5796], EntityKey[j.index.module.apply.resourcesUnion.entity.ResourcesUnion#5801], EntityKey[j.index.module.apply.resourcesUnion.entity.ResourcesUnion#5802], EntityKey[j.index.module.apply.resourcesUnion.entity.ResourcesUnion#5799], EntityKey[j.index.module.apply.resourcesUnion.entity.ResourcesUnion#5800], EntityKey[j.index.module.apply.resourcesUnion.entity.ResourcesUnion#5872], EntityKey[j.index.module.apply.resourcesUnion.entity.ResourcesUnion#5871], EntityKey[j.index.module.apply.resourcesUnion.entity.ResourcesUnion#5874], EntityKey[j.index.module.apply.resourcesUnion.entity.ResourcesUnion#5873], EntityKey[j.index.module.apply.resourcesUnion.entity.ResourcesUnion#5868], EntityKey[j.index.module.apply.resourcesUnion.entity.ResourcesUnion#5867], EntityKey[j.index.module.apply.resourcesUnion.entity.ResourcesUnion#5870], EntityKey[j.index.module.apply.resourcesUnion.entity.ResourcesUnion#5869], EntityKey[j.index.module.apply.resourcesUnion.entity.ResourcesUnion#5880], EntityKey[j.index.module.apply.resourcesUnion.entity.ResourcesUnion#5879], EntityKey[j.index.module.apply.resourcesUnion.entity.ResourcesUnion#5882], EntityKey[j.index.module.apply.resourcesUnion.entity.ResourcesUnion#5881], EntityKey[j.index.module.apply.resourcesUnion.entity.ResourcesUnion#5876], EntityKey[j.index.module.apply.resourcesUnion.entity.ResourcesUnion#5875], EntityKey[j.index.module.apply.resourcesUnion.entity.ResourcesUnion#5878], EntityKey[j.index.module.apply.resourcesUnion.entity.ResourcesUnion#5877], EntityKey[j.index.module.apply.resourcesUnion.entity.ResourcesUnion#5887], EntityKey[j.index.module.apply.resourcesUnion.entity.ResourcesUnion#5888], EntityKey[j.index.module.apply.resourcesUnion.entity.ResourcesUnion#5889], EntityKey[j.index.module.apply.resourcesUnion.entity.ResourcesUnion#5890], EntityKey[j.index.module.apply.resourcesUnion.entity.ResourcesUnion#5883], EntityKey[j.index.module.apply.resourcesUnion.entity.ResourcesUnion#5884], EntityKey[j.index.module.apply.resourcesUnion.entity.ResourcesUnion#5885], EntityKey[j.index.module.apply.resourcesUnion.entity.ResourcesUnion#5886], EntityKey[j.index.module.apply.resourcesUnion.entity.ResourcesUnion#5895], EntityKey[j.index.module.apply.resourcesUnion.entity.ResourcesUnion#5896], EntityKey[j.index.module.apply.resourcesUnion.entity.ResourcesUnion#5897], EntityKey[j.index.module.apply.resourcesUnion.entity.ResourcesUnion#5898], EntityKey[j.index.module.apply.resourcesUnion.entity.ResourcesUnion#5891], EntityKey[j.index.module.apply.resourcesUnion.entity.ResourcesUnion#5892], EntityKey[j.index.module.apply.resourcesUnion.entity.ResourcesUnion#5893], EntityKey[j.index.module.apply.resourcesUnion.entity.ResourcesUnion#5894], EntityKey[j.index.module.apply.resourcesUnion.entity.ResourcesUnion#5842], EntityKey[j.index.module.apply.resourcesUnion.entity.ResourcesUnion#5841], EntityKey[j.index.module.apply.resourcesUnion.entity.ResourcesUnion#5840], EntityKey[j.index.module.apply.resourcesUnion.entity.ResourcesUnion#5839], EntityKey[j.index.module.apply.resourcesUnion.entity.ResourcesUnion#5838], EntityKey[j.index.module.apply.resourcesUnion.entity.ResourcesUnion#5837], EntityKey[j.index.module.apply.resourcesUnion.entity.ResourcesUnion#5836], EntityKey[j.index.module.apply.resourcesUnion.entity.ResourcesUnion#5835], EntityKey[j.index.module.apply.resourcesUnion.entity.ResourcesUnion#5850], EntityKey[j.index.module.apply.resourcesUnion.entity.ResourcesUnion#5849], EntityKey[j.index.module.apply.resourcesUnion.entity.ResourcesUnion#5848], EntityKey[j.index.module.apply.resourcesUnion.entity.ResourcesUnion#5847], EntityKey[j.index.module.apply.resourcesUnion.entity.ResourcesUnion#5846], EntityKey[j.index.module.apply.resourcesUnion.entity.ResourcesUnion#5845], EntityKey[j.index.module.apply.resourcesUnion.entity.ResourcesUnion#5844], EntityKey[j.index.module.apply.resourcesUnion.entity.ResourcesUnion#5843], EntityKey[j.index.module.apply.resourcesUnion.entity.ResourcesUnion#5857], EntityKey[j.index.module.apply.resourcesUnion.entity.ResourcesUnion#5858], EntityKey[j.index.module.apply.resourcesUnion.entity.ResourcesUnion#5855], EntityKey[j.index.module.apply.resourcesUnion.entity.ResourcesUnion#5856], EntityKey[j.index.module.apply.resourcesUnion.entity.ResourcesUnion#5853], EntityKey[j.index.module.apply.resourcesUnion.entity.ResourcesUnion#5854], EntityKey[j.index.module.apply.resourcesUnion.entity.ResourcesUnion#5851], EntityKey[j.index.module.apply.resourcesUnion.entity.ResourcesUnion#5852], EntityKey[j.index.module.apply.resourcesUnion.entity.ResourcesUnion#5865], EntityKey[j.index.module.apply.resourcesUnion.entity.ResourcesUnion#5866], EntityKey[j.index.module.apply.resourcesUnion.entity.ResourcesUnion#5863], EntityKey[j.index.module.apply.resourcesUnion.entity.ResourcesUnion#5864], EntityKey[j.index.module.apply.resourcesUnion.entity.ResourcesUnion#5861], EntityKey[j.index.module.apply.resourcesUnion.entity.ResourcesUnion#5862], EntityKey[j.index.module.apply.resourcesUnion.entity.ResourcesUnion#5859], EntityKey[j.index.module.apply.resourcesUnion.entity.ResourcesUnion#5860], EntityKey[j.index.module.apply.resourcesUnion.entity.ResourcesUnion#5702], EntityKey[j.index.module.apply.resourcesUnion.entity.ResourcesUnion#5701], EntityKey[j.index.module.apply.resourcesUnion.entity.ResourcesUnion#5700], EntityKey[j.index.module.apply.resourcesUnion.entity.ResourcesUnion#5699], EntityKey[j.index.module.apply.resourcesUnion.entity.ResourcesUnion#5706], EntityKey[j.index.module.apply.resourcesUnion.entity.ResourcesUnion#5705], EntityKey[j.index.module.apply.resourcesUnion.entity.ResourcesUnion#5704], EntityKey[j.index.module.apply.resourcesUnion.entity.ResourcesUnion#5703], EntityKey[j.index.module.apply.resourcesUnion.entity.ResourcesUnion#5694], EntityKey[j.index.module.apply.resourcesUnion.entity.ResourcesUnion#5693], EntityKey[j.index.module.apply.resourcesUnion.entity.ResourcesUnion#5692], EntityKey[j.index.module.apply.resourcesUnion.entity.ResourcesUnion#5691], EntityKey[j.index.module.apply.resourcesUnion.entity.ResourcesUnion#5698], EntityKey[j.index.module.apply.resourcesUnion.entity.ResourcesUnion#5697], EntityKey[j.index.module.apply.resourcesUnion.entity.ResourcesUnion#5696], EntityKey[j.index.module.apply.resourcesUnion.entity.ResourcesUnion#5695], EntityKey[j.index.module.apply.resourcesUnion.entity.ResourcesUnion#5685], EntityKey[j.index.module.apply.resourcesUnion.entity.ResourcesUnion#5686], EntityKey[j.index.module.apply.resourcesUnion.entity.ResourcesUnion#5683], EntityKey[j.index.module.apply.resourcesUnion.entity.ResourcesUnion#5684], EntityKey[j.index.module.apply.resourcesUnion.entity.ResourcesUnion#5689], EntityKey[j.index.module.apply.resourcesUnion.entity.ResourcesUnion#5690], EntityKey[j.index.module.apply.resourcesUnion.entity.ResourcesUnion#5687], EntityKey[j.index.module.apply.resourcesUnion.entity.ResourcesUnion#5688], EntityKey[j.index.module.apply.resourcesUnion.entity.ResourcesUnion#5677], EntityKey[j.index.module.apply.resourcesUnion.entity.ResourcesUnion#5678], EntityKey[j.index.module.apply.resourcesUnion.entity.ResourcesUnion#5675], EntityKey[j.index.module.apply.resourcesUnion.entity.ResourcesUnion#5676], EntityKey[j.index.module.apply.resourcesUnion.entity.ResourcesUnion#5681], EntityKey[j.index.module.apply.resourcesUnion.entity.ResourcesUnion#5682], EntityKey[j.index.module.apply.resourcesUnion.entity.ResourcesUnion#5679], EntityKey[j.index.module.apply.resourcesUnion.entity.ResourcesUnion#5680], EntityKey[j.index.module.apply.resourcesUnion.entity.ResourcesUnion#5668], EntityKey[j.index.module.apply.resourcesUnion.entity.ResourcesUnion#5667], EntityKey[j.index.module.apply.resourcesUnion.entity.ResourcesUnion#5670], EntityKey[j.index.module.apply.resourcesUnion.entity.ResourcesUnion#5669], EntityKey[j.index.module.apply.resourcesUnion.entity.ResourcesUnion#5672], EntityKey[j.index.module.apply.resourcesUnion.entity.ResourcesUnion#5671], EntityKey[j.index.module.apply.resourcesUnion.entity.ResourcesUnion#5674], EntityKey[j.index.module.apply.resourcesUnion.entity.ResourcesUnion#5673], EntityKey[j.index.module.apply.resourcesUnion.entity.ResourcesUnion#5660], EntityKey[j.index.module.apply.resourcesUnion.entity.ResourcesUnion#5659], EntityKey[j.index.module.apply.resourcesUnion.entity.ResourcesUnion#5662], EntityKey[j.index.module.apply.resourcesUnion.entity.ResourcesUnion#5661], EntityKey[j.index.module.apply.resourcesUnion.entity.ResourcesUnion#5664], EntityKey[j.index.module.apply.resourcesUnion.entity.ResourcesUnion#5663], EntityKey[j.index.module.apply.resourcesUnion.entity.ResourcesUnion#5666], EntityKey[j.index.module.apply.resourcesUnion.entity.ResourcesUnion#5665], EntityKey[j.index.module.apply.resourcesUnion.entity.ResourcesUnion#5651], EntityKey[j.index.module.apply.resourcesUnion.entity.ResourcesUnion#5652], EntityKey[j.index.module.apply.resourcesUnion.entity.ResourcesUnion#5653], EntityKey[j.index.module.apply.resourcesUnion.entity.ResourcesUnion#5654], EntityKey[j.index.module.apply.resourcesUnion.entity.ResourcesUnion#5655], EntityKey[j.index.module.apply.resourcesUnion.entity.ResourcesUnion#5656], EntityKey[j.index.module.apply.resourcesUnion.entity.ResourcesUnion#5657], EntityKey[j.index.module.apply.resourcesUnion.entity.ResourcesUnion#5658], EntityKey[j.index.module.apply.resourcesUnion.entity.ResourcesUnion#5643], EntityKey[j.index.module.apply.resourcesUnion.entity.ResourcesUnion#5644], EntityKey[j.index.module.apply.resourcesUnion.entity.ResourcesUnion#5645], EntityKey[j.index.module.apply.resourcesUnion.entity.ResourcesUnion#5646], EntityKey[j.index.module.apply.resourcesUnion.entity.ResourcesUnion#5647], EntityKey[j.index.module.apply.resourcesUnion.entity.ResourcesUnion#5648], EntityKey[j.index.module.apply.resourcesUnion.entity.ResourcesUnion#5649], EntityKey[j.index.module.apply.resourcesUnion.entity.ResourcesUnion#5650], EntityKey[j.index.module.apply.resourcesUnion.entity.ResourcesUnion#5770], EntityKey[j.index.module.apply.resourcesUnion.entity.ResourcesUnion#5769], EntityKey[j.index.module.apply.resourcesUnion.entity.ResourcesUnion#5768], EntityKey[j.index.module.apply.resourcesUnion.entity.ResourcesUnion#5767], EntityKey[j.index.module.apply.resourcesUnion.entity.ResourcesUnion#5766], EntityKey[j.index.module.apply.resourcesUnion.entity.ResourcesUnion#5765], EntityKey[j.index.module.apply.resourcesUnion.entity.ResourcesUnion#5764], EntityKey[j.index.module.apply.resourcesUnion.entity.ResourcesUnion#5763], EntityKey[j.index.module.apply.resourcesUnion.entity.ResourcesUnion#5762], EntityKey[j.index.module.apply.resourcesUnion.entity.ResourcesUnion#5761], EntityKey[j.index.module.apply.resourcesUnion.entity.ResourcesUnion#5760], EntityKey[j.index.module.apply.resourcesUnion.entity.ResourcesUnion#5759], EntityKey[j.index.module.apply.resourcesUnion.entity.ResourcesUnion#5758], EntityKey[j.index.module.apply.resourcesUnion.entity.ResourcesUnion#5757], EntityKey[j.index.module.apply.resourcesUnion.entity.ResourcesUnion#5756], EntityKey[j.index.module.apply.resourcesUnion.entity.ResourcesUnion#5755], EntityKey[j.index.module.apply.resourcesUnion.entity.ResourcesUnion#5753], EntityKey[j.index.module.apply.resourcesUnion.entity.ResourcesUnion#5754], EntityKey[j.index.module.apply.resourcesUnion.entity.ResourcesUnion#5751], EntityKey[j.index.module.apply.resourcesUnion.entity.ResourcesUnion#5752], EntityKey[j.index.module.apply.resourcesUnion.entity.ResourcesUnion#5749], EntityKey[j.index.module.apply.resourcesUnion.entity.ResourcesUnion#5750], EntityKey[j.index.module.apply.resourcesUnion.entity.ResourcesUnion#5747], EntityKey[j.index.module.apply.resourcesUnion.entity.ResourcesUnion#5748], EntityKey[j.index.module.apply.resourcesUnion.entity.ResourcesUnion#5745], EntityKey[j.index.module.apply.resourcesUnion.entity.ResourcesUnion#5746], EntityKey[j.index.module.apply.resourcesUnion.entity.ResourcesUnion#5743], EntityKey[j.index.module.apply.resourcesUnion.entity.ResourcesUnion#5744], EntityKey[j.index.module.apply.resourcesUnion.entity.ResourcesUnion#5741], EntityKey[j.index.module.apply.resourcesUnion.entity.ResourcesUnion#5742], EntityKey[j.index.module.apply.resourcesUnion.entity.ResourcesUnion#5739], EntityKey[j.index.module.apply.resourcesUnion.entity.ResourcesUnion#5740], EntityKey[j.index.module.apply.resourcesUnion.entity.ResourcesUnion#5736], EntityKey[j.index.module.apply.resourcesUnion.entity.ResourcesUnion#5735], EntityKey[j.index.module.apply.resourcesUnion.entity.ResourcesUnion#5738], EntityKey[j.index.module.apply.resourcesUnion.entity.ResourcesUnion#5737], EntityKey[j.index.module.apply.resourcesUnion.entity.ResourcesUnion#5732], EntityKey[j.index.module.apply.resourcesUnion.entity.ResourcesUnion#5731], EntityKey[j.index.module.apply.resourcesUnion.entity.ResourcesUnion#5734], EntityKey[j.index.module.apply.resourcesUnion.entity.ResourcesUnion#5733], EntityKey[j.index.module.apply.resourcesUnion.entity.ResourcesUnion#5728], EntityKey[j.index.module.apply.resourcesUnion.entity.ResourcesUnion#5727], EntityKey[j.index.module.apply.resourcesUnion.entity.ResourcesUnion#5730], EntityKey[j.index.module.apply.resourcesUnion.entity.ResourcesUnion#5729], EntityKey[j.index.module.apply.resourcesUnion.entity.ResourcesUnion#5724], EntityKey[j.index.module.apply.resourcesUnion.entity.ResourcesUnion#5723], EntityKey[j.index.module.apply.resourcesUnion.entity.ResourcesUnion#5726], EntityKey[j.index.module.apply.resourcesUnion.entity.ResourcesUnion#5725], EntityKey[j.index.module.apply.resourcesUnion.entity.ResourcesUnion#5719], EntityKey[j.index.module.apply.resourcesUnion.entity.ResourcesUnion#5720], EntityKey[j.index.module.apply.resourcesUnion.entity.ResourcesUnion#5721], EntityKey[j.index.module.apply.resourcesUnion.entity.ResourcesUnion#5722], EntityKey[j.index.module.apply.resourcesUnion.entity.ResourcesUnion#5715], EntityKey[j.index.module.apply.resourcesUnion.entity.ResourcesUnion#5716], EntityKey[j.index.module.apply.resourcesUnion.entity.ResourcesUnion#5717], EntityKey[j.index.module.apply.resourcesUnion.entity.ResourcesUnion#5718], EntityKey[j.index.module.apply.resourcesUnion.entity.ResourcesUnion#5711], EntityKey[j.index.module.apply.resourcesUnion.entity.ResourcesUnion#5712], EntityKey[j.index.module.apply.resourcesUnion.entity.ResourcesUnion#5713], EntityKey[j.index.module.apply.resourcesUnion.entity.ResourcesUnion#5714], EntityKey[j.index.module.apply.resourcesUnion.entity.ResourcesUnion#5707], EntityKey[j.index.module.apply.resourcesUnion.entity.ResourcesUnion#5708], EntityKey[j.index.module.apply.resourcesUnion.entity.ResourcesUnion#5709], EntityKey[j.index.module.apply.resourcesUnion.entity.ResourcesUnion#5710], EntityKey[j.index.module.apply.resourcesUnion.entity.ResourcesUnion#5565], EntityKey[j.index.module.apply.resourcesUnion.entity.ResourcesUnion#5566], EntityKey[j.index.module.apply.resourcesUnion.entity.ResourcesUnion#5563], EntityKey[j.index.module.apply.resourcesUnion.entity.ResourcesUnion#5564], EntityKey[j.index.module.apply.resourcesUnion.entity.ResourcesUnion#5569], EntityKey[j.index.module.apply.resourcesUnion.entity.ResourcesUnion#5570], EntityKey[j.index.module.apply.resourcesUnion.entity.ResourcesUnion#5567], EntityKey[j.index.module.apply.resourcesUnion.entity.ResourcesUnion#5568], EntityKey[j.index.module.apply.resourcesUnion.entity.ResourcesUnion#5573], EntityKey[j.index.module.apply.resourcesUnion.entity.ResourcesUnion#5574], EntityKey[j.index.module.apply.resourcesUnion.entity.ResourcesUnion#5571], EntityKey[j.index.module.apply.resourcesUnion.entity.ResourcesUnion#5572], EntityKey[j.index.module.apply.resourcesUnion.entity.ResourcesUnion#5577], EntityKey[j.index.module.apply.resourcesUnion.entity.ResourcesUnion#5578], EntityKey[j.index.module.apply.resourcesUnion.entity.ResourcesUnion#5575], EntityKey[j.index.module.apply.resourcesUnion.entity.ResourcesUnion#5576], EntityKey[j.index.module.apply.resourcesUnion.entity.ResourcesUnion#5550], EntityKey[j.index.module.apply.resourcesUnion.entity.ResourcesUnion#5549], EntityKey[j.index.module.apply.resourcesUnion.entity.ResourcesUnion#5548], EntityKey[j.index.module.apply.resourcesUnion.entity.ResourcesUnion#5547], EntityKey[j.index.module.apply.resourcesUnion.entity.ResourcesUnion#5554], EntityKey[j.index.module.apply.resourcesUnion.entity.ResourcesUnion#5553], EntityKey[j.index.module.apply.resourcesUnion.entity.ResourcesUnion#5552], EntityKey[j.index.module.apply.resourcesUnion.entity.ResourcesUnion#5551], EntityKey[j.index.module.apply.resourcesUnion.entity.ResourcesUnion#5558], EntityKey[j.index.module.apply.resourcesUnion.entity.ResourcesUnion#5557], EntityKey[j.index.module.apply.resourcesUnion.entity.ResourcesUnion#5556], EntityKey[j.index.module.apply.resourcesUnion.entity.ResourcesUnion#5555], EntityKey[j.index.module.apply.resourcesUnion.entity.ResourcesUnion#5562], EntityKey[j.index.module.apply.resourcesUnion.entity.ResourcesUnion#5561], EntityKey[j.index.module.apply.resourcesUnion.entity.ResourcesUnion#5560], EntityKey[j.index.module.apply.resourcesUnion.entity.ResourcesUnion#5559], EntityKey[j.index.module.apply.resourcesUnion.entity.ResourcesUnion#5531], EntityKey[j.index.module.apply.resourcesUnion.entity.ResourcesUnion#5532], EntityKey[j.index.module.apply.resourcesUnion.entity.ResourcesUnion#5533], EntityKey[j.index.module.apply.resourcesUnion.entity.ResourcesUnion#5534], EntityKey[j.index.module.apply.resourcesUnion.entity.ResourcesUnion#5535], EntityKey[j.index.module.apply.resourcesUnion.entity.ResourcesUnion#5536], EntityKey[j.index.module.apply.resourcesUnion.entity.ResourcesUnion#5537], EntityKey[j.index.module.apply.resourcesUnion.entity.ResourcesUnion#5538], EntityKey[j.index.module.apply.resourcesUnion.entity.ResourcesUnion#5539], EntityKey[j.index.module.apply.resourcesUnion.entity.ResourcesUnion#5540], EntityKey[j.index.module.apply.resourcesUnion.entity.ResourcesUnion#5541], EntityKey[j.index.module.apply.resourcesUnion.entity.ResourcesUnion#5542], EntityKey[j.index.module.apply.resourcesUnion.entity.ResourcesUnion#5543], EntityKey[j.index.module.apply.resourcesUnion.entity.ResourcesUnion#5544], EntityKey[j.index.module.apply.resourcesUnion.entity.ResourcesUnion#5545], EntityKey[j.index.module.apply.resourcesUnion.entity.ResourcesUnion#5546], EntityKey[j.index.module.apply.resourcesUnion.entity.ResourcesUnion#5516], EntityKey[j.index.module.apply.resourcesUnion.entity.ResourcesUnion#5515], EntityKey[j.index.module.apply.resourcesUnion.entity.ResourcesUnion#5518], EntityKey[j.index.module.apply.resourcesUnion.entity.ResourcesUnion#5517], EntityKey[j.index.module.apply.resourcesUnion.entity.ResourcesUnion#5520], EntityKey[j.index.module.apply.resourcesUnion.entity.ResourcesUnion#5519], EntityKey[j.index.module.apply.resourcesUnion.entity.ResourcesUnion#5522], EntityKey[j.index.module.apply.resourcesUnion.entity.ResourcesUnion#5521], EntityKey[j.index.module.apply.resourcesUnion.entity.ResourcesUnion#5524], EntityKey[j.index.module.apply.resourcesUnion.entity.ResourcesUnion#5523], EntityKey[j.index.module.apply.resourcesUnion.entity.ResourcesUnion#5526], EntityKey[j.index.module.apply.resourcesUnion.entity.ResourcesUnion#5525], EntityKey[j.index.module.apply.resourcesUnion.entity.ResourcesUnion#5528], EntityKey[j.index.module.apply.resourcesUnion.entity.ResourcesUnion#5527], EntityKey[j.index.module.apply.resourcesUnion.entity.ResourcesUnion#5530], EntityKey[j.index.module.apply.resourcesUnion.entity.ResourcesUnion#5529], EntityKey[j.index.module.apply.resourcesUnion.entity.ResourcesUnion#5633], EntityKey[j.index.module.apply.resourcesUnion.entity.ResourcesUnion#5634], EntityKey[j.index.module.apply.resourcesUnion.entity.ResourcesUnion#5631], EntityKey[j.index.module.apply.resourcesUnion.entity.ResourcesUnion#5632], EntityKey[j.index.module.apply.resourcesUnion.entity.ResourcesUnion#5629], EntityKey[j.index.module.apply.resourcesUnion.entity.ResourcesUnion#5630], EntityKey[j.index.module.apply.resourcesUnion.entity.ResourcesUnion#5627], EntityKey[j.index.module.apply.resourcesUnion.entity.ResourcesUnion#5628], EntityKey[j.index.module.apply.resourcesUnion.entity.ResourcesUnion#5641], EntityKey[j.index.module.apply.resourcesUnion.entity.ResourcesUnion#5642], EntityKey[j.index.module.apply.resourcesUnion.entity.ResourcesUnion#5639], EntityKey[j.index.module.apply.resourcesUnion.entity.ResourcesUnion#5640], EntityKey[j.index.module.apply.resourcesUnion.entity.ResourcesUnion#5637], EntityKey[j.index.module.apply.resourcesUnion.entity.ResourcesUnion#5638], EntityKey[j.index.module.apply.resourcesUnion.entity.ResourcesUnion#5635], EntityKey[j.index.module.apply.resourcesUnion.entity.ResourcesUnion#5636], EntityKey[j.index.module.apply.resourcesUnion.entity.ResourcesUnion#5618], EntityKey[j.index.module.apply.resourcesUnion.entity.ResourcesUnion#5617], EntityKey[j.index.module.apply.resourcesUnion.entity.ResourcesUnion#5616], EntityKey[j.index.module.apply.resourcesUnion.entity.ResourcesUnion#5615], EntityKey[j.index.module.apply.resourcesUnion.entity.ResourcesUnion#5614], EntityKey[j.index.module.apply.resourcesUnion.entity.ResourcesUnion#5613], EntityKey[j.index.module.apply.resourcesUnion.entity.ResourcesUnion#5612], EntityKey[j.index.module.apply.resourcesUnion.entity.ResourcesUnion#5611], EntityKey[j.index.module.apply.resourcesUnion.entity.ResourcesUnion#5626], EntityKey[j.index.module.apply.resourcesUnion.entity.ResourcesUnion#5625], EntityKey[j.index.module.apply.resourcesUnion.entity.ResourcesUnion#5624], EntityKey[j.index.module.apply.resourcesUnion.entity.ResourcesUnion#5623], EntityKey[j.index.module.apply.resourcesUnion.entity.ResourcesUnion#5622], EntityKey[j.index.module.apply.resourcesUnion.entity.ResourcesUnion#5621], EntityKey[j.index.module.apply.resourcesUnion.entity.ResourcesUnion#5620], EntityKey[j.index.module.apply.resourcesUnion.entity.ResourcesUnion#5619], EntityKey[j.index.module.apply.resourcesUnion.entity.ResourcesUnion#5599], EntityKey[j.index.module.apply.resourcesUnion.entity.ResourcesUnion#5600], EntityKey[j.index.module.apply.resourcesUnion.entity.ResourcesUnion#5601], EntityKey[j.index.module.apply.resourcesUnion.entity.ResourcesUnion#5602], EntityKey[j.index.module.apply.resourcesUnion.entity.ResourcesUnion#5595], EntityKey[j.index.module.apply.resourcesUnion.entity.ResourcesUnion#5596], EntityKey[j.index.module.apply.resourcesUnion.entity.ResourcesUnion#5597], EntityKey[j.index.module.apply.resourcesUnion.entity.ResourcesUnion#5598], EntityKey[j.index.module.apply.resourcesUnion.entity.ResourcesUnion#5607], EntityKey[j.index.module.apply.resourcesUnion.entity.ResourcesUnion#5608], EntityKey[j.index.module.apply.resourcesUnion.entity.ResourcesUnion#5609], EntityKey[j.index.module.apply.resourcesUnion.entity.ResourcesUnion#5610], EntityKey[j.index.module.apply.resourcesUnion.entity.ResourcesUnion#5603], EntityKey[j.index.module.apply.resourcesUnion.entity.ResourcesUnion#5604], EntityKey[j.index.module.apply.resourcesUnion.entity.ResourcesUnion#5605], EntityKey[j.index.module.apply.resourcesUnion.entity.ResourcesUnion#5606], EntityKey[j.index.module.apply.resourcesUnion.entity.ResourcesUnion#5584], EntityKey[j.index.module.apply.resourcesUnion.entity.ResourcesUnion#5583], EntityKey[j.index.module.apply.resourcesUnion.entity.ResourcesUnion#5586], EntityKey[j.index.module.apply.resourcesUnion.entity.ResourcesUnion#5585], EntityKey[j.index.module.apply.resourcesUnion.entity.ResourcesUnion#5580], EntityKey[j.index.module.apply.resourcesUnion.entity.ResourcesUnion#5579], EntityKey[j.index.module.apply.resourcesUnion.entity.ResourcesUnion#5582], EntityKey[j.index.module.apply.resourcesUnion.entity.ResourcesUnion#5581], EntityKey[j.index.module.apply.resourcesUnion.entity.ResourcesUnion#5592], EntityKey[j.index.module.apply.resourcesUnion.entity.ResourcesUnion#5591], EntityKey[j.index.module.apply.resourcesUnion.entity.ResourcesUnion#5594], EntityKey[j.index.module.apply.resourcesUnion.entity.ResourcesUnion#5593], EntityKey[j.index.module.apply.resourcesUnion.entity.ResourcesUnion#5588], EntityKey[j.index.module.apply.resourcesUnion.entity.ResourcesUnion#5587], EntityKey[j.index.module.apply.resourcesUnion.entity.ResourcesUnion#5590], EntityKey[j.index.module.apply.resourcesUnion.entity.ResourcesUnion#5589], EntityKey[j.index.module.apply.resourcesUnion.entity.ResourcesUnion#6425], EntityKey[j.index.module.apply.resourcesUnion.entity.ResourcesUnion#6426], EntityKey[j.index.module.apply.resourcesUnion.entity.ResourcesUnion#6423], EntityKey[j.index.module.apply.resourcesUnion.entity.ResourcesUnion#6424], EntityKey[j.index.module.apply.resourcesUnion.entity.ResourcesUnion#6421], EntityKey[j.index.module.apply.resourcesUnion.entity.ResourcesUnion#6422], EntityKey[j.index.module.apply.resourcesUnion.entity.ResourcesUnion#6419], EntityKey[j.index.module.apply.resourcesUnion.entity.ResourcesUnion#6420], EntityKey[j.index.module.apply.resourcesUnion.entity.ResourcesUnion#6417], EntityKey[j.index.module.apply.resourcesUnion.entity.ResourcesUnion#6418], EntityKey[j.index.module.apply.resourcesUnion.entity.ResourcesUnion#6415], EntityKey[j.index.module.apply.resourcesUnion.entity.ResourcesUnion#6416], EntityKey[j.index.module.apply.resourcesUnion.entity.ResourcesUnion#6413], EntityKey[j.index.module.apply.resourcesUnion.entity.ResourcesUnion#6414], EntityKey[j.index.module.apply.resourcesUnion.entity.ResourcesUnion#6411], EntityKey[j.index.module.apply.resourcesUnion.entity.ResourcesUnion#6412], EntityKey[j.index.module.apply.resourcesUnion.entity.ResourcesUnion#6442], EntityKey[j.index.module.apply.resourcesUnion.entity.ResourcesUnion#6441], EntityKey[j.index.module.apply.resourcesUnion.entity.ResourcesUnion#6440], EntityKey[j.index.module.apply.resourcesUnion.entity.ResourcesUnion#6439], EntityKey[j.index.module.apply.resourcesUnion.entity.ResourcesUnion#6438], EntityKey[j.index.module.apply.resourcesUnion.entity.ResourcesUnion#6437], EntityKey[j.index.module.apply.resourcesUnion.entity.ResourcesUnion#6436], EntityKey[j.index.module.apply.resourcesUnion.entity.ResourcesUnion#6435], EntityKey[j.index.module.apply.resourcesUnion.entity.ResourcesUnion#6434], EntityKey[j.index.module.apply.resourcesUnion.entity.ResourcesUnion#6433], EntityKey[j.index.module.apply.resourcesUnion.entity.ResourcesUnion#6432], EntityKey[j.index.module.apply.resourcesUnion.entity.ResourcesUnion#6431], EntityKey[j.index.module.apply.resourcesUnion.entity.ResourcesUnion#6430], EntityKey[j.index.module.apply.resourcesUnion.entity.ResourcesUnion#6429], EntityKey[j.index.module.apply.resourcesUnion.entity.ResourcesUnion#6428], EntityKey[j.index.module.apply.resourcesUnion.entity.ResourcesUnion#6427], EntityKey[j.index.module.apply.resourcesUnion.entity.ResourcesUnion#6455], EntityKey[j.index.module.apply.resourcesUnion.entity.ResourcesUnion#6456], EntityKey[j.index.module.apply.resourcesUnion.entity.ResourcesUnion#6457], EntityKey[j.index.module.apply.resourcesUnion.entity.ResourcesUnion#6458], EntityKey[j.index.module.apply.resourcesUnion.entity.ResourcesUnion#6451], EntityKey[j.index.module.apply.resourcesUnion.entity.ResourcesUnion#6452], EntityKey[j.index.module.apply.resourcesUnion.entity.ResourcesUnion#6453], EntityKey[j.index.module.apply.resourcesUnion.entity.ResourcesUnion#6454], EntityKey[j.index.module.apply.resourcesUnion.entity.ResourcesUnion#6447], EntityKey[j.index.module.apply.resourcesUnion.entity.ResourcesUnion#6448], EntityKey[j.index.module.apply.resourcesUnion.entity.ResourcesUnion#6449], EntityKey[j.index.module.apply.resourcesUnion.entity.ResourcesUnion#6450], EntityKey[j.index.module.apply.resourcesUnion.entity.ResourcesUnion#6443], EntityKey[j.index.module.apply.resourcesUnion.entity.ResourcesUnion#6444], EntityKey[j.index.module.apply.resourcesUnion.entity.ResourcesUnion#6445], EntityKey[j.index.module.apply.resourcesUnion.entity.ResourcesUnion#6446], EntityKey[j.index.module.apply.resourcesUnion.entity.ResourcesUnion#6472], EntityKey[j.index.module.apply.resourcesUnion.entity.ResourcesUnion#6471], EntityKey[j.index.module.apply.resourcesUnion.entity.ResourcesUnion#6474], EntityKey[j.index.module.apply.resourcesUnion.entity.ResourcesUnion#6473], EntityKey[j.index.module.apply.resourcesUnion.entity.ResourcesUnion#6468], EntityKey[j.index.module.apply.resourcesUnion.entity.ResourcesUnion#6467], EntityKey[j.index.module.apply.resourcesUnion.entity.ResourcesUnion#6470], EntityKey[j.index.module.apply.resourcesUnion.entity.ResourcesUnion#6469], EntityKey[j.index.module.apply.resourcesUnion.entity.ResourcesUnion#6464], EntityKey[j.index.module.apply.resourcesUnion.entity.ResourcesUnion#6463], EntityKey[j.index.module.apply.resourcesUnion.entity.ResourcesUnion#6466], EntityKey[j.index.module.apply.resourcesUnion.entity.ResourcesUnion#6465], EntityKey[j.index.module.apply.resourcesUnion.entity.ResourcesUnion#6460], EntityKey[j.index.module.apply.resourcesUnion.entity.ResourcesUnion#6459], EntityKey[j.index.module.apply.resourcesUnion.entity.ResourcesUnion#6462], EntityKey[j.index.module.apply.resourcesUnion.entity.ResourcesUnion#6461], EntityKey[j.index.module.apply.resourcesUnion.entity.ResourcesUnion#6485], EntityKey[j.index.module.apply.resourcesUnion.entity.ResourcesUnion#6486], EntityKey[j.index.module.apply.resourcesUnion.entity.ResourcesUnion#6483], EntityKey[j.index.module.apply.resourcesUnion.entity.ResourcesUnion#6484], EntityKey[j.index.module.apply.resourcesUnion.entity.ResourcesUnion#6489], EntityKey[j.index.module.apply.resourcesUnion.entity.ResourcesUnion#6490], EntityKey[j.index.module.apply.resourcesUnion.entity.ResourcesUnion#6487], EntityKey[j.index.module.apply.resourcesUnion.entity.ResourcesUnion#6488], EntityKey[j.index.module.apply.resourcesUnion.entity.ResourcesUnion#6477], EntityKey[j.index.module.apply.resourcesUnion.entity.ResourcesUnion#6478], EntityKey[j.index.module.apply.resourcesUnion.entity.ResourcesUnion#6475], EntityKey[j.index.module.apply.resourcesUnion.entity.ResourcesUnion#6476], EntityKey[j.index.module.apply.resourcesUnion.entity.ResourcesUnion#6481], EntityKey[j.index.module.apply.resourcesUnion.entity.ResourcesUnion#6482], EntityKey[j.index.module.apply.resourcesUnion.entity.ResourcesUnion#6479], EntityKey[j.index.module.apply.resourcesUnion.entity.ResourcesUnion#6480], EntityKey[j.index.module.apply.resourcesUnion.entity.ResourcesUnion#6502], EntityKey[j.index.module.apply.resourcesUnion.entity.ResourcesUnion#6501], EntityKey[j.index.module.apply.resourcesUnion.entity.ResourcesUnion#6500], EntityKey[j.index.module.apply.resourcesUnion.entity.ResourcesUnion#6499], EntityKey[j.index.module.apply.resourcesUnion.entity.ResourcesUnion#6506], EntityKey[j.index.module.apply.resourcesUnion.entity.ResourcesUnion#6505], EntityKey[j.index.module.apply.resourcesUnion.entity.ResourcesUnion#6504], EntityKey[j.index.module.apply.resourcesUnion.entity.ResourcesUnion#6503], EntityKey[j.index.module.apply.resourcesUnion.entity.ResourcesUnion#6494], EntityKey[j.index.module.apply.resourcesUnion.entity.ResourcesUnion#6493], EntityKey[j.index.module.apply.resourcesUnion.entity.ResourcesUnion#6492], EntityKey[j.index.module.apply.resourcesUnion.entity.ResourcesUnion#6491], EntityKey[j.index.module.apply.resourcesUnion.entity.ResourcesUnion#6498], EntityKey[j.index.module.apply.resourcesUnion.entity.ResourcesUnion#6497], EntityKey[j.index.module.apply.resourcesUnion.entity.ResourcesUnion#6496], EntityKey[j.index.module.apply.resourcesUnion.entity.ResourcesUnion#6495], EntityKey[j.index.module.apply.resourcesUnion.entity.ResourcesUnion#6515], EntityKey[j.index.module.apply.resourcesUnion.entity.ResourcesUnion#6516], EntityKey[j.index.module.apply.resourcesUnion.entity.ResourcesUnion#6517], EntityKey[j.index.module.apply.resourcesUnion.entity.ResourcesUnion#6518], EntityKey[j.index.module.apply.resourcesUnion.entity.ResourcesUnion#6519], EntityKey[j.index.module.apply.resourcesUnion.entity.ResourcesUnion#6520], EntityKey[j.index.module.apply.resourcesUnion.entity.ResourcesUnion#6521], EntityKey[j.index.module.apply.resourcesUnion.entity.ResourcesUnion#6522], EntityKey[j.index.module.apply.resourcesUnion.entity.ResourcesUnion#6507], EntityKey[j.index.module.apply.resourcesUnion.entity.ResourcesUnion#6508], EntityKey[j.index.module.apply.resourcesUnion.entity.ResourcesUnion#6509], EntityKey[j.index.module.apply.resourcesUnion.entity.ResourcesUnion#6510], EntityKey[j.index.module.apply.resourcesUnion.entity.ResourcesUnion#6511], EntityKey[j.index.module.apply.resourcesUnion.entity.ResourcesUnion#6512], EntityKey[j.index.module.apply.resourcesUnion.entity.ResourcesUnion#6513], EntityKey[j.index.module.apply.resourcesUnion.entity.ResourcesUnion#6514], EntityKey[j.index.module.apply.resourcesUnion.entity.ResourcesUnion#6532], EntityKey[j.index.module.apply.resourcesUnion.entity.ResourcesUnion#6531], EntityKey[j.index.module.apply.resourcesUnion.entity.ResourcesUnion#6534], EntityKey[j.index.module.apply.resourcesUnion.entity.ResourcesUnion#6533], EntityKey[j.index.module.apply.resourcesUnion.entity.ResourcesUnion#6536], EntityKey[j.index.module.apply.resourcesUnion.entity.ResourcesUnion#6535], EntityKey[j.index.module.apply.resourcesUnion.entity.ResourcesUnion#6538], EntityKey[j.index.module.apply.resourcesUnion.entity.ResourcesUnion#6537], EntityKey[j.index.module.apply.resourcesUnion.entity.ResourcesUnion#6524], EntityKey[j.index.module.apply.resourcesUnion.entity.ResourcesUnion#6523], EntityKey[j.index.module.apply.resourcesUnion.entity.ResourcesUnion#6526], EntityKey[j.index.module.apply.resourcesUnion.entity.ResourcesUnion#6525], EntityKey[j.index.module.apply.resourcesUnion.entity.ResourcesUnion#6528], EntityKey[j.index.module.apply.resourcesUnion.entity.ResourcesUnion#6527], EntityKey[j.index.module.apply.resourcesUnion.entity.ResourcesUnion#6530], EntityKey[j.index.module.apply.resourcesUnion.entity.ResourcesUnion#6529], EntityKey[j.index.module.apply.resourcesUnion.entity.ResourcesUnion#6290], EntityKey[j.index.module.apply.resourcesUnion.entity.ResourcesUnion#6289], EntityKey[j.index.module.apply.resourcesUnion.entity.ResourcesUnion#6288], EntityKey[j.index.module.apply.resourcesUnion.entity.ResourcesUnion#6287], EntityKey[j.index.module.apply.resourcesUnion.entity.ResourcesUnion#6286], EntityKey[j.index.module.apply.resourcesUnion.entity.ResourcesUnion#6285], EntityKey[j.index.module.apply.resourcesUnion.entity.ResourcesUnion#6284], EntityKey[j.index.module.apply.resourcesUnion.entity.ResourcesUnion#6283], EntityKey[j.index.module.apply.resourcesUnion.entity.ResourcesUnion#6298], EntityKey[j.index.module.apply.resourcesUnion.entity.ResourcesUnion#6297], EntityKey[j.index.module.apply.resourcesUnion.entity.ResourcesUnion#6296], EntityKey[j.index.module.apply.resourcesUnion.entity.ResourcesUnion#6295], EntityKey[j.index.module.apply.resourcesUnion.entity.ResourcesUnion#6294], EntityKey[j.index.module.apply.resourcesUnion.entity.ResourcesUnion#6293], EntityKey[j.index.module.apply.resourcesUnion.entity.ResourcesUnion#6292], EntityKey[j.index.module.apply.resourcesUnion.entity.ResourcesUnion#6291], EntityKey[j.index.module.apply.resourcesUnion.entity.ResourcesUnion#6305], EntityKey[j.index.module.apply.resourcesUnion.entity.ResourcesUnion#6306], EntityKey[j.index.module.apply.resourcesUnion.entity.ResourcesUnion#6303], EntityKey[j.index.module.apply.resourcesUnion.entity.ResourcesUnion#6304], EntityKey[j.index.module.apply.resourcesUnion.entity.ResourcesUnion#6301], EntityKey[j.index.module.apply.resourcesUnion.entity.ResourcesUnion#6302], EntityKey[j.index.module.apply.resourcesUnion.entity.ResourcesUnion#6299], EntityKey[j.index.module.apply.resourcesUnion.entity.ResourcesUnion#6300], EntityKey[j.index.module.apply.resourcesUnion.entity.ResourcesUnion#6313], EntityKey[j.index.module.apply.resourcesUnion.entity.ResourcesUnion#6314], EntityKey[j.index.module.apply.resourcesUnion.entity.ResourcesUnion#6311], EntityKey[j.index.module.apply.resourcesUnion.entity.ResourcesUnion#6312], EntityKey[j.index.module.apply.resourcesUnion.entity.ResourcesUnion#6309], EntityKey[j.index.module.apply.resourcesUnion.entity.ResourcesUnion#6310], EntityKey[j.index.module.apply.resourcesUnion.entity.ResourcesUnion#6307], EntityKey[j.index.module.apply.resourcesUnion.entity.ResourcesUnion#6308], EntityKey[j.index.module.apply.resourcesUnion.entity.ResourcesUnion#6320], EntityKey[j.index.module.apply.resourcesUnion.entity.ResourcesUnion#6319], EntityKey[j.index.module.apply.resourcesUnion.entity.ResourcesUnion#6322], EntityKey[j.index.module.apply.resourcesUnion.entity.ResourcesUnion#6321], EntityKey[j.index.module.apply.resourcesUnion.entity.ResourcesUnion#6316], EntityKey[j.index.module.apply.resourcesUnion.entity.ResourcesUnion#6315], EntityKey[j.index.module.apply.resourcesUnion.entity.ResourcesUnion#6318], EntityKey[j.index.module.apply.resourcesUnion.entity.ResourcesUnion#6317], EntityKey[j.index.module.apply.resourcesUnion.entity.ResourcesUnion#6328], EntityKey[j.index.module.apply.resourcesUnion.entity.ResourcesUnion#6327], EntityKey[j.index.module.apply.resourcesUnion.entity.ResourcesUnion#6330], EntityKey[j.index.module.apply.resourcesUnion.entity.ResourcesUnion#6329], EntityKey[j.index.module.apply.resourcesUnion.entity.ResourcesUnion#6324], EntityKey[j.index.module.apply.resourcesUnion.entity.ResourcesUnion#6323], EntityKey[j.index.module.apply.resourcesUnion.entity.ResourcesUnion#6326], EntityKey[j.index.module.apply.resourcesUnion.entity.ResourcesUnion#6325], EntityKey[j.index.module.apply.resourcesUnion.entity.ResourcesUnion#6335], EntityKey[j.index.module.apply.resourcesUnion.entity.ResourcesUnion#6336], EntityKey[j.index.module.apply.resourcesUnion.entity.ResourcesUnion#6337], EntityKey[j.index.module.apply.resourcesUnion.entity.ResourcesUnion#6338], EntityKey[j.index.module.apply.resourcesUnion.entity.ResourcesUnion#6331], EntityKey[j.index.module.apply.resourcesUnion.entity.ResourcesUnion#6332], EntityKey[j.index.module.apply.resourcesUnion.entity.ResourcesUnion#6333], EntityKey[j.index.module.apply.resourcesUnion.entity.ResourcesUnion#6334], EntityKey[j.index.module.apply.resourcesUnion.entity.ResourcesUnion#6343], EntityKey[j.index.module.apply.resourcesUnion.entity.ResourcesUnion#6344], EntityKey[j.index.module.apply.resourcesUnion.entity.ResourcesUnion#6345], EntityKey[j.index.module.apply.resourcesUnion.entity.ResourcesUnion#6346], EntityKey[j.index.module.apply.resourcesUnion.entity.ResourcesUnion#6339], EntityKey[j.index.module.apply.resourcesUnion.entity.ResourcesUnion#6340], EntityKey[j.index.module.apply.resourcesUnion.entity.ResourcesUnion#6341], EntityKey[j.index.module.apply.resourcesUnion.entity.ResourcesUnion#6342], EntityKey[j.index.module.apply.resourcesUnion.entity.ResourcesUnion#6350], EntityKey[j.index.module.apply.resourcesUnion.entity.ResourcesUnion#6349], EntityKey[j.index.module.apply.resourcesUnion.entity.ResourcesUnion#6348], EntityKey[j.index.module.apply.resourcesUnion.entity.ResourcesUnion#6347], EntityKey[j.index.module.apply.resourcesUnion.entity.ResourcesUnion#6354], EntityKey[j.index.module.apply.resourcesUnion.entity.ResourcesUnion#6353], EntityKey[j.index.module.apply.resourcesUnion.entity.ResourcesUnion#6352], EntityKey[j.index.module.apply.resourcesUnion.entity.ResourcesUnion#6351], EntityKey[j.index.module.apply.resourcesUnion.entity.ResourcesUnion#6358], EntityKey[j.index.module.apply.resourcesUnion.entity.ResourcesUnion#6357], EntityKey[j.index.module.apply.resourcesUnion.entity.ResourcesUnion#6356], EntityKey[j.index.module.apply.resourcesUnion.entity.ResourcesUnion#6355], EntityKey[j.index.module.apply.resourcesUnion.entity.ResourcesUnion#6362], EntityKey[j.index.module.apply.resourcesUnion.entity.ResourcesUnion#6361], EntityKey[j.index.module.apply.resourcesUnion.entity.ResourcesUnion#6360], EntityKey[j.index.module.apply.resourcesUnion.entity.ResourcesUnion#6359], EntityKey[j.index.module.apply.resourcesUnion.entity.ResourcesUnion#6365], EntityKey[j.index.module.apply.resourcesUnion.entity.ResourcesUnion#6366], EntityKey[j.index.module.apply.resourcesUnion.entity.ResourcesUnion#6363], EntityKey[j.index.module.apply.resourcesUnion.entity.ResourcesUnion#6364], EntityKey[j.index.module.apply.resourcesUnion.entity.ResourcesUnion#6369], EntityKey[j.index.module.apply.resourcesUnion.entity.ResourcesUnion#6370], EntityKey[j.index.module.apply.resourcesUnion.entity.ResourcesUnion#6367], EntityKey[j.index.module.apply.resourcesUnion.entity.ResourcesUnion#6368], EntityKey[j.index.module.apply.resourcesUnion.entity.ResourcesUnion#6373], EntityKey[j.index.module.apply.resourcesUnion.entity.ResourcesUnion#6374], EntityKey[j.index.module.apply.resourcesUnion.entity.ResourcesUnion#6371], EntityKey[j.index.module.apply.resourcesUnion.entity.ResourcesUnion#6372], EntityKey[j.index.module.apply.resourcesUnion.entity.ResourcesUnion#6377], EntityKey[j.index.module.apply.resourcesUnion.entity.ResourcesUnion#6378], EntityKey[j.index.module.apply.resourcesUnion.entity.ResourcesUnion#6375], EntityKey[j.index.module.apply.resourcesUnion.entity.ResourcesUnion#6376], EntityKey[j.index.module.apply.resourcesUnion.entity.ResourcesUnion#6380], EntityKey[j.index.module.apply.resourcesUnion.entity.ResourcesUnion#6379], EntityKey[j.index.module.apply.resourcesUnion.entity.ResourcesUnion#6382], EntityKey[j.index.module.apply.resourcesUnion.entity.ResourcesUnion#6381], EntityKey[j.index.module.apply.resourcesUnion.entity.ResourcesUnion#6384], EntityKey[j.index.module.apply.resourcesUnion.entity.ResourcesUnion#6383], EntityKey[j.index.module.apply.resourcesUnion.entity.ResourcesUnion#6386], EntityKey[j.index.module.apply.resourcesUnion.entity.ResourcesUnion#6385], EntityKey[j.index.module.apply.resourcesUnion.entity.ResourcesUnion#6388], EntityKey[j.index.module.apply.resourcesUnion.entity.ResourcesUnion#6387], EntityKey[j.index.module.apply.resourcesUnion.entity.ResourcesUnion#6390], EntityKey[j.index.module.apply.resourcesUnion.entity.ResourcesUnion#6389], EntityKey[j.index.module.apply.resourcesUnion.entity.ResourcesUnion#6392], EntityKey[j.index.module.apply.resourcesUnion.entity.ResourcesUnion#6391], EntityKey[j.index.module.apply.resourcesUnion.entity.ResourcesUnion#6394], EntityKey[j.index.module.apply.resourcesUnion.entity.ResourcesUnion#6393], EntityKey[j.index.module.apply.resourcesUnion.entity.ResourcesUnion#6395], EntityKey[j.index.module.apply.resourcesUnion.entity.ResourcesUnion#6396], EntityKey[j.index.module.apply.resourcesUnion.entity.ResourcesUnion#6397], EntityKey[j.index.module.apply.resourcesUnion.entity.ResourcesUnion#6398], EntityKey[j.index.module.apply.resourcesUnion.entity.ResourcesUnion#6399], EntityKey[j.index.module.apply.resourcesUnion.entity.ResourcesUnion#6400], EntityKey[j.index.module.apply.resourcesUnion.entity.ResourcesUnion#6401], EntityKey[j.index.module.apply.resourcesUnion.entity.ResourcesUnion#6402], EntityKey[j.index.module.apply.resourcesUnion.entity.ResourcesUnion#6403], EntityKey[j.index.module.apply.resourcesUnion.entity.ResourcesUnion#6404], EntityKey[j.index.module.apply.resourcesUnion.entity.ResourcesUnion#6405], EntityKey[j.index.module.apply.resourcesUnion.entity.ResourcesUnion#6406], EntityKey[j.index.module.apply.resourcesUnion.entity.ResourcesUnion#6407], EntityKey[j.index.module.apply.resourcesUnion.entity.ResourcesUnion#6408], EntityKey[j.index.module.apply.resourcesUnion.entity.ResourcesUnion#6409], EntityKey[j.index.module.apply.resourcesUnion.entity.ResourcesUnion#6410], EntityKey[j.index.module.apply.resourcesUnion.entity.ResourcesUnion#6184], EntityKey[j.index.module.apply.resourcesUnion.entity.ResourcesUnion#6183], EntityKey[j.index.module.apply.resourcesUnion.entity.ResourcesUnion#6186], EntityKey[j.index.module.apply.resourcesUnion.entity.ResourcesUnion#6185], EntityKey[j.index.module.apply.resourcesUnion.entity.ResourcesUnion#6180], EntityKey[j.index.module.apply.resourcesUnion.entity.ResourcesUnion#6179], EntityKey[j.index.module.apply.resourcesUnion.entity.ResourcesUnion#6182], EntityKey[j.index.module.apply.resourcesUnion.entity.ResourcesUnion#6181], EntityKey[j.index.module.apply.resourcesUnion.entity.ResourcesUnion#6176], EntityKey[j.index.module.apply.resourcesUnion.entity.ResourcesUnion#6175], EntityKey[j.index.module.apply.resourcesUnion.entity.ResourcesUnion#6178], EntityKey[j.index.module.apply.resourcesUnion.entity.ResourcesUnion#6177], EntityKey[j.index.module.apply.resourcesUnion.entity.ResourcesUnion#6172], EntityKey[j.index.module.apply.resourcesUnion.entity.ResourcesUnion#6171], EntityKey[j.index.module.apply.resourcesUnion.entity.ResourcesUnion#6174], EntityKey[j.index.module.apply.resourcesUnion.entity.ResourcesUnion#6173], EntityKey[j.index.module.apply.resourcesUnion.entity.ResourcesUnion#6167], EntityKey[j.index.module.apply.resourcesUnion.entity.ResourcesUnion#6168], EntityKey[j.index.module.apply.resourcesUnion.entity.ResourcesUnion#6169], EntityKey[j.index.module.apply.resourcesUnion.entity.ResourcesUnion#6170], EntityKey[j.index.module.apply.resourcesUnion.entity.ResourcesUnion#6163], EntityKey[j.index.module.apply.resourcesUnion.entity.ResourcesUnion#6164], EntityKey[j.index.module.apply.resourcesUnion.entity.ResourcesUnion#6165], EntityKey[j.index.module.apply.resourcesUnion.entity.ResourcesUnion#6166], EntityKey[j.index.module.apply.resourcesUnion.entity.ResourcesUnion#6159], EntityKey[j.index.module.apply.resourcesUnion.entity.ResourcesUnion#6160], EntityKey[j.index.module.apply.resourcesUnion.entity.ResourcesUnion#6161], EntityKey[j.index.module.apply.resourcesUnion.entity.ResourcesUnion#6162], EntityKey[j.index.module.apply.resourcesUnion.entity.ResourcesUnion#6155], EntityKey[j.index.module.apply.resourcesUnion.entity.ResourcesUnion#6156], EntityKey[j.index.module.apply.resourcesUnion.entity.ResourcesUnion#6157], EntityKey[j.index.module.apply.resourcesUnion.entity.ResourcesUnion#6158], EntityKey[j.index.module.apply.resourcesUnion.entity.ResourcesUnion#6218], EntityKey[j.index.module.apply.resourcesUnion.entity.ResourcesUnion#6217], EntityKey[j.index.module.apply.resourcesUnion.entity.ResourcesUnion#6216], EntityKey[j.index.module.apply.resourcesUnion.entity.ResourcesUnion#6215], EntityKey[j.index.module.apply.resourcesUnion.entity.ResourcesUnion#6214], EntityKey[j.index.module.apply.resourcesUnion.entity.ResourcesUnion#6213], EntityKey[j.index.module.apply.resourcesUnion.entity.ResourcesUnion#6212], EntityKey[j.index.module.apply.resourcesUnion.entity.ResourcesUnion#6211], EntityKey[j.index.module.apply.resourcesUnion.entity.ResourcesUnion#6210], EntityKey[j.index.module.apply.resourcesUnion.entity.ResourcesUnion#6209], EntityKey[j.index.module.apply.resourcesUnion.entity.ResourcesUnion#6208], EntityKey[j.index.module.apply.resourcesUnion.entity.ResourcesUnion#6207], EntityKey[j.index.module.apply.resourcesUnion.entity.ResourcesUnion#6206], EntityKey[j.index.module.apply.resourcesUnion.entity.ResourcesUnion#6205], EntityKey[j.index.module.apply.resourcesUnion.entity.ResourcesUnion#6204], EntityKey[j.index.module.apply.resourcesUnion.entity.ResourcesUnion#6203], EntityKey[j.index.module.apply.resourcesUnion.entity.ResourcesUnion#6201], EntityKey[j.index.module.apply.resourcesUnion.entity.ResourcesUnion#6202], EntityKey[j.index.module.apply.resourcesUnion.entity.ResourcesUnion#6199], EntityKey[j.index.module.apply.resourcesUnion.entity.ResourcesUnion#6200], EntityKey[j.index.module.apply.resourcesUnion.entity.ResourcesUnion#6197], EntityKey[j.index.module.apply.resourcesUnion.entity.ResourcesUnion#6198], EntityKey[j.index.module.apply.resourcesUnion.entity.ResourcesUnion#6195], EntityKey[j.index.module.apply.resourcesUnion.entity.ResourcesUnion#6196], EntityKey[j.index.module.apply.resourcesUnion.entity.ResourcesUnion#6193], EntityKey[j.index.module.apply.resourcesUnion.entity.ResourcesUnion#6194], EntityKey[j.index.module.apply.resourcesUnion.entity.ResourcesUnion#6191], EntityKey[j.index.module.apply.resourcesUnion.entity.ResourcesUnion#6192], EntityKey[j.index.module.apply.resourcesUnion.entity.ResourcesUnion#6189], EntityKey[j.index.module.apply.resourcesUnion.entity.ResourcesUnion#6190], EntityKey[j.index.module.apply.resourcesUnion.entity.ResourcesUnion#6187], EntityKey[j.index.module.apply.resourcesUnion.entity.ResourcesUnion#6188], EntityKey[j.index.module.apply.resourcesUnion.entity.ResourcesUnion#6244], EntityKey[j.index.module.apply.resourcesUnion.entity.ResourcesUnion#6243], EntityKey[j.index.module.apply.resourcesUnion.entity.ResourcesUnion#6246], EntityKey[j.index.module.apply.resourcesUnion.entity.ResourcesUnion#6245], EntityKey[j.index.module.apply.resourcesUnion.entity.ResourcesUnion#6248], EntityKey[j.index.module.apply.resourcesUnion.entity.ResourcesUnion#6247], EntityKey[j.index.module.apply.resourcesUnion.entity.ResourcesUnion#6250], EntityKey[j.index.module.apply.resourcesUnion.entity.ResourcesUnion#6249], EntityKey[j.index.module.apply.resourcesUnion.entity.ResourcesUnion#6236], EntityKey[j.index.module.apply.resourcesUnion.entity.ResourcesUnion#6235], EntityKey[j.index.module.apply.resourcesUnion.entity.ResourcesUnion#6238], EntityKey[j.index.module.apply.resourcesUnion.entity.ResourcesUnion#6237], EntityKey[j.index.module.apply.resourcesUnion.entity.ResourcesUnion#6240], EntityKey[j.index.module.apply.resourcesUnion.entity.ResourcesUnion#6239], EntityKey[j.index.module.apply.resourcesUnion.entity.ResourcesUnion#6242], EntityKey[j.index.module.apply.resourcesUnion.entity.ResourcesUnion#6241], EntityKey[j.index.module.apply.resourcesUnion.entity.ResourcesUnion#6227], EntityKey[j.index.module.apply.resourcesUnion.entity.ResourcesUnion#6228], EntityKey[j.index.module.apply.resourcesUnion.entity.ResourcesUnion#6229], EntityKey[j.index.module.apply.resourcesUnion.entity.ResourcesUnion#6230], EntityKey[j.index.module.apply.resourcesUnion.entity.ResourcesUnion#6231], EntityKey[j.index.module.apply.resourcesUnion.entity.ResourcesUnion#6232], EntityKey[j.index.module.apply.resourcesUnion.entity.ResourcesUnion#6233], EntityKey[j.index.module.apply.resourcesUnion.entity.ResourcesUnion#6234], EntityKey[j.index.module.apply.resourcesUnion.entity.ResourcesUnion#6219], EntityKey[j.index.module.apply.resourcesUnion.entity.ResourcesUnion#6220], EntityKey[j.index.module.apply.resourcesUnion.entity.ResourcesUnion#6221], EntityKey[j.index.module.apply.resourcesUnion.entity.ResourcesUnion#6222], EntityKey[j.index.module.apply.resourcesUnion.entity.ResourcesUnion#6223], EntityKey[j.index.module.apply.resourcesUnion.entity.ResourcesUnion#6224], EntityKey[j.index.module.apply.resourcesUnion.entity.ResourcesUnion#6225], EntityKey[j.index.module.apply.resourcesUnion.entity.ResourcesUnion#6226], EntityKey[j.index.module.apply.resourcesUnion.entity.ResourcesUnion#6278], EntityKey[j.index.module.apply.resourcesUnion.entity.ResourcesUnion#6277], EntityKey[j.index.module.apply.resourcesUnion.entity.ResourcesUnion#6276], EntityKey[j.index.module.apply.resourcesUnion.entity.ResourcesUnion#6275], EntityKey[j.index.module.apply.resourcesUnion.entity.ResourcesUnion#6282], EntityKey[j.index.module.apply.resourcesUnion.entity.ResourcesUnion#6281], EntityKey[j.index.module.apply.resourcesUnion.entity.ResourcesUnion#6280], EntityKey[j.index.module.apply.resourcesUnion.entity.ResourcesUnion#6279], EntityKey[j.index.module.apply.resourcesUnion.entity.ResourcesUnion#6270], EntityKey[j.index.module.apply.resourcesUnion.entity.ResourcesUnion#6269], EntityKey[j.index.module.apply.resourcesUnion.entity.ResourcesUnion#6268], EntityKey[j.index.module.apply.resourcesUnion.entity.ResourcesUnion#6267], EntityKey[j.index.module.apply.resourcesUnion.entity.ResourcesUnion#6274], EntityKey[j.index.module.apply.resourcesUnion.entity.ResourcesUnion#6273], EntityKey[j.index.module.apply.resourcesUnion.entity.ResourcesUnion#6272], EntityKey[j.index.module.apply.resourcesUnion.entity.ResourcesUnion#6271], EntityKey[j.index.module.apply.resourcesUnion.entity.ResourcesUnion#6261], EntityKey[j.index.module.apply.resourcesUnion.entity.ResourcesUnion#6262], EntityKey[j.index.module.apply.resourcesUnion.entity.ResourcesUnion#6259], EntityKey[j.index.module.apply.resourcesUnion.entity.ResourcesUnion#6260], EntityKey[j.index.module.apply.resourcesUnion.entity.ResourcesUnion#6265], EntityKey[j.index.module.apply.resourcesUnion.entity.ResourcesUnion#6266], EntityKey[j.index.module.apply.resourcesUnion.entity.ResourcesUnion#6263], EntityKey[j.index.module.apply.resourcesUnion.entity.ResourcesUnion#6264], EntityKey[j.index.module.apply.resourcesUnion.entity.ResourcesUnion#6253], EntityKey[j.index.module.apply.resourcesUnion.entity.ResourcesUnion#6254], EntityKey[j.index.module.apply.resourcesUnion.entity.ResourcesUnion#6251], EntityKey[j.index.module.apply.resourcesUnion.entity.ResourcesUnion#6252], EntityKey[j.index.module.apply.resourcesUnion.entity.ResourcesUnion#6257], EntityKey[j.index.module.apply.resourcesUnion.entity.ResourcesUnion#6258], EntityKey[j.index.module.apply.resourcesUnion.entity.ResourcesUnion#6255], EntityKey[j.index.module.apply.resourcesUnion.entity.ResourcesUnion#6256], EntityKey[j.index.module.apply.resourcesUnion.entity.ResourcesUnion#6047], EntityKey[j.index.module.apply.resourcesUnion.entity.ResourcesUnion#6048], EntityKey[j.index.module.apply.resourcesUnion.entity.ResourcesUnion#6049], EntityKey[j.index.module.apply.resourcesUnion.entity.ResourcesUnion#6050], EntityKey[j.index.module.apply.resourcesUnion.entity.ResourcesUnion#6043], EntityKey[j.index.module.apply.resourcesUnion.entity.ResourcesUnion#6044], EntityKey[j.index.module.apply.resourcesUnion.entity.ResourcesUnion#6045], EntityKey[j.index.module.apply.resourcesUnion.entity.ResourcesUnion#6046], EntityKey[j.index.module.apply.resourcesUnion.entity.ResourcesUnion#6055], EntityKey[j.index.module.apply.resourcesUnion.entity.ResourcesUnion#6056], EntityKey[j.index.module.apply.resourcesUnion.entity.ResourcesUnion#6057], EntityKey[j.index.module.apply.resourcesUnion.entity.ResourcesUnion#6058], EntityKey[j.index.module.apply.resourcesUnion.entity.ResourcesUnion#6051], EntityKey[j.index.module.apply.resourcesUnion.entity.ResourcesUnion#6052], EntityKey[j.index.module.apply.resourcesUnion.entity.ResourcesUnion#6053], EntityKey[j.index.module.apply.resourcesUnion.entity.ResourcesUnion#6054], EntityKey[j.index.module.apply.resourcesUnion.entity.ResourcesUnion#6032], EntityKey[j.index.module.apply.resourcesUnion.entity.ResourcesUnion#6031], EntityKey[j.index.module.apply.resourcesUnion.entity.ResourcesUnion#6034], EntityKey[j.index.module.apply.resourcesUnion.entity.ResourcesUnion#6033], EntityKey[j.index.module.apply.resourcesUnion.entity.ResourcesUnion#6028], EntityKey[j.index.module.apply.resourcesUnion.entity.ResourcesUnion#6027], EntityKey[j.index.module.apply.resourcesUnion.entity.ResourcesUnion#6030], EntityKey[j.index.module.apply.resourcesUnion.entity.ResourcesUnion#6029], EntityKey[j.index.module.apply.resourcesUnion.entity.ResourcesUnion#6040], EntityKey[j.index.module.apply.resourcesUnion.entity.ResourcesUnion#6039], EntityKey[j.index.module.apply.resourcesUnion.entity.ResourcesUnion#6042], EntityKey[j.index.module.apply.resourcesUnion.entity.ResourcesUnion#6041], EntityKey[j.index.module.apply.resourcesUnion.entity.ResourcesUnion#6036], EntityKey[j.index.module.apply.resourcesUnion.entity.ResourcesUnion#6035], EntityKey[j.index.module.apply.resourcesUnion.entity.ResourcesUnion#6038], EntityKey[j.index.module.apply.resourcesUnion.entity.ResourcesUnion#6037], EntityKey[j.index.module.apply.resourcesUnion.entity.ResourcesUnion#6081], EntityKey[j.index.module.apply.resourcesUnion.entity.ResourcesUnion#6082], EntityKey[j.index.module.apply.resourcesUnion.entity.ResourcesUnion#6079], EntityKey[j.index.module.apply.resourcesUnion.entity.ResourcesUnion#6080], EntityKey[j.index.module.apply.resourcesUnion.entity.ResourcesUnion#6077], EntityKey[j.index.module.apply.resourcesUnion.entity.ResourcesUnion#6078], EntityKey[j.index.module.apply.resourcesUnion.entity.ResourcesUnion#6075], EntityKey[j.index.module.apply.resourcesUnion.entity.ResourcesUnion#6076], EntityKey[j.index.module.apply.resourcesUnion.entity.ResourcesUnion#6089], EntityKey[j.index.module.apply.resourcesUnion.entity.ResourcesUnion#6090], EntityKey[j.index.module.apply.resourcesUnion.entity.ResourcesUnion#6087], EntityKey[j.index.module.apply.resourcesUnion.entity.ResourcesUnion#6088], EntityKey[j.index.module.apply.resourcesUnion.entity.ResourcesUnion#6085], EntityKey[j.index.module.apply.resourcesUnion.entity.ResourcesUnion#6086], EntityKey[j.index.module.apply.resourcesUnion.entity.ResourcesUnion#6083], EntityKey[j.index.module.apply.resourcesUnion.entity.ResourcesUnion#6084], EntityKey[j.index.module.apply.resourcesUnion.entity.ResourcesUnion#6066], EntityKey[j.index.module.apply.resourcesUnion.entity.ResourcesUnion#6065], EntityKey[j.index.module.apply.resourcesUnion.entity.ResourcesUnion#6064], EntityKey[j.index.module.apply.resourcesUnion.entity.ResourcesUnion#6063], EntityKey[j.index.module.apply.resourcesUnion.entity.ResourcesUnion#6062], EntityKey[j.index.module.apply.resourcesUnion.entity.ResourcesUnion#6061], EntityKey[j.index.module.apply.resourcesUnion.entity.ResourcesUnion#6060], EntityKey[j.index.module.apply.resourcesUnion.entity.ResourcesUnion#6059], EntityKey[j.index.module.apply.resourcesUnion.entity.ResourcesUnion#6074], EntityKey[j.index.module.apply.resourcesUnion.entity.ResourcesUnion#6073], EntityKey[j.index.module.apply.resourcesUnion.entity.ResourcesUnion#6072], EntityKey[j.index.module.apply.resourcesUnion.entity.ResourcesUnion#6071], EntityKey[j.index.module.apply.resourcesUnion.entity.ResourcesUnion#6070], EntityKey[j.index.module.apply.resourcesUnion.entity.ResourcesUnion#6069], EntityKey[j.index.module.apply.resourcesUnion.entity.ResourcesUnion#6068], EntityKey[j.index.module.apply.resourcesUnion.entity.ResourcesUnion#6067], EntityKey[j.index.module.apply.resourcesUnion.entity.ResourcesUnion#6107], EntityKey[j.index.module.apply.resourcesUnion.entity.ResourcesUnion#6108], EntityKey[j.index.module.apply.resourcesUnion.entity.ResourcesUnion#6109], EntityKey[j.index.module.apply.resourcesUnion.entity.ResourcesUnion#6110], EntityKey[j.index.module.apply.resourcesUnion.entity.ResourcesUnion#6111], EntityKey[j.index.module.apply.resourcesUnion.entity.ResourcesUnion#6112], EntityKey[j.index.module.apply.resourcesUnion.entity.ResourcesUnion#6113], EntityKey[j.index.module.apply.resourcesUnion.entity.ResourcesUnion#6114], EntityKey[j.index.module.apply.resourcesUnion.entity.ResourcesUnion#6115], EntityKey[j.index.module.apply.resourcesUnion.entity.ResourcesUnion#6116], EntityKey[j.index.module.apply.resourcesUnion.entity.ResourcesUnion#6117], EntityKey[j.index.module.apply.resourcesUnion.entity.ResourcesUnion#6118], EntityKey[j.index.module.apply.resourcesUnion.entity.ResourcesUnion#6119], EntityKey[j.index.module.apply.resourcesUnion.entity.ResourcesUnion#6120], EntityKey[j.index.module.apply.resourcesUnion.entity.ResourcesUnion#6121], EntityKey[j.index.module.apply.resourcesUnion.entity.ResourcesUnion#6122], EntityKey[j.index.module.apply.resourcesUnion.entity.ResourcesUnion#6092], EntityKey[j.index.module.apply.resourcesUnion.entity.ResourcesUnion#6091], EntityKey[j.index.module.apply.resourcesUnion.entity.ResourcesUnion#6094], EntityKey[j.index.module.apply.resourcesUnion.entity.ResourcesUnion#6093], EntityKey[j.index.module.apply.resourcesUnion.entity.ResourcesUnion#6096], EntityKey[j.index.module.apply.resourcesUnion.entity.ResourcesUnion#6095], EntityKey[j.index.module.apply.resourcesUnion.entity.ResourcesUnion#6098], EntityKey[j.index.module.apply.resourcesUnion.entity.ResourcesUnion#6097], EntityKey[j.index.module.apply.resourcesUnion.entity.ResourcesUnion#6100], EntityKey[j.index.module.apply.resourcesUnion.entity.ResourcesUnion#6099], EntityKey[j.index.module.apply.resourcesUnion.entity.ResourcesUnion#6102], EntityKey[j.index.module.apply.resourcesUnion.entity.ResourcesUnion#6101], EntityKey[j.index.module.apply.resourcesUnion.entity.ResourcesUnion#6104], EntityKey[j.index.module.apply.resourcesUnion.entity.ResourcesUnion#6103], EntityKey[j.index.module.apply.resourcesUnion.entity.ResourcesUnion#6106], EntityKey[j.index.module.apply.resourcesUnion.entity.ResourcesUnion#6105], EntityKey[j.index.module.apply.resourcesUnion.entity.ResourcesUnion#6141], EntityKey[j.index.module.apply.resourcesUnion.entity.ResourcesUnion#6142], EntityKey[j.index.module.apply.resourcesUnion.entity.ResourcesUnion#6139], EntityKey[j.index.module.apply.resourcesUnion.entity.ResourcesUnion#6140], EntityKey[j.index.module.apply.resourcesUnion.entity.ResourcesUnion#6145], EntityKey[j.index.module.apply.resourcesUnion.entity.ResourcesUnion#6146], EntityKey[j.index.module.apply.resourcesUnion.entity.ResourcesUnion#6143], EntityKey[j.index.module.apply.resourcesUnion.entity.ResourcesUnion#6144], EntityKey[j.index.module.apply.resourcesUnion.entity.ResourcesUnion#6149], EntityKey[j.index.module.apply.resourcesUnion.entity.ResourcesUnion#6150], EntityKey[j.index.module.apply.resourcesUnion.entity.ResourcesUnion#6147], EntityKey[j.index.module.apply.resourcesUnion.entity.ResourcesUnion#6148], EntityKey[j.index.module.apply.resourcesUnion.entity.ResourcesUnion#6153], EntityKey[j.index.module.apply.resourcesUnion.entity.ResourcesUnion#6154], EntityKey[j.index.module.apply.resourcesUnion.entity.ResourcesUnion#6151], EntityKey[j.index.module.apply.resourcesUnion.entity.ResourcesUnion#6152], EntityKey[j.index.module.apply.resourcesUnion.entity.ResourcesUnion#6126], EntityKey[j.index.module.apply.resourcesUnion.entity.ResourcesUnion#6125], EntityKey[j.index.module.apply.resourcesUnion.entity.ResourcesUnion#6124], EntityKey[j.index.module.apply.resourcesUnion.entity.ResourcesUnion#6123], EntityKey[j.index.module.apply.resourcesUnion.entity.ResourcesUnion#6130], EntityKey[j.index.module.apply.resourcesUnion.entity.ResourcesUnion#6129], EntityKey[j.index.module.apply.resourcesUnion.entity.ResourcesUnion#6128], EntityKey[j.index.module.apply.resourcesUnion.entity.ResourcesUnion#6127], EntityKey[j.index.module.apply.resourcesUnion.entity.ResourcesUnion#6134], EntityKey[j.index.module.apply.resourcesUnion.entity.ResourcesUnion#6133], EntityKey[j.index.module.apply.resourcesUnion.entity.ResourcesUnion#6132], EntityKey[j.index.module.apply.resourcesUnion.entity.ResourcesUnion#6131], EntityKey[j.index.module.apply.resourcesUnion.entity.ResourcesUnion#6138], EntityKey[j.index.module.apply.resourcesUnion.entity.ResourcesUnion#6137], EntityKey[j.index.module.apply.resourcesUnion.entity.ResourcesUnion#6136], EntityKey[j.index.module.apply.resourcesUnion.entity.ResourcesUnion#6135], EntityKey[j.index.module.apply.resourcesUnion.entity.ResourcesUnion#7023], EntityKey[j.index.module.apply.resourcesUnion.entity.ResourcesUnion#7024], EntityKey[j.index.module.apply.resourcesUnion.entity.ResourcesUnion#7025], EntityKey[j.index.module.apply.resourcesUnion.entity.ResourcesUnion#7026], EntityKey[j.index.module.apply.resourcesUnion.entity.ResourcesUnion#7019], EntityKey[j.index.module.apply.resourcesUnion.entity.ResourcesUnion#7020], EntityKey[j.index.module.apply.resourcesUnion.entity.ResourcesUnion#7021], EntityKey[j.index.module.apply.resourcesUnion.entity.ResourcesUnion#7022], EntityKey[j.index.module.apply.resourcesUnion.entity.ResourcesUnion#7031], EntityKey[j.index.module.apply.resourcesUnion.entity.ResourcesUnion#7032], EntityKey[j.index.module.apply.resourcesUnion.entity.ResourcesUnion#7033], EntityKey[j.index.module.apply.resourcesUnion.entity.ResourcesUnion#7034], EntityKey[j.index.module.apply.resourcesUnion.entity.ResourcesUnion#7027], EntityKey[j.index.module.apply.resourcesUnion.entity.ResourcesUnion#7028], EntityKey[j.index.module.apply.resourcesUnion.entity.ResourcesUnion#7029], EntityKey[j.index.module.apply.resourcesUnion.entity.ResourcesUnion#7030], EntityKey[j.index.module.apply.resourcesUnion.entity.ResourcesUnion#7040], EntityKey[j.index.module.apply.resourcesUnion.entity.ResourcesUnion#7039], EntityKey[j.index.module.apply.resourcesUnion.entity.ResourcesUnion#7042], EntityKey[j.index.module.apply.resourcesUnion.entity.ResourcesUnion#7041], EntityKey[j.index.module.apply.resourcesUnion.entity.ResourcesUnion#7036], EntityKey[j.index.module.apply.resourcesUnion.entity.ResourcesUnion#7035], EntityKey[j.index.module.apply.resourcesUnion.entity.ResourcesUnion#7038], EntityKey[j.index.module.apply.resourcesUnion.entity.ResourcesUnion#7037], EntityKey[j.index.module.apply.resourcesUnion.entity.ResourcesUnion#7048], EntityKey[j.index.module.apply.resourcesUnion.entity.ResourcesUnion#7047], EntityKey[j.index.module.apply.resourcesUnion.entity.ResourcesUnion#7050], EntityKey[j.index.module.apply.resourcesUnion.entity.ResourcesUnion#7049], EntityKey[j.index.module.apply.resourcesUnion.entity.ResourcesUnion#7044], EntityKey[j.index.module.apply.resourcesUnion.entity.ResourcesUnion#7043], EntityKey[j.index.module.apply.resourcesUnion.entity.ResourcesUnion#7046], EntityKey[j.index.module.apply.resourcesUnion.entity.ResourcesUnion#7045], EntityKey[j.index.module.apply.resourcesUnion.entity.ResourcesUnion#6993], EntityKey[j.index.module.apply.resourcesUnion.entity.ResourcesUnion#6994], EntityKey[j.index.module.apply.resourcesUnion.entity.ResourcesUnion#6991], EntityKey[j.index.module.apply.resourcesUnion.entity.ResourcesUnion#6992], EntityKey[j.index.module.apply.resourcesUnion.entity.ResourcesUnion#6989], EntityKey[j.index.module.apply.resourcesUnion.entity.ResourcesUnion#6990], EntityKey[j.index.module.apply.resourcesUnion.entity.ResourcesUnion#6987], EntityKey[j.index.module.apply.resourcesUnion.entity.ResourcesUnion#6988], EntityKey[j.index.module.apply.resourcesUnion.entity.ResourcesUnion#7001], EntityKey[j.index.module.apply.resourcesUnion.entity.ResourcesUnion#7002], EntityKey[j.index.module.apply.resourcesUnion.entity.ResourcesUnion#6999], EntityKey[j.index.module.apply.resourcesUnion.entity.ResourcesUnion#7000], EntityKey[j.index.module.apply.resourcesUnion.entity.ResourcesUnion#6997], EntityKey[j.index.module.apply.resourcesUnion.entity.ResourcesUnion#6998], EntityKey[j.index.module.apply.resourcesUnion.entity.ResourcesUnion#6995], EntityKey[j.index.module.apply.resourcesUnion.entity.ResourcesUnion#6996], EntityKey[j.index.module.apply.resourcesUnion.entity.ResourcesUnion#7010], EntityKey[j.index.module.apply.resourcesUnion.entity.ResourcesUnion#7009], EntityKey[j.index.module.apply.resourcesUnion.entity.ResourcesUnion#7008], EntityKey[j.index.module.apply.resourcesUnion.entity.ResourcesUnion#7007], EntityKey[j.index.module.apply.resourcesUnion.entity.ResourcesUnion#7006], EntityKey[j.index.module.apply.resourcesUnion.entity.ResourcesUnion#7005], EntityKey[j.index.module.apply.resourcesUnion.entity.ResourcesUnion#7004], EntityKey[j.index.module.apply.resourcesUnion.entity.ResourcesUnion#7003], EntityKey[j.index.module.apply.resourcesUnion.entity.ResourcesUnion#7018], EntityKey[j.index.module.apply.resourcesUnion.entity.ResourcesUnion#7017], EntityKey[j.index.module.apply.resourcesUnion.entity.ResourcesUnion#7016], EntityKey[j.index.module.apply.resourcesUnion.entity.ResourcesUnion#7015], EntityKey[j.index.module.apply.resourcesUnion.entity.ResourcesUnion#7014], EntityKey[j.index.module.apply.resourcesUnion.entity.ResourcesUnion#7013], EntityKey[j.index.module.apply.resourcesUnion.entity.ResourcesUnion#7012], EntityKey[j.index.module.apply.resourcesUnion.entity.ResourcesUnion#7011], EntityKey[j.index.module.apply.resourcesUnion.entity.ResourcesUnion#6955], EntityKey[j.index.module.apply.resourcesUnion.entity.ResourcesUnion#6956], EntityKey[j.index.module.apply.resourcesUnion.entity.ResourcesUnion#6957], EntityKey[j.index.module.apply.resourcesUnion.entity.ResourcesUnion#6958], EntityKey[j.index.module.apply.resourcesUnion.entity.ResourcesUnion#6959], EntityKey[j.index.module.apply.resourcesUnion.entity.ResourcesUnion#6960], EntityKey[j.index.module.apply.resourcesUnion.entity.ResourcesUnion#6961], EntityKey[j.index.module.apply.resourcesUnion.entity.ResourcesUnion#6962], EntityKey[j.index.module.apply.resourcesUnion.entity.ResourcesUnion#6963], EntityKey[j.index.module.apply.resourcesUnion.entity.ResourcesUnion#6964], EntityKey[j.index.module.apply.resourcesUnion.entity.ResourcesUnion#6965], EntityKey[j.index.module.apply.resourcesUnion.entity.ResourcesUnion#6966], EntityKey[j.index.module.apply.resourcesUnion.entity.ResourcesUnion#6967], EntityKey[j.index.module.apply.resourcesUnion.entity.ResourcesUnion#6968], EntityKey[j.index.module.apply.resourcesUnion.entity.ResourcesUnion#6969], EntityKey[j.index.module.apply.resourcesUnion.entity.ResourcesUnion#6970], EntityKey[j.index.module.apply.resourcesUnion.entity.ResourcesUnion#6972], EntityKey[j.index.module.apply.resourcesUnion.entity.ResourcesUnion#6971], EntityKey[j.index.module.apply.resourcesUnion.entity.ResourcesUnion#6974], EntityKey[j.index.module.apply.resourcesUnion.entity.ResourcesUnion#6973], EntityKey[j.index.module.apply.resourcesUnion.entity.ResourcesUnion#6976], EntityKey[j.index.module.apply.resourcesUnion.entity.ResourcesUnion#6975], EntityKey[j.index.module.apply.resourcesUnion.entity.ResourcesUnion#6978], EntityKey[j.index.module.apply.resourcesUnion.entity.ResourcesUnion#6977], EntityKey[j.index.module.apply.resourcesUnion.entity.ResourcesUnion#6980], EntityKey[j.index.module.apply.resourcesUnion.entity.ResourcesUnion#6979], EntityKey[j.index.module.apply.resourcesUnion.entity.ResourcesUnion#6982], EntityKey[j.index.module.apply.resourcesUnion.entity.ResourcesUnion#6981], EntityKey[j.index.module.apply.resourcesUnion.entity.ResourcesUnion#6984], EntityKey[j.index.module.apply.resourcesUnion.entity.ResourcesUnion#6983], EntityKey[j.index.module.apply.resourcesUnion.entity.ResourcesUnion#6986], EntityKey[j.index.module.apply.resourcesUnion.entity.ResourcesUnion#6985], EntityKey[j.index.module.apply.resourcesUnion.entity.ResourcesUnion#6925], EntityKey[j.index.module.apply.resourcesUnion.entity.ResourcesUnion#6926], EntityKey[j.index.module.apply.resourcesUnion.entity.ResourcesUnion#6923], EntityKey[j.index.module.apply.resourcesUnion.entity.ResourcesUnion#6924], EntityKey[j.index.module.apply.resourcesUnion.entity.ResourcesUnion#6929], EntityKey[j.index.module.apply.resourcesUnion.entity.ResourcesUnion#6930], EntityKey[j.index.module.apply.resourcesUnion.entity.ResourcesUnion#6927], EntityKey[j.index.module.apply.resourcesUnion.entity.ResourcesUnion#6928], EntityKey[j.index.module.apply.resourcesUnion.entity.ResourcesUnion#6933], EntityKey[j.index.module.apply.resourcesUnion.entity.ResourcesUnion#6934], EntityKey[j.index.module.apply.resourcesUnion.entity.ResourcesUnion#6931], EntityKey[j.index.module.apply.resourcesUnion.entity.ResourcesUnion#6932], EntityKey[j.index.module.apply.resourcesUnion.entity.ResourcesUnion#6937], EntityKey[j.index.module.apply.resourcesUnion.entity.ResourcesUnion#6938], EntityKey[j.index.module.apply.resourcesUnion.entity.ResourcesUnion#6935], EntityKey[j.index.module.apply.resourcesUnion.entity.ResourcesUnion#6936], EntityKey[j.index.module.apply.resourcesUnion.entity.ResourcesUnion#6942], EntityKey[j.index.module.apply.resourcesUnion.entity.ResourcesUnion#6941], EntityKey[j.index.module.apply.resourcesUnion.entity.ResourcesUnion#6940], EntityKey[j.index.module.apply.resourcesUnion.entity.ResourcesUnion#6939], EntityKey[j.index.module.apply.resourcesUnion.entity.ResourcesUnion#6946], EntityKey[j.index.module.apply.resourcesUnion.entity.ResourcesUnion#6945], EntityKey[j.index.module.apply.resourcesUnion.entity.ResourcesUnion#6944], EntityKey[j.index.module.apply.resourcesUnion.entity.ResourcesUnion#6943], EntityKey[j.index.module.apply.resourcesUnion.entity.ResourcesUnion#6950], EntityKey[j.index.module.apply.resourcesUnion.entity.ResourcesUnion#6949], EntityKey[j.index.module.apply.resourcesUnion.entity.ResourcesUnion#6948], EntityKey[j.index.module.apply.resourcesUnion.entity.ResourcesUnion#6947], EntityKey[j.index.module.apply.resourcesUnion.entity.ResourcesUnion#6954], EntityKey[j.index.module.apply.resourcesUnion.entity.ResourcesUnion#6953], EntityKey[j.index.module.apply.resourcesUnion.entity.ResourcesUnion#6952], EntityKey[j.index.module.apply.resourcesUnion.entity.ResourcesUnion#6951], EntityKey[j.index.module.apply.resourcesUnion.entity.ResourcesUnion#6904], EntityKey[j.index.module.apply.resourcesUnion.entity.ResourcesUnion#6903], EntityKey[j.index.module.apply.resourcesUnion.entity.ResourcesUnion#6906], EntityKey[j.index.module.apply.resourcesUnion.entity.ResourcesUnion#6905], EntityKey[j.index.module.apply.resourcesUnion.entity.ResourcesUnion#6900], EntityKey[j.index.module.apply.resourcesUnion.entity.ResourcesUnion#6899], EntityKey[j.index.module.apply.resourcesUnion.entity.ResourcesUnion#6902], EntityKey[j.index.module.apply.resourcesUnion.entity.ResourcesUnion#6901], EntityKey[j.index.module.apply.resourcesUnion.entity.ResourcesUnion#6896], EntityKey[j.index.module.apply.resourcesUnion.entity.ResourcesUnion#6895], EntityKey[j.index.module.apply.resourcesUnion.entity.ResourcesUnion#6898], EntityKey[j.index.module.apply.resourcesUnion.entity.ResourcesUnion#6897], EntityKey[j.index.module.apply.resourcesUnion.entity.ResourcesUnion#6892], EntityKey[j.index.module.apply.resourcesUnion.entity.ResourcesUnion#6891], EntityKey[j.index.module.apply.resourcesUnion.entity.ResourcesUnion#6894], EntityKey[j.index.module.apply.resourcesUnion.entity.ResourcesUnion#6893], EntityKey[j.index.module.apply.resourcesUnion.entity.ResourcesUnion#6919], EntityKey[j.index.module.apply.resourcesUnion.entity.ResourcesUnion#6920], EntityKey[j.index.module.apply.resourcesUnion.entity.ResourcesUnion#6921], EntityKey[j.index.module.apply.resourcesUnion.entity.ResourcesUnion#6922], EntityKey[j.index.module.apply.resourcesUnion.entity.ResourcesUnion#6915], EntityKey[j.index.module.apply.resourcesUnion.entity.ResourcesUnion#6916], EntityKey[j.index.module.apply.resourcesUnion.entity.ResourcesUnion#6917], EntityKey[j.index.module.apply.resourcesUnion.entity.ResourcesUnion#6918], EntityKey[j.index.module.apply.resourcesUnion.entity.ResourcesUnion#6911], EntityKey[j.index.module.apply.resourcesUnion.entity.ResourcesUnion#6912], EntityKey[j.index.module.apply.resourcesUnion.entity.ResourcesUnion#6913], EntityKey[j.index.module.apply.resourcesUnion.entity.ResourcesUnion#6914], EntityKey[j.index.module.apply.resourcesUnion.entity.ResourcesUnion#6907], EntityKey[j.index.module.apply.resourcesUnion.entity.ResourcesUnion#6908], EntityKey[j.index.module.apply.resourcesUnion.entity.ResourcesUnion#6909], EntityKey[j.index.module.apply.resourcesUnion.entity.ResourcesUnion#6910], EntityKey[j.index.module.apply.resourcesUnion.entity.ResourcesUnion#6874], EntityKey[j.index.module.apply.resourcesUnion.entity.ResourcesUnion#6873], EntityKey[j.index.module.apply.resourcesUnion.entity.ResourcesUnion#6872], EntityKey[j.index.module.apply.resourcesUnion.entity.ResourcesUnion#6871], EntityKey[j.index.module.apply.resourcesUnion.entity.ResourcesUnion#6870], EntityKey[j.index.module.apply.resourcesUnion.entity.ResourcesUnion#6869], EntityKey[j.index.module.apply.resourcesUnion.entity.ResourcesUnion#6868], EntityKey[j.index.module.apply.resourcesUnion.entity.ResourcesUnion#6867], EntityKey[j.index.module.apply.resourcesUnion.entity.ResourcesUnion#6866], EntityKey[j.index.module.apply.resourcesUnion.entity.ResourcesUnion#6865], EntityKey[j.index.module.apply.resourcesUnion.entity.ResourcesUnion#6864], EntityKey[j.index.module.apply.resourcesUnion.entity.ResourcesUnion#6863], EntityKey[j.index.module.apply.resourcesUnion.entity.ResourcesUnion#6862], EntityKey[j.index.module.apply.resourcesUnion.entity.ResourcesUnion#6861], EntityKey[j.index.module.apply.resourcesUnion.entity.ResourcesUnion#6860], EntityKey[j.index.module.apply.resourcesUnion.entity.ResourcesUnion#6859], EntityKey[j.index.module.apply.resourcesUnion.entity.ResourcesUnion#6889], EntityKey[j.index.module.apply.resourcesUnion.entity.ResourcesUnion#6890], EntityKey[j.index.module.apply.resourcesUnion.entity.ResourcesUnion#6887], EntityKey[j.index.module.apply.resourcesUnion.entity.ResourcesUnion#6888], EntityKey[j.index.module.apply.resourcesUnion.entity.ResourcesUnion#6885], EntityKey[j.index.module.apply.resourcesUnion.entity.ResourcesUnion#6886], EntityKey[j.index.module.apply.resourcesUnion.entity.ResourcesUnion#6883], EntityKey[j.index.module.apply.resourcesUnion.entity.ResourcesUnion#6884], EntityKey[j.index.module.apply.resourcesUnion.entity.ResourcesUnion#6881], EntityKey[j.index.module.apply.resourcesUnion.entity.ResourcesUnion#6882], EntityKey[j.index.module.apply.resourcesUnion.entity.ResourcesUnion#6879], EntityKey[j.index.module.apply.resourcesUnion.entity.ResourcesUnion#6880], EntityKey[j.index.module.apply.resourcesUnion.entity.ResourcesUnion#6877], EntityKey[j.index.module.apply.resourcesUnion.entity.ResourcesUnion#6878], EntityKey[j.index.module.apply.resourcesUnion.entity.ResourcesUnion#6875], EntityKey[j.index.module.apply.resourcesUnion.entity.ResourcesUnion#6876], EntityKey[j.index.module.apply.resourcesUnion.entity.ResourcesUnion#6836], EntityKey[j.index.module.apply.resourcesUnion.entity.ResourcesUnion#6835], EntityKey[j.index.module.apply.resourcesUnion.entity.ResourcesUnion#6838], EntityKey[j.index.module.apply.resourcesUnion.entity.ResourcesUnion#6837], EntityKey[j.index.module.apply.resourcesUnion.entity.ResourcesUnion#6840], EntityKey[j.index.module.apply.resourcesUnion.entity.ResourcesUnion#6839], EntityKey[j.index.module.apply.resourcesUnion.entity.ResourcesUnion#6842], EntityKey[j.index.module.apply.resourcesUnion.entity.ResourcesUnion#6841], EntityKey[j.index.module.apply.resourcesUnion.entity.ResourcesUnion#6828], EntityKey[j.index.module.apply.resourcesUnion.entity.ResourcesUnion#6827], EntityKey[j.index.module.apply.resourcesUnion.entity.ResourcesUnion#6830], EntityKey[j.index.module.apply.resourcesUnion.entity.ResourcesUnion#6829], EntityKey[j.index.module.apply.resourcesUnion.entity.ResourcesUnion#6832], EntityKey[j.index.module.apply.resourcesUnion.entity.ResourcesUnion#6831], EntityKey[j.index.module.apply.resourcesUnion.entity.ResourcesUnion#6834], EntityKey[j.index.module.apply.resourcesUnion.entity.ResourcesUnion#6833], EntityKey[j.index.module.apply.resourcesUnion.entity.ResourcesUnion#6851], EntityKey[j.index.module.apply.resourcesUnion.entity.ResourcesUnion#6852], EntityKey[j.index.module.apply.resourcesUnion.entity.ResourcesUnion#6853], EntityKey[j.index.module.apply.resourcesUnion.entity.ResourcesUnion#6854], EntityKey[j.index.module.apply.resourcesUnion.entity.ResourcesUnion#6855], EntityKey[j.index.module.apply.resourcesUnion.entity.ResourcesUnion#6856], EntityKey[j.index.module.apply.resourcesUnion.entity.ResourcesUnion#6857], EntityKey[j.index.module.apply.resourcesUnion.entity.ResourcesUnion#6858], EntityKey[j.index.module.apply.resourcesUnion.entity.ResourcesUnion#6843], EntityKey[j.index.module.apply.resourcesUnion.entity.ResourcesUnion#6844], EntityKey[j.index.module.apply.resourcesUnion.entity.ResourcesUnion#6845], EntityKey[j.index.module.apply.resourcesUnion.entity.ResourcesUnion#6846], EntityKey[j.index.module.apply.resourcesUnion.entity.ResourcesUnion#6847], EntityKey[j.index.module.apply.resourcesUnion.entity.ResourcesUnion#6848], EntityKey[j.index.module.apply.resourcesUnion.entity.ResourcesUnion#6849], EntityKey[j.index.module.apply.resourcesUnion.entity.ResourcesUnion#6850], EntityKey[j.index.module.apply.resourcesUnion.entity.ResourcesUnion#6806], EntityKey[j.index.module.apply.resourcesUnion.entity.ResourcesUnion#6805], EntityKey[j.index.module.apply.resourcesUnion.entity.ResourcesUnion#6804], EntityKey[j.index.module.apply.resourcesUnion.entity.ResourcesUnion#6803], EntityKey[j.index.module.apply.resourcesUnion.entity.ResourcesUnion#6810], EntityKey[j.index.module.apply.resourcesUnion.entity.ResourcesUnion#6809], EntityKey[j.index.module.apply.resourcesUnion.entity.ResourcesUnion#6808], EntityKey[j.index.module.apply.resourcesUnion.entity.ResourcesUnion#6807], EntityKey[j.index.module.apply.resourcesUnion.entity.ResourcesUnion#6798], EntityKey[j.index.module.apply.resourcesUnion.entity.ResourcesUnion#6797], EntityKey[j.index.module.apply.resourcesUnion.entity.ResourcesUnion#6796], EntityKey[j.index.module.apply.resourcesUnion.entity.ResourcesUnion#6795], EntityKey[j.index.module.apply.resourcesUnion.entity.ResourcesUnion#6802], EntityKey[j.index.module.apply.resourcesUnion.entity.ResourcesUnion#6801], EntityKey[j.index.module.apply.resourcesUnion.entity.ResourcesUnion#6800], EntityKey[j.index.module.apply.resourcesUnion.entity.ResourcesUnion#6799], EntityKey[j.index.module.apply.resourcesUnion.entity.ResourcesUnion#6821], EntityKey[j.index.module.apply.resourcesUnion.entity.ResourcesUnion#6822], EntityKey[j.index.module.apply.resourcesUnion.entity.ResourcesUnion#6819], EntityKey[j.index.module.apply.resourcesUnion.entity.ResourcesUnion#6820], EntityKey[j.index.module.apply.resourcesUnion.entity.ResourcesUnion#6825], EntityKey[j.index.module.apply.resourcesUnion.entity.ResourcesUnion#6826], EntityKey[j.index.module.apply.resourcesUnion.entity.ResourcesUnion#6823], EntityKey[j.index.module.apply.resourcesUnion.entity.ResourcesUnion#6824], EntityKey[j.index.module.apply.resourcesUnion.entity.ResourcesUnion#6813], EntityKey[j.index.module.apply.resourcesUnion.entity.ResourcesUnion#6814], EntityKey[j.index.module.apply.resourcesUnion.entity.ResourcesUnion#6811], EntityKey[j.index.module.apply.resourcesUnion.entity.ResourcesUnion#6812], EntityKey[j.index.module.apply.resourcesUnion.entity.ResourcesUnion#6817], EntityKey[j.index.module.apply.resourcesUnion.entity.ResourcesUnion#6818], EntityKey[j.index.module.apply.resourcesUnion.entity.ResourcesUnion#6815], EntityKey[j.index.module.apply.resourcesUnion.entity.ResourcesUnion#6816], EntityKey[j.index.module.apply.resourcesUnion.entity.ResourcesUnion#6786], EntityKey[j.index.module.apply.resourcesUnion.entity.ResourcesUnion#6785], EntityKey[j.index.module.apply.resourcesUnion.entity.ResourcesUnion#6784], EntityKey[j.index.module.apply.resourcesUnion.entity.ResourcesUnion#6783], EntityKey[j.index.module.apply.resourcesUnion.entity.ResourcesUnion#6782], EntityKey[j.index.module.apply.resourcesUnion.entity.ResourcesUnion#6781], EntityKey[j.index.module.apply.resourcesUnion.entity.ResourcesUnion#6780], EntityKey[j.index.module.apply.resourcesUnion.entity.ResourcesUnion#6779], EntityKey[j.index.module.apply.resourcesUnion.entity.ResourcesUnion#6794], EntityKey[j.index.module.apply.resourcesUnion.entity.ResourcesUnion#6793], EntityKey[j.index.module.apply.resourcesUnion.entity.ResourcesUnion#6792], EntityKey[j.index.module.apply.resourcesUnion.entity.ResourcesUnion#6791], EntityKey[j.index.module.apply.resourcesUnion.entity.ResourcesUnion#6790], EntityKey[j.index.module.apply.resourcesUnion.entity.ResourcesUnion#6789], EntityKey[j.index.module.apply.resourcesUnion.entity.ResourcesUnion#6788], EntityKey[j.index.module.apply.resourcesUnion.entity.ResourcesUnion#6787], EntityKey[j.index.module.apply.resourcesUnion.entity.ResourcesUnion#6769], EntityKey[j.index.module.apply.resourcesUnion.entity.ResourcesUnion#6770], EntityKey[j.index.module.apply.resourcesUnion.entity.ResourcesUnion#6767], EntityKey[j.index.module.apply.resourcesUnion.entity.ResourcesUnion#6768], EntityKey[j.index.module.apply.resourcesUnion.entity.ResourcesUnion#6765], EntityKey[j.index.module.apply.resourcesUnion.entity.ResourcesUnion#6766], EntityKey[j.index.module.apply.resourcesUnion.entity.ResourcesUnion#6763], EntityKey[j.index.module.apply.resourcesUnion.entity.ResourcesUnion#6764], EntityKey[j.index.module.apply.resourcesUnion.entity.ResourcesUnion#6777], EntityKey[j.index.module.apply.resourcesUnion.entity.ResourcesUnion#6778], EntityKey[j.index.module.apply.resourcesUnion.entity.ResourcesUnion#6775], EntityKey[j.index.module.apply.resourcesUnion.entity.ResourcesUnion#6776], EntityKey[j.index.module.apply.resourcesUnion.entity.ResourcesUnion#6773], EntityKey[j.index.module.apply.resourcesUnion.entity.ResourcesUnion#6774], EntityKey[j.index.module.apply.resourcesUnion.entity.ResourcesUnion#6771], EntityKey[j.index.module.apply.resourcesUnion.entity.ResourcesUnion#6772], EntityKey[j.index.module.apply.resourcesUnion.entity.ResourcesUnion#6752], EntityKey[j.index.module.apply.resourcesUnion.entity.ResourcesUnion#6751], EntityKey[j.index.module.apply.resourcesUnion.entity.ResourcesUnion#6754], EntityKey[j.index.module.apply.resourcesUnion.entity.ResourcesUnion#6753], EntityKey[j.index.module.apply.resourcesUnion.entity.ResourcesUnion#6748], EntityKey[j.index.module.apply.resourcesUnion.entity.ResourcesUnion#6747], EntityKey[j.index.module.apply.resourcesUnion.entity.ResourcesUnion#6750], EntityKey[j.index.module.apply.resourcesUnion.entity.ResourcesUnion#6749], EntityKey[j.index.module.apply.resourcesUnion.entity.ResourcesUnion#6760], EntityKey[j.index.module.apply.resourcesUnion.entity.ResourcesUnion#6759], EntityKey[j.index.module.apply.resourcesUnion.entity.ResourcesUnion#6762], EntityKey[j.index.module.apply.resourcesUnion.entity.ResourcesUnion#6761], EntityKey[j.index.module.apply.resourcesUnion.entity.ResourcesUnion#6756], EntityKey[j.index.module.apply.resourcesUnion.entity.ResourcesUnion#6755], EntityKey[j.index.module.apply.resourcesUnion.entity.ResourcesUnion#6758], EntityKey[j.index.module.apply.resourcesUnion.entity.ResourcesUnion#6757], EntityKey[j.index.module.apply.resourcesUnion.entity.ResourcesUnion#6735], EntityKey[j.index.module.apply.resourcesUnion.entity.ResourcesUnion#6736], EntityKey[j.index.module.apply.resourcesUnion.entity.ResourcesUnion#6737], EntityKey[j.index.module.apply.resourcesUnion.entity.ResourcesUnion#6738], EntityKey[j.index.module.apply.resourcesUnion.entity.ResourcesUnion#6731], EntityKey[j.index.module.apply.resourcesUnion.entity.ResourcesUnion#6732], EntityKey[j.index.module.apply.resourcesUnion.entity.ResourcesUnion#6733], EntityKey[j.index.module.apply.resourcesUnion.entity.ResourcesUnion#6734], EntityKey[j.index.module.apply.resourcesUnion.entity.ResourcesUnion#6743], EntityKey[j.index.module.apply.resourcesUnion.entity.ResourcesUnion#6744], EntityKey[j.index.module.apply.resourcesUnion.entity.ResourcesUnion#6745], EntityKey[j.index.module.apply.resourcesUnion.entity.ResourcesUnion#6746], EntityKey[j.index.module.apply.resourcesUnion.entity.ResourcesUnion#6739], EntityKey[j.index.module.apply.resourcesUnion.entity.ResourcesUnion#6740], EntityKey[j.index.module.apply.resourcesUnion.entity.ResourcesUnion#6741], EntityKey[j.index.module.apply.resourcesUnion.entity.ResourcesUnion#6742], EntityKey[j.index.module.apply.resourcesUnion.entity.ResourcesUnion#6718], EntityKey[j.index.module.apply.resourcesUnion.entity.ResourcesUnion#6717], EntityKey[j.index.module.apply.resourcesUnion.entity.ResourcesUnion#6716], EntityKey[j.index.module.apply.resourcesUnion.entity.ResourcesUnion#6715], EntityKey[j.index.module.apply.resourcesUnion.entity.ResourcesUnion#6722], EntityKey[j.index.module.apply.resourcesUnion.entity.ResourcesUnion#6721], EntityKey[j.index.module.apply.resourcesUnion.entity.ResourcesUnion#6720], EntityKey[j.index.module.apply.resourcesUnion.entity.ResourcesUnion#6719], EntityKey[j.index.module.apply.resourcesUnion.entity.ResourcesUnion#6726], EntityKey[j.index.module.apply.resourcesUnion.entity.ResourcesUnion#6725], EntityKey[j.index.module.apply.resourcesUnion.entity.ResourcesUnion#6724], EntityKey[j.index.module.apply.resourcesUnion.entity.ResourcesUnion#6723], EntityKey[j.index.module.apply.resourcesUnion.entity.ResourcesUnion#6730], EntityKey[j.index.module.apply.resourcesUnion.entity.ResourcesUnion#6729], EntityKey[j.index.module.apply.resourcesUnion.entity.ResourcesUnion#6728], EntityKey[j.index.module.apply.resourcesUnion.entity.ResourcesUnion#6727], EntityKey[j.index.module.apply.resourcesUnion.entity.ResourcesUnion#6701], EntityKey[j.index.module.apply.resourcesUnion.entity.ResourcesUnion#6702], EntityKey[j.index.module.apply.resourcesUnion.entity.ResourcesUnion#6699], EntityKey[j.index.module.apply.resourcesUnion.entity.ResourcesUnion#6700], EntityKey[j.index.module.apply.resourcesUnion.entity.ResourcesUnion#6705], EntityKey[j.index.module.apply.resourcesUnion.entity.ResourcesUnion#6706], EntityKey[j.index.module.apply.resourcesUnion.entity.ResourcesUnion#6703], EntityKey[j.index.module.apply.resourcesUnion.entity.ResourcesUnion#6704], EntityKey[j.index.module.apply.resourcesUnion.entity.ResourcesUnion#6709], EntityKey[j.index.module.apply.resourcesUnion.entity.ResourcesUnion#6710], EntityKey[j.index.module.apply.resourcesUnion.entity.ResourcesUnion#6707], EntityKey[j.index.module.apply.resourcesUnion.entity.ResourcesUnion#6708], EntityKey[j.index.module.apply.resourcesUnion.entity.ResourcesUnion#6713], EntityKey[j.index.module.apply.resourcesUnion.entity.ResourcesUnion#6714], EntityKey[j.index.module.apply.resourcesUnion.entity.ResourcesUnion#6711], EntityKey[j.index.module.apply.resourcesUnion.entity.ResourcesUnion#6712], EntityKey[j.index.module.apply.resourcesUnion.entity.ResourcesUnion#6684], EntityKey[j.index.module.apply.resourcesUnion.entity.ResourcesUnion#6683], EntityKey[j.index.module.apply.resourcesUnion.entity.ResourcesUnion#6686], EntityKey[j.index.module.apply.resourcesUnion.entity.ResourcesUnion#6685], EntityKey[j.index.module.apply.resourcesUnion.entity.ResourcesUnion#6688], EntityKey[j.index.module.apply.resourcesUnion.entity.ResourcesUnion#6687], EntityKey[j.index.module.apply.resourcesUnion.entity.ResourcesUnion#6690], EntityKey[j.index.module.apply.resourcesUnion.entity.ResourcesUnion#6689], EntityKey[j.index.module.apply.resourcesUnion.entity.ResourcesUnion#6692], EntityKey[j.index.module.apply.resourcesUnion.entity.ResourcesUnion#6691], EntityKey[j.index.module.apply.resourcesUnion.entity.ResourcesUnion#6694], EntityKey[j.index.module.apply.resourcesUnion.entity.ResourcesUnion#6693], EntityKey[j.index.module.apply.resourcesUnion.entity.ResourcesUnion#6696], EntityKey[j.index.module.apply.resourcesUnion.entity.ResourcesUnion#6695], EntityKey[j.index.module.apply.resourcesUnion.entity.ResourcesUnion#6698], EntityKey[j.index.module.apply.resourcesUnion.entity.ResourcesUnion#6697], EntityKey[j.index.module.apply.resourcesUnion.entity.ResourcesUnion#6667], EntityKey[j.index.module.apply.resourcesUnion.entity.ResourcesUnion#6668], EntityKey[j.index.module.apply.resourcesUnion.entity.ResourcesUnion#6669], EntityKey[j.index.module.apply.resourcesUnion.entity.ResourcesUnion#6670], EntityKey[j.index.module.apply.resourcesUnion.entity.ResourcesUnion#6671], EntityKey[j.index.module.apply.resourcesUnion.entity.ResourcesUnion#6672], EntityKey[j.index.module.apply.resourcesUnion.entity.ResourcesUnion#6673], EntityKey[j.index.module.apply.resourcesUnion.entity.ResourcesUnion#6674], EntityKey[j.index.module.apply.resourcesUnion.entity.ResourcesUnion#6675], EntityKey[j.index.module.apply.resourcesUnion.entity.ResourcesUnion#6676], EntityKey[j.index.module.apply.resourcesUnion.entity.ResourcesUnion#6677], EntityKey[j.index.module.apply.resourcesUnion.entity.ResourcesUnion#6678], EntityKey[j.index.module.apply.resourcesUnion.entity.ResourcesUnion#6679], EntityKey[j.index.module.apply.resourcesUnion.entity.ResourcesUnion#6680], EntityKey[j.index.module.apply.resourcesUnion.entity.ResourcesUnion#6681], EntityKey[j.index.module.apply.resourcesUnion.entity.ResourcesUnion#6682], EntityKey[j.index.module.apply.resourcesUnion.entity.ResourcesUnion#6665], EntityKey[j.index.module.apply.resourcesUnion.entity.ResourcesUnion#6666], EntityKey[j.index.module.apply.resourcesUnion.entity.ResourcesUnion#6663], EntityKey[j.index.module.apply.resourcesUnion.entity.ResourcesUnion#6664], EntityKey[j.index.module.apply.resourcesUnion.entity.ResourcesUnion#6661], EntityKey[j.index.module.apply.resourcesUnion.entity.ResourcesUnion#6662], EntityKey[j.index.module.apply.resourcesUnion.entity.ResourcesUnion#6659], EntityKey[j.index.module.apply.resourcesUnion.entity.ResourcesUnion#6660], EntityKey[j.index.module.apply.resourcesUnion.entity.ResourcesUnion#6657], EntityKey[j.index.module.apply.resourcesUnion.entity.ResourcesUnion#6658], EntityKey[j.index.module.apply.resourcesUnion.entity.ResourcesUnion#6655], EntityKey[j.index.module.apply.resourcesUnion.entity.ResourcesUnion#6656], EntityKey[j.index.module.apply.resourcesUnion.entity.ResourcesUnion#6653], EntityKey[j.index.module.apply.resourcesUnion.entity.ResourcesUnion#6654], EntityKey[j.index.module.apply.resourcesUnion.entity.ResourcesUnion#6651], EntityKey[j.index.module.apply.resourcesUnion.entity.ResourcesUnion#6652], EntityKey[j.index.module.apply.resourcesUnion.entity.ResourcesUnion#6650], EntityKey[j.index.module.apply.resourcesUnion.entity.ResourcesUnion#6649], EntityKey[j.index.module.apply.resourcesUnion.entity.ResourcesUnion#6648], EntityKey[j.index.module.apply.resourcesUnion.entity.ResourcesUnion#6647], EntityKey[j.index.module.apply.resourcesUnion.entity.ResourcesUnion#6646], EntityKey[j.index.module.apply.resourcesUnion.entity.ResourcesUnion#6645], EntityKey[j.index.module.apply.resourcesUnion.entity.ResourcesUnion#6644], EntityKey[j.index.module.apply.resourcesUnion.entity.ResourcesUnion#6643], EntityKey[j.index.module.apply.resourcesUnion.entity.ResourcesUnion#6642], EntityKey[j.index.module.apply.resourcesUnion.entity.ResourcesUnion#6641], EntityKey[j.index.module.apply.resourcesUnion.entity.ResourcesUnion#6640], EntityKey[j.index.module.apply.resourcesUnion.entity.ResourcesUnion#6639], EntityKey[j.index.module.apply.resourcesUnion.entity.ResourcesUnion#6638], EntityKey[j.index.module.apply.resourcesUnion.entity.ResourcesUnion#6637], EntityKey[j.index.module.apply.resourcesUnion.entity.ResourcesUnion#6636], EntityKey[j.index.module.apply.resourcesUnion.entity.ResourcesUnion#6635], EntityKey[j.index.module.apply.resourcesUnion.entity.ResourcesUnion#6631], EntityKey[j.index.module.apply.resourcesUnion.entity.ResourcesUnion#6632], EntityKey[j.index.module.apply.resourcesUnion.entity.ResourcesUnion#6633], EntityKey[j.index.module.apply.resourcesUnion.entity.ResourcesUnion#6634], EntityKey[j.index.module.apply.resourcesUnion.entity.ResourcesUnion#6627], EntityKey[j.index.module.apply.resourcesUnion.entity.ResourcesUnion#6628], EntityKey[j.index.module.apply.resourcesUnion.entity.ResourcesUnion#6629], EntityKey[j.index.module.apply.resourcesUnion.entity.ResourcesUnion#6630], EntityKey[j.index.module.apply.resourcesUnion.entity.ResourcesUnion#6623], EntityKey[j.index.module.apply.resourcesUnion.entity.ResourcesUnion#6624], EntityKey[j.index.module.apply.resourcesUnion.entity.ResourcesUnion#6625], EntityKey[j.index.module.apply.resourcesUnion.entity.ResourcesUnion#6626], EntityKey[j.index.module.apply.resourcesUnion.entity.ResourcesUnion#6619], EntityKey[j.index.module.apply.resourcesUnion.entity.ResourcesUnion#6620], EntityKey[j.index.module.apply.resourcesUnion.entity.ResourcesUnion#6621], EntityKey[j.index.module.apply.resourcesUnion.entity.ResourcesUnion#6622], EntityKey[j.index.module.apply.resourcesUnion.entity.ResourcesUnion#6616], EntityKey[j.index.module.apply.resourcesUnion.entity.ResourcesUnion#6615], EntityKey[j.index.module.apply.resourcesUnion.entity.ResourcesUnion#6618], EntityKey[j.index.module.apply.resourcesUnion.entity.ResourcesUnion#6617], EntityKey[j.index.module.apply.resourcesUnion.entity.ResourcesUnion#6612], EntityKey[j.index.module.apply.resourcesUnion.entity.ResourcesUnion#6611], EntityKey[j.index.module.apply.resourcesUnion.entity.ResourcesUnion#6614], EntityKey[j.index.module.apply.resourcesUnion.entity.ResourcesUnion#6613], EntityKey[j.index.module.apply.resourcesUnion.entity.ResourcesUnion#6608], EntityKey[j.index.module.apply.resourcesUnion.entity.ResourcesUnion#6607], EntityKey[j.index.module.apply.resourcesUnion.entity.ResourcesUnion#6610], EntityKey[j.index.module.apply.resourcesUnion.entity.ResourcesUnion#6609], EntityKey[j.index.module.apply.resourcesUnion.entity.ResourcesUnion#6604], EntityKey[j.index.module.apply.resourcesUnion.entity.ResourcesUnion#6603], EntityKey[j.index.module.apply.resourcesUnion.entity.ResourcesUnion#6606], EntityKey[j.index.module.apply.resourcesUnion.entity.ResourcesUnion#6605], EntityKey[j.index.module.apply.resourcesUnion.entity.ResourcesUnion#6597], EntityKey[j.index.module.apply.resourcesUnion.entity.ResourcesUnion#6598], EntityKey[j.index.module.apply.resourcesUnion.entity.ResourcesUnion#6595], EntityKey[j.index.module.apply.resourcesUnion.entity.ResourcesUnion#6596], EntityKey[j.index.module.apply.resourcesUnion.entity.ResourcesUnion#6601], EntityKey[j.index.module.apply.resourcesUnion.entity.ResourcesUnion#6602], EntityKey[j.index.module.apply.resourcesUnion.entity.ResourcesUnion#6599], EntityKey[j.index.module.apply.resourcesUnion.entity.ResourcesUnion#6600], EntityKey[j.index.module.apply.resourcesUnion.entity.ResourcesUnion#6589], EntityKey[j.index.module.apply.resourcesUnion.entity.ResourcesUnion#6590], EntityKey[j.index.module.apply.resourcesUnion.entity.ResourcesUnion#6587], EntityKey[j.index.module.apply.resourcesUnion.entity.ResourcesUnion#6588], EntityKey[j.index.module.apply.resourcesUnion.entity.ResourcesUnion#6593], EntityKey[j.index.module.apply.resourcesUnion.entity.ResourcesUnion#6594], EntityKey[j.index.module.apply.resourcesUnion.entity.ResourcesUnion#6591], EntityKey[j.index.module.apply.resourcesUnion.entity.ResourcesUnion#6592], EntityKey[j.index.module.apply.resourcesUnion.entity.ResourcesUnion#6582], EntityKey[j.index.module.apply.resourcesUnion.entity.ResourcesUnion#6581], EntityKey[j.index.module.apply.resourcesUnion.entity.ResourcesUnion#6580], EntityKey[j.index.module.apply.resourcesUnion.entity.ResourcesUnion#6579], EntityKey[j.index.module.apply.resourcesUnion.entity.ResourcesUnion#6586], EntityKey[j.index.module.apply.resourcesUnion.entity.ResourcesUnion#6585], EntityKey[j.index.module.apply.resourcesUnion.entity.ResourcesUnion#6584], EntityKey[j.index.module.apply.resourcesUnion.entity.ResourcesUnion#6583], EntityKey[j.index.module.apply.resourcesUnion.entity.ResourcesUnion#6574], EntityKey[j.index.module.apply.resourcesUnion.entity.ResourcesUnion#6573], EntityKey[j.index.module.apply.resourcesUnion.entity.ResourcesUnion#6572], EntityKey[j.index.module.apply.resourcesUnion.entity.ResourcesUnion#6571], EntityKey[j.index.module.apply.resourcesUnion.entity.ResourcesUnion#6578], EntityKey[j.index.module.apply.resourcesUnion.entity.ResourcesUnion#6577], EntityKey[j.index.module.apply.resourcesUnion.entity.ResourcesUnion#6576], EntityKey[j.index.module.apply.resourcesUnion.entity.ResourcesUnion#6575], EntityKey[j.index.module.apply.resourcesUnion.entity.ResourcesUnion#6563], EntityKey[j.index.module.apply.resourcesUnion.entity.ResourcesUnion#6564], EntityKey[j.index.module.apply.resourcesUnion.entity.ResourcesUnion#6565], EntityKey[j.index.module.apply.resourcesUnion.entity.ResourcesUnion#6566], EntityKey[j.index.module.apply.resourcesUnion.entity.ResourcesUnion#6567], EntityKey[j.index.module.apply.resourcesUnion.entity.ResourcesUnion#6568], EntityKey[j.index.module.apply.resourcesUnion.entity.ResourcesUnion#6569], EntityKey[j.index.module.apply.resourcesUnion.entity.ResourcesUnion#6570], EntityKey[j.index.module.apply.resourcesUnion.entity.ResourcesUnion#6555], EntityKey[j.index.module.apply.resourcesUnion.entity.ResourcesUnion#6556], EntityKey[j.index.module.apply.resourcesUnion.entity.ResourcesUnion#6557], EntityKey[j.index.module.apply.resourcesUnion.entity.ResourcesUnion#6558], EntityKey[j.index.module.apply.resourcesUnion.entity.ResourcesUnion#6559], EntityKey[j.index.module.apply.resourcesUnion.entity.ResourcesUnion#6560], EntityKey[j.index.module.apply.resourcesUnion.entity.ResourcesUnion#6561], EntityKey[j.index.module.apply.resourcesUnion.entity.ResourcesUnion#6562], EntityKey[j.index.module.apply.resourcesUnion.entity.ResourcesUnion#6548], EntityKey[j.index.module.apply.resourcesUnion.entity.ResourcesUnion#6547], EntityKey[j.index.module.apply.resourcesUnion.entity.ResourcesUnion#6550], EntityKey[j.index.module.apply.resourcesUnion.entity.ResourcesUnion#6549], EntityKey[j.index.module.apply.resourcesUnion.entity.ResourcesUnion#6552], EntityKey[j.index.module.apply.resourcesUnion.entity.ResourcesUnion#6551], EntityKey[j.index.module.apply.resourcesUnion.entity.ResourcesUnion#6554], EntityKey[j.index.module.apply.resourcesUnion.entity.ResourcesUnion#6553], EntityKey[j.index.module.apply.resourcesUnion.entity.ResourcesUnion#6540], EntityKey[j.index.module.apply.resourcesUnion.entity.ResourcesUnion#6539], EntityKey[j.index.module.apply.resourcesUnion.entity.ResourcesUnion#6542], EntityKey[j.index.module.apply.resourcesUnion.entity.ResourcesUnion#6541], EntityKey[j.index.module.apply.resourcesUnion.entity.ResourcesUnion#6544], EntityKey[j.index.module.apply.resourcesUnion.entity.ResourcesUnion#6543], EntityKey[j.index.module.apply.resourcesUnion.entity.ResourcesUnion#6546], EntityKey[j.index.module.apply.resourcesUnion.entity.ResourcesUnion#6545], EntityKey[j.index.module.apply.resourcesUnion.entity.ResourcesUnion#7501], EntityKey[j.index.module.apply.resourcesUnion.entity.ResourcesUnion#7502], EntityKey[j.index.module.apply.resourcesUnion.entity.ResourcesUnion#7499], EntityKey[j.index.module.apply.resourcesUnion.entity.ResourcesUnion#7500], EntityKey[j.index.module.apply.resourcesUnion.entity.ResourcesUnion#7505], EntityKey[j.index.module.apply.resourcesUnion.entity.ResourcesUnion#7506], EntityKey[j.index.module.apply.resourcesUnion.entity.ResourcesUnion#7503], EntityKey[j.index.module.apply.resourcesUnion.entity.ResourcesUnion#7504], EntityKey[j.index.module.apply.resourcesUnion.entity.ResourcesUnion#7509], EntityKey[j.index.module.apply.resourcesUnion.entity.ResourcesUnion#7510], EntityKey[j.index.module.apply.resourcesUnion.entity.ResourcesUnion#7507], EntityKey[j.index.module.apply.resourcesUnion.entity.ResourcesUnion#7508], EntityKey[j.index.module.apply.resourcesUnion.entity.ResourcesUnion#7513], EntityKey[j.index.module.apply.resourcesUnion.entity.ResourcesUnion#7514], EntityKey[j.index.module.apply.resourcesUnion.entity.ResourcesUnion#7511], EntityKey[j.index.module.apply.resourcesUnion.entity.ResourcesUnion#7512], EntityKey[j.index.module.apply.resourcesUnion.entity.ResourcesUnion#7518], EntityKey[j.index.module.apply.resourcesUnion.entity.ResourcesUnion#7517], EntityKey[j.index.module.apply.resourcesUnion.entity.ResourcesUnion#7516], EntityKey[j.index.module.apply.resourcesUnion.entity.ResourcesUnion#7515], EntityKey[j.index.module.apply.resourcesUnion.entity.ResourcesUnion#7522], EntityKey[j.index.module.apply.resourcesUnion.entity.ResourcesUnion#7521], EntityKey[j.index.module.apply.resourcesUnion.entity.ResourcesUnion#7520], EntityKey[j.index.module.apply.resourcesUnion.entity.ResourcesUnion#7519], EntityKey[j.index.module.apply.resourcesUnion.entity.ResourcesUnion#7526], EntityKey[j.index.module.apply.resourcesUnion.entity.ResourcesUnion#7525], EntityKey[j.index.module.apply.resourcesUnion.entity.ResourcesUnion#7524], EntityKey[j.index.module.apply.resourcesUnion.entity.ResourcesUnion#7523], EntityKey[j.index.module.apply.resourcesUnion.entity.ResourcesUnion#7530], EntityKey[j.index.module.apply.resourcesUnion.entity.ResourcesUnion#7529], EntityKey[j.index.module.apply.resourcesUnion.entity.ResourcesUnion#7528], EntityKey[j.index.module.apply.resourcesUnion.entity.ResourcesUnion#7527], EntityKey[j.index.module.apply.resourcesUnion.entity.ResourcesUnion#7531], EntityKey[j.index.module.apply.resourcesUnion.entity.ResourcesUnion#7532], EntityKey[j.index.module.apply.resourcesUnion.entity.ResourcesUnion#7533], EntityKey[j.index.module.apply.resourcesUnion.entity.ResourcesUnion#7534], EntityKey[j.index.module.apply.resourcesUnion.entity.ResourcesUnion#7535], EntityKey[j.index.module.apply.resourcesUnion.entity.ResourcesUnion#7536], EntityKey[j.index.module.apply.resourcesUnion.entity.ResourcesUnion#7537], EntityKey[j.index.module.apply.resourcesUnion.entity.ResourcesUnion#7538], EntityKey[j.index.module.apply.resourcesUnion.entity.ResourcesUnion#7539], EntityKey[j.index.module.apply.resourcesUnion.entity.ResourcesUnion#7540], EntityKey[j.index.module.apply.resourcesUnion.entity.ResourcesUnion#7541], EntityKey[j.index.module.apply.resourcesUnion.entity.ResourcesUnion#7542], EntityKey[j.index.module.apply.resourcesUnion.entity.ResourcesUnion#7543], EntityKey[j.index.module.apply.resourcesUnion.entity.ResourcesUnion#7544], EntityKey[j.index.module.apply.resourcesUnion.entity.ResourcesUnion#7545], EntityKey[j.index.module.apply.resourcesUnion.entity.ResourcesUnion#7546], EntityKey[j.index.module.apply.resourcesUnion.entity.ResourcesUnion#7548], EntityKey[j.index.module.apply.resourcesUnion.entity.ResourcesUnion#7547], EntityKey[j.index.module.apply.resourcesUnion.entity.ResourcesUnion#7550], EntityKey[j.index.module.apply.resourcesUnion.entity.ResourcesUnion#7549], EntityKey[j.index.module.apply.resourcesUnion.entity.ResourcesUnion#7552], EntityKey[j.index.module.apply.resourcesUnion.entity.ResourcesUnion#7551], EntityKey[j.index.module.apply.resourcesUnion.entity.ResourcesUnion#7554], EntityKey[j.index.module.apply.resourcesUnion.entity.ResourcesUnion#7553], EntityKey[j.index.module.apply.resourcesUnion.entity.ResourcesUnion#7556], EntityKey[j.index.module.apply.resourcesUnion.entity.ResourcesUnion#7555], EntityKey[j.index.module.apply.resourcesUnion.entity.ResourcesUnion#7558], EntityKey[j.index.module.apply.resourcesUnion.entity.ResourcesUnion#7557], EntityKey[j.index.module.apply.resourcesUnion.entity.ResourcesUnion#7560], EntityKey[j.index.module.apply.resourcesUnion.entity.ResourcesUnion#7559], EntityKey[j.index.module.apply.resourcesUnion.entity.ResourcesUnion#7562], EntityKey[j.index.module.apply.resourcesUnion.entity.ResourcesUnion#7561], EntityKey[j.index.module.apply.resourcesUnion.entity.ResourcesUnion#7441], EntityKey[j.index.module.apply.resourcesUnion.entity.ResourcesUnion#7442], EntityKey[j.index.module.apply.resourcesUnion.entity.ResourcesUnion#7439], EntityKey[j.index.module.apply.resourcesUnion.entity.ResourcesUnion#7440], EntityKey[j.index.module.apply.resourcesUnion.entity.ResourcesUnion#7437], EntityKey[j.index.module.apply.resourcesUnion.entity.ResourcesUnion#7438], EntityKey[j.index.module.apply.resourcesUnion.entity.ResourcesUnion#7435], EntityKey[j.index.module.apply.resourcesUnion.entity.ResourcesUnion#7436], EntityKey[j.index.module.apply.resourcesUnion.entity.ResourcesUnion#7449], EntityKey[j.index.module.apply.resourcesUnion.entity.ResourcesUnion#7450], EntityKey[j.index.module.apply.resourcesUnion.entity.ResourcesUnion#7447], EntityKey[j.index.module.apply.resourcesUnion.entity.ResourcesUnion#7448], EntityKey[j.index.module.apply.resourcesUnion.entity.ResourcesUnion#7445], EntityKey[j.index.module.apply.resourcesUnion.entity.ResourcesUnion#7446], EntityKey[j.index.module.apply.resourcesUnion.entity.ResourcesUnion#7443], EntityKey[j.index.module.apply.resourcesUnion.entity.ResourcesUnion#7444], EntityKey[j.index.module.apply.resourcesUnion.entity.ResourcesUnion#7458], EntityKey[j.index.module.apply.resourcesUnion.entity.ResourcesUnion#7457], EntityKey[j.index.module.apply.resourcesUnion.entity.ResourcesUnion#7456], EntityKey[j.index.module.apply.resourcesUnion.entity.ResourcesUnion#7455], EntityKey[j.index.module.apply.resourcesUnion.entity.ResourcesUnion#7454], EntityKey[j.index.module.apply.resourcesUnion.entity.ResourcesUnion#7453], EntityKey[j.index.module.apply.resourcesUnion.entity.ResourcesUnion#7452], EntityKey[j.index.module.apply.resourcesUnion.entity.ResourcesUnion#7451], EntityKey[j.index.module.apply.resourcesUnion.entity.ResourcesUnion#7466], EntityKey[j.index.module.apply.resourcesUnion.entity.ResourcesUnion#7465], EntityKey[j.index.module.apply.resourcesUnion.entity.ResourcesUnion#7464], EntityKey[j.index.module.apply.resourcesUnion.entity.ResourcesUnion#7463], EntityKey[j.index.module.apply.resourcesUnion.entity.ResourcesUnion#7462], EntityKey[j.index.module.apply.resourcesUnion.entity.ResourcesUnion#7461], EntityKey[j.index.module.apply.resourcesUnion.entity.ResourcesUnion#7460], EntityKey[j.index.module.apply.resourcesUnion.entity.ResourcesUnion#7459], EntityKey[j.index.module.apply.resourcesUnion.entity.ResourcesUnion#7471], EntityKey[j.index.module.apply.resourcesUnion.entity.ResourcesUnion#7472], EntityKey[j.index.module.apply.resourcesUnion.entity.ResourcesUnion#7473], EntityKey[j.index.module.apply.resourcesUnion.entity.ResourcesUnion#7474], EntityKey[j.index.module.apply.resourcesUnion.entity.ResourcesUnion#7467], EntityKey[j.index.module.apply.resourcesUnion.entity.ResourcesUnion#7468], EntityKey[j.index.module.apply.resourcesUnion.entity.ResourcesUnion#7469], EntityKey[j.index.module.apply.resourcesUnion.entity.ResourcesUnion#7470], EntityKey[j.index.module.apply.resourcesUnion.entity.ResourcesUnion#7479], EntityKey[j.index.module.apply.resourcesUnion.entity.ResourcesUnion#7480], EntityKey[j.index.module.apply.resourcesUnion.entity.ResourcesUnion#7481], EntityKey[j.index.module.apply.resourcesUnion.entity.ResourcesUnion#7482], EntityKey[j.index.module.apply.resourcesUnion.entity.ResourcesUnion#7475], EntityKey[j.index.module.apply.resourcesUnion.entity.ResourcesUnion#7476], EntityKey[j.index.module.apply.resourcesUnion.entity.ResourcesUnion#7477], EntityKey[j.index.module.apply.resourcesUnion.entity.ResourcesUnion#7478], EntityKey[j.index.module.apply.resourcesUnion.entity.ResourcesUnion#7488], EntityKey[j.index.module.apply.resourcesUnion.entity.ResourcesUnion#7487], EntityKey[j.index.module.apply.resourcesUnion.entity.ResourcesUnion#7490], EntityKey[j.index.module.apply.resourcesUnion.entity.ResourcesUnion#7489], EntityKey[j.index.module.apply.resourcesUnion.entity.ResourcesUnion#7484], EntityKey[j.index.module.apply.resourcesUnion.entity.ResourcesUnion#7483], EntityKey[j.index.module.apply.resourcesUnion.entity.ResourcesUnion#7486], EntityKey[j.index.module.apply.resourcesUnion.entity.ResourcesUnion#7485], EntityKey[j.index.module.apply.resourcesUnion.entity.ResourcesUnion#7496], EntityKey[j.index.module.apply.resourcesUnion.entity.ResourcesUnion#7495], EntityKey[j.index.module.apply.resourcesUnion.entity.ResourcesUnion#7498], EntityKey[j.index.module.apply.resourcesUnion.entity.ResourcesUnion#7497], EntityKey[j.index.module.apply.resourcesUnion.entity.ResourcesUnion#7492], EntityKey[j.index.module.apply.resourcesUnion.entity.ResourcesUnion#7491], EntityKey[j.index.module.apply.resourcesUnion.entity.ResourcesUnion#7494], EntityKey[j.index.module.apply.resourcesUnion.entity.ResourcesUnion#7493], EntityKey[j.index.module.apply.resourcesUnion.entity.ResourcesUnion#7382], EntityKey[j.index.module.apply.resourcesUnion.entity.ResourcesUnion#7381], EntityKey[j.index.module.apply.resourcesUnion.entity.ResourcesUnion#7380], EntityKey[j.index.module.apply.resourcesUnion.entity.ResourcesUnion#7379], EntityKey[j.index.module.apply.resourcesUnion.entity.ResourcesUnion#7386], EntityKey[j.index.module.apply.resourcesUnion.entity.ResourcesUnion#7385], EntityKey[j.index.module.apply.resourcesUnion.entity.ResourcesUnion#7384], EntityKey[j.index.module.apply.resourcesUnion.entity.ResourcesUnion#7383], EntityKey[j.index.module.apply.resourcesUnion.entity.ResourcesUnion#7374], EntityKey[j.index.module.apply.resourcesUnion.entity.ResourcesUnion#7373], EntityKey[j.index.module.apply.resourcesUnion.entity.ResourcesUnion#7372], EntityKey[j.index.module.apply.resourcesUnion.entity.ResourcesUnion#7371], EntityKey[j.index.module.apply.resourcesUnion.entity.ResourcesUnion#7378], EntityKey[j.index.module.apply.resourcesUnion.entity.ResourcesUnion#7377], EntityKey[j.index.module.apply.resourcesUnion.entity.ResourcesUnion#7376], EntityKey[j.index.module.apply.resourcesUnion.entity.ResourcesUnion#7375], EntityKey[j.index.module.apply.resourcesUnion.entity.ResourcesUnion#7397], EntityKey[j.index.module.apply.resourcesUnion.entity.ResourcesUnion#7398], EntityKey[j.index.module.apply.resourcesUnion.entity.ResourcesUnion#7395], EntityKey[j.index.module.apply.resourcesUnion.entity.ResourcesUnion#7396], EntityKey[j.index.module.apply.resourcesUnion.entity.ResourcesUnion#7401], EntityKey[j.index.module.apply.resourcesUnion.entity.ResourcesUnion#7402], EntityKey[j.index.module.apply.resourcesUnion.entity.ResourcesUnion#7399], EntityKey[j.index.module.apply.resourcesUnion.entity.ResourcesUnion#7400], EntityKey[j.index.module.apply.resourcesUnion.entity.ResourcesUnion#7389], EntityKey[j.index.module.apply.resourcesUnion.entity.ResourcesUnion#7390], EntityKey[j.index.module.apply.resourcesUnion.entity.ResourcesUnion#7387], EntityKey[j.index.module.apply.resourcesUnion.entity.ResourcesUnion#7388], EntityKey[j.index.module.apply.resourcesUnion.entity.ResourcesUnion#7393], EntityKey[j.index.module.apply.resourcesUnion.entity.ResourcesUnion#7394], EntityKey[j.index.module.apply.resourcesUnion.entity.ResourcesUnion#7391], EntityKey[j.index.module.apply.resourcesUnion.entity.ResourcesUnion#7392], EntityKey[j.index.module.apply.resourcesUnion.entity.ResourcesUnion#7412], EntityKey[j.index.module.apply.resourcesUnion.entity.ResourcesUnion#7411], EntityKey[j.index.module.apply.resourcesUnion.entity.ResourcesUnion#7414], EntityKey[j.index.module.apply.resourcesUnion.entity.ResourcesUnion#7413], EntityKey[j.index.module.apply.resourcesUnion.entity.ResourcesUnion#7416], EntityKey[j.index.module.apply.resourcesUnion.entity.ResourcesUnion#7415], EntityKey[j.index.module.apply.resourcesUnion.entity.ResourcesUnion#7418], EntityKey[j.index.module.apply.resourcesUnion.entity.ResourcesUnion#7417], EntityKey[j.index.module.apply.resourcesUnion.entity.ResourcesUnion#7404], EntityKey[j.index.module.apply.resourcesUnion.entity.ResourcesUnion#7403], EntityKey[j.index.module.apply.resourcesUnion.entity.ResourcesUnion#7406], EntityKey[j.index.module.apply.resourcesUnion.entity.ResourcesUnion#7405], EntityKey[j.index.module.apply.resourcesUnion.entity.ResourcesUnion#7408], EntityKey[j.index.module.apply.resourcesUnion.entity.ResourcesUnion#7407], EntityKey[j.index.module.apply.resourcesUnion.entity.ResourcesUnion#7410], EntityKey[j.index.module.apply.resourcesUnion.entity.ResourcesUnion#7409], EntityKey[j.index.module.apply.resourcesUnion.entity.ResourcesUnion#7427], EntityKey[j.index.module.apply.resourcesUnion.entity.ResourcesUnion#7428], EntityKey[j.index.module.apply.resourcesUnion.entity.ResourcesUnion#7429], EntityKey[j.index.module.apply.resourcesUnion.entity.ResourcesUnion#7430], EntityKey[j.index.module.apply.resourcesUnion.entity.ResourcesUnion#7431], EntityKey[j.index.module.apply.resourcesUnion.entity.ResourcesUnion#7432], EntityKey[j.index.module.apply.resourcesUnion.entity.ResourcesUnion#7433], EntityKey[j.index.module.apply.resourcesUnion.entity.ResourcesUnion#7434], EntityKey[j.index.module.apply.resourcesUnion.entity.ResourcesUnion#7419], EntityKey[j.index.module.apply.resourcesUnion.entity.ResourcesUnion#7420], EntityKey[j.index.module.apply.resourcesUnion.entity.ResourcesUnion#7421], EntityKey[j.index.module.apply.resourcesUnion.entity.ResourcesUnion#7422], EntityKey[j.index.module.apply.resourcesUnion.entity.ResourcesUnion#7423], EntityKey[j.index.module.apply.resourcesUnion.entity.ResourcesUnion#7424], EntityKey[j.index.module.apply.resourcesUnion.entity.ResourcesUnion#7425], EntityKey[j.index.module.apply.resourcesUnion.entity.ResourcesUnion#7426], EntityKey[j.index.module.apply.resourcesUnion.entity.ResourcesUnion#7322], EntityKey[j.index.module.apply.resourcesUnion.entity.ResourcesUnion#7321], EntityKey[j.index.module.apply.resourcesUnion.entity.ResourcesUnion#7320], EntityKey[j.index.module.apply.resourcesUnion.entity.ResourcesUnion#7319], EntityKey[j.index.module.apply.resourcesUnion.entity.ResourcesUnion#7318], EntityKey[j.index.module.apply.resourcesUnion.entity.ResourcesUnion#7317], EntityKey[j.index.module.apply.resourcesUnion.entity.ResourcesUnion#7316], EntityKey[j.index.module.apply.resourcesUnion.entity.ResourcesUnion#7315], EntityKey[j.index.module.apply.resourcesUnion.entity.ResourcesUnion#7314], EntityKey[j.index.module.apply.resourcesUnion.entity.ResourcesUnion#7313], EntityKey[j.index.module.apply.resourcesUnion.entity.ResourcesUnion#7312], EntityKey[j.index.module.apply.resourcesUnion.entity.ResourcesUnion#7311], EntityKey[j.index.module.apply.resourcesUnion.entity.ResourcesUnion#7310], EntityKey[j.index.module.apply.resourcesUnion.entity.ResourcesUnion#7309], EntityKey[j.index.module.apply.resourcesUnion.entity.ResourcesUnion#7308], EntityKey[j.index.module.apply.resourcesUnion.entity.ResourcesUnion#7307], EntityKey[j.index.module.apply.resourcesUnion.entity.ResourcesUnion#7337], EntityKey[j.index.module.apply.resourcesUnion.entity.ResourcesUnion#7338], EntityKey[j.index.module.apply.resourcesUnion.entity.ResourcesUnion#7335], EntityKey[j.index.module.apply.resourcesUnion.entity.ResourcesUnion#7336], EntityKey[j.index.module.apply.resourcesUnion.entity.ResourcesUnion#7333], EntityKey[j.index.module.apply.resourcesUnion.entity.ResourcesUnion#7334], EntityKey[j.index.module.apply.resourcesUnion.entity.ResourcesUnion#7331], EntityKey[j.index.module.apply.resourcesUnion.entity.ResourcesUnion#7332], EntityKey[j.index.module.apply.resourcesUnion.entity.ResourcesUnion#7329], EntityKey[j.index.module.apply.resourcesUnion.entity.ResourcesUnion#7330], EntityKey[j.index.module.apply.resourcesUnion.entity.ResourcesUnion#7327], EntityKey[j.index.module.apply.resourcesUnion.entity.ResourcesUnion#7328], EntityKey[j.index.module.apply.resourcesUnion.entity.ResourcesUnion#7325], EntityKey[j.index.module.apply.resourcesUnion.entity.ResourcesUnion#7326], EntityKey[j.index.module.apply.resourcesUnion.entity.ResourcesUnion#7323], EntityKey[j.index.module.apply.resourcesUnion.entity.ResourcesUnion#7324], EntityKey[j.index.module.apply.resourcesUnion.entity.ResourcesUnion#7352], EntityKey[j.index.module.apply.resourcesUnion.entity.ResourcesUnion#7351], EntityKey[j.index.module.apply.resourcesUnion.entity.ResourcesUnion#7354], EntityKey[j.index.module.apply.resourcesUnion.entity.ResourcesUnion#7353], EntityKey[j.index.module.apply.resourcesUnion.entity.ResourcesUnion#7348], EntityKey[j.index.module.apply.resourcesUnion.entity.ResourcesUnion#7347], EntityKey[j.index.module.apply.resourcesUnion.entity.ResourcesUnion#7350], EntityKey[j.index.module.apply.resourcesUnion.entity.ResourcesUnion#7349], EntityKey[j.index.module.apply.resourcesUnion.entity.ResourcesUnion#7344], EntityKey[j.index.module.apply.resourcesUnion.entity.ResourcesUnion#7343], EntityKey[j.index.module.apply.resourcesUnion.entity.ResourcesUnion#7346], EntityKey[j.index.module.apply.resourcesUnion.entity.ResourcesUnion#7345], EntityKey[j.index.module.apply.resourcesUnion.entity.ResourcesUnion#7340], EntityKey[j.index.module.apply.resourcesUnion.entity.ResourcesUnion#7339], EntityKey[j.index.module.apply.resourcesUnion.entity.ResourcesUnion#7342], EntityKey[j.index.module.apply.resourcesUnion.entity.ResourcesUnion#7341], EntityKey[j.index.module.apply.resourcesUnion.entity.ResourcesUnion#7367], EntityKey[j.index.module.apply.resourcesUnion.entity.ResourcesUnion#7368], EntityKey[j.index.module.apply.resourcesUnion.entity.ResourcesUnion#7369], EntityKey[j.index.module.apply.resourcesUnion.entity.ResourcesUnion#7370], EntityKey[j.index.module.apply.resourcesUnion.entity.ResourcesUnion#7363], EntityKey[j.index.module.apply.resourcesUnion.entity.ResourcesUnion#7364], EntityKey[j.index.module.apply.resourcesUnion.entity.ResourcesUnion#7365], EntityKey[j.index.module.apply.resourcesUnion.entity.ResourcesUnion#7366], EntityKey[j.index.module.apply.resourcesUnion.entity.ResourcesUnion#7359], EntityKey[j.index.module.apply.resourcesUnion.entity.ResourcesUnion#7360], EntityKey[j.index.module.apply.resourcesUnion.entity.ResourcesUnion#7361], EntityKey[j.index.module.apply.resourcesUnion.entity.ResourcesUnion#7362], EntityKey[j.index.module.apply.resourcesUnion.entity.ResourcesUnion#7355], EntityKey[j.index.module.apply.resourcesUnion.entity.ResourcesUnion#7356], EntityKey[j.index.module.apply.resourcesUnion.entity.ResourcesUnion#7357], EntityKey[j.index.module.apply.resourcesUnion.entity.ResourcesUnion#7358], EntityKey[j.index.module.apply.resourcesUnion.entity.ResourcesUnion#7260], EntityKey[j.index.module.apply.resourcesUnion.entity.ResourcesUnion#7259], EntityKey[j.index.module.apply.resourcesUnion.entity.ResourcesUnion#7262], EntityKey[j.index.module.apply.resourcesUnion.entity.ResourcesUnion#7261], EntityKey[j.index.module.apply.resourcesUnion.entity.ResourcesUnion#7264], EntityKey[j.index.module.apply.resourcesUnion.entity.ResourcesUnion#7263], EntityKey[j.index.module.apply.resourcesUnion.entity.ResourcesUnion#7266], EntityKey[j.index.module.apply.resourcesUnion.entity.ResourcesUnion#7265], EntityKey[j.index.module.apply.resourcesUnion.entity.ResourcesUnion#7268], EntityKey[j.index.module.apply.resourcesUnion.entity.ResourcesUnion#7267], EntityKey[j.index.module.apply.resourcesUnion.entity.ResourcesUnion#7270], EntityKey[j.index.module.apply.resourcesUnion.entity.ResourcesUnion#7269], EntityKey[j.index.module.apply.resourcesUnion.entity.ResourcesUnion#7272], EntityKey[j.index.module.apply.resourcesUnion.entity.ResourcesUnion#7271], EntityKey[j.index.module.apply.resourcesUnion.entity.ResourcesUnion#7274], EntityKey[j.index.module.apply.resourcesUnion.entity.ResourcesUnion#7273], EntityKey[j.index.module.apply.resourcesUnion.entity.ResourcesUnion#7243], EntityKey[j.index.module.apply.resourcesUnion.entity.ResourcesUnion#7244], EntityKey[j.index.module.apply.resourcesUnion.entity.ResourcesUnion#7245], EntityKey[j.index.module.apply.resourcesUnion.entity.ResourcesUnion#7246], EntityKey[j.index.module.apply.resourcesUnion.entity.ResourcesUnion#7247], EntityKey[j.index.module.apply.resourcesUnion.entity.ResourcesUnion#7248], EntityKey[j.index.module.apply.resourcesUnion.entity.ResourcesUnion#7249], EntityKey[j.index.module.apply.resourcesUnion.entity.ResourcesUnion#7250], EntityKey[j.index.module.apply.resourcesUnion.entity.ResourcesUnion#7251], EntityKey[j.index.module.apply.resourcesUnion.entity.ResourcesUnion#7252], EntityKey[j.index.module.apply.resourcesUnion.entity.ResourcesUnion#7253], EntityKey[j.index.module.apply.resourcesUnion.entity.ResourcesUnion#7254], EntityKey[j.index.module.apply.resourcesUnion.entity.ResourcesUnion#7255], EntityKey[j.index.module.apply.resourcesUnion.entity.ResourcesUnion#7256], EntityKey[j.index.module.apply.resourcesUnion.entity.ResourcesUnion#7257], EntityKey[j.index.module.apply.resourcesUnion.entity.ResourcesUnion#7258], EntityKey[j.index.module.apply.resourcesUnion.entity.ResourcesUnion#7294], EntityKey[j.index.module.apply.resourcesUnion.entity.ResourcesUnion#7293], EntityKey[j.index.module.apply.resourcesUnion.entity.ResourcesUnion#7292], EntityKey[j.index.module.apply.resourcesUnion.entity.ResourcesUnion#7291], EntityKey[j.index.module.apply.resourcesUnion.entity.ResourcesUnion#7298], EntityKey[j.index.module.apply.resourcesUnion.entity.ResourcesUnion#7297], EntityKey[j.index.module.apply.resourcesUnion.entity.ResourcesUnion#7296], EntityKey[j.index.module.apply.resourcesUnion.entity.ResourcesUnion#7295], EntityKey[j.index.module.apply.resourcesUnion.entity.ResourcesUnion#7302], EntityKey[j.index.module.apply.resourcesUnion.entity.ResourcesUnion#7301], EntityKey[j.index.module.apply.resourcesUnion.entity.ResourcesUnion#7300], EntityKey[j.index.module.apply.resourcesUnion.entity.ResourcesUnion#7299], EntityKey[j.index.module.apply.resourcesUnion.entity.ResourcesUnion#7306], EntityKey[j.index.module.apply.resourcesUnion.entity.ResourcesUnion#7305], EntityKey[j.index.module.apply.resourcesUnion.entity.ResourcesUnion#7304], EntityKey[j.index.module.apply.resourcesUnion.entity.ResourcesUnion#7303], EntityKey[j.index.module.apply.resourcesUnion.entity.ResourcesUnion#7277], EntityKey[j.index.module.apply.resourcesUnion.entity.ResourcesUnion#7278], EntityKey[j.index.module.apply.resourcesUnion.entity.ResourcesUnion#7275], EntityKey[j.index.module.apply.resourcesUnion.entity.ResourcesUnion#7276], EntityKey[j.index.module.apply.resourcesUnion.entity.ResourcesUnion#7281], EntityKey[j.index.module.apply.resourcesUnion.entity.ResourcesUnion#7282], EntityKey[j.index.module.apply.resourcesUnion.entity.ResourcesUnion#7279], EntityKey[j.index.module.apply.resourcesUnion.entity.ResourcesUnion#7280], EntityKey[j.index.module.apply.resourcesUnion.entity.ResourcesUnion#7285], EntityKey[j.index.module.apply.resourcesUnion.entity.ResourcesUnion#7286], EntityKey[j.index.module.apply.resourcesUnion.entity.ResourcesUnion#7283], EntityKey[j.index.module.apply.resourcesUnion.entity.ResourcesUnion#7284], EntityKey[j.index.module.apply.resourcesUnion.entity.ResourcesUnion#7289], EntityKey[j.index.module.apply.resourcesUnion.entity.ResourcesUnion#7290], EntityKey[j.index.module.apply.resourcesUnion.entity.ResourcesUnion#7287], EntityKey[j.index.module.apply.resourcesUnion.entity.ResourcesUnion#7288], EntityKey[j.index.module.apply.resourcesUnion.entity.ResourcesUnion#7200], EntityKey[j.index.module.apply.resourcesUnion.entity.ResourcesUnion#7199], EntityKey[j.index.module.apply.resourcesUnion.entity.ResourcesUnion#7202], EntityKey[j.index.module.apply.resourcesUnion.entity.ResourcesUnion#7201], EntityKey[j.index.module.apply.resourcesUnion.entity.ResourcesUnion#7196], EntityKey[j.index.module.apply.resourcesUnion.entity.ResourcesUnion#7195], EntityKey[j.index.module.apply.resourcesUnion.entity.ResourcesUnion#7198], EntityKey[j.index.module.apply.resourcesUnion.entity.ResourcesUnion#7197], EntityKey[j.index.module.apply.resourcesUnion.entity.ResourcesUnion#7208], EntityKey[j.index.module.apply.resourcesUnion.entity.ResourcesUnion#7207], EntityKey[j.index.module.apply.resourcesUnion.entity.ResourcesUnion#7210], EntityKey[j.index.module.apply.resourcesUnion.entity.ResourcesUnion#7209], EntityKey[j.index.module.apply.resourcesUnion.entity.ResourcesUnion#7204], EntityKey[j.index.module.apply.resourcesUnion.entity.ResourcesUnion#7203], EntityKey[j.index.module.apply.resourcesUnion.entity.ResourcesUnion#7206], EntityKey[j.index.module.apply.resourcesUnion.entity.ResourcesUnion#7205], EntityKey[j.index.module.apply.resourcesUnion.entity.ResourcesUnion#7183], EntityKey[j.index.module.apply.resourcesUnion.entity.ResourcesUnion#7184], EntityKey[j.index.module.apply.resourcesUnion.entity.ResourcesUnion#7185], EntityKey[j.index.module.apply.resourcesUnion.entity.ResourcesUnion#7186], EntityKey[j.index.module.apply.resourcesUnion.entity.ResourcesUnion#7179], EntityKey[j.index.module.apply.resourcesUnion.entity.ResourcesUnion#7180], EntityKey[j.index.module.apply.resourcesUnion.entity.ResourcesUnion#7181], EntityKey[j.index.module.apply.resourcesUnion.entity.ResourcesUnion#7182], EntityKey[j.index.module.apply.resourcesUnion.entity.ResourcesUnion#7191], EntityKey[j.index.module.apply.resourcesUnion.entity.ResourcesUnion#7192], EntityKey[j.index.module.apply.resourcesUnion.entity.ResourcesUnion#7193], EntityKey[j.index.module.apply.resourcesUnion.entity.ResourcesUnion#7194], EntityKey[j.index.module.apply.resourcesUnion.entity.ResourcesUnion#7187], EntityKey[j.index.module.apply.resourcesUnion.entity.ResourcesUnion#7188], EntityKey[j.index.module.apply.resourcesUnion.entity.ResourcesUnion#7189], EntityKey[j.index.module.apply.resourcesUnion.entity.ResourcesUnion#7190], EntityKey[j.index.module.apply.resourcesUnion.entity.ResourcesUnion#7234], EntityKey[j.index.module.apply.resourcesUnion.entity.ResourcesUnion#7233], EntityKey[j.index.module.apply.resourcesUnion.entity.ResourcesUnion#7232], EntityKey[j.index.module.apply.resourcesUnion.entity.ResourcesUnion#7231], EntityKey[j.index.module.apply.resourcesUnion.entity.ResourcesUnion#7230], EntityKey[j.index.module.apply.resourcesUnion.entity.ResourcesUnion#7229], EntityKey[j.index.module.apply.resourcesUnion.entity.ResourcesUnion#7228], EntityKey[j.index.module.apply.resourcesUnion.entity.ResourcesUnion#7227], EntityKey[j.index.module.apply.resourcesUnion.entity.ResourcesUnion#7242], EntityKey[j.index.module.apply.resourcesUnion.entity.ResourcesUnion#7241], EntityKey[j.index.module.apply.resourcesUnion.entity.ResourcesUnion#7240], EntityKey[j.index.module.apply.resourcesUnion.entity.ResourcesUnion#7239], EntityKey[j.index.module.apply.resourcesUnion.entity.ResourcesUnion#7238], EntityKey[j.index.module.apply.resourcesUnion.entity.ResourcesUnion#7237], EntityKey[j.index.module.apply.resourcesUnion.entity.ResourcesUnion#7236], EntityKey[j.index.module.apply.resourcesUnion.entity.ResourcesUnion#7235], EntityKey[j.index.module.apply.resourcesUnion.entity.ResourcesUnion#7217], EntityKey[j.index.module.apply.resourcesUnion.entity.ResourcesUnion#7218], EntityKey[j.index.module.apply.resourcesUnion.entity.ResourcesUnion#7215], EntityKey[j.index.module.apply.resourcesUnion.entity.ResourcesUnion#7216], EntityKey[j.index.module.apply.resourcesUnion.entity.ResourcesUnion#7213], EntityKey[j.index.module.apply.resourcesUnion.entity.ResourcesUnion#7214], EntityKey[j.index.module.apply.resourcesUnion.entity.ResourcesUnion#7211], EntityKey[j.index.module.apply.resourcesUnion.entity.ResourcesUnion#7212], EntityKey[j.index.module.apply.resourcesUnion.entity.ResourcesUnion#7225], EntityKey[j.index.module.apply.resourcesUnion.entity.ResourcesUnion#7226], EntityKey[j.index.module.apply.resourcesUnion.entity.ResourcesUnion#7223], EntityKey[j.index.module.apply.resourcesUnion.entity.ResourcesUnion#7224], EntityKey[j.index.module.apply.resourcesUnion.entity.ResourcesUnion#7221], EntityKey[j.index.module.apply.resourcesUnion.entity.ResourcesUnion#7222], EntityKey[j.index.module.apply.resourcesUnion.entity.ResourcesUnion#7219], EntityKey[j.index.module.apply.resourcesUnion.entity.ResourcesUnion#7220], EntityKey[j.index.module.apply.resourcesUnion.entity.ResourcesUnion#7139], EntityKey[j.index.module.apply.resourcesUnion.entity.ResourcesUnion#7140], EntityKey[j.index.module.apply.resourcesUnion.entity.ResourcesUnion#7141], EntityKey[j.index.module.apply.resourcesUnion.entity.ResourcesUnion#7142], EntityKey[j.index.module.apply.resourcesUnion.entity.ResourcesUnion#7143], EntityKey[j.index.module.apply.resourcesUnion.entity.ResourcesUnion#7144], EntityKey[j.index.module.apply.resourcesUnion.entity.ResourcesUnion#7145], EntityKey[j.index.module.apply.resourcesUnion.entity.ResourcesUnion#7146], EntityKey[j.index.module.apply.resourcesUnion.entity.ResourcesUnion#7131], EntityKey[j.index.module.apply.resourcesUnion.entity.ResourcesUnion#7132], EntityKey[j.index.module.apply.resourcesUnion.entity.ResourcesUnion#7133], EntityKey[j.index.module.apply.resourcesUnion.entity.ResourcesUnion#7134], EntityKey[j.index.module.apply.resourcesUnion.entity.ResourcesUnion#7135], EntityKey[j.index.module.apply.resourcesUnion.entity.ResourcesUnion#7136], EntityKey[j.index.module.apply.resourcesUnion.entity.ResourcesUnion#7137], EntityKey[j.index.module.apply.resourcesUnion.entity.ResourcesUnion#7138], EntityKey[j.index.module.apply.resourcesUnion.entity.ResourcesUnion#7124], EntityKey[j.index.module.apply.resourcesUnion.entity.ResourcesUnion#7123], EntityKey[j.index.module.apply.resourcesUnion.entity.ResourcesUnion#7126], EntityKey[j.index.module.apply.resourcesUnion.entity.ResourcesUnion#7125], EntityKey[j.index.module.apply.resourcesUnion.entity.ResourcesUnion#7128], EntityKey[j.index.module.apply.resourcesUnion.entity.ResourcesUnion#7127], EntityKey[j.index.module.apply.resourcesUnion.entity.ResourcesUnion#7130], EntityKey[j.index.module.apply.resourcesUnion.entity.ResourcesUnion#7129], EntityKey[j.index.module.apply.resourcesUnion.entity.ResourcesUnion#7116], EntityKey[j.index.module.apply.resourcesUnion.entity.ResourcesUnion#7115], EntityKey[j.index.module.apply.resourcesUnion.entity.ResourcesUnion#7118], EntityKey[j.index.module.apply.resourcesUnion.entity.ResourcesUnion#7117], EntityKey[j.index.module.apply.resourcesUnion.entity.ResourcesUnion#7120], EntityKey[j.index.module.apply.resourcesUnion.entity.ResourcesUnion#7119], EntityKey[j.index.module.apply.resourcesUnion.entity.ResourcesUnion#7122], EntityKey[j.index.module.apply.resourcesUnion.entity.ResourcesUnion#7121], EntityKey[j.index.module.apply.resourcesUnion.entity.ResourcesUnion#7173], EntityKey[j.index.module.apply.resourcesUnion.entity.ResourcesUnion#7174], EntityKey[j.index.module.apply.resourcesUnion.entity.ResourcesUnion#7171], EntityKey[j.index.module.apply.resourcesUnion.entity.ResourcesUnion#7172], EntityKey[j.index.module.apply.resourcesUnion.entity.ResourcesUnion#7177], EntityKey[j.index.module.apply.resourcesUnion.entity.ResourcesUnion#7178], EntityKey[j.index.module.apply.resourcesUnion.entity.ResourcesUnion#7175], EntityKey[j.index.module.apply.resourcesUnion.entity.ResourcesUnion#7176], EntityKey[j.index.module.apply.resourcesUnion.entity.ResourcesUnion#7165], EntityKey[j.index.module.apply.resourcesUnion.entity.ResourcesUnion#7166], EntityKey[j.index.module.apply.resourcesUnion.entity.ResourcesUnion#7163], EntityKey[j.index.module.apply.resourcesUnion.entity.ResourcesUnion#7164], EntityKey[j.index.module.apply.resourcesUnion.entity.ResourcesUnion#7169], EntityKey[j.index.module.apply.resourcesUnion.entity.ResourcesUnion#7170], EntityKey[j.index.module.apply.resourcesUnion.entity.ResourcesUnion#7167], EntityKey[j.index.module.apply.resourcesUnion.entity.ResourcesUnion#7168], EntityKey[j.index.module.apply.resourcesUnion.entity.ResourcesUnion#7158], EntityKey[j.index.module.apply.resourcesUnion.entity.ResourcesUnion#7157], EntityKey[j.index.module.apply.resourcesUnion.entity.ResourcesUnion#7156], EntityKey[j.index.module.apply.resourcesUnion.entity.ResourcesUnion#7155], EntityKey[j.index.module.apply.resourcesUnion.entity.ResourcesUnion#7162], EntityKey[j.index.module.apply.resourcesUnion.entity.ResourcesUnion#7161], EntityKey[j.index.module.apply.resourcesUnion.entity.ResourcesUnion#7160], EntityKey[j.index.module.apply.resourcesUnion.entity.ResourcesUnion#7159], EntityKey[j.index.module.apply.resourcesUnion.entity.ResourcesUnion#7150], EntityKey[j.index.module.apply.resourcesUnion.entity.ResourcesUnion#7149], EntityKey[j.index.module.apply.resourcesUnion.entity.ResourcesUnion#7148], EntityKey[j.index.module.apply.resourcesUnion.entity.ResourcesUnion#7147], EntityKey[j.index.module.apply.resourcesUnion.entity.ResourcesUnion#7154], EntityKey[j.index.module.apply.resourcesUnion.entity.ResourcesUnion#7153], EntityKey[j.index.module.apply.resourcesUnion.entity.ResourcesUnion#7152], EntityKey[j.index.module.apply.resourcesUnion.entity.ResourcesUnion#7151], EntityKey[j.index.module.apply.resourcesUnion.entity.ResourcesUnion#7079], EntityKey[j.index.module.apply.resourcesUnion.entity.ResourcesUnion#7080], EntityKey[j.index.module.apply.resourcesUnion.entity.ResourcesUnion#7081], EntityKey[j.index.module.apply.resourcesUnion.entity.ResourcesUnion#7082], EntityKey[j.index.module.apply.resourcesUnion.entity.ResourcesUnion#7075], EntityKey[j.index.module.apply.resourcesUnion.entity.ResourcesUnion#7076], EntityKey[j.index.module.apply.resourcesUnion.entity.ResourcesUnion#7077], EntityKey[j.index.module.apply.resourcesUnion.entity.ResourcesUnion#7078], EntityKey[j.index.module.apply.resourcesUnion.entity.ResourcesUnion#7071], EntityKey[j.index.module.apply.resourcesUnion.entity.ResourcesUnion#7072], EntityKey[j.index.module.apply.resourcesUnion.entity.ResourcesUnion#7073], EntityKey[j.index.module.apply.resourcesUnion.entity.ResourcesUnion#7074], EntityKey[j.index.module.apply.resourcesUnion.entity.ResourcesUnion#7067], EntityKey[j.index.module.apply.resourcesUnion.entity.ResourcesUnion#7068], EntityKey[j.index.module.apply.resourcesUnion.entity.ResourcesUnion#7069], EntityKey[j.index.module.apply.resourcesUnion.entity.ResourcesUnion#7070], EntityKey[j.index.module.apply.resourcesUnion.entity.ResourcesUnion#7064], EntityKey[j.index.module.apply.resourcesUnion.entity.ResourcesUnion#7063], EntityKey[j.index.module.apply.resourcesUnion.entity.ResourcesUnion#7066], EntityKey[j.index.module.apply.resourcesUnion.entity.ResourcesUnion#7065], EntityKey[j.index.module.apply.resourcesUnion.entity.ResourcesUnion#7060], EntityKey[j.index.module.apply.resourcesUnion.entity.ResourcesUnion#7059], EntityKey[j.index.module.apply.resourcesUnion.entity.ResourcesUnion#7062], EntityKey[j.index.module.apply.resourcesUnion.entity.ResourcesUnion#7061], EntityKey[j.index.module.apply.resourcesUnion.entity.ResourcesUnion#7056], EntityKey[j.index.module.apply.resourcesUnion.entity.ResourcesUnion#7055], EntityKey[j.index.module.apply.resourcesUnion.entity.ResourcesUnion#7058], EntityKey[j.index.module.apply.resourcesUnion.entity.ResourcesUnion#7057], EntityKey[j.index.module.apply.resourcesUnion.entity.ResourcesUnion#7052], EntityKey[j.index.module.apply.resourcesUnion.entity.ResourcesUnion#7051], EntityKey[j.index.module.apply.resourcesUnion.entity.ResourcesUnion#7054], EntityKey[j.index.module.apply.resourcesUnion.entity.ResourcesUnion#7053], EntityKey[j.index.module.apply.resourcesUnion.entity.ResourcesUnion#7113], EntityKey[j.index.module.apply.resourcesUnion.entity.ResourcesUnion#7114], EntityKey[j.index.module.apply.resourcesUnion.entity.ResourcesUnion#7111], EntityKey[j.index.module.apply.resourcesUnion.entity.ResourcesUnion#7112], EntityKey[j.index.module.apply.resourcesUnion.entity.ResourcesUnion#7109], EntityKey[j.index.module.apply.resourcesUnion.entity.ResourcesUnion#7110], EntityKey[j.index.module.apply.resourcesUnion.entity.ResourcesUnion#7107], EntityKey[j.index.module.apply.resourcesUnion.entity.ResourcesUnion#7108], EntityKey[j.index.module.apply.resourcesUnion.entity.ResourcesUnion#7105], EntityKey[j.index.module.apply.resourcesUnion.entity.ResourcesUnion#7106], EntityKey[j.index.module.apply.resourcesUnion.entity.ResourcesUnion#7103], EntityKey[j.index.module.apply.resourcesUnion.entity.ResourcesUnion#7104], EntityKey[j.index.module.apply.resourcesUnion.entity.ResourcesUnion#7101], EntityKey[j.index.module.apply.resourcesUnion.entity.ResourcesUnion#7102], EntityKey[j.index.module.apply.resourcesUnion.entity.ResourcesUnion#7099], EntityKey[j.index.module.apply.resourcesUnion.entity.ResourcesUnion#7100], EntityKey[j.index.module.apply.resourcesUnion.entity.ResourcesUnion#7098], EntityKey[j.index.module.apply.resourcesUnion.entity.ResourcesUnion#7097], EntityKey[j.index.module.apply.resourcesUnion.entity.ResourcesUnion#7096], EntityKey[j.index.module.apply.resourcesUnion.entity.ResourcesUnion#7095], EntityKey[j.index.module.apply.resourcesUnion.entity.ResourcesUnion#7094], EntityKey[j.index.module.apply.resourcesUnion.entity.ResourcesUnion#7093], EntityKey[j.index.module.apply.resourcesUnion.entity.ResourcesUnion#7092], EntityKey[j.index.module.apply.resourcesUnion.entity.ResourcesUnion#7091], EntityKey[j.index.module.apply.resourcesUnion.entity.ResourcesUnion#7090], EntityKey[j.index.module.apply.resourcesUnion.entity.ResourcesUnion#7089], EntityKey[j.index.module.apply.resourcesUnion.entity.ResourcesUnion#7088], EntityKey[j.index.module.apply.resourcesUnion.entity.ResourcesUnion#7087], EntityKey[j.index.module.apply.resourcesUnion.entity.ResourcesUnion#7086], EntityKey[j.index.module.apply.resourcesUnion.entity.ResourcesUnion#7085], EntityKey[j.index.module.apply.resourcesUnion.entity.ResourcesUnion#7084], EntityKey[j.index.module.apply.resourcesUnion.entity.ResourcesUnion#7083], EntityKey[j.index.module.apply.resourcesUnion.entity.ResourcesUnion#8171], EntityKey[j.index.module.apply.resourcesUnion.entity.ResourcesUnion#8172], EntityKey[j.index.module.apply.resourcesUnion.entity.ResourcesUnion#8173], EntityKey[j.index.module.apply.resourcesUnion.entity.ResourcesUnion#8174], EntityKey[j.index.module.apply.resourcesUnion.entity.ResourcesUnion#8175], EntityKey[j.index.module.apply.resourcesUnion.entity.ResourcesUnion#8176], EntityKey[j.index.module.apply.resourcesUnion.entity.ResourcesUnion#8177], EntityKey[j.index.module.apply.resourcesUnion.entity.ResourcesUnion#8178], EntityKey[j.index.module.apply.resourcesUnion.entity.ResourcesUnion#8179], EntityKey[j.index.module.apply.resourcesUnion.entity.ResourcesUnion#8180], EntityKey[j.index.module.apply.resourcesUnion.entity.ResourcesUnion#8181], EntityKey[j.index.module.apply.resourcesUnion.entity.ResourcesUnion#8182], EntityKey[j.index.module.apply.resourcesUnion.entity.ResourcesUnion#8183], EntityKey[j.index.module.apply.resourcesUnion.entity.ResourcesUnion#8184], EntityKey[j.index.module.apply.resourcesUnion.entity.ResourcesUnion#8185], EntityKey[j.index.module.apply.resourcesUnion.entity.ResourcesUnion#8186], EntityKey[j.index.module.apply.resourcesUnion.entity.ResourcesUnion#8188], EntityKey[j.index.module.apply.resourcesUnion.entity.ResourcesUnion#8187], EntityKey[j.index.module.apply.resourcesUnion.entity.ResourcesUnion#8190], EntityKey[j.index.module.apply.resourcesUnion.entity.ResourcesUnion#8189], EntityKey[j.index.module.apply.resourcesUnion.entity.ResourcesUnion#8192], EntityKey[j.index.module.apply.resourcesUnion.entity.ResourcesUnion#8191], EntityKey[j.index.module.apply.resourcesUnion.entity.ResourcesUnion#8194], EntityKey[j.index.module.apply.resourcesUnion.entity.ResourcesUnion#8193], EntityKey[j.index.module.apply.resourcesUnion.entity.ResourcesUnion#8196], EntityKey[j.index.module.apply.resourcesUnion.entity.ResourcesUnion#8195], EntityKey[j.index.module.apply.resourcesUnion.entity.ResourcesUnion#8198], EntityKey[j.index.module.apply.resourcesUnion.entity.ResourcesUnion#8197], EntityKey[j.index.module.apply.resourcesUnion.entity.ResourcesUnion#8200], EntityKey[j.index.module.apply.resourcesUnion.entity.ResourcesUnion#8199], EntityKey[j.index.module.apply.resourcesUnion.entity.ResourcesUnion#8202], EntityKey[j.index.module.apply.resourcesUnion.entity.ResourcesUnion#8201], EntityKey[j.index.module.apply.resourcesUnion.entity.ResourcesUnion#8141], EntityKey[j.index.module.apply.resourcesUnion.entity.ResourcesUnion#8142], EntityKey[j.index.module.apply.resourcesUnion.entity.ResourcesUnion#8139], EntityKey[j.index.module.apply.resourcesUnion.entity.ResourcesUnion#8140], EntityKey[j.index.module.apply.resourcesUnion.entity.ResourcesUnion#8145], EntityKey[j.index.module.apply.resourcesUnion.entity.ResourcesUnion#8146], EntityKey[j.index.module.apply.resourcesUnion.entity.ResourcesUnion#8143], EntityKey[j.index.module.apply.resourcesUnion.entity.ResourcesUnion#8144], EntityKey[j.index.module.apply.resourcesUnion.entity.ResourcesUnion#8149], EntityKey[j.index.module.apply.resourcesUnion.entity.ResourcesUnion#8150], EntityKey[j.index.module.apply.resourcesUnion.entity.ResourcesUnion#8147], EntityKey[j.index.module.apply.resourcesUnion.entity.ResourcesUnion#8148], EntityKey[j.index.module.apply.resourcesUnion.entity.ResourcesUnion#8153], EntityKey[j.index.module.apply.resourcesUnion.entity.ResourcesUnion#8154], EntityKey[j.index.module.apply.resourcesUnion.entity.ResourcesUnion#8151], EntityKey[j.index.module.apply.resourcesUnion.entity.ResourcesUnion#8152], EntityKey[j.index.module.apply.resourcesUnion.entity.ResourcesUnion#8158], EntityKey[j.index.module.apply.resourcesUnion.entity.ResourcesUnion#8157], EntityKey[j.index.module.apply.resourcesUnion.entity.ResourcesUnion#8156], EntityKey[j.index.module.apply.resourcesUnion.entity.ResourcesUnion#8155], EntityKey[j.index.module.apply.resourcesUnion.entity.ResourcesUnion#8162], EntityKey[j.index.module.apply.resourcesUnion.entity.ResourcesUnion#8161], EntityKey[j.index.module.apply.resourcesUnion.entity.ResourcesUnion#8160], EntityKey[j.index.module.apply.resourcesUnion.entity.ResourcesUnion#8159], EntityKey[j.index.module.apply.resourcesUnion.entity.ResourcesUnion#8166], EntityKey[j.index.module.apply.resourcesUnion.entity.ResourcesUnion#8165], EntityKey[j.index.module.apply.resourcesUnion.entity.ResourcesUnion#8164], EntityKey[j.index.module.apply.resourcesUnion.entity.ResourcesUnion#8163], EntityKey[j.index.module.apply.resourcesUnion.entity.ResourcesUnion#8170], EntityKey[j.index.module.apply.resourcesUnion.entity.ResourcesUnion#8169], EntityKey[j.index.module.apply.resourcesUnion.entity.ResourcesUnion#8168], EntityKey[j.index.module.apply.resourcesUnion.entity.ResourcesUnion#8167], EntityKey[j.index.module.apply.resourcesUnion.entity.ResourcesUnion#8111], EntityKey[j.index.module.apply.resourcesUnion.entity.ResourcesUnion#8112], EntityKey[j.index.module.apply.resourcesUnion.entity.ResourcesUnion#8113], EntityKey[j.index.module.apply.resourcesUnion.entity.ResourcesUnion#8114], EntityKey[j.index.module.apply.resourcesUnion.entity.ResourcesUnion#8107], EntityKey[j.index.module.apply.resourcesUnion.entity.ResourcesUnion#8108], EntityKey[j.index.module.apply.resourcesUnion.entity.ResourcesUnion#8109], EntityKey[j.index.module.apply.resourcesUnion.entity.ResourcesUnion#8110], EntityKey[j.index.module.apply.resourcesUnion.entity.ResourcesUnion#8119], EntityKey[j.index.module.apply.resourcesUnion.entity.ResourcesUnion#8120], EntityKey[j.index.module.apply.resourcesUnion.entity.ResourcesUnion#8121], EntityKey[j.index.module.apply.resourcesUnion.entity.ResourcesUnion#8122], EntityKey[j.index.module.apply.resourcesUnion.entity.ResourcesUnion#8115], EntityKey[j.index.module.apply.resourcesUnion.entity.ResourcesUnion#8116], EntityKey[j.index.module.apply.resourcesUnion.entity.ResourcesUnion#8117], EntityKey[j.index.module.apply.resourcesUnion.entity.ResourcesUnion#8118], EntityKey[j.index.module.apply.resourcesUnion.entity.ResourcesUnion#8128], EntityKey[j.index.module.apply.resourcesUnion.entity.ResourcesUnion#8127], EntityKey[j.index.module.apply.resourcesUnion.entity.ResourcesUnion#8130], EntityKey[j.index.module.apply.resourcesUnion.entity.ResourcesUnion#8129], EntityKey[j.index.module.apply.resourcesUnion.entity.ResourcesUnion#8124], EntityKey[j.index.module.apply.resourcesUnion.entity.ResourcesUnion#8123], EntityKey[j.index.module.apply.resourcesUnion.entity.ResourcesUnion#8126], EntityKey[j.index.module.apply.resourcesUnion.entity.ResourcesUnion#8125], EntityKey[j.index.module.apply.resourcesUnion.entity.ResourcesUnion#8136], EntityKey[j.index.module.apply.resourcesUnion.entity.ResourcesUnion#8135], EntityKey[j.index.module.apply.resourcesUnion.entity.ResourcesUnion#8138], EntityKey[j.index.module.apply.resourcesUnion.entity.ResourcesUnion#8137], EntityKey[j.index.module.apply.resourcesUnion.entity.ResourcesUnion#8132], EntityKey[j.index.module.apply.resourcesUnion.entity.ResourcesUnion#8131], EntityKey[j.index.module.apply.resourcesUnion.entity.ResourcesUnion#8134], EntityKey[j.index.module.apply.resourcesUnion.entity.ResourcesUnion#8133], EntityKey[j.index.module.apply.resourcesUnion.entity.ResourcesUnion#8081], EntityKey[j.index.module.apply.resourcesUnion.entity.ResourcesUnion#8082], EntityKey[j.index.module.apply.resourcesUnion.entity.ResourcesUnion#8079], EntityKey[j.index.module.apply.resourcesUnion.entity.ResourcesUnion#8080], EntityKey[j.index.module.apply.resourcesUnion.entity.ResourcesUnion#8077], EntityKey[j.index.module.apply.resourcesUnion.entity.ResourcesUnion#8078], EntityKey[j.index.module.apply.resourcesUnion.entity.ResourcesUnion#8075], EntityKey[j.index.module.apply.resourcesUnion.entity.ResourcesUnion#8076], EntityKey[j.index.module.apply.resourcesUnion.entity.ResourcesUnion#8089], EntityKey[j.index.module.apply.resourcesUnion.entity.ResourcesUnion#8090], EntityKey[j.index.module.apply.resourcesUnion.entity.ResourcesUnion#8087], EntityKey[j.index.module.apply.resourcesUnion.entity.ResourcesUnion#8088], EntityKey[j.index.module.apply.resourcesUnion.entity.ResourcesUnion#8085], EntityKey[j.index.module.apply.resourcesUnion.entity.ResourcesUnion#8086], EntityKey[j.index.module.apply.resourcesUnion.entity.ResourcesUnion#8083], EntityKey[j.index.module.apply.resourcesUnion.entity.ResourcesUnion#8084], EntityKey[j.index.module.apply.resourcesUnion.entity.ResourcesUnion#8098], EntityKey[j.index.module.apply.resourcesUnion.entity.ResourcesUnion#8097], EntityKey[j.index.module.apply.resourcesUnion.entity.ResourcesUnion#8096], EntityKey[j.index.module.apply.resourcesUnion.entity.ResourcesUnion#8095], EntityKey[j.index.module.apply.resourcesUnion.entity.ResourcesUnion#8094], EntityKey[j.index.module.apply.resourcesUnion.entity.ResourcesUnion#8093], EntityKey[j.index.module.apply.resourcesUnion.entity.ResourcesUnion#8092], EntityKey[j.index.module.apply.resourcesUnion.entity.ResourcesUnion#8091], EntityKey[j.index.module.apply.resourcesUnion.entity.ResourcesUnion#8106], EntityKey[j.index.module.apply.resourcesUnion.entity.ResourcesUnion#8105], EntityKey[j.index.module.apply.resourcesUnion.entity.ResourcesUnion#8104], EntityKey[j.index.module.apply.resourcesUnion.entity.ResourcesUnion#8103], EntityKey[j.index.module.apply.resourcesUnion.entity.ResourcesUnion#8102], EntityKey[j.index.module.apply.resourcesUnion.entity.ResourcesUnion#8101], EntityKey[j.index.module.apply.resourcesUnion.entity.ResourcesUnion#8100], EntityKey[j.index.module.apply.resourcesUnion.entity.ResourcesUnion#8099], EntityKey[j.index.module.apply.resourcesUnion.entity.ResourcesUnion#8308], EntityKey[j.index.module.apply.resourcesUnion.entity.ResourcesUnion#8307], EntityKey[j.index.module.apply.resourcesUnion.entity.ResourcesUnion#8310], EntityKey[j.index.module.apply.resourcesUnion.entity.ResourcesUnion#8309], EntityKey[j.index.module.apply.resourcesUnion.entity.ResourcesUnion#8312], EntityKey[j.index.module.apply.resourcesUnion.entity.ResourcesUnion#8311], EntityKey[j.index.module.apply.resourcesUnion.entity.ResourcesUnion#8314], EntityKey[j.index.module.apply.resourcesUnion.entity.ResourcesUnion#8313], EntityKey[j.index.module.apply.resourcesUnion.entity.ResourcesUnion#8300], EntityKey[j.index.module.apply.resourcesUnion.entity.ResourcesUnion#8299], EntityKey[j.index.module.apply.resourcesUnion.entity.ResourcesUnion#8302], EntityKey[j.index.module.apply.resourcesUnion.entity.ResourcesUnion#8301], EntityKey[j.index.module.apply.resourcesUnion.entity.ResourcesUnion#8304], EntityKey[j.index.module.apply.resourcesUnion.entity.ResourcesUnion#8303], EntityKey[j.index.module.apply.resourcesUnion.entity.ResourcesUnion#8306], EntityKey[j.index.module.apply.resourcesUnion.entity.ResourcesUnion#8305], EntityKey[j.index.module.apply.resourcesUnion.entity.ResourcesUnion#8323], EntityKey[j.index.module.apply.resourcesUnion.entity.ResourcesUnion#8324], EntityKey[j.index.module.apply.resourcesUnion.entity.ResourcesUnion#8325], EntityKey[j.index.module.apply.resourcesUnion.entity.ResourcesUnion#8326], EntityKey[j.index.module.apply.resourcesUnion.entity.ResourcesUnion#8327], EntityKey[j.index.module.apply.resourcesUnion.entity.ResourcesUnion#8328], EntityKey[j.index.module.apply.resourcesUnion.entity.ResourcesUnion#8329], EntityKey[j.index.module.apply.resourcesUnion.entity.ResourcesUnion#8330], EntityKey[j.index.module.apply.resourcesUnion.entity.ResourcesUnion#8315], EntityKey[j.index.module.apply.resourcesUnion.entity.ResourcesUnion#8316], EntityKey[j.index.module.apply.resourcesUnion.entity.ResourcesUnion#8317], EntityKey[j.index.module.apply.resourcesUnion.entity.ResourcesUnion#8318], EntityKey[j.index.module.apply.resourcesUnion.entity.ResourcesUnion#8319], EntityKey[j.index.module.apply.resourcesUnion.entity.ResourcesUnion#8320], EntityKey[j.index.module.apply.resourcesUnion.entity.ResourcesUnion#8321], EntityKey[j.index.module.apply.resourcesUnion.entity.ResourcesUnion#8322], EntityKey[j.index.module.apply.resourcesUnion.entity.ResourcesUnion#8278], EntityKey[j.index.module.apply.resourcesUnion.entity.ResourcesUnion#8277], EntityKey[j.index.module.apply.resourcesUnion.entity.ResourcesUnion#8276], EntityKey[j.index.module.apply.resourcesUnion.entity.ResourcesUnion#8275], EntityKey[j.index.module.apply.resourcesUnion.entity.ResourcesUnion#8282], EntityKey[j.index.module.apply.resourcesUnion.entity.ResourcesUnion#8281], EntityKey[j.index.module.apply.resourcesUnion.entity.ResourcesUnion#8280], EntityKey[j.index.module.apply.resourcesUnion.entity.ResourcesUnion#8279], EntityKey[j.index.module.apply.resourcesUnion.entity.ResourcesUnion#8270], EntityKey[j.index.module.apply.resourcesUnion.entity.ResourcesUnion#8269], EntityKey[j.index.module.apply.resourcesUnion.entity.ResourcesUnion#8268], EntityKey[j.index.module.apply.resourcesUnion.entity.ResourcesUnion#8267], EntityKey[j.index.module.apply.resourcesUnion.entity.ResourcesUnion#8274], EntityKey[j.index.module.apply.resourcesUnion.entity.ResourcesUnion#8273], EntityKey[j.index.module.apply.resourcesUnion.entity.ResourcesUnion#8272], EntityKey[j.index.module.apply.resourcesUnion.entity.ResourcesUnion#8271], EntityKey[j.index.module.apply.resourcesUnion.entity.ResourcesUnion#8293], EntityKey[j.index.module.apply.resourcesUnion.entity.ResourcesUnion#8294], EntityKey[j.index.module.apply.resourcesUnion.entity.ResourcesUnion#8291], EntityKey[j.index.module.apply.resourcesUnion.entity.ResourcesUnion#8292], EntityKey[j.index.module.apply.resourcesUnion.entity.ResourcesUnion#8297], EntityKey[j.index.module.apply.resourcesUnion.entity.ResourcesUnion#8298], EntityKey[j.index.module.apply.resourcesUnion.entity.ResourcesUnion#8295], EntityKey[j.index.module.apply.resourcesUnion.entity.ResourcesUnion#8296], EntityKey[j.index.module.apply.resourcesUnion.entity.ResourcesUnion#8285], EntityKey[j.index.module.apply.resourcesUnion.entity.ResourcesUnion#8286], EntityKey[j.index.module.apply.resourcesUnion.entity.ResourcesUnion#8283], EntityKey[j.index.module.apply.resourcesUnion.entity.ResourcesUnion#8284], EntityKey[j.index.module.apply.resourcesUnion.entity.ResourcesUnion#8289], EntityKey[j.index.module.apply.resourcesUnion.entity.ResourcesUnion#8290], EntityKey[j.index.module.apply.resourcesUnion.entity.ResourcesUnion#8287], EntityKey[j.index.module.apply.resourcesUnion.entity.ResourcesUnion#8288], EntityKey[j.index.module.apply.resourcesUnion.entity.ResourcesUnion#8248], EntityKey[j.index.module.apply.resourcesUnion.entity.ResourcesUnion#8247], EntityKey[j.index.module.apply.resourcesUnion.entity.ResourcesUnion#8250], EntityKey[j.index.module.apply.resourcesUnion.entity.ResourcesUnion#8249], EntityKey[j.index.module.apply.resourcesUnion.entity.ResourcesUnion#8244], EntityKey[j.index.module.apply.resourcesUnion.entity.ResourcesUnion#8243], EntityKey[j.index.module.apply.resourcesUnion.entity.ResourcesUnion#8246], EntityKey[j.index.module.apply.resourcesUnion.entity.ResourcesUnion#8245], EntityKey[j.index.module.apply.resourcesUnion.entity.ResourcesUnion#8240], EntityKey[j.index.module.apply.resourcesUnion.entity.ResourcesUnion#8239], EntityKey[j.index.module.apply.resourcesUnion.entity.ResourcesUnion#8242], EntityKey[j.index.module.apply.resourcesUnion.entity.ResourcesUnion#8241], EntityKey[j.index.module.apply.resourcesUnion.entity.ResourcesUnion#8236], EntityKey[j.index.module.apply.resourcesUnion.entity.ResourcesUnion#8235], EntityKey[j.index.module.apply.resourcesUnion.entity.ResourcesUnion#8238], EntityKey[j.index.module.apply.resourcesUnion.entity.ResourcesUnion#8237], EntityKey[j.index.module.apply.resourcesUnion.entity.ResourcesUnion#8263], EntityKey[j.index.module.apply.resourcesUnion.entity.ResourcesUnion#8264], EntityKey[j.index.module.apply.resourcesUnion.entity.ResourcesUnion#8265], EntityKey[j.index.module.apply.resourcesUnion.entity.ResourcesUnion#8266], EntityKey[j.index.module.apply.resourcesUnion.entity.ResourcesUnion#8259], EntityKey[j.index.module.apply.resourcesUnion.entity.ResourcesUnion#8260], EntityKey[j.index.module.apply.resourcesUnion.entity.ResourcesUnion#8261], EntityKey[j.index.module.apply.resourcesUnion.entity.ResourcesUnion#8262], EntityKey[j.index.module.apply.resourcesUnion.entity.ResourcesUnion#8255], EntityKey[j.index.module.apply.resourcesUnion.entity.ResourcesUnion#8256], EntityKey[j.index.module.apply.resourcesUnion.entity.ResourcesUnion#8257], EntityKey[j.index.module.apply.resourcesUnion.entity.ResourcesUnion#8258], EntityKey[j.index.module.apply.resourcesUnion.entity.ResourcesUnion#8251], EntityKey[j.index.module.apply.resourcesUnion.entity.ResourcesUnion#8252], EntityKey[j.index.module.apply.resourcesUnion.entity.ResourcesUnion#8253], EntityKey[j.index.module.apply.resourcesUnion.entity.ResourcesUnion#8254], EntityKey[j.index.module.apply.resourcesUnion.entity.ResourcesUnion#8218], EntityKey[j.index.module.apply.resourcesUnion.entity.ResourcesUnion#8217], EntityKey[j.index.module.apply.resourcesUnion.entity.ResourcesUnion#8216], EntityKey[j.index.module.apply.resourcesUnion.entity.ResourcesUnion#8215], EntityKey[j.index.module.apply.resourcesUnion.entity.ResourcesUnion#8214], EntityKey[j.index.module.apply.resourcesUnion.entity.ResourcesUnion#8213], EntityKey[j.index.module.apply.resourcesUnion.entity.ResourcesUnion#8212], EntityKey[j.index.module.apply.resourcesUnion.entity.ResourcesUnion#8211], EntityKey[j.index.module.apply.resourcesUnion.entity.ResourcesUnion#8210], EntityKey[j.index.module.apply.resourcesUnion.entity.ResourcesUnion#8209], EntityKey[j.index.module.apply.resourcesUnion.entity.ResourcesUnion#8208], EntityKey[j.index.module.apply.resourcesUnion.entity.ResourcesUnion#8207], EntityKey[j.index.module.apply.resourcesUnion.entity.ResourcesUnion#8206], EntityKey[j.index.module.apply.resourcesUnion.entity.ResourcesUnion#8205], EntityKey[j.index.module.apply.resourcesUnion.entity.ResourcesUnion#8204], EntityKey[j.index.module.apply.resourcesUnion.entity.ResourcesUnion#8203], EntityKey[j.index.module.apply.resourcesUnion.entity.ResourcesUnion#8233], EntityKey[j.index.module.apply.resourcesUnion.entity.ResourcesUnion#8234], EntityKey[j.index.module.apply.resourcesUnion.entity.ResourcesUnion#8231], EntityKey[j.index.module.apply.resourcesUnion.entity.ResourcesUnion#8232], EntityKey[j.index.module.apply.resourcesUnion.entity.ResourcesUnion#8229], EntityKey[j.index.module.apply.resourcesUnion.entity.ResourcesUnion#8230], EntityKey[j.index.module.apply.resourcesUnion.entity.ResourcesUnion#8227], EntityKey[j.index.module.apply.resourcesUnion.entity.ResourcesUnion#8228], EntityKey[j.index.module.apply.resourcesUnion.entity.ResourcesUnion#8225], EntityKey[j.index.module.apply.resourcesUnion.entity.ResourcesUnion#8226], EntityKey[j.index.module.apply.resourcesUnion.entity.ResourcesUnion#8223], EntityKey[j.index.module.apply.resourcesUnion.entity.ResourcesUnion#8224], EntityKey[j.index.module.apply.resourcesUnion.entity.ResourcesUnion#8221], EntityKey[j.index.module.apply.resourcesUnion.entity.ResourcesUnion#8222], EntityKey[j.index.module.apply.resourcesUnion.entity.ResourcesUnion#8219], EntityKey[j.index.module.apply.resourcesUnion.entity.ResourcesUnion#8220], EntityKey[j.index.module.apply.resourcesUnion.entity.ResourcesUnion#8446], EntityKey[j.index.module.apply.resourcesUnion.entity.ResourcesUnion#8445], EntityKey[j.index.module.apply.resourcesUnion.entity.ResourcesUnion#8444], EntityKey[j.index.module.apply.resourcesUnion.entity.ResourcesUnion#8443], EntityKey[j.index.module.apply.resourcesUnion.entity.ResourcesUnion#8450], EntityKey[j.index.module.apply.resourcesUnion.entity.ResourcesUnion#8449], EntityKey[j.index.module.apply.resourcesUnion.entity.ResourcesUnion#8448], EntityKey[j.index.module.apply.resourcesUnion.entity.ResourcesUnion#8447], EntityKey[j.index.module.apply.resourcesUnion.entity.ResourcesUnion#8454], EntityKey[j.index.module.apply.resourcesUnion.entity.ResourcesUnion#8453], EntityKey[j.index.module.apply.resourcesUnion.entity.ResourcesUnion#8452], EntityKey[j.index.module.apply.resourcesUnion.entity.ResourcesUnion#8451], EntityKey[j.index.module.apply.resourcesUnion.entity.ResourcesUnion#8458], EntityKey[j.index.module.apply.resourcesUnion.entity.ResourcesUnion#8457], EntityKey[j.index.module.apply.resourcesUnion.entity.ResourcesUnion#8456], EntityKey[j.index.module.apply.resourcesUnion.entity.ResourcesUnion#8455], EntityKey[j.index.module.apply.resourcesUnion.entity.ResourcesUnion#8429], EntityKey[j.index.module.apply.resourcesUnion.entity.ResourcesUnion#8430], EntityKey[j.index.module.apply.resourcesUnion.entity.ResourcesUnion#8427], EntityKey[j.index.module.apply.resourcesUnion.entity.ResourcesUnion#8428], EntityKey[j.index.module.apply.resourcesUnion.entity.ResourcesUnion#8433], EntityKey[j.index.module.apply.resourcesUnion.entity.ResourcesUnion#8434], EntityKey[j.index.module.apply.resourcesUnion.entity.ResourcesUnion#8431], EntityKey[j.index.module.apply.resourcesUnion.entity.ResourcesUnion#8432], EntityKey[j.index.module.apply.resourcesUnion.entity.ResourcesUnion#8437], EntityKey[j.index.module.apply.resourcesUnion.entity.ResourcesUnion#8438], EntityKey[j.index.module.apply.resourcesUnion.entity.ResourcesUnion#8435], EntityKey[j.index.module.apply.resourcesUnion.entity.ResourcesUnion#8436], EntityKey[j.index.module.apply.resourcesUnion.entity.ResourcesUnion#8441], EntityKey[j.index.module.apply.resourcesUnion.entity.ResourcesUnion#8442], EntityKey[j.index.module.apply.resourcesUnion.entity.ResourcesUnion#8439], EntityKey[j.index.module.apply.resourcesUnion.entity.ResourcesUnion#8440], EntityKey[j.index.module.apply.resourcesUnion.entity.ResourcesUnion#8412], EntityKey[j.index.module.apply.resourcesUnion.entity.ResourcesUnion#8411], EntityKey[j.index.module.apply.resourcesUnion.entity.ResourcesUnion#8414], EntityKey[j.index.module.apply.resourcesUnion.entity.ResourcesUnion#8413], EntityKey[j.index.module.apply.resourcesUnion.entity.ResourcesUnion#8416], EntityKey[j.index.module.apply.resourcesUnion.entity.ResourcesUnion#8415], EntityKey[j.index.module.apply.resourcesUnion.entity.ResourcesUnion#8418], EntityKey[j.index.module.apply.resourcesUnion.entity.ResourcesUnion#8417], EntityKey[j.index.module.apply.resourcesUnion.entity.ResourcesUnion#8420], EntityKey[j.index.module.apply.resourcesUnion.entity.ResourcesUnion#8419], EntityKey[j.index.module.apply.resourcesUnion.entity.ResourcesUnion#8422], EntityKey[j.index.module.apply.resourcesUnion.entity.ResourcesUnion#8421], EntityKey[j.index.module.apply.resourcesUnion.entity.ResourcesUnion#8424], EntityKey[j.index.module.apply.resourcesUnion.entity.ResourcesUnion#8423], EntityKey[j.index.module.apply.resourcesUnion.entity.ResourcesUnion#8426], EntityKey[j.index.module.apply.resourcesUnion.entity.ResourcesUnion#8425], EntityKey[j.index.module.apply.resourcesUnion.entity.ResourcesUnion#8395], EntityKey[j.index.module.apply.resourcesUnion.entity.ResourcesUnion#8396], EntityKey[j.index.module.apply.resourcesUnion.entity.ResourcesUnion#8397], EntityKey[j.index.module.apply.resourcesUnion.entity.ResourcesUnion#8398], EntityKey[j.index.module.apply.resourcesUnion.entity.ResourcesUnion#8399], EntityKey[j.index.module.apply.resourcesUnion.entity.ResourcesUnion#8400], EntityKey[j.index.module.apply.resourcesUnion.entity.ResourcesUnion#8401], EntityKey[j.index.module.apply.resourcesUnion.entity.ResourcesUnion#8402], EntityKey[j.index.module.apply.resourcesUnion.entity.ResourcesUnion#8403], EntityKey[j.index.module.apply.resourcesUnion.entity.ResourcesUnion#8404], EntityKey[j.index.module.apply.resourcesUnion.entity.ResourcesUnion#8405], EntityKey[j.index.module.apply.resourcesUnion.entity.ResourcesUnion#8406], EntityKey[j.index.module.apply.resourcesUnion.entity.ResourcesUnion#8407], EntityKey[j.index.module.apply.resourcesUnion.entity.ResourcesUnion#8408], EntityKey[j.index.module.apply.resourcesUnion.entity.ResourcesUnion#8409], EntityKey[j.index.module.apply.resourcesUnion.entity.ResourcesUnion#8410], EntityKey[j.index.module.apply.resourcesUnion.entity.ResourcesUnion#8386], EntityKey[j.index.module.apply.resourcesUnion.entity.ResourcesUnion#8385], EntityKey[j.index.module.apply.resourcesUnion.entity.ResourcesUnion#8384], EntityKey[j.index.module.apply.resourcesUnion.entity.ResourcesUnion#8383], EntityKey[j.index.module.apply.resourcesUnion.entity.ResourcesUnion#8382], EntityKey[j.index.module.apply.resourcesUnion.entity.ResourcesUnion#8381], EntityKey[j.index.module.apply.resourcesUnion.entity.ResourcesUnion#8380], EntityKey[j.index.module.apply.resourcesUnion.entity.ResourcesUnion#8379], EntityKey[j.index.module.apply.resourcesUnion.entity.ResourcesUnion#8394], EntityKey[j.index.module.apply.resourcesUnion.entity.ResourcesUnion#8393], EntityKey[j.index.module.apply.resourcesUnion.entity.ResourcesUnion#8392], EntityKey[j.index.module.apply.resourcesUnion.entity.ResourcesUnion#8391], EntityKey[j.index.module.apply.resourcesUnion.entity.ResourcesUnion#8390], EntityKey[j.index.module.apply.resourcesUnion.entity.ResourcesUnion#8389], EntityKey[j.index.module.apply.resourcesUnion.entity.ResourcesUnion#8388], EntityKey[j.index.module.apply.resourcesUnion.entity.ResourcesUnion#8387], EntityKey[j.index.module.apply.resourcesUnion.entity.ResourcesUnion#8369], EntityKey[j.index.module.apply.resourcesUnion.entity.ResourcesUnion#8370], EntityKey[j.index.module.apply.resourcesUnion.entity.ResourcesUnion#8367], EntityKey[j.index.module.apply.resourcesUnion.entity.ResourcesUnion#8368], EntityKey[j.index.module.apply.resourcesUnion.entity.ResourcesUnion#8365], EntityKey[j.index.module.apply.resourcesUnion.entity.ResourcesUnion#8366], EntityKey[j.index.module.apply.resourcesUnion.entity.ResourcesUnion#8363], EntityKey[j.index.module.apply.resourcesUnion.entity.ResourcesUnion#8364], EntityKey[j.index.module.apply.resourcesUnion.entity.ResourcesUnion#8377], EntityKey[j.index.module.apply.resourcesUnion.entity.ResourcesUnion#8378], EntityKey[j.index.module.apply.resourcesUnion.entity.ResourcesUnion#8375], EntityKey[j.index.module.apply.resourcesUnion.entity.ResourcesUnion#8376], EntityKey[j.index.module.apply.resourcesUnion.entity.ResourcesUnion#8373], EntityKey[j.index.module.apply.resourcesUnion.entity.ResourcesUnion#8374], EntityKey[j.index.module.apply.resourcesUnion.entity.ResourcesUnion#8371], EntityKey[j.index.module.apply.resourcesUnion.entity.ResourcesUnion#8372], EntityKey[j.index.module.apply.resourcesUnion.entity.ResourcesUnion#8352], EntityKey[j.index.module.apply.resourcesUnion.entity.ResourcesUnion#8351], EntityKey[j.index.module.apply.resourcesUnion.entity.ResourcesUnion#8354], EntityKey[j.index.module.apply.resourcesUnion.entity.ResourcesUnion#8353], EntityKey[j.index.module.apply.resourcesUnion.entity.ResourcesUnion#8348], EntityKey[j.index.module.apply.resourcesUnion.entity.ResourcesUnion#8347], EntityKey[j.index.module.apply.resourcesUnion.entity.ResourcesUnion#8350], EntityKey[j.index.module.apply.resourcesUnion.entity.ResourcesUnion#8349], EntityKey[j.index.module.apply.resourcesUnion.entity.ResourcesUnion#8360], EntityKey[j.index.module.apply.resourcesUnion.entity.ResourcesUnion#8359], EntityKey[j.index.module.apply.resourcesUnion.entity.ResourcesUnion#8362], EntityKey[j.index.module.apply.resourcesUnion.entity.ResourcesUnion#8361], EntityKey[j.index.module.apply.resourcesUnion.entity.ResourcesUnion#8356], EntityKey[j.index.module.apply.resourcesUnion.entity.ResourcesUnion#8355], EntityKey[j.index.module.apply.resourcesUnion.entity.ResourcesUnion#8358], EntityKey[j.index.module.apply.resourcesUnion.entity.ResourcesUnion#8357], EntityKey[j.index.module.apply.resourcesUnion.entity.ResourcesUnion#8335], EntityKey[j.index.module.apply.resourcesUnion.entity.ResourcesUnion#8336], EntityKey[j.index.module.apply.resourcesUnion.entity.ResourcesUnion#8337], EntityKey[j.index.module.apply.resourcesUnion.entity.ResourcesUnion#8338], EntityKey[j.index.module.apply.resourcesUnion.entity.ResourcesUnion#8331], EntityKey[j.index.module.apply.resourcesUnion.entity.ResourcesUnion#8332], EntityKey[j.index.module.apply.resourcesUnion.entity.ResourcesUnion#8333], EntityKey[j.index.module.apply.resourcesUnion.entity.ResourcesUnion#8334], EntityKey[j.index.module.apply.resourcesUnion.entity.ResourcesUnion#8343], EntityKey[j.index.module.apply.resourcesUnion.entity.ResourcesUnion#8344], EntityKey[j.index.module.apply.resourcesUnion.entity.ResourcesUnion#8345], EntityKey[j.index.module.apply.resourcesUnion.entity.ResourcesUnion#8346], EntityKey[j.index.module.apply.resourcesUnion.entity.ResourcesUnion#8339], EntityKey[j.index.module.apply.resourcesUnion.entity.ResourcesUnion#8340], EntityKey[j.index.module.apply.resourcesUnion.entity.ResourcesUnion#8341], EntityKey[j.index.module.apply.resourcesUnion.entity.ResourcesUnion#8342], EntityKey[j.index.module.apply.resourcesUnion.entity.ResourcesUnion#8581], EntityKey[j.index.module.apply.resourcesUnion.entity.ResourcesUnion#8582], EntityKey[j.index.module.apply.resourcesUnion.entity.ResourcesUnion#8579], EntityKey[j.index.module.apply.resourcesUnion.entity.ResourcesUnion#8580], EntityKey[j.index.module.apply.resourcesUnion.entity.ResourcesUnion#8585], EntityKey[j.index.module.apply.resourcesUnion.entity.ResourcesUnion#8586], EntityKey[j.index.module.apply.resourcesUnion.entity.ResourcesUnion#8583], EntityKey[j.index.module.apply.resourcesUnion.entity.ResourcesUnion#8584], EntityKey[j.index.module.apply.resourcesUnion.entity.ResourcesUnion#8573], EntityKey[j.index.module.apply.resourcesUnion.entity.ResourcesUnion#8574], EntityKey[j.index.module.apply.resourcesUnion.entity.ResourcesUnion#8571], EntityKey[j.index.module.apply.resourcesUnion.entity.ResourcesUnion#8572], EntityKey[j.index.module.apply.resourcesUnion.entity.ResourcesUnion#8577], EntityKey[j.index.module.apply.resourcesUnion.entity.ResourcesUnion#8578], EntityKey[j.index.module.apply.resourcesUnion.entity.ResourcesUnion#8575], EntityKey[j.index.module.apply.resourcesUnion.entity.ResourcesUnion#8576], EntityKey[j.index.module.apply.resourcesUnion.entity.ResourcesUnion#8566], EntityKey[j.index.module.apply.resourcesUnion.entity.ResourcesUnion#8565], EntityKey[j.index.module.apply.resourcesUnion.entity.ResourcesUnion#8564], EntityKey[j.index.module.apply.resourcesUnion.entity.ResourcesUnion#8563], EntityKey[j.index.module.apply.resourcesUnion.entity.ResourcesUnion#8570], EntityKey[j.index.module.apply.resourcesUnion.entity.ResourcesUnion#8569], EntityKey[j.index.module.apply.resourcesUnion.entity.ResourcesUnion#8568], EntityKey[j.index.module.apply.resourcesUnion.entity.ResourcesUnion#8567], EntityKey[j.index.module.apply.resourcesUnion.entity.ResourcesUnion#8558], EntityKey[j.index.module.apply.resourcesUnion.entity.ResourcesUnion#8557], EntityKey[j.index.module.apply.resourcesUnion.entity.ResourcesUnion#8556], EntityKey[j.index.module.apply.resourcesUnion.entity.ResourcesUnion#8555], EntityKey[j.index.module.apply.resourcesUnion.entity.ResourcesUnion#8562], EntityKey[j.index.module.apply.resourcesUnion.entity.ResourcesUnion#8561], EntityKey[j.index.module.apply.resourcesUnion.entity.ResourcesUnion#8560], EntityKey[j.index.module.apply.resourcesUnion.entity.ResourcesUnion#8559], EntityKey[j.index.module.apply.resourcesUnion.entity.ResourcesUnion#8547], EntityKey[j.index.module.apply.resourcesUnion.entity.ResourcesUnion#8548], EntityKey[j.index.module.apply.resourcesUnion.entity.ResourcesUnion#8549], EntityKey[j.index.module.apply.resourcesUnion.entity.ResourcesUnion#8550], EntityKey[j.index.module.apply.resourcesUnion.entity.ResourcesUnion#8551], EntityKey[j.index.module.apply.resourcesUnion.entity.ResourcesUnion#8552], EntityKey[j.index.module.apply.resourcesUnion.entity.ResourcesUnion#8553], EntityKey[j.index.module.apply.resourcesUnion.entity.ResourcesUnion#8554], EntityKey[j.index.module.apply.resourcesUnion.entity.ResourcesUnion#8539], EntityKey[j.index.module.apply.resourcesUnion.entity.ResourcesUnion#8540], EntityKey[j.index.module.apply.resourcesUnion.entity.ResourcesUnion#8541], EntityKey[j.index.module.apply.resourcesUnion.entity.ResourcesUnion#8542], EntityKey[j.index.module.apply.resourcesUnion.entity.ResourcesUnion#8543], EntityKey[j.index.module.apply.resourcesUnion.entity.ResourcesUnion#8544], EntityKey[j.index.module.apply.resourcesUnion.entity.ResourcesUnion#8545], EntityKey[j.index.module.apply.resourcesUnion.entity.ResourcesUnion#8546], EntityKey[j.index.module.apply.resourcesUnion.entity.ResourcesUnion#8532], EntityKey[j.index.module.apply.resourcesUnion.entity.ResourcesUnion#8531], EntityKey[j.index.module.apply.resourcesUnion.entity.ResourcesUnion#8534], EntityKey[j.index.module.apply.resourcesUnion.entity.ResourcesUnion#8533], EntityKey[j.index.module.apply.resourcesUnion.entity.ResourcesUnion#8536], EntityKey[j.index.module.apply.resourcesUnion.entity.ResourcesUnion#8535], EntityKey[j.index.module.apply.resourcesUnion.entity.ResourcesUnion#8538], EntityKey[j.index.module.apply.resourcesUnion.entity.ResourcesUnion#8537], EntityKey[j.index.module.apply.resourcesUnion.entity.ResourcesUnion#8524], EntityKey[j.index.module.apply.resourcesUnion.entity.ResourcesUnion#8523], EntityKey[j.index.module.apply.resourcesUnion.entity.ResourcesUnion#8526], EntityKey[j.index.module.apply.resourcesUnion.entity.ResourcesUnion#8525], EntityKey[j.index.module.apply.resourcesUnion.entity.ResourcesUnion#8528], EntityKey[j.index.module.apply.resourcesUnion.entity.ResourcesUnion#8527], EntityKey[j.index.module.apply.resourcesUnion.entity.ResourcesUnion#8530], EntityKey[j.index.module.apply.resourcesUnion.entity.ResourcesUnion#8529], EntityKey[j.index.module.apply.resourcesUnion.entity.ResourcesUnion#8521], EntityKey[j.index.module.apply.resourcesUnion.entity.ResourcesUnion#8522], EntityKey[j.index.module.apply.resourcesUnion.entity.ResourcesUnion#8519], EntityKey[j.index.module.apply.resourcesUnion.entity.ResourcesUnion#8520], EntityKey[j.index.module.apply.resourcesUnion.entity.ResourcesUnion#8517], EntityKey[j.index.module.apply.resourcesUnion.entity.ResourcesUnion#8518], EntityKey[j.index.module.apply.resourcesUnion.entity.ResourcesUnion#8515], EntityKey[j.index.module.apply.resourcesUnion.entity.ResourcesUnion#8516], EntityKey[j.index.module.apply.resourcesUnion.entity.ResourcesUnion#8513], EntityKey[j.index.module.apply.resourcesUnion.entity.ResourcesUnion#8514], EntityKey[j.index.module.apply.resourcesUnion.entity.ResourcesUnion#8511], EntityKey[j.index.module.apply.resourcesUnion.entity.ResourcesUnion#8512], EntityKey[j.index.module.apply.resourcesUnion.entity.ResourcesUnion#8509], EntityKey[j.index.module.apply.resourcesUnion.entity.ResourcesUnion#8510], EntityKey[j.index.module.apply.resourcesUnion.entity.ResourcesUnion#8507], EntityKey[j.index.module.apply.resourcesUnion.entity.ResourcesUnion#8508], EntityKey[j.index.module.apply.resourcesUnion.entity.ResourcesUnion#8506], EntityKey[j.index.module.apply.resourcesUnion.entity.ResourcesUnion#8505], EntityKey[j.index.module.apply.resourcesUnion.entity.ResourcesUnion#8504], EntityKey[j.index.module.apply.resourcesUnion.entity.ResourcesUnion#8503], EntityKey[j.index.module.apply.resourcesUnion.entity.ResourcesUnion#8502], EntityKey[j.index.module.apply.resourcesUnion.entity.ResourcesUnion#8501], EntityKey[j.index.module.apply.resourcesUnion.entity.ResourcesUnion#8500], EntityKey[j.index.module.apply.resourcesUnion.entity.ResourcesUnion#8499], EntityKey[j.index.module.apply.resourcesUnion.entity.ResourcesUnion#8498], EntityKey[j.index.module.apply.resourcesUnion.entity.ResourcesUnion#8497], EntityKey[j.index.module.apply.resourcesUnion.entity.ResourcesUnion#8496], EntityKey[j.index.module.apply.resourcesUnion.entity.ResourcesUnion#8495], EntityKey[j.index.module.apply.resourcesUnion.entity.ResourcesUnion#8494], EntityKey[j.index.module.apply.resourcesUnion.entity.ResourcesUnion#8493], EntityKey[j.index.module.apply.resourcesUnion.entity.ResourcesUnion#8492], EntityKey[j.index.module.apply.resourcesUnion.entity.ResourcesUnion#8491], EntityKey[j.index.module.apply.resourcesUnion.entity.ResourcesUnion#8487], EntityKey[j.index.module.apply.resourcesUnion.entity.ResourcesUnion#8488], EntityKey[j.index.module.apply.resourcesUnion.entity.ResourcesUnion#8489], EntityKey[j.index.module.apply.resourcesUnion.entity.ResourcesUnion#8490], EntityKey[j.index.module.apply.resourcesUnion.entity.ResourcesUnion#8483], EntityKey[j.index.module.apply.resourcesUnion.entity.ResourcesUnion#8484], EntityKey[j.index.module.apply.resourcesUnion.entity.ResourcesUnion#8485], EntityKey[j.index.module.apply.resourcesUnion.entity.ResourcesUnion#8486], EntityKey[j.index.module.apply.resourcesUnion.entity.ResourcesUnion#8479], EntityKey[j.index.module.apply.resourcesUnion.entity.ResourcesUnion#8480], EntityKey[j.index.module.apply.resourcesUnion.entity.ResourcesUnion#8481], EntityKey[j.index.module.apply.resourcesUnion.entity.ResourcesUnion#8482], EntityKey[j.index.module.apply.resourcesUnion.entity.ResourcesUnion#8475], EntityKey[j.index.module.apply.resourcesUnion.entity.ResourcesUnion#8476], EntityKey[j.index.module.apply.resourcesUnion.entity.ResourcesUnion#8477], EntityKey[j.index.module.apply.resourcesUnion.entity.ResourcesUnion#8478], EntityKey[j.index.module.apply.resourcesUnion.entity.ResourcesUnion#8472], EntityKey[j.index.module.apply.resourcesUnion.entity.ResourcesUnion#8471], EntityKey[j.index.module.apply.resourcesUnion.entity.ResourcesUnion#8474], EntityKey[j.index.module.apply.resourcesUnion.entity.ResourcesUnion#8473], EntityKey[j.index.module.apply.resourcesUnion.entity.ResourcesUnion#8468], EntityKey[j.index.module.apply.resourcesUnion.entity.ResourcesUnion#8467], EntityKey[j.index.module.apply.resourcesUnion.entity.ResourcesUnion#8470], EntityKey[j.index.module.apply.resourcesUnion.entity.ResourcesUnion#8469], EntityKey[j.index.module.apply.resourcesUnion.entity.ResourcesUnion#8464], EntityKey[j.index.module.apply.resourcesUnion.entity.ResourcesUnion#8463], EntityKey[j.index.module.apply.resourcesUnion.entity.ResourcesUnion#8466], EntityKey[j.index.module.apply.resourcesUnion.entity.ResourcesUnion#8465], EntityKey[j.index.module.apply.resourcesUnion.entity.ResourcesUnion#8460], EntityKey[j.index.module.apply.resourcesUnion.entity.ResourcesUnion#8459], EntityKey[j.index.module.apply.resourcesUnion.entity.ResourcesUnion#8462], EntityKey[j.index.module.apply.resourcesUnion.entity.ResourcesUnion#8461], EntityKey[j.index.module.apply.resourcesUnion.entity.ResourcesUnion#7633], EntityKey[j.index.module.apply.resourcesUnion.entity.ResourcesUnion#7634], EntityKey[j.index.module.apply.resourcesUnion.entity.ResourcesUnion#7631], EntityKey[j.index.module.apply.resourcesUnion.entity.ResourcesUnion#7632], EntityKey[j.index.module.apply.resourcesUnion.entity.ResourcesUnion#7629], EntityKey[j.index.module.apply.resourcesUnion.entity.ResourcesUnion#7630], EntityKey[j.index.module.apply.resourcesUnion.entity.ResourcesUnion#7627], EntityKey[j.index.module.apply.resourcesUnion.entity.ResourcesUnion#7628], EntityKey[j.index.module.apply.resourcesUnion.entity.ResourcesUnion#7641], EntityKey[j.index.module.apply.resourcesUnion.entity.ResourcesUnion#7642], EntityKey[j.index.module.apply.resourcesUnion.entity.ResourcesUnion#7639], EntityKey[j.index.module.apply.resourcesUnion.entity.ResourcesUnion#7640], EntityKey[j.index.module.apply.resourcesUnion.entity.ResourcesUnion#7637], EntityKey[j.index.module.apply.resourcesUnion.entity.ResourcesUnion#7638], EntityKey[j.index.module.apply.resourcesUnion.entity.ResourcesUnion#7635], EntityKey[j.index.module.apply.resourcesUnion.entity.ResourcesUnion#7636], EntityKey[j.index.module.apply.resourcesUnion.entity.ResourcesUnion#7650], EntityKey[j.index.module.apply.resourcesUnion.entity.ResourcesUnion#7649], EntityKey[j.index.module.apply.resourcesUnion.entity.ResourcesUnion#7648], EntityKey[j.index.module.apply.resourcesUnion.entity.ResourcesUnion#7647], EntityKey[j.index.module.apply.resourcesUnion.entity.ResourcesUnion#7646], EntityKey[j.index.module.apply.resourcesUnion.entity.ResourcesUnion#7645], EntityKey[j.index.module.apply.resourcesUnion.entity.ResourcesUnion#7644], EntityKey[j.index.module.apply.resourcesUnion.entity.ResourcesUnion#7643], EntityKey[j.index.module.apply.resourcesUnion.entity.ResourcesUnion#7658], EntityKey[j.index.module.apply.resourcesUnion.entity.ResourcesUnion#7657], EntityKey[j.index.module.apply.resourcesUnion.entity.ResourcesUnion#7656], EntityKey[j.index.module.apply.resourcesUnion.entity.ResourcesUnion#7655], EntityKey[j.index.module.apply.resourcesUnion.entity.ResourcesUnion#7654], EntityKey[j.index.module.apply.resourcesUnion.entity.ResourcesUnion#7653], EntityKey[j.index.module.apply.resourcesUnion.entity.ResourcesUnion#7652], EntityKey[j.index.module.apply.resourcesUnion.entity.ResourcesUnion#7651], EntityKey[j.index.module.apply.resourcesUnion.entity.ResourcesUnion#7663], EntityKey[j.index.module.apply.resourcesUnion.entity.ResourcesUnion#7664], EntityKey[j.index.module.apply.resourcesUnion.entity.ResourcesUnion#7665], EntityKey[j.index.module.apply.resourcesUnion.entity.ResourcesUnion#7666], EntityKey[j.index.module.apply.resourcesUnion.entity.ResourcesUnion#7659], EntityKey[j.index.module.apply.resourcesUnion.entity.ResourcesUnion#7660], EntityKey[j.index.module.apply.resourcesUnion.entity.ResourcesUnion#7661], EntityKey[j.index.module.apply.resourcesUnion.entity.ResourcesUnion#7662], EntityKey[j.index.module.apply.resourcesUnion.entity.ResourcesUnion#7671], EntityKey[j.index.module.apply.resourcesUnion.entity.ResourcesUnion#7672], EntityKey[j.index.module.apply.resourcesUnion.entity.ResourcesUnion#7673], EntityKey[j.index.module.apply.resourcesUnion.entity.ResourcesUnion#7674], EntityKey[j.index.module.apply.resourcesUnion.entity.ResourcesUnion#7667], EntityKey[j.index.module.apply.resourcesUnion.entity.ResourcesUnion#7668], EntityKey[j.index.module.apply.resourcesUnion.entity.ResourcesUnion#7669], EntityKey[j.index.module.apply.resourcesUnion.entity.ResourcesUnion#7670], EntityKey[j.index.module.apply.resourcesUnion.entity.ResourcesUnion#7680], EntityKey[j.index.module.apply.resourcesUnion.entity.ResourcesUnion#7679], EntityKey[j.index.module.apply.resourcesUnion.entity.ResourcesUnion#7682], EntityKey[j.index.module.apply.resourcesUnion.entity.ResourcesUnion#7681], EntityKey[j.index.module.apply.resourcesUnion.entity.ResourcesUnion#7676], EntityKey[j.index.module.apply.resourcesUnion.entity.ResourcesUnion#7675], EntityKey[j.index.module.apply.resourcesUnion.entity.ResourcesUnion#7678], EntityKey[j.index.module.apply.resourcesUnion.entity.ResourcesUnion#7677], EntityKey[j.index.module.apply.resourcesUnion.entity.ResourcesUnion#7688], EntityKey[j.index.module.apply.resourcesUnion.entity.ResourcesUnion#7687], EntityKey[j.index.module.apply.resourcesUnion.entity.ResourcesUnion#7690], EntityKey[j.index.module.apply.resourcesUnion.entity.ResourcesUnion#7689], EntityKey[j.index.module.apply.resourcesUnion.entity.ResourcesUnion#7684], EntityKey[j.index.module.apply.resourcesUnion.entity.ResourcesUnion#7683], EntityKey[j.index.module.apply.resourcesUnion.entity.ResourcesUnion#7686], EntityKey[j.index.module.apply.resourcesUnion.entity.ResourcesUnion#7685], EntityKey[j.index.module.apply.resourcesUnion.entity.ResourcesUnion#7565], EntityKey[j.index.module.apply.resourcesUnion.entity.ResourcesUnion#7566], EntityKey[j.index.module.apply.resourcesUnion.entity.ResourcesUnion#7563], EntityKey[j.index.module.apply.resourcesUnion.entity.ResourcesUnion#7564], EntityKey[j.index.module.apply.resourcesUnion.entity.ResourcesUnion#7569], EntityKey[j.index.module.apply.resourcesUnion.entity.ResourcesUnion#7570], EntityKey[j.index.module.apply.resourcesUnion.entity.ResourcesUnion#7567], EntityKey[j.index.module.apply.resourcesUnion.entity.ResourcesUnion#7568], EntityKey[j.index.module.apply.resourcesUnion.entity.ResourcesUnion#7573], EntityKey[j.index.module.apply.resourcesUnion.entity.ResourcesUnion#7574], EntityKey[j.index.module.apply.resourcesUnion.entity.ResourcesUnion#7571], EntityKey[j.index.module.apply.resourcesUnion.entity.ResourcesUnion#7572], EntityKey[j.index.module.apply.resourcesUnion.entity.ResourcesUnion#7577], EntityKey[j.index.module.apply.resourcesUnion.entity.ResourcesUnion#7578], EntityKey[j.index.module.apply.resourcesUnion.entity.ResourcesUnion#7575], EntityKey[j.index.module.apply.resourcesUnion.entity.ResourcesUnion#7576], EntityKey[j.index.module.apply.resourcesUnion.entity.ResourcesUnion#7582], EntityKey[j.index.module.apply.resourcesUnion.entity.ResourcesUnion#7581], EntityKey[j.index.module.apply.resourcesUnion.entity.ResourcesUnion#7580], EntityKey[j.index.module.apply.resourcesUnion.entity.ResourcesUnion#7579], EntityKey[j.index.module.apply.resourcesUnion.entity.ResourcesUnion#7586], EntityKey[j.index.module.apply.resourcesUnion.entity.ResourcesUnion#7585], EntityKey[j.index.module.apply.resourcesUnion.entity.ResourcesUnion#7584], EntityKey[j.index.module.apply.resourcesUnion.entity.ResourcesUnion#7583], EntityKey[j.index.module.apply.resourcesUnion.entity.ResourcesUnion#7590], EntityKey[j.index.module.apply.resourcesUnion.entity.ResourcesUnion#7589], EntityKey[j.index.module.apply.resourcesUnion.entity.ResourcesUnion#7588], EntityKey[j.index.module.apply.resourcesUnion.entity.ResourcesUnion#7587], EntityKey[j.index.module.apply.resourcesUnion.entity.ResourcesUnion#7594], EntityKey[j.index.module.apply.resourcesUnion.entity.ResourcesUnion#7593], EntityKey[j.index.module.apply.resourcesUnion.entity.ResourcesUnion#7592], EntityKey[j.index.module.apply.resourcesUnion.entity.ResourcesUnion#7591], EntityKey[j.index.module.apply.resourcesUnion.entity.ResourcesUnion#7595], EntityKey[j.index.module.apply.resourcesUnion.entity.ResourcesUnion#7596], EntityKey[j.index.module.apply.resourcesUnion.entity.ResourcesUnion#7597], EntityKey[j.index.module.apply.resourcesUnion.entity.ResourcesUnion#7598], EntityKey[j.index.module.apply.resourcesUnion.entity.ResourcesUnion#7599], EntityKey[j.index.module.apply.resourcesUnion.entity.ResourcesUnion#7600], EntityKey[j.index.module.apply.resourcesUnion.entity.ResourcesUnion#7601], EntityKey[j.index.module.apply.resourcesUnion.entity.ResourcesUnion#7602], EntityKey[j.index.module.apply.resourcesUnion.entity.ResourcesUnion#7603], EntityKey[j.index.module.apply.resourcesUnion.entity.ResourcesUnion#7604], EntityKey[j.index.module.apply.resourcesUnion.entity.ResourcesUnion#7605], EntityKey[j.index.module.apply.resourcesUnion.entity.ResourcesUnion#7606], EntityKey[j.index.module.apply.resourcesUnion.entity.ResourcesUnion#7607], EntityKey[j.index.module.apply.resourcesUnion.entity.ResourcesUnion#7608], EntityKey[j.index.module.apply.resourcesUnion.entity.ResourcesUnion#7609], EntityKey[j.index.module.apply.resourcesUnion.entity.ResourcesUnion#7610], EntityKey[j.index.module.apply.resourcesUnion.entity.ResourcesUnion#7612], EntityKey[j.index.module.apply.resourcesUnion.entity.ResourcesUnion#7611], EntityKey[j.index.module.apply.resourcesUnion.entity.ResourcesUnion#7614], EntityKey[j.index.module.apply.resourcesUnion.entity.ResourcesUnion#7613], EntityKey[j.index.module.apply.resourcesUnion.entity.ResourcesUnion#7616], EntityKey[j.index.module.apply.resourcesUnion.entity.ResourcesUnion#7615], EntityKey[j.index.module.apply.resourcesUnion.entity.ResourcesUnion#7618], EntityKey[j.index.module.apply.resourcesUnion.entity.ResourcesUnion#7617], EntityKey[j.index.module.apply.resourcesUnion.entity.ResourcesUnion#7620], EntityKey[j.index.module.apply.resourcesUnion.entity.ResourcesUnion#7619], EntityKey[j.index.module.apply.resourcesUnion.entity.ResourcesUnion#7622], EntityKey[j.index.module.apply.resourcesUnion.entity.ResourcesUnion#7621], EntityKey[j.index.module.apply.resourcesUnion.entity.ResourcesUnion#7624], EntityKey[j.index.module.apply.resourcesUnion.entity.ResourcesUnion#7623], EntityKey[j.index.module.apply.resourcesUnion.entity.ResourcesUnion#7626], EntityKey[j.index.module.apply.resourcesUnion.entity.ResourcesUnion#7625], EntityKey[j.index.module.apply.resourcesUnion.entity.ResourcesUnion#7770], EntityKey[j.index.module.apply.resourcesUnion.entity.ResourcesUnion#7769], EntityKey[j.index.module.apply.resourcesUnion.entity.ResourcesUnion#7768], EntityKey[j.index.module.apply.resourcesUnion.entity.ResourcesUnion#7767], EntityKey[j.index.module.apply.resourcesUnion.entity.ResourcesUnion#7766], EntityKey[j.index.module.apply.resourcesUnion.entity.ResourcesUnion#7765], EntityKey[j.index.module.apply.resourcesUnion.entity.ResourcesUnion#7764], EntityKey[j.index.module.apply.resourcesUnion.entity.ResourcesUnion#7763], EntityKey[j.index.module.apply.resourcesUnion.entity.ResourcesUnion#7762], EntityKey[j.index.module.apply.resourcesUnion.entity.ResourcesUnion#7761], EntityKey[j.index.module.apply.resourcesUnion.entity.ResourcesUnion#7760], EntityKey[j.index.module.apply.resourcesUnion.entity.ResourcesUnion#7759], EntityKey[j.index.module.apply.resourcesUnion.entity.ResourcesUnion#7758], EntityKey[j.index.module.apply.resourcesUnion.entity.ResourcesUnion#7757], EntityKey[j.index.module.apply.resourcesUnion.entity.ResourcesUnion#7756], EntityKey[j.index.module.apply.resourcesUnion.entity.ResourcesUnion#7755], EntityKey[j.index.module.apply.resourcesUnion.entity.ResourcesUnion#7785], EntityKey[j.index.module.apply.resourcesUnion.entity.ResourcesUnion#7786], EntityKey[j.index.module.apply.resourcesUnion.entity.ResourcesUnion#7783], EntityKey[j.index.module.apply.resourcesUnion.entity.ResourcesUnion#7784], EntityKey[j.index.module.apply.resourcesUnion.entity.ResourcesUnion#7781], EntityKey[j.index.module.apply.resourcesUnion.entity.ResourcesUnion#7782], EntityKey[j.index.module.apply.resourcesUnion.entity.ResourcesUnion#7779], EntityKey[j.index.module.apply.resourcesUnion.entity.ResourcesUnion#7780], EntityKey[j.index.module.apply.resourcesUnion.entity.ResourcesUnion#7777], EntityKey[j.index.module.apply.resourcesUnion.entity.ResourcesUnion#7778], EntityKey[j.index.module.apply.resourcesUnion.entity.ResourcesUnion#7775], EntityKey[j.index.module.apply.resourcesUnion.entity.ResourcesUnion#7776], EntityKey[j.index.module.apply.resourcesUnion.entity.ResourcesUnion#7773], EntityKey[j.index.module.apply.resourcesUnion.entity.ResourcesUnion#7774], EntityKey[j.index.module.apply.resourcesUnion.entity.ResourcesUnion#7771], EntityKey[j.index.module.apply.resourcesUnion.entity.ResourcesUnion#7772], EntityKey[j.index.module.apply.resourcesUnion.entity.ResourcesUnion#7800], EntityKey[j.index.module.apply.resourcesUnion.entity.ResourcesUnion#7799], EntityKey[j.index.module.apply.resourcesUnion.entity.ResourcesUnion#7802], EntityKey[j.index.module.apply.resourcesUnion.entity.ResourcesUnion#7801], EntityKey[j.index.module.apply.resourcesUnion.entity.ResourcesUnion#7796], EntityKey[j.index.module.apply.resourcesUnion.entity.ResourcesUnion#7795], EntityKey[j.index.module.apply.resourcesUnion.entity.ResourcesUnion#7798], EntityKey[j.index.module.apply.resourcesUnion.entity.ResourcesUnion#7797], EntityKey[j.index.module.apply.resourcesUnion.entity.ResourcesUnion#7792], EntityKey[j.index.module.apply.resourcesUnion.entity.ResourcesUnion#7791], EntityKey[j.index.module.apply.resourcesUnion.entity.ResourcesUnion#7794], EntityKey[j.index.module.apply.resourcesUnion.entity.ResourcesUnion#7793], EntityKey[j.index.module.apply.resourcesUnion.entity.ResourcesUnion#7788], EntityKey[j.index.module.apply.resourcesUnion.entity.ResourcesUnion#7787], EntityKey[j.index.module.apply.resourcesUnion.entity.ResourcesUnion#7790], EntityKey[j.index.module.apply.resourcesUnion.entity.ResourcesUnion#7789], EntityKey[j.index.module.apply.resourcesUnion.entity.ResourcesUnion#7815], EntityKey[j.index.module.apply.resourcesUnion.entity.ResourcesUnion#7816], EntityKey[j.index.module.apply.resourcesUnion.entity.ResourcesUnion#7817], EntityKey[j.index.module.apply.resourcesUnion.entity.ResourcesUnion#7818], EntityKey[j.index.module.apply.resourcesUnion.entity.ResourcesUnion#7811], EntityKey[j.index.module.apply.resourcesUnion.entity.ResourcesUnion#7812], EntityKey[j.index.module.apply.resourcesUnion.entity.ResourcesUnion#7813], EntityKey[j.index.module.apply.resourcesUnion.entity.ResourcesUnion#7814], EntityKey[j.index.module.apply.resourcesUnion.entity.ResourcesUnion#7807], EntityKey[j.index.module.apply.resourcesUnion.entity.ResourcesUnion#7808], EntityKey[j.index.module.apply.resourcesUnion.entity.ResourcesUnion#7809], EntityKey[j.index.module.apply.resourcesUnion.entity.ResourcesUnion#7810], EntityKey[j.index.module.apply.resourcesUnion.entity.ResourcesUnion#7803], EntityKey[j.index.module.apply.resourcesUnion.entity.ResourcesUnion#7804], EntityKey[j.index.module.apply.resourcesUnion.entity.ResourcesUnion#7805], EntityKey[j.index.module.apply.resourcesUnion.entity.ResourcesUnion#7806], EntityKey[j.index.module.apply.resourcesUnion.entity.ResourcesUnion#7702], EntityKey[j.index.module.apply.resourcesUnion.entity.ResourcesUnion#7701], EntityKey[j.index.module.apply.resourcesUnion.entity.ResourcesUnion#7700], EntityKey[j.index.module.apply.resourcesUnion.entity.ResourcesUnion#7699], EntityKey[j.index.module.apply.resourcesUnion.entity.ResourcesUnion#7706], EntityKey[j.index.module.apply.resourcesUnion.entity.ResourcesUnion#7705], EntityKey[j.index.module.apply.resourcesUnion.entity.ResourcesUnion#7704], EntityKey[j.index.module.apply.resourcesUnion.entity.ResourcesUnion#7703], EntityKey[j.index.module.apply.resourcesUnion.entity.ResourcesUnion#7694], EntityKey[j.index.module.apply.resourcesUnion.entity.ResourcesUnion#7693], EntityKey[j.index.module.apply.resourcesUnion.entity.ResourcesUnion#7692], EntityKey[j.index.module.apply.resourcesUnion.entity.ResourcesUnion#7691], EntityKey[j.index.module.apply.resourcesUnion.entity.ResourcesUnion#7698], EntityKey[j.index.module.apply.resourcesUnion.entity.ResourcesUnion#7697], EntityKey[j.index.module.apply.resourcesUnion.entity.ResourcesUnion#7696], EntityKey[j.index.module.apply.resourcesUnion.entity.ResourcesUnion#7695], EntityKey[j.index.module.apply.resourcesUnion.entity.ResourcesUnion#7717], EntityKey[j.index.module.apply.resourcesUnion.entity.ResourcesUnion#7718], EntityKey[j.index.module.apply.resourcesUnion.entity.ResourcesUnion#7715], EntityKey[j.index.module.apply.resourcesUnion.entity.ResourcesUnion#7716], EntityKey[j.index.module.apply.resourcesUnion.entity.ResourcesUnion#7721], EntityKey[j.index.module.apply.resourcesUnion.entity.ResourcesUnion#7722], EntityKey[j.index.module.apply.resourcesUnion.entity.ResourcesUnion#7719], EntityKey[j.index.module.apply.resourcesUnion.entity.ResourcesUnion#7720], EntityKey[j.index.module.apply.resourcesUnion.entity.ResourcesUnion#7709], EntityKey[j.index.module.apply.resourcesUnion.entity.ResourcesUnion#7710], EntityKey[j.index.module.apply.resourcesUnion.entity.ResourcesUnion#7707], EntityKey[j.index.module.apply.resourcesUnion.entity.ResourcesUnion#7708], EntityKey[j.index.module.apply.resourcesUnion.entity.ResourcesUnion#7713], EntityKey[j.index.module.apply.resourcesUnion.entity.ResourcesUnion#7714], EntityKey[j.index.module.apply.resourcesUnion.entity.ResourcesUnion#7711], EntityKey[j.index.module.apply.resourcesUnion.entity.ResourcesUnion#7712], EntityKey[j.index.module.apply.resourcesUnion.entity.ResourcesUnion#7732], EntityKey[j.index.module.apply.resourcesUnion.entity.ResourcesUnion#7731], EntityKey[j.index.module.apply.resourcesUnion.entity.ResourcesUnion#7734], EntityKey[j.index.module.apply.resourcesUnion.entity.ResourcesUnion#7733], EntityKey[j.index.module.apply.resourcesUnion.entity.ResourcesUnion#7736], EntityKey[j.index.module.apply.resourcesUnion.entity.ResourcesUnion#7735], EntityKey[j.index.module.apply.resourcesUnion.entity.ResourcesUnion#7738], EntityKey[j.index.module.apply.resourcesUnion.entity.ResourcesUnion#7737], EntityKey[j.index.module.apply.resourcesUnion.entity.ResourcesUnion#7724], EntityKey[j.index.module.apply.resourcesUnion.entity.ResourcesUnion#7723], EntityKey[j.index.module.apply.resourcesUnion.entity.ResourcesUnion#7726], EntityKey[j.index.module.apply.resourcesUnion.entity.ResourcesUnion#7725], EntityKey[j.index.module.apply.resourcesUnion.entity.ResourcesUnion#7728], EntityKey[j.index.module.apply.resourcesUnion.entity.ResourcesUnion#7727], EntityKey[j.index.module.apply.resourcesUnion.entity.ResourcesUnion#7730], EntityKey[j.index.module.apply.resourcesUnion.entity.ResourcesUnion#7729], EntityKey[j.index.module.apply.resourcesUnion.entity.ResourcesUnion#7747], EntityKey[j.index.module.apply.resourcesUnion.entity.ResourcesUnion#7748], EntityKey[j.index.module.apply.resourcesUnion.entity.ResourcesUnion#7749], EntityKey[j.index.module.apply.resourcesUnion.entity.ResourcesUnion#7750], EntityKey[j.index.module.apply.resourcesUnion.entity.ResourcesUnion#7751], EntityKey[j.index.module.apply.resourcesUnion.entity.ResourcesUnion#7752], EntityKey[j.index.module.apply.resourcesUnion.entity.ResourcesUnion#7753], EntityKey[j.index.module.apply.resourcesUnion.entity.ResourcesUnion#7754], EntityKey[j.index.module.apply.resourcesUnion.entity.ResourcesUnion#7739], EntityKey[j.index.module.apply.resourcesUnion.entity.ResourcesUnion#7740], EntityKey[j.index.module.apply.resourcesUnion.entity.ResourcesUnion#7741], EntityKey[j.index.module.apply.resourcesUnion.entity.ResourcesUnion#7742], EntityKey[j.index.module.apply.resourcesUnion.entity.ResourcesUnion#7743], EntityKey[j.index.module.apply.resourcesUnion.entity.ResourcesUnion#7744], EntityKey[j.index.module.apply.resourcesUnion.entity.ResourcesUnion#7745], EntityKey[j.index.module.apply.resourcesUnion.entity.ResourcesUnion#7746], EntityKey[j.index.module.apply.resourcesUnion.entity.ResourcesUnion#7904], EntityKey[j.index.module.apply.resourcesUnion.entity.ResourcesUnion#7903], EntityKey[j.index.module.apply.resourcesUnion.entity.ResourcesUnion#7906], EntityKey[j.index.module.apply.resourcesUnion.entity.ResourcesUnion#7905], EntityKey[j.index.module.apply.resourcesUnion.entity.ResourcesUnion#7900], EntityKey[j.index.module.apply.resourcesUnion.entity.ResourcesUnion#7899], EntityKey[j.index.module.apply.resourcesUnion.entity.ResourcesUnion#7902], EntityKey[j.index.module.apply.resourcesUnion.entity.ResourcesUnion#7901], EntityKey[j.index.module.apply.resourcesUnion.entity.ResourcesUnion#7912], EntityKey[j.index.module.apply.resourcesUnion.entity.ResourcesUnion#7911], EntityKey[j.index.module.apply.resourcesUnion.entity.ResourcesUnion#7914], EntityKey[j.index.module.apply.resourcesUnion.entity.ResourcesUnion#7913], EntityKey[j.index.module.apply.resourcesUnion.entity.ResourcesUnion#7908], EntityKey[j.index.module.apply.resourcesUnion.entity.ResourcesUnion#7907], EntityKey[j.index.module.apply.resourcesUnion.entity.ResourcesUnion#7910], EntityKey[j.index.module.apply.resourcesUnion.entity.ResourcesUnion#7909], EntityKey[j.index.module.apply.resourcesUnion.entity.ResourcesUnion#7887], EntityKey[j.index.module.apply.resourcesUnion.entity.ResourcesUnion#7888], EntityKey[j.index.module.apply.resourcesUnion.entity.ResourcesUnion#7889], EntityKey[j.index.module.apply.resourcesUnion.entity.ResourcesUnion#7890], EntityKey[j.index.module.apply.resourcesUnion.entity.ResourcesUnion#7883], EntityKey[j.index.module.apply.resourcesUnion.entity.ResourcesUnion#7884], EntityKey[j.index.module.apply.resourcesUnion.entity.ResourcesUnion#7885], EntityKey[j.index.module.apply.resourcesUnion.entity.ResourcesUnion#7886], EntityKey[j.index.module.apply.resourcesUnion.entity.ResourcesUnion#7895], EntityKey[j.index.module.apply.resourcesUnion.entity.ResourcesUnion#7896], EntityKey[j.index.module.apply.resourcesUnion.entity.ResourcesUnion#7897], EntityKey[j.index.module.apply.resourcesUnion.entity.ResourcesUnion#7898], EntityKey[j.index.module.apply.resourcesUnion.entity.ResourcesUnion#7891], EntityKey[j.index.module.apply.resourcesUnion.entity.ResourcesUnion#7892], EntityKey[j.index.module.apply.resourcesUnion.entity.ResourcesUnion#7893], EntityKey[j.index.module.apply.resourcesUnion.entity.ResourcesUnion#7894], EntityKey[j.index.module.apply.resourcesUnion.entity.ResourcesUnion#7938], EntityKey[j.index.module.apply.resourcesUnion.entity.ResourcesUnion#7937], EntityKey[j.index.module.apply.resourcesUnion.entity.ResourcesUnion#7936], EntityKey[j.index.module.apply.resourcesUnion.entity.ResourcesUnion#7935], EntityKey[j.index.module.apply.resourcesUnion.entity.ResourcesUnion#7934], EntityKey[j.index.module.apply.resourcesUnion.entity.ResourcesUnion#7933], EntityKey[j.index.module.apply.resourcesUnion.entity.ResourcesUnion#7932], EntityKey[j.index.module.apply.resourcesUnion.entity.ResourcesUnion#7931], EntityKey[j.index.module.apply.resourcesUnion.entity.ResourcesUnion#7946], EntityKey[j.index.module.apply.resourcesUnion.entity.ResourcesUnion#7945], EntityKey[j.index.module.apply.resourcesUnion.entity.ResourcesUnion#7944], EntityKey[j.index.module.apply.resourcesUnion.entity.ResourcesUnion#7943], EntityKey[j.index.module.apply.resourcesUnion.entity.ResourcesUnion#7942], EntityKey[j.index.module.apply.resourcesUnion.entity.ResourcesUnion#7941], EntityKey[j.index.module.apply.resourcesUnion.entity.ResourcesUnion#7940], EntityKey[j.index.module.apply.resourcesUnion.entity.ResourcesUnion#7939], EntityKey[j.index.module.apply.resourcesUnion.entity.ResourcesUnion#7921], EntityKey[j.index.module.apply.resourcesUnion.entity.ResourcesUnion#7922], EntityKey[j.index.module.apply.resourcesUnion.entity.ResourcesUnion#7919], EntityKey[j.index.module.apply.resourcesUnion.entity.ResourcesUnion#7920], EntityKey[j.index.module.apply.resourcesUnion.entity.ResourcesUnion#7917], EntityKey[j.index.module.apply.resourcesUnion.entity.ResourcesUnion#7918], EntityKey[j.index.module.apply.resourcesUnion.entity.ResourcesUnion#7915], EntityKey[j.index.module.apply.resourcesUnion.entity.ResourcesUnion#7916], EntityKey[j.index.module.apply.resourcesUnion.entity.ResourcesUnion#7929], EntityKey[j.index.module.apply.resourcesUnion.entity.ResourcesUnion#7930], EntityKey[j.index.module.apply.resourcesUnion.entity.ResourcesUnion#7927], EntityKey[j.index.module.apply.resourcesUnion.entity.ResourcesUnion#7928], EntityKey[j.index.module.apply.resourcesUnion.entity.ResourcesUnion#7925], EntityKey[j.index.module.apply.resourcesUnion.entity.ResourcesUnion#7926], EntityKey[j.index.module.apply.resourcesUnion.entity.ResourcesUnion#7923], EntityKey[j.index.module.apply.resourcesUnion.entity.ResourcesUnion#7924], EntityKey[j.index.module.apply.resourcesUnion.entity.ResourcesUnion#7836], EntityKey[j.index.module.apply.resourcesUnion.entity.ResourcesUnion#7835], EntityKey[j.index.module.apply.resourcesUnion.entity.ResourcesUnion#7838], EntityKey[j.index.module.apply.resourcesUnion.entity.ResourcesUnion#7837], EntityKey[j.index.module.apply.resourcesUnion.entity.ResourcesUnion#7840], EntityKey[j.index.module.apply.resourcesUnion.entity.ResourcesUnion#7839], EntityKey[j.index.module.apply.resourcesUnion.entity.ResourcesUnion#7842], EntityKey[j.index.module.apply.resourcesUnion.entity.ResourcesUnion#7841], EntityKey[j.index.module.apply.resourcesUnion.entity.ResourcesUnion#7844], EntityKey[j.index.module.apply.resourcesUnion.entity.ResourcesUnion#7843], EntityKey[j.index.module.apply.resourcesUnion.entity.ResourcesUnion#7846], EntityKey[j.index.module.apply.resourcesUnion.entity.ResourcesUnion#7845], EntityKey[j.index.module.apply.resourcesUnion.entity.ResourcesUnion#7848], EntityKey[j.index.module.apply.resourcesUnion.entity.ResourcesUnion#7847], EntityKey[j.index.module.apply.resourcesUnion.entity.ResourcesUnion#7850], EntityKey[j.index.module.apply.resourcesUnion.entity.ResourcesUnion#7849], EntityKey[j.index.module.apply.resourcesUnion.entity.ResourcesUnion#7819], EntityKey[j.index.module.apply.resourcesUnion.entity.ResourcesUnion#7820], EntityKey[j.index.module.apply.resourcesUnion.entity.ResourcesUnion#7821], EntityKey[j.index.module.apply.resourcesUnion.entity.ResourcesUnion#7822], EntityKey[j.index.module.apply.resourcesUnion.entity.ResourcesUnion#7823], EntityKey[j.index.module.apply.resourcesUnion.entity.ResourcesUnion#7824], EntityKey[j.index.module.apply.resourcesUnion.entity.ResourcesUnion#7825], EntityKey[j.index.module.apply.resourcesUnion.entity.ResourcesUnion#7826], EntityKey[j.index.module.apply.resourcesUnion.entity.ResourcesUnion#7827], EntityKey[j.index.module.apply.resourcesUnion.entity.ResourcesUnion#7828], EntityKey[j.index.module.apply.resourcesUnion.entity.ResourcesUnion#7829], EntityKey[j.index.module.apply.resourcesUnion.entity.ResourcesUnion#7830], EntityKey[j.index.module.apply.resourcesUnion.entity.ResourcesUnion#7831], EntityKey[j.index.module.apply.resourcesUnion.entity.ResourcesUnion#7832], EntityKey[j.index.module.apply.resourcesUnion.entity.ResourcesUnion#7833], EntityKey[j.index.module.apply.resourcesUnion.entity.ResourcesUnion#7834], EntityKey[j.index.module.apply.resourcesUnion.entity.ResourcesUnion#7870], EntityKey[j.index.module.apply.resourcesUnion.entity.ResourcesUnion#7869], EntityKey[j.index.module.apply.resourcesUnion.entity.ResourcesUnion#7868], EntityKey[j.index.module.apply.resourcesUnion.entity.ResourcesUnion#7867], EntityKey[j.index.module.apply.resourcesUnion.entity.ResourcesUnion#7874], EntityKey[j.index.module.apply.resourcesUnion.entity.ResourcesUnion#7873], EntityKey[j.index.module.apply.resourcesUnion.entity.ResourcesUnion#7872], EntityKey[j.index.module.apply.resourcesUnion.entity.ResourcesUnion#7871], EntityKey[j.index.module.apply.resourcesUnion.entity.ResourcesUnion#7878], EntityKey[j.index.module.apply.resourcesUnion.entity.ResourcesUnion#7877], EntityKey[j.index.module.apply.resourcesUnion.entity.ResourcesUnion#7876], EntityKey[j.index.module.apply.resourcesUnion.entity.ResourcesUnion#7875], EntityKey[j.index.module.apply.resourcesUnion.entity.ResourcesUnion#7882], EntityKey[j.index.module.apply.resourcesUnion.entity.ResourcesUnion#7881], EntityKey[j.index.module.apply.resourcesUnion.entity.ResourcesUnion#7880], EntityKey[j.index.module.apply.resourcesUnion.entity.ResourcesUnion#7879], EntityKey[j.index.module.apply.resourcesUnion.entity.ResourcesUnion#7853], EntityKey[j.index.module.apply.resourcesUnion.entity.ResourcesUnion#7854], EntityKey[j.index.module.apply.resourcesUnion.entity.ResourcesUnion#7851], EntityKey[j.index.module.apply.resourcesUnion.entity.ResourcesUnion#7852], EntityKey[j.index.module.apply.resourcesUnion.entity.ResourcesUnion#7857], EntityKey[j.index.module.apply.resourcesUnion.entity.ResourcesUnion#7858], EntityKey[j.index.module.apply.resourcesUnion.entity.ResourcesUnion#7855], EntityKey[j.index.module.apply.resourcesUnion.entity.ResourcesUnion#7856], EntityKey[j.index.module.apply.resourcesUnion.entity.ResourcesUnion#7861], EntityKey[j.index.module.apply.resourcesUnion.entity.ResourcesUnion#7862], EntityKey[j.index.module.apply.resourcesUnion.entity.ResourcesUnion#7859], EntityKey[j.index.module.apply.resourcesUnion.entity.ResourcesUnion#7860], EntityKey[j.index.module.apply.resourcesUnion.entity.ResourcesUnion#7865], EntityKey[j.index.module.apply.resourcesUnion.entity.ResourcesUnion#7866], EntityKey[j.index.module.apply.resourcesUnion.entity.ResourcesUnion#7863], EntityKey[j.index.module.apply.resourcesUnion.entity.ResourcesUnion#7864], EntityKey[j.index.module.apply.resourcesUnion.entity.ResourcesUnion#8039], EntityKey[j.index.module.apply.resourcesUnion.entity.ResourcesUnion#8040], EntityKey[j.index.module.apply.resourcesUnion.entity.ResourcesUnion#8041], EntityKey[j.index.module.apply.resourcesUnion.entity.ResourcesUnion#8042], EntityKey[j.index.module.apply.resourcesUnion.entity.ResourcesUnion#8035], EntityKey[j.index.module.apply.resourcesUnion.entity.ResourcesUnion#8036], EntityKey[j.index.module.apply.resourcesUnion.entity.ResourcesUnion#8037], EntityKey[j.index.module.apply.resourcesUnion.entity.ResourcesUnion#8038], EntityKey[j.index.module.apply.resourcesUnion.entity.ResourcesUnion#8031], EntityKey[j.index.module.apply.resourcesUnion.entity.ResourcesUnion#8032], EntityKey[j.index.module.apply.resourcesUnion.entity.ResourcesUnion#8033], EntityKey[j.index.module.apply.resourcesUnion.entity.ResourcesUnion#8034], EntityKey[j.index.module.apply.resourcesUnion.entity.ResourcesUnion#8027], EntityKey[j.index.module.apply.resourcesUnion.entity.ResourcesUnion#8028], EntityKey[j.index.module.apply.resourcesUnion.entity.ResourcesUnion#8029], EntityKey[j.index.module.apply.resourcesUnion.entity.ResourcesUnion#8030], EntityKey[j.index.module.apply.resourcesUnion.entity.ResourcesUnion#8024], EntityKey[j.index.module.apply.resourcesUnion.entity.ResourcesUnion#8023], EntityKey[j.index.module.apply.resourcesUnion.entity.ResourcesUnion#8026], EntityKey[j.index.module.apply.resourcesUnion.entity.ResourcesUnion#8025], EntityKey[j.index.module.apply.resourcesUnion.entity.ResourcesUnion#8020], EntityKey[j.index.module.apply.resourcesUnion.entity.ResourcesUnion#8019], EntityKey[j.index.module.apply.resourcesUnion.entity.ResourcesUnion#8022], EntityKey[j.index.module.apply.resourcesUnion.entity.ResourcesUnion#8021], EntityKey[j.index.module.apply.resourcesUnion.entity.ResourcesUnion#8016], EntityKey[j.index.module.apply.resourcesUnion.entity.ResourcesUnion#8015], EntityKey[j.index.module.apply.resourcesUnion.entity.ResourcesUnion#8018], EntityKey[j.index.module.apply.resourcesUnion.entity.ResourcesUnion#8017], EntityKey[j.index.module.apply.resourcesUnion.entity.ResourcesUnion#8012], EntityKey[j.index.module.apply.resourcesUnion.entity.ResourcesUnion#8011], EntityKey[j.index.module.apply.resourcesUnion.entity.ResourcesUnion#8014], EntityKey[j.index.module.apply.resourcesUnion.entity.ResourcesUnion#8013], EntityKey[j.index.module.apply.resourcesUnion.entity.ResourcesUnion#8073], EntityKey[j.index.module.apply.resourcesUnion.entity.ResourcesUnion#8074], EntityKey[j.index.module.apply.resourcesUnion.entity.ResourcesUnion#8071], EntityKey[j.index.module.apply.resourcesUnion.entity.ResourcesUnion#8072], EntityKey[j.index.module.apply.resourcesUnion.entity.ResourcesUnion#8069], EntityKey[j.index.module.apply.resourcesUnion.entity.ResourcesUnion#8070], EntityKey[j.index.module.apply.resourcesUnion.entity.ResourcesUnion#8067], EntityKey[j.index.module.apply.resourcesUnion.entity.ResourcesUnion#8068], EntityKey[j.index.module.apply.resourcesUnion.entity.ResourcesUnion#8065], EntityKey[j.index.module.apply.resourcesUnion.entity.ResourcesUnion#8066], EntityKey[j.index.module.apply.resourcesUnion.entity.ResourcesUnion#8063], EntityKey[j.index.module.apply.resourcesUnion.entity.ResourcesUnion#8064], EntityKey[j.index.module.apply.resourcesUnion.entity.ResourcesUnion#8061], EntityKey[j.index.module.apply.resourcesUnion.entity.ResourcesUnion#8062], EntityKey[j.index.module.apply.resourcesUnion.entity.ResourcesUnion#8059], EntityKey[j.index.module.apply.resourcesUnion.entity.ResourcesUnion#8060], EntityKey[j.index.module.apply.resourcesUnion.entity.ResourcesUnion#8058], EntityKey[j.index.module.apply.resourcesUnion.entity.ResourcesUnion#8057], EntityKey[j.index.module.apply.resourcesUnion.entity.ResourcesUnion#8056], EntityKey[j.index.module.apply.resourcesUnion.entity.ResourcesUnion#8055], EntityKey[j.index.module.apply.resourcesUnion.entity.ResourcesUnion#8054], EntityKey[j.index.module.apply.resourcesUnion.entity.ResourcesUnion#8053], EntityKey[j.index.module.apply.resourcesUnion.entity.ResourcesUnion#8052], EntityKey[j.index.module.apply.resourcesUnion.entity.ResourcesUnion#8051], EntityKey[j.index.module.apply.resourcesUnion.entity.ResourcesUnion#8050], EntityKey[j.index.module.apply.resourcesUnion.entity.ResourcesUnion#8049], EntityKey[j.index.module.apply.resourcesUnion.entity.ResourcesUnion#8048], EntityKey[j.index.module.apply.resourcesUnion.entity.ResourcesUnion#8047], EntityKey[j.index.module.apply.resourcesUnion.entity.ResourcesUnion#8046], EntityKey[j.index.module.apply.resourcesUnion.entity.ResourcesUnion#8045], EntityKey[j.index.module.apply.resourcesUnion.entity.ResourcesUnion#8044], EntityKey[j.index.module.apply.resourcesUnion.entity.ResourcesUnion#8043], EntityKey[j.index.module.apply.resourcesUnion.entity.ResourcesUnion#7971], EntityKey[j.index.module.apply.resourcesUnion.entity.ResourcesUnion#7972], EntityKey[j.index.module.apply.resourcesUnion.entity.ResourcesUnion#7973], EntityKey[j.index.module.apply.resourcesUnion.entity.ResourcesUnion#7974], EntityKey[j.index.module.apply.resourcesUnion.entity.ResourcesUnion#7975], EntityKey[j.index.module.apply.resourcesUnion.entity.ResourcesUnion#7976], EntityKey[j.index.module.apply.resourcesUnion.entity.ResourcesUnion#7977], EntityKey[j.index.module.apply.resourcesUnion.entity.ResourcesUnion#7978], EntityKey[j.index.module.apply.resourcesUnion.entity.ResourcesUnion#7963], EntityKey[j.index.module.apply.resourcesUnion.entity.ResourcesUnion#7964], EntityKey[j.index.module.apply.resourcesUnion.entity.ResourcesUnion#7965], EntityKey[j.index.module.apply.resourcesUnion.entity.ResourcesUnion#7966], EntityKey[j.index.module.apply.resourcesUnion.entity.ResourcesUnion#7967], EntityKey[j.index.module.apply.resourcesUnion.entity.ResourcesUnion#7968], EntityKey[j.index.module.apply.resourcesUnion.entity.ResourcesUnion#7969], EntityKey[j.index.module.apply.resourcesUnion.entity.ResourcesUnion#7970], EntityKey[j.index.module.apply.resourcesUnion.entity.ResourcesUnion#7956], EntityKey[j.index.module.apply.resourcesUnion.entity.ResourcesUnion#7955], EntityKey[j.index.module.apply.resourcesUnion.entity.ResourcesUnion#7958], EntityKey[j.index.module.apply.resourcesUnion.entity.ResourcesUnion#7957], EntityKey[j.index.module.apply.resourcesUnion.entity.ResourcesUnion#7960], EntityKey[j.index.module.apply.resourcesUnion.entity.ResourcesUnion#7959], EntityKey[j.index.module.apply.resourcesUnion.entity.ResourcesUnion#7962], EntityKey[j.index.module.apply.resourcesUnion.entity.ResourcesUnion#7961], EntityKey[j.index.module.apply.resourcesUnion.entity.ResourcesUnion#7948], EntityKey[j.index.module.apply.resourcesUnion.entity.ResourcesUnion#7947], EntityKey[j.index.module.apply.resourcesUnion.entity.ResourcesUnion#7950], EntityKey[j.index.module.apply.resourcesUnion.entity.ResourcesUnion#7949], EntityKey[j.index.module.apply.resourcesUnion.entity.ResourcesUnion#7952], EntityKey[j.index.module.apply.resourcesUnion.entity.ResourcesUnion#7951], EntityKey[j.index.module.apply.resourcesUnion.entity.ResourcesUnion#7954], EntityKey[j.index.module.apply.resourcesUnion.entity.ResourcesUnion#7953], EntityKey[j.index.module.apply.resourcesUnion.entity.ResourcesUnion#8005], EntityKey[j.index.module.apply.resourcesUnion.entity.ResourcesUnion#8006], EntityKey[j.index.module.apply.resourcesUnion.entity.ResourcesUnion#8003], EntityKey[j.index.module.apply.resourcesUnion.entity.ResourcesUnion#8004], EntityKey[j.index.module.apply.resourcesUnion.entity.ResourcesUnion#8009], EntityKey[j.index.module.apply.resourcesUnion.entity.ResourcesUnion#8010], EntityKey[j.index.module.apply.resourcesUnion.entity.ResourcesUnion#8007], EntityKey[j.index.module.apply.resourcesUnion.entity.ResourcesUnion#8008], EntityKey[j.index.module.apply.resourcesUnion.entity.ResourcesUnion#7997], EntityKey[j.index.module.apply.resourcesUnion.entity.ResourcesUnion#7998], EntityKey[j.index.module.apply.resourcesUnion.entity.ResourcesUnion#7995], EntityKey[j.index.module.apply.resourcesUnion.entity.ResourcesUnion#7996], EntityKey[j.index.module.apply.resourcesUnion.entity.ResourcesUnion#8001], EntityKey[j.index.module.apply.resourcesUnion.entity.ResourcesUnion#8002], EntityKey[j.index.module.apply.resourcesUnion.entity.ResourcesUnion#7999], EntityKey[j.index.module.apply.resourcesUnion.entity.ResourcesUnion#8000], EntityKey[j.index.module.apply.resourcesUnion.entity.ResourcesUnion#7990], EntityKey[j.index.module.apply.resourcesUnion.entity.ResourcesUnion#7989], EntityKey[j.index.module.apply.resourcesUnion.entity.ResourcesUnion#7988], EntityKey[j.index.module.apply.resourcesUnion.entity.ResourcesUnion#7987], EntityKey[j.index.module.apply.resourcesUnion.entity.ResourcesUnion#7994], EntityKey[j.index.module.apply.resourcesUnion.entity.ResourcesUnion#7993], EntityKey[j.index.module.apply.resourcesUnion.entity.ResourcesUnion#7992], EntityKey[j.index.module.apply.resourcesUnion.entity.ResourcesUnion#7991], EntityKey[j.index.module.apply.resourcesUnion.entity.ResourcesUnion#7982], EntityKey[j.index.module.apply.resourcesUnion.entity.ResourcesUnion#7981], EntityKey[j.index.module.apply.resourcesUnion.entity.ResourcesUnion#7980], EntityKey[j.index.module.apply.resourcesUnion.entity.ResourcesUnion#7979], EntityKey[j.index.module.apply.resourcesUnion.entity.ResourcesUnion#7986], EntityKey[j.index.module.apply.resourcesUnion.entity.ResourcesUnion#7985], EntityKey[j.index.module.apply.resourcesUnion.entity.ResourcesUnion#7984], EntityKey[j.index.module.apply.resourcesUnion.entity.ResourcesUnion#7983], EntityKey[j.index.module.apply.resourcesUnion.entity.ResourcesUnion#9143], EntityKey[j.index.module.apply.resourcesUnion.entity.ResourcesUnion#9144], EntityKey[j.index.module.apply.resourcesUnion.entity.ResourcesUnion#9145], EntityKey[j.index.module.apply.resourcesUnion.entity.ResourcesUnion#9146], EntityKey[j.index.module.apply.resourcesUnion.entity.ResourcesUnion#9139], EntityKey[j.index.module.apply.resourcesUnion.entity.ResourcesUnion#9140], EntityKey[j.index.module.apply.resourcesUnion.entity.ResourcesUnion#9141], EntityKey[j.index.module.apply.resourcesUnion.entity.ResourcesUnion#9142], EntityKey[j.index.module.apply.resourcesUnion.entity.ResourcesUnion#9135], EntityKey[j.index.module.apply.resourcesUnion.entity.ResourcesUnion#9136], EntityKey[j.index.module.apply.resourcesUnion.entity.ResourcesUnion#9137], EntityKey[j.index.module.apply.resourcesUnion.entity.ResourcesUnion#9138], EntityKey[j.index.module.apply.resourcesUnion.entity.ResourcesUnion#9131], EntityKey[j.index.module.apply.resourcesUnion.entity.ResourcesUnion#9132], EntityKey[j.index.module.apply.resourcesUnion.entity.ResourcesUnion#9133], EntityKey[j.index.module.apply.resourcesUnion.entity.ResourcesUnion#9134], EntityKey[j.index.module.apply.resourcesUnion.entity.ResourcesUnion#9160], EntityKey[j.index.module.apply.resourcesUnion.entity.ResourcesUnion#9159], EntityKey[j.index.module.apply.resourcesUnion.entity.ResourcesUnion#9162], EntityKey[j.index.module.apply.resourcesUnion.entity.ResourcesUnion#9161], EntityKey[j.index.module.apply.resourcesUnion.entity.ResourcesUnion#9156], EntityKey[j.index.module.apply.resourcesUnion.entity.ResourcesUnion#9155], EntityKey[j.index.module.apply.resourcesUnion.entity.ResourcesUnion#9158], EntityKey[j.index.module.apply.resourcesUnion.entity.ResourcesUnion#9157], EntityKey[j.index.module.apply.resourcesUnion.entity.ResourcesUnion#9152], EntityKey[j.index.module.apply.resourcesUnion.entity.ResourcesUnion#9151], EntityKey[j.index.module.apply.resourcesUnion.entity.ResourcesUnion#9154], EntityKey[j.index.module.apply.resourcesUnion.entity.ResourcesUnion#9153], EntityKey[j.index.module.apply.resourcesUnion.entity.ResourcesUnion#9148], EntityKey[j.index.module.apply.resourcesUnion.entity.ResourcesUnion#9147], EntityKey[j.index.module.apply.resourcesUnion.entity.ResourcesUnion#9150], EntityKey[j.index.module.apply.resourcesUnion.entity.ResourcesUnion#9149], EntityKey[j.index.module.apply.resourcesUnion.entity.ResourcesUnion#9113], EntityKey[j.index.module.apply.resourcesUnion.entity.ResourcesUnion#9114], EntityKey[j.index.module.apply.resourcesUnion.entity.ResourcesUnion#9111], EntityKey[j.index.module.apply.resourcesUnion.entity.ResourcesUnion#9112], EntityKey[j.index.module.apply.resourcesUnion.entity.ResourcesUnion#9109], EntityKey[j.index.module.apply.resourcesUnion.entity.ResourcesUnion#9110], EntityKey[j.index.module.apply.resourcesUnion.entity.ResourcesUnion#9107], EntityKey[j.index.module.apply.resourcesUnion.entity.ResourcesUnion#9108], EntityKey[j.index.module.apply.resourcesUnion.entity.ResourcesUnion#9105], EntityKey[j.index.module.apply.resourcesUnion.entity.ResourcesUnion#9106], EntityKey[j.index.module.apply.resourcesUnion.entity.ResourcesUnion#9103], EntityKey[j.index.module.apply.resourcesUnion.entity.ResourcesUnion#9104], EntityKey[j.index.module.apply.resourcesUnion.entity.ResourcesUnion#9101], EntityKey[j.index.module.apply.resourcesUnion.entity.ResourcesUnion#9102], EntityKey[j.index.module.apply.resourcesUnion.entity.ResourcesUnion#9099], EntityKey[j.index.module.apply.resourcesUnion.entity.ResourcesUnion#9100], EntityKey[j.index.module.apply.resourcesUnion.entity.ResourcesUnion#9130], EntityKey[j.index.module.apply.resourcesUnion.entity.ResourcesUnion#9129], EntityKey[j.index.module.apply.resourcesUnion.entity.ResourcesUnion#9128], EntityKey[j.index.module.apply.resourcesUnion.entity.ResourcesUnion#9127], EntityKey[j.index.module.apply.resourcesUnion.entity.ResourcesUnion#9126], EntityKey[j.index.module.apply.resourcesUnion.entity.ResourcesUnion#9125], EntityKey[j.index.module.apply.resourcesUnion.entity.ResourcesUnion#9124], EntityKey[j.index.module.apply.resourcesUnion.entity.ResourcesUnion#9123], EntityKey[j.index.module.apply.resourcesUnion.entity.ResourcesUnion#9122], EntityKey[j.index.module.apply.resourcesUnion.entity.ResourcesUnion#9121], EntityKey[j.index.module.apply.resourcesUnion.entity.ResourcesUnion#9120], EntityKey[j.index.module.apply.resourcesUnion.entity.ResourcesUnion#9119], EntityKey[j.index.module.apply.resourcesUnion.entity.ResourcesUnion#9118], EntityKey[j.index.module.apply.resourcesUnion.entity.ResourcesUnion#9117], EntityKey[j.index.module.apply.resourcesUnion.entity.ResourcesUnion#9116], EntityKey[j.index.module.apply.resourcesUnion.entity.ResourcesUnion#9115], EntityKey[j.index.module.apply.resourcesUnion.entity.ResourcesUnion#9203], EntityKey[j.index.module.apply.resourcesUnion.entity.ResourcesUnion#9204], EntityKey[j.index.module.apply.resourcesUnion.entity.ResourcesUnion#9205], EntityKey[j.index.module.apply.resourcesUnion.entity.ResourcesUnion#9206], EntityKey[j.index.module.apply.resourcesUnion.entity.ResourcesUnion#9207], EntityKey[j.index.module.apply.resourcesUnion.entity.ResourcesUnion#9208], EntityKey[j.index.module.apply.resourcesUnion.entity.ResourcesUnion#9209], EntityKey[j.index.module.apply.resourcesUnion.entity.ResourcesUnion#9210], EntityKey[j.index.module.apply.resourcesUnion.entity.ResourcesUnion#9195], EntityKey[j.index.module.apply.resourcesUnion.entity.ResourcesUnion#9196], EntityKey[j.index.module.apply.resourcesUnion.entity.ResourcesUnion#9197], EntityKey[j.index.module.apply.resourcesUnion.entity.ResourcesUnion#9198], EntityKey[j.index.module.apply.resourcesUnion.entity.ResourcesUnion#9199], EntityKey[j.index.module.apply.resourcesUnion.entity.ResourcesUnion#9200], EntityKey[j.index.module.apply.resourcesUnion.entity.ResourcesUnion#9201], EntityKey[j.index.module.apply.resourcesUnion.entity.ResourcesUnion#9202], EntityKey[j.index.module.apply.resourcesUnion.entity.ResourcesUnion#9220], EntityKey[j.index.module.apply.resourcesUnion.entity.ResourcesUnion#9219], EntityKey[j.index.module.apply.resourcesUnion.entity.ResourcesUnion#9222], EntityKey[j.index.module.apply.resourcesUnion.entity.ResourcesUnion#9221], EntityKey[j.index.module.apply.resourcesUnion.entity.ResourcesUnion#9224], EntityKey[j.index.module.apply.resourcesUnion.entity.ResourcesUnion#9223], EntityKey[j.index.module.apply.resourcesUnion.entity.ResourcesUnion#9226], EntityKey[j.index.module.apply.resourcesUnion.entity.ResourcesUnion#9225], EntityKey[j.index.module.apply.resourcesUnion.entity.ResourcesUnion#9212], EntityKey[j.index.module.apply.resourcesUnion.entity.ResourcesUnion#9211], EntityKey[j.index.module.apply.resourcesUnion.entity.ResourcesUnion#9214], EntityKey[j.index.module.apply.resourcesUnion.entity.ResourcesUnion#9213], EntityKey[j.index.module.apply.resourcesUnion.entity.ResourcesUnion#9216], EntityKey[j.index.module.apply.resourcesUnion.entity.ResourcesUnion#9215], EntityKey[j.index.module.apply.resourcesUnion.entity.ResourcesUnion#9218], EntityKey[j.index.module.apply.resourcesUnion.entity.ResourcesUnion#9217], EntityKey[j.index.module.apply.resourcesUnion.entity.ResourcesUnion#9173], EntityKey[j.index.module.apply.resourcesUnion.entity.ResourcesUnion#9174], EntityKey[j.index.module.apply.resourcesUnion.entity.ResourcesUnion#9171], EntityKey[j.index.module.apply.resourcesUnion.entity.ResourcesUnion#9172], EntityKey[j.index.module.apply.resourcesUnion.entity.ResourcesUnion#9177], EntityKey[j.index.module.apply.resourcesUnion.entity.ResourcesUnion#9178], EntityKey[j.index.module.apply.resourcesUnion.entity.ResourcesUnion#9175], EntityKey[j.index.module.apply.resourcesUnion.entity.ResourcesUnion#9176], EntityKey[j.index.module.apply.resourcesUnion.entity.ResourcesUnion#9165], EntityKey[j.index.module.apply.resourcesUnion.entity.ResourcesUnion#9166], EntityKey[j.index.module.apply.resourcesUnion.entity.ResourcesUnion#9163], EntityKey[j.index.module.apply.resourcesUnion.entity.ResourcesUnion#9164], EntityKey[j.index.module.apply.resourcesUnion.entity.ResourcesUnion#9169], EntityKey[j.index.module.apply.resourcesUnion.entity.ResourcesUnion#9170], EntityKey[j.index.module.apply.resourcesUnion.entity.ResourcesUnion#9167], EntityKey[j.index.module.apply.resourcesUnion.entity.ResourcesUnion#9168], EntityKey[j.index.module.apply.resourcesUnion.entity.ResourcesUnion#9190], EntityKey[j.index.module.apply.resourcesUnion.entity.ResourcesUnion#9189], EntityKey[j.index.module.apply.resourcesUnion.entity.ResourcesUnion#9188], EntityKey[j.index.module.apply.resourcesUnion.entity.ResourcesUnion#9187], EntityKey[j.index.module.apply.resourcesUnion.entity.ResourcesUnion#9194], EntityKey[j.index.module.apply.resourcesUnion.entity.ResourcesUnion#9193], EntityKey[j.index.module.apply.resourcesUnion.entity.ResourcesUnion#9192], EntityKey[j.index.module.apply.resourcesUnion.entity.ResourcesUnion#9191], EntityKey[j.index.module.apply.resourcesUnion.entity.ResourcesUnion#9182], EntityKey[j.index.module.apply.resourcesUnion.entity.ResourcesUnion#9181], EntityKey[j.index.module.apply.resourcesUnion.entity.ResourcesUnion#9180], EntityKey[j.index.module.apply.resourcesUnion.entity.ResourcesUnion#9179], EntityKey[j.index.module.apply.resourcesUnion.entity.ResourcesUnion#9186], EntityKey[j.index.module.apply.resourcesUnion.entity.ResourcesUnion#9185], EntityKey[j.index.module.apply.resourcesUnion.entity.ResourcesUnion#9184], EntityKey[j.index.module.apply.resourcesUnion.entity.ResourcesUnion#9183], EntityKey[j.index.module.apply.resourcesUnion.entity.ResourcesUnion#9264], EntityKey[j.index.module.apply.resourcesUnion.entity.ResourcesUnion#9263], EntityKey[j.index.module.apply.resourcesUnion.entity.ResourcesUnion#9266], EntityKey[j.index.module.apply.resourcesUnion.entity.ResourcesUnion#9265], EntityKey[j.index.module.apply.resourcesUnion.entity.ResourcesUnion#9260], EntityKey[j.index.module.apply.resourcesUnion.entity.ResourcesUnion#9259], EntityKey[j.index.module.apply.resourcesUnion.entity.ResourcesUnion#9262], EntityKey[j.index.module.apply.resourcesUnion.entity.ResourcesUnion#9261], EntityKey[j.index.module.apply.resourcesUnion.entity.ResourcesUnion#9272], EntityKey[j.index.module.apply.resourcesUnion.entity.ResourcesUnion#9271], EntityKey[j.index.module.apply.resourcesUnion.entity.ResourcesUnion#9274], EntityKey[j.index.module.apply.resourcesUnion.entity.ResourcesUnion#9273], EntityKey[j.index.module.apply.resourcesUnion.entity.ResourcesUnion#9268], EntityKey[j.index.module.apply.resourcesUnion.entity.ResourcesUnion#9267], EntityKey[j.index.module.apply.resourcesUnion.entity.ResourcesUnion#9270], EntityKey[j.index.module.apply.resourcesUnion.entity.ResourcesUnion#9269], EntityKey[j.index.module.apply.resourcesUnion.entity.ResourcesUnion#9279], EntityKey[j.index.module.apply.resourcesUnion.entity.ResourcesUnion#9280], EntityKey[j.index.module.apply.resourcesUnion.entity.ResourcesUnion#9281], EntityKey[j.index.module.apply.resourcesUnion.entity.ResourcesUnion#9282], EntityKey[j.index.module.apply.resourcesUnion.entity.ResourcesUnion#9275], EntityKey[j.index.module.apply.resourcesUnion.entity.ResourcesUnion#9276], EntityKey[j.index.module.apply.resourcesUnion.entity.ResourcesUnion#9277], EntityKey[j.index.module.apply.resourcesUnion.entity.ResourcesUnion#9278], EntityKey[j.index.module.apply.resourcesUnion.entity.ResourcesUnion#9287], EntityKey[j.index.module.apply.resourcesUnion.entity.ResourcesUnion#9288], EntityKey[j.index.module.apply.resourcesUnion.entity.ResourcesUnion#9289], EntityKey[j.index.module.apply.resourcesUnion.entity.ResourcesUnion#9290], EntityKey[j.index.module.apply.resourcesUnion.entity.ResourcesUnion#9283], EntityKey[j.index.module.apply.resourcesUnion.entity.ResourcesUnion#9284], EntityKey[j.index.module.apply.resourcesUnion.entity.ResourcesUnion#9285], EntityKey[j.index.module.apply.resourcesUnion.entity.ResourcesUnion#9286], EntityKey[j.index.module.apply.resourcesUnion.entity.ResourcesUnion#9234], EntityKey[j.index.module.apply.resourcesUnion.entity.ResourcesUnion#9233], EntityKey[j.index.module.apply.resourcesUnion.entity.ResourcesUnion#9232], EntityKey[j.index.module.apply.resourcesUnion.entity.ResourcesUnion#9231], EntityKey[j.index.module.apply.resourcesUnion.entity.ResourcesUnion#9230], EntityKey[j.index.module.apply.resourcesUnion.entity.ResourcesUnion#9229], EntityKey[j.index.module.apply.resourcesUnion.entity.ResourcesUnion#9228], EntityKey[j.index.module.apply.resourcesUnion.entity.ResourcesUnion#9227], EntityKey[j.index.module.apply.resourcesUnion.entity.ResourcesUnion#9242], EntityKey[j.index.module.apply.resourcesUnion.entity.ResourcesUnion#9241], EntityKey[j.index.module.apply.resourcesUnion.entity.ResourcesUnion#9240], EntityKey[j.index.module.apply.resourcesUnion.entity.ResourcesUnion#9239], EntityKey[j.index.module.apply.resourcesUnion.entity.ResourcesUnion#9238], EntityKey[j.index.module.apply.resourcesUnion.entity.ResourcesUnion#9237], EntityKey[j.index.module.apply.resourcesUnion.entity.ResourcesUnion#9236], EntityKey[j.index.module.apply.resourcesUnion.entity.ResourcesUnion#9235], EntityKey[j.index.module.apply.resourcesUnion.entity.ResourcesUnion#9249], EntityKey[j.index.module.apply.resourcesUnion.entity.ResourcesUnion#9250], EntityKey[j.index.module.apply.resourcesUnion.entity.ResourcesUnion#9247], EntityKey[j.index.module.apply.resourcesUnion.entity.ResourcesUnion#9248], EntityKey[j.index.module.apply.resourcesUnion.entity.ResourcesUnion#9245], EntityKey[j.index.module.apply.resourcesUnion.entity.ResourcesUnion#9246], EntityKey[j.index.module.apply.resourcesUnion.entity.ResourcesUnion#9243], EntityKey[j.index.module.apply.resourcesUnion.entity.ResourcesUnion#9244], EntityKey[j.index.module.apply.resourcesUnion.entity.ResourcesUnion#9257], EntityKey[j.index.module.apply.resourcesUnion.entity.ResourcesUnion#9258], EntityKey[j.index.module.apply.resourcesUnion.entity.ResourcesUnion#9255], EntityKey[j.index.module.apply.resourcesUnion.entity.ResourcesUnion#9256], EntityKey[j.index.module.apply.resourcesUnion.entity.ResourcesUnion#9253], EntityKey[j.index.module.apply.resourcesUnion.entity.ResourcesUnion#9254], EntityKey[j.index.module.apply.resourcesUnion.entity.ResourcesUnion#9251], EntityKey[j.index.module.apply.resourcesUnion.entity.ResourcesUnion#9252], EntityKey[j.index.module.apply.resourcesUnion.entity.ResourcesUnion#9324], EntityKey[j.index.module.apply.resourcesUnion.entity.ResourcesUnion#9323], EntityKey[j.index.module.apply.resourcesUnion.entity.ResourcesUnion#9326], EntityKey[j.index.module.apply.resourcesUnion.entity.ResourcesUnion#9325], EntityKey[j.index.module.apply.resourcesUnion.entity.ResourcesUnion#9328], EntityKey[j.index.module.apply.resourcesUnion.entity.ResourcesUnion#9327], EntityKey[j.index.module.apply.resourcesUnion.entity.ResourcesUnion#9330], EntityKey[j.index.module.apply.resourcesUnion.entity.ResourcesUnion#9329], EntityKey[j.index.module.apply.resourcesUnion.entity.ResourcesUnion#9332], EntityKey[j.index.module.apply.resourcesUnion.entity.ResourcesUnion#9331], EntityKey[j.index.module.apply.resourcesUnion.entity.ResourcesUnion#9334], EntityKey[j.index.module.apply.resourcesUnion.entity.ResourcesUnion#9333], EntityKey[j.index.module.apply.resourcesUnion.entity.ResourcesUnion#9336], EntityKey[j.index.module.apply.resourcesUnion.entity.ResourcesUnion#9335], EntityKey[j.index.module.apply.resourcesUnion.entity.ResourcesUnion#9338], EntityKey[j.index.module.apply.resourcesUnion.entity.ResourcesUnion#9337], EntityKey[j.index.module.apply.resourcesUnion.entity.ResourcesUnion#9339], EntityKey[j.index.module.apply.resourcesUnion.entity.ResourcesUnion#9340], EntityKey[j.index.module.apply.resourcesUnion.entity.ResourcesUnion#9341], EntityKey[j.index.module.apply.resourcesUnion.entity.ResourcesUnion#9342], EntityKey[j.index.module.apply.resourcesUnion.entity.ResourcesUnion#9343], EntityKey[j.index.module.apply.resourcesUnion.entity.ResourcesUnion#9344], EntityKey[j.index.module.apply.resourcesUnion.entity.ResourcesUnion#9345], EntityKey[j.index.module.apply.resourcesUnion.entity.ResourcesUnion#9346], EntityKey[j.index.module.apply.resourcesUnion.entity.ResourcesUnion#9347], EntityKey[j.index.module.apply.resourcesUnion.entity.ResourcesUnion#9348], EntityKey[j.index.module.apply.resourcesUnion.entity.ResourcesUnion#9349], EntityKey[j.index.module.apply.resourcesUnion.entity.ResourcesUnion#9350], EntityKey[j.index.module.apply.resourcesUnion.entity.ResourcesUnion#9351], EntityKey[j.index.module.apply.resourcesUnion.entity.ResourcesUnion#9352], EntityKey[j.index.module.apply.resourcesUnion.entity.ResourcesUnion#9353], EntityKey[j.index.module.apply.resourcesUnion.entity.ResourcesUnion#9354], EntityKey[j.index.module.apply.resourcesUnion.entity.ResourcesUnion#9294], EntityKey[j.index.module.apply.resourcesUnion.entity.ResourcesUnion#9293], EntityKey[j.index.module.apply.resourcesUnion.entity.ResourcesUnion#9292], EntityKey[j.index.module.apply.resourcesUnion.entity.ResourcesUnion#9291], EntityKey[j.index.module.apply.resourcesUnion.entity.ResourcesUnion#9298], EntityKey[j.index.module.apply.resourcesUnion.entity.ResourcesUnion#9297], EntityKey[j.index.module.apply.resourcesUnion.entity.ResourcesUnion#9296], EntityKey[j.index.module.apply.resourcesUnion.entity.ResourcesUnion#9295], EntityKey[j.index.module.apply.resourcesUnion.entity.ResourcesUnion#9302], EntityKey[j.index.module.apply.resourcesUnion.entity.ResourcesUnion#9301], EntityKey[j.index.module.apply.resourcesUnion.entity.ResourcesUnion#9300], EntityKey[j.index.module.apply.resourcesUnion.entity.ResourcesUnion#9299], EntityKey[j.index.module.apply.resourcesUnion.entity.ResourcesUnion#9306], EntityKey[j.index.module.apply.resourcesUnion.entity.ResourcesUnion#9305], EntityKey[j.index.module.apply.resourcesUnion.entity.ResourcesUnion#9304], EntityKey[j.index.module.apply.resourcesUnion.entity.ResourcesUnion#9303], EntityKey[j.index.module.apply.resourcesUnion.entity.ResourcesUnion#9309], EntityKey[j.index.module.apply.resourcesUnion.entity.ResourcesUnion#9310], EntityKey[j.index.module.apply.resourcesUnion.entity.ResourcesUnion#9307], EntityKey[j.index.module.apply.resourcesUnion.entity.ResourcesUnion#9308], EntityKey[j.index.module.apply.resourcesUnion.entity.ResourcesUnion#9313], EntityKey[j.index.module.apply.resourcesUnion.entity.ResourcesUnion#9314], EntityKey[j.index.module.apply.resourcesUnion.entity.ResourcesUnion#9311], EntityKey[j.index.module.apply.resourcesUnion.entity.ResourcesUnion#9312], EntityKey[j.index.module.apply.resourcesUnion.entity.ResourcesUnion#9317], EntityKey[j.index.module.apply.resourcesUnion.entity.ResourcesUnion#9318], EntityKey[j.index.module.apply.resourcesUnion.entity.ResourcesUnion#9315], EntityKey[j.index.module.apply.resourcesUnion.entity.ResourcesUnion#9316], EntityKey[j.index.module.apply.resourcesUnion.entity.ResourcesUnion#9321], EntityKey[j.index.module.apply.resourcesUnion.entity.ResourcesUnion#9322], EntityKey[j.index.module.apply.resourcesUnion.entity.ResourcesUnion#9319], EntityKey[j.index.module.apply.resourcesUnion.entity.ResourcesUnion#9320], EntityKey[j.index.module.apply.resourcesUnion.entity.ResourcesUnion#9418], EntityKey[j.index.module.apply.resourcesUnion.entity.ResourcesUnion#9417], EntityKey[j.index.module.apply.resourcesUnion.entity.ResourcesUnion#9416], EntityKey[j.index.module.apply.resourcesUnion.entity.ResourcesUnion#9415], EntityKey[j.index.module.apply.resourcesUnion.entity.ResourcesUnion#9414], EntityKey[j.index.module.apply.resourcesUnion.entity.ResourcesUnion#9413], EntityKey[j.index.module.apply.resourcesUnion.entity.ResourcesUnion#9412], EntityKey[j.index.module.apply.resourcesUnion.entity.ResourcesUnion#9411], EntityKey[j.index.module.apply.resourcesUnion.entity.ResourcesUnion#9410], EntityKey[j.index.module.apply.resourcesUnion.entity.ResourcesUnion#9409], EntityKey[j.index.module.apply.resourcesUnion.entity.ResourcesUnion#9408], EntityKey[j.index.module.apply.resourcesUnion.entity.ResourcesUnion#9407], EntityKey[j.index.module.apply.resourcesUnion.entity.ResourcesUnion#9406], EntityKey[j.index.module.apply.resourcesUnion.entity.ResourcesUnion#9405], EntityKey[j.index.module.apply.resourcesUnion.entity.ResourcesUnion#9404], EntityKey[j.index.module.apply.resourcesUnion.entity.ResourcesUnion#9403], EntityKey[j.index.module.apply.resourcesUnion.entity.ResourcesUnion#9401], EntityKey[j.index.module.apply.resourcesUnion.entity.ResourcesUnion#9402], EntityKey[j.index.module.apply.resourcesUnion.entity.ResourcesUnion#9399], EntityKey[j.index.module.apply.resourcesUnion.entity.ResourcesUnion#9400], EntityKey[j.index.module.apply.resourcesUnion.entity.ResourcesUnion#9397], EntityKey[j.index.module.apply.resourcesUnion.entity.ResourcesUnion#9398], EntityKey[j.index.module.apply.resourcesUnion.entity.ResourcesUnion#9395], EntityKey[j.index.module.apply.resourcesUnion.entity.ResourcesUnion#9396], EntityKey[j.index.module.apply.resourcesUnion.entity.ResourcesUnion#9393], EntityKey[j.index.module.apply.resourcesUnion.entity.ResourcesUnion#9394], EntityKey[j.index.module.apply.resourcesUnion.entity.ResourcesUnion#9391], EntityKey[j.index.module.apply.resourcesUnion.entity.ResourcesUnion#9392], EntityKey[j.index.module.apply.resourcesUnion.entity.ResourcesUnion#9389], EntityKey[j.index.module.apply.resourcesUnion.entity.ResourcesUnion#9390], EntityKey[j.index.module.apply.resourcesUnion.entity.ResourcesUnion#9387], EntityKey[j.index.module.apply.resourcesUnion.entity.ResourcesUnion#9388], EntityKey[j.index.module.apply.resourcesUnion.entity.ResourcesUnion#9384], EntityKey[j.index.module.apply.resourcesUnion.entity.ResourcesUnion#9383], EntityKey[j.index.module.apply.resourcesUnion.entity.ResourcesUnion#9386], EntityKey[j.index.module.apply.resourcesUnion.entity.ResourcesUnion#9385], EntityKey[j.index.module.apply.resourcesUnion.entity.ResourcesUnion#9380], EntityKey[j.index.module.apply.resourcesUnion.entity.ResourcesUnion#9379], EntityKey[j.index.module.apply.resourcesUnion.entity.ResourcesUnion#9382], EntityKey[j.index.module.apply.resourcesUnion.entity.ResourcesUnion#9381], EntityKey[j.index.module.apply.resourcesUnion.entity.ResourcesUnion#9376], EntityKey[j.index.module.apply.resourcesUnion.entity.ResourcesUnion#9375], EntityKey[j.index.module.apply.resourcesUnion.entity.ResourcesUnion#9378], EntityKey[j.index.module.apply.resourcesUnion.entity.ResourcesUnion#9377], EntityKey[j.index.module.apply.resourcesUnion.entity.ResourcesUnion#9372], EntityKey[j.index.module.apply.resourcesUnion.entity.ResourcesUnion#9371], EntityKey[j.index.module.apply.resourcesUnion.entity.ResourcesUnion#9374], EntityKey[j.index.module.apply.resourcesUnion.entity.ResourcesUnion#9373], EntityKey[j.index.module.apply.resourcesUnion.entity.ResourcesUnion#9367], EntityKey[j.index.module.apply.resourcesUnion.entity.ResourcesUnion#9368], EntityKey[j.index.module.apply.resourcesUnion.entity.ResourcesUnion#9369], EntityKey[j.index.module.apply.resourcesUnion.entity.ResourcesUnion#9370], EntityKey[j.index.module.apply.resourcesUnion.entity.ResourcesUnion#9363], EntityKey[j.index.module.apply.resourcesUnion.entity.ResourcesUnion#9364], EntityKey[j.index.module.apply.resourcesUnion.entity.ResourcesUnion#9365], EntityKey[j.index.module.apply.resourcesUnion.entity.ResourcesUnion#9366], EntityKey[j.index.module.apply.resourcesUnion.entity.ResourcesUnion#9359], EntityKey[j.index.module.apply.resourcesUnion.entity.ResourcesUnion#9360], EntityKey[j.index.module.apply.resourcesUnion.entity.ResourcesUnion#9361], EntityKey[j.index.module.apply.resourcesUnion.entity.ResourcesUnion#9362], EntityKey[j.index.module.apply.resourcesUnion.entity.ResourcesUnion#9355], EntityKey[j.index.module.apply.resourcesUnion.entity.ResourcesUnion#9356], EntityKey[j.index.module.apply.resourcesUnion.entity.ResourcesUnion#9357], EntityKey[j.index.module.apply.resourcesUnion.entity.ResourcesUnion#9358], EntityKey[j.index.module.apply.resourcesUnion.entity.ResourcesUnion#9478], EntityKey[j.index.module.apply.resourcesUnion.entity.ResourcesUnion#9477], EntityKey[j.index.module.apply.resourcesUnion.entity.ResourcesUnion#9476], EntityKey[j.index.module.apply.resourcesUnion.entity.ResourcesUnion#9475], EntityKey[j.index.module.apply.resourcesUnion.entity.ResourcesUnion#9482], EntityKey[j.index.module.apply.resourcesUnion.entity.ResourcesUnion#9481], EntityKey[j.index.module.apply.resourcesUnion.entity.ResourcesUnion#9480], EntityKey[j.index.module.apply.resourcesUnion.entity.ResourcesUnion#9479], EntityKey[j.index.module.apply.resourcesUnion.entity.ResourcesUnion#9470], EntityKey[j.index.module.apply.resourcesUnion.entity.ResourcesUnion#9469], EntityKey[j.index.module.apply.resourcesUnion.entity.ResourcesUnion#9468], EntityKey[j.index.module.apply.resourcesUnion.entity.ResourcesUnion#9467], EntityKey[j.index.module.apply.resourcesUnion.entity.ResourcesUnion#9474], EntityKey[j.index.module.apply.resourcesUnion.entity.ResourcesUnion#9473], EntityKey[j.index.module.apply.resourcesUnion.entity.ResourcesUnion#9472], EntityKey[j.index.module.apply.resourcesUnion.entity.ResourcesUnion#9471], EntityKey[j.index.module.apply.resourcesUnion.entity.ResourcesUnion#9461], EntityKey[j.index.module.apply.resourcesUnion.entity.ResourcesUnion#9462], EntityKey[j.index.module.apply.resourcesUnion.entity.ResourcesUnion#9459], EntityKey[j.index.module.apply.resourcesUnion.entity.ResourcesUnion#9460], EntityKey[j.index.module.apply.resourcesUnion.entity.ResourcesUnion#9465], EntityKey[j.index.module.apply.resourcesUnion.entity.ResourcesUnion#9466], EntityKey[j.index.module.apply.resourcesUnion.entity.ResourcesUnion#9463], EntityKey[j.index.module.apply.resourcesUnion.entity.ResourcesUnion#9464], EntityKey[j.index.module.apply.resourcesUnion.entity.ResourcesUnion#9453], EntityKey[j.index.module.apply.resourcesUnion.entity.ResourcesUnion#9454], EntityKey[j.index.module.apply.resourcesUnion.entity.ResourcesUnion#9451], EntityKey[j.index.module.apply.resourcesUnion.entity.ResourcesUnion#9452], EntityKey[j.index.module.apply.resourcesUnion.entity.ResourcesUnion#9457], EntityKey[j.index.module.apply.resourcesUnion.entity.ResourcesUnion#9458], EntityKey[j.index.module.apply.resourcesUnion.entity.ResourcesUnion#9455], EntityKey[j.index.module.apply.resourcesUnion.entity.ResourcesUnion#9456], EntityKey[j.index.module.apply.resourcesUnion.entity.ResourcesUnion#9444], EntityKey[j.index.module.apply.resourcesUnion.entity.ResourcesUnion#9443], EntityKey[j.index.module.apply.resourcesUnion.entity.ResourcesUnion#9446], EntityKey[j.index.module.apply.resourcesUnion.entity.ResourcesUnion#9445], EntityKey[j.index.module.apply.resourcesUnion.entity.ResourcesUnion#9448], EntityKey[j.index.module.apply.resourcesUnion.entity.ResourcesUnion#9447], EntityKey[j.index.module.apply.resourcesUnion.entity.ResourcesUnion#9450], EntityKey[j.index.module.apply.resourcesUnion.entity.ResourcesUnion#9449], EntityKey[j.index.module.apply.resourcesUnion.entity.ResourcesUnion#9436], EntityKey[j.index.module.apply.resourcesUnion.entity.ResourcesUnion#9435], EntityKey[j.index.module.apply.resourcesUnion.entity.ResourcesUnion#9438], EntityKey[j.index.module.apply.resourcesUnion.entity.ResourcesUnion#9437], EntityKey[j.index.module.apply.resourcesUnion.entity.ResourcesUnion#9440], EntityKey[j.index.module.apply.resourcesUnion.entity.ResourcesUnion#9439], EntityKey[j.index.module.apply.resourcesUnion.entity.ResourcesUnion#9442], EntityKey[j.index.module.apply.resourcesUnion.entity.ResourcesUnion#9441], EntityKey[j.index.module.apply.resourcesUnion.entity.ResourcesUnion#9427], EntityKey[j.index.module.apply.resourcesUnion.entity.ResourcesUnion#9428], EntityKey[j.index.module.apply.resourcesUnion.entity.ResourcesUnion#9429], EntityKey[j.index.module.apply.resourcesUnion.entity.ResourcesUnion#9430], EntityKey[j.index.module.apply.resourcesUnion.entity.ResourcesUnion#9431], EntityKey[j.index.module.apply.resourcesUnion.entity.ResourcesUnion#9432], EntityKey[j.index.module.apply.resourcesUnion.entity.ResourcesUnion#9433], EntityKey[j.index.module.apply.resourcesUnion.entity.ResourcesUnion#9434], EntityKey[j.index.module.apply.resourcesUnion.entity.ResourcesUnion#9419], EntityKey[j.index.module.apply.resourcesUnion.entity.ResourcesUnion#9420], EntityKey[j.index.module.apply.resourcesUnion.entity.ResourcesUnion#9421], EntityKey[j.index.module.apply.resourcesUnion.entity.ResourcesUnion#9422], EntityKey[j.index.module.apply.resourcesUnion.entity.ResourcesUnion#9423], EntityKey[j.index.module.apply.resourcesUnion.entity.ResourcesUnion#9424], EntityKey[j.index.module.apply.resourcesUnion.entity.ResourcesUnion#9425], EntityKey[j.index.module.apply.resourcesUnion.entity.ResourcesUnion#9426], EntityKey[j.index.module.apply.resourcesUnion.entity.ResourcesUnion#9537], EntityKey[j.index.module.apply.resourcesUnion.entity.ResourcesUnion#9538], EntityKey[j.index.module.apply.resourcesUnion.entity.ResourcesUnion#9535], EntityKey[j.index.module.apply.resourcesUnion.entity.ResourcesUnion#9536], EntityKey[j.index.module.apply.resourcesUnion.entity.ResourcesUnion#9533], EntityKey[j.index.module.apply.resourcesUnion.entity.ResourcesUnion#9534], EntityKey[j.index.module.apply.resourcesUnion.entity.ResourcesUnion#9531], EntityKey[j.index.module.apply.resourcesUnion.entity.ResourcesUnion#9532], EntityKey[j.index.module.apply.resourcesUnion.entity.ResourcesUnion#9545], EntityKey[j.index.module.apply.resourcesUnion.entity.ResourcesUnion#9546], EntityKey[j.index.module.apply.resourcesUnion.entity.ResourcesUnion#9543], EntityKey[j.index.module.apply.resourcesUnion.entity.ResourcesUnion#9544], EntityKey[j.index.module.apply.resourcesUnion.entity.ResourcesUnion#9541], EntityKey[j.index.module.apply.resourcesUnion.entity.ResourcesUnion#9542], EntityKey[j.index.module.apply.resourcesUnion.entity.ResourcesUnion#9539], EntityKey[j.index.module.apply.resourcesUnion.entity.ResourcesUnion#9540], EntityKey[j.index.module.apply.resourcesUnion.entity.ResourcesUnion#9522], EntityKey[j.index.module.apply.resourcesUnion.entity.ResourcesUnion#9521], EntityKey[j.index.module.apply.resourcesUnion.entity.ResourcesUnion#9520], EntityKey[j.index.module.apply.resourcesUnion.entity.ResourcesUnion#9519], EntityKey[j.index.module.apply.resourcesUnion.entity.ResourcesUnion#9518], EntityKey[j.index.module.apply.resourcesUnion.entity.ResourcesUnion#9517], EntityKey[j.index.module.apply.resourcesUnion.entity.ResourcesUnion#9516], EntityKey[j.index.module.apply.resourcesUnion.entity.ResourcesUnion#9515], EntityKey[j.index.module.apply.resourcesUnion.entity.ResourcesUnion#9530], EntityKey[j.index.module.apply.resourcesUnion.entity.ResourcesUnion#9529], EntityKey[j.index.module.apply.resourcesUnion.entity.ResourcesUnion#9528], EntityKey[j.index.module.apply.resourcesUnion.entity.ResourcesUnion#9527], EntityKey[j.index.module.apply.resourcesUnion.entity.ResourcesUnion#9526], EntityKey[j.index.module.apply.resourcesUnion.entity.ResourcesUnion#9525], EntityKey[j.index.module.apply.resourcesUnion.entity.ResourcesUnion#9524], EntityKey[j.index.module.apply.resourcesUnion.entity.ResourcesUnion#9523], EntityKey[j.index.module.apply.resourcesUnion.entity.ResourcesUnion#9503], EntityKey[j.index.module.apply.resourcesUnion.entity.ResourcesUnion#9504], EntityKey[j.index.module.apply.resourcesUnion.entity.ResourcesUnion#9505], EntityKey[j.index.module.apply.resourcesUnion.entity.ResourcesUnion#9506], EntityKey[j.index.module.apply.resourcesUnion.entity.ResourcesUnion#9499], EntityKey[j.index.module.apply.resourcesUnion.entity.ResourcesUnion#9500], EntityKey[j.index.module.apply.resourcesUnion.entity.ResourcesUnion#9501], EntityKey[j.index.module.apply.resourcesUnion.entity.ResourcesUnion#9502], EntityKey[j.index.module.apply.resourcesUnion.entity.ResourcesUnion#9511], EntityKey[j.index.module.apply.resourcesUnion.entity.ResourcesUnion#9512], EntityKey[j.index.module.apply.resourcesUnion.entity.ResourcesUnion#9513], EntityKey[j.index.module.apply.resourcesUnion.entity.ResourcesUnion#9514], EntityKey[j.index.module.apply.resourcesUnion.entity.ResourcesUnion#9507], EntityKey[j.index.module.apply.resourcesUnion.entity.ResourcesUnion#9508], EntityKey[j.index.module.apply.resourcesUnion.entity.ResourcesUnion#9509], EntityKey[j.index.module.apply.resourcesUnion.entity.ResourcesUnion#9510], EntityKey[j.index.module.apply.resourcesUnion.entity.ResourcesUnion#9488], EntityKey[j.index.module.apply.resourcesUnion.entity.ResourcesUnion#9487], EntityKey[j.index.module.apply.resourcesUnion.entity.ResourcesUnion#9490], EntityKey[j.index.module.apply.resourcesUnion.entity.ResourcesUnion#9489], EntityKey[j.index.module.apply.resourcesUnion.entity.ResourcesUnion#9484], EntityKey[j.index.module.apply.resourcesUnion.entity.ResourcesUnion#9483], EntityKey[j.index.module.apply.resourcesUnion.entity.ResourcesUnion#9486], EntityKey[j.index.module.apply.resourcesUnion.entity.ResourcesUnion#9485], EntityKey[j.index.module.apply.resourcesUnion.entity.ResourcesUnion#9496], EntityKey[j.index.module.apply.resourcesUnion.entity.ResourcesUnion#9495], EntityKey[j.index.module.apply.resourcesUnion.entity.ResourcesUnion#9498], EntityKey[j.index.module.apply.resourcesUnion.entity.ResourcesUnion#9497], EntityKey[j.index.module.apply.resourcesUnion.entity.ResourcesUnion#9492], EntityKey[j.index.module.apply.resourcesUnion.entity.ResourcesUnion#9491], EntityKey[j.index.module.apply.resourcesUnion.entity.ResourcesUnion#9494], EntityKey[j.index.module.apply.resourcesUnion.entity.ResourcesUnion#9493], EntityKey[j.index.module.apply.resourcesUnion.entity.ResourcesUnion#9597], EntityKey[j.index.module.apply.resourcesUnion.entity.ResourcesUnion#9598], EntityKey[j.index.module.apply.resourcesUnion.entity.ResourcesUnion#9595], EntityKey[j.index.module.apply.resourcesUnion.entity.ResourcesUnion#9596], EntityKey[j.index.module.apply.resourcesUnion.entity.ResourcesUnion#9601], EntityKey[j.index.module.apply.resourcesUnion.entity.ResourcesUnion#9602], EntityKey[j.index.module.apply.resourcesUnion.entity.ResourcesUnion#9599], EntityKey[j.index.module.apply.resourcesUnion.entity.ResourcesUnion#9600], EntityKey[j.index.module.apply.resourcesUnion.entity.ResourcesUnion#9605], EntityKey[j.index.module.apply.resourcesUnion.entity.ResourcesUnion#9606], EntityKey[j.index.module.apply.resourcesUnion.entity.ResourcesUnion#9603], EntityKey[j.index.module.apply.resourcesUnion.entity.ResourcesUnion#9604], EntityKey[j.index.module.apply.resourcesUnion.entity.ResourcesUnion#9609], EntityKey[j.index.module.apply.resourcesUnion.entity.ResourcesUnion#9610], EntityKey[j.index.module.apply.resourcesUnion.entity.ResourcesUnion#9607], EntityKey[j.index.module.apply.resourcesUnion.entity.ResourcesUnion#9608], EntityKey[j.index.module.apply.resourcesUnion.entity.ResourcesUnion#9582], EntityKey[j.index.module.apply.resourcesUnion.entity.ResourcesUnion#9581], EntityKey[j.index.module.apply.resourcesUnion.entity.ResourcesUnion#9580], EntityKey[j.index.module.apply.resourcesUnion.entity.ResourcesUnion#9579], EntityKey[j.index.module.apply.resourcesUnion.entity.ResourcesUnion#9586], EntityKey[j.index.module.apply.resourcesUnion.entity.ResourcesUnion#9585], EntityKey[j.index.module.apply.resourcesUnion.entity.ResourcesUnion#9584], EntityKey[j.index.module.apply.resourcesUnion.entity.ResourcesUnion#9583], EntityKey[j.index.module.apply.resourcesUnion.entity.ResourcesUnion#9590], EntityKey[j.index.module.apply.resourcesUnion.entity.ResourcesUnion#9589], EntityKey[j.index.module.apply.resourcesUnion.entity.ResourcesUnion#9588], EntityKey[j.index.module.apply.resourcesUnion.entity.ResourcesUnion#9587], EntityKey[j.index.module.apply.resourcesUnion.entity.ResourcesUnion#9594], EntityKey[j.index.module.apply.resourcesUnion.entity.ResourcesUnion#9593], EntityKey[j.index.module.apply.resourcesUnion.entity.ResourcesUnion#9592], EntityKey[j.index.module.apply.resourcesUnion.entity.ResourcesUnion#9591], EntityKey[j.index.module.apply.resourcesUnion.entity.ResourcesUnion#9563], EntityKey[j.index.module.apply.resourcesUnion.entity.ResourcesUnion#9564], EntityKey[j.index.module.apply.resourcesUnion.entity.ResourcesUnion#9565], EntityKey[j.index.module.apply.resourcesUnion.entity.ResourcesUnion#9566], EntityKey[j.index.module.apply.resourcesUnion.entity.ResourcesUnion#9567], EntityKey[j.index.module.apply.resourcesUnion.entity.ResourcesUnion#9568], EntityKey[j.index.module.apply.resourcesUnion.entity.ResourcesUnion#9569], EntityKey[j.index.module.apply.resourcesUnion.entity.ResourcesUnion#9570], EntityKey[j.index.module.apply.resourcesUnion.entity.ResourcesUnion#9571], EntityKey[j.index.module.apply.resourcesUnion.entity.ResourcesUnion#9572], EntityKey[j.index.module.apply.resourcesUnion.entity.ResourcesUnion#9573], EntityKey[j.index.module.apply.resourcesUnion.entity.ResourcesUnion#9574], EntityKey[j.index.module.apply.resourcesUnion.entity.ResourcesUnion#9575], EntityKey[j.index.module.apply.resourcesUnion.entity.ResourcesUnion#9576], EntityKey[j.index.module.apply.resourcesUnion.entity.ResourcesUnion#9577], EntityKey[j.index.module.apply.resourcesUnion.entity.ResourcesUnion#9578], EntityKey[j.index.module.apply.resourcesUnion.entity.ResourcesUnion#9548], EntityKey[j.index.module.apply.resourcesUnion.entity.ResourcesUnion#9547], EntityKey[j.index.module.apply.resourcesUnion.entity.ResourcesUnion#9550], EntityKey[j.index.module.apply.resourcesUnion.entity.ResourcesUnion#9549], EntityKey[j.index.module.apply.resourcesUnion.entity.ResourcesUnion#9552], EntityKey[j.index.module.apply.resourcesUnion.entity.ResourcesUnion#9551], EntityKey[j.index.module.apply.resourcesUnion.entity.ResourcesUnion#9554], EntityKey[j.index.module.apply.resourcesUnion.entity.ResourcesUnion#9553], EntityKey[j.index.module.apply.resourcesUnion.entity.ResourcesUnion#9556], EntityKey[j.index.module.apply.resourcesUnion.entity.ResourcesUnion#9555], EntityKey[j.index.module.apply.resourcesUnion.entity.ResourcesUnion#9558], EntityKey[j.index.module.apply.resourcesUnion.entity.ResourcesUnion#9557], EntityKey[j.index.module.apply.resourcesUnion.entity.ResourcesUnion#9560], EntityKey[j.index.module.apply.resourcesUnion.entity.ResourcesUnion#9559], EntityKey[j.index.module.apply.resourcesUnion.entity.ResourcesUnion#9562], EntityKey[j.index.module.apply.resourcesUnion.entity.ResourcesUnion#9561], EntityKey[j.index.module.apply.resourcesUnion.entity.ResourcesUnion#8597], EntityKey[j.index.module.apply.resourcesUnion.entity.ResourcesUnion#8598], EntityKey[j.index.module.apply.resourcesUnion.entity.ResourcesUnion#8595], EntityKey[j.index.module.apply.resourcesUnion.entity.ResourcesUnion#8596], EntityKey[j.index.module.apply.resourcesUnion.entity.ResourcesUnion#8601], EntityKey[j.index.module.apply.resourcesUnion.entity.ResourcesUnion#8602], EntityKey[j.index.module.apply.resourcesUnion.entity.ResourcesUnion#8599], EntityKey[j.index.module.apply.resourcesUnion.entity.ResourcesUnion#8600], EntityKey[j.index.module.apply.resourcesUnion.entity.ResourcesUnion#8589], EntityKey[j.index.module.apply.resourcesUnion.entity.ResourcesUnion#8590], EntityKey[j.index.module.apply.resourcesUnion.entity.ResourcesUnion#8587], EntityKey[j.index.module.apply.resourcesUnion.entity.ResourcesUnion#8588], EntityKey[j.index.module.apply.resourcesUnion.entity.ResourcesUnion#8593], EntityKey[j.index.module.apply.resourcesUnion.entity.ResourcesUnion#8594], EntityKey[j.index.module.apply.resourcesUnion.entity.ResourcesUnion#8591], EntityKey[j.index.module.apply.resourcesUnion.entity.ResourcesUnion#8592], EntityKey[j.index.module.apply.resourcesUnion.entity.ResourcesUnion#8614], EntityKey[j.index.module.apply.resourcesUnion.entity.ResourcesUnion#8613], EntityKey[j.index.module.apply.resourcesUnion.entity.ResourcesUnion#8612], EntityKey[j.index.module.apply.resourcesUnion.entity.ResourcesUnion#8611], EntityKey[j.index.module.apply.resourcesUnion.entity.ResourcesUnion#8618], EntityKey[j.index.module.apply.resourcesUnion.entity.ResourcesUnion#8617], EntityKey[j.index.module.apply.resourcesUnion.entity.ResourcesUnion#8616], EntityKey[j.index.module.apply.resourcesUnion.entity.ResourcesUnion#8615], EntityKey[j.index.module.apply.resourcesUnion.entity.ResourcesUnion#8606], EntityKey[j.index.module.apply.resourcesUnion.entity.ResourcesUnion#8605], EntityKey[j.index.module.apply.resourcesUnion.entity.ResourcesUnion#8604], EntityKey[j.index.module.apply.resourcesUnion.entity.ResourcesUnion#8603], EntityKey[j.index.module.apply.resourcesUnion.entity.ResourcesUnion#8610], EntityKey[j.index.module.apply.resourcesUnion.entity.ResourcesUnion#8609], EntityKey[j.index.module.apply.resourcesUnion.entity.ResourcesUnion#8608], EntityKey[j.index.module.apply.resourcesUnion.entity.ResourcesUnion#8607], EntityKey[j.index.module.apply.resourcesUnion.entity.ResourcesUnion#8627], EntityKey[j.index.module.apply.resourcesUnion.entity.ResourcesUnion#8628], EntityKey[j.index.module.apply.resourcesUnion.entity.ResourcesUnion#8629], EntityKey[j.index.module.apply.resourcesUnion.entity.ResourcesUnion#8630], EntityKey[j.index.module.apply.resourcesUnion.entity.ResourcesUnion#8631], EntityKey[j.index.module.apply.resourcesUnion.entity.ResourcesUnion#8632], EntityKey[j.index.module.apply.resourcesUnion.entity.ResourcesUnion#8633], EntityKey[j.index.module.apply.resourcesUnion.entity.ResourcesUnion#8634], EntityKey[j.index.module.apply.resourcesUnion.entity.ResourcesUnion#8619], EntityKey[j.index.module.apply.resourcesUnion.entity.ResourcesUnion#8620], EntityKey[j.index.module.apply.resourcesUnion.entity.ResourcesUnion#8621], EntityKey[j.index.module.apply.resourcesUnion.entity.ResourcesUnion#8622], EntityKey[j.index.module.apply.resourcesUnion.entity.ResourcesUnion#8623], EntityKey[j.index.module.apply.resourcesUnion.entity.ResourcesUnion#8624], EntityKey[j.index.module.apply.resourcesUnion.entity.ResourcesUnion#8625], EntityKey[j.index.module.apply.resourcesUnion.entity.ResourcesUnion#8626], EntityKey[j.index.module.apply.resourcesUnion.entity.ResourcesUnion#8644], EntityKey[j.index.module.apply.resourcesUnion.entity.ResourcesUnion#8643], EntityKey[j.index.module.apply.resourcesUnion.entity.ResourcesUnion#8646], EntityKey[j.index.module.apply.resourcesUnion.entity.ResourcesUnion#8645], EntityKey[j.index.module.apply.resourcesUnion.entity.ResourcesUnion#8648], EntityKey[j.index.module.apply.resourcesUnion.entity.ResourcesUnion#8647], EntityKey[j.index.module.apply.resourcesUnion.entity.ResourcesUnion#8650], EntityKey[j.index.module.apply.resourcesUnion.entity.ResourcesUnion#8649], EntityKey[j.index.module.apply.resourcesUnion.entity.ResourcesUnion#8636], EntityKey[j.index.module.apply.resourcesUnion.entity.ResourcesUnion#8635], EntityKey[j.index.module.apply.resourcesUnion.entity.ResourcesUnion#8638], EntityKey[j.index.module.apply.resourcesUnion.entity.ResourcesUnion#8637], EntityKey[j.index.module.apply.resourcesUnion.entity.ResourcesUnion#8640], EntityKey[j.index.module.apply.resourcesUnion.entity.ResourcesUnion#8639], EntityKey[j.index.module.apply.resourcesUnion.entity.ResourcesUnion#8642], EntityKey[j.index.module.apply.resourcesUnion.entity.ResourcesUnion#8641], EntityKey[j.index.module.apply.resourcesUnion.entity.ResourcesUnion#8665], EntityKey[j.index.module.apply.resourcesUnion.entity.ResourcesUnion#8666], EntityKey[j.index.module.apply.resourcesUnion.entity.ResourcesUnion#8663], EntityKey[j.index.module.apply.resourcesUnion.entity.ResourcesUnion#8664], EntityKey[j.index.module.apply.resourcesUnion.entity.ResourcesUnion#8661], EntityKey[j.index.module.apply.resourcesUnion.entity.ResourcesUnion#8662], EntityKey[j.index.module.apply.resourcesUnion.entity.ResourcesUnion#8659], EntityKey[j.index.module.apply.resourcesUnion.entity.ResourcesUnion#8660], EntityKey[j.index.module.apply.resourcesUnion.entity.ResourcesUnion#8657], EntityKey[j.index.module.apply.resourcesUnion.entity.ResourcesUnion#8658], EntityKey[j.index.module.apply.resourcesUnion.entity.ResourcesUnion#8655], EntityKey[j.index.module.apply.resourcesUnion.entity.ResourcesUnion#8656], EntityKey[j.index.module.apply.resourcesUnion.entity.ResourcesUnion#8653], EntityKey[j.index.module.apply.resourcesUnion.entity.ResourcesUnion#8654], EntityKey[j.index.module.apply.resourcesUnion.entity.ResourcesUnion#8651], EntityKey[j.index.module.apply.resourcesUnion.entity.ResourcesUnion#8652], EntityKey[j.index.module.apply.resourcesUnion.entity.ResourcesUnion#8682], EntityKey[j.index.module.apply.resourcesUnion.entity.ResourcesUnion#8681], EntityKey[j.index.module.apply.resourcesUnion.entity.ResourcesUnion#8680], EntityKey[j.index.module.apply.resourcesUnion.entity.ResourcesUnion#8679], EntityKey[j.index.module.apply.resourcesUnion.entity.ResourcesUnion#8678], EntityKey[j.index.module.apply.resourcesUnion.entity.ResourcesUnion#8677], EntityKey[j.index.module.apply.resourcesUnion.entity.ResourcesUnion#8676], EntityKey[j.index.module.apply.resourcesUnion.entity.ResourcesUnion#8675], EntityKey[j.index.module.apply.resourcesUnion.entity.ResourcesUnion#8674], EntityKey[j.index.module.apply.resourcesUnion.entity.ResourcesUnion#8673], EntityKey[j.index.module.apply.resourcesUnion.entity.ResourcesUnion#8672], EntityKey[j.index.module.apply.resourcesUnion.entity.ResourcesUnion#8671], EntityKey[j.index.module.apply.resourcesUnion.entity.ResourcesUnion#8670], EntityKey[j.index.module.apply.resourcesUnion.entity.ResourcesUnion#8669], EntityKey[j.index.module.apply.resourcesUnion.entity.ResourcesUnion#8668], EntityKey[j.index.module.apply.resourcesUnion.entity.ResourcesUnion#8667], EntityKey[j.index.module.apply.resourcesUnion.entity.ResourcesUnion#8695], EntityKey[j.index.module.apply.resourcesUnion.entity.ResourcesUnion#8696], EntityKey[j.index.module.apply.resourcesUnion.entity.ResourcesUnion#8697], EntityKey[j.index.module.apply.resourcesUnion.entity.ResourcesUnion#8698], EntityKey[j.index.module.apply.resourcesUnion.entity.ResourcesUnion#8691], EntityKey[j.index.module.apply.resourcesUnion.entity.ResourcesUnion#8692], EntityKey[j.index.module.apply.resourcesUnion.entity.ResourcesUnion#8693], EntityKey[j.index.module.apply.resourcesUnion.entity.ResourcesUnion#8694], EntityKey[j.index.module.apply.resourcesUnion.entity.ResourcesUnion#8687], EntityKey[j.index.module.apply.resourcesUnion.entity.ResourcesUnion#8688], EntityKey[j.index.module.apply.resourcesUnion.entity.ResourcesUnion#8689], EntityKey[j.index.module.apply.resourcesUnion.entity.ResourcesUnion#8690], EntityKey[j.index.module.apply.resourcesUnion.entity.ResourcesUnion#8683], EntityKey[j.index.module.apply.resourcesUnion.entity.ResourcesUnion#8684], EntityKey[j.index.module.apply.resourcesUnion.entity.ResourcesUnion#8685], EntityKey[j.index.module.apply.resourcesUnion.entity.ResourcesUnion#8686], EntityKey[j.index.module.apply.resourcesUnion.entity.ResourcesUnion#8712], EntityKey[j.index.module.apply.resourcesUnion.entity.ResourcesUnion#8711], EntityKey[j.index.module.apply.resourcesUnion.entity.ResourcesUnion#8714], EntityKey[j.index.module.apply.resourcesUnion.entity.ResourcesUnion#8713], EntityKey[j.index.module.apply.resourcesUnion.entity.ResourcesUnion#8708], EntityKey[j.index.module.apply.resourcesUnion.entity.ResourcesUnion#8707], EntityKey[j.index.module.apply.resourcesUnion.entity.ResourcesUnion#8710], EntityKey[j.index.module.apply.resourcesUnion.entity.ResourcesUnion#8709], EntityKey[j.index.module.apply.resourcesUnion.entity.ResourcesUnion#8704], EntityKey[j.index.module.apply.resourcesUnion.entity.ResourcesUnion#8703], EntityKey[j.index.module.apply.resourcesUnion.entity.ResourcesUnion#8706], EntityKey[j.index.module.apply.resourcesUnion.entity.ResourcesUnion#8705], EntityKey[j.index.module.apply.resourcesUnion.entity.ResourcesUnion#8700], EntityKey[j.index.module.apply.resourcesUnion.entity.ResourcesUnion#8699], EntityKey[j.index.module.apply.resourcesUnion.entity.ResourcesUnion#8702], EntityKey[j.index.module.apply.resourcesUnion.entity.ResourcesUnion#8701], EntityKey[j.index.module.apply.resourcesUnion.entity.ResourcesUnion#8718], EntityKey[j.index.module.apply.resourcesUnion.entity.ResourcesUnion#8717], EntityKey[j.index.module.apply.resourcesUnion.entity.ResourcesUnion#8716], EntityKey[j.index.module.apply.resourcesUnion.entity.ResourcesUnion#8715], EntityKey[j.index.module.apply.resourcesUnion.entity.ResourcesUnion#8722], EntityKey[j.index.module.apply.resourcesUnion.entity.ResourcesUnion#8721], EntityKey[j.index.module.apply.resourcesUnion.entity.ResourcesUnion#8720], EntityKey[j.index.module.apply.resourcesUnion.entity.ResourcesUnion#8719], EntityKey[j.index.module.apply.resourcesUnion.entity.ResourcesUnion#8726], EntityKey[j.index.module.apply.resourcesUnion.entity.ResourcesUnion#8725], EntityKey[j.index.module.apply.resourcesUnion.entity.ResourcesUnion#8724], EntityKey[j.index.module.apply.resourcesUnion.entity.ResourcesUnion#8723], EntityKey[j.index.module.apply.resourcesUnion.entity.ResourcesUnion#8730], EntityKey[j.index.module.apply.resourcesUnion.entity.ResourcesUnion#8729], EntityKey[j.index.module.apply.resourcesUnion.entity.ResourcesUnion#8728], EntityKey[j.index.module.apply.resourcesUnion.entity.ResourcesUnion#8727], EntityKey[j.index.module.apply.resourcesUnion.entity.ResourcesUnion#8733], EntityKey[j.index.module.apply.resourcesUnion.entity.ResourcesUnion#8734], EntityKey[j.index.module.apply.resourcesUnion.entity.ResourcesUnion#8731], EntityKey[j.index.module.apply.resourcesUnion.entity.ResourcesUnion#8732], EntityKey[j.index.module.apply.resourcesUnion.entity.ResourcesUnion#8737], EntityKey[j.index.module.apply.resourcesUnion.entity.ResourcesUnion#8738], EntityKey[j.index.module.apply.resourcesUnion.entity.ResourcesUnion#8735], EntityKey[j.index.module.apply.resourcesUnion.entity.ResourcesUnion#8736], EntityKey[j.index.module.apply.resourcesUnion.entity.ResourcesUnion#8741], EntityKey[j.index.module.apply.resourcesUnion.entity.ResourcesUnion#8742], EntityKey[j.index.module.apply.resourcesUnion.entity.ResourcesUnion#8739], EntityKey[j.index.module.apply.resourcesUnion.entity.ResourcesUnion#8740], EntityKey[j.index.module.apply.resourcesUnion.entity.ResourcesUnion#8745], EntityKey[j.index.module.apply.resourcesUnion.entity.ResourcesUnion#8746], EntityKey[j.index.module.apply.resourcesUnion.entity.ResourcesUnion#8743], EntityKey[j.index.module.apply.resourcesUnion.entity.ResourcesUnion#8744], EntityKey[j.index.module.apply.resourcesUnion.entity.ResourcesUnion#8748], EntityKey[j.index.module.apply.resourcesUnion.entity.ResourcesUnion#8747], EntityKey[j.index.module.apply.resourcesUnion.entity.ResourcesUnion#8750], EntityKey[j.index.module.apply.resourcesUnion.entity.ResourcesUnion#8749], EntityKey[j.index.module.apply.resourcesUnion.entity.ResourcesUnion#8752], EntityKey[j.index.module.apply.resourcesUnion.entity.ResourcesUnion#8751], EntityKey[j.index.module.apply.resourcesUnion.entity.ResourcesUnion#8754], EntityKey[j.index.module.apply.resourcesUnion.entity.ResourcesUnion#8753], EntityKey[j.index.module.apply.resourcesUnion.entity.ResourcesUnion#8756], EntityKey[j.index.module.apply.resourcesUnion.entity.ResourcesUnion#8755], EntityKey[j.index.module.apply.resourcesUnion.entity.ResourcesUnion#8758], EntityKey[j.index.module.apply.resourcesUnion.entity.ResourcesUnion#8757], EntityKey[j.index.module.apply.resourcesUnion.entity.ResourcesUnion#8760], EntityKey[j.index.module.apply.resourcesUnion.entity.ResourcesUnion#8759], EntityKey[j.index.module.apply.resourcesUnion.entity.ResourcesUnion#8762], EntityKey[j.index.module.apply.resourcesUnion.entity.ResourcesUnion#8761], EntityKey[j.index.module.apply.resourcesUnion.entity.ResourcesUnion#8763], EntityKey[j.index.module.apply.resourcesUnion.entity.ResourcesUnion#8764], EntityKey[j.index.module.apply.resourcesUnion.entity.ResourcesUnion#8765], EntityKey[j.index.module.apply.resourcesUnion.entity.ResourcesUnion#8766], EntityKey[j.index.module.apply.resourcesUnion.entity.ResourcesUnion#8767], EntityKey[j.index.module.apply.resourcesUnion.entity.ResourcesUnion#8768], EntityKey[j.index.module.apply.resourcesUnion.entity.ResourcesUnion#8769], EntityKey[j.index.module.apply.resourcesUnion.entity.ResourcesUnion#8770], EntityKey[j.index.module.apply.resourcesUnion.entity.ResourcesUnion#8771], EntityKey[j.index.module.apply.resourcesUnion.entity.ResourcesUnion#8772], EntityKey[j.index.module.apply.resourcesUnion.entity.ResourcesUnion#8773], EntityKey[j.index.module.apply.resourcesUnion.entity.ResourcesUnion#8774], EntityKey[j.index.module.apply.resourcesUnion.entity.ResourcesUnion#8775], EntityKey[j.index.module.apply.resourcesUnion.entity.ResourcesUnion#8776], EntityKey[j.index.module.apply.resourcesUnion.entity.ResourcesUnion#8777], EntityKey[j.index.module.apply.resourcesUnion.entity.ResourcesUnion#8778], EntityKey[j.index.module.apply.resourcesUnion.entity.ResourcesUnion#8786], EntityKey[j.index.module.apply.resourcesUnion.entity.ResourcesUnion#8785], EntityKey[j.index.module.apply.resourcesUnion.entity.ResourcesUnion#8784], EntityKey[j.index.module.apply.resourcesUnion.entity.ResourcesUnion#8783], EntityKey[j.index.module.apply.resourcesUnion.entity.ResourcesUnion#8782], EntityKey[j.index.module.apply.resourcesUnion.entity.ResourcesUnion#8781], EntityKey[j.index.module.apply.resourcesUnion.entity.ResourcesUnion#8780], EntityKey[j.index.module.apply.resourcesUnion.entity.ResourcesUnion#8779], EntityKey[j.index.module.apply.resourcesUnion.entity.ResourcesUnion#8794], EntityKey[j.index.module.apply.resourcesUnion.entity.ResourcesUnion#8793], EntityKey[j.index.module.apply.resourcesUnion.entity.ResourcesUnion#8792], EntityKey[j.index.module.apply.resourcesUnion.entity.ResourcesUnion#8791], EntityKey[j.index.module.apply.resourcesUnion.entity.ResourcesUnion#8790], EntityKey[j.index.module.apply.resourcesUnion.entity.ResourcesUnion#8789], EntityKey[j.index.module.apply.resourcesUnion.entity.ResourcesUnion#8788], EntityKey[j.index.module.apply.resourcesUnion.entity.ResourcesUnion#8787], EntityKey[j.index.module.apply.resourcesUnion.entity.ResourcesUnion#8801], EntityKey[j.index.module.apply.resourcesUnion.entity.ResourcesUnion#8802], EntityKey[j.index.module.apply.resourcesUnion.entity.ResourcesUnion#8799], EntityKey[j.index.module.apply.resourcesUnion.entity.ResourcesUnion#8800], EntityKey[j.index.module.apply.resourcesUnion.entity.ResourcesUnion#8797], EntityKey[j.index.module.apply.resourcesUnion.entity.ResourcesUnion#8798], EntityKey[j.index.module.apply.resourcesUnion.entity.ResourcesUnion#8795], EntityKey[j.index.module.apply.resourcesUnion.entity.ResourcesUnion#8796], EntityKey[j.index.module.apply.resourcesUnion.entity.ResourcesUnion#8809], EntityKey[j.index.module.apply.resourcesUnion.entity.ResourcesUnion#8810], EntityKey[j.index.module.apply.resourcesUnion.entity.ResourcesUnion#8807], EntityKey[j.index.module.apply.resourcesUnion.entity.ResourcesUnion#8808], EntityKey[j.index.module.apply.resourcesUnion.entity.ResourcesUnion#8805], EntityKey[j.index.module.apply.resourcesUnion.entity.ResourcesUnion#8806], EntityKey[j.index.module.apply.resourcesUnion.entity.ResourcesUnion#8803], EntityKey[j.index.module.apply.resourcesUnion.entity.ResourcesUnion#8804], EntityKey[j.index.module.apply.resourcesUnion.entity.ResourcesUnion#8816], EntityKey[j.index.module.apply.resourcesUnion.entity.ResourcesUnion#8815], EntityKey[j.index.module.apply.resourcesUnion.entity.ResourcesUnion#8818], EntityKey[j.index.module.apply.resourcesUnion.entity.ResourcesUnion#8817], EntityKey[j.index.module.apply.resourcesUnion.entity.ResourcesUnion#8812], EntityKey[j.index.module.apply.resourcesUnion.entity.ResourcesUnion#8811], EntityKey[j.index.module.apply.resourcesUnion.entity.ResourcesUnion#8814], EntityKey[j.index.module.apply.resourcesUnion.entity.ResourcesUnion#8813], EntityKey[j.index.module.apply.resourcesUnion.entity.ResourcesUnion#8824], EntityKey[j.index.module.apply.resourcesUnion.entity.ResourcesUnion#8823], EntityKey[j.index.module.apply.resourcesUnion.entity.ResourcesUnion#8826], EntityKey[j.index.module.apply.resourcesUnion.entity.ResourcesUnion#8825], EntityKey[j.index.module.apply.resourcesUnion.entity.ResourcesUnion#8820], EntityKey[j.index.module.apply.resourcesUnion.entity.ResourcesUnion#8819], EntityKey[j.index.module.apply.resourcesUnion.entity.ResourcesUnion#8822], EntityKey[j.index.module.apply.resourcesUnion.entity.ResourcesUnion#8821], EntityKey[j.index.module.apply.resourcesUnion.entity.ResourcesUnion#8831], EntityKey[j.index.module.apply.resourcesUnion.entity.ResourcesUnion#8832], EntityKey[j.index.module.apply.resourcesUnion.entity.ResourcesUnion#8833], EntityKey[j.index.module.apply.resourcesUnion.entity.ResourcesUnion#8834], EntityKey[j.index.module.apply.resourcesUnion.entity.ResourcesUnion#8827], EntityKey[j.index.module.apply.resourcesUnion.entity.ResourcesUnion#8828], EntityKey[j.index.module.apply.resourcesUnion.entity.ResourcesUnion#8829], EntityKey[j.index.module.apply.resourcesUnion.entity.ResourcesUnion#8830], EntityKey[j.index.module.apply.resourcesUnion.entity.ResourcesUnion#8839], EntityKey[j.index.module.apply.resourcesUnion.entity.ResourcesUnion#8840], EntityKey[j.index.module.apply.resourcesUnion.entity.ResourcesUnion#8841], EntityKey[j.index.module.apply.resourcesUnion.entity.ResourcesUnion#8842], EntityKey[j.index.module.apply.resourcesUnion.entity.ResourcesUnion#8835], EntityKey[j.index.module.apply.resourcesUnion.entity.ResourcesUnion#8836], EntityKey[j.index.module.apply.resourcesUnion.entity.ResourcesUnion#8837], EntityKey[j.index.module.apply.resourcesUnion.entity.ResourcesUnion#8838], EntityKey[j.index.module.apply.resourcesUnion.entity.ResourcesUnion#8868], EntityKey[j.index.module.apply.resourcesUnion.entity.ResourcesUnion#8867], EntityKey[j.index.module.apply.resourcesUnion.entity.ResourcesUnion#8870], EntityKey[j.index.module.apply.resourcesUnion.entity.ResourcesUnion#8869], EntityKey[j.index.module.apply.resourcesUnion.entity.ResourcesUnion#8872], EntityKey[j.index.module.apply.resourcesUnion.entity.ResourcesUnion#8871], EntityKey[j.index.module.apply.resourcesUnion.entity.ResourcesUnion#8874], EntityKey[j.index.module.apply.resourcesUnion.entity.ResourcesUnion#8873], EntityKey[j.index.module.apply.resourcesUnion.entity.ResourcesUnion#8860], EntityKey[j.index.module.apply.resourcesUnion.entity.ResourcesUnion#8859], EntityKey[j.index.module.apply.resourcesUnion.entity.ResourcesUnion#8862], EntityKey[j.index.module.apply.resourcesUnion.entity.ResourcesUnion#8861], EntityKey[j.index.module.apply.resourcesUnion.entity.ResourcesUnion#8864], EntityKey[j.index.module.apply.resourcesUnion.entity.ResourcesUnion#8863], EntityKey[j.index.module.apply.resourcesUnion.entity.ResourcesUnion#8866], EntityKey[j.index.module.apply.resourcesUnion.entity.ResourcesUnion#8865], EntityKey[j.index.module.apply.resourcesUnion.entity.ResourcesUnion#8851], EntityKey[j.index.module.apply.resourcesUnion.entity.ResourcesUnion#8852], EntityKey[j.index.module.apply.resourcesUnion.entity.ResourcesUnion#8853], EntityKey[j.index.module.apply.resourcesUnion.entity.ResourcesUnion#8854], EntityKey[j.index.module.apply.resourcesUnion.entity.ResourcesUnion#8855], EntityKey[j.index.module.apply.resourcesUnion.entity.ResourcesUnion#8856], EntityKey[j.index.module.apply.resourcesUnion.entity.ResourcesUnion#8857], EntityKey[j.index.module.apply.resourcesUnion.entity.ResourcesUnion#8858], EntityKey[j.index.module.apply.resourcesUnion.entity.ResourcesUnion#8843], EntityKey[j.index.module.apply.resourcesUnion.entity.ResourcesUnion#8844], EntityKey[j.index.module.apply.resourcesUnion.entity.ResourcesUnion#8845], EntityKey[j.index.module.apply.resourcesUnion.entity.ResourcesUnion#8846], EntityKey[j.index.module.apply.resourcesUnion.entity.ResourcesUnion#8847], EntityKey[j.index.module.apply.resourcesUnion.entity.ResourcesUnion#8848], EntityKey[j.index.module.apply.resourcesUnion.entity.ResourcesUnion#8849], EntityKey[j.index.module.apply.resourcesUnion.entity.ResourcesUnion#8850], EntityKey[j.index.module.apply.resourcesUnion.entity.ResourcesUnion#8902], EntityKey[j.index.module.apply.resourcesUnion.entity.ResourcesUnion#8901], EntityKey[j.index.module.apply.resourcesUnion.entity.ResourcesUnion#8900], EntityKey[j.index.module.apply.resourcesUnion.entity.ResourcesUnion#8899], EntityKey[j.index.module.apply.resourcesUnion.entity.ResourcesUnion#8906], EntityKey[j.index.module.apply.resourcesUnion.entity.ResourcesUnion#8905], EntityKey[j.index.module.apply.resourcesUnion.entity.ResourcesUnion#8904], EntityKey[j.index.module.apply.resourcesUnion.entity.ResourcesUnion#8903], EntityKey[j.index.module.apply.resourcesUnion.entity.ResourcesUnion#8894], EntityKey[j.index.module.apply.resourcesUnion.entity.ResourcesUnion#8893], EntityKey[j.index.module.apply.resourcesUnion.entity.ResourcesUnion#8892], EntityKey[j.index.module.apply.resourcesUnion.entity.ResourcesUnion#8891], EntityKey[j.index.module.apply.resourcesUnion.entity.ResourcesUnion#8898], EntityKey[j.index.module.apply.resourcesUnion.entity.ResourcesUnion#8897], EntityKey[j.index.module.apply.resourcesUnion.entity.ResourcesUnion#8896], EntityKey[j.index.module.apply.resourcesUnion.entity.ResourcesUnion#8895], EntityKey[j.index.module.apply.resourcesUnion.entity.ResourcesUnion#8885], EntityKey[j.index.module.apply.resourcesUnion.entity.ResourcesUnion#8886], EntityKey[j.index.module.apply.resourcesUnion.entity.ResourcesUnion#8883], EntityKey[j.index.module.apply.resourcesUnion.entity.ResourcesUnion#8884], EntityKey[j.index.module.apply.resourcesUnion.entity.ResourcesUnion#8889], EntityKey[j.index.module.apply.resourcesUnion.entity.ResourcesUnion#8890], EntityKey[j.index.module.apply.resourcesUnion.entity.ResourcesUnion#8887], EntityKey[j.index.module.apply.resourcesUnion.entity.ResourcesUnion#8888], EntityKey[j.index.module.apply.resourcesUnion.entity.ResourcesUnion#8877], EntityKey[j.index.module.apply.resourcesUnion.entity.ResourcesUnion#8878], EntityKey[j.index.module.apply.resourcesUnion.entity.ResourcesUnion#8875], EntityKey[j.index.module.apply.resourcesUnion.entity.ResourcesUnion#8876], EntityKey[j.index.module.apply.resourcesUnion.entity.ResourcesUnion#8881], EntityKey[j.index.module.apply.resourcesUnion.entity.ResourcesUnion#8882], EntityKey[j.index.module.apply.resourcesUnion.entity.ResourcesUnion#8879], EntityKey[j.index.module.apply.resourcesUnion.entity.ResourcesUnion#8880], EntityKey[j.index.module.apply.resourcesUnion.entity.ResourcesUnion#8936], EntityKey[j.index.module.apply.resourcesUnion.entity.ResourcesUnion#8935], EntityKey[j.index.module.apply.resourcesUnion.entity.ResourcesUnion#8938], EntityKey[j.index.module.apply.resourcesUnion.entity.ResourcesUnion#8937], EntityKey[j.index.module.apply.resourcesUnion.entity.ResourcesUnion#8932], EntityKey[j.index.module.apply.resourcesUnion.entity.ResourcesUnion#8931], EntityKey[j.index.module.apply.resourcesUnion.entity.ResourcesUnion#8934], EntityKey[j.index.module.apply.resourcesUnion.entity.ResourcesUnion#8933], EntityKey[j.index.module.apply.resourcesUnion.entity.ResourcesUnion#8928], EntityKey[j.index.module.apply.resourcesUnion.entity.ResourcesUnion#8927], EntityKey[j.index.module.apply.resourcesUnion.entity.ResourcesUnion#8930], EntityKey[j.index.module.apply.resourcesUnion.entity.ResourcesUnion#8929], EntityKey[j.index.module.apply.resourcesUnion.entity.ResourcesUnion#8924], EntityKey[j.index.module.apply.resourcesUnion.entity.ResourcesUnion#8923], EntityKey[j.index.module.apply.resourcesUnion.entity.ResourcesUnion#8926], EntityKey[j.index.module.apply.resourcesUnion.entity.ResourcesUnion#8925], EntityKey[j.index.module.apply.resourcesUnion.entity.ResourcesUnion#8919], EntityKey[j.index.module.apply.resourcesUnion.entity.ResourcesUnion#8920], EntityKey[j.index.module.apply.resourcesUnion.entity.ResourcesUnion#8921], EntityKey[j.index.module.apply.resourcesUnion.entity.ResourcesUnion#8922], EntityKey[j.index.module.apply.resourcesUnion.entity.ResourcesUnion#8915], EntityKey[j.index.module.apply.resourcesUnion.entity.ResourcesUnion#8916], EntityKey[j.index.module.apply.resourcesUnion.entity.ResourcesUnion#8917], EntityKey[j.index.module.apply.resourcesUnion.entity.ResourcesUnion#8918], EntityKey[j.index.module.apply.resourcesUnion.entity.ResourcesUnion#8911], EntityKey[j.index.module.apply.resourcesUnion.entity.ResourcesUnion#8912], EntityKey[j.index.module.apply.resourcesUnion.entity.ResourcesUnion#8913], EntityKey[j.index.module.apply.resourcesUnion.entity.ResourcesUnion#8914], EntityKey[j.index.module.apply.resourcesUnion.entity.ResourcesUnion#8907], EntityKey[j.index.module.apply.resourcesUnion.entity.ResourcesUnion#8908], EntityKey[j.index.module.apply.resourcesUnion.entity.ResourcesUnion#8909], EntityKey[j.index.module.apply.resourcesUnion.entity.ResourcesUnion#8910], EntityKey[j.index.module.apply.resourcesUnion.entity.ResourcesUnion#8970], EntityKey[j.index.module.apply.resourcesUnion.entity.ResourcesUnion#8969], EntityKey[j.index.module.apply.resourcesUnion.entity.ResourcesUnion#8968], EntityKey[j.index.module.apply.resourcesUnion.entity.ResourcesUnion#8967], EntityKey[j.index.module.apply.resourcesUnion.entity.ResourcesUnion#8966], EntityKey[j.index.module.apply.resourcesUnion.entity.ResourcesUnion#8965], EntityKey[j.index.module.apply.resourcesUnion.entity.ResourcesUnion#8964], EntityKey[j.index.module.apply.resourcesUnion.entity.ResourcesUnion#8963], EntityKey[j.index.module.apply.resourcesUnion.entity.ResourcesUnion#8962], EntityKey[j.index.module.apply.resourcesUnion.entity.ResourcesUnion#8961], EntityKey[j.index.module.apply.resourcesUnion.entity.ResourcesUnion#8960], EntityKey[j.index.module.apply.resourcesUnion.entity.ResourcesUnion#8959], EntityKey[j.index.module.apply.resourcesUnion.entity.ResourcesUnion#8958], EntityKey[j.index.module.apply.resourcesUnion.entity.ResourcesUnion#8957], EntityKey[j.index.module.apply.resourcesUnion.entity.ResourcesUnion#8956], EntityKey[j.index.module.apply.resourcesUnion.entity.ResourcesUnion#8955], EntityKey[j.index.module.apply.resourcesUnion.entity.ResourcesUnion#8953], EntityKey[j.index.module.apply.resourcesUnion.entity.ResourcesUnion#8954], EntityKey[j.index.module.apply.resourcesUnion.entity.ResourcesUnion#8951], EntityKey[j.index.module.apply.resourcesUnion.entity.ResourcesUnion#8952], EntityKey[j.index.module.apply.resourcesUnion.entity.ResourcesUnion#8949], EntityKey[j.index.module.apply.resourcesUnion.entity.ResourcesUnion#8950], EntityKey[j.index.module.apply.resourcesUnion.entity.ResourcesUnion#8947], EntityKey[j.index.module.apply.resourcesUnion.entity.ResourcesUnion#8948], EntityKey[j.index.module.apply.resourcesUnion.entity.ResourcesUnion#8945], EntityKey[j.index.module.apply.resourcesUnion.entity.ResourcesUnion#8946], EntityKey[j.index.module.apply.resourcesUnion.entity.ResourcesUnion#8943], EntityKey[j.index.module.apply.resourcesUnion.entity.ResourcesUnion#8944], EntityKey[j.index.module.apply.resourcesUnion.entity.ResourcesUnion#8941], EntityKey[j.index.module.apply.resourcesUnion.entity.ResourcesUnion#8942], EntityKey[j.index.module.apply.resourcesUnion.entity.ResourcesUnion#8939], EntityKey[j.index.module.apply.resourcesUnion.entity.ResourcesUnion#8940], EntityKey[j.index.module.apply.resourcesUnion.entity.ResourcesUnion#8987], EntityKey[j.index.module.apply.resourcesUnion.entity.ResourcesUnion#8988], EntityKey[j.index.module.apply.resourcesUnion.entity.ResourcesUnion#8989], EntityKey[j.index.module.apply.resourcesUnion.entity.ResourcesUnion#8990], EntityKey[j.index.module.apply.resourcesUnion.entity.ResourcesUnion#8991], EntityKey[j.index.module.apply.resourcesUnion.entity.ResourcesUnion#8992], EntityKey[j.index.module.apply.resourcesUnion.entity.ResourcesUnion#8993], EntityKey[j.index.module.apply.resourcesUnion.entity.ResourcesUnion#8994], EntityKey[j.index.module.apply.resourcesUnion.entity.ResourcesUnion#8995], EntityKey[j.index.module.apply.resourcesUnion.entity.ResourcesUnion#8996], EntityKey[j.index.module.apply.resourcesUnion.entity.ResourcesUnion#8997], EntityKey[j.index.module.apply.resourcesUnion.entity.ResourcesUnion#8998], EntityKey[j.index.module.apply.resourcesUnion.entity.ResourcesUnion#8999], EntityKey[j.index.module.apply.resourcesUnion.entity.ResourcesUnion#9000], EntityKey[j.index.module.apply.resourcesUnion.entity.ResourcesUnion#9001], EntityKey[j.index.module.apply.resourcesUnion.entity.ResourcesUnion#9002], EntityKey[j.index.module.apply.resourcesUnion.entity.ResourcesUnion#8972], EntityKey[j.index.module.apply.resourcesUnion.entity.ResourcesUnion#8971], EntityKey[j.index.module.apply.resourcesUnion.entity.ResourcesUnion#8974], EntityKey[j.index.module.apply.resourcesUnion.entity.ResourcesUnion#8973], EntityKey[j.index.module.apply.resourcesUnion.entity.ResourcesUnion#8976], EntityKey[j.index.module.apply.resourcesUnion.entity.ResourcesUnion#8975], EntityKey[j.index.module.apply.resourcesUnion.entity.ResourcesUnion#8978], EntityKey[j.index.module.apply.resourcesUnion.entity.ResourcesUnion#8977], EntityKey[j.index.module.apply.resourcesUnion.entity.ResourcesUnion#8980], EntityKey[j.index.module.apply.resourcesUnion.entity.ResourcesUnion#8979], EntityKey[j.index.module.apply.resourcesUnion.entity.ResourcesUnion#8982], EntityKey[j.index.module.apply.resourcesUnion.entity.ResourcesUnion#8981], EntityKey[j.index.module.apply.resourcesUnion.entity.ResourcesUnion#8984], EntityKey[j.index.module.apply.resourcesUnion.entity.ResourcesUnion#8983], EntityKey[j.index.module.apply.resourcesUnion.entity.ResourcesUnion#8986], EntityKey[j.index.module.apply.resourcesUnion.entity.ResourcesUnion#8985], EntityKey[j.index.module.apply.resourcesUnion.entity.ResourcesUnion#9021], EntityKey[j.index.module.apply.resourcesUnion.entity.ResourcesUnion#9022], EntityKey[j.index.module.apply.resourcesUnion.entity.ResourcesUnion#9019], EntityKey[j.index.module.apply.resourcesUnion.entity.ResourcesUnion#9020], EntityKey[j.index.module.apply.resourcesUnion.entity.ResourcesUnion#9025], EntityKey[j.index.module.apply.resourcesUnion.entity.ResourcesUnion#9026], EntityKey[j.index.module.apply.resourcesUnion.entity.ResourcesUnion#9023], EntityKey[j.index.module.apply.resourcesUnion.entity.ResourcesUnion#9024], EntityKey[j.index.module.apply.resourcesUnion.entity.ResourcesUnion#9029], EntityKey[j.index.module.apply.resourcesUnion.entity.ResourcesUnion#9030], EntityKey[j.index.module.apply.resourcesUnion.entity.ResourcesUnion#9027], EntityKey[j.index.module.apply.resourcesUnion.entity.ResourcesUnion#9028], EntityKey[j.index.module.apply.resourcesUnion.entity.ResourcesUnion#9033], EntityKey[j.index.module.apply.resourcesUnion.entity.ResourcesUnion#9034], EntityKey[j.index.module.apply.resourcesUnion.entity.ResourcesUnion#9031], EntityKey[j.index.module.apply.resourcesUnion.entity.ResourcesUnion#9032], EntityKey[j.index.module.apply.resourcesUnion.entity.ResourcesUnion#9006], EntityKey[j.index.module.apply.resourcesUnion.entity.ResourcesUnion#9005], EntityKey[j.index.module.apply.resourcesUnion.entity.ResourcesUnion#9004], EntityKey[j.index.module.apply.resourcesUnion.entity.ResourcesUnion#9003], EntityKey[j.index.module.apply.resourcesUnion.entity.ResourcesUnion#9010], EntityKey[j.index.module.apply.resourcesUnion.entity.ResourcesUnion#9009], EntityKey[j.index.module.apply.resourcesUnion.entity.ResourcesUnion#9008], EntityKey[j.index.module.apply.resourcesUnion.entity.ResourcesUnion#9007], EntityKey[j.index.module.apply.resourcesUnion.entity.ResourcesUnion#9014], EntityKey[j.index.module.apply.resourcesUnion.entity.ResourcesUnion#9013], EntityKey[j.index.module.apply.resourcesUnion.entity.ResourcesUnion#9012], EntityKey[j.index.module.apply.resourcesUnion.entity.ResourcesUnion#9011], EntityKey[j.index.module.apply.resourcesUnion.entity.ResourcesUnion#9018], EntityKey[j.index.module.apply.resourcesUnion.entity.ResourcesUnion#9017], EntityKey[j.index.module.apply.resourcesUnion.entity.ResourcesUnion#9016], EntityKey[j.index.module.apply.resourcesUnion.entity.ResourcesUnion#9015], EntityKey[j.index.module.apply.resourcesUnion.entity.ResourcesUnion#9055], EntityKey[j.index.module.apply.resourcesUnion.entity.ResourcesUnion#9056], EntityKey[j.index.module.apply.resourcesUnion.entity.ResourcesUnion#9057], EntityKey[j.index.module.apply.resourcesUnion.entity.ResourcesUnion#9058], EntityKey[j.index.module.apply.resourcesUnion.entity.ResourcesUnion#9051], EntityKey[j.index.module.apply.resourcesUnion.entity.ResourcesUnion#9052], EntityKey[j.index.module.apply.resourcesUnion.entity.ResourcesUnion#9053], EntityKey[j.index.module.apply.resourcesUnion.entity.ResourcesUnion#9054], EntityKey[j.index.module.apply.resourcesUnion.entity.ResourcesUnion#9063], EntityKey[j.index.module.apply.resourcesUnion.entity.ResourcesUnion#9064], EntityKey[j.index.module.apply.resourcesUnion.entity.ResourcesUnion#9065], EntityKey[j.index.module.apply.resourcesUnion.entity.ResourcesUnion#9066], EntityKey[j.index.module.apply.resourcesUnion.entity.ResourcesUnion#9059], EntityKey[j.index.module.apply.resourcesUnion.entity.ResourcesUnion#9060], EntityKey[j.index.module.apply.resourcesUnion.entity.ResourcesUnion#9061], EntityKey[j.index.module.apply.resourcesUnion.entity.ResourcesUnion#9062], EntityKey[j.index.module.apply.resourcesUnion.entity.ResourcesUnion#9040], EntityKey[j.index.module.apply.resourcesUnion.entity.ResourcesUnion#9039], EntityKey[j.index.module.apply.resourcesUnion.entity.ResourcesUnion#9042], EntityKey[j.index.module.apply.resourcesUnion.entity.ResourcesUnion#9041], EntityKey[j.index.module.apply.resourcesUnion.entity.ResourcesUnion#9036], EntityKey[j.index.module.apply.resourcesUnion.entity.ResourcesUnion#9035], EntityKey[j.index.module.apply.resourcesUnion.entity.ResourcesUnion#9038], EntityKey[j.index.module.apply.resourcesUnion.entity.ResourcesUnion#9037], EntityKey[j.index.module.apply.resourcesUnion.entity.ResourcesUnion#9048], EntityKey[j.index.module.apply.resourcesUnion.entity.ResourcesUnion#9047], EntityKey[j.index.module.apply.resourcesUnion.entity.ResourcesUnion#9050], EntityKey[j.index.module.apply.resourcesUnion.entity.ResourcesUnion#9049], EntityKey[j.index.module.apply.resourcesUnion.entity.ResourcesUnion#9044], EntityKey[j.index.module.apply.resourcesUnion.entity.ResourcesUnion#9043], EntityKey[j.index.module.apply.resourcesUnion.entity.ResourcesUnion#9046], EntityKey[j.index.module.apply.resourcesUnion.entity.ResourcesUnion#9045], EntityKey[j.index.module.apply.resourcesUnion.entity.ResourcesUnion#9089], EntityKey[j.index.module.apply.resourcesUnion.entity.ResourcesUnion#9090], EntityKey[j.index.module.apply.resourcesUnion.entity.ResourcesUnion#9087], EntityKey[j.index.module.apply.resourcesUnion.entity.ResourcesUnion#9088], EntityKey[j.index.module.apply.resourcesUnion.entity.ResourcesUnion#9085], EntityKey[j.index.module.apply.resourcesUnion.entity.ResourcesUnion#9086], EntityKey[j.index.module.apply.resourcesUnion.entity.ResourcesUnion#9083], EntityKey[j.index.module.apply.resourcesUnion.entity.ResourcesUnion#9084], EntityKey[j.index.module.apply.resourcesUnion.entity.ResourcesUnion#9097], EntityKey[j.index.module.apply.resourcesUnion.entity.ResourcesUnion#9098], EntityKey[j.index.module.apply.resourcesUnion.entity.ResourcesUnion#9095], EntityKey[j.index.module.apply.resourcesUnion.entity.ResourcesUnion#9096], EntityKey[j.index.module.apply.resourcesUnion.entity.ResourcesUnion#9093], EntityKey[j.index.module.apply.resourcesUnion.entity.ResourcesUnion#9094], EntityKey[j.index.module.apply.resourcesUnion.entity.ResourcesUnion#9091], EntityKey[j.index.module.apply.resourcesUnion.entity.ResourcesUnion#9092], EntityKey[j.index.module.apply.resourcesUnion.entity.ResourcesUnion#9074], EntityKey[j.index.module.apply.resourcesUnion.entity.ResourcesUnion#9073], EntityKey[j.index.module.apply.resourcesUnion.entity.ResourcesUnion#9072], EntityKey[j.index.module.apply.resourcesUnion.entity.ResourcesUnion#9071], EntityKey[j.index.module.apply.resourcesUnion.entity.ResourcesUnion#9070], EntityKey[j.index.module.apply.resourcesUnion.entity.ResourcesUnion#9069], EntityKey[j.index.module.apply.resourcesUnion.entity.ResourcesUnion#9068], EntityKey[j.index.module.apply.resourcesUnion.entity.ResourcesUnion#9067], EntityKey[j.index.module.apply.resourcesUnion.entity.ResourcesUnion#9082], EntityKey[j.index.module.apply.resourcesUnion.entity.ResourcesUnion#9081], EntityKey[j.index.module.apply.resourcesUnion.entity.ResourcesUnion#9080], EntityKey[j.index.module.apply.resourcesUnion.entity.ResourcesUnion#9079], EntityKey[j.index.module.apply.resourcesUnion.entity.ResourcesUnion#9078], EntityKey[j.index.module.apply.resourcesUnion.entity.ResourcesUnion#9077], EntityKey[j.index.module.apply.resourcesUnion.entity.ResourcesUnion#9076], EntityKey[j.index.module.apply.resourcesUnion.entity.ResourcesUnion#9075], EntityKey[j.index.module.apply.resourcesUnion.entity.ResourcesUnion#10371], EntityKey[j.index.module.apply.resourcesUnion.entity.ResourcesUnion#10372], EntityKey[j.index.module.apply.resourcesUnion.entity.ResourcesUnion#10373], EntityKey[j.index.module.apply.resourcesUnion.entity.ResourcesUnion#10374], EntityKey[j.index.module.apply.resourcesUnion.entity.ResourcesUnion#10375], EntityKey[j.index.module.apply.resourcesUnion.entity.ResourcesUnion#10376], EntityKey[j.index.module.apply.resourcesUnion.entity.ResourcesUnion#10377], EntityKey[j.index.module.apply.resourcesUnion.entity.ResourcesUnion#10378], EntityKey[j.index.module.apply.resourcesUnion.entity.ResourcesUnion#10363], EntityKey[j.index.module.apply.resourcesUnion.entity.ResourcesUnion#10364], EntityKey[j.index.module.apply.resourcesUnion.entity.ResourcesUnion#10365], EntityKey[j.index.module.apply.resourcesUnion.entity.ResourcesUnion#10366], EntityKey[j.index.module.apply.resourcesUnion.entity.ResourcesUnion#10367], EntityKey[j.index.module.apply.resourcesUnion.entity.ResourcesUnion#10368], EntityKey[j.index.module.apply.resourcesUnion.entity.ResourcesUnion#10369], EntityKey[j.index.module.apply.resourcesUnion.entity.ResourcesUnion#10370], EntityKey[j.index.module.apply.resourcesUnion.entity.ResourcesUnion#10356], EntityKey[j.index.module.apply.resourcesUnion.entity.ResourcesUnion#10355], EntityKey[j.index.module.apply.resourcesUnion.entity.ResourcesUnion#10358], EntityKey[j.index.module.apply.resourcesUnion.entity.ResourcesUnion#10357], EntityKey[j.index.module.apply.resourcesUnion.entity.ResourcesUnion#10360], EntityKey[j.index.module.apply.resourcesUnion.entity.ResourcesUnion#10359], EntityKey[j.index.module.apply.resourcesUnion.entity.ResourcesUnion#10362], EntityKey[j.index.module.apply.resourcesUnion.entity.ResourcesUnion#10361], EntityKey[j.index.module.apply.resourcesUnion.entity.ResourcesUnion#10348], EntityKey[j.index.module.apply.resourcesUnion.entity.ResourcesUnion#10347], EntityKey[j.index.module.apply.resourcesUnion.entity.ResourcesUnion#10350], EntityKey[j.index.module.apply.resourcesUnion.entity.ResourcesUnion#10349], EntityKey[j.index.module.apply.resourcesUnion.entity.ResourcesUnion#10352], EntityKey[j.index.module.apply.resourcesUnion.entity.ResourcesUnion#10351], EntityKey[j.index.module.apply.resourcesUnion.entity.ResourcesUnion#10354], EntityKey[j.index.module.apply.resourcesUnion.entity.ResourcesUnion#10353], EntityKey[j.index.module.apply.resourcesUnion.entity.ResourcesUnion#10341], EntityKey[j.index.module.apply.resourcesUnion.entity.ResourcesUnion#10342], EntityKey[j.index.module.apply.resourcesUnion.entity.ResourcesUnion#10339], EntityKey[j.index.module.apply.resourcesUnion.entity.ResourcesUnion#10340], EntityKey[j.index.module.apply.resourcesUnion.entity.ResourcesUnion#10345], EntityKey[j.index.module.apply.resourcesUnion.entity.ResourcesUnion#10346], EntityKey[j.index.module.apply.resourcesUnion.entity.ResourcesUnion#10343], EntityKey[j.index.module.apply.resourcesUnion.entity.ResourcesUnion#10344], EntityKey[j.index.module.apply.resourcesUnion.entity.ResourcesUnion#10333], EntityKey[j.index.module.apply.resourcesUnion.entity.ResourcesUnion#10334], EntityKey[j.index.module.apply.resourcesUnion.entity.ResourcesUnion#10331], EntityKey[j.index.module.apply.resourcesUnion.entity.ResourcesUnion#10332], EntityKey[j.index.module.apply.resourcesUnion.entity.ResourcesUnion#10337], EntityKey[j.index.module.apply.resourcesUnion.entity.ResourcesUnion#10338], EntityKey[j.index.module.apply.resourcesUnion.entity.ResourcesUnion#10335], EntityKey[j.index.module.apply.resourcesUnion.entity.ResourcesUnion#10336], EntityKey[j.index.module.apply.resourcesUnion.entity.ResourcesUnion#10326], EntityKey[j.index.module.apply.resourcesUnion.entity.ResourcesUnion#10325], EntityKey[j.index.module.apply.resourcesUnion.entity.ResourcesUnion#10324], EntityKey[j.index.module.apply.resourcesUnion.entity.ResourcesUnion#10323], EntityKey[j.index.module.apply.resourcesUnion.entity.ResourcesUnion#10330], EntityKey[j.index.module.apply.resourcesUnion.entity.ResourcesUnion#10329], EntityKey[j.index.module.apply.resourcesUnion.entity.ResourcesUnion#10328], EntityKey[j.index.module.apply.resourcesUnion.entity.ResourcesUnion#10327], EntityKey[j.index.module.apply.resourcesUnion.entity.ResourcesUnion#10318], EntityKey[j.index.module.apply.resourcesUnion.entity.ResourcesUnion#10317], EntityKey[j.index.module.apply.resourcesUnion.entity.ResourcesUnion#10316], EntityKey[j.index.module.apply.resourcesUnion.entity.ResourcesUnion#10315], EntityKey[j.index.module.apply.resourcesUnion.entity.ResourcesUnion#10322], EntityKey[j.index.module.apply.resourcesUnion.entity.ResourcesUnion#10321], EntityKey[j.index.module.apply.resourcesUnion.entity.ResourcesUnion#10320], EntityKey[j.index.module.apply.resourcesUnion.entity.ResourcesUnion#10319], EntityKey[j.index.module.apply.resourcesUnion.entity.ResourcesUnion#10311], EntityKey[j.index.module.apply.resourcesUnion.entity.ResourcesUnion#10312], EntityKey[j.index.module.apply.resourcesUnion.entity.ResourcesUnion#10313], EntityKey[j.index.module.apply.resourcesUnion.entity.ResourcesUnion#10314], EntityKey[j.index.module.apply.resourcesUnion.entity.ResourcesUnion#10307], EntityKey[j.index.module.apply.resourcesUnion.entity.ResourcesUnion#10308], EntityKey[j.index.module.apply.resourcesUnion.entity.ResourcesUnion#10309], EntityKey[j.index.module.apply.resourcesUnion.entity.ResourcesUnion#10310], EntityKey[j.index.module.apply.resourcesUnion.entity.ResourcesUnion#10303], EntityKey[j.index.module.apply.resourcesUnion.entity.ResourcesUnion#10304], EntityKey[j.index.module.apply.resourcesUnion.entity.ResourcesUnion#10305], EntityKey[j.index.module.apply.resourcesUnion.entity.ResourcesUnion#10306], EntityKey[j.index.module.apply.resourcesUnion.entity.ResourcesUnion#10299], EntityKey[j.index.module.apply.resourcesUnion.entity.ResourcesUnion#10300], EntityKey[j.index.module.apply.resourcesUnion.entity.ResourcesUnion#10301], EntityKey[j.index.module.apply.resourcesUnion.entity.ResourcesUnion#10302], EntityKey[j.index.module.apply.resourcesUnion.entity.ResourcesUnion#10296], EntityKey[j.index.module.apply.resourcesUnion.entity.ResourcesUnion#10295], EntityKey[j.index.module.apply.resourcesUnion.entity.ResourcesUnion#10298], EntityKey[j.index.module.apply.resourcesUnion.entity.ResourcesUnion#10297], EntityKey[j.index.module.apply.resourcesUnion.entity.ResourcesUnion#10292], EntityKey[j.index.module.apply.resourcesUnion.entity.ResourcesUnion#10291], EntityKey[j.index.module.apply.resourcesUnion.entity.ResourcesUnion#10294], EntityKey[j.index.module.apply.resourcesUnion.entity.ResourcesUnion#10293], EntityKey[j.index.module.apply.resourcesUnion.entity.ResourcesUnion#10288], EntityKey[j.index.module.apply.resourcesUnion.entity.ResourcesUnion#10287], EntityKey[j.index.module.apply.resourcesUnion.entity.ResourcesUnion#10290], EntityKey[j.index.module.apply.resourcesUnion.entity.ResourcesUnion#10289], EntityKey[j.index.module.apply.resourcesUnion.entity.ResourcesUnion#10284], EntityKey[j.index.module.apply.resourcesUnion.entity.ResourcesUnion#10283], EntityKey[j.index.module.apply.resourcesUnion.entity.ResourcesUnion#10286], EntityKey[j.index.module.apply.resourcesUnion.entity.ResourcesUnion#10285], EntityKey[j.index.module.apply.resourcesUnion.entity.ResourcesUnion#10281], EntityKey[j.index.module.apply.resourcesUnion.entity.ResourcesUnion#10282], EntityKey[j.index.module.apply.resourcesUnion.entity.ResourcesUnion#10279], EntityKey[j.index.module.apply.resourcesUnion.entity.ResourcesUnion#10280], EntityKey[j.index.module.apply.resourcesUnion.entity.ResourcesUnion#10277], EntityKey[j.index.module.apply.resourcesUnion.entity.ResourcesUnion#10278], EntityKey[j.index.module.apply.resourcesUnion.entity.ResourcesUnion#10275], EntityKey[j.index.module.apply.resourcesUnion.entity.ResourcesUnion#10276], EntityKey[j.index.module.apply.resourcesUnion.entity.ResourcesUnion#10273], EntityKey[j.index.module.apply.resourcesUnion.entity.ResourcesUnion#10274], EntityKey[j.index.module.apply.resourcesUnion.entity.ResourcesUnion#10271], EntityKey[j.index.module.apply.resourcesUnion.entity.ResourcesUnion#10272], EntityKey[j.index.module.apply.resourcesUnion.entity.ResourcesUnion#10269], EntityKey[j.index.module.apply.resourcesUnion.entity.ResourcesUnion#10270], EntityKey[j.index.module.apply.resourcesUnion.entity.ResourcesUnion#10267], EntityKey[j.index.module.apply.resourcesUnion.entity.ResourcesUnion#10268], EntityKey[j.index.module.apply.resourcesUnion.entity.ResourcesUnion#10266], EntityKey[j.index.module.apply.resourcesUnion.entity.ResourcesUnion#10265], EntityKey[j.index.module.apply.resourcesUnion.entity.ResourcesUnion#10264], EntityKey[j.index.module.apply.resourcesUnion.entity.ResourcesUnion#10263], EntityKey[j.index.module.apply.resourcesUnion.entity.ResourcesUnion#10262], EntityKey[j.index.module.apply.resourcesUnion.entity.ResourcesUnion#10261], EntityKey[j.index.module.apply.resourcesUnion.entity.ResourcesUnion#10260], EntityKey[j.index.module.apply.resourcesUnion.entity.ResourcesUnion#10259], EntityKey[j.index.module.apply.resourcesUnion.entity.ResourcesUnion#10258], EntityKey[j.index.module.apply.resourcesUnion.entity.ResourcesUnion#10257], EntityKey[j.index.module.apply.resourcesUnion.entity.ResourcesUnion#10256], EntityKey[j.index.module.apply.resourcesUnion.entity.ResourcesUnion#10255], EntityKey[j.index.module.apply.resourcesUnion.entity.ResourcesUnion#10254], EntityKey[j.index.module.apply.resourcesUnion.entity.ResourcesUnion#10253], EntityKey[j.index.module.apply.resourcesUnion.entity.ResourcesUnion#10252], EntityKey[j.index.module.apply.resourcesUnion.entity.ResourcesUnion#10251], EntityKey[j.index.module.apply.resourcesUnion.entity.ResourcesUnion#10236], EntityKey[j.index.module.apply.resourcesUnion.entity.ResourcesUnion#10235], EntityKey[j.index.module.apply.resourcesUnion.entity.ResourcesUnion#10238], EntityKey[j.index.module.apply.resourcesUnion.entity.ResourcesUnion#10237], EntityKey[j.index.module.apply.resourcesUnion.entity.ResourcesUnion#10240], EntityKey[j.index.module.apply.resourcesUnion.entity.ResourcesUnion#10239], EntityKey[j.index.module.apply.resourcesUnion.entity.ResourcesUnion#10242], EntityKey[j.index.module.apply.resourcesUnion.entity.ResourcesUnion#10241], EntityKey[j.index.module.apply.resourcesUnion.entity.ResourcesUnion#10244], EntityKey[j.index.module.apply.resourcesUnion.entity.ResourcesUnion#10243], EntityKey[j.index.module.apply.resourcesUnion.entity.ResourcesUnion#10246], EntityKey[j.index.module.apply.resourcesUnion.entity.ResourcesUnion#10245], EntityKey[j.index.module.apply.resourcesUnion.entity.ResourcesUnion#10248], EntityKey[j.index.module.apply.resourcesUnion.entity.ResourcesUnion#10247], EntityKey[j.index.module.apply.resourcesUnion.entity.ResourcesUnion#10250], EntityKey[j.index.module.apply.resourcesUnion.entity.ResourcesUnion#10249], EntityKey[j.index.module.apply.resourcesUnion.entity.ResourcesUnion#10219], EntityKey[j.index.module.apply.resourcesUnion.entity.ResourcesUnion#10220], EntityKey[j.index.module.apply.resourcesUnion.entity.ResourcesUnion#10221], EntityKey[j.index.module.apply.resourcesUnion.entity.ResourcesUnion#10222], EntityKey[j.index.module.apply.resourcesUnion.entity.ResourcesUnion#10223], EntityKey[j.index.module.apply.resourcesUnion.entity.ResourcesUnion#10224], EntityKey[j.index.module.apply.resourcesUnion.entity.ResourcesUnion#10225], EntityKey[j.index.module.apply.resourcesUnion.entity.ResourcesUnion#10226], EntityKey[j.index.module.apply.resourcesUnion.entity.ResourcesUnion#10227], EntityKey[j.index.module.apply.resourcesUnion.entity.ResourcesUnion#10228], EntityKey[j.index.module.apply.resourcesUnion.entity.ResourcesUnion#10229], EntityKey[j.index.module.apply.resourcesUnion.entity.ResourcesUnion#10230], EntityKey[j.index.module.apply.resourcesUnion.entity.ResourcesUnion#10231], EntityKey[j.index.module.apply.resourcesUnion.entity.ResourcesUnion#10232], EntityKey[j.index.module.apply.resourcesUnion.entity.ResourcesUnion#10233], EntityKey[j.index.module.apply.resourcesUnion.entity.ResourcesUnion#10234], EntityKey[j.index.module.apply.resourcesUnion.entity.ResourcesUnion#10206], EntityKey[j.index.module.apply.resourcesUnion.entity.ResourcesUnion#10205], EntityKey[j.index.module.apply.resourcesUnion.entity.ResourcesUnion#10204], EntityKey[j.index.module.apply.resourcesUnion.entity.ResourcesUnion#10203], EntityKey[j.index.module.apply.resourcesUnion.entity.ResourcesUnion#10210], EntityKey[j.index.module.apply.resourcesUnion.entity.ResourcesUnion#10209], EntityKey[j.index.module.apply.resourcesUnion.entity.ResourcesUnion#10208], EntityKey[j.index.module.apply.resourcesUnion.entity.ResourcesUnion#10207], EntityKey[j.index.module.apply.resourcesUnion.entity.ResourcesUnion#10214], EntityKey[j.index.module.apply.resourcesUnion.entity.ResourcesUnion#10213], EntityKey[j.index.module.apply.resourcesUnion.entity.ResourcesUnion#10212], EntityKey[j.index.module.apply.resourcesUnion.entity.ResourcesUnion#10211], EntityKey[j.index.module.apply.resourcesUnion.entity.ResourcesUnion#10218], EntityKey[j.index.module.apply.resourcesUnion.entity.ResourcesUnion#10217], EntityKey[j.index.module.apply.resourcesUnion.entity.ResourcesUnion#10216], EntityKey[j.index.module.apply.resourcesUnion.entity.ResourcesUnion#10215], EntityKey[j.index.module.apply.resourcesUnion.entity.ResourcesUnion#10189], EntityKey[j.index.module.apply.resourcesUnion.entity.ResourcesUnion#10190], EntityKey[j.index.module.apply.resourcesUnion.entity.ResourcesUnion#10187], EntityKey[j.index.module.apply.resourcesUnion.entity.ResourcesUnion#10188], EntityKey[j.index.module.apply.resourcesUnion.entity.ResourcesUnion#10193], EntityKey[j.index.module.apply.resourcesUnion.entity.ResourcesUnion#10194], EntityKey[j.index.module.apply.resourcesUnion.entity.ResourcesUnion#10191], EntityKey[j.index.module.apply.resourcesUnion.entity.ResourcesUnion#10192], EntityKey[j.index.module.apply.resourcesUnion.entity.ResourcesUnion#10197], EntityKey[j.index.module.apply.resourcesUnion.entity.ResourcesUnion#10198], EntityKey[j.index.module.apply.resourcesUnion.entity.ResourcesUnion#10195], EntityKey[j.index.module.apply.resourcesUnion.entity.ResourcesUnion#10196], EntityKey[j.index.module.apply.resourcesUnion.entity.ResourcesUnion#10201], EntityKey[j.index.module.apply.resourcesUnion.entity.ResourcesUnion#10202], EntityKey[j.index.module.apply.resourcesUnion.entity.ResourcesUnion#10199], EntityKey[j.index.module.apply.resourcesUnion.entity.ResourcesUnion#10200], EntityKey[j.index.module.apply.resourcesUnion.entity.ResourcesUnion#10176], EntityKey[j.index.module.apply.resourcesUnion.entity.ResourcesUnion#10175], EntityKey[j.index.module.apply.resourcesUnion.entity.ResourcesUnion#10178], EntityKey[j.index.module.apply.resourcesUnion.entity.ResourcesUnion#10177], EntityKey[j.index.module.apply.resourcesUnion.entity.ResourcesUnion#10172], EntityKey[j.index.module.apply.resourcesUnion.entity.ResourcesUnion#10171], EntityKey[j.index.module.apply.resourcesUnion.entity.ResourcesUnion#10174], EntityKey[j.index.module.apply.resourcesUnion.entity.ResourcesUnion#10173], EntityKey[j.index.module.apply.resourcesUnion.entity.ResourcesUnion#10184], EntityKey[j.index.module.apply.resourcesUnion.entity.ResourcesUnion#10183], EntityKey[j.index.module.apply.resourcesUnion.entity.ResourcesUnion#10186], EntityKey[j.index.module.apply.resourcesUnion.entity.ResourcesUnion#10185], EntityKey[j.index.module.apply.resourcesUnion.entity.ResourcesUnion#10180], EntityKey[j.index.module.apply.resourcesUnion.entity.ResourcesUnion#10179], EntityKey[j.index.module.apply.resourcesUnion.entity.ResourcesUnion#10182], EntityKey[j.index.module.apply.resourcesUnion.entity.ResourcesUnion#10181], EntityKey[j.index.module.apply.resourcesUnion.entity.ResourcesUnion#10159], EntityKey[j.index.module.apply.resourcesUnion.entity.ResourcesUnion#10160], EntityKey[j.index.module.apply.resourcesUnion.entity.ResourcesUnion#10161], EntityKey[j.index.module.apply.resourcesUnion.entity.ResourcesUnion#10162], EntityKey[j.index.module.apply.resourcesUnion.entity.ResourcesUnion#10155], EntityKey[j.index.module.apply.resourcesUnion.entity.ResourcesUnion#10156], EntityKey[j.index.module.apply.resourcesUnion.entity.ResourcesUnion#10157], EntityKey[j.index.module.apply.resourcesUnion.entity.ResourcesUnion#10158], EntityKey[j.index.module.apply.resourcesUnion.entity.ResourcesUnion#10167], EntityKey[j.index.module.apply.resourcesUnion.entity.ResourcesUnion#10168], EntityKey[j.index.module.apply.resourcesUnion.entity.ResourcesUnion#10169], EntityKey[j.index.module.apply.resourcesUnion.entity.ResourcesUnion#10170], EntityKey[j.index.module.apply.resourcesUnion.entity.ResourcesUnion#10163], EntityKey[j.index.module.apply.resourcesUnion.entity.ResourcesUnion#10164], EntityKey[j.index.module.apply.resourcesUnion.entity.ResourcesUnion#10165], EntityKey[j.index.module.apply.resourcesUnion.entity.ResourcesUnion#10166], EntityKey[j.index.module.apply.resourcesUnion.entity.ResourcesUnion#10146], EntityKey[j.index.module.apply.resourcesUnion.entity.ResourcesUnion#10145], EntityKey[j.index.module.apply.resourcesUnion.entity.ResourcesUnion#10144], EntityKey[j.index.module.apply.resourcesUnion.entity.ResourcesUnion#10143], EntityKey[j.index.module.apply.resourcesUnion.entity.ResourcesUnion#10142], EntityKey[j.index.module.apply.resourcesUnion.entity.ResourcesUnion#10141], EntityKey[j.index.module.apply.resourcesUnion.entity.ResourcesUnion#10140], EntityKey[j.index.module.apply.resourcesUnion.entity.ResourcesUnion#10139], EntityKey[j.index.module.apply.resourcesUnion.entity.ResourcesUnion#10154], EntityKey[j.index.module.apply.resourcesUnion.entity.ResourcesUnion#10153], EntityKey[j.index.module.apply.resourcesUnion.entity.ResourcesUnion#10152], EntityKey[j.index.module.apply.resourcesUnion.entity.ResourcesUnion#10151], EntityKey[j.index.module.apply.resourcesUnion.entity.ResourcesUnion#10150], EntityKey[j.index.module.apply.resourcesUnion.entity.ResourcesUnion#10149], EntityKey[j.index.module.apply.resourcesUnion.entity.ResourcesUnion#10148], EntityKey[j.index.module.apply.resourcesUnion.entity.ResourcesUnion#10147], EntityKey[j.index.module.apply.resourcesUnion.entity.ResourcesUnion#10129], EntityKey[j.index.module.apply.resourcesUnion.entity.ResourcesUnion#10130], EntityKey[j.index.module.apply.resourcesUnion.entity.ResourcesUnion#10127], EntityKey[j.index.module.apply.resourcesUnion.entity.ResourcesUnion#10128], EntityKey[j.index.module.apply.resourcesUnion.entity.ResourcesUnion#10125], EntityKey[j.index.module.apply.resourcesUnion.entity.ResourcesUnion#10126], EntityKey[j.index.module.apply.resourcesUnion.entity.ResourcesUnion#10123], EntityKey[j.index.module.apply.resourcesUnion.entity.ResourcesUnion#10124], EntityKey[j.index.module.apply.resourcesUnion.entity.ResourcesUnion#10137], EntityKey[j.index.module.apply.resourcesUnion.entity.ResourcesUnion#10138], EntityKey[j.index.module.apply.resourcesUnion.entity.ResourcesUnion#10135], EntityKey[j.index.module.apply.resourcesUnion.entity.ResourcesUnion#10136], EntityKey[j.index.module.apply.resourcesUnion.entity.ResourcesUnion#10133], EntityKey[j.index.module.apply.resourcesUnion.entity.ResourcesUnion#10134], EntityKey[j.index.module.apply.resourcesUnion.entity.ResourcesUnion#10131], EntityKey[j.index.module.apply.resourcesUnion.entity.ResourcesUnion#10132], EntityKey[j.index.module.apply.resourcesUnion.entity.ResourcesUnion#10614], EntityKey[j.index.module.apply.resourcesUnion.entity.ResourcesUnion#10613], EntityKey[j.index.module.apply.resourcesUnion.entity.ResourcesUnion#10612], EntityKey[j.index.module.apply.resourcesUnion.entity.ResourcesUnion#10611], EntityKey[j.index.module.apply.resourcesUnion.entity.ResourcesUnion#10618], EntityKey[j.index.module.apply.resourcesUnion.entity.ResourcesUnion#10617], EntityKey[j.index.module.apply.resourcesUnion.entity.ResourcesUnion#10616], EntityKey[j.index.module.apply.resourcesUnion.entity.ResourcesUnion#10615], EntityKey[j.index.module.apply.resourcesUnion.entity.ResourcesUnion#10606], EntityKey[j.index.module.apply.resourcesUnion.entity.ResourcesUnion#10605], EntityKey[j.index.module.apply.resourcesUnion.entity.ResourcesUnion#10604], EntityKey[j.index.module.apply.resourcesUnion.entity.ResourcesUnion#10603], EntityKey[j.index.module.apply.resourcesUnion.entity.ResourcesUnion#10610], EntityKey[j.index.module.apply.resourcesUnion.entity.ResourcesUnion#10609], EntityKey[j.index.module.apply.resourcesUnion.entity.ResourcesUnion#10608], EntityKey[j.index.module.apply.resourcesUnion.entity.ResourcesUnion#10607], EntityKey[j.index.module.apply.resourcesUnion.entity.ResourcesUnion#10629], EntityKey[j.index.module.apply.resourcesUnion.entity.ResourcesUnion#10630], EntityKey[j.index.module.apply.resourcesUnion.entity.ResourcesUnion#10627], EntityKey[j.index.module.apply.resourcesUnion.entity.ResourcesUnion#10628], EntityKey[j.index.module.apply.resourcesUnion.entity.ResourcesUnion#10633], EntityKey[j.index.module.apply.resourcesUnion.entity.ResourcesUnion#10634], EntityKey[j.index.module.apply.resourcesUnion.entity.ResourcesUnion#10631], EntityKey[j.index.module.apply.resourcesUnion.entity.ResourcesUnion#10632], EntityKey[j.index.module.apply.resourcesUnion.entity.ResourcesUnion#10621], EntityKey[j.index.module.apply.resourcesUnion.entity.ResourcesUnion#10622], EntityKey[j.index.module.apply.resourcesUnion.entity.ResourcesUnion#10619], EntityKey[j.index.module.apply.resourcesUnion.entity.ResourcesUnion#10620], EntityKey[j.index.module.apply.resourcesUnion.entity.ResourcesUnion#10625], EntityKey[j.index.module.apply.resourcesUnion.entity.ResourcesUnion#10626], EntityKey[j.index.module.apply.resourcesUnion.entity.ResourcesUnion#10623], EntityKey[j.index.module.apply.resourcesUnion.entity.ResourcesUnion#10624], EntityKey[j.index.module.apply.resourcesUnion.entity.ResourcesUnion#10580], EntityKey[j.index.module.apply.resourcesUnion.entity.ResourcesUnion#10579], EntityKey[j.index.module.apply.resourcesUnion.entity.ResourcesUnion#10582], EntityKey[j.index.module.apply.resourcesUnion.entity.ResourcesUnion#10581], EntityKey[j.index.module.apply.resourcesUnion.entity.ResourcesUnion#10584], EntityKey[j.index.module.apply.resourcesUnion.entity.ResourcesUnion#10583], EntityKey[j.index.module.apply.resourcesUnion.entity.ResourcesUnion#10586], EntityKey[j.index.module.apply.resourcesUnion.entity.ResourcesUnion#10585], EntityKey[j.index.module.apply.resourcesUnion.entity.ResourcesUnion#10572], EntityKey[j.index.module.apply.resourcesUnion.entity.ResourcesUnion#10571], EntityKey[j.index.module.apply.resourcesUnion.entity.ResourcesUnion#10574], EntityKey[j.index.module.apply.resourcesUnion.entity.ResourcesUnion#10573], EntityKey[j.index.module.apply.resourcesUnion.entity.ResourcesUnion#10576], EntityKey[j.index.module.apply.resourcesUnion.entity.ResourcesUnion#10575], EntityKey[j.index.module.apply.resourcesUnion.entity.ResourcesUnion#10578], EntityKey[j.index.module.apply.resourcesUnion.entity.ResourcesUnion#10577], EntityKey[j.index.module.apply.resourcesUnion.entity.ResourcesUnion#10595], EntityKey[j.index.module.apply.resourcesUnion.entity.ResourcesUnion#10596], EntityKey[j.index.module.apply.resourcesUnion.entity.ResourcesUnion#10597], EntityKey[j.index.module.apply.resourcesUnion.entity.ResourcesUnion#10598], EntityKey[j.index.module.apply.resourcesUnion.entity.ResourcesUnion#10599], EntityKey[j.index.module.apply.resourcesUnion.entity.ResourcesUnion#10600], EntityKey[j.index.module.apply.resourcesUnion.entity.ResourcesUnion#10601], EntityKey[j.index.module.apply.resourcesUnion.entity.ResourcesUnion#10602], EntityKey[j.index.module.apply.resourcesUnion.entity.ResourcesUnion#10587], EntityKey[j.index.module.apply.resourcesUnion.entity.ResourcesUnion#10588], EntityKey[j.index.module.apply.resourcesUnion.entity.ResourcesUnion#10589], EntityKey[j.index.module.apply.resourcesUnion.entity.ResourcesUnion#10590], EntityKey[j.index.module.apply.resourcesUnion.entity.ResourcesUnion#10591], EntityKey[j.index.module.apply.resourcesUnion.entity.ResourcesUnion#10592], EntityKey[j.index.module.apply.resourcesUnion.entity.ResourcesUnion#10593], EntityKey[j.index.module.apply.resourcesUnion.entity.ResourcesUnion#10594], EntityKey[j.index.module.apply.resourcesUnion.entity.ResourcesUnion#10554], EntityKey[j.index.module.apply.resourcesUnion.entity.ResourcesUnion#10553], EntityKey[j.index.module.apply.resourcesUnion.entity.ResourcesUnion#10552], EntityKey[j.index.module.apply.resourcesUnion.entity.ResourcesUnion#10551], EntityKey[j.index.module.apply.resourcesUnion.entity.ResourcesUnion#10550], EntityKey[j.index.module.apply.resourcesUnion.entity.ResourcesUnion#10549], EntityKey[j.index.module.apply.resourcesUnion.entity.ResourcesUnion#10548], EntityKey[j.index.module.apply.resourcesUnion.entity.ResourcesUnion#10547], EntityKey[j.index.module.apply.resourcesUnion.entity.ResourcesUnion#10546], EntityKey[j.index.module.apply.resourcesUnion.entity.ResourcesUnion#10545], EntityKey[j.index.module.apply.resourcesUnion.entity.ResourcesUnion#10544], EntityKey[j.index.module.apply.resourcesUnion.entity.ResourcesUnion#10543], EntityKey[j.index.module.apply.resourcesUnion.entity.ResourcesUnion#10542], EntityKey[j.index.module.apply.resourcesUnion.entity.ResourcesUnion#10541], EntityKey[j.index.module.apply.resourcesUnion.entity.ResourcesUnion#10540], EntityKey[j.index.module.apply.resourcesUnion.entity.ResourcesUnion#10539], EntityKey[j.index.module.apply.resourcesUnion.entity.ResourcesUnion#10569], EntityKey[j.index.module.apply.resourcesUnion.entity.ResourcesUnion#10570], EntityKey[j.index.module.apply.resourcesUnion.entity.ResourcesUnion#10567], EntityKey[j.index.module.apply.resourcesUnion.entity.ResourcesUnion#10568], EntityKey[j.index.module.apply.resourcesUnion.entity.ResourcesUnion#10565], EntityKey[j.index.module.apply.resourcesUnion.entity.ResourcesUnion#10566], EntityKey[j.index.module.apply.resourcesUnion.entity.ResourcesUnion#10563], EntityKey[j.index.module.apply.resourcesUnion.entity.ResourcesUnion#10564], EntityKey[j.index.module.apply.resourcesUnion.entity.ResourcesUnion#10561], EntityKey[j.index.module.apply.resourcesUnion.entity.ResourcesUnion#10562], EntityKey[j.index.module.apply.resourcesUnion.entity.ResourcesUnion#10559], EntityKey[j.index.module.apply.resourcesUnion.entity.ResourcesUnion#10560], EntityKey[j.index.module.apply.resourcesUnion.entity.ResourcesUnion#10557], EntityKey[j.index.module.apply.resourcesUnion.entity.ResourcesUnion#10558], EntityKey[j.index.module.apply.resourcesUnion.entity.ResourcesUnion#10555], EntityKey[j.index.module.apply.resourcesUnion.entity.ResourcesUnion#10556], EntityKey[j.index.module.apply.resourcesUnion.entity.ResourcesUnion#10520], EntityKey[j.index.module.apply.resourcesUnion.entity.ResourcesUnion#10519], EntityKey[j.index.module.apply.resourcesUnion.entity.ResourcesUnion#10522], EntityKey[j.index.module.apply.resourcesUnion.entity.ResourcesUnion#10521], EntityKey[j.index.module.apply.resourcesUnion.entity.ResourcesUnion#10516], EntityKey[j.index.module.apply.resourcesUnion.entity.ResourcesUnion#10515], EntityKey[j.index.module.apply.resourcesUnion.entity.ResourcesUnion#10518], EntityKey[j.index.module.apply.resourcesUnion.entity.ResourcesUnion#10517], EntityKey[j.index.module.apply.resourcesUnion.entity.ResourcesUnion#10512], EntityKey[j.index.module.apply.resourcesUnion.entity.ResourcesUnion#10511], EntityKey[j.index.module.apply.resourcesUnion.entity.ResourcesUnion#10514], EntityKey[j.index.module.apply.resourcesUnion.entity.ResourcesUnion#10513], EntityKey[j.index.module.apply.resourcesUnion.entity.ResourcesUnion#10508], EntityKey[j.index.module.apply.resourcesUnion.entity.ResourcesUnion#10507], EntityKey[j.index.module.apply.resourcesUnion.entity.ResourcesUnion#10510], EntityKey[j.index.module.apply.resourcesUnion.entity.ResourcesUnion#10509], EntityKey[j.index.module.apply.resourcesUnion.entity.ResourcesUnion#10535], EntityKey[j.index.module.apply.resourcesUnion.entity.ResourcesUnion#10536], EntityKey[j.index.module.apply.resourcesUnion.entity.ResourcesUnion#10537], EntityKey[j.index.module.apply.resourcesUnion.entity.ResourcesUnion#10538], EntityKey[j.index.module.apply.resourcesUnion.entity.ResourcesUnion#10531], EntityKey[j.index.module.apply.resourcesUnion.entity.ResourcesUnion#10532], EntityKey[j.index.module.apply.resourcesUnion.entity.ResourcesUnion#10533], EntityKey[j.index.module.apply.resourcesUnion.entity.ResourcesUnion#10534], EntityKey[j.index.module.apply.resourcesUnion.entity.ResourcesUnion#10527], EntityKey[j.index.module.apply.resourcesUnion.entity.ResourcesUnion#10528], EntityKey[j.index.module.apply.resourcesUnion.entity.ResourcesUnion#10529], EntityKey[j.index.module.apply.resourcesUnion.entity.ResourcesUnion#10530], EntityKey[j.index.module.apply.resourcesUnion.entity.ResourcesUnion#10523], EntityKey[j.index.module.apply.resourcesUnion.entity.ResourcesUnion#10524], EntityKey[j.index.module.apply.resourcesUnion.entity.ResourcesUnion#10525], EntityKey[j.index.module.apply.resourcesUnion.entity.ResourcesUnion#10526], EntityKey[j.index.module.apply.resourcesUnion.entity.ResourcesUnion#10477], EntityKey[j.index.module.apply.resourcesUnion.entity.ResourcesUnion#10478], EntityKey[j.index.module.apply.resourcesUnion.entity.ResourcesUnion#10475], EntityKey[j.index.module.apply.resourcesUnion.entity.ResourcesUnion#10476], EntityKey[j.index.module.apply.resourcesUnion.entity.ResourcesUnion#10481], EntityKey[j.index.module.apply.resourcesUnion.entity.ResourcesUnion#10482], EntityKey[j.index.module.apply.resourcesUnion.entity.ResourcesUnion#10479], EntityKey[j.index.module.apply.resourcesUnion.entity.ResourcesUnion#10480], EntityKey[j.index.module.apply.resourcesUnion.entity.ResourcesUnion#10485], EntityKey[j.index.module.apply.resourcesUnion.entity.ResourcesUnion#10486], EntityKey[j.index.module.apply.resourcesUnion.entity.ResourcesUnion#10483], EntityKey[j.index.module.apply.resourcesUnion.entity.ResourcesUnion#10484], EntityKey[j.index.module.apply.resourcesUnion.entity.ResourcesUnion#10489], EntityKey[j.index.module.apply.resourcesUnion.entity.ResourcesUnion#10490], EntityKey[j.index.module.apply.resourcesUnion.entity.ResourcesUnion#10487], EntityKey[j.index.module.apply.resourcesUnion.entity.ResourcesUnion#10488], EntityKey[j.index.module.apply.resourcesUnion.entity.ResourcesUnion#10494], EntityKey[j.index.module.apply.resourcesUnion.entity.ResourcesUnion#10493], EntityKey[j.index.module.apply.resourcesUnion.entity.ResourcesUnion#10492], EntityKey[j.index.module.apply.resourcesUnion.entity.ResourcesUnion#10491], EntityKey[j.index.module.apply.resourcesUnion.entity.ResourcesUnion#10498], EntityKey[j.index.module.apply.resourcesUnion.entity.ResourcesUnion#10497], EntityKey[j.index.module.apply.resourcesUnion.entity.ResourcesUnion#10496], EntityKey[j.index.module.apply.resourcesUnion.entity.ResourcesUnion#10495], EntityKey[j.index.module.apply.resourcesUnion.entity.ResourcesUnion#10502], EntityKey[j.index.module.apply.resourcesUnion.entity.ResourcesUnion#10501], EntityKey[j.index.module.apply.resourcesUnion.entity.ResourcesUnion#10500], EntityKey[j.index.module.apply.resourcesUnion.entity.ResourcesUnion#10499], EntityKey[j.index.module.apply.resourcesUnion.entity.ResourcesUnion#10506], EntityKey[j.index.module.apply.resourcesUnion.entity.ResourcesUnion#10505], EntityKey[j.index.module.apply.resourcesUnion.entity.ResourcesUnion#10504], EntityKey[j.index.module.apply.resourcesUnion.entity.ResourcesUnion#10503], EntityKey[j.index.module.apply.resourcesUnion.entity.ResourcesUnion#10443], EntityKey[j.index.module.apply.resourcesUnion.entity.ResourcesUnion#10444], EntityKey[j.index.module.apply.resourcesUnion.entity.ResourcesUnion#10445], EntityKey[j.index.module.apply.resourcesUnion.entity.ResourcesUnion#10446], EntityKey[j.index.module.apply.resourcesUnion.entity.ResourcesUnion#10447], EntityKey[j.index.module.apply.resourcesUnion.entity.ResourcesUnion#10448], EntityKey[j.index.module.apply.resourcesUnion.entity.ResourcesUnion#10449], EntityKey[j.index.module.apply.resourcesUnion.entity.ResourcesUnion#10450], EntityKey[j.index.module.apply.resourcesUnion.entity.ResourcesUnion#10451], EntityKey[j.index.module.apply.resourcesUnion.entity.ResourcesUnion#10452], EntityKey[j.index.module.apply.resourcesUnion.entity.ResourcesUnion#10453], EntityKey[j.index.module.apply.resourcesUnion.entity.ResourcesUnion#10454], EntityKey[j.index.module.apply.resourcesUnion.entity.ResourcesUnion#10455], EntityKey[j.index.module.apply.resourcesUnion.entity.ResourcesUnion#10456], EntityKey[j.index.module.apply.resourcesUnion.entity.ResourcesUnion#10457], EntityKey[j.index.module.apply.resourcesUnion.entity.ResourcesUnion#10458], EntityKey[j.index.module.apply.resourcesUnion.entity.ResourcesUnion#10460], EntityKey[j.index.module.apply.resourcesUnion.entity.ResourcesUnion#10459], EntityKey[j.index.module.apply.resourcesUnion.entity.ResourcesUnion#10462], EntityKey[j.index.module.apply.resourcesUnion.entity.ResourcesUnion#10461], EntityKey[j.index.module.apply.resourcesUnion.entity.ResourcesUnion#10464], EntityKey[j.index.module.apply.resourcesUnion.entity.ResourcesUnion#10463], EntityKey[j.index.module.apply.resourcesUnion.entity.ResourcesUnion#10466], EntityKey[j.index.module.apply.resourcesUnion.entity.ResourcesUnion#10465], EntityKey[j.index.module.apply.resourcesUnion.entity.ResourcesUnion#10468], EntityKey[j.index.module.apply.resourcesUnion.entity.ResourcesUnion#10467], EntityKey[j.index.module.apply.resourcesUnion.entity.ResourcesUnion#10470], EntityKey[j.index.module.apply.resourcesUnion.entity.ResourcesUnion#10469], EntityKey[j.index.module.apply.resourcesUnion.entity.ResourcesUnion#10472], EntityKey[j.index.module.apply.resourcesUnion.entity.ResourcesUnion#10471], EntityKey[j.index.module.apply.resourcesUnion.entity.ResourcesUnion#10474], EntityKey[j.index.module.apply.resourcesUnion.entity.ResourcesUnion#10473], EntityKey[j.index.module.apply.resourcesUnion.entity.ResourcesUnion#10417], EntityKey[j.index.module.apply.resourcesUnion.entity.ResourcesUnion#10418], EntityKey[j.index.module.apply.resourcesUnion.entity.ResourcesUnion#10415], EntityKey[j.index.module.apply.resourcesUnion.entity.ResourcesUnion#10416], EntityKey[j.index.module.apply.resourcesUnion.entity.ResourcesUnion#10413], EntityKey[j.index.module.apply.resourcesUnion.entity.ResourcesUnion#10414], EntityKey[j.index.module.apply.resourcesUnion.entity.ResourcesUnion#10411], EntityKey[j.index.module.apply.resourcesUnion.entity.ResourcesUnion#10412], EntityKey[j.index.module.apply.resourcesUnion.entity.ResourcesUnion#10425], EntityKey[j.index.module.apply.resourcesUnion.entity.ResourcesUnion#10426], EntityKey[j.index.module.apply.resourcesUnion.entity.ResourcesUnion#10423], EntityKey[j.index.module.apply.resourcesUnion.entity.ResourcesUnion#10424], EntityKey[j.index.module.apply.resourcesUnion.entity.ResourcesUnion#10421], EntityKey[j.index.module.apply.resourcesUnion.entity.ResourcesUnion#10422], EntityKey[j.index.module.apply.resourcesUnion.entity.ResourcesUnion#10419], EntityKey[j.index.module.apply.resourcesUnion.entity.ResourcesUnion#10420], EntityKey[j.index.module.apply.resourcesUnion.entity.ResourcesUnion#10434], EntityKey[j.index.module.apply.resourcesUnion.entity.ResourcesUnion#10433], EntityKey[j.index.module.apply.resourcesUnion.entity.ResourcesUnion#10432], EntityKey[j.index.module.apply.resourcesUnion.entity.ResourcesUnion#10431], EntityKey[j.index.module.apply.resourcesUnion.entity.ResourcesUnion#10430], EntityKey[j.index.module.apply.resourcesUnion.entity.ResourcesUnion#10429], EntityKey[j.index.module.apply.resourcesUnion.entity.ResourcesUnion#10428], EntityKey[j.index.module.apply.resourcesUnion.entity.ResourcesUnion#10427], EntityKey[j.index.module.apply.resourcesUnion.entity.ResourcesUnion#10442], EntityKey[j.index.module.apply.resourcesUnion.entity.ResourcesUnion#10441], EntityKey[j.index.module.apply.resourcesUnion.entity.ResourcesUnion#10440], EntityKey[j.index.module.apply.resourcesUnion.entity.ResourcesUnion#10439], EntityKey[j.index.module.apply.resourcesUnion.entity.ResourcesUnion#10438], EntityKey[j.index.module.apply.resourcesUnion.entity.ResourcesUnion#10437], EntityKey[j.index.module.apply.resourcesUnion.entity.ResourcesUnion#10436], EntityKey[j.index.module.apply.resourcesUnion.entity.ResourcesUnion#10435], EntityKey[j.index.module.apply.resourcesUnion.entity.ResourcesUnion#10383], EntityKey[j.index.module.apply.resourcesUnion.entity.ResourcesUnion#10384], EntityKey[j.index.module.apply.resourcesUnion.entity.ResourcesUnion#10385], EntityKey[j.index.module.apply.resourcesUnion.entity.ResourcesUnion#10386], EntityKey[j.index.module.apply.resourcesUnion.entity.ResourcesUnion#10379], EntityKey[j.index.module.apply.resourcesUnion.entity.ResourcesUnion#10380], EntityKey[j.index.module.apply.resourcesUnion.entity.ResourcesUnion#10381], EntityKey[j.index.module.apply.resourcesUnion.entity.ResourcesUnion#10382], EntityKey[j.index.module.apply.resourcesUnion.entity.ResourcesUnion#10391], EntityKey[j.index.module.apply.resourcesUnion.entity.ResourcesUnion#10392], EntityKey[j.index.module.apply.resourcesUnion.entity.ResourcesUnion#10393], EntityKey[j.index.module.apply.resourcesUnion.entity.ResourcesUnion#10394], EntityKey[j.index.module.apply.resourcesUnion.entity.ResourcesUnion#10387], EntityKey[j.index.module.apply.resourcesUnion.entity.ResourcesUnion#10388], EntityKey[j.index.module.apply.resourcesUnion.entity.ResourcesUnion#10389], EntityKey[j.index.module.apply.resourcesUnion.entity.ResourcesUnion#10390], EntityKey[j.index.module.apply.resourcesUnion.entity.ResourcesUnion#10400], EntityKey[j.index.module.apply.resourcesUnion.entity.ResourcesUnion#10399], EntityKey[j.index.module.apply.resourcesUnion.entity.ResourcesUnion#10402], EntityKey[j.index.module.apply.resourcesUnion.entity.ResourcesUnion#10401], EntityKey[j.index.module.apply.resourcesUnion.entity.ResourcesUnion#10396], EntityKey[j.index.module.apply.resourcesUnion.entity.ResourcesUnion#10395], EntityKey[j.index.module.apply.resourcesUnion.entity.ResourcesUnion#10398], EntityKey[j.index.module.apply.resourcesUnion.entity.ResourcesUnion#10397], EntityKey[j.index.module.apply.resourcesUnion.entity.ResourcesUnion#10408], EntityKey[j.index.module.apply.resourcesUnion.entity.ResourcesUnion#10407], EntityKey[j.index.module.apply.resourcesUnion.entity.ResourcesUnion#10410], EntityKey[j.index.module.apply.resourcesUnion.entity.ResourcesUnion#10409], EntityKey[j.index.module.apply.resourcesUnion.entity.ResourcesUnion#10404], EntityKey[j.index.module.apply.resourcesUnion.entity.ResourcesUnion#10403], EntityKey[j.index.module.apply.resourcesUnion.entity.ResourcesUnion#10406], EntityKey[j.index.module.apply.resourcesUnion.entity.ResourcesUnion#10405], EntityKey[j.index.module.apply.resourcesUnion.entity.ResourcesUnion#9833], EntityKey[j.index.module.apply.resourcesUnion.entity.ResourcesUnion#9834], EntityKey[j.index.module.apply.resourcesUnion.entity.ResourcesUnion#9831], EntityKey[j.index.module.apply.resourcesUnion.entity.ResourcesUnion#9832], EntityKey[j.index.module.apply.resourcesUnion.entity.ResourcesUnion#9829], EntityKey[j.index.module.apply.resourcesUnion.entity.ResourcesUnion#9830], EntityKey[j.index.module.apply.resourcesUnion.entity.ResourcesUnion#9827], EntityKey[j.index.module.apply.resourcesUnion.entity.ResourcesUnion#9828], EntityKey[j.index.module.apply.resourcesUnion.entity.ResourcesUnion#9825], EntityKey[j.index.module.apply.resourcesUnion.entity.ResourcesUnion#9826], EntityKey[j.index.module.apply.resourcesUnion.entity.ResourcesUnion#9823], EntityKey[j.index.module.apply.resourcesUnion.entity.ResourcesUnion#9824], EntityKey[j.index.module.apply.resourcesUnion.entity.ResourcesUnion#9821], EntityKey[j.index.module.apply.resourcesUnion.entity.ResourcesUnion#9822], EntityKey[j.index.module.apply.resourcesUnion.entity.ResourcesUnion#9819], EntityKey[j.index.module.apply.resourcesUnion.entity.ResourcesUnion#9820], EntityKey[j.index.module.apply.resourcesUnion.entity.ResourcesUnion#9818], EntityKey[j.index.module.apply.resourcesUnion.entity.ResourcesUnion#9817], EntityKey[j.index.module.apply.resourcesUnion.entity.ResourcesUnion#9816], EntityKey[j.index.module.apply.resourcesUnion.entity.ResourcesUnion#9815], EntityKey[j.index.module.apply.resourcesUnion.entity.ResourcesUnion#9814], EntityKey[j.index.module.apply.resourcesUnion.entity.ResourcesUnion#9813], EntityKey[j.index.module.apply.resourcesUnion.entity.ResourcesUnion#9812], EntityKey[j.index.module.apply.resourcesUnion.entity.ResourcesUnion#9811], EntityKey[j.index.module.apply.resourcesUnion.entity.ResourcesUnion#9810], EntityKey[j.index.module.apply.resourcesUnion.entity.ResourcesUnion#9809], EntityKey[j.index.module.apply.resourcesUnion.entity.ResourcesUnion#9808], EntityKey[j.index.module.apply.resourcesUnion.entity.ResourcesUnion#9807], EntityKey[j.index.module.apply.resourcesUnion.entity.ResourcesUnion#9806], EntityKey[j.index.module.apply.resourcesUnion.entity.ResourcesUnion#9805], EntityKey[j.index.module.apply.resourcesUnion.entity.ResourcesUnion#9804], EntityKey[j.index.module.apply.resourcesUnion.entity.ResourcesUnion#9803], EntityKey[j.index.module.apply.resourcesUnion.entity.ResourcesUnion#9863], EntityKey[j.index.module.apply.resourcesUnion.entity.ResourcesUnion#9864], EntityKey[j.index.module.apply.resourcesUnion.entity.ResourcesUnion#9865], EntityKey[j.index.module.apply.resourcesUnion.entity.ResourcesUnion#9866], EntityKey[j.index.module.apply.resourcesUnion.entity.ResourcesUnion#9859], EntityKey[j.index.module.apply.resourcesUnion.entity.ResourcesUnion#9860], EntityKey[j.index.module.apply.resourcesUnion.entity.ResourcesUnion#9861], EntityKey[j.index.module.apply.resourcesUnion.entity.ResourcesUnion#9862], EntityKey[j.index.module.apply.resourcesUnion.entity.ResourcesUnion#9855], EntityKey[j.index.module.apply.resourcesUnion.entity.ResourcesUnion#9856], EntityKey[j.index.module.apply.resourcesUnion.entity.ResourcesUnion#9857], EntityKey[j.index.module.apply.resourcesUnion.entity.ResourcesUnion#9858], EntityKey[j.index.module.apply.resourcesUnion.entity.ResourcesUnion#9851], EntityKey[j.index.module.apply.resourcesUnion.entity.ResourcesUnion#9852], EntityKey[j.index.module.apply.resourcesUnion.entity.ResourcesUnion#9853], EntityKey[j.index.module.apply.resourcesUnion.entity.ResourcesUnion#9854], EntityKey[j.index.module.apply.resourcesUnion.entity.ResourcesUnion#9848], EntityKey[j.index.module.apply.resourcesUnion.entity.ResourcesUnion#9847], EntityKey[j.index.module.apply.resourcesUnion.entity.ResourcesUnion#9850], EntityKey[j.index.module.apply.resourcesUnion.entity.ResourcesUnion#9849], EntityKey[j.index.module.apply.resourcesUnion.entity.ResourcesUnion#9844], EntityKey[j.index.module.apply.resourcesUnion.entity.ResourcesUnion#9843], EntityKey[j.index.module.apply.resourcesUnion.entity.ResourcesUnion#9846], EntityKey[j.index.module.apply.resourcesUnion.entity.ResourcesUnion#9845], EntityKey[j.index.module.apply.resourcesUnion.entity.ResourcesUnion#9840], EntityKey[j.index.module.apply.resourcesUnion.entity.ResourcesUnion#9839], EntityKey[j.index.module.apply.resourcesUnion.entity.ResourcesUnion#9842], EntityKey[j.index.module.apply.resourcesUnion.entity.ResourcesUnion#9841], EntityKey[j.index.module.apply.resourcesUnion.entity.ResourcesUnion#9836], EntityKey[j.index.module.apply.resourcesUnion.entity.ResourcesUnion#9835], EntityKey[j.index.module.apply.resourcesUnion.entity.ResourcesUnion#9838], EntityKey[j.index.module.apply.resourcesUnion.entity.ResourcesUnion#9837], EntityKey[j.index.module.apply.resourcesUnion.entity.ResourcesUnion#9765], EntityKey[j.index.module.apply.resourcesUnion.entity.ResourcesUnion#9766], EntityKey[j.index.module.apply.resourcesUnion.entity.ResourcesUnion#9763], EntityKey[j.index.module.apply.resourcesUnion.entity.ResourcesUnion#9764], EntityKey[j.index.module.apply.resourcesUnion.entity.ResourcesUnion#9769], EntityKey[j.index.module.apply.resourcesUnion.entity.ResourcesUnion#9770], EntityKey[j.index.module.apply.resourcesUnion.entity.ResourcesUnion#9767], EntityKey[j.index.module.apply.resourcesUnion.entity.ResourcesUnion#9768], EntityKey[j.index.module.apply.resourcesUnion.entity.ResourcesUnion#9757], EntityKey[j.index.module.apply.resourcesUnion.entity.ResourcesUnion#9758], EntityKey[j.index.module.apply.resourcesUnion.entity.ResourcesUnion#9755], EntityKey[j.index.module.apply.resourcesUnion.entity.ResourcesUnion#9756], EntityKey[j.index.module.apply.resourcesUnion.entity.ResourcesUnion#9761], EntityKey[j.index.module.apply.resourcesUnion.entity.ResourcesUnion#9762], EntityKey[j.index.module.apply.resourcesUnion.entity.ResourcesUnion#9759], EntityKey[j.index.module.apply.resourcesUnion.entity.ResourcesUnion#9760], EntityKey[j.index.module.apply.resourcesUnion.entity.ResourcesUnion#9750], EntityKey[j.index.module.apply.resourcesUnion.entity.ResourcesUnion#9749], EntityKey[j.index.module.apply.resourcesUnion.entity.ResourcesUnion#9748], EntityKey[j.index.module.apply.resourcesUnion.entity.ResourcesUnion#9747], EntityKey[j.index.module.apply.resourcesUnion.entity.ResourcesUnion#9754], EntityKey[j.index.module.apply.resourcesUnion.entity.ResourcesUnion#9753], EntityKey[j.index.module.apply.resourcesUnion.entity.ResourcesUnion#9752], EntityKey[j.index.module.apply.resourcesUnion.entity.ResourcesUnion#9751], EntityKey[j.index.module.apply.resourcesUnion.entity.ResourcesUnion#9742], EntityKey[j.index.module.apply.resourcesUnion.entity.ResourcesUnion#9741], EntityKey[j.index.module.apply.resourcesUnion.entity.ResourcesUnion#9740], EntityKey[j.index.module.apply.resourcesUnion.entity.ResourcesUnion#9739], EntityKey[j.index.module.apply.resourcesUnion.entity.ResourcesUnion#9746], EntityKey[j.index.module.apply.resourcesUnion.entity.ResourcesUnion#9745], EntityKey[j.index.module.apply.resourcesUnion.entity.ResourcesUnion#9744], EntityKey[j.index.module.apply.resourcesUnion.entity.ResourcesUnion#9743], EntityKey[j.index.module.apply.resourcesUnion.entity.ResourcesUnion#9795], EntityKey[j.index.module.apply.resourcesUnion.entity.ResourcesUnion#9796], EntityKey[j.index.module.apply.resourcesUnion.entity.ResourcesUnion#9797], EntityKey[j.index.module.apply.resourcesUnion.entity.ResourcesUnion#9798], EntityKey[j.index.module.apply.resourcesUnion.entity.ResourcesUnion#9799], EntityKey[j.index.module.apply.resourcesUnion.entity.ResourcesUnion#9800], EntityKey[j.index.module.apply.resourcesUnion.entity.ResourcesUnion#9801], EntityKey[j.index.module.apply.resourcesUnion.entity.ResourcesUnion#9802], EntityKey[j.index.module.apply.resourcesUnion.entity.ResourcesUnion#9787], EntityKey[j.index.module.apply.resourcesUnion.entity.ResourcesUnion#9788], EntityKey[j.index.module.apply.resourcesUnion.entity.ResourcesUnion#9789], EntityKey[j.index.module.apply.resourcesUnion.entity.ResourcesUnion#9790], EntityKey[j.index.module.apply.resourcesUnion.entity.ResourcesUnion#9791], EntityKey[j.index.module.apply.resourcesUnion.entity.ResourcesUnion#9792], EntityKey[j.index.module.apply.resourcesUnion.entity.ResourcesUnion#9793], EntityKey[j.index.module.apply.resourcesUnion.entity.ResourcesUnion#9794], EntityKey[j.index.module.apply.resourcesUnion.entity.ResourcesUnion#9780], EntityKey[j.index.module.apply.resourcesUnion.entity.ResourcesUnion#9779], EntityKey[j.index.module.apply.resourcesUnion.entity.ResourcesUnion#9782], EntityKey[j.index.module.apply.resourcesUnion.entity.ResourcesUnion#9781], EntityKey[j.index.module.apply.resourcesUnion.entity.ResourcesUnion#9784], EntityKey[j.index.module.apply.resourcesUnion.entity.ResourcesUnion#9783], EntityKey[j.index.module.apply.resourcesUnion.entity.ResourcesUnion#9786], EntityKey[j.index.module.apply.resourcesUnion.entity.ResourcesUnion#9785], EntityKey[j.index.module.apply.resourcesUnion.entity.ResourcesUnion#9772], EntityKey[j.index.module.apply.resourcesUnion.entity.ResourcesUnion#9771], EntityKey[j.index.module.apply.resourcesUnion.entity.ResourcesUnion#9774], EntityKey[j.index.module.apply.resourcesUnion.entity.ResourcesUnion#9773], EntityKey[j.index.module.apply.resourcesUnion.entity.ResourcesUnion#9776], EntityKey[j.index.module.apply.resourcesUnion.entity.ResourcesUnion#9775], EntityKey[j.index.module.apply.resourcesUnion.entity.ResourcesUnion#9778], EntityKey[j.index.module.apply.resourcesUnion.entity.ResourcesUnion#9777], EntityKey[j.index.module.apply.resourcesUnion.entity.ResourcesUnion#9698], EntityKey[j.index.module.apply.resourcesUnion.entity.ResourcesUnion#9697], EntityKey[j.index.module.apply.resourcesUnion.entity.ResourcesUnion#9696], EntityKey[j.index.module.apply.resourcesUnion.entity.ResourcesUnion#9695], EntityKey[j.index.module.apply.resourcesUnion.entity.ResourcesUnion#9694], EntityKey[j.index.module.apply.resourcesUnion.entity.ResourcesUnion#9693], EntityKey[j.index.module.apply.resourcesUnion.entity.ResourcesUnion#9692], EntityKey[j.index.module.apply.resourcesUnion.entity.ResourcesUnion#9691], EntityKey[j.index.module.apply.resourcesUnion.entity.ResourcesUnion#9706], EntityKey[j.index.module.apply.resourcesUnion.entity.ResourcesUnion#9705], EntityKey[j.index.module.apply.resourcesUnion.entity.ResourcesUnion#9704], EntityKey[j.index.module.apply.resourcesUnion.entity.ResourcesUnion#9703], EntityKey[j.index.module.apply.resourcesUnion.entity.ResourcesUnion#9702], EntityKey[j.index.module.apply.resourcesUnion.entity.ResourcesUnion#9701], EntityKey[j.index.module.apply.resourcesUnion.entity.ResourcesUnion#9700], EntityKey[j.index.module.apply.resourcesUnion.entity.ResourcesUnion#9699], EntityKey[j.index.module.apply.resourcesUnion.entity.ResourcesUnion#9681], EntityKey[j.index.module.apply.resourcesUnion.entity.ResourcesUnion#9682], EntityKey[j.index.module.apply.resourcesUnion.entity.ResourcesUnion#9679], EntityKey[j.index.module.apply.resourcesUnion.entity.ResourcesUnion#9680], EntityKey[j.index.module.apply.resourcesUnion.entity.ResourcesUnion#9677], EntityKey[j.index.module.apply.resourcesUnion.entity.ResourcesUnion#9678], EntityKey[j.index.module.apply.resourcesUnion.entity.ResourcesUnion#9675], EntityKey[j.index.module.apply.resourcesUnion.entity.ResourcesUnion#9676], EntityKey[j.index.module.apply.resourcesUnion.entity.ResourcesUnion#9689], EntityKey[j.index.module.apply.resourcesUnion.entity.ResourcesUnion#9690], EntityKey[j.index.module.apply.resourcesUnion.entity.ResourcesUnion#9687], EntityKey[j.index.module.apply.resourcesUnion.entity.ResourcesUnion#9688], EntityKey[j.index.module.apply.resourcesUnion.entity.ResourcesUnion#9685], EntityKey[j.index.module.apply.resourcesUnion.entity.ResourcesUnion#9686], EntityKey[j.index.module.apply.resourcesUnion.entity.ResourcesUnion#9683], EntityKey[j.index.module.apply.resourcesUnion.entity.ResourcesUnion#9684], EntityKey[j.index.module.apply.resourcesUnion.entity.ResourcesUnion#9728], EntityKey[j.index.module.apply.resourcesUnion.entity.ResourcesUnion#9727], EntityKey[j.index.module.apply.resourcesUnion.entity.ResourcesUnion#9730], EntityKey[j.index.module.apply.resourcesUnion.entity.ResourcesUnion#9729], EntityKey[j.index.module.apply.resourcesUnion.entity.ResourcesUnion#9724], EntityKey[j.index.module.apply.resourcesUnion.entity.ResourcesUnion#9723], EntityKey[j.index.module.apply.resourcesUnion.entity.ResourcesUnion#9726], EntityKey[j.index.module.apply.resourcesUnion.entity.ResourcesUnion#9725], EntityKey[j.index.module.apply.resourcesUnion.entity.ResourcesUnion#9736], EntityKey[j.index.module.apply.resourcesUnion.entity.ResourcesUnion#9735], EntityKey[j.index.module.apply.resourcesUnion.entity.ResourcesUnion#9738], EntityKey[j.index.module.apply.resourcesUnion.entity.ResourcesUnion#9737], EntityKey[j.index.module.apply.resourcesUnion.entity.ResourcesUnion#9732], EntityKey[j.index.module.apply.resourcesUnion.entity.ResourcesUnion#9731], EntityKey[j.index.module.apply.resourcesUnion.entity.ResourcesUnion#9734], EntityKey[j.index.module.apply.resourcesUnion.entity.ResourcesUnion#9733], EntityKey[j.index.module.apply.resourcesUnion.entity.ResourcesUnion#9711], EntityKey[j.index.module.apply.resourcesUnion.entity.ResourcesUnion#9712], EntityKey[j.index.module.apply.resourcesUnion.entity.ResourcesUnion#9713], EntityKey[j.index.module.apply.resourcesUnion.entity.ResourcesUnion#9714], EntityKey[j.index.module.apply.resourcesUnion.entity.ResourcesUnion#9707], EntityKey[j.index.module.apply.resourcesUnion.entity.ResourcesUnion#9708], EntityKey[j.index.module.apply.resourcesUnion.entity.ResourcesUnion#9709], EntityKey[j.index.module.apply.resourcesUnion.entity.ResourcesUnion#9710], EntityKey[j.index.module.apply.resourcesUnion.entity.ResourcesUnion#9719], EntityKey[j.index.module.apply.resourcesUnion.entity.ResourcesUnion#9720], EntityKey[j.index.module.apply.resourcesUnion.entity.ResourcesUnion#9721], EntityKey[j.index.module.apply.resourcesUnion.entity.ResourcesUnion#9722], EntityKey[j.index.module.apply.resourcesUnion.entity.ResourcesUnion#9715], EntityKey[j.index.module.apply.resourcesUnion.entity.ResourcesUnion#9716], EntityKey[j.index.module.apply.resourcesUnion.entity.ResourcesUnion#9717], EntityKey[j.index.module.apply.resourcesUnion.entity.ResourcesUnion#9718], EntityKey[j.index.module.apply.resourcesUnion.entity.ResourcesUnion#9630], EntityKey[j.index.module.apply.resourcesUnion.entity.ResourcesUnion#9629], EntityKey[j.index.module.apply.resourcesUnion.entity.ResourcesUnion#9628], EntityKey[j.index.module.apply.resourcesUnion.entity.ResourcesUnion#9627], EntityKey[j.index.module.apply.resourcesUnion.entity.ResourcesUnion#9634], EntityKey[j.index.module.apply.resourcesUnion.entity.ResourcesUnion#9633], EntityKey[j.index.module.apply.resourcesUnion.entity.ResourcesUnion#9632], EntityKey[j.index.module.apply.resourcesUnion.entity.ResourcesUnion#9631], EntityKey[j.index.module.apply.resourcesUnion.entity.ResourcesUnion#9638], EntityKey[j.index.module.apply.resourcesUnion.entity.ResourcesUnion#9637], EntityKey[j.index.module.apply.resourcesUnion.entity.ResourcesUnion#9636], EntityKey[j.index.module.apply.resourcesUnion.entity.ResourcesUnion#9635], EntityKey[j.index.module.apply.resourcesUnion.entity.ResourcesUnion#9642], EntityKey[j.index.module.apply.resourcesUnion.entity.ResourcesUnion#9641], EntityKey[j.index.module.apply.resourcesUnion.entity.ResourcesUnion#9640], EntityKey[j.index.module.apply.resourcesUnion.entity.ResourcesUnion#9639], EntityKey[j.index.module.apply.resourcesUnion.entity.ResourcesUnion#9613], EntityKey[j.index.module.apply.resourcesUnion.entity.ResourcesUnion#9614], EntityKey[j.index.module.apply.resourcesUnion.entity.ResourcesUnion#9611], EntityKey[j.index.module.apply.resourcesUnion.entity.ResourcesUnion#9612], EntityKey[j.index.module.apply.resourcesUnion.entity.ResourcesUnion#9617], EntityKey[j.index.module.apply.resourcesUnion.entity.ResourcesUnion#9618], EntityKey[j.index.module.apply.resourcesUnion.entity.ResourcesUnion#9615], EntityKey[j.index.module.apply.resourcesUnion.entity.ResourcesUnion#9616], EntityKey[j.index.module.apply.resourcesUnion.entity.ResourcesUnion#9621], EntityKey[j.index.module.apply.resourcesUnion.entity.ResourcesUnion#9622], EntityKey[j.index.module.apply.resourcesUnion.entity.ResourcesUnion#9619], EntityKey[j.index.module.apply.resourcesUnion.entity.ResourcesUnion#9620], EntityKey[j.index.module.apply.resourcesUnion.entity.ResourcesUnion#9625], EntityKey[j.index.module.apply.resourcesUnion.entity.ResourcesUnion#9626], EntityKey[j.index.module.apply.resourcesUnion.entity.ResourcesUnion#9623], EntityKey[j.index.module.apply.resourcesUnion.entity.ResourcesUnion#9624], EntityKey[j.index.module.apply.resourcesUnion.entity.ResourcesUnion#9660], EntityKey[j.index.module.apply.resourcesUnion.entity.ResourcesUnion#9659], EntityKey[j.index.module.apply.resourcesUnion.entity.ResourcesUnion#9662], EntityKey[j.index.module.apply.resourcesUnion.entity.ResourcesUnion#9661], EntityKey[j.index.module.apply.resourcesUnion.entity.ResourcesUnion#9664], EntityKey[j.index.module.apply.resourcesUnion.entity.ResourcesUnion#9663], EntityKey[j.index.module.apply.resourcesUnion.entity.ResourcesUnion#9666], EntityKey[j.index.module.apply.resourcesUnion.entity.ResourcesUnion#9665], EntityKey[j.index.module.apply.resourcesUnion.entity.ResourcesUnion#9668], EntityKey[j.index.module.apply.resourcesUnion.entity.ResourcesUnion#9667], EntityKey[j.index.module.apply.resourcesUnion.entity.ResourcesUnion#9670], EntityKey[j.index.module.apply.resourcesUnion.entity.ResourcesUnion#9669], EntityKey[j.index.module.apply.resourcesUnion.entity.ResourcesUnion#9672], EntityKey[j.index.module.apply.resourcesUnion.entity.ResourcesUnion#9671], EntityKey[j.index.module.apply.resourcesUnion.entity.ResourcesUnion#9674], EntityKey[j.index.module.apply.resourcesUnion.entity.ResourcesUnion#9673], EntityKey[j.index.module.apply.resourcesUnion.entity.ResourcesUnion#9643], EntityKey[j.index.module.apply.resourcesUnion.entity.ResourcesUnion#9644], EntityKey[j.index.module.apply.resourcesUnion.entity.ResourcesUnion#9645], EntityKey[j.index.module.apply.resourcesUnion.entity.ResourcesUnion#9646], EntityKey[j.index.module.apply.resourcesUnion.entity.ResourcesUnion#9647], EntityKey[j.index.module.apply.resourcesUnion.entity.ResourcesUnion#9648], EntityKey[j.index.module.apply.resourcesUnion.entity.ResourcesUnion#9649], EntityKey[j.index.module.apply.resourcesUnion.entity.ResourcesUnion#9650], EntityKey[j.index.module.apply.resourcesUnion.entity.ResourcesUnion#9651], EntityKey[j.index.module.apply.resourcesUnion.entity.ResourcesUnion#9652], EntityKey[j.index.module.apply.resourcesUnion.entity.ResourcesUnion#9653], EntityKey[j.index.module.apply.resourcesUnion.entity.ResourcesUnion#9654], EntityKey[j.index.module.apply.resourcesUnion.entity.ResourcesUnion#9655], EntityKey[j.index.module.apply.resourcesUnion.entity.ResourcesUnion#9656], EntityKey[j.index.module.apply.resourcesUnion.entity.ResourcesUnion#9657], EntityKey[j.index.module.apply.resourcesUnion.entity.ResourcesUnion#9658], EntityKey[j.index.module.apply.resourcesUnion.entity.ResourcesUnion#10072], EntityKey[j.index.module.apply.resourcesUnion.entity.ResourcesUnion#10071], EntityKey[j.index.module.apply.resourcesUnion.entity.ResourcesUnion#10074], EntityKey[j.index.module.apply.resourcesUnion.entity.ResourcesUnion#10073], EntityKey[j.index.module.apply.resourcesUnion.entity.ResourcesUnion#10068], EntityKey[j.index.module.apply.resourcesUnion.entity.ResourcesUnion#10067], EntityKey[j.index.module.apply.resourcesUnion.entity.ResourcesUnion#10070], EntityKey[j.index.module.apply.resourcesUnion.entity.ResourcesUnion#10069], EntityKey[j.index.module.apply.resourcesUnion.entity.ResourcesUnion#10064], EntityKey[j.index.module.apply.resourcesUnion.entity.ResourcesUnion#10063], EntityKey[j.index.module.apply.resourcesUnion.entity.ResourcesUnion#10066], EntityKey[j.index.module.apply.resourcesUnion.entity.ResourcesUnion#10065], EntityKey[j.index.module.apply.resourcesUnion.entity.ResourcesUnion#10060], EntityKey[j.index.module.apply.resourcesUnion.entity.ResourcesUnion#10059], EntityKey[j.index.module.apply.resourcesUnion.entity.ResourcesUnion#10062], EntityKey[j.index.module.apply.resourcesUnion.entity.ResourcesUnion#10061], EntityKey[j.index.module.apply.resourcesUnion.entity.ResourcesUnion#10087], EntityKey[j.index.module.apply.resourcesUnion.entity.ResourcesUnion#10088], EntityKey[j.index.module.apply.resourcesUnion.entity.ResourcesUnion#10089], EntityKey[j.index.module.apply.resourcesUnion.entity.ResourcesUnion#10090], EntityKey[j.index.module.apply.resourcesUnion.entity.ResourcesUnion#10083], EntityKey[j.index.module.apply.resourcesUnion.entity.ResourcesUnion#10084], EntityKey[j.index.module.apply.resourcesUnion.entity.ResourcesUnion#10085], EntityKey[j.index.module.apply.resourcesUnion.entity.ResourcesUnion#10086], EntityKey[j.index.module.apply.resourcesUnion.entity.ResourcesUnion#10079], EntityKey[j.index.module.apply.resourcesUnion.entity.ResourcesUnion#10080], EntityKey[j.index.module.apply.resourcesUnion.entity.ResourcesUnion#10081], EntityKey[j.index.module.apply.resourcesUnion.entity.ResourcesUnion#10082], EntityKey[j.index.module.apply.resourcesUnion.entity.ResourcesUnion#10075], EntityKey[j.index.module.apply.resourcesUnion.entity.ResourcesUnion#10076], EntityKey[j.index.module.apply.resourcesUnion.entity.ResourcesUnion#10077], EntityKey[j.index.module.apply.resourcesUnion.entity.ResourcesUnion#10078], EntityKey[j.index.module.apply.resourcesUnion.entity.ResourcesUnion#10106], EntityKey[j.index.module.apply.resourcesUnion.entity.ResourcesUnion#10105], EntityKey[j.index.module.apply.resourcesUnion.entity.ResourcesUnion#10104], EntityKey[j.index.module.apply.resourcesUnion.entity.ResourcesUnion#10103], EntityKey[j.index.module.apply.resourcesUnion.entity.ResourcesUnion#10102], EntityKey[j.index.module.apply.resourcesUnion.entity.ResourcesUnion#10101], EntityKey[j.index.module.apply.resourcesUnion.entity.ResourcesUnion#10100], EntityKey[j.index.module.apply.resourcesUnion.entity.ResourcesUnion#10099], EntityKey[j.index.module.apply.resourcesUnion.entity.ResourcesUnion#10098], EntityKey[j.index.module.apply.resourcesUnion.entity.ResourcesUnion#10097], EntityKey[j.index.module.apply.resourcesUnion.entity.ResourcesUnion#10096], EntityKey[j.index.module.apply.resourcesUnion.entity.ResourcesUnion#10095], EntityKey[j.index.module.apply.resourcesUnion.entity.ResourcesUnion#10094], EntityKey[j.index.module.apply.resourcesUnion.entity.ResourcesUnion#10093], EntityKey[j.index.module.apply.resourcesUnion.entity.ResourcesUnion#10092], EntityKey[j.index.module.apply.resourcesUnion.entity.ResourcesUnion#10091], EntityKey[j.index.module.apply.resourcesUnion.entity.ResourcesUnion#10121], EntityKey[j.index.module.apply.resourcesUnion.entity.ResourcesUnion#10122], EntityKey[j.index.module.apply.resourcesUnion.entity.ResourcesUnion#10119], EntityKey[j.index.module.apply.resourcesUnion.entity.ResourcesUnion#10120], EntityKey[j.index.module.apply.resourcesUnion.entity.ResourcesUnion#10117], EntityKey[j.index.module.apply.resourcesUnion.entity.ResourcesUnion#10118], EntityKey[j.index.module.apply.resourcesUnion.entity.ResourcesUnion#10115], EntityKey[j.index.module.apply.resourcesUnion.entity.ResourcesUnion#10116], EntityKey[j.index.module.apply.resourcesUnion.entity.ResourcesUnion#10113], EntityKey[j.index.module.apply.resourcesUnion.entity.ResourcesUnion#10114], EntityKey[j.index.module.apply.resourcesUnion.entity.ResourcesUnion#10111], EntityKey[j.index.module.apply.resourcesUnion.entity.ResourcesUnion#10112], EntityKey[j.index.module.apply.resourcesUnion.entity.ResourcesUnion#10109], EntityKey[j.index.module.apply.resourcesUnion.entity.ResourcesUnion#10110], EntityKey[j.index.module.apply.resourcesUnion.entity.ResourcesUnion#10107], EntityKey[j.index.module.apply.resourcesUnion.entity.ResourcesUnion#10108], EntityKey[j.index.module.apply.resourcesUnion.entity.ResourcesUnion#10004], EntityKey[j.index.module.apply.resourcesUnion.entity.ResourcesUnion#10003], EntityKey[j.index.module.apply.resourcesUnion.entity.ResourcesUnion#10006], EntityKey[j.index.module.apply.resourcesUnion.entity.ResourcesUnion#10005], EntityKey[j.index.module.apply.resourcesUnion.entity.ResourcesUnion#10008], EntityKey[j.index.module.apply.resourcesUnion.entity.ResourcesUnion#10007], EntityKey[j.index.module.apply.resourcesUnion.entity.ResourcesUnion#10010], EntityKey[j.index.module.apply.resourcesUnion.entity.ResourcesUnion#10009], EntityKey[j.index.module.apply.resourcesUnion.entity.ResourcesUnion#9996], EntityKey[j.index.module.apply.resourcesUnion.entity.ResourcesUnion#9995], EntityKey[j.index.module.apply.resourcesUnion.entity.ResourcesUnion#9998], EntityKey[j.index.module.apply.resourcesUnion.entity.ResourcesUnion#9997], EntityKey[j.index.module.apply.resourcesUnion.entity.ResourcesUnion#10000], EntityKey[j.index.module.apply.resourcesUnion.entity.ResourcesUnion#9999], EntityKey[j.index.module.apply.resourcesUnion.entity.ResourcesUnion#10002], EntityKey[j.index.module.apply.resourcesUnion.entity.ResourcesUnion#10001], EntityKey[j.index.module.apply.resourcesUnion.entity.ResourcesUnion#10019], EntityKey[j.index.module.apply.resourcesUnion.entity.ResourcesUnion#10020], EntityKey[j.index.module.apply.resourcesUnion.entity.ResourcesUnion#10021], EntityKey[j.index.module.apply.resourcesUnion.entity.ResourcesUnion#10022], EntityKey[j.index.module.apply.resourcesUnion.entity.ResourcesUnion#10023], EntityKey[j.index.module.apply.resourcesUnion.entity.ResourcesUnion#10024], EntityKey[j.index.module.apply.resourcesUnion.entity.ResourcesUnion#10025], EntityKey[j.index.module.apply.resourcesUnion.entity.ResourcesUnion#10026], EntityKey[j.index.module.apply.resourcesUnion.entity.ResourcesUnion#10011], EntityKey[j.index.module.apply.resourcesUnion.entity.ResourcesUnion#10012], EntityKey[j.index.module.apply.resourcesUnion.entity.ResourcesUnion#10013], EntityKey[j.index.module.apply.resourcesUnion.entity.ResourcesUnion#10014], EntityKey[j.index.module.apply.resourcesUnion.entity.ResourcesUnion#10015], EntityKey[j.index.module.apply.resourcesUnion.entity.ResourcesUnion#10016], EntityKey[j.index.module.apply.resourcesUnion.entity.ResourcesUnion#10017], EntityKey[j.index.module.apply.resourcesUnion.entity.ResourcesUnion#10018], EntityKey[j.index.module.apply.resourcesUnion.entity.ResourcesUnion#10038], EntityKey[j.index.module.apply.resourcesUnion.entity.ResourcesUnion#10037], EntityKey[j.index.module.apply.resourcesUnion.entity.ResourcesUnion#10036], EntityKey[j.index.module.apply.resourcesUnion.entity.ResourcesUnion#10035], EntityKey[j.index.module.apply.resourcesUnion.entity.ResourcesUnion#10042], EntityKey[j.index.module.apply.resourcesUnion.entity.ResourcesUnion#10041], EntityKey[j.index.module.apply.resourcesUnion.entity.ResourcesUnion#10040], EntityKey[j.index.module.apply.resourcesUnion.entity.ResourcesUnion#10039], EntityKey[j.index.module.apply.resourcesUnion.entity.ResourcesUnion#10030], EntityKey[j.index.module.apply.resourcesUnion.entity.ResourcesUnion#10029], EntityKey[j.index.module.apply.resourcesUnion.entity.ResourcesUnion#10028], EntityKey[j.index.module.apply.resourcesUnion.entity.ResourcesUnion#10027], EntityKey[j.index.module.apply.resourcesUnion.entity.ResourcesUnion#10034], EntityKey[j.index.module.apply.resourcesUnion.entity.ResourcesUnion#10033], EntityKey[j.index.module.apply.resourcesUnion.entity.ResourcesUnion#10032], EntityKey[j.index.module.apply.resourcesUnion.entity.ResourcesUnion#10031], EntityKey[j.index.module.apply.resourcesUnion.entity.ResourcesUnion#10053], EntityKey[j.index.module.apply.resourcesUnion.entity.ResourcesUnion#10054], EntityKey[j.index.module.apply.resourcesUnion.entity.ResourcesUnion#10051], EntityKey[j.index.module.apply.resourcesUnion.entity.ResourcesUnion#10052], EntityKey[j.index.module.apply.resourcesUnion.entity.ResourcesUnion#10057], EntityKey[j.index.module.apply.resourcesUnion.entity.ResourcesUnion#10058], EntityKey[j.index.module.apply.resourcesUnion.entity.ResourcesUnion#10055], EntityKey[j.index.module.apply.resourcesUnion.entity.ResourcesUnion#10056], EntityKey[j.index.module.apply.resourcesUnion.entity.ResourcesUnion#10045], EntityKey[j.index.module.apply.resourcesUnion.entity.ResourcesUnion#10046], EntityKey[j.index.module.apply.resourcesUnion.entity.ResourcesUnion#10043], EntityKey[j.index.module.apply.resourcesUnion.entity.ResourcesUnion#10044], EntityKey[j.index.module.apply.resourcesUnion.entity.ResourcesUnion#10049], EntityKey[j.index.module.apply.resourcesUnion.entity.ResourcesUnion#10050], EntityKey[j.index.module.apply.resourcesUnion.entity.ResourcesUnion#10047], EntityKey[j.index.module.apply.resourcesUnion.entity.ResourcesUnion#10048], EntityKey[j.index.module.apply.resourcesUnion.entity.ResourcesUnion#9935], EntityKey[j.index.module.apply.resourcesUnion.entity.ResourcesUnion#9936], EntityKey[j.index.module.apply.resourcesUnion.entity.ResourcesUnion#9937], EntityKey[j.index.module.apply.resourcesUnion.entity.ResourcesUnion#9938], EntityKey[j.index.module.apply.resourcesUnion.entity.ResourcesUnion#9931], EntityKey[j.index.module.apply.resourcesUnion.entity.ResourcesUnion#9932], EntityKey[j.index.module.apply.resourcesUnion.entity.ResourcesUnion#9933], EntityKey[j.index.module.apply.resourcesUnion.entity.ResourcesUnion#9934], EntityKey[j.index.module.apply.resourcesUnion.entity.ResourcesUnion#9943], EntityKey[j.index.module.apply.resourcesUnion.entity.ResourcesUnion#9944], EntityKey[j.index.module.apply.resourcesUnion.entity.ResourcesUnion#9945], EntityKey[j.index.module.apply.resourcesUnion.entity.ResourcesUnion#9946], EntityKey[j.index.module.apply.resourcesUnion.entity.ResourcesUnion#9939], EntityKey[j.index.module.apply.resourcesUnion.entity.ResourcesUnion#9940], EntityKey[j.index.module.apply.resourcesUnion.entity.ResourcesUnion#9941], EntityKey[j.index.module.apply.resourcesUnion.entity.ResourcesUnion#9942], EntityKey[j.index.module.apply.resourcesUnion.entity.ResourcesUnion#9952], EntityKey[j.index.module.apply.resourcesUnion.entity.ResourcesUnion#9951], EntityKey[j.index.module.apply.resourcesUnion.entity.ResourcesUnion#9954], EntityKey[j.index.module.apply.resourcesUnion.entity.ResourcesUnion#9953], EntityKey[j.index.module.apply.resourcesUnion.entity.ResourcesUnion#9948], EntityKey[j.index.module.apply.resourcesUnion.entity.ResourcesUnion#9947], EntityKey[j.index.module.apply.resourcesUnion.entity.ResourcesUnion#9950], EntityKey[j.index.module.apply.resourcesUnion.entity.ResourcesUnion#9949], EntityKey[j.index.module.apply.resourcesUnion.entity.ResourcesUnion#9960], EntityKey[j.index.module.apply.resourcesUnion.entity.ResourcesUnion#9959], EntityKey[j.index.module.apply.resourcesUnion.entity.ResourcesUnion#9962], EntityKey[j.index.module.apply.resourcesUnion.entity.ResourcesUnion#9961], EntityKey[j.index.module.apply.resourcesUnion.entity.ResourcesUnion#9956], EntityKey[j.index.module.apply.resourcesUnion.entity.ResourcesUnion#9955], EntityKey[j.index.module.apply.resourcesUnion.entity.ResourcesUnion#9958], EntityKey[j.index.module.apply.resourcesUnion.entity.ResourcesUnion#9957], EntityKey[j.index.module.apply.resourcesUnion.entity.ResourcesUnion#9969], EntityKey[j.index.module.apply.resourcesUnion.entity.ResourcesUnion#9970], EntityKey[j.index.module.apply.resourcesUnion.entity.ResourcesUnion#9967], EntityKey[j.index.module.apply.resourcesUnion.entity.ResourcesUnion#9968], EntityKey[j.index.module.apply.resourcesUnion.entity.ResourcesUnion#9965], EntityKey[j.index.module.apply.resourcesUnion.entity.ResourcesUnion#9966], EntityKey[j.index.module.apply.resourcesUnion.entity.ResourcesUnion#9963], EntityKey[j.index.module.apply.resourcesUnion.entity.ResourcesUnion#9964], EntityKey[j.index.module.apply.resourcesUnion.entity.ResourcesUnion#9977], EntityKey[j.index.module.apply.resourcesUnion.entity.ResourcesUnion#9978], EntityKey[j.index.module.apply.resourcesUnion.entity.ResourcesUnion#9975], EntityKey[j.index.module.apply.resourcesUnion.entity.ResourcesUnion#9976], EntityKey[j.index.module.apply.resourcesUnion.entity.ResourcesUnion#9973], EntityKey[j.index.module.apply.resourcesUnion.entity.ResourcesUnion#9974], EntityKey[j.index.module.apply.resourcesUnion.entity.ResourcesUnion#9971], EntityKey[j.index.module.apply.resourcesUnion.entity.ResourcesUnion#9972], EntityKey[j.index.module.apply.resourcesUnion.entity.ResourcesUnion#9986], EntityKey[j.index.module.apply.resourcesUnion.entity.ResourcesUnion#9985], EntityKey[j.index.module.apply.resourcesUnion.entity.ResourcesUnion#9984], EntityKey[j.index.module.apply.resourcesUnion.entity.ResourcesUnion#9983], EntityKey[j.index.module.apply.resourcesUnion.entity.ResourcesUnion#9982], EntityKey[j.index.module.apply.resourcesUnion.entity.ResourcesUnion#9981], EntityKey[j.index.module.apply.resourcesUnion.entity.ResourcesUnion#9980], EntityKey[j.index.module.apply.resourcesUnion.entity.ResourcesUnion#9979], EntityKey[j.index.module.apply.resourcesUnion.entity.ResourcesUnion#9994], EntityKey[j.index.module.apply.resourcesUnion.entity.ResourcesUnion#9993], EntityKey[j.index.module.apply.resourcesUnion.entity.ResourcesUnion#9992], EntityKey[j.index.module.apply.resourcesUnion.entity.ResourcesUnion#9991], EntityKey[j.index.module.apply.resourcesUnion.entity.ResourcesUnion#9990], EntityKey[j.index.module.apply.resourcesUnion.entity.ResourcesUnion#9989], EntityKey[j.index.module.apply.resourcesUnion.entity.ResourcesUnion#9988], EntityKey[j.index.module.apply.resourcesUnion.entity.ResourcesUnion#9987], EntityKey[j.index.module.apply.resourcesUnion.entity.ResourcesUnion#9867], EntityKey[j.index.module.apply.resourcesUnion.entity.ResourcesUnion#9868], EntityKey[j.index.module.apply.resourcesUnion.entity.ResourcesUnion#9869], EntityKey[j.index.module.apply.resourcesUnion.entity.ResourcesUnion#9870], EntityKey[j.index.module.apply.resourcesUnion.entity.ResourcesUnion#9871], EntityKey[j.index.module.apply.resourcesUnion.entity.ResourcesUnion#9872], EntityKey[j.index.module.apply.resourcesUnion.entity.ResourcesUnion#9873], EntityKey[j.index.module.apply.resourcesUnion.entity.ResourcesUnion#9874], EntityKey[j.index.module.apply.resourcesUnion.entity.ResourcesUnion#9875], EntityKey[j.index.module.apply.resourcesUnion.entity.ResourcesUnion#9876], EntityKey[j.index.module.apply.resourcesUnion.entity.ResourcesUnion#9877], EntityKey[j.index.module.apply.resourcesUnion.entity.ResourcesUnion#9878], EntityKey[j.index.module.apply.resourcesUnion.entity.ResourcesUnion#9879], EntityKey[j.index.module.apply.resourcesUnion.entity.ResourcesUnion#9880], EntityKey[j.index.module.apply.resourcesUnion.entity.ResourcesUnion#9881], EntityKey[j.index.module.apply.resourcesUnion.entity.ResourcesUnion#9882], EntityKey[j.index.module.apply.resourcesUnion.entity.ResourcesUnion#9884], EntityKey[j.index.module.apply.resourcesUnion.entity.ResourcesUnion#9883], EntityKey[j.index.module.apply.resourcesUnion.entity.ResourcesUnion#9886], EntityKey[j.index.module.apply.resourcesUnion.entity.ResourcesUnion#9885], EntityKey[j.index.module.apply.resourcesUnion.entity.ResourcesUnion#9888], EntityKey[j.index.module.apply.resourcesUnion.entity.ResourcesUnion#9887], EntityKey[j.index.module.apply.resourcesUnion.entity.ResourcesUnion#9890], EntityKey[j.index.module.apply.resourcesUnion.entity.ResourcesUnion#9889], EntityKey[j.index.module.apply.resourcesUnion.entity.ResourcesUnion#9892], EntityKey[j.index.module.apply.resourcesUnion.entity.ResourcesUnion#9891], EntityKey[j.index.module.apply.resourcesUnion.entity.ResourcesUnion#9894], EntityKey[j.index.module.apply.resourcesUnion.entity.ResourcesUnion#9893], EntityKey[j.index.module.apply.resourcesUnion.entity.ResourcesUnion#9896], EntityKey[j.index.module.apply.resourcesUnion.entity.ResourcesUnion#9895], EntityKey[j.index.module.apply.resourcesUnion.entity.ResourcesUnion#9898], EntityKey[j.index.module.apply.resourcesUnion.entity.ResourcesUnion#9897], EntityKey[j.index.module.apply.resourcesUnion.entity.ResourcesUnion#9901], EntityKey[j.index.module.apply.resourcesUnion.entity.ResourcesUnion#9902], EntityKey[j.index.module.apply.resourcesUnion.entity.ResourcesUnion#9899], EntityKey[j.index.module.apply.resourcesUnion.entity.ResourcesUnion#9900], EntityKey[j.index.module.apply.resourcesUnion.entity.ResourcesUnion#9905], EntityKey[j.index.module.apply.resourcesUnion.entity.ResourcesUnion#9906], EntityKey[j.index.module.apply.resourcesUnion.entity.ResourcesUnion#9903], EntityKey[j.index.module.apply.resourcesUnion.entity.ResourcesUnion#9904], EntityKey[j.index.module.apply.resourcesUnion.entity.ResourcesUnion#9909], EntityKey[j.index.module.apply.resourcesUnion.entity.ResourcesUnion#9910], EntityKey[j.index.module.apply.resourcesUnion.entity.ResourcesUnion#9907], EntityKey[j.index.module.apply.resourcesUnion.entity.ResourcesUnion#9908], EntityKey[j.index.module.apply.resourcesUnion.entity.ResourcesUnion#9913], EntityKey[j.index.module.apply.resourcesUnion.entity.ResourcesUnion#9914], EntityKey[j.index.module.apply.resourcesUnion.entity.ResourcesUnion#9911], EntityKey[j.index.module.apply.resourcesUnion.entity.ResourcesUnion#9912], EntityKey[j.index.module.apply.resourcesUnion.entity.ResourcesUnion#9918], EntityKey[j.index.module.apply.resourcesUnion.entity.ResourcesUnion#9917], EntityKey[j.index.module.apply.resourcesUnion.entity.ResourcesUnion#9916], EntityKey[j.index.module.apply.resourcesUnion.entity.ResourcesUnion#9915], EntityKey[j.index.module.apply.resourcesUnion.entity.ResourcesUnion#9922], EntityKey[j.index.module.apply.resourcesUnion.entity.ResourcesUnion#9921], EntityKey[j.index.module.apply.resourcesUnion.entity.ResourcesUnion#9920], EntityKey[j.index.module.apply.resourcesUnion.entity.ResourcesUnion#9919], EntityKey[j.index.module.apply.resourcesUnion.entity.ResourcesUnion#9926], EntityKey[j.index.module.apply.resourcesUnion.entity.ResourcesUnion#9925], EntityKey[j.index.module.apply.resourcesUnion.entity.ResourcesUnion#9924], EntityKey[j.index.module.apply.resourcesUnion.entity.ResourcesUnion#9923], EntityKey[j.index.module.apply.resourcesUnion.entity.ResourcesUnion#9930], EntityKey[j.index.module.apply.resourcesUnion.entity.ResourcesUnion#9929], EntityKey[j.index.module.apply.resourcesUnion.entity.ResourcesUnion#9928], EntityKey[j.index.module.apply.resourcesUnion.entity.ResourcesUnion#9927], EntityKey[j.index.module.apply.resourcesUnion.entity.ResourcesUnion#11327], EntityKey[j.index.module.apply.resourcesUnion.entity.ResourcesUnion#11328], EntityKey[j.index.module.apply.resourcesUnion.entity.ResourcesUnion#11329], EntityKey[j.index.module.apply.resourcesUnion.entity.ResourcesUnion#11330], EntityKey[j.index.module.apply.resourcesUnion.entity.ResourcesUnion#11323], EntityKey[j.index.module.apply.resourcesUnion.entity.ResourcesUnion#11324], EntityKey[j.index.module.apply.resourcesUnion.entity.ResourcesUnion#11325], EntityKey[j.index.module.apply.resourcesUnion.entity.ResourcesUnion#11326], EntityKey[j.index.module.apply.resourcesUnion.entity.ResourcesUnion#11335], EntityKey[j.index.module.apply.resourcesUnion.entity.ResourcesUnion#11336], EntityKey[j.index.module.apply.resourcesUnion.entity.ResourcesUnion#11337], EntityKey[j.index.module.apply.resourcesUnion.entity.ResourcesUnion#11338], EntityKey[j.index.module.apply.resourcesUnion.entity.ResourcesUnion#11331], EntityKey[j.index.module.apply.resourcesUnion.entity.ResourcesUnion#11332], EntityKey[j.index.module.apply.resourcesUnion.entity.ResourcesUnion#11333], EntityKey[j.index.module.apply.resourcesUnion.entity.ResourcesUnion#11334], EntityKey[j.index.module.apply.resourcesUnion.entity.ResourcesUnion#11312], EntityKey[j.index.module.apply.resourcesUnion.entity.ResourcesUnion#11311], EntityKey[j.index.module.apply.resourcesUnion.entity.ResourcesUnion#11314], EntityKey[j.index.module.apply.resourcesUnion.entity.ResourcesUnion#11313], EntityKey[j.index.module.apply.resourcesUnion.entity.ResourcesUnion#11308], EntityKey[j.index.module.apply.resourcesUnion.entity.ResourcesUnion#11307], EntityKey[j.index.module.apply.resourcesUnion.entity.ResourcesUnion#11310], EntityKey[j.index.module.apply.resourcesUnion.entity.ResourcesUnion#11309], EntityKey[j.index.module.apply.resourcesUnion.entity.ResourcesUnion#11320], EntityKey[j.index.module.apply.resourcesUnion.entity.ResourcesUnion#11319], EntityKey[j.index.module.apply.resourcesUnion.entity.ResourcesUnion#11322], EntityKey[j.index.module.apply.resourcesUnion.entity.ResourcesUnion#11321], EntityKey[j.index.module.apply.resourcesUnion.entity.ResourcesUnion#11316], EntityKey[j.index.module.apply.resourcesUnion.entity.ResourcesUnion#11315], EntityKey[j.index.module.apply.resourcesUnion.entity.ResourcesUnion#11318], EntityKey[j.index.module.apply.resourcesUnion.entity.ResourcesUnion#11317], EntityKey[j.index.module.apply.resourcesUnion.entity.ResourcesUnion#11297], EntityKey[j.index.module.apply.resourcesUnion.entity.ResourcesUnion#11298], EntityKey[j.index.module.apply.resourcesUnion.entity.ResourcesUnion#11295], EntityKey[j.index.module.apply.resourcesUnion.entity.ResourcesUnion#11296], EntityKey[j.index.module.apply.resourcesUnion.entity.ResourcesUnion#11293], EntityKey[j.index.module.apply.resourcesUnion.entity.ResourcesUnion#11294], EntityKey[j.index.module.apply.resourcesUnion.entity.ResourcesUnion#11291], EntityKey[j.index.module.apply.resourcesUnion.entity.ResourcesUnion#11292], EntityKey[j.index.module.apply.resourcesUnion.entity.ResourcesUnion#11305], EntityKey[j.index.module.apply.resourcesUnion.entity.ResourcesUnion#11306], EntityKey[j.index.module.apply.resourcesUnion.entity.ResourcesUnion#11303], EntityKey[j.index.module.apply.resourcesUnion.entity.ResourcesUnion#11304], EntityKey[j.index.module.apply.resourcesUnion.entity.ResourcesUnion#11301], EntityKey[j.index.module.apply.resourcesUnion.entity.ResourcesUnion#11302], EntityKey[j.index.module.apply.resourcesUnion.entity.ResourcesUnion#11299], EntityKey[j.index.module.apply.resourcesUnion.entity.ResourcesUnion#11300], EntityKey[j.index.module.apply.resourcesUnion.entity.ResourcesUnion#11282], EntityKey[j.index.module.apply.resourcesUnion.entity.ResourcesUnion#11281], EntityKey[j.index.module.apply.resourcesUnion.entity.ResourcesUnion#11280], EntityKey[j.index.module.apply.resourcesUnion.entity.ResourcesUnion#11279], EntityKey[j.index.module.apply.resourcesUnion.entity.ResourcesUnion#11278], EntityKey[j.index.module.apply.resourcesUnion.entity.ResourcesUnion#11277], EntityKey[j.index.module.apply.resourcesUnion.entity.ResourcesUnion#11276], EntityKey[j.index.module.apply.resourcesUnion.entity.ResourcesUnion#11275], EntityKey[j.index.module.apply.resourcesUnion.entity.ResourcesUnion#11290], EntityKey[j.index.module.apply.resourcesUnion.entity.ResourcesUnion#11289], EntityKey[j.index.module.apply.resourcesUnion.entity.ResourcesUnion#11288], EntityKey[j.index.module.apply.resourcesUnion.entity.ResourcesUnion#11287], EntityKey[j.index.module.apply.resourcesUnion.entity.ResourcesUnion#11286], EntityKey[j.index.module.apply.resourcesUnion.entity.ResourcesUnion#11285], EntityKey[j.index.module.apply.resourcesUnion.entity.ResourcesUnion#11284], EntityKey[j.index.module.apply.resourcesUnion.entity.ResourcesUnion#11283], EntityKey[j.index.module.apply.resourcesUnion.entity.ResourcesUnion#11387], EntityKey[j.index.module.apply.resourcesUnion.entity.ResourcesUnion#11388], EntityKey[j.index.module.apply.resourcesUnion.entity.ResourcesUnion#11389], EntityKey[j.index.module.apply.resourcesUnion.entity.ResourcesUnion#11390], EntityKey[j.index.module.apply.resourcesUnion.entity.ResourcesUnion#11391], EntityKey[j.index.module.apply.resourcesUnion.entity.ResourcesUnion#11392], EntityKey[j.index.module.apply.resourcesUnion.entity.ResourcesUnion#11393], EntityKey[j.index.module.apply.resourcesUnion.entity.ResourcesUnion#11394], EntityKey[j.index.module.apply.resourcesUnion.entity.ResourcesUnion#11395], EntityKey[j.index.module.apply.resourcesUnion.entity.ResourcesUnion#11396], EntityKey[j.index.module.apply.resourcesUnion.entity.ResourcesUnion#11397], EntityKey[j.index.module.apply.resourcesUnion.entity.ResourcesUnion#11398], EntityKey[j.index.module.apply.resourcesUnion.entity.ResourcesUnion#11399], EntityKey[j.index.module.apply.resourcesUnion.entity.ResourcesUnion#11400], EntityKey[j.index.module.apply.resourcesUnion.entity.ResourcesUnion#11401], EntityKey[j.index.module.apply.resourcesUnion.entity.ResourcesUnion#11402], EntityKey[j.index.module.apply.resourcesUnion.entity.ResourcesUnion#11372], EntityKey[j.index.module.apply.resourcesUnion.entity.ResourcesUnion#11371], EntityKey[j.index.module.apply.resourcesUnion.entity.ResourcesUnion#11374], EntityKey[j.index.module.apply.resourcesUnion.entity.ResourcesUnion#11373], EntityKey[j.index.module.apply.resourcesUnion.entity.ResourcesUnion#11376], EntityKey[j.index.module.apply.resourcesUnion.entity.ResourcesUnion#11375], EntityKey[j.index.module.apply.resourcesUnion.entity.ResourcesUnion#11378], EntityKey[j.index.module.apply.resourcesUnion.entity.ResourcesUnion#11377], EntityKey[j.index.module.apply.resourcesUnion.entity.ResourcesUnion#11380], EntityKey[j.index.module.apply.resourcesUnion.entity.ResourcesUnion#11379], EntityKey[j.index.module.apply.resourcesUnion.entity.ResourcesUnion#11382], EntityKey[j.index.module.apply.resourcesUnion.entity.ResourcesUnion#11381], EntityKey[j.index.module.apply.resourcesUnion.entity.ResourcesUnion#11384], EntityKey[j.index.module.apply.resourcesUnion.entity.ResourcesUnion#11383], EntityKey[j.index.module.apply.resourcesUnion.entity.ResourcesUnion#11386], EntityKey[j.index.module.apply.resourcesUnion.entity.ResourcesUnion#11385], EntityKey[j.index.module.apply.resourcesUnion.entity.ResourcesUnion#11357], EntityKey[j.index.module.apply.resourcesUnion.entity.ResourcesUnion#11358], EntityKey[j.index.module.apply.resourcesUnion.entity.ResourcesUnion#11355], EntityKey[j.index.module.apply.resourcesUnion.entity.ResourcesUnion#11356], EntityKey[j.index.module.apply.resourcesUnion.entity.ResourcesUnion#11361], EntityKey[j.index.module.apply.resourcesUnion.entity.ResourcesUnion#11362], EntityKey[j.index.module.apply.resourcesUnion.entity.ResourcesUnion#11359], EntityKey[j.index.module.apply.resourcesUnion.entity.ResourcesUnion#11360], EntityKey[j.index.module.apply.resourcesUnion.entity.ResourcesUnion#11365], EntityKey[j.index.module.apply.resourcesUnion.entity.ResourcesUnion#11366], EntityKey[j.index.module.apply.resourcesUnion.entity.ResourcesUnion#11363], EntityKey[j.index.module.apply.resourcesUnion.entity.ResourcesUnion#11364], EntityKey[j.index.module.apply.resourcesUnion.entity.ResourcesUnion#11369], EntityKey[j.index.module.apply.resourcesUnion.entity.ResourcesUnion#11370], EntityKey[j.index.module.apply.resourcesUnion.entity.ResourcesUnion#11367], EntityKey[j.index.module.apply.resourcesUnion.entity.ResourcesUnion#11368], EntityKey[j.index.module.apply.resourcesUnion.entity.ResourcesUnion#11342], EntityKey[j.index.module.apply.resourcesUnion.entity.ResourcesUnion#11341], EntityKey[j.index.module.apply.resourcesUnion.entity.ResourcesUnion#11340], EntityKey[j.index.module.apply.resourcesUnion.entity.ResourcesUnion#11339], EntityKey[j.index.module.apply.resourcesUnion.entity.ResourcesUnion#11346], EntityKey[j.index.module.apply.resourcesUnion.entity.ResourcesUnion#11345], EntityKey[j.index.module.apply.resourcesUnion.entity.ResourcesUnion#11344], EntityKey[j.index.module.apply.resourcesUnion.entity.ResourcesUnion#11343], EntityKey[j.index.module.apply.resourcesUnion.entity.ResourcesUnion#11350], EntityKey[j.index.module.apply.resourcesUnion.entity.ResourcesUnion#11349], EntityKey[j.index.module.apply.resourcesUnion.entity.ResourcesUnion#11348], EntityKey[j.index.module.apply.resourcesUnion.entity.ResourcesUnion#11347], EntityKey[j.index.module.apply.resourcesUnion.entity.ResourcesUnion#11354], EntityKey[j.index.module.apply.resourcesUnion.entity.ResourcesUnion#11353], EntityKey[j.index.module.apply.resourcesUnion.entity.ResourcesUnion#11352], EntityKey[j.index.module.apply.resourcesUnion.entity.ResourcesUnion#11351], EntityKey[j.index.module.apply.resourcesUnion.entity.ResourcesUnion#11208], EntityKey[j.index.module.apply.resourcesUnion.entity.ResourcesUnion#11207], EntityKey[j.index.module.apply.resourcesUnion.entity.ResourcesUnion#11210], EntityKey[j.index.module.apply.resourcesUnion.entity.ResourcesUnion#11209], EntityKey[j.index.module.apply.resourcesUnion.entity.ResourcesUnion#11204], EntityKey[j.index.module.apply.resourcesUnion.entity.ResourcesUnion#11203], EntityKey[j.index.module.apply.resourcesUnion.entity.ResourcesUnion#11206], EntityKey[j.index.module.apply.resourcesUnion.entity.ResourcesUnion#11205], EntityKey[j.index.module.apply.resourcesUnion.entity.ResourcesUnion#11200], EntityKey[j.index.module.apply.resourcesUnion.entity.ResourcesUnion#11199], EntityKey[j.index.module.apply.resourcesUnion.entity.ResourcesUnion#11202], EntityKey[j.index.module.apply.resourcesUnion.entity.ResourcesUnion#11201], EntityKey[j.index.module.apply.resourcesUnion.entity.ResourcesUnion#11196], EntityKey[j.index.module.apply.resourcesUnion.entity.ResourcesUnion#11195], EntityKey[j.index.module.apply.resourcesUnion.entity.ResourcesUnion#11198], EntityKey[j.index.module.apply.resourcesUnion.entity.ResourcesUnion#11197], EntityKey[j.index.module.apply.resourcesUnion.entity.ResourcesUnion#11191], EntityKey[j.index.module.apply.resourcesUnion.entity.ResourcesUnion#11192], EntityKey[j.index.module.apply.resourcesUnion.entity.ResourcesUnion#11193], EntityKey[j.index.module.apply.resourcesUnion.entity.ResourcesUnion#11194], EntityKey[j.index.module.apply.resourcesUnion.entity.ResourcesUnion#11187], EntityKey[j.index.module.apply.resourcesUnion.entity.ResourcesUnion#11188], EntityKey[j.index.module.apply.resourcesUnion.entity.ResourcesUnion#11189], EntityKey[j.index.module.apply.resourcesUnion.entity.ResourcesUnion#11190], EntityKey[j.index.module.apply.resourcesUnion.entity.ResourcesUnion#11183], EntityKey[j.index.module.apply.resourcesUnion.entity.ResourcesUnion#11184], EntityKey[j.index.module.apply.resourcesUnion.entity.ResourcesUnion#11185], EntityKey[j.index.module.apply.resourcesUnion.entity.ResourcesUnion#11186], EntityKey[j.index.module.apply.resourcesUnion.entity.ResourcesUnion#11179], EntityKey[j.index.module.apply.resourcesUnion.entity.ResourcesUnion#11180], EntityKey[j.index.module.apply.resourcesUnion.entity.ResourcesUnion#11181], EntityKey[j.index.module.apply.resourcesUnion.entity.ResourcesUnion#11182], EntityKey[j.index.module.apply.resourcesUnion.entity.ResourcesUnion#11178], EntityKey[j.index.module.apply.resourcesUnion.entity.ResourcesUnion#11177], EntityKey[j.index.module.apply.resourcesUnion.entity.ResourcesUnion#11176], EntityKey[j.index.module.apply.resourcesUnion.entity.ResourcesUnion#11175], EntityKey[j.index.module.apply.resourcesUnion.entity.ResourcesUnion#11174], EntityKey[j.index.module.apply.resourcesUnion.entity.ResourcesUnion#11173], EntityKey[j.index.module.apply.resourcesUnion.entity.ResourcesUnion#11172], EntityKey[j.index.module.apply.resourcesUnion.entity.ResourcesUnion#11171], EntityKey[j.index.module.apply.resourcesUnion.entity.ResourcesUnion#11170], EntityKey[j.index.module.apply.resourcesUnion.entity.ResourcesUnion#11169], EntityKey[j.index.module.apply.resourcesUnion.entity.ResourcesUnion#11168], EntityKey[j.index.module.apply.resourcesUnion.entity.ResourcesUnion#11167], EntityKey[j.index.module.apply.resourcesUnion.entity.ResourcesUnion#11166], EntityKey[j.index.module.apply.resourcesUnion.entity.ResourcesUnion#11165], EntityKey[j.index.module.apply.resourcesUnion.entity.ResourcesUnion#11164], EntityKey[j.index.module.apply.resourcesUnion.entity.ResourcesUnion#11163], EntityKey[j.index.module.apply.resourcesUnion.entity.ResourcesUnion#11161], EntityKey[j.index.module.apply.resourcesUnion.entity.ResourcesUnion#11162], EntityKey[j.index.module.apply.resourcesUnion.entity.ResourcesUnion#11159], EntityKey[j.index.module.apply.resourcesUnion.entity.ResourcesUnion#11160], EntityKey[j.index.module.apply.resourcesUnion.entity.ResourcesUnion#11157], EntityKey[j.index.module.apply.resourcesUnion.entity.ResourcesUnion#11158], EntityKey[j.index.module.apply.resourcesUnion.entity.ResourcesUnion#11155], EntityKey[j.index.module.apply.resourcesUnion.entity.ResourcesUnion#11156], EntityKey[j.index.module.apply.resourcesUnion.entity.ResourcesUnion#11153], EntityKey[j.index.module.apply.resourcesUnion.entity.ResourcesUnion#11154], EntityKey[j.index.module.apply.resourcesUnion.entity.ResourcesUnion#11151], EntityKey[j.index.module.apply.resourcesUnion.entity.ResourcesUnion#11152], EntityKey[j.index.module.apply.resourcesUnion.entity.ResourcesUnion#11149], EntityKey[j.index.module.apply.resourcesUnion.entity.ResourcesUnion#11150], EntityKey[j.index.module.apply.resourcesUnion.entity.ResourcesUnion#11147], EntityKey[j.index.module.apply.resourcesUnion.entity.ResourcesUnion#11148], EntityKey[j.index.module.apply.resourcesUnion.entity.ResourcesUnion#11268], EntityKey[j.index.module.apply.resourcesUnion.entity.ResourcesUnion#11267], EntityKey[j.index.module.apply.resourcesUnion.entity.ResourcesUnion#11270], EntityKey[j.index.module.apply.resourcesUnion.entity.ResourcesUnion#11269], EntityKey[j.index.module.apply.resourcesUnion.entity.ResourcesUnion#11272], EntityKey[j.index.module.apply.resourcesUnion.entity.ResourcesUnion#11271], EntityKey[j.index.module.apply.resourcesUnion.entity.ResourcesUnion#11274], EntityKey[j.index.module.apply.resourcesUnion.entity.ResourcesUnion#11273], EntityKey[j.index.module.apply.resourcesUnion.entity.ResourcesUnion#11260], EntityKey[j.index.module.apply.resourcesUnion.entity.ResourcesUnion#11259], EntityKey[j.index.module.apply.resourcesUnion.entity.ResourcesUnion#11262], EntityKey[j.index.module.apply.resourcesUnion.entity.ResourcesUnion#11261], EntityKey[j.index.module.apply.resourcesUnion.entity.ResourcesUnion#11264], EntityKey[j.index.module.apply.resourcesUnion.entity.ResourcesUnion#11263], EntityKey[j.index.module.apply.resourcesUnion.entity.ResourcesUnion#11266], EntityKey[j.index.module.apply.resourcesUnion.entity.ResourcesUnion#11265], EntityKey[j.index.module.apply.resourcesUnion.entity.ResourcesUnion#11251], EntityKey[j.index.module.apply.resourcesUnion.entity.ResourcesUnion#11252], EntityKey[j.index.module.apply.resourcesUnion.entity.ResourcesUnion#11253], EntityKey[j.index.module.apply.resourcesUnion.entity.ResourcesUnion#11254], EntityKey[j.index.module.apply.resourcesUnion.entity.ResourcesUnion#11255], EntityKey[j.index.module.apply.resourcesUnion.entity.ResourcesUnion#11256], EntityKey[j.index.module.apply.resourcesUnion.entity.ResourcesUnion#11257], EntityKey[j.index.module.apply.resourcesUnion.entity.ResourcesUnion#11258], EntityKey[j.index.module.apply.resourcesUnion.entity.ResourcesUnion#11243], EntityKey[j.index.module.apply.resourcesUnion.entity.ResourcesUnion#11244], EntityKey[j.index.module.apply.resourcesUnion.entity.ResourcesUnion#11245], EntityKey[j.index.module.apply.resourcesUnion.entity.ResourcesUnion#11246], EntityKey[j.index.module.apply.resourcesUnion.entity.ResourcesUnion#11247], EntityKey[j.index.module.apply.resourcesUnion.entity.ResourcesUnion#11248], EntityKey[j.index.module.apply.resourcesUnion.entity.ResourcesUnion#11249], EntityKey[j.index.module.apply.resourcesUnion.entity.ResourcesUnion#11250], EntityKey[j.index.module.apply.resourcesUnion.entity.ResourcesUnion#11238], EntityKey[j.index.module.apply.resourcesUnion.entity.ResourcesUnion#11237], EntityKey[j.index.module.apply.resourcesUnion.entity.ResourcesUnion#11236], EntityKey[j.index.module.apply.resourcesUnion.entity.ResourcesUnion#11235], EntityKey[j.index.module.apply.resourcesUnion.entity.ResourcesUnion#11242], EntityKey[j.index.module.apply.resourcesUnion.entity.ResourcesUnion#11241], EntityKey[j.index.module.apply.resourcesUnion.entity.ResourcesUnion#11240], EntityKey[j.index.module.apply.resourcesUnion.entity.ResourcesUnion#11239], EntityKey[j.index.module.apply.resourcesUnion.entity.ResourcesUnion#11230], EntityKey[j.index.module.apply.resourcesUnion.entity.ResourcesUnion#11229], EntityKey[j.index.module.apply.resourcesUnion.entity.ResourcesUnion#11228], EntityKey[j.index.module.apply.resourcesUnion.entity.ResourcesUnion#11227], EntityKey[j.index.module.apply.resourcesUnion.entity.ResourcesUnion#11234], EntityKey[j.index.module.apply.resourcesUnion.entity.ResourcesUnion#11233], EntityKey[j.index.module.apply.resourcesUnion.entity.ResourcesUnion#11232], EntityKey[j.index.module.apply.resourcesUnion.entity.ResourcesUnion#11231], EntityKey[j.index.module.apply.resourcesUnion.entity.ResourcesUnion#11221], EntityKey[j.index.module.apply.resourcesUnion.entity.ResourcesUnion#11222], EntityKey[j.index.module.apply.resourcesUnion.entity.ResourcesUnion#11219], EntityKey[j.index.module.apply.resourcesUnion.entity.ResourcesUnion#11220], EntityKey[j.index.module.apply.resourcesUnion.entity.ResourcesUnion#11225], EntityKey[j.index.module.apply.resourcesUnion.entity.ResourcesUnion#11226], EntityKey[j.index.module.apply.resourcesUnion.entity.ResourcesUnion#11223], EntityKey[j.index.module.apply.resourcesUnion.entity.ResourcesUnion#11224], EntityKey[j.index.module.apply.resourcesUnion.entity.ResourcesUnion#11213], EntityKey[j.index.module.apply.resourcesUnion.entity.ResourcesUnion#11214], EntityKey[j.index.module.apply.resourcesUnion.entity.ResourcesUnion#11211], EntityKey[j.index.module.apply.resourcesUnion.entity.ResourcesUnion#11212], EntityKey[j.index.module.apply.resourcesUnion.entity.ResourcesUnion#11217], EntityKey[j.index.module.apply.resourcesUnion.entity.ResourcesUnion#11218], EntityKey[j.index.module.apply.resourcesUnion.entity.ResourcesUnion#11215], EntityKey[j.index.module.apply.resourcesUnion.entity.ResourcesUnion#11216], EntityKey[j.index.module.apply.resourcesUnion.entity.ResourcesUnion#11570], EntityKey[j.index.module.apply.resourcesUnion.entity.ResourcesUnion#11569], EntityKey[j.index.module.apply.resourcesUnion.entity.ResourcesUnion#11568], EntityKey[j.index.module.apply.resourcesUnion.entity.ResourcesUnion#11567], EntityKey[j.index.module.apply.resourcesUnion.entity.ResourcesUnion#11566], EntityKey[j.index.module.apply.resourcesUnion.entity.ResourcesUnion#11565], EntityKey[j.index.module.apply.resourcesUnion.entity.ResourcesUnion#11564], EntityKey[j.index.module.apply.resourcesUnion.entity.ResourcesUnion#11563], EntityKey[j.index.module.apply.resourcesUnion.entity.ResourcesUnion#11578], EntityKey[j.index.module.apply.resourcesUnion.entity.ResourcesUnion#11577], EntityKey[j.index.module.apply.resourcesUnion.entity.ResourcesUnion#11576], EntityKey[j.index.module.apply.resourcesUnion.entity.ResourcesUnion#11575], EntityKey[j.index.module.apply.resourcesUnion.entity.ResourcesUnion#11574], EntityKey[j.index.module.apply.resourcesUnion.entity.ResourcesUnion#11573], EntityKey[j.index.module.apply.resourcesUnion.entity.ResourcesUnion#11572], EntityKey[j.index.module.apply.resourcesUnion.entity.ResourcesUnion#11571], EntityKey[j.index.module.apply.resourcesUnion.entity.ResourcesUnion#11585], EntityKey[j.index.module.apply.resourcesUnion.entity.ResourcesUnion#11586], EntityKey[j.index.module.apply.resourcesUnion.entity.ResourcesUnion#11583], EntityKey[j.index.module.apply.resourcesUnion.entity.ResourcesUnion#11584], EntityKey[j.index.module.apply.resourcesUnion.entity.ResourcesUnion#11581], EntityKey[j.index.module.apply.resourcesUnion.entity.ResourcesUnion#11582], EntityKey[j.index.module.apply.resourcesUnion.entity.ResourcesUnion#11579], EntityKey[j.index.module.apply.resourcesUnion.entity.ResourcesUnion#11580], EntityKey[j.index.module.apply.resourcesUnion.entity.ResourcesUnion#11593], EntityKey[j.index.module.apply.resourcesUnion.entity.ResourcesUnion#11594], EntityKey[j.index.module.apply.resourcesUnion.entity.ResourcesUnion#11591], EntityKey[j.index.module.apply.resourcesUnion.entity.ResourcesUnion#11592], EntityKey[j.index.module.apply.resourcesUnion.entity.ResourcesUnion#11589], EntityKey[j.index.module.apply.resourcesUnion.entity.ResourcesUnion#11590], EntityKey[j.index.module.apply.resourcesUnion.entity.ResourcesUnion#11587], EntityKey[j.index.module.apply.resourcesUnion.entity.ResourcesUnion#11588], EntityKey[j.index.module.apply.resourcesUnion.entity.ResourcesUnion#11536], EntityKey[j.index.module.apply.resourcesUnion.entity.ResourcesUnion#11535], EntityKey[j.index.module.apply.resourcesUnion.entity.ResourcesUnion#11538], EntityKey[j.index.module.apply.resourcesUnion.entity.ResourcesUnion#11537], EntityKey[j.index.module.apply.resourcesUnion.entity.ResourcesUnion#11532], EntityKey[j.index.module.apply.resourcesUnion.entity.ResourcesUnion#11531], EntityKey[j.index.module.apply.resourcesUnion.entity.ResourcesUnion#11534], EntityKey[j.index.module.apply.resourcesUnion.entity.ResourcesUnion#11533], EntityKey[j.index.module.apply.resourcesUnion.entity.ResourcesUnion#11544], EntityKey[j.index.module.apply.resourcesUnion.entity.ResourcesUnion#11543], EntityKey[j.index.module.apply.resourcesUnion.entity.ResourcesUnion#11546], EntityKey[j.index.module.apply.resourcesUnion.entity.ResourcesUnion#11545], EntityKey[j.index.module.apply.resourcesUnion.entity.ResourcesUnion#11540], EntityKey[j.index.module.apply.resourcesUnion.entity.ResourcesUnion#11539], EntityKey[j.index.module.apply.resourcesUnion.entity.ResourcesUnion#11542], EntityKey[j.index.module.apply.resourcesUnion.entity.ResourcesUnion#11541], EntityKey[j.index.module.apply.resourcesUnion.entity.ResourcesUnion#11551], EntityKey[j.index.module.apply.resourcesUnion.entity.ResourcesUnion#11552], EntityKey[j.index.module.apply.resourcesUnion.entity.ResourcesUnion#11553], EntityKey[j.index.module.apply.resourcesUnion.entity.ResourcesUnion#11554], EntityKey[j.index.module.apply.resourcesUnion.entity.ResourcesUnion#11547], EntityKey[j.index.module.apply.resourcesUnion.entity.ResourcesUnion#11548], EntityKey[j.index.module.apply.resourcesUnion.entity.ResourcesUnion#11549], EntityKey[j.index.module.apply.resourcesUnion.entity.ResourcesUnion#11550], EntityKey[j.index.module.apply.resourcesUnion.entity.ResourcesUnion#11559], EntityKey[j.index.module.apply.resourcesUnion.entity.ResourcesUnion#11560], EntityKey[j.index.module.apply.resourcesUnion.entity.ResourcesUnion#11561], EntityKey[j.index.module.apply.resourcesUnion.entity.ResourcesUnion#11562], EntityKey[j.index.module.apply.resourcesUnion.entity.ResourcesUnion#11555], EntityKey[j.index.module.apply.resourcesUnion.entity.ResourcesUnion#11556], EntityKey[j.index.module.apply.resourcesUnion.entity.ResourcesUnion#11557], EntityKey[j.index.module.apply.resourcesUnion.entity.ResourcesUnion#11558], EntityKey[j.index.module.apply.resourcesUnion.entity.ResourcesUnion#11630], EntityKey[j.index.module.apply.resourcesUnion.entity.ResourcesUnion#11629], EntityKey[j.index.module.apply.resourcesUnion.entity.ResourcesUnion#11628], EntityKey[j.index.module.apply.resourcesUnion.entity.ResourcesUnion#11627], EntityKey[j.index.module.apply.resourcesUnion.entity.ResourcesUnion#11634], EntityKey[j.index.module.apply.resourcesUnion.entity.ResourcesUnion#11633], EntityKey[j.index.module.apply.resourcesUnion.entity.ResourcesUnion#11632], EntityKey[j.index.module.apply.resourcesUnion.entity.ResourcesUnion#11631], EntityKey[j.index.module.apply.resourcesUnion.entity.ResourcesUnion#11638], EntityKey[j.index.module.apply.resourcesUnion.entity.ResourcesUnion#11637], EntityKey[j.index.module.apply.resourcesUnion.entity.ResourcesUnion#11636], EntityKey[j.index.module.apply.resourcesUnion.entity.ResourcesUnion#11635], EntityKey[j.index.module.apply.resourcesUnion.entity.ResourcesUnion#11642], EntityKey[j.index.module.apply.resourcesUnion.entity.ResourcesUnion#11641], EntityKey[j.index.module.apply.resourcesUnion.entity.ResourcesUnion#11640], EntityKey[j.index.module.apply.resourcesUnion.entity.ResourcesUnion#11639], EntityKey[j.index.module.apply.resourcesUnion.entity.ResourcesUnion#11645], EntityKey[j.index.module.apply.resourcesUnion.entity.ResourcesUnion#11646], EntityKey[j.index.module.apply.resourcesUnion.entity.ResourcesUnion#11643], EntityKey[j.index.module.apply.resourcesUnion.entity.ResourcesUnion#11644], EntityKey[j.index.module.apply.resourcesUnion.entity.ResourcesUnion#11649], EntityKey[j.index.module.apply.resourcesUnion.entity.ResourcesUnion#11650], EntityKey[j.index.module.apply.resourcesUnion.entity.ResourcesUnion#11647], EntityKey[j.index.module.apply.resourcesUnion.entity.ResourcesUnion#11648], EntityKey[j.index.module.apply.resourcesUnion.entity.ResourcesUnion#11653], EntityKey[j.index.module.apply.resourcesUnion.entity.ResourcesUnion#11654], EntityKey[j.index.module.apply.resourcesUnion.entity.ResourcesUnion#11651], EntityKey[j.index.module.apply.resourcesUnion.entity.ResourcesUnion#11652], EntityKey[j.index.module.apply.resourcesUnion.entity.ResourcesUnion#11657], EntityKey[j.index.module.apply.resourcesUnion.entity.ResourcesUnion#11658], EntityKey[j.index.module.apply.resourcesUnion.entity.ResourcesUnion#11655], EntityKey[j.index.module.apply.resourcesUnion.entity.ResourcesUnion#11656], EntityKey[j.index.module.apply.resourcesUnion.entity.ResourcesUnion#11596], EntityKey[j.index.module.apply.resourcesUnion.entity.ResourcesUnion#11595], EntityKey[j.index.module.apply.resourcesUnion.entity.ResourcesUnion#11598], EntityKey[j.index.module.apply.resourcesUnion.entity.ResourcesUnion#11597], EntityKey[j.index.module.apply.resourcesUnion.entity.ResourcesUnion#11600], EntityKey[j.index.module.apply.resourcesUnion.entity.ResourcesUnion#11599], EntityKey[j.index.module.apply.resourcesUnion.entity.ResourcesUnion#11602], EntityKey[j.index.module.apply.resourcesUnion.entity.ResourcesUnion#11601], EntityKey[j.index.module.apply.resourcesUnion.entity.ResourcesUnion#11604], EntityKey[j.index.module.apply.resourcesUnion.entity.ResourcesUnion#11603], EntityKey[j.index.module.apply.resourcesUnion.entity.ResourcesUnion#11606], EntityKey[j.index.module.apply.resourcesUnion.entity.ResourcesUnion#11605], EntityKey[j.index.module.apply.resourcesUnion.entity.ResourcesUnion#11608], EntityKey[j.index.module.apply.resourcesUnion.entity.ResourcesUnion#11607], EntityKey[j.index.module.apply.resourcesUnion.entity.ResourcesUnion#11610], EntityKey[j.index.module.apply.resourcesUnion.entity.ResourcesUnion#11609], EntityKey[j.index.module.apply.resourcesUnion.entity.ResourcesUnion#11611], EntityKey[j.index.module.apply.resourcesUnion.entity.ResourcesUnion#11612], EntityKey[j.index.module.apply.resourcesUnion.entity.ResourcesUnion#11613], EntityKey[j.index.module.apply.resourcesUnion.entity.ResourcesUnion#11614], EntityKey[j.index.module.apply.resourcesUnion.entity.ResourcesUnion#11615], EntityKey[j.index.module.apply.resourcesUnion.entity.ResourcesUnion#11616], EntityKey[j.index.module.apply.resourcesUnion.entity.ResourcesUnion#11617], EntityKey[j.index.module.apply.resourcesUnion.entity.ResourcesUnion#11618], EntityKey[j.index.module.apply.resourcesUnion.entity.ResourcesUnion#11619], EntityKey[j.index.module.apply.resourcesUnion.entity.ResourcesUnion#11620], EntityKey[j.index.module.apply.resourcesUnion.entity.ResourcesUnion#11621], EntityKey[j.index.module.apply.resourcesUnion.entity.ResourcesUnion#11622], EntityKey[j.index.module.apply.resourcesUnion.entity.ResourcesUnion#11623], EntityKey[j.index.module.apply.resourcesUnion.entity.ResourcesUnion#11624], EntityKey[j.index.module.apply.resourcesUnion.entity.ResourcesUnion#11625], EntityKey[j.index.module.apply.resourcesUnion.entity.ResourcesUnion#11626], EntityKey[j.index.module.apply.resourcesUnion.entity.ResourcesUnion#11449], EntityKey[j.index.module.apply.resourcesUnion.entity.ResourcesUnion#11450], EntityKey[j.index.module.apply.resourcesUnion.entity.ResourcesUnion#11447], EntityKey[j.index.module.apply.resourcesUnion.entity.ResourcesUnion#11448], EntityKey[j.index.module.apply.resourcesUnion.entity.ResourcesUnion#11445], EntityKey[j.index.module.apply.resourcesUnion.entity.ResourcesUnion#11446], EntityKey[j.index.module.apply.resourcesUnion.entity.ResourcesUnion#11443], EntityKey[j.index.module.apply.resourcesUnion.entity.ResourcesUnion#11444], EntityKey[j.index.module.apply.resourcesUnion.entity.ResourcesUnion#11441], EntityKey[j.index.module.apply.resourcesUnion.entity.ResourcesUnion#11442], EntityKey[j.index.module.apply.resourcesUnion.entity.ResourcesUnion#11439], EntityKey[j.index.module.apply.resourcesUnion.entity.ResourcesUnion#11440], EntityKey[j.index.module.apply.resourcesUnion.entity.ResourcesUnion#11437], EntityKey[j.index.module.apply.resourcesUnion.entity.ResourcesUnion#11438], EntityKey[j.index.module.apply.resourcesUnion.entity.ResourcesUnion#11435], EntityKey[j.index.module.apply.resourcesUnion.entity.ResourcesUnion#11436], EntityKey[j.index.module.apply.resourcesUnion.entity.ResourcesUnion#11466], EntityKey[j.index.module.apply.resourcesUnion.entity.ResourcesUnion#11465], EntityKey[j.index.module.apply.resourcesUnion.entity.ResourcesUnion#11464], EntityKey[j.index.module.apply.resourcesUnion.entity.ResourcesUnion#11463], EntityKey[j.index.module.apply.resourcesUnion.entity.ResourcesUnion#11462], EntityKey[j.index.module.apply.resourcesUnion.entity.ResourcesUnion#11461], EntityKey[j.index.module.apply.resourcesUnion.entity.ResourcesUnion#11460], EntityKey[j.index.module.apply.resourcesUnion.entity.ResourcesUnion#11459], EntityKey[j.index.module.apply.resourcesUnion.entity.ResourcesUnion#11458], EntityKey[j.index.module.apply.resourcesUnion.entity.ResourcesUnion#11457], EntityKey[j.index.module.apply.resourcesUnion.entity.ResourcesUnion#11456], EntityKey[j.index.module.apply.resourcesUnion.entity.ResourcesUnion#11455], EntityKey[j.index.module.apply.resourcesUnion.entity.ResourcesUnion#11454], EntityKey[j.index.module.apply.resourcesUnion.entity.ResourcesUnion#11453], EntityKey[j.index.module.apply.resourcesUnion.entity.ResourcesUnion#11452], EntityKey[j.index.module.apply.resourcesUnion.entity.ResourcesUnion#11451], EntityKey[j.index.module.apply.resourcesUnion.entity.ResourcesUnion#11415], EntityKey[j.index.module.apply.resourcesUnion.entity.ResourcesUnion#11416], EntityKey[j.index.module.apply.resourcesUnion.entity.ResourcesUnion#11417], EntityKey[j.index.module.apply.resourcesUnion.entity.ResourcesUnion#11418], EntityKey[j.index.module.apply.resourcesUnion.entity.ResourcesUnion#11411], EntityKey[j.index.module.apply.resourcesUnion.entity.ResourcesUnion#11412], EntityKey[j.index.module.apply.resourcesUnion.entity.ResourcesUnion#11413], EntityKey[j.index.module.apply.resourcesUnion.entity.ResourcesUnion#11414], EntityKey[j.index.module.apply.resourcesUnion.entity.ResourcesUnion#11407], EntityKey[j.index.module.apply.resourcesUnion.entity.ResourcesUnion#11408], EntityKey[j.index.module.apply.resourcesUnion.entity.ResourcesUnion#11409], EntityKey[j.index.module.apply.resourcesUnion.entity.ResourcesUnion#11410], EntityKey[j.index.module.apply.resourcesUnion.entity.ResourcesUnion#11403], EntityKey[j.index.module.apply.resourcesUnion.entity.ResourcesUnion#11404], EntityKey[j.index.module.apply.resourcesUnion.entity.ResourcesUnion#11405], EntityKey[j.index.module.apply.resourcesUnion.entity.ResourcesUnion#11406], EntityKey[j.index.module.apply.resourcesUnion.entity.ResourcesUnion#11432], EntityKey[j.index.module.apply.resourcesUnion.entity.ResourcesUnion#11431], EntityKey[j.index.module.apply.resourcesUnion.entity.ResourcesUnion#11434], EntityKey[j.index.module.apply.resourcesUnion.entity.ResourcesUnion#11433], EntityKey[j.index.module.apply.resourcesUnion.entity.ResourcesUnion#11428], EntityKey[j.index.module.apply.resourcesUnion.entity.ResourcesUnion#11427], EntityKey[j.index.module.apply.resourcesUnion.entity.ResourcesUnion#11430], EntityKey[j.index.module.apply.resourcesUnion.entity.ResourcesUnion#11429], EntityKey[j.index.module.apply.resourcesUnion.entity.ResourcesUnion#11424], EntityKey[j.index.module.apply.resourcesUnion.entity.ResourcesUnion#11423], EntityKey[j.index.module.apply.resourcesUnion.entity.ResourcesUnion#11426], EntityKey[j.index.module.apply.resourcesUnion.entity.ResourcesUnion#11425], EntityKey[j.index.module.apply.resourcesUnion.entity.ResourcesUnion#11420], EntityKey[j.index.module.apply.resourcesUnion.entity.ResourcesUnion#11419], EntityKey[j.index.module.apply.resourcesUnion.entity.ResourcesUnion#11422], EntityKey[j.index.module.apply.resourcesUnion.entity.ResourcesUnion#11421], EntityKey[j.index.module.apply.resourcesUnion.entity.ResourcesUnion#11509], EntityKey[j.index.module.apply.resourcesUnion.entity.ResourcesUnion#11510], EntityKey[j.index.module.apply.resourcesUnion.entity.ResourcesUnion#11507], EntityKey[j.index.module.apply.resourcesUnion.entity.ResourcesUnion#11508], EntityKey[j.index.module.apply.resourcesUnion.entity.ResourcesUnion#11513], EntityKey[j.index.module.apply.resourcesUnion.entity.ResourcesUnion#11514], EntityKey[j.index.module.apply.resourcesUnion.entity.ResourcesUnion#11511], EntityKey[j.index.module.apply.resourcesUnion.entity.ResourcesUnion#11512], EntityKey[j.index.module.apply.resourcesUnion.entity.ResourcesUnion#11501], EntityKey[j.index.module.apply.resourcesUnion.entity.ResourcesUnion#11502], EntityKey[j.index.module.apply.resourcesUnion.entity.ResourcesUnion#11499], EntityKey[j.index.module.apply.resourcesUnion.entity.ResourcesUnion#11500], EntityKey[j.index.module.apply.resourcesUnion.entity.ResourcesUnion#11505], EntityKey[j.index.module.apply.resourcesUnion.entity.ResourcesUnion#11506], EntityKey[j.index.module.apply.resourcesUnion.entity.ResourcesUnion#11503], EntityKey[j.index.module.apply.resourcesUnion.entity.ResourcesUnion#11504], EntityKey[j.index.module.apply.resourcesUnion.entity.ResourcesUnion#11526], EntityKey[j.index.module.apply.resourcesUnion.entity.ResourcesUnion#11525], EntityKey[j.index.module.apply.resourcesUnion.entity.ResourcesUnion#11524], EntityKey[j.index.module.apply.resourcesUnion.entity.ResourcesUnion#11523], EntityKey[j.index.module.apply.resourcesUnion.entity.ResourcesUnion#11530], EntityKey[j.index.module.apply.resourcesUnion.entity.ResourcesUnion#11529], EntityKey[j.index.module.apply.resourcesUnion.entity.ResourcesUnion#11528], EntityKey[j.index.module.apply.resourcesUnion.entity.ResourcesUnion#11527], EntityKey[j.index.module.apply.resourcesUnion.entity.ResourcesUnion#11518], EntityKey[j.index.module.apply.resourcesUnion.entity.ResourcesUnion#11517], EntityKey[j.index.module.apply.resourcesUnion.entity.ResourcesUnion#11516], EntityKey[j.index.module.apply.resourcesUnion.entity.ResourcesUnion#11515], EntityKey[j.index.module.apply.resourcesUnion.entity.ResourcesUnion#11522], EntityKey[j.index.module.apply.resourcesUnion.entity.ResourcesUnion#11521], EntityKey[j.index.module.apply.resourcesUnion.entity.ResourcesUnion#11520], EntityKey[j.index.module.apply.resourcesUnion.entity.ResourcesUnion#11519], EntityKey[j.index.module.apply.resourcesUnion.entity.ResourcesUnion#11475], EntityKey[j.index.module.apply.resourcesUnion.entity.ResourcesUnion#11476], EntityKey[j.index.module.apply.resourcesUnion.entity.ResourcesUnion#11477], EntityKey[j.index.module.apply.resourcesUnion.entity.ResourcesUnion#11478], EntityKey[j.index.module.apply.resourcesUnion.entity.ResourcesUnion#11479], EntityKey[j.index.module.apply.resourcesUnion.entity.ResourcesUnion#11480], EntityKey[j.index.module.apply.resourcesUnion.entity.ResourcesUnion#11481], EntityKey[j.index.module.apply.resourcesUnion.entity.ResourcesUnion#11482], EntityKey[j.index.module.apply.resourcesUnion.entity.ResourcesUnion#11467], EntityKey[j.index.module.apply.resourcesUnion.entity.ResourcesUnion#11468], EntityKey[j.index.module.apply.resourcesUnion.entity.ResourcesUnion#11469], EntityKey[j.index.module.apply.resourcesUnion.entity.ResourcesUnion#11470], EntityKey[j.index.module.apply.resourcesUnion.entity.ResourcesUnion#11471], EntityKey[j.index.module.apply.resourcesUnion.entity.ResourcesUnion#11472], EntityKey[j.index.module.apply.resourcesUnion.entity.ResourcesUnion#11473], EntityKey[j.index.module.apply.resourcesUnion.entity.ResourcesUnion#11474], EntityKey[j.index.module.apply.resourcesUnion.entity.ResourcesUnion#11492], EntityKey[j.index.module.apply.resourcesUnion.entity.ResourcesUnion#11491], EntityKey[j.index.module.apply.resourcesUnion.entity.ResourcesUnion#11494], EntityKey[j.index.module.apply.resourcesUnion.entity.ResourcesUnion#11493], EntityKey[j.index.module.apply.resourcesUnion.entity.ResourcesUnion#11496], EntityKey[j.index.module.apply.resourcesUnion.entity.ResourcesUnion#11495], EntityKey[j.index.module.apply.resourcesUnion.entity.ResourcesUnion#11498], EntityKey[j.index.module.apply.resourcesUnion.entity.ResourcesUnion#11497], EntityKey[j.index.module.apply.resourcesUnion.entity.ResourcesUnion#11484], EntityKey[j.index.module.apply.resourcesUnion.entity.ResourcesUnion#11483], EntityKey[j.index.module.apply.resourcesUnion.entity.ResourcesUnion#11486], EntityKey[j.index.module.apply.resourcesUnion.entity.ResourcesUnion#11485], EntityKey[j.index.module.apply.resourcesUnion.entity.ResourcesUnion#11488], EntityKey[j.index.module.apply.resourcesUnion.entity.ResourcesUnion#11487], EntityKey[j.index.module.apply.resourcesUnion.entity.ResourcesUnion#11490], EntityKey[j.index.module.apply.resourcesUnion.entity.ResourcesUnion#11489], EntityKey[j.index.module.apply.resourcesUnion.entity.ResourcesUnion#10781], EntityKey[j.index.module.apply.resourcesUnion.entity.ResourcesUnion#10782], EntityKey[j.index.module.apply.resourcesUnion.entity.ResourcesUnion#10779], EntityKey[j.index.module.apply.resourcesUnion.entity.ResourcesUnion#10780], EntityKey[j.index.module.apply.resourcesUnion.entity.ResourcesUnion#10785], EntityKey[j.index.module.apply.resourcesUnion.entity.ResourcesUnion#10786], EntityKey[j.index.module.apply.resourcesUnion.entity.ResourcesUnion#10783], EntityKey[j.index.module.apply.resourcesUnion.entity.ResourcesUnion#10784], EntityKey[j.index.module.apply.resourcesUnion.entity.ResourcesUnion#10789], EntityKey[j.index.module.apply.resourcesUnion.entity.ResourcesUnion#10790], EntityKey[j.index.module.apply.resourcesUnion.entity.ResourcesUnion#10787], EntityKey[j.index.module.apply.resourcesUnion.entity.ResourcesUnion#10788], EntityKey[j.index.module.apply.resourcesUnion.entity.ResourcesUnion#10793], EntityKey[j.index.module.apply.resourcesUnion.entity.ResourcesUnion#10794], EntityKey[j.index.module.apply.resourcesUnion.entity.ResourcesUnion#10791], EntityKey[j.index.module.apply.resourcesUnion.entity.ResourcesUnion#10792], EntityKey[j.index.module.apply.resourcesUnion.entity.ResourcesUnion#10766], EntityKey[j.index.module.apply.resourcesUnion.entity.ResourcesUnion#10765], EntityKey[j.index.module.apply.resourcesUnion.entity.ResourcesUnion#10764], EntityKey[j.index.module.apply.resourcesUnion.entity.ResourcesUnion#10763], EntityKey[j.index.module.apply.resourcesUnion.entity.ResourcesUnion#10770], EntityKey[j.index.module.apply.resourcesUnion.entity.ResourcesUnion#10769], EntityKey[j.index.module.apply.resourcesUnion.entity.ResourcesUnion#10768], EntityKey[j.index.module.apply.resourcesUnion.entity.ResourcesUnion#10767], EntityKey[j.index.module.apply.resourcesUnion.entity.ResourcesUnion#10774], EntityKey[j.index.module.apply.resourcesUnion.entity.ResourcesUnion#10773], EntityKey[j.index.module.apply.resourcesUnion.entity.ResourcesUnion#10772], EntityKey[j.index.module.apply.resourcesUnion.entity.ResourcesUnion#10771], EntityKey[j.index.module.apply.resourcesUnion.entity.ResourcesUnion#10778], EntityKey[j.index.module.apply.resourcesUnion.entity.ResourcesUnion#10777], EntityKey[j.index.module.apply.resourcesUnion.entity.ResourcesUnion#10776], EntityKey[j.index.module.apply.resourcesUnion.entity.ResourcesUnion#10775], EntityKey[j.index.module.apply.resourcesUnion.entity.ResourcesUnion#10811], EntityKey[j.index.module.apply.resourcesUnion.entity.ResourcesUnion#10812], EntityKey[j.index.module.apply.resourcesUnion.entity.ResourcesUnion#10813], EntityKey[j.index.module.apply.resourcesUnion.entity.ResourcesUnion#10814], EntityKey[j.index.module.apply.resourcesUnion.entity.ResourcesUnion#10815], EntityKey[j.index.module.apply.resourcesUnion.entity.ResourcesUnion#10816], EntityKey[j.index.module.apply.resourcesUnion.entity.ResourcesUnion#10817], EntityKey[j.index.module.apply.resourcesUnion.entity.ResourcesUnion#10818], EntityKey[j.index.module.apply.resourcesUnion.entity.ResourcesUnion#10819], EntityKey[j.index.module.apply.resourcesUnion.entity.ResourcesUnion#10820], EntityKey[j.index.module.apply.resourcesUnion.entity.ResourcesUnion#10821], EntityKey[j.index.module.apply.resourcesUnion.entity.ResourcesUnion#10822], EntityKey[j.index.module.apply.resourcesUnion.entity.ResourcesUnion#10823], EntityKey[j.index.module.apply.resourcesUnion.entity.ResourcesUnion#10824], EntityKey[j.index.module.apply.resourcesUnion.entity.ResourcesUnion#10825], EntityKey[j.index.module.apply.resourcesUnion.entity.ResourcesUnion#10826], EntityKey[j.index.module.apply.resourcesUnion.entity.ResourcesUnion#10796], EntityKey[j.index.module.apply.resourcesUnion.entity.ResourcesUnion#10795], EntityKey[j.index.module.apply.resourcesUnion.entity.ResourcesUnion#10798], EntityKey[j.index.module.apply.resourcesUnion.entity.ResourcesUnion#10797], EntityKey[j.index.module.apply.resourcesUnion.entity.ResourcesUnion#10800], EntityKey[j.index.module.apply.resourcesUnion.entity.ResourcesUnion#10799], EntityKey[j.index.module.apply.resourcesUnion.entity.ResourcesUnion#10802], EntityKey[j.index.module.apply.resourcesUnion.entity.ResourcesUnion#10801], EntityKey[j.index.module.apply.resourcesUnion.entity.ResourcesUnion#10804], EntityKey[j.index.module.apply.resourcesUnion.entity.ResourcesUnion#10803], EntityKey[j.index.module.apply.resourcesUnion.entity.ResourcesUnion#10806], EntityKey[j.index.module.apply.resourcesUnion.entity.ResourcesUnion#10805], EntityKey[j.index.module.apply.resourcesUnion.entity.ResourcesUnion#10808], EntityKey[j.index.module.apply.resourcesUnion.entity.ResourcesUnion#10807], EntityKey[j.index.module.apply.resourcesUnion.entity.ResourcesUnion#10810], EntityKey[j.index.module.apply.resourcesUnion.entity.ResourcesUnion#10809], EntityKey[j.index.module.apply.resourcesUnion.entity.ResourcesUnion#10849], EntityKey[j.index.module.apply.resourcesUnion.entity.ResourcesUnion#10850], EntityKey[j.index.module.apply.resourcesUnion.entity.ResourcesUnion#10847], EntityKey[j.index.module.apply.resourcesUnion.entity.ResourcesUnion#10848], EntityKey[j.index.module.apply.resourcesUnion.entity.ResourcesUnion#10845], EntityKey[j.index.module.apply.resourcesUnion.entity.ResourcesUnion#10846], EntityKey[j.index.module.apply.resourcesUnion.entity.ResourcesUnion#10843], EntityKey[j.index.module.apply.resourcesUnion.entity.ResourcesUnion#10844], EntityKey[j.index.module.apply.resourcesUnion.entity.ResourcesUnion#10857], EntityKey[j.index.module.apply.resourcesUnion.entity.ResourcesUnion#10858], EntityKey[j.index.module.apply.resourcesUnion.entity.ResourcesUnion#10855], EntityKey[j.index.module.apply.resourcesUnion.entity.ResourcesUnion#10856], EntityKey[j.index.module.apply.resourcesUnion.entity.ResourcesUnion#10853], EntityKey[j.index.module.apply.resourcesUnion.entity.ResourcesUnion#10854], EntityKey[j.index.module.apply.resourcesUnion.entity.ResourcesUnion#10851], EntityKey[j.index.module.apply.resourcesUnion.entity.ResourcesUnion#10852], EntityKey[j.index.module.apply.resourcesUnion.entity.ResourcesUnion#10834], EntityKey[j.index.module.apply.resourcesUnion.entity.ResourcesUnion#10833], EntityKey[j.index.module.apply.resourcesUnion.entity.ResourcesUnion#10832], EntityKey[j.index.module.apply.resourcesUnion.entity.ResourcesUnion#10831], EntityKey[j.index.module.apply.resourcesUnion.entity.ResourcesUnion#10830], EntityKey[j.index.module.apply.resourcesUnion.entity.ResourcesUnion#10829], EntityKey[j.index.module.apply.resourcesUnion.entity.ResourcesUnion#10828], EntityKey[j.index.module.apply.resourcesUnion.entity.ResourcesUnion#10827], EntityKey[j.index.module.apply.resourcesUnion.entity.ResourcesUnion#10842], EntityKey[j.index.module.apply.resourcesUnion.entity.ResourcesUnion#10841], EntityKey[j.index.module.apply.resourcesUnion.entity.ResourcesUnion#10840], EntityKey[j.index.module.apply.resourcesUnion.entity.ResourcesUnion#10839], EntityKey[j.index.module.apply.resourcesUnion.entity.ResourcesUnion#10838], EntityKey[j.index.module.apply.resourcesUnion.entity.ResourcesUnion#10837], EntityKey[j.index.module.apply.resourcesUnion.entity.ResourcesUnion#10836], EntityKey[j.index.module.apply.resourcesUnion.entity.ResourcesUnion#10835], EntityKey[j.index.module.apply.resourcesUnion.entity.ResourcesUnion#10879], EntityKey[j.index.module.apply.resourcesUnion.entity.ResourcesUnion#10880], EntityKey[j.index.module.apply.resourcesUnion.entity.ResourcesUnion#10881], EntityKey[j.index.module.apply.resourcesUnion.entity.ResourcesUnion#10882], EntityKey[j.index.module.apply.resourcesUnion.entity.ResourcesUnion#10875], EntityKey[j.index.module.apply.resourcesUnion.entity.ResourcesUnion#10876], EntityKey[j.index.module.apply.resourcesUnion.entity.ResourcesUnion#10877], EntityKey[j.index.module.apply.resourcesUnion.entity.ResourcesUnion#10878], EntityKey[j.index.module.apply.resourcesUnion.entity.ResourcesUnion#10887], EntityKey[j.index.module.apply.resourcesUnion.entity.ResourcesUnion#10888], EntityKey[j.index.module.apply.resourcesUnion.entity.ResourcesUnion#10889], EntityKey[j.index.module.apply.resourcesUnion.entity.ResourcesUnion#10890], EntityKey[j.index.module.apply.resourcesUnion.entity.ResourcesUnion#10883], EntityKey[j.index.module.apply.resourcesUnion.entity.ResourcesUnion#10884], EntityKey[j.index.module.apply.resourcesUnion.entity.ResourcesUnion#10885], EntityKey[j.index.module.apply.resourcesUnion.entity.ResourcesUnion#10886], EntityKey[j.index.module.apply.resourcesUnion.entity.ResourcesUnion#10864], EntityKey[j.index.module.apply.resourcesUnion.entity.ResourcesUnion#10863], EntityKey[j.index.module.apply.resourcesUnion.entity.ResourcesUnion#10866], EntityKey[j.index.module.apply.resourcesUnion.entity.ResourcesUnion#10865], EntityKey[j.index.module.apply.resourcesUnion.entity.ResourcesUnion#10860], EntityKey[j.index.module.apply.resourcesUnion.entity.ResourcesUnion#10859], EntityKey[j.index.module.apply.resourcesUnion.entity.ResourcesUnion#10862], EntityKey[j.index.module.apply.resourcesUnion.entity.ResourcesUnion#10861], EntityKey[j.index.module.apply.resourcesUnion.entity.ResourcesUnion#10872], EntityKey[j.index.module.apply.resourcesUnion.entity.ResourcesUnion#10871], EntityKey[j.index.module.apply.resourcesUnion.entity.ResourcesUnion#10874], EntityKey[j.index.module.apply.resourcesUnion.entity.ResourcesUnion#10873], EntityKey[j.index.module.apply.resourcesUnion.entity.ResourcesUnion#10868], EntityKey[j.index.module.apply.resourcesUnion.entity.ResourcesUnion#10867], EntityKey[j.index.module.apply.resourcesUnion.entity.ResourcesUnion#10870], EntityKey[j.index.module.apply.resourcesUnion.entity.ResourcesUnion#10869], EntityKey[j.index.module.apply.resourcesUnion.entity.ResourcesUnion#10662], EntityKey[j.index.module.apply.resourcesUnion.entity.ResourcesUnion#10661], EntityKey[j.index.module.apply.resourcesUnion.entity.ResourcesUnion#10660], EntityKey[j.index.module.apply.resourcesUnion.entity.ResourcesUnion#10659], EntityKey[j.index.module.apply.resourcesUnion.entity.ResourcesUnion#10666], EntityKey[j.index.module.apply.resourcesUnion.entity.ResourcesUnion#10665], EntityKey[j.index.module.apply.resourcesUnion.entity.ResourcesUnion#10664], EntityKey[j.index.module.apply.resourcesUnion.entity.ResourcesUnion#10663], EntityKey[j.index.module.apply.resourcesUnion.entity.ResourcesUnion#10654], EntityKey[j.index.module.apply.resourcesUnion.entity.ResourcesUnion#10653], EntityKey[j.index.module.apply.resourcesUnion.entity.ResourcesUnion#10652], EntityKey[j.index.module.apply.resourcesUnion.entity.ResourcesUnion#10651], EntityKey[j.index.module.apply.resourcesUnion.entity.ResourcesUnion#10658], EntityKey[j.index.module.apply.resourcesUnion.entity.ResourcesUnion#10657], EntityKey[j.index.module.apply.resourcesUnion.entity.ResourcesUnion#10656], EntityKey[j.index.module.apply.resourcesUnion.entity.ResourcesUnion#10655], EntityKey[j.index.module.apply.resourcesUnion.entity.ResourcesUnion#10645], EntityKey[j.index.module.apply.resourcesUnion.entity.ResourcesUnion#10646], EntityKey[j.index.module.apply.resourcesUnion.entity.ResourcesUnion#10643], EntityKey[j.index.module.apply.resourcesUnion.entity.ResourcesUnion#10644], EntityKey[j.index.module.apply.resourcesUnion.entity.ResourcesUnion#10649], EntityKey[j.index.module.apply.resourcesUnion.entity.ResourcesUnion#10650], EntityKey[j.index.module.apply.resourcesUnion.entity.ResourcesUnion#10647], EntityKey[j.index.module.apply.resourcesUnion.entity.ResourcesUnion#10648], EntityKey[j.index.module.apply.resourcesUnion.entity.ResourcesUnion#10637], EntityKey[j.index.module.apply.resourcesUnion.entity.ResourcesUnion#10638], EntityKey[j.index.module.apply.resourcesUnion.entity.ResourcesUnion#10635], EntityKey[j.index.module.apply.resourcesUnion.entity.ResourcesUnion#10636], EntityKey[j.index.module.apply.resourcesUnion.entity.ResourcesUnion#10641], EntityKey[j.index.module.apply.resourcesUnion.entity.ResourcesUnion#10642], EntityKey[j.index.module.apply.resourcesUnion.entity.ResourcesUnion#10639], EntityKey[j.index.module.apply.resourcesUnion.entity.ResourcesUnion#10640], EntityKey[j.index.module.apply.resourcesUnion.entity.ResourcesUnion#10692], EntityKey[j.index.module.apply.resourcesUnion.entity.ResourcesUnion#10691], EntityKey[j.index.module.apply.resourcesUnion.entity.ResourcesUnion#10694], EntityKey[j.index.module.apply.resourcesUnion.entity.ResourcesUnion#10693], EntityKey[j.index.module.apply.resourcesUnion.entity.ResourcesUnion#10696], EntityKey[j.index.module.apply.resourcesUnion.entity.ResourcesUnion#10695], EntityKey[j.index.module.apply.resourcesUnion.entity.ResourcesUnion#10698], EntityKey[j.index.module.apply.resourcesUnion.entity.ResourcesUnion#10697], EntityKey[j.index.module.apply.resourcesUnion.entity.ResourcesUnion#10684], EntityKey[j.index.module.apply.resourcesUnion.entity.ResourcesUnion#10683], EntityKey[j.index.module.apply.resourcesUnion.entity.ResourcesUnion#10686], EntityKey[j.index.module.apply.resourcesUnion.entity.ResourcesUnion#10685], EntityKey[j.index.module.apply.resourcesUnion.entity.ResourcesUnion#10688], EntityKey[j.index.module.apply.resourcesUnion.entity.ResourcesUnion#10687], EntityKey[j.index.module.apply.resourcesUnion.entity.ResourcesUnion#10690], EntityKey[j.index.module.apply.resourcesUnion.entity.ResourcesUnion#10689], EntityKey[j.index.module.apply.resourcesUnion.entity.ResourcesUnion#10675], EntityKey[j.index.module.apply.resourcesUnion.entity.ResourcesUnion#10676], EntityKey[j.index.module.apply.resourcesUnion.entity.ResourcesUnion#10677], EntityKey[j.index.module.apply.resourcesUnion.entity.ResourcesUnion#10678], EntityKey[j.index.module.apply.resourcesUnion.entity.ResourcesUnion#10679], EntityKey[j.index.module.apply.resourcesUnion.entity.ResourcesUnion#10680], EntityKey[j.index.module.apply.resourcesUnion.entity.ResourcesUnion#10681], EntityKey[j.index.module.apply.resourcesUnion.entity.ResourcesUnion#10682], EntityKey[j.index.module.apply.resourcesUnion.entity.ResourcesUnion#10667], EntityKey[j.index.module.apply.resourcesUnion.entity.ResourcesUnion#10668], EntityKey[j.index.module.apply.resourcesUnion.entity.ResourcesUnion#10669], EntityKey[j.index.module.apply.resourcesUnion.entity.ResourcesUnion#10670], EntityKey[j.index.module.apply.resourcesUnion.entity.ResourcesUnion#10671], EntityKey[j.index.module.apply.resourcesUnion.entity.ResourcesUnion#10672], EntityKey[j.index.module.apply.resourcesUnion.entity.ResourcesUnion#10673], EntityKey[j.index.module.apply.resourcesUnion.entity.ResourcesUnion#10674], EntityKey[j.index.module.apply.resourcesUnion.entity.ResourcesUnion#10730], EntityKey[j.index.module.apply.resourcesUnion.entity.ResourcesUnion#10729], EntityKey[j.index.module.apply.resourcesUnion.entity.ResourcesUnion#10728], EntityKey[j.index.module.apply.resourcesUnion.entity.ResourcesUnion#10727], EntityKey[j.index.module.apply.resourcesUnion.entity.ResourcesUnion#10726], EntityKey[j.index.module.apply.resourcesUnion.entity.ResourcesUnion#10725], EntityKey[j.index.module.apply.resourcesUnion.entity.ResourcesUnion#10724], EntityKey[j.index.module.apply.resourcesUnion.entity.ResourcesUnion#10723], EntityKey[j.index.module.apply.resourcesUnion.entity.ResourcesUnion#10722], EntityKey[j.index.module.apply.resourcesUnion.entity.ResourcesUnion#10721], EntityKey[j.index.module.apply.resourcesUnion.entity.ResourcesUnion#10720], EntityKey[j.index.module.apply.resourcesUnion.entity.ResourcesUnion#10719], EntityKey[j.index.module.apply.resourcesUnion.entity.ResourcesUnion#10718], EntityKey[j.index.module.apply.resourcesUnion.entity.ResourcesUnion#10717], EntityKey[j.index.module.apply.resourcesUnion.entity.ResourcesUnion#10716], EntityKey[j.index.module.apply.resourcesUnion.entity.ResourcesUnion#10715], EntityKey[j.index.module.apply.resourcesUnion.entity.ResourcesUnion#10713], EntityKey[j.index.module.apply.resourcesUnion.entity.ResourcesUnion#10714], EntityKey[j.index.module.apply.resourcesUnion.entity.ResourcesUnion#10711], EntityKey[j.index.module.apply.resourcesUnion.entity.ResourcesUnion#10712], EntityKey[j.index.module.apply.resourcesUnion.entity.ResourcesUnion#10709], EntityKey[j.index.module.apply.resourcesUnion.entity.ResourcesUnion#10710], EntityKey[j.index.module.apply.resourcesUnion.entity.ResourcesUnion#10707], EntityKey[j.index.module.apply.resourcesUnion.entity.ResourcesUnion#10708], EntityKey[j.index.module.apply.resourcesUnion.entity.ResourcesUnion#10705], EntityKey[j.index.module.apply.resourcesUnion.entity.ResourcesUnion#10706], EntityKey[j.index.module.apply.resourcesUnion.entity.ResourcesUnion#10703], EntityKey[j.index.module.apply.resourcesUnion.entity.ResourcesUnion#10704], EntityKey[j.index.module.apply.resourcesUnion.entity.ResourcesUnion#10701], EntityKey[j.index.module.apply.resourcesUnion.entity.ResourcesUnion#10702], EntityKey[j.index.module.apply.resourcesUnion.entity.ResourcesUnion#10699], EntityKey[j.index.module.apply.resourcesUnion.entity.ResourcesUnion#10700], EntityKey[j.index.module.apply.resourcesUnion.entity.ResourcesUnion#10760], EntityKey[j.index.module.apply.resourcesUnion.entity.ResourcesUnion#10759], EntityKey[j.index.module.apply.resourcesUnion.entity.ResourcesUnion#10762], EntityKey[j.index.module.apply.resourcesUnion.entity.ResourcesUnion#10761], EntityKey[j.index.module.apply.resourcesUnion.entity.ResourcesUnion#10756], EntityKey[j.index.module.apply.resourcesUnion.entity.ResourcesUnion#10755], EntityKey[j.index.module.apply.resourcesUnion.entity.ResourcesUnion#10758], EntityKey[j.index.module.apply.resourcesUnion.entity.ResourcesUnion#10757], EntityKey[j.index.module.apply.resourcesUnion.entity.ResourcesUnion#10752], EntityKey[j.index.module.apply.resourcesUnion.entity.ResourcesUnion#10751], EntityKey[j.index.module.apply.resourcesUnion.entity.ResourcesUnion#10754], EntityKey[j.index.module.apply.resourcesUnion.entity.ResourcesUnion#10753], EntityKey[j.index.module.apply.resourcesUnion.entity.ResourcesUnion#10748], EntityKey[j.index.module.apply.resourcesUnion.entity.ResourcesUnion#10747], EntityKey[j.index.module.apply.resourcesUnion.entity.ResourcesUnion#10750], EntityKey[j.index.module.apply.resourcesUnion.entity.ResourcesUnion#10749], EntityKey[j.index.module.apply.resourcesUnion.entity.ResourcesUnion#10743], EntityKey[j.index.module.apply.resourcesUnion.entity.ResourcesUnion#10744], EntityKey[j.index.module.apply.resourcesUnion.entity.ResourcesUnion#10745], EntityKey[j.index.module.apply.resourcesUnion.entity.ResourcesUnion#10746], EntityKey[j.index.module.apply.resourcesUnion.entity.ResourcesUnion#10739], EntityKey[j.index.module.apply.resourcesUnion.entity.ResourcesUnion#10740], EntityKey[j.index.module.apply.resourcesUnion.entity.ResourcesUnion#10741], EntityKey[j.index.module.apply.resourcesUnion.entity.ResourcesUnion#10742], EntityKey[j.index.module.apply.resourcesUnion.entity.ResourcesUnion#10735], EntityKey[j.index.module.apply.resourcesUnion.entity.ResourcesUnion#10736], EntityKey[j.index.module.apply.resourcesUnion.entity.ResourcesUnion#10737], EntityKey[j.index.module.apply.resourcesUnion.entity.ResourcesUnion#10738], EntityKey[j.index.module.apply.resourcesUnion.entity.ResourcesUnion#10731], EntityKey[j.index.module.apply.resourcesUnion.entity.ResourcesUnion#10732], EntityKey[j.index.module.apply.resourcesUnion.entity.ResourcesUnion#10733], EntityKey[j.index.module.apply.resourcesUnion.entity.ResourcesUnion#10734], EntityKey[j.index.module.apply.resourcesUnion.entity.ResourcesUnion#11020], EntityKey[j.index.module.apply.resourcesUnion.entity.ResourcesUnion#11019], EntityKey[j.index.module.apply.resourcesUnion.entity.ResourcesUnion#11022], EntityKey[j.index.module.apply.resourcesUnion.entity.ResourcesUnion#11021], EntityKey[j.index.module.apply.resourcesUnion.entity.ResourcesUnion#11024], EntityKey[j.index.module.apply.resourcesUnion.entity.ResourcesUnion#11023], EntityKey[j.index.module.apply.resourcesUnion.entity.ResourcesUnion#11026], EntityKey[j.index.module.apply.resourcesUnion.entity.ResourcesUnion#11025], EntityKey[j.index.module.apply.resourcesUnion.entity.ResourcesUnion#11028], EntityKey[j.index.module.apply.resourcesUnion.entity.ResourcesUnion#11027], EntityKey[j.index.module.apply.resourcesUnion.entity.ResourcesUnion#11030], EntityKey[j.index.module.apply.resourcesUnion.entity.ResourcesUnion#11029], EntityKey[j.index.module.apply.resourcesUnion.entity.ResourcesUnion#11032], EntityKey[j.index.module.apply.resourcesUnion.entity.ResourcesUnion#11031], EntityKey[j.index.module.apply.resourcesUnion.entity.ResourcesUnion#11034], EntityKey[j.index.module.apply.resourcesUnion.entity.ResourcesUnion#11033], EntityKey[j.index.module.apply.resourcesUnion.entity.ResourcesUnion#11035], EntityKey[j.index.module.apply.resourcesUnion.entity.ResourcesUnion#11036], EntityKey[j.index.module.apply.resourcesUnion.entity.ResourcesUnion#11037], EntityKey[j.index.module.apply.resourcesUnion.entity.ResourcesUnion#11038], EntityKey[j.index.module.apply.resourcesUnion.entity.ResourcesUnion#11039], EntityKey[j.index.module.apply.resourcesUnion.entity.ResourcesUnion#11040], EntityKey[j.index.module.apply.resourcesUnion.entity.ResourcesUnion#11041], EntityKey[j.index.module.apply.resourcesUnion.entity.ResourcesUnion#11042], EntityKey[j.index.module.apply.resourcesUnion.entity.ResourcesUnion#11043], EntityKey[j.index.module.apply.resourcesUnion.entity.ResourcesUnion#11044], EntityKey[j.index.module.apply.resourcesUnion.entity.ResourcesUnion#11045], EntityKey[j.index.module.apply.resourcesUnion.entity.ResourcesUnion#11046], EntityKey[j.index.module.apply.resourcesUnion.entity.ResourcesUnion#11047], EntityKey[j.index.module.apply.resourcesUnion.entity.ResourcesUnion#11048], EntityKey[j.index.module.apply.resourcesUnion.entity.ResourcesUnion#11049], EntityKey[j.index.module.apply.resourcesUnion.entity.ResourcesUnion#11050], EntityKey[j.index.module.apply.resourcesUnion.entity.ResourcesUnion#11054], EntityKey[j.index.module.apply.resourcesUnion.entity.ResourcesUnion#11053], EntityKey[j.index.module.apply.resourcesUnion.entity.ResourcesUnion#11052], EntityKey[j.index.module.apply.resourcesUnion.entity.ResourcesUnion#11051], EntityKey[j.index.module.apply.resourcesUnion.entity.ResourcesUnion#11058], EntityKey[j.index.module.apply.resourcesUnion.entity.ResourcesUnion#11057], EntityKey[j.index.module.apply.resourcesUnion.entity.ResourcesUnion#11056], EntityKey[j.index.module.apply.resourcesUnion.entity.ResourcesUnion#11055], EntityKey[j.index.module.apply.resourcesUnion.entity.ResourcesUnion#11062], EntityKey[j.index.module.apply.resourcesUnion.entity.ResourcesUnion#11061], EntityKey[j.index.module.apply.resourcesUnion.entity.ResourcesUnion#11060], EntityKey[j.index.module.apply.resourcesUnion.entity.ResourcesUnion#11059], EntityKey[j.index.module.apply.resourcesUnion.entity.ResourcesUnion#11066], EntityKey[j.index.module.apply.resourcesUnion.entity.ResourcesUnion#11065], EntityKey[j.index.module.apply.resourcesUnion.entity.ResourcesUnion#11064], EntityKey[j.index.module.apply.resourcesUnion.entity.ResourcesUnion#11063], EntityKey[j.index.module.apply.resourcesUnion.entity.ResourcesUnion#11069], EntityKey[j.index.module.apply.resourcesUnion.entity.ResourcesUnion#11070], EntityKey[j.index.module.apply.resourcesUnion.entity.ResourcesUnion#11067], EntityKey[j.index.module.apply.resourcesUnion.entity.ResourcesUnion#11068], EntityKey[j.index.module.apply.resourcesUnion.entity.ResourcesUnion#11073], EntityKey[j.index.module.apply.resourcesUnion.entity.ResourcesUnion#11074], EntityKey[j.index.module.apply.resourcesUnion.entity.ResourcesUnion#11071], EntityKey[j.index.module.apply.resourcesUnion.entity.ResourcesUnion#11072], EntityKey[j.index.module.apply.resourcesUnion.entity.ResourcesUnion#11077], EntityKey[j.index.module.apply.resourcesUnion.entity.ResourcesUnion#11078], EntityKey[j.index.module.apply.resourcesUnion.entity.ResourcesUnion#11075], EntityKey[j.index.module.apply.resourcesUnion.entity.ResourcesUnion#11076], EntityKey[j.index.module.apply.resourcesUnion.entity.ResourcesUnion#11081], EntityKey[j.index.module.apply.resourcesUnion.entity.ResourcesUnion#11082], EntityKey[j.index.module.apply.resourcesUnion.entity.ResourcesUnion#11079], EntityKey[j.index.module.apply.resourcesUnion.entity.ResourcesUnion#11080], EntityKey[j.index.module.apply.resourcesUnion.entity.ResourcesUnion#11088], EntityKey[j.index.module.apply.resourcesUnion.entity.ResourcesUnion#11087], EntityKey[j.index.module.apply.resourcesUnion.entity.ResourcesUnion#11090], EntityKey[j.index.module.apply.resourcesUnion.entity.ResourcesUnion#11089], EntityKey[j.index.module.apply.resourcesUnion.entity.ResourcesUnion#11084], EntityKey[j.index.module.apply.resourcesUnion.entity.ResourcesUnion#11083], EntityKey[j.index.module.apply.resourcesUnion.entity.ResourcesUnion#11086], EntityKey[j.index.module.apply.resourcesUnion.entity.ResourcesUnion#11085], EntityKey[j.index.module.apply.resourcesUnion.entity.ResourcesUnion#11096], EntityKey[j.index.module.apply.resourcesUnion.entity.ResourcesUnion#11095], EntityKey[j.index.module.apply.resourcesUnion.entity.ResourcesUnion#11098], EntityKey[j.index.module.apply.resourcesUnion.entity.ResourcesUnion#11097], EntityKey[j.index.module.apply.resourcesUnion.entity.ResourcesUnion#11092], EntityKey[j.index.module.apply.resourcesUnion.entity.ResourcesUnion#11091], EntityKey[j.index.module.apply.resourcesUnion.entity.ResourcesUnion#11094], EntityKey[j.index.module.apply.resourcesUnion.entity.ResourcesUnion#11093], EntityKey[j.index.module.apply.resourcesUnion.entity.ResourcesUnion#11103], EntityKey[j.index.module.apply.resourcesUnion.entity.ResourcesUnion#11104], EntityKey[j.index.module.apply.resourcesUnion.entity.ResourcesUnion#11105], EntityKey[j.index.module.apply.resourcesUnion.entity.ResourcesUnion#11106], EntityKey[j.index.module.apply.resourcesUnion.entity.ResourcesUnion#11099], EntityKey[j.index.module.apply.resourcesUnion.entity.ResourcesUnion#11100], EntityKey[j.index.module.apply.resourcesUnion.entity.ResourcesUnion#11101], EntityKey[j.index.module.apply.resourcesUnion.entity.ResourcesUnion#11102], EntityKey[j.index.module.apply.resourcesUnion.entity.ResourcesUnion#11111], EntityKey[j.index.module.apply.resourcesUnion.entity.ResourcesUnion#11112], EntityKey[j.index.module.apply.resourcesUnion.entity.ResourcesUnion#11113], EntityKey[j.index.module.apply.resourcesUnion.entity.ResourcesUnion#11114], EntityKey[j.index.module.apply.resourcesUnion.entity.ResourcesUnion#11107], EntityKey[j.index.module.apply.resourcesUnion.entity.ResourcesUnion#11108], EntityKey[j.index.module.apply.resourcesUnion.entity.ResourcesUnion#11109], EntityKey[j.index.module.apply.resourcesUnion.entity.ResourcesUnion#11110], EntityKey[j.index.module.apply.resourcesUnion.entity.ResourcesUnion#11122], EntityKey[j.index.module.apply.resourcesUnion.entity.ResourcesUnion#11121], EntityKey[j.index.module.apply.resourcesUnion.entity.ResourcesUnion#11120], EntityKey[j.index.module.apply.resourcesUnion.entity.ResourcesUnion#11119], EntityKey[j.index.module.apply.resourcesUnion.entity.ResourcesUnion#11118], EntityKey[j.index.module.apply.resourcesUnion.entity.ResourcesUnion#11117], EntityKey[j.index.module.apply.resourcesUnion.entity.ResourcesUnion#11116], EntityKey[j.index.module.apply.resourcesUnion.entity.ResourcesUnion#11115], EntityKey[j.index.module.apply.resourcesUnion.entity.ResourcesUnion#11130], EntityKey[j.index.module.apply.resourcesUnion.entity.ResourcesUnion#11129], EntityKey[j.index.module.apply.resourcesUnion.entity.ResourcesUnion#11128], EntityKey[j.index.module.apply.resourcesUnion.entity.ResourcesUnion#11127], EntityKey[j.index.module.apply.resourcesUnion.entity.ResourcesUnion#11126], EntityKey[j.index.module.apply.resourcesUnion.entity.ResourcesUnion#11125], EntityKey[j.index.module.apply.resourcesUnion.entity.ResourcesUnion#11124], EntityKey[j.index.module.apply.resourcesUnion.entity.ResourcesUnion#11123], EntityKey[j.index.module.apply.resourcesUnion.entity.ResourcesUnion#11137], EntityKey[j.index.module.apply.resourcesUnion.entity.ResourcesUnion#11138], EntityKey[j.index.module.apply.resourcesUnion.entity.ResourcesUnion#11135], EntityKey[j.index.module.apply.resourcesUnion.entity.ResourcesUnion#11136], EntityKey[j.index.module.apply.resourcesUnion.entity.ResourcesUnion#11133], EntityKey[j.index.module.apply.resourcesUnion.entity.ResourcesUnion#11134], EntityKey[j.index.module.apply.resourcesUnion.entity.ResourcesUnion#11131], EntityKey[j.index.module.apply.resourcesUnion.entity.ResourcesUnion#11132], EntityKey[j.index.module.apply.resourcesUnion.entity.ResourcesUnion#11145], EntityKey[j.index.module.apply.resourcesUnion.entity.ResourcesUnion#11146], EntityKey[j.index.module.apply.resourcesUnion.entity.ResourcesUnion#11143], EntityKey[j.index.module.apply.resourcesUnion.entity.ResourcesUnion#11144], EntityKey[j.index.module.apply.resourcesUnion.entity.ResourcesUnion#11141], EntityKey[j.index.module.apply.resourcesUnion.entity.ResourcesUnion#11142], EntityKey[j.index.module.apply.resourcesUnion.entity.ResourcesUnion#11139], EntityKey[j.index.module.apply.resourcesUnion.entity.ResourcesUnion#11140], EntityKey[j.index.module.apply.resourcesUnion.entity.ResourcesUnion#10899], EntityKey[j.index.module.apply.resourcesUnion.entity.ResourcesUnion#10900], EntityKey[j.index.module.apply.resourcesUnion.entity.ResourcesUnion#10901], EntityKey[j.index.module.apply.resourcesUnion.entity.ResourcesUnion#10902], EntityKey[j.index.module.apply.resourcesUnion.entity.ResourcesUnion#10903], EntityKey[j.index.module.apply.resourcesUnion.entity.ResourcesUnion#10904], EntityKey[j.index.module.apply.resourcesUnion.entity.ResourcesUnion#10905], EntityKey[j.index.module.apply.resourcesUnion.entity.ResourcesUnion#10906], EntityKey[j.index.module.apply.resourcesUnion.entity.ResourcesUnion#10891], EntityKey[j.index.module.apply.resourcesUnion.entity.ResourcesUnion#10892], EntityKey[j.index.module.apply.resourcesUnion.entity.ResourcesUnion#10893], EntityKey[j.index.module.apply.resourcesUnion.entity.ResourcesUnion#10894], EntityKey[j.index.module.apply.resourcesUnion.entity.ResourcesUnion#10895], EntityKey[j.index.module.apply.resourcesUnion.entity.ResourcesUnion#10896], EntityKey[j.index.module.apply.resourcesUnion.entity.ResourcesUnion#10897], EntityKey[j.index.module.apply.resourcesUnion.entity.ResourcesUnion#10898], EntityKey[j.index.module.apply.resourcesUnion.entity.ResourcesUnion#10916], EntityKey[j.index.module.apply.resourcesUnion.entity.ResourcesUnion#10915], EntityKey[j.index.module.apply.resourcesUnion.entity.ResourcesUnion#10918], EntityKey[j.index.module.apply.resourcesUnion.entity.ResourcesUnion#10917], EntityKey[j.index.module.apply.resourcesUnion.entity.ResourcesUnion#10920], EntityKey[j.index.module.apply.resourcesUnion.entity.ResourcesUnion#10919], EntityKey[j.index.module.apply.resourcesUnion.entity.ResourcesUnion#10922], EntityKey[j.index.module.apply.resourcesUnion.entity.ResourcesUnion#10921], EntityKey[j.index.module.apply.resourcesUnion.entity.ResourcesUnion#10908], EntityKey[j.index.module.apply.resourcesUnion.entity.ResourcesUnion#10907], EntityKey[j.index.module.apply.resourcesUnion.entity.ResourcesUnion#10910], EntityKey[j.index.module.apply.resourcesUnion.entity.ResourcesUnion#10909], EntityKey[j.index.module.apply.resourcesUnion.entity.ResourcesUnion#10912], EntityKey[j.index.module.apply.resourcesUnion.entity.ResourcesUnion#10911], EntityKey[j.index.module.apply.resourcesUnion.entity.ResourcesUnion#10914], EntityKey[j.index.module.apply.resourcesUnion.entity.ResourcesUnion#10913], EntityKey[j.index.module.apply.resourcesUnion.entity.ResourcesUnion#10933], EntityKey[j.index.module.apply.resourcesUnion.entity.ResourcesUnion#10934], EntityKey[j.index.module.apply.resourcesUnion.entity.ResourcesUnion#10931], EntityKey[j.index.module.apply.resourcesUnion.entity.ResourcesUnion#10932], EntityKey[j.index.module.apply.resourcesUnion.entity.ResourcesUnion#10937], EntityKey[j.index.module.apply.resourcesUnion.entity.ResourcesUnion#10938], EntityKey[j.index.module.apply.resourcesUnion.entity.ResourcesUnion#10935], EntityKey[j.index.module.apply.resourcesUnion.entity.ResourcesUnion#10936], EntityKey[j.index.module.apply.resourcesUnion.entity.ResourcesUnion#10925], EntityKey[j.index.module.apply.resourcesUnion.entity.ResourcesUnion#10926], EntityKey[j.index.module.apply.resourcesUnion.entity.ResourcesUnion#10923], EntityKey[j.index.module.apply.resourcesUnion.entity.ResourcesUnion#10924], EntityKey[j.index.module.apply.resourcesUnion.entity.ResourcesUnion#10929], EntityKey[j.index.module.apply.resourcesUnion.entity.ResourcesUnion#10930], EntityKey[j.index.module.apply.resourcesUnion.entity.ResourcesUnion#10927], EntityKey[j.index.module.apply.resourcesUnion.entity.ResourcesUnion#10928], EntityKey[j.index.module.apply.resourcesUnion.entity.ResourcesUnion#10950], EntityKey[j.index.module.apply.resourcesUnion.entity.ResourcesUnion#10949], EntityKey[j.index.module.apply.resourcesUnion.entity.ResourcesUnion#10948], EntityKey[j.index.module.apply.resourcesUnion.entity.ResourcesUnion#10947], EntityKey[j.index.module.apply.resourcesUnion.entity.ResourcesUnion#10954], EntityKey[j.index.module.apply.resourcesUnion.entity.ResourcesUnion#10953], EntityKey[j.index.module.apply.resourcesUnion.entity.ResourcesUnion#10952], EntityKey[j.index.module.apply.resourcesUnion.entity.ResourcesUnion#10951], EntityKey[j.index.module.apply.resourcesUnion.entity.ResourcesUnion#10942], EntityKey[j.index.module.apply.resourcesUnion.entity.ResourcesUnion#10941], EntityKey[j.index.module.apply.resourcesUnion.entity.ResourcesUnion#10940], EntityKey[j.index.module.apply.resourcesUnion.entity.ResourcesUnion#10939], EntityKey[j.index.module.apply.resourcesUnion.entity.ResourcesUnion#10946], EntityKey[j.index.module.apply.resourcesUnion.entity.ResourcesUnion#10945], EntityKey[j.index.module.apply.resourcesUnion.entity.ResourcesUnion#10944], EntityKey[j.index.module.apply.resourcesUnion.entity.ResourcesUnion#10943], EntityKey[j.index.module.apply.resourcesUnion.entity.ResourcesUnion#10967], EntityKey[j.index.module.apply.resourcesUnion.entity.ResourcesUnion#10968], EntityKey[j.index.module.apply.resourcesUnion.entity.ResourcesUnion#10969], EntityKey[j.index.module.apply.resourcesUnion.entity.ResourcesUnion#10970], EntityKey[j.index.module.apply.resourcesUnion.entity.ResourcesUnion#10963], EntityKey[j.index.module.apply.resourcesUnion.entity.ResourcesUnion#10964], EntityKey[j.index.module.apply.resourcesUnion.entity.ResourcesUnion#10965], EntityKey[j.index.module.apply.resourcesUnion.entity.ResourcesUnion#10966], EntityKey[j.index.module.apply.resourcesUnion.entity.ResourcesUnion#10959], EntityKey[j.index.module.apply.resourcesUnion.entity.ResourcesUnion#10960], EntityKey[j.index.module.apply.resourcesUnion.entity.ResourcesUnion#10961], EntityKey[j.index.module.apply.resourcesUnion.entity.ResourcesUnion#10962], EntityKey[j.index.module.apply.resourcesUnion.entity.ResourcesUnion#10955], EntityKey[j.index.module.apply.resourcesUnion.entity.ResourcesUnion#10956], EntityKey[j.index.module.apply.resourcesUnion.entity.ResourcesUnion#10957], EntityKey[j.index.module.apply.resourcesUnion.entity.ResourcesUnion#10958], EntityKey[j.index.module.apply.resourcesUnion.entity.ResourcesUnion#10984], EntityKey[j.index.module.apply.resourcesUnion.entity.ResourcesUnion#10983], EntityKey[j.index.module.apply.resourcesUnion.entity.ResourcesUnion#10986], EntityKey[j.index.module.apply.resourcesUnion.entity.ResourcesUnion#10985], EntityKey[j.index.module.apply.resourcesUnion.entity.ResourcesUnion#10980], EntityKey[j.index.module.apply.resourcesUnion.entity.ResourcesUnion#10979], EntityKey[j.index.module.apply.resourcesUnion.entity.ResourcesUnion#10982], EntityKey[j.index.module.apply.resourcesUnion.entity.ResourcesUnion#10981], EntityKey[j.index.module.apply.resourcesUnion.entity.ResourcesUnion#10976], EntityKey[j.index.module.apply.resourcesUnion.entity.ResourcesUnion#10975], EntityKey[j.index.module.apply.resourcesUnion.entity.ResourcesUnion#10978], EntityKey[j.index.module.apply.resourcesUnion.entity.ResourcesUnion#10977], EntityKey[j.index.module.apply.resourcesUnion.entity.ResourcesUnion#10972], EntityKey[j.index.module.apply.resourcesUnion.entity.ResourcesUnion#10971], EntityKey[j.index.module.apply.resourcesUnion.entity.ResourcesUnion#10974], EntityKey[j.index.module.apply.resourcesUnion.entity.ResourcesUnion#10973], EntityKey[j.index.module.apply.resourcesUnion.entity.ResourcesUnion#11001], EntityKey[j.index.module.apply.resourcesUnion.entity.ResourcesUnion#11002], EntityKey[j.index.module.apply.resourcesUnion.entity.ResourcesUnion#10999], EntityKey[j.index.module.apply.resourcesUnion.entity.ResourcesUnion#11000], EntityKey[j.index.module.apply.resourcesUnion.entity.ResourcesUnion#10997], EntityKey[j.index.module.apply.resourcesUnion.entity.ResourcesUnion#10998], EntityKey[j.index.module.apply.resourcesUnion.entity.ResourcesUnion#10995], EntityKey[j.index.module.apply.resourcesUnion.entity.ResourcesUnion#10996], EntityKey[j.index.module.apply.resourcesUnion.entity.ResourcesUnion#10993], EntityKey[j.index.module.apply.resourcesUnion.entity.ResourcesUnion#10994], EntityKey[j.index.module.apply.resourcesUnion.entity.ResourcesUnion#10991], EntityKey[j.index.module.apply.resourcesUnion.entity.ResourcesUnion#10992], EntityKey[j.index.module.apply.resourcesUnion.entity.ResourcesUnion#10989], EntityKey[j.index.module.apply.resourcesUnion.entity.ResourcesUnion#10990], EntityKey[j.index.module.apply.resourcesUnion.entity.ResourcesUnion#10987], EntityKey[j.index.module.apply.resourcesUnion.entity.ResourcesUnion#10988], EntityKey[j.index.module.apply.resourcesUnion.entity.ResourcesUnion#11018], EntityKey[j.index.module.apply.resourcesUnion.entity.ResourcesUnion#11017], EntityKey[j.index.module.apply.resourcesUnion.entity.ResourcesUnion#11016], EntityKey[j.index.module.apply.resourcesUnion.entity.ResourcesUnion#11015], EntityKey[j.index.module.apply.resourcesUnion.entity.ResourcesUnion#11014], EntityKey[j.index.module.apply.resourcesUnion.entity.ResourcesUnion#11013], EntityKey[j.index.module.apply.resourcesUnion.entity.ResourcesUnion#11012], EntityKey[j.index.module.apply.resourcesUnion.entity.ResourcesUnion#11011], EntityKey[j.index.module.apply.resourcesUnion.entity.ResourcesUnion#11010], EntityKey[j.index.module.apply.resourcesUnion.entity.ResourcesUnion#11009], EntityKey[j.index.module.apply.resourcesUnion.entity.ResourcesUnion#11008], EntityKey[j.index.module.apply.resourcesUnion.entity.ResourcesUnion#11007], EntityKey[j.index.module.apply.resourcesUnion.entity.ResourcesUnion#11006], EntityKey[j.index.module.apply.resourcesUnion.entity.ResourcesUnion#11005], EntityKey[j.index.module.apply.resourcesUnion.entity.ResourcesUnion#11004], EntityKey[j.index.module.apply.resourcesUnion.entity.ResourcesUnion#11003], EntityKey[j.index.module.apply.resourcesUnion.entity.ResourcesUnion#12507], EntityKey[j.index.module.apply.resourcesUnion.entity.ResourcesUnion#12508], EntityKey[j.index.module.apply.resourcesUnion.entity.ResourcesUnion#12509], EntityKey[j.index.module.apply.resourcesUnion.entity.ResourcesUnion#12510], EntityKey[j.index.module.apply.resourcesUnion.entity.ResourcesUnion#12511], EntityKey[j.index.module.apply.resourcesUnion.entity.ResourcesUnion#12512], EntityKey[j.index.module.apply.resourcesUnion.entity.ResourcesUnion#12513], EntityKey[j.index.module.apply.resourcesUnion.entity.ResourcesUnion#12514], EntityKey[j.index.module.apply.resourcesUnion.entity.ResourcesUnion#12515], EntityKey[j.index.module.apply.resourcesUnion.entity.ResourcesUnion#12516], EntityKey[j.index.module.apply.resourcesUnion.entity.ResourcesUnion#12517], EntityKey[j.index.module.apply.resourcesUnion.entity.ResourcesUnion#12518], EntityKey[j.index.module.apply.resourcesUnion.entity.ResourcesUnion#12519], EntityKey[j.index.module.apply.resourcesUnion.entity.ResourcesUnion#12520], EntityKey[j.index.module.apply.resourcesUnion.entity.ResourcesUnion#12521], EntityKey[j.index.module.apply.resourcesUnion.entity.ResourcesUnion#12522], EntityKey[j.index.module.apply.resourcesUnion.entity.ResourcesUnion#12492], EntityKey[j.index.module.apply.resourcesUnion.entity.ResourcesUnion#12491], EntityKey[j.index.module.apply.resourcesUnion.entity.ResourcesUnion#12494], EntityKey[j.index.module.apply.resourcesUnion.entity.ResourcesUnion#12493], EntityKey[j.index.module.apply.resourcesUnion.entity.ResourcesUnion#12496], EntityKey[j.index.module.apply.resourcesUnion.entity.ResourcesUnion#12495], EntityKey[j.index.module.apply.resourcesUnion.entity.ResourcesUnion#12498], EntityKey[j.index.module.apply.resourcesUnion.entity.ResourcesUnion#12497], EntityKey[j.index.module.apply.resourcesUnion.entity.ResourcesUnion#12500], EntityKey[j.index.module.apply.resourcesUnion.entity.ResourcesUnion#12499], EntityKey[j.index.module.apply.resourcesUnion.entity.ResourcesUnion#12502], EntityKey[j.index.module.apply.resourcesUnion.entity.ResourcesUnion#12501], EntityKey[j.index.module.apply.resourcesUnion.entity.ResourcesUnion#12504], EntityKey[j.index.module.apply.resourcesUnion.entity.ResourcesUnion#12503], EntityKey[j.index.module.apply.resourcesUnion.entity.ResourcesUnion#12506], EntityKey[j.index.module.apply.resourcesUnion.entity.ResourcesUnion#12505], EntityKey[j.index.module.apply.resourcesUnion.entity.ResourcesUnion#12541], EntityKey[j.index.module.apply.resourcesUnion.entity.ResourcesUnion#12542], EntityKey[j.index.module.apply.resourcesUnion.entity.ResourcesUnion#12539], EntityKey[j.index.module.apply.resourcesUnion.entity.ResourcesUnion#12540], EntityKey[j.index.module.apply.resourcesUnion.entity.ResourcesUnion#12545], EntityKey[j.index.module.apply.resourcesUnion.entity.ResourcesUnion#12546], EntityKey[j.index.module.apply.resourcesUnion.entity.ResourcesUnion#12543], EntityKey[j.index.module.apply.resourcesUnion.entity.ResourcesUnion#12544], EntityKey[j.index.module.apply.resourcesUnion.entity.ResourcesUnion#12549], EntityKey[j.index.module.apply.resourcesUnion.entity.ResourcesUnion#12550], EntityKey[j.index.module.apply.resourcesUnion.entity.ResourcesUnion#12547], EntityKey[j.index.module.apply.resourcesUnion.entity.ResourcesUnion#12548], EntityKey[j.index.module.apply.resourcesUnion.entity.ResourcesUnion#12553], EntityKey[j.index.module.apply.resourcesUnion.entity.ResourcesUnion#12554], EntityKey[j.index.module.apply.resourcesUnion.entity.ResourcesUnion#12551], EntityKey[j.index.module.apply.resourcesUnion.entity.ResourcesUnion#12552], EntityKey[j.index.module.apply.resourcesUnion.entity.ResourcesUnion#12526], EntityKey[j.index.module.apply.resourcesUnion.entity.ResourcesUnion#12525], EntityKey[j.index.module.apply.resourcesUnion.entity.ResourcesUnion#12524], EntityKey[j.index.module.apply.resourcesUnion.entity.ResourcesUnion#12523], EntityKey[j.index.module.apply.resourcesUnion.entity.ResourcesUnion#12530], EntityKey[j.index.module.apply.resourcesUnion.entity.ResourcesUnion#12529], EntityKey[j.index.module.apply.resourcesUnion.entity.ResourcesUnion#12528], EntityKey[j.index.module.apply.resourcesUnion.entity.ResourcesUnion#12527], EntityKey[j.index.module.apply.resourcesUnion.entity.ResourcesUnion#12534], EntityKey[j.index.module.apply.resourcesUnion.entity.ResourcesUnion#12533], EntityKey[j.index.module.apply.resourcesUnion.entity.ResourcesUnion#12532], EntityKey[j.index.module.apply.resourcesUnion.entity.ResourcesUnion#12531], EntityKey[j.index.module.apply.resourcesUnion.entity.ResourcesUnion#12538], EntityKey[j.index.module.apply.resourcesUnion.entity.ResourcesUnion#12537], EntityKey[j.index.module.apply.resourcesUnion.entity.ResourcesUnion#12536], EntityKey[j.index.module.apply.resourcesUnion.entity.ResourcesUnion#12535], EntityKey[j.index.module.apply.resourcesUnion.entity.ResourcesUnion#12447], EntityKey[j.index.module.apply.resourcesUnion.entity.ResourcesUnion#12448], EntityKey[j.index.module.apply.resourcesUnion.entity.ResourcesUnion#12449], EntityKey[j.index.module.apply.resourcesUnion.entity.ResourcesUnion#12450], EntityKey[j.index.module.apply.resourcesUnion.entity.ResourcesUnion#12443], EntityKey[j.index.module.apply.resourcesUnion.entity.ResourcesUnion#12444], EntityKey[j.index.module.apply.resourcesUnion.entity.ResourcesUnion#12445], EntityKey[j.index.module.apply.resourcesUnion.entity.ResourcesUnion#12446], EntityKey[j.index.module.apply.resourcesUnion.entity.ResourcesUnion#12455], EntityKey[j.index.module.apply.resourcesUnion.entity.ResourcesUnion#12456], EntityKey[j.index.module.apply.resourcesUnion.entity.ResourcesUnion#12457], EntityKey[j.index.module.apply.resourcesUnion.entity.ResourcesUnion#12458], EntityKey[j.index.module.apply.resourcesUnion.entity.ResourcesUnion#12451], EntityKey[j.index.module.apply.resourcesUnion.entity.ResourcesUnion#12452], EntityKey[j.index.module.apply.resourcesUnion.entity.ResourcesUnion#12453], EntityKey[j.index.module.apply.resourcesUnion.entity.ResourcesUnion#12454], EntityKey[j.index.module.apply.resourcesUnion.entity.ResourcesUnion#12432], EntityKey[j.index.module.apply.resourcesUnion.entity.ResourcesUnion#12431], EntityKey[j.index.module.apply.resourcesUnion.entity.ResourcesUnion#12434], EntityKey[j.index.module.apply.resourcesUnion.entity.ResourcesUnion#12433], EntityKey[j.index.module.apply.resourcesUnion.entity.ResourcesUnion#12428], EntityKey[j.index.module.apply.resourcesUnion.entity.ResourcesUnion#12427], EntityKey[j.index.module.apply.resourcesUnion.entity.ResourcesUnion#12430], EntityKey[j.index.module.apply.resourcesUnion.entity.ResourcesUnion#12429], EntityKey[j.index.module.apply.resourcesUnion.entity.ResourcesUnion#12440], EntityKey[j.index.module.apply.resourcesUnion.entity.ResourcesUnion#12439], EntityKey[j.index.module.apply.resourcesUnion.entity.ResourcesUnion#12442], EntityKey[j.index.module.apply.resourcesUnion.entity.ResourcesUnion#12441], EntityKey[j.index.module.apply.resourcesUnion.entity.ResourcesUnion#12436], EntityKey[j.index.module.apply.resourcesUnion.entity.ResourcesUnion#12435], EntityKey[j.index.module.apply.resourcesUnion.entity.ResourcesUnion#12438], EntityKey[j.index.module.apply.resourcesUnion.entity.ResourcesUnion#12437], EntityKey[j.index.module.apply.resourcesUnion.entity.ResourcesUnion#12481], EntityKey[j.index.module.apply.resourcesUnion.entity.ResourcesUnion#12482], EntityKey[j.index.module.apply.resourcesUnion.entity.ResourcesUnion#12479], EntityKey[j.index.module.apply.resourcesUnion.entity.ResourcesUnion#12480], EntityKey[j.index.module.apply.resourcesUnion.entity.ResourcesUnion#12477], EntityKey[j.index.module.apply.resourcesUnion.entity.ResourcesUnion#12478], EntityKey[j.index.module.apply.resourcesUnion.entity.ResourcesUnion#12475], EntityKey[j.index.module.apply.resourcesUnion.entity.ResourcesUnion#12476], EntityKey[j.index.module.apply.resourcesUnion.entity.ResourcesUnion#12489], EntityKey[j.index.module.apply.resourcesUnion.entity.ResourcesUnion#12490], EntityKey[j.index.module.apply.resourcesUnion.entity.ResourcesUnion#12487], EntityKey[j.index.module.apply.resourcesUnion.entity.ResourcesUnion#12488], EntityKey[j.index.module.apply.resourcesUnion.entity.ResourcesUnion#12485], EntityKey[j.index.module.apply.resourcesUnion.entity.ResourcesUnion#12486], EntityKey[j.index.module.apply.resourcesUnion.entity.ResourcesUnion#12483], EntityKey[j.index.module.apply.resourcesUnion.entity.ResourcesUnion#12484], EntityKey[j.index.module.apply.resourcesUnion.entity.ResourcesUnion#12466], EntityKey[j.index.module.apply.resourcesUnion.entity.ResourcesUnion#12465], EntityKey[j.index.module.apply.resourcesUnion.entity.ResourcesUnion#12464], EntityKey[j.index.module.apply.resourcesUnion.entity.ResourcesUnion#12463], EntityKey[j.index.module.apply.resourcesUnion.entity.ResourcesUnion#12462], EntityKey[j.index.module.apply.resourcesUnion.entity.ResourcesUnion#12461], EntityKey[j.index.module.apply.resourcesUnion.entity.ResourcesUnion#12460], EntityKey[j.index.module.apply.resourcesUnion.entity.ResourcesUnion#12459], EntityKey[j.index.module.apply.resourcesUnion.entity.ResourcesUnion#12474], EntityKey[j.index.module.apply.resourcesUnion.entity.ResourcesUnion#12473], EntityKey[j.index.module.apply.resourcesUnion.entity.ResourcesUnion#12472], EntityKey[j.index.module.apply.resourcesUnion.entity.ResourcesUnion#12471], EntityKey[j.index.module.apply.resourcesUnion.entity.ResourcesUnion#12470], EntityKey[j.index.module.apply.resourcesUnion.entity.ResourcesUnion#12469], EntityKey[j.index.module.apply.resourcesUnion.entity.ResourcesUnion#12468], EntityKey[j.index.module.apply.resourcesUnion.entity.ResourcesUnion#12467], EntityKey[j.index.module.apply.resourcesUnion.entity.ResourcesUnion#12644], EntityKey[j.index.module.apply.resourcesUnion.entity.ResourcesUnion#12643], EntityKey[j.index.module.apply.resourcesUnion.entity.ResourcesUnion#12646], EntityKey[j.index.module.apply.resourcesUnion.entity.ResourcesUnion#12645], EntityKey[j.index.module.apply.resourcesUnion.entity.ResourcesUnion#12648], EntityKey[j.index.module.apply.resourcesUnion.entity.ResourcesUnion#12647], EntityKey[j.index.module.apply.resourcesUnion.entity.ResourcesUnion#12650], EntityKey[j.index.module.apply.resourcesUnion.entity.ResourcesUnion#12649], EntityKey[j.index.module.apply.resourcesUnion.entity.ResourcesUnion#12636], EntityKey[j.index.module.apply.resourcesUnion.entity.ResourcesUnion#12635], EntityKey[j.index.module.apply.resourcesUnion.entity.ResourcesUnion#12638], EntityKey[j.index.module.apply.resourcesUnion.entity.ResourcesUnion#12637], EntityKey[j.index.module.apply.resourcesUnion.entity.ResourcesUnion#12640], EntityKey[j.index.module.apply.resourcesUnion.entity.ResourcesUnion#12639], EntityKey[j.index.module.apply.resourcesUnion.entity.ResourcesUnion#12642], EntityKey[j.index.module.apply.resourcesUnion.entity.ResourcesUnion#12641], EntityKey[j.index.module.apply.resourcesUnion.entity.ResourcesUnion#12627], EntityKey[j.index.module.apply.resourcesUnion.entity.ResourcesUnion#12628], EntityKey[j.index.module.apply.resourcesUnion.entity.ResourcesUnion#12629], EntityKey[j.index.module.apply.resourcesUnion.entity.ResourcesUnion#12630], EntityKey[j.index.module.apply.resourcesUnion.entity.ResourcesUnion#12631], EntityKey[j.index.module.apply.resourcesUnion.entity.ResourcesUnion#12632], EntityKey[j.index.module.apply.resourcesUnion.entity.ResourcesUnion#12633], EntityKey[j.index.module.apply.resourcesUnion.entity.ResourcesUnion#12634], EntityKey[j.index.module.apply.resourcesUnion.entity.ResourcesUnion#12619], EntityKey[j.index.module.apply.resourcesUnion.entity.ResourcesUnion#12620], EntityKey[j.index.module.apply.resourcesUnion.entity.ResourcesUnion#12621], EntityKey[j.index.module.apply.resourcesUnion.entity.ResourcesUnion#12622], EntityKey[j.index.module.apply.resourcesUnion.entity.ResourcesUnion#12623], EntityKey[j.index.module.apply.resourcesUnion.entity.ResourcesUnion#12624], EntityKey[j.index.module.apply.resourcesUnion.entity.ResourcesUnion#12625], EntityKey[j.index.module.apply.resourcesUnion.entity.ResourcesUnion#12626], EntityKey[j.index.module.apply.resourcesUnion.entity.ResourcesUnion#12678], EntityKey[j.index.module.apply.resourcesUnion.entity.ResourcesUnion#12677], EntityKey[j.index.module.apply.resourcesUnion.entity.ResourcesUnion#12676], EntityKey[j.index.module.apply.resourcesUnion.entity.ResourcesUnion#12675], EntityKey[j.index.module.apply.resourcesUnion.entity.ResourcesUnion#12682], EntityKey[j.index.module.apply.resourcesUnion.entity.ResourcesUnion#12681], EntityKey[j.index.module.apply.resourcesUnion.entity.ResourcesUnion#12680], EntityKey[j.index.module.apply.resourcesUnion.entity.ResourcesUnion#12679], EntityKey[j.index.module.apply.resourcesUnion.entity.ResourcesUnion#12670], EntityKey[j.index.module.apply.resourcesUnion.entity.ResourcesUnion#12669], EntityKey[j.index.module.apply.resourcesUnion.entity.ResourcesUnion#12668], EntityKey[j.index.module.apply.resourcesUnion.entity.ResourcesUnion#12667], EntityKey[j.index.module.apply.resourcesUnion.entity.ResourcesUnion#12674], EntityKey[j.index.module.apply.resourcesUnion.entity.ResourcesUnion#12673], EntityKey[j.index.module.apply.resourcesUnion.entity.ResourcesUnion#12672], EntityKey[j.index.module.apply.resourcesUnion.entity.ResourcesUnion#12671], EntityKey[j.index.module.apply.resourcesUnion.entity.ResourcesUnion#12661], EntityKey[j.index.module.apply.resourcesUnion.entity.ResourcesUnion#12662], EntityKey[j.index.module.apply.resourcesUnion.entity.ResourcesUnion#12659], EntityKey[j.index.module.apply.resourcesUnion.entity.ResourcesUnion#12660], EntityKey[j.index.module.apply.resourcesUnion.entity.ResourcesUnion#12665], EntityKey[j.index.module.apply.resourcesUnion.entity.ResourcesUnion#12666], EntityKey[j.index.module.apply.resourcesUnion.entity.ResourcesUnion#12663], EntityKey[j.index.module.apply.resourcesUnion.entity.ResourcesUnion#12664], EntityKey[j.index.module.apply.resourcesUnion.entity.ResourcesUnion#12653], EntityKey[j.index.module.apply.resourcesUnion.entity.ResourcesUnion#12654], EntityKey[j.index.module.apply.resourcesUnion.entity.ResourcesUnion#12651], EntityKey[j.index.module.apply.resourcesUnion.entity.ResourcesUnion#12652], EntityKey[j.index.module.apply.resourcesUnion.entity.ResourcesUnion#12657], EntityKey[j.index.module.apply.resourcesUnion.entity.ResourcesUnion#12658], EntityKey[j.index.module.apply.resourcesUnion.entity.ResourcesUnion#12655], EntityKey[j.index.module.apply.resourcesUnion.entity.ResourcesUnion#12656], EntityKey[j.index.module.apply.resourcesUnion.entity.ResourcesUnion#12584], EntityKey[j.index.module.apply.resourcesUnion.entity.ResourcesUnion#12583], EntityKey[j.index.module.apply.resourcesUnion.entity.ResourcesUnion#12586], EntityKey[j.index.module.apply.resourcesUnion.entity.ResourcesUnion#12585], EntityKey[j.index.module.apply.resourcesUnion.entity.ResourcesUnion#12580], EntityKey[j.index.module.apply.resourcesUnion.entity.ResourcesUnion#12579], EntityKey[j.index.module.apply.resourcesUnion.entity.ResourcesUnion#12582], EntityKey[j.index.module.apply.resourcesUnion.entity.ResourcesUnion#12581], EntityKey[j.index.module.apply.resourcesUnion.entity.ResourcesUnion#12576], EntityKey[j.index.module.apply.resourcesUnion.entity.ResourcesUnion#12575], EntityKey[j.index.module.apply.resourcesUnion.entity.ResourcesUnion#12578], EntityKey[j.index.module.apply.resourcesUnion.entity.ResourcesUnion#12577], EntityKey[j.index.module.apply.resourcesUnion.entity.ResourcesUnion#12572], EntityKey[j.index.module.apply.resourcesUnion.entity.ResourcesUnion#12571], EntityKey[j.index.module.apply.resourcesUnion.entity.ResourcesUnion#12574], EntityKey[j.index.module.apply.resourcesUnion.entity.ResourcesUnion#12573], EntityKey[j.index.module.apply.resourcesUnion.entity.ResourcesUnion#12567], EntityKey[j.index.module.apply.resourcesUnion.entity.ResourcesUnion#12568], EntityKey[j.index.module.apply.resourcesUnion.entity.ResourcesUnion#12569], EntityKey[j.index.module.apply.resourcesUnion.entity.ResourcesUnion#12570], EntityKey[j.index.module.apply.resourcesUnion.entity.ResourcesUnion#12563], EntityKey[j.index.module.apply.resourcesUnion.entity.ResourcesUnion#12564], EntityKey[j.index.module.apply.resourcesUnion.entity.ResourcesUnion#12565], EntityKey[j.index.module.apply.resourcesUnion.entity.ResourcesUnion#12566], EntityKey[j.index.module.apply.resourcesUnion.entity.ResourcesUnion#12559], EntityKey[j.index.module.apply.resourcesUnion.entity.ResourcesUnion#12560], EntityKey[j.index.module.apply.resourcesUnion.entity.ResourcesUnion#12561], EntityKey[j.index.module.apply.resourcesUnion.entity.ResourcesUnion#12562], EntityKey[j.index.module.apply.resourcesUnion.entity.ResourcesUnion#12555], EntityKey[j.index.module.apply.resourcesUnion.entity.ResourcesUnion#12556], EntityKey[j.index.module.apply.resourcesUnion.entity.ResourcesUnion#12557], EntityKey[j.index.module.apply.resourcesUnion.entity.ResourcesUnion#12558], EntityKey[j.index.module.apply.resourcesUnion.entity.ResourcesUnion#12618], EntityKey[j.index.module.apply.resourcesUnion.entity.ResourcesUnion#12617], EntityKey[j.index.module.apply.resourcesUnion.entity.ResourcesUnion#12616], EntityKey[j.index.module.apply.resourcesUnion.entity.ResourcesUnion#12615], EntityKey[j.index.module.apply.resourcesUnion.entity.ResourcesUnion#12614], EntityKey[j.index.module.apply.resourcesUnion.entity.ResourcesUnion#12613], EntityKey[j.index.module.apply.resourcesUnion.entity.ResourcesUnion#12612], EntityKey[j.index.module.apply.resourcesUnion.entity.ResourcesUnion#12611], EntityKey[j.index.module.apply.resourcesUnion.entity.ResourcesUnion#12610], EntityKey[j.index.module.apply.resourcesUnion.entity.ResourcesUnion#12609], EntityKey[j.index.module.apply.resourcesUnion.entity.ResourcesUnion#12608], EntityKey[j.index.module.apply.resourcesUnion.entity.ResourcesUnion#12607], EntityKey[j.index.module.apply.resourcesUnion.entity.ResourcesUnion#12606], EntityKey[j.index.module.apply.resourcesUnion.entity.ResourcesUnion#12605], EntityKey[j.index.module.apply.resourcesUnion.entity.ResourcesUnion#12604], EntityKey[j.index.module.apply.resourcesUnion.entity.ResourcesUnion#12603], EntityKey[j.index.module.apply.resourcesUnion.entity.ResourcesUnion#12601], EntityKey[j.index.module.apply.resourcesUnion.entity.ResourcesUnion#12602], EntityKey[j.index.module.apply.resourcesUnion.entity.ResourcesUnion#12599], EntityKey[j.index.module.apply.resourcesUnion.entity.ResourcesUnion#12600], EntityKey[j.index.module.apply.resourcesUnion.entity.ResourcesUnion#12597], EntityKey[j.index.module.apply.resourcesUnion.entity.ResourcesUnion#12598], EntityKey[j.index.module.apply.resourcesUnion.entity.ResourcesUnion#12595], EntityKey[j.index.module.apply.resourcesUnion.entity.ResourcesUnion#12596], EntityKey[j.index.module.apply.resourcesUnion.entity.ResourcesUnion#12593], EntityKey[j.index.module.apply.resourcesUnion.entity.ResourcesUnion#12594], EntityKey[j.index.module.apply.resourcesUnion.entity.ResourcesUnion#12591], EntityKey[j.index.module.apply.resourcesUnion.entity.ResourcesUnion#12592], EntityKey[j.index.module.apply.resourcesUnion.entity.ResourcesUnion#12589], EntityKey[j.index.module.apply.resourcesUnion.entity.ResourcesUnion#12590], EntityKey[j.index.module.apply.resourcesUnion.entity.ResourcesUnion#12587], EntityKey[j.index.module.apply.resourcesUnion.entity.ResourcesUnion#12588], EntityKey[j.index.module.apply.resourcesUnion.entity.ResourcesUnion#12238], EntityKey[j.index.module.apply.resourcesUnion.entity.ResourcesUnion#12237], EntityKey[j.index.module.apply.resourcesUnion.entity.ResourcesUnion#12236], EntityKey[j.index.module.apply.resourcesUnion.entity.ResourcesUnion#12235], EntityKey[j.index.module.apply.resourcesUnion.entity.ResourcesUnion#12242], EntityKey[j.index.module.apply.resourcesUnion.entity.ResourcesUnion#12241], EntityKey[j.index.module.apply.resourcesUnion.entity.ResourcesUnion#12240], EntityKey[j.index.module.apply.resourcesUnion.entity.ResourcesUnion#12239], EntityKey[j.index.module.apply.resourcesUnion.entity.ResourcesUnion#12246], EntityKey[j.index.module.apply.resourcesUnion.entity.ResourcesUnion#12245], EntityKey[j.index.module.apply.resourcesUnion.entity.ResourcesUnion#12244], EntityKey[j.index.module.apply.resourcesUnion.entity.ResourcesUnion#12243], EntityKey[j.index.module.apply.resourcesUnion.entity.ResourcesUnion#12250], EntityKey[j.index.module.apply.resourcesUnion.entity.ResourcesUnion#12249], EntityKey[j.index.module.apply.resourcesUnion.entity.ResourcesUnion#12248], EntityKey[j.index.module.apply.resourcesUnion.entity.ResourcesUnion#12247], EntityKey[j.index.module.apply.resourcesUnion.entity.ResourcesUnion#12253], EntityKey[j.index.module.apply.resourcesUnion.entity.ResourcesUnion#12254], EntityKey[j.index.module.apply.resourcesUnion.entity.ResourcesUnion#12251], EntityKey[j.index.module.apply.resourcesUnion.entity.ResourcesUnion#12252], EntityKey[j.index.module.apply.resourcesUnion.entity.ResourcesUnion#12257], EntityKey[j.index.module.apply.resourcesUnion.entity.ResourcesUnion#12258], EntityKey[j.index.module.apply.resourcesUnion.entity.ResourcesUnion#12255], EntityKey[j.index.module.apply.resourcesUnion.entity.ResourcesUnion#12256], EntityKey[j.index.module.apply.resourcesUnion.entity.ResourcesUnion#12261], EntityKey[j.index.module.apply.resourcesUnion.entity.ResourcesUnion#12262], EntityKey[j.index.module.apply.resourcesUnion.entity.ResourcesUnion#12259], EntityKey[j.index.module.apply.resourcesUnion.entity.ResourcesUnion#12260], EntityKey[j.index.module.apply.resourcesUnion.entity.ResourcesUnion#12265], EntityKey[j.index.module.apply.resourcesUnion.entity.ResourcesUnion#12266], EntityKey[j.index.module.apply.resourcesUnion.entity.ResourcesUnion#12263], EntityKey[j.index.module.apply.resourcesUnion.entity.ResourcesUnion#12264], EntityKey[j.index.module.apply.resourcesUnion.entity.ResourcesUnion#12268], EntityKey[j.index.module.apply.resourcesUnion.entity.ResourcesUnion#12267], EntityKey[j.index.module.apply.resourcesUnion.entity.ResourcesUnion#12270], EntityKey[j.index.module.apply.resourcesUnion.entity.ResourcesUnion#12269], EntityKey[j.index.module.apply.resourcesUnion.entity.ResourcesUnion#12272], EntityKey[j.index.module.apply.resourcesUnion.entity.ResourcesUnion#12271], EntityKey[j.index.module.apply.resourcesUnion.entity.ResourcesUnion#12274], EntityKey[j.index.module.apply.resourcesUnion.entity.ResourcesUnion#12273], EntityKey[j.index.module.apply.resourcesUnion.entity.ResourcesUnion#12276], EntityKey[j.index.module.apply.resourcesUnion.entity.ResourcesUnion#12275], EntityKey[j.index.module.apply.resourcesUnion.entity.ResourcesUnion#12278], EntityKey[j.index.module.apply.resourcesUnion.entity.ResourcesUnion#12277], EntityKey[j.index.module.apply.resourcesUnion.entity.ResourcesUnion#12280], EntityKey[j.index.module.apply.resourcesUnion.entity.ResourcesUnion#12279], EntityKey[j.index.module.apply.resourcesUnion.entity.ResourcesUnion#12282], EntityKey[j.index.module.apply.resourcesUnion.entity.ResourcesUnion#12281], EntityKey[j.index.module.apply.resourcesUnion.entity.ResourcesUnion#12283], EntityKey[j.index.module.apply.resourcesUnion.entity.ResourcesUnion#12284], EntityKey[j.index.module.apply.resourcesUnion.entity.ResourcesUnion#12285], EntityKey[j.index.module.apply.resourcesUnion.entity.ResourcesUnion#12286], EntityKey[j.index.module.apply.resourcesUnion.entity.ResourcesUnion#12287], EntityKey[j.index.module.apply.resourcesUnion.entity.ResourcesUnion#12288], EntityKey[j.index.module.apply.resourcesUnion.entity.ResourcesUnion#12289], EntityKey[j.index.module.apply.resourcesUnion.entity.ResourcesUnion#12290], EntityKey[j.index.module.apply.resourcesUnion.entity.ResourcesUnion#12291], EntityKey[j.index.module.apply.resourcesUnion.entity.ResourcesUnion#12292], EntityKey[j.index.module.apply.resourcesUnion.entity.ResourcesUnion#12293], EntityKey[j.index.module.apply.resourcesUnion.entity.ResourcesUnion#12294], EntityKey[j.index.module.apply.resourcesUnion.entity.ResourcesUnion#12295], EntityKey[j.index.module.apply.resourcesUnion.entity.ResourcesUnion#12296], EntityKey[j.index.module.apply.resourcesUnion.entity.ResourcesUnion#12297], EntityKey[j.index.module.apply.resourcesUnion.entity.ResourcesUnion#12298], EntityKey[j.index.module.apply.resourcesUnion.entity.ResourcesUnion#12178], EntityKey[j.index.module.apply.resourcesUnion.entity.ResourcesUnion#12177], EntityKey[j.index.module.apply.resourcesUnion.entity.ResourcesUnion#12176], EntityKey[j.index.module.apply.resourcesUnion.entity.ResourcesUnion#12175], EntityKey[j.index.module.apply.resourcesUnion.entity.ResourcesUnion#12174], EntityKey[j.index.module.apply.resourcesUnion.entity.ResourcesUnion#12173], EntityKey[j.index.module.apply.resourcesUnion.entity.ResourcesUnion#12172], EntityKey[j.index.module.apply.resourcesUnion.entity.ResourcesUnion#12171], EntityKey[j.index.module.apply.resourcesUnion.entity.ResourcesUnion#12186], EntityKey[j.index.module.apply.resourcesUnion.entity.ResourcesUnion#12185], EntityKey[j.index.module.apply.resourcesUnion.entity.ResourcesUnion#12184], EntityKey[j.index.module.apply.resourcesUnion.entity.ResourcesUnion#12183], EntityKey[j.index.module.apply.resourcesUnion.entity.ResourcesUnion#12182], EntityKey[j.index.module.apply.resourcesUnion.entity.ResourcesUnion#12181], EntityKey[j.index.module.apply.resourcesUnion.entity.ResourcesUnion#12180], EntityKey[j.index.module.apply.resourcesUnion.entity.ResourcesUnion#12179], EntityKey[j.index.module.apply.resourcesUnion.entity.ResourcesUnion#12193], EntityKey[j.index.module.apply.resourcesUnion.entity.ResourcesUnion#12194], EntityKey[j.index.module.apply.resourcesUnion.entity.ResourcesUnion#12191], EntityKey[j.index.module.apply.resourcesUnion.entity.ResourcesUnion#12192], EntityKey[j.index.module.apply.resourcesUnion.entity.ResourcesUnion#12189], EntityKey[j.index.module.apply.resourcesUnion.entity.ResourcesUnion#12190], EntityKey[j.index.module.apply.resourcesUnion.entity.ResourcesUnion#12187], EntityKey[j.index.module.apply.resourcesUnion.entity.ResourcesUnion#12188], EntityKey[j.index.module.apply.resourcesUnion.entity.ResourcesUnion#12201], EntityKey[j.index.module.apply.resourcesUnion.entity.ResourcesUnion#12202], EntityKey[j.index.module.apply.resourcesUnion.entity.ResourcesUnion#12199], EntityKey[j.index.module.apply.resourcesUnion.entity.ResourcesUnion#12200], EntityKey[j.index.module.apply.resourcesUnion.entity.ResourcesUnion#12197], EntityKey[j.index.module.apply.resourcesUnion.entity.ResourcesUnion#12198], EntityKey[j.index.module.apply.resourcesUnion.entity.ResourcesUnion#12195], EntityKey[j.index.module.apply.resourcesUnion.entity.ResourcesUnion#12196], EntityKey[j.index.module.apply.resourcesUnion.entity.ResourcesUnion#12208], EntityKey[j.index.module.apply.resourcesUnion.entity.ResourcesUnion#12207], EntityKey[j.index.module.apply.resourcesUnion.entity.ResourcesUnion#12210], EntityKey[j.index.module.apply.resourcesUnion.entity.ResourcesUnion#12209], EntityKey[j.index.module.apply.resourcesUnion.entity.ResourcesUnion#12204], EntityKey[j.index.module.apply.resourcesUnion.entity.ResourcesUnion#12203], EntityKey[j.index.module.apply.resourcesUnion.entity.ResourcesUnion#12206], EntityKey[j.index.module.apply.resourcesUnion.entity.ResourcesUnion#12205], EntityKey[j.index.module.apply.resourcesUnion.entity.ResourcesUnion#12216], EntityKey[j.index.module.apply.resourcesUnion.entity.ResourcesUnion#12215], EntityKey[j.index.module.apply.resourcesUnion.entity.ResourcesUnion#12218], EntityKey[j.index.module.apply.resourcesUnion.entity.ResourcesUnion#12217], EntityKey[j.index.module.apply.resourcesUnion.entity.ResourcesUnion#12212], EntityKey[j.index.module.apply.resourcesUnion.entity.ResourcesUnion#12211], EntityKey[j.index.module.apply.resourcesUnion.entity.ResourcesUnion#12214], EntityKey[j.index.module.apply.resourcesUnion.entity.ResourcesUnion#12213], EntityKey[j.index.module.apply.resourcesUnion.entity.ResourcesUnion#12223], EntityKey[j.index.module.apply.resourcesUnion.entity.ResourcesUnion#12224], EntityKey[j.index.module.apply.resourcesUnion.entity.ResourcesUnion#12225], EntityKey[j.index.module.apply.resourcesUnion.entity.ResourcesUnion#12226], EntityKey[j.index.module.apply.resourcesUnion.entity.ResourcesUnion#12219], EntityKey[j.index.module.apply.resourcesUnion.entity.ResourcesUnion#12220], EntityKey[j.index.module.apply.resourcesUnion.entity.ResourcesUnion#12221], EntityKey[j.index.module.apply.resourcesUnion.entity.ResourcesUnion#12222], EntityKey[j.index.module.apply.resourcesUnion.entity.ResourcesUnion#12231], EntityKey[j.index.module.apply.resourcesUnion.entity.ResourcesUnion#12232], EntityKey[j.index.module.apply.resourcesUnion.entity.ResourcesUnion#12233], EntityKey[j.index.module.apply.resourcesUnion.entity.ResourcesUnion#12234], EntityKey[j.index.module.apply.resourcesUnion.entity.ResourcesUnion#12227], EntityKey[j.index.module.apply.resourcesUnion.entity.ResourcesUnion#12228], EntityKey[j.index.module.apply.resourcesUnion.entity.ResourcesUnion#12229], EntityKey[j.index.module.apply.resourcesUnion.entity.ResourcesUnion#12230], EntityKey[j.index.module.apply.resourcesUnion.entity.ResourcesUnion#12373], EntityKey[j.index.module.apply.resourcesUnion.entity.ResourcesUnion#12374], EntityKey[j.index.module.apply.resourcesUnion.entity.ResourcesUnion#12371], EntityKey[j.index.module.apply.resourcesUnion.entity.ResourcesUnion#12372], EntityKey[j.index.module.apply.resourcesUnion.entity.ResourcesUnion#12377], EntityKey[j.index.module.apply.resourcesUnion.entity.ResourcesUnion#12378], EntityKey[j.index.module.apply.resourcesUnion.entity.ResourcesUnion#12375], EntityKey[j.index.module.apply.resourcesUnion.entity.ResourcesUnion#12376], EntityKey[j.index.module.apply.resourcesUnion.entity.ResourcesUnion#12365], EntityKey[j.index.module.apply.resourcesUnion.entity.ResourcesUnion#12366], EntityKey[j.index.module.apply.resourcesUnion.entity.ResourcesUnion#12363], EntityKey[j.index.module.apply.resourcesUnion.entity.ResourcesUnion#12364], EntityKey[j.index.module.apply.resourcesUnion.entity.ResourcesUnion#12369], EntityKey[j.index.module.apply.resourcesUnion.entity.ResourcesUnion#12370], EntityKey[j.index.module.apply.resourcesUnion.entity.ResourcesUnion#12367], EntityKey[j.index.module.apply.resourcesUnion.entity.ResourcesUnion#12368], EntityKey[j.index.module.apply.resourcesUnion.entity.ResourcesUnion#12390], EntityKey[j.index.module.apply.resourcesUnion.entity.ResourcesUnion#12389], EntityKey[j.index.module.apply.resourcesUnion.entity.ResourcesUnion#12388], EntityKey[j.index.module.apply.resourcesUnion.entity.ResourcesUnion#12387], EntityKey[j.index.module.apply.resourcesUnion.entity.ResourcesUnion#12394], EntityKey[j.index.module.apply.resourcesUnion.entity.ResourcesUnion#12393], EntityKey[j.index.module.apply.resourcesUnion.entity.ResourcesUnion#12392], EntityKey[j.index.module.apply.resourcesUnion.entity.ResourcesUnion#12391], EntityKey[j.index.module.apply.resourcesUnion.entity.ResourcesUnion#12382], EntityKey[j.index.module.apply.resourcesUnion.entity.ResourcesUnion#12381], EntityKey[j.index.module.apply.resourcesUnion.entity.ResourcesUnion#12380], EntityKey[j.index.module.apply.resourcesUnion.entity.ResourcesUnion#12379], EntityKey[j.index.module.apply.resourcesUnion.entity.ResourcesUnion#12386], EntityKey[j.index.module.apply.resourcesUnion.entity.ResourcesUnion#12385], EntityKey[j.index.module.apply.resourcesUnion.entity.ResourcesUnion#12384], EntityKey[j.index.module.apply.resourcesUnion.entity.ResourcesUnion#12383], EntityKey[j.index.module.apply.resourcesUnion.entity.ResourcesUnion#12403], EntityKey[j.index.module.apply.resourcesUnion.entity.ResourcesUnion#12404], EntityKey[j.index.module.apply.resourcesUnion.entity.ResourcesUnion#12405], EntityKey[j.index.module.apply.resourcesUnion.entity.ResourcesUnion#12406], EntityKey[j.index.module.apply.resourcesUnion.entity.ResourcesUnion#12407], EntityKey[j.index.module.apply.resourcesUnion.entity.ResourcesUnion#12408], EntityKey[j.index.module.apply.resourcesUnion.entity.ResourcesUnion#12409], EntityKey[j.index.module.apply.resourcesUnion.entity.ResourcesUnion#12410], EntityKey[j.index.module.apply.resourcesUnion.entity.ResourcesUnion#12395], EntityKey[j.index.module.apply.resourcesUnion.entity.ResourcesUnion#12396], EntityKey[j.index.module.apply.resourcesUnion.entity.ResourcesUnion#12397], EntityKey[j.index.module.apply.resourcesUnion.entity.ResourcesUnion#12398], EntityKey[j.index.module.apply.resourcesUnion.entity.ResourcesUnion#12399], EntityKey[j.index.module.apply.resourcesUnion.entity.ResourcesUnion#12400], EntityKey[j.index.module.apply.resourcesUnion.entity.ResourcesUnion#12401], EntityKey[j.index.module.apply.resourcesUnion.entity.ResourcesUnion#12402], EntityKey[j.index.module.apply.resourcesUnion.entity.ResourcesUnion#12420], EntityKey[j.index.module.apply.resourcesUnion.entity.ResourcesUnion#12419], EntityKey[j.index.module.apply.resourcesUnion.entity.ResourcesUnion#12422], EntityKey[j.index.module.apply.resourcesUnion.entity.ResourcesUnion#12421], EntityKey[j.index.module.apply.resourcesUnion.entity.ResourcesUnion#12424], EntityKey[j.index.module.apply.resourcesUnion.entity.ResourcesUnion#12423], EntityKey[j.index.module.apply.resourcesUnion.entity.ResourcesUnion#12426], EntityKey[j.index.module.apply.resourcesUnion.entity.ResourcesUnion#12425], EntityKey[j.index.module.apply.resourcesUnion.entity.ResourcesUnion#12412], EntityKey[j.index.module.apply.resourcesUnion.entity.ResourcesUnion#12411], EntityKey[j.index.module.apply.resourcesUnion.entity.ResourcesUnion#12414], EntityKey[j.index.module.apply.resourcesUnion.entity.ResourcesUnion#12413], EntityKey[j.index.module.apply.resourcesUnion.entity.ResourcesUnion#12416], EntityKey[j.index.module.apply.resourcesUnion.entity.ResourcesUnion#12415], EntityKey[j.index.module.apply.resourcesUnion.entity.ResourcesUnion#12418], EntityKey[j.index.module.apply.resourcesUnion.entity.ResourcesUnion#12417], EntityKey[j.index.module.apply.resourcesUnion.entity.ResourcesUnion#12313], EntityKey[j.index.module.apply.resourcesUnion.entity.ResourcesUnion#12314], EntityKey[j.index.module.apply.resourcesUnion.entity.ResourcesUnion#12311], EntityKey[j.index.module.apply.resourcesUnion.entity.ResourcesUnion#12312], EntityKey[j.index.module.apply.resourcesUnion.entity.ResourcesUnion#12309], EntityKey[j.index.module.apply.resourcesUnion.entity.ResourcesUnion#12310], EntityKey[j.index.module.apply.resourcesUnion.entity.ResourcesUnion#12307], EntityKey[j.index.module.apply.resourcesUnion.entity.ResourcesUnion#12308], EntityKey[j.index.module.apply.resourcesUnion.entity.ResourcesUnion#12305], EntityKey[j.index.module.apply.resourcesUnion.entity.ResourcesUnion#12306], EntityKey[j.index.module.apply.resourcesUnion.entity.ResourcesUnion#12303], EntityKey[j.index.module.apply.resourcesUnion.entity.ResourcesUnion#12304], EntityKey[j.index.module.apply.resourcesUnion.entity.ResourcesUnion#12301], EntityKey[j.index.module.apply.resourcesUnion.entity.ResourcesUnion#12302], EntityKey[j.index.module.apply.resourcesUnion.entity.ResourcesUnion#12299], EntityKey[j.index.module.apply.resourcesUnion.entity.ResourcesUnion#12300], EntityKey[j.index.module.apply.resourcesUnion.entity.ResourcesUnion#12330], EntityKey[j.index.module.apply.resourcesUnion.entity.ResourcesUnion#12329], EntityKey[j.index.module.apply.resourcesUnion.entity.ResourcesUnion#12328], EntityKey[j.index.module.apply.resourcesUnion.entity.ResourcesUnion#12327], EntityKey[j.index.module.apply.resourcesUnion.entity.ResourcesUnion#12326], EntityKey[j.index.module.apply.resourcesUnion.entity.ResourcesUnion#12325], EntityKey[j.index.module.apply.resourcesUnion.entity.ResourcesUnion#12324], EntityKey[j.index.module.apply.resourcesUnion.entity.ResourcesUnion#12323], EntityKey[j.index.module.apply.resourcesUnion.entity.ResourcesUnion#12322], EntityKey[j.index.module.apply.resourcesUnion.entity.ResourcesUnion#12321], EntityKey[j.index.module.apply.resourcesUnion.entity.ResourcesUnion#12320], EntityKey[j.index.module.apply.resourcesUnion.entity.ResourcesUnion#12319], EntityKey[j.index.module.apply.resourcesUnion.entity.ResourcesUnion#12318], EntityKey[j.index.module.apply.resourcesUnion.entity.ResourcesUnion#12317], EntityKey[j.index.module.apply.resourcesUnion.entity.ResourcesUnion#12316], EntityKey[j.index.module.apply.resourcesUnion.entity.ResourcesUnion#12315], EntityKey[j.index.module.apply.resourcesUnion.entity.ResourcesUnion#12343], EntityKey[j.index.module.apply.resourcesUnion.entity.ResourcesUnion#12344], EntityKey[j.index.module.apply.resourcesUnion.entity.ResourcesUnion#12345], EntityKey[j.index.module.apply.resourcesUnion.entity.ResourcesUnion#12346], EntityKey[j.index.module.apply.resourcesUnion.entity.ResourcesUnion#12339], EntityKey[j.index.module.apply.resourcesUnion.entity.ResourcesUnion#12340], EntityKey[j.index.module.apply.resourcesUnion.entity.ResourcesUnion#12341], EntityKey[j.index.module.apply.resourcesUnion.entity.ResourcesUnion#12342], EntityKey[j.index.module.apply.resourcesUnion.entity.ResourcesUnion#12335], EntityKey[j.index.module.apply.resourcesUnion.entity.ResourcesUnion#12336], EntityKey[j.index.module.apply.resourcesUnion.entity.ResourcesUnion#12337], EntityKey[j.index.module.apply.resourcesUnion.entity.ResourcesUnion#12338], EntityKey[j.index.module.apply.resourcesUnion.entity.ResourcesUnion#12331], EntityKey[j.index.module.apply.resourcesUnion.entity.ResourcesUnion#12332], EntityKey[j.index.module.apply.resourcesUnion.entity.ResourcesUnion#12333], EntityKey[j.index.module.apply.resourcesUnion.entity.ResourcesUnion#12334], EntityKey[j.index.module.apply.resourcesUnion.entity.ResourcesUnion#12360], EntityKey[j.index.module.apply.resourcesUnion.entity.ResourcesUnion#12359], EntityKey[j.index.module.apply.resourcesUnion.entity.ResourcesUnion#12362], EntityKey[j.index.module.apply.resourcesUnion.entity.ResourcesUnion#12361], EntityKey[j.index.module.apply.resourcesUnion.entity.ResourcesUnion#12356], EntityKey[j.index.module.apply.resourcesUnion.entity.ResourcesUnion#12355], EntityKey[j.index.module.apply.resourcesUnion.entity.ResourcesUnion#12358], EntityKey[j.index.module.apply.resourcesUnion.entity.ResourcesUnion#12357], EntityKey[j.index.module.apply.resourcesUnion.entity.ResourcesUnion#12352], EntityKey[j.index.module.apply.resourcesUnion.entity.ResourcesUnion#12351], EntityKey[j.index.module.apply.resourcesUnion.entity.ResourcesUnion#12354], EntityKey[j.index.module.apply.resourcesUnion.entity.ResourcesUnion#12353], EntityKey[j.index.module.apply.resourcesUnion.entity.ResourcesUnion#12348], EntityKey[j.index.module.apply.resourcesUnion.entity.ResourcesUnion#12347], EntityKey[j.index.module.apply.resourcesUnion.entity.ResourcesUnion#12350], EntityKey[j.index.module.apply.resourcesUnion.entity.ResourcesUnion#12349], EntityKey[j.index.module.apply.resourcesUnion.entity.ResourcesUnion#12033], EntityKey[j.index.module.apply.resourcesUnion.entity.ResourcesUnion#12034], EntityKey[j.index.module.apply.resourcesUnion.entity.ResourcesUnion#12031], EntityKey[j.index.module.apply.resourcesUnion.entity.ResourcesUnion#12032], EntityKey[j.index.module.apply.resourcesUnion.entity.ResourcesUnion#12029], EntityKey[j.index.module.apply.resourcesUnion.entity.ResourcesUnion#12030], EntityKey[j.index.module.apply.resourcesUnion.entity.ResourcesUnion#12027], EntityKey[j.index.module.apply.resourcesUnion.entity.ResourcesUnion#12028], EntityKey[j.index.module.apply.resourcesUnion.entity.ResourcesUnion#12041], EntityKey[j.index.module.apply.resourcesUnion.entity.ResourcesUnion#12042], EntityKey[j.index.module.apply.resourcesUnion.entity.ResourcesUnion#12039], EntityKey[j.index.module.apply.resourcesUnion.entity.ResourcesUnion#12040], EntityKey[j.index.module.apply.resourcesUnion.entity.ResourcesUnion#12037], EntityKey[j.index.module.apply.resourcesUnion.entity.ResourcesUnion#12038], EntityKey[j.index.module.apply.resourcesUnion.entity.ResourcesUnion#12035], EntityKey[j.index.module.apply.resourcesUnion.entity.ResourcesUnion#12036], EntityKey[j.index.module.apply.resourcesUnion.entity.ResourcesUnion#12018], EntityKey[j.index.module.apply.resourcesUnion.entity.ResourcesUnion#12017], EntityKey[j.index.module.apply.resourcesUnion.entity.ResourcesUnion#12016], EntityKey[j.index.module.apply.resourcesUnion.entity.ResourcesUnion#12015], EntityKey[j.index.module.apply.resourcesUnion.entity.ResourcesUnion#12014], EntityKey[j.index.module.apply.resourcesUnion.entity.ResourcesUnion#12013], EntityKey[j.index.module.apply.resourcesUnion.entity.ResourcesUnion#12012], EntityKey[j.index.module.apply.resourcesUnion.entity.ResourcesUnion#12011], EntityKey[j.index.module.apply.resourcesUnion.entity.ResourcesUnion#12026], EntityKey[j.index.module.apply.resourcesUnion.entity.ResourcesUnion#12025], EntityKey[j.index.module.apply.resourcesUnion.entity.ResourcesUnion#12024], EntityKey[j.index.module.apply.resourcesUnion.entity.ResourcesUnion#12023], EntityKey[j.index.module.apply.resourcesUnion.entity.ResourcesUnion#12022], EntityKey[j.index.module.apply.resourcesUnion.entity.ResourcesUnion#12021], EntityKey[j.index.module.apply.resourcesUnion.entity.ResourcesUnion#12020], EntityKey[j.index.module.apply.resourcesUnion.entity.ResourcesUnion#12019], EntityKey[j.index.module.apply.resourcesUnion.entity.ResourcesUnion#11999], EntityKey[j.index.module.apply.resourcesUnion.entity.ResourcesUnion#12000], EntityKey[j.index.module.apply.resourcesUnion.entity.ResourcesUnion#12001], EntityKey[j.index.module.apply.resourcesUnion.entity.ResourcesUnion#12002], EntityKey[j.index.module.apply.resourcesUnion.entity.ResourcesUnion#11995], EntityKey[j.index.module.apply.resourcesUnion.entity.ResourcesUnion#11996], EntityKey[j.index.module.apply.resourcesUnion.entity.ResourcesUnion#11997], EntityKey[j.index.module.apply.resourcesUnion.entity.ResourcesUnion#11998], EntityKey[j.index.module.apply.resourcesUnion.entity.ResourcesUnion#12007], EntityKey[j.index.module.apply.resourcesUnion.entity.ResourcesUnion#12008], EntityKey[j.index.module.apply.resourcesUnion.entity.ResourcesUnion#12009], EntityKey[j.index.module.apply.resourcesUnion.entity.ResourcesUnion#12010], EntityKey[j.index.module.apply.resourcesUnion.entity.ResourcesUnion#12003], EntityKey[j.index.module.apply.resourcesUnion.entity.ResourcesUnion#12004], EntityKey[j.index.module.apply.resourcesUnion.entity.ResourcesUnion#12005], EntityKey[j.index.module.apply.resourcesUnion.entity.ResourcesUnion#12006], EntityKey[j.index.module.apply.resourcesUnion.entity.ResourcesUnion#11984], EntityKey[j.index.module.apply.resourcesUnion.entity.ResourcesUnion#11983], EntityKey[j.index.module.apply.resourcesUnion.entity.ResourcesUnion#11986], EntityKey[j.index.module.apply.resourcesUnion.entity.ResourcesUnion#11985], EntityKey[j.index.module.apply.resourcesUnion.entity.ResourcesUnion#11980], EntityKey[j.index.module.apply.resourcesUnion.entity.ResourcesUnion#11979], EntityKey[j.index.module.apply.resourcesUnion.entity.ResourcesUnion#11982], EntityKey[j.index.module.apply.resourcesUnion.entity.ResourcesUnion#11981], EntityKey[j.index.module.apply.resourcesUnion.entity.ResourcesUnion#11992], EntityKey[j.index.module.apply.resourcesUnion.entity.ResourcesUnion#11991], EntityKey[j.index.module.apply.resourcesUnion.entity.ResourcesUnion#11994], EntityKey[j.index.module.apply.resourcesUnion.entity.ResourcesUnion#11993], EntityKey[j.index.module.apply.resourcesUnion.entity.ResourcesUnion#11988], EntityKey[j.index.module.apply.resourcesUnion.entity.ResourcesUnion#11987], EntityKey[j.index.module.apply.resourcesUnion.entity.ResourcesUnion#11990], EntityKey[j.index.module.apply.resourcesUnion.entity.ResourcesUnion#11989], EntityKey[j.index.module.apply.resourcesUnion.entity.ResourcesUnion#11965], EntityKey[j.index.module.apply.resourcesUnion.entity.ResourcesUnion#11966], EntityKey[j.index.module.apply.resourcesUnion.entity.ResourcesUnion#11963], EntityKey[j.index.module.apply.resourcesUnion.entity.ResourcesUnion#11964], EntityKey[j.index.module.apply.resourcesUnion.entity.ResourcesUnion#11969], EntityKey[j.index.module.apply.resourcesUnion.entity.ResourcesUnion#11970], EntityKey[j.index.module.apply.resourcesUnion.entity.ResourcesUnion#11967], EntityKey[j.index.module.apply.resourcesUnion.entity.ResourcesUnion#11968], EntityKey[j.index.module.apply.resourcesUnion.entity.ResourcesUnion#11973], EntityKey[j.index.module.apply.resourcesUnion.entity.ResourcesUnion#11974], EntityKey[j.index.module.apply.resourcesUnion.entity.ResourcesUnion#11971], EntityKey[j.index.module.apply.resourcesUnion.entity.ResourcesUnion#11972], EntityKey[j.index.module.apply.resourcesUnion.entity.ResourcesUnion#11977], EntityKey[j.index.module.apply.resourcesUnion.entity.ResourcesUnion#11978], EntityKey[j.index.module.apply.resourcesUnion.entity.ResourcesUnion#11975], EntityKey[j.index.module.apply.resourcesUnion.entity.ResourcesUnion#11976], EntityKey[j.index.module.apply.resourcesUnion.entity.ResourcesUnion#11950], EntityKey[j.index.module.apply.resourcesUnion.entity.ResourcesUnion#11949], EntityKey[j.index.module.apply.resourcesUnion.entity.ResourcesUnion#11948], EntityKey[j.index.module.apply.resourcesUnion.entity.ResourcesUnion#11947], EntityKey[j.index.module.apply.resourcesUnion.entity.ResourcesUnion#11954], EntityKey[j.index.module.apply.resourcesUnion.entity.ResourcesUnion#11953], EntityKey[j.index.module.apply.resourcesUnion.entity.ResourcesUnion#11952], EntityKey[j.index.module.apply.resourcesUnion.entity.ResourcesUnion#11951], EntityKey[j.index.module.apply.resourcesUnion.entity.ResourcesUnion#11958], EntityKey[j.index.module.apply.resourcesUnion.entity.ResourcesUnion#11957], EntityKey[j.index.module.apply.resourcesUnion.entity.ResourcesUnion#11956], EntityKey[j.index.module.apply.resourcesUnion.entity.ResourcesUnion#11955], EntityKey[j.index.module.apply.resourcesUnion.entity.ResourcesUnion#11962], EntityKey[j.index.module.apply.resourcesUnion.entity.ResourcesUnion#11961], EntityKey[j.index.module.apply.resourcesUnion.entity.ResourcesUnion#11960], EntityKey[j.index.module.apply.resourcesUnion.entity.ResourcesUnion#11959], EntityKey[j.index.module.apply.resourcesUnion.entity.ResourcesUnion#11931], EntityKey[j.index.module.apply.resourcesUnion.entity.ResourcesUnion#11932], EntityKey[j.index.module.apply.resourcesUnion.entity.ResourcesUnion#11933], EntityKey[j.index.module.apply.resourcesUnion.entity.ResourcesUnion#11934], EntityKey[j.index.module.apply.resourcesUnion.entity.ResourcesUnion#11935], EntityKey[j.index.module.apply.resourcesUnion.entity.ResourcesUnion#11936], EntityKey[j.index.module.apply.resourcesUnion.entity.ResourcesUnion#11937], EntityKey[j.index.module.apply.resourcesUnion.entity.ResourcesUnion#11938], EntityKey[j.index.module.apply.resourcesUnion.entity.ResourcesUnion#11939], EntityKey[j.index.module.apply.resourcesUnion.entity.ResourcesUnion#11940], EntityKey[j.index.module.apply.resourcesUnion.entity.ResourcesUnion#11941], EntityKey[j.index.module.apply.resourcesUnion.entity.ResourcesUnion#11942], EntityKey[j.index.module.apply.resourcesUnion.entity.ResourcesUnion#11943], EntityKey[j.index.module.apply.resourcesUnion.entity.ResourcesUnion#11944], EntityKey[j.index.module.apply.resourcesUnion.entity.ResourcesUnion#11945], EntityKey[j.index.module.apply.resourcesUnion.entity.ResourcesUnion#11946], EntityKey[j.index.module.apply.resourcesUnion.entity.ResourcesUnion#11916], EntityKey[j.index.module.apply.resourcesUnion.entity.ResourcesUnion#11915], EntityKey[j.index.module.apply.resourcesUnion.entity.ResourcesUnion#11918], EntityKey[j.index.module.apply.resourcesUnion.entity.ResourcesUnion#11917], EntityKey[j.index.module.apply.resourcesUnion.entity.ResourcesUnion#11920], EntityKey[j.index.module.apply.resourcesUnion.entity.ResourcesUnion#11919], EntityKey[j.index.module.apply.resourcesUnion.entity.ResourcesUnion#11922], EntityKey[j.index.module.apply.resourcesUnion.entity.ResourcesUnion#11921], EntityKey[j.index.module.apply.resourcesUnion.entity.ResourcesUnion#11924], EntityKey[j.index.module.apply.resourcesUnion.entity.ResourcesUnion#11923], EntityKey[j.index.module.apply.resourcesUnion.entity.ResourcesUnion#11926], EntityKey[j.index.module.apply.resourcesUnion.entity.ResourcesUnion#11925], EntityKey[j.index.module.apply.resourcesUnion.entity.ResourcesUnion#11928], EntityKey[j.index.module.apply.resourcesUnion.entity.ResourcesUnion#11927], EntityKey[j.index.module.apply.resourcesUnion.entity.ResourcesUnion#11930], EntityKey[j.index.module.apply.resourcesUnion.entity.ResourcesUnion#11929], EntityKey[j.index.module.apply.resourcesUnion.entity.ResourcesUnion#12170], EntityKey[j.index.module.apply.resourcesUnion.entity.ResourcesUnion#12169], EntityKey[j.index.module.apply.resourcesUnion.entity.ResourcesUnion#12168], EntityKey[j.index.module.apply.resourcesUnion.entity.ResourcesUnion#12167], EntityKey[j.index.module.apply.resourcesUnion.entity.ResourcesUnion#12166], EntityKey[j.index.module.apply.resourcesUnion.entity.ResourcesUnion#12165], EntityKey[j.index.module.apply.resourcesUnion.entity.ResourcesUnion#12164], EntityKey[j.index.module.apply.resourcesUnion.entity.ResourcesUnion#12163], EntityKey[j.index.module.apply.resourcesUnion.entity.ResourcesUnion#12162], EntityKey[j.index.module.apply.resourcesUnion.entity.ResourcesUnion#12161], EntityKey[j.index.module.apply.resourcesUnion.entity.ResourcesUnion#12160], EntityKey[j.index.module.apply.resourcesUnion.entity.ResourcesUnion#12159], EntityKey[j.index.module.apply.resourcesUnion.entity.ResourcesUnion#12158], EntityKey[j.index.module.apply.resourcesUnion.entity.ResourcesUnion#12157], EntityKey[j.index.module.apply.resourcesUnion.entity.ResourcesUnion#12156], EntityKey[j.index.module.apply.resourcesUnion.entity.ResourcesUnion#12155], EntityKey[j.index.module.apply.resourcesUnion.entity.ResourcesUnion#12153], EntityKey[j.index.module.apply.resourcesUnion.entity.ResourcesUnion#12154], EntityKey[j.index.module.apply.resourcesUnion.entity.ResourcesUnion#12151], EntityKey[j.index.module.apply.resourcesUnion.entity.ResourcesUnion#12152], EntityKey[j.index.module.apply.resourcesUnion.entity.ResourcesUnion#12149], EntityKey[j.index.module.apply.resourcesUnion.entity.ResourcesUnion#12150], EntityKey[j.index.module.apply.resourcesUnion.entity.ResourcesUnion#12147], EntityKey[j.index.module.apply.resourcesUnion.entity.ResourcesUnion#12148], EntityKey[j.index.module.apply.resourcesUnion.entity.ResourcesUnion#12145], EntityKey[j.index.module.apply.resourcesUnion.entity.ResourcesUnion#12146], EntityKey[j.index.module.apply.resourcesUnion.entity.ResourcesUnion#12143], EntityKey[j.index.module.apply.resourcesUnion.entity.ResourcesUnion#12144], EntityKey[j.index.module.apply.resourcesUnion.entity.ResourcesUnion#12141], EntityKey[j.index.module.apply.resourcesUnion.entity.ResourcesUnion#12142], EntityKey[j.index.module.apply.resourcesUnion.entity.ResourcesUnion#12139], EntityKey[j.index.module.apply.resourcesUnion.entity.ResourcesUnion#12140], EntityKey[j.index.module.apply.resourcesUnion.entity.ResourcesUnion#12136], EntityKey[j.index.module.apply.resourcesUnion.entity.ResourcesUnion#12135], EntityKey[j.index.module.apply.resourcesUnion.entity.ResourcesUnion#12138], EntityKey[j.index.module.apply.resourcesUnion.entity.ResourcesUnion#12137], EntityKey[j.index.module.apply.resourcesUnion.entity.ResourcesUnion#12132], EntityKey[j.index.module.apply.resourcesUnion.entity.ResourcesUnion#12131], EntityKey[j.index.module.apply.resourcesUnion.entity.ResourcesUnion#12134], EntityKey[j.index.module.apply.resourcesUnion.entity.ResourcesUnion#12133], EntityKey[j.index.module.apply.resourcesUnion.entity.ResourcesUnion#12128], EntityKey[j.index.module.apply.resourcesUnion.entity.ResourcesUnion#12127], EntityKey[j.index.module.apply.resourcesUnion.entity.ResourcesUnion#12130], EntityKey[j.index.module.apply.resourcesUnion.entity.ResourcesUnion#12129], EntityKey[j.index.module.apply.resourcesUnion.entity.ResourcesUnion#12124], EntityKey[j.index.module.apply.resourcesUnion.entity.ResourcesUnion#12123], EntityKey[j.index.module.apply.resourcesUnion.entity.ResourcesUnion#12126], EntityKey[j.index.module.apply.resourcesUnion.entity.ResourcesUnion#12125], EntityKey[j.index.module.apply.resourcesUnion.entity.ResourcesUnion#12119], EntityKey[j.index.module.apply.resourcesUnion.entity.ResourcesUnion#12120], EntityKey[j.index.module.apply.resourcesUnion.entity.ResourcesUnion#12121], EntityKey[j.index.module.apply.resourcesUnion.entity.ResourcesUnion#12122], EntityKey[j.index.module.apply.resourcesUnion.entity.ResourcesUnion#12115], EntityKey[j.index.module.apply.resourcesUnion.entity.ResourcesUnion#12116], EntityKey[j.index.module.apply.resourcesUnion.entity.ResourcesUnion#12117], EntityKey[j.index.module.apply.resourcesUnion.entity.ResourcesUnion#12118], EntityKey[j.index.module.apply.resourcesUnion.entity.ResourcesUnion#12111], EntityKey[j.index.module.apply.resourcesUnion.entity.ResourcesUnion#12112], EntityKey[j.index.module.apply.resourcesUnion.entity.ResourcesUnion#12113], EntityKey[j.index.module.apply.resourcesUnion.entity.ResourcesUnion#12114], EntityKey[j.index.module.apply.resourcesUnion.entity.ResourcesUnion#12107], EntityKey[j.index.module.apply.resourcesUnion.entity.ResourcesUnion#12108], EntityKey[j.index.module.apply.resourcesUnion.entity.ResourcesUnion#12109], EntityKey[j.index.module.apply.resourcesUnion.entity.ResourcesUnion#12110], EntityKey[j.index.module.apply.resourcesUnion.entity.ResourcesUnion#12102], EntityKey[j.index.module.apply.resourcesUnion.entity.ResourcesUnion#12101], EntityKey[j.index.module.apply.resourcesUnion.entity.ResourcesUnion#12100], EntityKey[j.index.module.apply.resourcesUnion.entity.ResourcesUnion#12099], EntityKey[j.index.module.apply.resourcesUnion.entity.ResourcesUnion#12106], EntityKey[j.index.module.apply.resourcesUnion.entity.ResourcesUnion#12105], EntityKey[j.index.module.apply.resourcesUnion.entity.ResourcesUnion#12104], EntityKey[j.index.module.apply.resourcesUnion.entity.ResourcesUnion#12103], EntityKey[j.index.module.apply.resourcesUnion.entity.ResourcesUnion#12094], EntityKey[j.index.module.apply.resourcesUnion.entity.ResourcesUnion#12093], EntityKey[j.index.module.apply.resourcesUnion.entity.ResourcesUnion#12092], EntityKey[j.index.module.apply.resourcesUnion.entity.ResourcesUnion#12091], EntityKey[j.index.module.apply.resourcesUnion.entity.ResourcesUnion#12098], EntityKey[j.index.module.apply.resourcesUnion.entity.ResourcesUnion#12097], EntityKey[j.index.module.apply.resourcesUnion.entity.ResourcesUnion#12096], EntityKey[j.index.module.apply.resourcesUnion.entity.ResourcesUnion#12095], EntityKey[j.index.module.apply.resourcesUnion.entity.ResourcesUnion#12085], EntityKey[j.index.module.apply.resourcesUnion.entity.ResourcesUnion#12086], EntityKey[j.index.module.apply.resourcesUnion.entity.ResourcesUnion#12083], EntityKey[j.index.module.apply.resourcesUnion.entity.ResourcesUnion#12084], EntityKey[j.index.module.apply.resourcesUnion.entity.ResourcesUnion#12089], EntityKey[j.index.module.apply.resourcesUnion.entity.ResourcesUnion#12090], EntityKey[j.index.module.apply.resourcesUnion.entity.ResourcesUnion#12087], EntityKey[j.index.module.apply.resourcesUnion.entity.ResourcesUnion#12088], EntityKey[j.index.module.apply.resourcesUnion.entity.ResourcesUnion#12077], EntityKey[j.index.module.apply.resourcesUnion.entity.ResourcesUnion#12078], EntityKey[j.index.module.apply.resourcesUnion.entity.ResourcesUnion#12075], EntityKey[j.index.module.apply.resourcesUnion.entity.ResourcesUnion#12076], EntityKey[j.index.module.apply.resourcesUnion.entity.ResourcesUnion#12081], EntityKey[j.index.module.apply.resourcesUnion.entity.ResourcesUnion#12082], EntityKey[j.index.module.apply.resourcesUnion.entity.ResourcesUnion#12079], EntityKey[j.index.module.apply.resourcesUnion.entity.ResourcesUnion#12080], EntityKey[j.index.module.apply.resourcesUnion.entity.ResourcesUnion#12068], EntityKey[j.index.module.apply.resourcesUnion.entity.ResourcesUnion#12067], EntityKey[j.index.module.apply.resourcesUnion.entity.ResourcesUnion#12070], EntityKey[j.index.module.apply.resourcesUnion.entity.ResourcesUnion#12069], EntityKey[j.index.module.apply.resourcesUnion.entity.ResourcesUnion#12072], EntityKey[j.index.module.apply.resourcesUnion.entity.ResourcesUnion#12071], EntityKey[j.index.module.apply.resourcesUnion.entity.ResourcesUnion#12074], EntityKey[j.index.module.apply.resourcesUnion.entity.ResourcesUnion#12073], EntityKey[j.index.module.apply.resourcesUnion.entity.ResourcesUnion#12060], EntityKey[j.index.module.apply.resourcesUnion.entity.ResourcesUnion#12059], EntityKey[j.index.module.apply.resourcesUnion.entity.ResourcesUnion#12062], EntityKey[j.index.module.apply.resourcesUnion.entity.ResourcesUnion#12061], EntityKey[j.index.module.apply.resourcesUnion.entity.ResourcesUnion#12064], EntityKey[j.index.module.apply.resourcesUnion.entity.ResourcesUnion#12063], EntityKey[j.index.module.apply.resourcesUnion.entity.ResourcesUnion#12066], EntityKey[j.index.module.apply.resourcesUnion.entity.ResourcesUnion#12065], EntityKey[j.index.module.apply.resourcesUnion.entity.ResourcesUnion#12051], EntityKey[j.index.module.apply.resourcesUnion.entity.ResourcesUnion#12052], EntityKey[j.index.module.apply.resourcesUnion.entity.ResourcesUnion#12053], EntityKey[j.index.module.apply.resourcesUnion.entity.ResourcesUnion#12054], EntityKey[j.index.module.apply.resourcesUnion.entity.ResourcesUnion#12055], EntityKey[j.index.module.apply.resourcesUnion.entity.ResourcesUnion#12056], EntityKey[j.index.module.apply.resourcesUnion.entity.ResourcesUnion#12057], EntityKey[j.index.module.apply.resourcesUnion.entity.ResourcesUnion#12058], EntityKey[j.index.module.apply.resourcesUnion.entity.ResourcesUnion#12043], EntityKey[j.index.module.apply.resourcesUnion.entity.ResourcesUnion#12044], EntityKey[j.index.module.apply.resourcesUnion.entity.ResourcesUnion#12045], EntityKey[j.index.module.apply.resourcesUnion.entity.ResourcesUnion#12046], EntityKey[j.index.module.apply.resourcesUnion.entity.ResourcesUnion#12047], EntityKey[j.index.module.apply.resourcesUnion.entity.ResourcesUnion#12048], EntityKey[j.index.module.apply.resourcesUnion.entity.ResourcesUnion#12049], EntityKey[j.index.module.apply.resourcesUnion.entity.ResourcesUnion#12050], EntityKey[j.index.module.apply.resourcesUnion.entity.ResourcesUnion#11760], EntityKey[j.index.module.apply.resourcesUnion.entity.ResourcesUnion#11759], EntityKey[j.index.module.apply.resourcesUnion.entity.ResourcesUnion#11762], EntityKey[j.index.module.apply.resourcesUnion.entity.ResourcesUnion#11761], EntityKey[j.index.module.apply.resourcesUnion.entity.ResourcesUnion#11756], EntityKey[j.index.module.apply.resourcesUnion.entity.ResourcesUnion#11755], EntityKey[j.index.module.apply.resourcesUnion.entity.ResourcesUnion#11758], EntityKey[j.index.module.apply.resourcesUnion.entity.ResourcesUnion#11757], EntityKey[j.index.module.apply.resourcesUnion.entity.ResourcesUnion#11768], EntityKey[j.index.module.apply.resourcesUnion.entity.ResourcesUnion#11767], EntityKey[j.index.module.apply.resourcesUnion.entity.ResourcesUnion#11770], EntityKey[j.index.module.apply.resourcesUnion.entity.ResourcesUnion#11769], EntityKey[j.index.module.apply.resourcesUnion.entity.ResourcesUnion#11764], EntityKey[j.index.module.apply.resourcesUnion.entity.ResourcesUnion#11763], EntityKey[j.index.module.apply.resourcesUnion.entity.ResourcesUnion#11766], EntityKey[j.index.module.apply.resourcesUnion.entity.ResourcesUnion#11765], EntityKey[j.index.module.apply.resourcesUnion.entity.ResourcesUnion#11775], EntityKey[j.index.module.apply.resourcesUnion.entity.ResourcesUnion#11776], EntityKey[j.index.module.apply.resourcesUnion.entity.ResourcesUnion#11777], EntityKey[j.index.module.apply.resourcesUnion.entity.ResourcesUnion#11778], EntityKey[j.index.module.apply.resourcesUnion.entity.ResourcesUnion#11771], EntityKey[j.index.module.apply.resourcesUnion.entity.ResourcesUnion#11772], EntityKey[j.index.module.apply.resourcesUnion.entity.ResourcesUnion#11773], EntityKey[j.index.module.apply.resourcesUnion.entity.ResourcesUnion#11774], EntityKey[j.index.module.apply.resourcesUnion.entity.ResourcesUnion#11783], EntityKey[j.index.module.apply.resourcesUnion.entity.ResourcesUnion#11784], EntityKey[j.index.module.apply.resourcesUnion.entity.ResourcesUnion#11785], EntityKey[j.index.module.apply.resourcesUnion.entity.ResourcesUnion#11786], EntityKey[j.index.module.apply.resourcesUnion.entity.ResourcesUnion#11779], EntityKey[j.index.module.apply.resourcesUnion.entity.ResourcesUnion#11780], EntityKey[j.index.module.apply.resourcesUnion.entity.ResourcesUnion#11781], EntityKey[j.index.module.apply.resourcesUnion.entity.ResourcesUnion#11782], EntityKey[j.index.module.apply.resourcesUnion.entity.ResourcesUnion#11730], EntityKey[j.index.module.apply.resourcesUnion.entity.ResourcesUnion#11729], EntityKey[j.index.module.apply.resourcesUnion.entity.ResourcesUnion#11728], EntityKey[j.index.module.apply.resourcesUnion.entity.ResourcesUnion#11727], EntityKey[j.index.module.apply.resourcesUnion.entity.ResourcesUnion#11726], EntityKey[j.index.module.apply.resourcesUnion.entity.ResourcesUnion#11725], EntityKey[j.index.module.apply.resourcesUnion.entity.ResourcesUnion#11724], EntityKey[j.index.module.apply.resourcesUnion.entity.ResourcesUnion#11723], EntityKey[j.index.module.apply.resourcesUnion.entity.ResourcesUnion#11738], EntityKey[j.index.module.apply.resourcesUnion.entity.ResourcesUnion#11737], EntityKey[j.index.module.apply.resourcesUnion.entity.ResourcesUnion#11736], EntityKey[j.index.module.apply.resourcesUnion.entity.ResourcesUnion#11735], EntityKey[j.index.module.apply.resourcesUnion.entity.ResourcesUnion#11734], EntityKey[j.index.module.apply.resourcesUnion.entity.ResourcesUnion#11733], EntityKey[j.index.module.apply.resourcesUnion.entity.ResourcesUnion#11732], EntityKey[j.index.module.apply.resourcesUnion.entity.ResourcesUnion#11731], EntityKey[j.index.module.apply.resourcesUnion.entity.ResourcesUnion#11745], EntityKey[j.index.module.apply.resourcesUnion.entity.ResourcesUnion#11746], EntityKey[j.index.module.apply.resourcesUnion.entity.ResourcesUnion#11743], EntityKey[j.index.module.apply.resourcesUnion.entity.ResourcesUnion#11744], EntityKey[j.index.module.apply.resourcesUnion.entity.ResourcesUnion#11741], EntityKey[j.index.module.apply.resourcesUnion.entity.ResourcesUnion#11742], EntityKey[j.index.module.apply.resourcesUnion.entity.ResourcesUnion#11739], EntityKey[j.index.module.apply.resourcesUnion.entity.ResourcesUnion#11740], EntityKey[j.index.module.apply.resourcesUnion.entity.ResourcesUnion#11753], EntityKey[j.index.module.apply.resourcesUnion.entity.ResourcesUnion#11754], EntityKey[j.index.module.apply.resourcesUnion.entity.ResourcesUnion#11751], EntityKey[j.index.module.apply.resourcesUnion.entity.ResourcesUnion#11752], EntityKey[j.index.module.apply.resourcesUnion.entity.ResourcesUnion#11749], EntityKey[j.index.module.apply.resourcesUnion.entity.ResourcesUnion#11750], EntityKey[j.index.module.apply.resourcesUnion.entity.ResourcesUnion#11747], EntityKey[j.index.module.apply.resourcesUnion.entity.ResourcesUnion#11748], EntityKey[j.index.module.apply.resourcesUnion.entity.ResourcesUnion#11692], EntityKey[j.index.module.apply.resourcesUnion.entity.ResourcesUnion#11691], EntityKey[j.index.module.apply.resourcesUnion.entity.ResourcesUnion#11694], EntityKey[j.index.module.apply.resourcesUnion.entity.ResourcesUnion#11693], EntityKey[j.index.module.apply.resourcesUnion.entity.ResourcesUnion#11696], EntityKey[j.index.module.apply.resourcesUnion.entity.ResourcesUnion#11695], EntityKey[j.index.module.apply.resourcesUnion.entity.ResourcesUnion#11698], EntityKey[j.index.module.apply.resourcesUnion.entity.ResourcesUnion#11697], EntityKey[j.index.module.apply.resourcesUnion.entity.ResourcesUnion#11700], EntityKey[j.index.module.apply.resourcesUnion.entity.ResourcesUnion#11699], EntityKey[j.index.module.apply.resourcesUnion.entity.ResourcesUnion#11702], EntityKey[j.index.module.apply.resourcesUnion.entity.ResourcesUnion#11701], EntityKey[j.index.module.apply.resourcesUnion.entity.ResourcesUnion#11704], EntityKey[j.index.module.apply.resourcesUnion.entity.ResourcesUnion#11703], EntityKey[j.index.module.apply.resourcesUnion.entity.ResourcesUnion#11706], EntityKey[j.index.module.apply.resourcesUnion.entity.ResourcesUnion#11705], EntityKey[j.index.module.apply.resourcesUnion.entity.ResourcesUnion#11707], EntityKey[j.index.module.apply.resourcesUnion.entity.ResourcesUnion#11708], EntityKey[j.index.module.apply.resourcesUnion.entity.ResourcesUnion#11709], EntityKey[j.index.module.apply.resourcesUnion.entity.ResourcesUnion#11710], EntityKey[j.index.module.apply.resourcesUnion.entity.ResourcesUnion#11711], EntityKey[j.index.module.apply.resourcesUnion.entity.ResourcesUnion#11712], EntityKey[j.index.module.apply.resourcesUnion.entity.ResourcesUnion#11713], EntityKey[j.index.module.apply.resourcesUnion.entity.ResourcesUnion#11714], EntityKey[j.index.module.apply.resourcesUnion.entity.ResourcesUnion#11715], EntityKey[j.index.module.apply.resourcesUnion.entity.ResourcesUnion#11716], EntityKey[j.index.module.apply.resourcesUnion.entity.ResourcesUnion#11717], EntityKey[j.index.module.apply.resourcesUnion.entity.ResourcesUnion#11718], EntityKey[j.index.module.apply.resourcesUnion.entity.ResourcesUnion#11719], EntityKey[j.index.module.apply.resourcesUnion.entity.ResourcesUnion#11720], EntityKey[j.index.module.apply.resourcesUnion.entity.ResourcesUnion#11721], EntityKey[j.index.module.apply.resourcesUnion.entity.ResourcesUnion#11722], EntityKey[j.index.module.apply.resourcesUnion.entity.ResourcesUnion#11662], EntityKey[j.index.module.apply.resourcesUnion.entity.ResourcesUnion#11661], EntityKey[j.index.module.apply.resourcesUnion.entity.ResourcesUnion#11660], EntityKey[j.index.module.apply.resourcesUnion.entity.ResourcesUnion#11659], EntityKey[j.index.module.apply.resourcesUnion.entity.ResourcesUnion#11666], EntityKey[j.index.module.apply.resourcesUnion.entity.ResourcesUnion#11665], EntityKey[j.index.module.apply.resourcesUnion.entity.ResourcesUnion#11664], EntityKey[j.index.module.apply.resourcesUnion.entity.ResourcesUnion#11663], EntityKey[j.index.module.apply.resourcesUnion.entity.ResourcesUnion#11670], EntityKey[j.index.module.apply.resourcesUnion.entity.ResourcesUnion#11669], EntityKey[j.index.module.apply.resourcesUnion.entity.ResourcesUnion#11668], EntityKey[j.index.module.apply.resourcesUnion.entity.ResourcesUnion#11667], EntityKey[j.index.module.apply.resourcesUnion.entity.ResourcesUnion#11674], EntityKey[j.index.module.apply.resourcesUnion.entity.ResourcesUnion#11673], EntityKey[j.index.module.apply.resourcesUnion.entity.ResourcesUnion#11672], EntityKey[j.index.module.apply.resourcesUnion.entity.ResourcesUnion#11671], EntityKey[j.index.module.apply.resourcesUnion.entity.ResourcesUnion#11677], EntityKey[j.index.module.apply.resourcesUnion.entity.ResourcesUnion#11678], EntityKey[j.index.module.apply.resourcesUnion.entity.ResourcesUnion#11675], EntityKey[j.index.module.apply.resourcesUnion.entity.ResourcesUnion#11676], EntityKey[j.index.module.apply.resourcesUnion.entity.ResourcesUnion#11681], EntityKey[j.index.module.apply.resourcesUnion.entity.ResourcesUnion#11682], EntityKey[j.index.module.apply.resourcesUnion.entity.ResourcesUnion#11679], EntityKey[j.index.module.apply.resourcesUnion.entity.ResourcesUnion#11680], EntityKey[j.index.module.apply.resourcesUnion.entity.ResourcesUnion#11685], EntityKey[j.index.module.apply.resourcesUnion.entity.ResourcesUnion#11686], EntityKey[j.index.module.apply.resourcesUnion.entity.ResourcesUnion#11683], EntityKey[j.index.module.apply.resourcesUnion.entity.ResourcesUnion#11684], EntityKey[j.index.module.apply.resourcesUnion.entity.ResourcesUnion#11689], EntityKey[j.index.module.apply.resourcesUnion.entity.ResourcesUnion#11690], EntityKey[j.index.module.apply.resourcesUnion.entity.ResourcesUnion#11687], EntityKey[j.index.module.apply.resourcesUnion.entity.ResourcesUnion#11688], EntityKey[j.index.module.apply.resourcesUnion.entity.ResourcesUnion#11895], EntityKey[j.index.module.apply.resourcesUnion.entity.ResourcesUnion#11896], EntityKey[j.index.module.apply.resourcesUnion.entity.ResourcesUnion#11897], EntityKey[j.index.module.apply.resourcesUnion.entity.ResourcesUnion#11898], EntityKey[j.index.module.apply.resourcesUnion.entity.ResourcesUnion#11891], EntityKey[j.index.module.apply.resourcesUnion.entity.ResourcesUnion#11892], EntityKey[j.index.module.apply.resourcesUnion.entity.ResourcesUnion#11893], EntityKey[j.index.module.apply.resourcesUnion.entity.ResourcesUnion#11894], EntityKey[j.index.module.apply.resourcesUnion.entity.ResourcesUnion#11887], EntityKey[j.index.module.apply.resourcesUnion.entity.ResourcesUnion#11888], EntityKey[j.index.module.apply.resourcesUnion.entity.ResourcesUnion#11889], EntityKey[j.index.module.apply.resourcesUnion.entity.ResourcesUnion#11890], EntityKey[j.index.module.apply.resourcesUnion.entity.ResourcesUnion#11883], EntityKey[j.index.module.apply.resourcesUnion.entity.ResourcesUnion#11884], EntityKey[j.index.module.apply.resourcesUnion.entity.ResourcesUnion#11885], EntityKey[j.index.module.apply.resourcesUnion.entity.ResourcesUnion#11886], EntityKey[j.index.module.apply.resourcesUnion.entity.ResourcesUnion#11912], EntityKey[j.index.module.apply.resourcesUnion.entity.ResourcesUnion#11911], EntityKey[j.index.module.apply.resourcesUnion.entity.ResourcesUnion#11914], EntityKey[j.index.module.apply.resourcesUnion.entity.ResourcesUnion#11913], EntityKey[j.index.module.apply.resourcesUnion.entity.ResourcesUnion#11908], EntityKey[j.index.module.apply.resourcesUnion.entity.ResourcesUnion#11907], EntityKey[j.index.module.apply.resourcesUnion.entity.ResourcesUnion#11910], EntityKey[j.index.module.apply.resourcesUnion.entity.ResourcesUnion#11909], EntityKey[j.index.module.apply.resourcesUnion.entity.ResourcesUnion#11904], EntityKey[j.index.module.apply.resourcesUnion.entity.ResourcesUnion#11903], EntityKey[j.index.module.apply.resourcesUnion.entity.ResourcesUnion#11906], EntityKey[j.index.module.apply.resourcesUnion.entity.ResourcesUnion#11905], EntityKey[j.index.module.apply.resourcesUnion.entity.ResourcesUnion#11900], EntityKey[j.index.module.apply.resourcesUnion.entity.ResourcesUnion#11899], EntityKey[j.index.module.apply.resourcesUnion.entity.ResourcesUnion#11902], EntityKey[j.index.module.apply.resourcesUnion.entity.ResourcesUnion#11901], EntityKey[j.index.module.apply.resourcesUnion.entity.ResourcesUnion#11865], EntityKey[j.index.module.apply.resourcesUnion.entity.ResourcesUnion#11866], EntityKey[j.index.module.apply.resourcesUnion.entity.ResourcesUnion#11863], EntityKey[j.index.module.apply.resourcesUnion.entity.ResourcesUnion#11864], EntityKey[j.index.module.apply.resourcesUnion.entity.ResourcesUnion#11861], EntityKey[j.index.module.apply.resourcesUnion.entity.ResourcesUnion#11862], EntityKey[j.index.module.apply.resourcesUnion.entity.ResourcesUnion#11859], EntityKey[j.index.module.apply.resourcesUnion.entity.ResourcesUnion#11860], EntityKey[j.index.module.apply.resourcesUnion.entity.ResourcesUnion#11857], EntityKey[j.index.module.apply.resourcesUnion.entity.ResourcesUnion#11858], EntityKey[j.index.module.apply.resourcesUnion.entity.ResourcesUnion#11855], EntityKey[j.index.module.apply.resourcesUnion.entity.ResourcesUnion#11856], EntityKey[j.index.module.apply.resourcesUnion.entity.ResourcesUnion#11853], EntityKey[j.index.module.apply.resourcesUnion.entity.ResourcesUnion#11854], EntityKey[j.index.module.apply.resourcesUnion.entity.ResourcesUnion#11851], EntityKey[j.index.module.apply.resourcesUnion.entity.ResourcesUnion#11852], EntityKey[j.index.module.apply.resourcesUnion.entity.ResourcesUnion#11882], EntityKey[j.index.module.apply.resourcesUnion.entity.ResourcesUnion#11881], EntityKey[j.index.module.apply.resourcesUnion.entity.ResourcesUnion#11880], EntityKey[j.index.module.apply.resourcesUnion.entity.ResourcesUnion#11879], EntityKey[j.index.module.apply.resourcesUnion.entity.ResourcesUnion#11878], EntityKey[j.index.module.apply.resourcesUnion.entity.ResourcesUnion#11877], EntityKey[j.index.module.apply.resourcesUnion.entity.ResourcesUnion#11876], EntityKey[j.index.module.apply.resourcesUnion.entity.ResourcesUnion#11875], EntityKey[j.index.module.apply.resourcesUnion.entity.ResourcesUnion#11874], EntityKey[j.index.module.apply.resourcesUnion.entity.ResourcesUnion#11873], EntityKey[j.index.module.apply.resourcesUnion.entity.ResourcesUnion#11872], EntityKey[j.index.module.apply.resourcesUnion.entity.ResourcesUnion#11871], EntityKey[j.index.module.apply.resourcesUnion.entity.ResourcesUnion#11870], EntityKey[j.index.module.apply.resourcesUnion.entity.ResourcesUnion#11869], EntityKey[j.index.module.apply.resourcesUnion.entity.ResourcesUnion#11868], EntityKey[j.index.module.apply.resourcesUnion.entity.ResourcesUnion#11867], EntityKey[j.index.module.apply.resourcesUnion.entity.ResourcesUnion#11827], EntityKey[j.index.module.apply.resourcesUnion.entity.ResourcesUnion#11828], EntityKey[j.index.module.apply.resourcesUnion.entity.ResourcesUnion#11829], EntityKey[j.index.module.apply.resourcesUnion.entity.ResourcesUnion#11830], EntityKey[j.index.module.apply.resourcesUnion.entity.ResourcesUnion#11831], EntityKey[j.index.module.apply.resourcesUnion.entity.ResourcesUnion#11832], EntityKey[j.index.module.apply.resourcesUnion.entity.ResourcesUnion#11833], EntityKey[j.index.module.apply.resourcesUnion.entity.ResourcesUnion#11834], EntityKey[j.index.module.apply.resourcesUnion.entity.ResourcesUnion#11819], EntityKey[j.index.module.apply.resourcesUnion.entity.ResourcesUnion#11820], EntityKey[j.index.module.apply.resourcesUnion.entity.ResourcesUnion#11821], EntityKey[j.index.module.apply.resourcesUnion.entity.ResourcesUnion#11822], EntityKey[j.index.module.apply.resourcesUnion.entity.ResourcesUnion#11823], EntityKey[j.index.module.apply.resourcesUnion.entity.ResourcesUnion#11824], EntityKey[j.index.module.apply.resourcesUnion.entity.ResourcesUnion#11825], EntityKey[j.index.module.apply.resourcesUnion.entity.ResourcesUnion#11826], EntityKey[j.index.module.apply.resourcesUnion.entity.ResourcesUnion#11844], EntityKey[j.index.module.apply.resourcesUnion.entity.ResourcesUnion#11843], EntityKey[j.index.module.apply.resourcesUnion.entity.ResourcesUnion#11846], EntityKey[j.index.module.apply.resourcesUnion.entity.ResourcesUnion#11845], EntityKey[j.index.module.apply.resourcesUnion.entity.ResourcesUnion#11848], EntityKey[j.index.module.apply.resourcesUnion.entity.ResourcesUnion#11847], EntityKey[j.index.module.apply.resourcesUnion.entity.ResourcesUnion#11850], EntityKey[j.index.module.apply.resourcesUnion.entity.ResourcesUnion#11849], EntityKey[j.index.module.apply.resourcesUnion.entity.ResourcesUnion#11836], EntityKey[j.index.module.apply.resourcesUnion.entity.ResourcesUnion#11835], EntityKey[j.index.module.apply.resourcesUnion.entity.ResourcesUnion#11838], EntityKey[j.index.module.apply.resourcesUnion.entity.ResourcesUnion#11837], EntityKey[j.index.module.apply.resourcesUnion.entity.ResourcesUnion#11840], EntityKey[j.index.module.apply.resourcesUnion.entity.ResourcesUnion#11839], EntityKey[j.index.module.apply.resourcesUnion.entity.ResourcesUnion#11842], EntityKey[j.index.module.apply.resourcesUnion.entity.ResourcesUnion#11841], EntityKey[j.index.module.apply.resourcesUnion.entity.ResourcesUnion#11797], EntityKey[j.index.module.apply.resourcesUnion.entity.ResourcesUnion#11798], EntityKey[j.index.module.apply.resourcesUnion.entity.ResourcesUnion#11795], EntityKey[j.index.module.apply.resourcesUnion.entity.ResourcesUnion#11796], EntityKey[j.index.module.apply.resourcesUnion.entity.ResourcesUnion#11801], EntityKey[j.index.module.apply.resourcesUnion.entity.ResourcesUnion#11802], EntityKey[j.index.module.apply.resourcesUnion.entity.ResourcesUnion#11799], EntityKey[j.index.module.apply.resourcesUnion.entity.ResourcesUnion#11800], EntityKey[j.index.module.apply.resourcesUnion.entity.ResourcesUnion#11789], EntityKey[j.index.module.apply.resourcesUnion.entity.ResourcesUnion#11790], EntityKey[j.index.module.apply.resourcesUnion.entity.ResourcesUnion#11787], EntityKey[j.index.module.apply.resourcesUnion.entity.ResourcesUnion#11788], EntityKey[j.index.module.apply.resourcesUnion.entity.ResourcesUnion#11793], EntityKey[j.index.module.apply.resourcesUnion.entity.ResourcesUnion#11794], EntityKey[j.index.module.apply.resourcesUnion.entity.ResourcesUnion#11791], EntityKey[j.index.module.apply.resourcesUnion.entity.ResourcesUnion#11792], EntityKey[j.index.module.apply.resourcesUnion.entity.ResourcesUnion#11814], EntityKey[j.index.module.apply.resourcesUnion.entity.ResourcesUnion#11813], EntityKey[j.index.module.apply.resourcesUnion.entity.ResourcesUnion#11812], EntityKey[j.index.module.apply.resourcesUnion.entity.ResourcesUnion#11811], EntityKey[j.index.module.apply.resourcesUnion.entity.ResourcesUnion#11818], EntityKey[j.index.module.apply.resourcesUnion.entity.ResourcesUnion#11817], EntityKey[j.index.module.apply.resourcesUnion.entity.ResourcesUnion#11816], EntityKey[j.index.module.apply.resourcesUnion.entity.ResourcesUnion#11815], EntityKey[j.index.module.apply.resourcesUnion.entity.ResourcesUnion#11806], EntityKey[j.index.module.apply.resourcesUnion.entity.ResourcesUnion#11805], EntityKey[j.index.module.apply.resourcesUnion.entity.ResourcesUnion#11804], EntityKey[j.index.module.apply.resourcesUnion.entity.ResourcesUnion#11803], EntityKey[j.index.module.apply.resourcesUnion.entity.ResourcesUnion#11810], EntityKey[j.index.module.apply.resourcesUnion.entity.ResourcesUnion#11809], EntityKey[j.index.module.apply.resourcesUnion.entity.ResourcesUnion#11808], EntityKey[j.index.module.apply.resourcesUnion.entity.ResourcesUnion#11807], EntityKey[j.index.module.apply.resourcesUnion.entity.ResourcesUnion#13479], EntityKey[j.index.module.apply.resourcesUnion.entity.ResourcesUnion#13480], EntityKey[j.index.module.apply.resourcesUnion.entity.ResourcesUnion#13481], EntityKey[j.index.module.apply.resourcesUnion.entity.ResourcesUnion#13482], EntityKey[j.index.module.apply.resourcesUnion.entity.ResourcesUnion#13475], EntityKey[j.index.module.apply.resourcesUnion.entity.ResourcesUnion#13476], EntityKey[j.index.module.apply.resourcesUnion.entity.ResourcesUnion#13477], EntityKey[j.index.module.apply.resourcesUnion.entity.ResourcesUnion#13478], EntityKey[j.index.module.apply.resourcesUnion.entity.ResourcesUnion#13471], EntityKey[j.index.module.apply.resourcesUnion.entity.ResourcesUnion#13472], EntityKey[j.index.module.apply.resourcesUnion.entity.ResourcesUnion#13473], EntityKey[j.index.module.apply.resourcesUnion.entity.ResourcesUnion#13474], EntityKey[j.index.module.apply.resourcesUnion.entity.ResourcesUnion#13467], EntityKey[j.index.module.apply.resourcesUnion.entity.ResourcesUnion#13468], EntityKey[j.index.module.apply.resourcesUnion.entity.ResourcesUnion#13469], EntityKey[j.index.module.apply.resourcesUnion.entity.ResourcesUnion#13470], EntityKey[j.index.module.apply.resourcesUnion.entity.ResourcesUnion#13464], EntityKey[j.index.module.apply.resourcesUnion.entity.ResourcesUnion#13463], EntityKey[j.index.module.apply.resourcesUnion.entity.ResourcesUnion#13466], EntityKey[j.index.module.apply.resourcesUnion.entity.ResourcesUnion#13465], EntityKey[j.index.module.apply.resourcesUnion.entity.ResourcesUnion#13460], EntityKey[j.index.module.apply.resourcesUnion.entity.ResourcesUnion#13459], EntityKey[j.index.module.apply.resourcesUnion.entity.ResourcesUnion#13462], EntityKey[j.index.module.apply.resourcesUnion.entity.ResourcesUnion#13461], EntityKey[j.index.module.apply.resourcesUnion.entity.ResourcesUnion#13456], EntityKey[j.index.module.apply.resourcesUnion.entity.ResourcesUnion#13455], EntityKey[j.index.module.apply.resourcesUnion.entity.ResourcesUnion#13458], EntityKey[j.index.module.apply.resourcesUnion.entity.ResourcesUnion#13457], EntityKey[j.index.module.apply.resourcesUnion.entity.ResourcesUnion#13452], EntityKey[j.index.module.apply.resourcesUnion.entity.ResourcesUnion#13451], EntityKey[j.index.module.apply.resourcesUnion.entity.ResourcesUnion#13454], EntityKey[j.index.module.apply.resourcesUnion.entity.ResourcesUnion#13453], EntityKey[j.index.module.apply.resourcesUnion.entity.ResourcesUnion#13513], EntityKey[j.index.module.apply.resourcesUnion.entity.ResourcesUnion#13514], EntityKey[j.index.module.apply.resourcesUnion.entity.ResourcesUnion#13511], EntityKey[j.index.module.apply.resourcesUnion.entity.ResourcesUnion#13512], EntityKey[j.index.module.apply.resourcesUnion.entity.ResourcesUnion#13509], EntityKey[j.index.module.apply.resourcesUnion.entity.ResourcesUnion#13510], EntityKey[j.index.module.apply.resourcesUnion.entity.ResourcesUnion#13507], EntityKey[j.index.module.apply.resourcesUnion.entity.ResourcesUnion#13508], EntityKey[j.index.module.apply.resourcesUnion.entity.ResourcesUnion#13505], EntityKey[j.index.module.apply.resourcesUnion.entity.ResourcesUnion#13506], EntityKey[j.index.module.apply.resourcesUnion.entity.ResourcesUnion#13503], EntityKey[j.index.module.apply.resourcesUnion.entity.ResourcesUnion#13504], EntityKey[j.index.module.apply.resourcesUnion.entity.ResourcesUnion#13501], EntityKey[j.index.module.apply.resourcesUnion.entity.ResourcesUnion#13502], EntityKey[j.index.module.apply.resourcesUnion.entity.ResourcesUnion#13499], EntityKey[j.index.module.apply.resourcesUnion.entity.ResourcesUnion#13500], EntityKey[j.index.module.apply.resourcesUnion.entity.ResourcesUnion#13498], EntityKey[j.index.module.apply.resourcesUnion.entity.ResourcesUnion#13497], EntityKey[j.index.module.apply.resourcesUnion.entity.ResourcesUnion#13496], EntityKey[j.index.module.apply.resourcesUnion.entity.ResourcesUnion#13495], EntityKey[j.index.module.apply.resourcesUnion.entity.ResourcesUnion#13494], EntityKey[j.index.module.apply.resourcesUnion.entity.ResourcesUnion#13493], EntityKey[j.index.module.apply.resourcesUnion.entity.ResourcesUnion#13492], EntityKey[j.index.module.apply.resourcesUnion.entity.ResourcesUnion#13491], EntityKey[j.index.module.apply.resourcesUnion.entity.ResourcesUnion#13490], EntityKey[j.index.module.apply.resourcesUnion.entity.ResourcesUnion#13489], EntityKey[j.index.module.apply.resourcesUnion.entity.ResourcesUnion#13488], EntityKey[j.index.module.apply.resourcesUnion.entity.ResourcesUnion#13487], EntityKey[j.index.module.apply.resourcesUnion.entity.ResourcesUnion#13486], EntityKey[j.index.module.apply.resourcesUnion.entity.ResourcesUnion#13485], EntityKey[j.index.module.apply.resourcesUnion.entity.ResourcesUnion#13484], EntityKey[j.index.module.apply.resourcesUnion.entity.ResourcesUnion#13483], EntityKey[j.index.module.apply.resourcesUnion.entity.ResourcesUnion#13539], EntityKey[j.index.module.apply.resourcesUnion.entity.ResourcesUnion#13540], EntityKey[j.index.module.apply.resourcesUnion.entity.ResourcesUnion#13541], EntityKey[j.index.module.apply.resourcesUnion.entity.ResourcesUnion#13542], EntityKey[j.index.module.apply.resourcesUnion.entity.ResourcesUnion#13543], EntityKey[j.index.module.apply.resourcesUnion.entity.ResourcesUnion#13544], EntityKey[j.index.module.apply.resourcesUnion.entity.ResourcesUnion#13545], EntityKey[j.index.module.apply.resourcesUnion.entity.ResourcesUnion#13546], EntityKey[j.index.module.apply.resourcesUnion.entity.ResourcesUnion#13531], EntityKey[j.index.module.apply.resourcesUnion.entity.ResourcesUnion#13532], EntityKey[j.index.module.apply.resourcesUnion.entity.ResourcesUnion#13533], EntityKey[j.index.module.apply.resourcesUnion.entity.ResourcesUnion#13534], EntityKey[j.index.module.apply.resourcesUnion.entity.ResourcesUnion#13535], EntityKey[j.index.module.apply.resourcesUnion.entity.ResourcesUnion#13536], EntityKey[j.index.module.apply.resourcesUnion.entity.ResourcesUnion#13537], EntityKey[j.index.module.apply.resourcesUnion.entity.ResourcesUnion#13538], EntityKey[j.index.module.apply.resourcesUnion.entity.ResourcesUnion#13524], EntityKey[j.index.module.apply.resourcesUnion.entity.ResourcesUnion#13523], EntityKey[j.index.module.apply.resourcesUnion.entity.ResourcesUnion#13526], EntityKey[j.index.module.apply.resourcesUnion.entity.ResourcesUnion#13525], EntityKey[j.index.module.apply.resourcesUnion.entity.ResourcesUnion#13528], EntityKey[j.index.module.apply.resourcesUnion.entity.ResourcesUnion#13527], EntityKey[j.index.module.apply.resourcesUnion.entity.ResourcesUnion#13530], EntityKey[j.index.module.apply.resourcesUnion.entity.ResourcesUnion#13529], EntityKey[j.index.module.apply.resourcesUnion.entity.ResourcesUnion#13516], EntityKey[j.index.module.apply.resourcesUnion.entity.ResourcesUnion#13515], EntityKey[j.index.module.apply.resourcesUnion.entity.ResourcesUnion#13518], EntityKey[j.index.module.apply.resourcesUnion.entity.ResourcesUnion#13517], EntityKey[j.index.module.apply.resourcesUnion.entity.ResourcesUnion#13520], EntityKey[j.index.module.apply.resourcesUnion.entity.ResourcesUnion#13519], EntityKey[j.index.module.apply.resourcesUnion.entity.ResourcesUnion#13522], EntityKey[j.index.module.apply.resourcesUnion.entity.ResourcesUnion#13521], EntityKey[j.index.module.apply.resourcesUnion.entity.ResourcesUnion#13573], EntityKey[j.index.module.apply.resourcesUnion.entity.ResourcesUnion#13574], EntityKey[j.index.module.apply.resourcesUnion.entity.ResourcesUnion#13571], EntityKey[j.index.module.apply.resourcesUnion.entity.ResourcesUnion#13572], EntityKey[j.index.module.apply.resourcesUnion.entity.ResourcesUnion#13577], EntityKey[j.index.module.apply.resourcesUnion.entity.ResourcesUnion#13578], EntityKey[j.index.module.apply.resourcesUnion.entity.ResourcesUnion#13575], EntityKey[j.index.module.apply.resourcesUnion.entity.ResourcesUnion#13576], EntityKey[j.index.module.apply.resourcesUnion.entity.ResourcesUnion#13565], EntityKey[j.index.module.apply.resourcesUnion.entity.ResourcesUnion#13566], EntityKey[j.index.module.apply.resourcesUnion.entity.ResourcesUnion#13563], EntityKey[j.index.module.apply.resourcesUnion.entity.ResourcesUnion#13564], EntityKey[j.index.module.apply.resourcesUnion.entity.ResourcesUnion#13569], EntityKey[j.index.module.apply.resourcesUnion.entity.ResourcesUnion#13570], EntityKey[j.index.module.apply.resourcesUnion.entity.ResourcesUnion#13567], EntityKey[j.index.module.apply.resourcesUnion.entity.ResourcesUnion#13568], EntityKey[j.index.module.apply.resourcesUnion.entity.ResourcesUnion#13558], EntityKey[j.index.module.apply.resourcesUnion.entity.ResourcesUnion#13557], EntityKey[j.index.module.apply.resourcesUnion.entity.ResourcesUnion#13556], EntityKey[j.index.module.apply.resourcesUnion.entity.ResourcesUnion#13555], EntityKey[j.index.module.apply.resourcesUnion.entity.ResourcesUnion#13562], EntityKey[j.index.module.apply.resourcesUnion.entity.ResourcesUnion#13561], EntityKey[j.index.module.apply.resourcesUnion.entity.ResourcesUnion#13560], EntityKey[j.index.module.apply.resourcesUnion.entity.ResourcesUnion#13559], EntityKey[j.index.module.apply.resourcesUnion.entity.ResourcesUnion#13550], EntityKey[j.index.module.apply.resourcesUnion.entity.ResourcesUnion#13549], EntityKey[j.index.module.apply.resourcesUnion.entity.ResourcesUnion#13548], EntityKey[j.index.module.apply.resourcesUnion.entity.ResourcesUnion#13547], EntityKey[j.index.module.apply.resourcesUnion.entity.ResourcesUnion#13554], EntityKey[j.index.module.apply.resourcesUnion.entity.ResourcesUnion#13553], EntityKey[j.index.module.apply.resourcesUnion.entity.ResourcesUnion#13552], EntityKey[j.index.module.apply.resourcesUnion.entity.ResourcesUnion#13551], EntityKey[j.index.module.apply.resourcesUnion.entity.ResourcesUnion#13600], EntityKey[j.index.module.apply.resourcesUnion.entity.ResourcesUnion#13599], EntityKey[j.index.module.apply.resourcesUnion.entity.ResourcesUnion#13602], EntityKey[j.index.module.apply.resourcesUnion.entity.ResourcesUnion#13601], EntityKey[j.index.module.apply.resourcesUnion.entity.ResourcesUnion#13596], EntityKey[j.index.module.apply.resourcesUnion.entity.ResourcesUnion#13595], EntityKey[j.index.module.apply.resourcesUnion.entity.ResourcesUnion#13598], EntityKey[j.index.module.apply.resourcesUnion.entity.ResourcesUnion#13597], EntityKey[j.index.module.apply.resourcesUnion.entity.ResourcesUnion#13608], EntityKey[j.index.module.apply.resourcesUnion.entity.ResourcesUnion#13607], EntityKey[j.index.module.apply.resourcesUnion.entity.ResourcesUnion#13610], EntityKey[j.index.module.apply.resourcesUnion.entity.ResourcesUnion#13609], EntityKey[j.index.module.apply.resourcesUnion.entity.ResourcesUnion#13604], EntityKey[j.index.module.apply.resourcesUnion.entity.ResourcesUnion#13603], EntityKey[j.index.module.apply.resourcesUnion.entity.ResourcesUnion#13606], EntityKey[j.index.module.apply.resourcesUnion.entity.ResourcesUnion#13605], EntityKey[j.index.module.apply.resourcesUnion.entity.ResourcesUnion#13583], EntityKey[j.index.module.apply.resourcesUnion.entity.ResourcesUnion#13584], EntityKey[j.index.module.apply.resourcesUnion.entity.ResourcesUnion#13585], EntityKey[j.index.module.apply.resourcesUnion.entity.ResourcesUnion#13586], EntityKey[j.index.module.apply.resourcesUnion.entity.ResourcesUnion#13579], EntityKey[j.index.module.apply.resourcesUnion.entity.ResourcesUnion#13580], EntityKey[j.index.module.apply.resourcesUnion.entity.ResourcesUnion#13581], EntityKey[j.index.module.apply.resourcesUnion.entity.ResourcesUnion#13582], EntityKey[j.index.module.apply.resourcesUnion.entity.ResourcesUnion#13591], EntityKey[j.index.module.apply.resourcesUnion.entity.ResourcesUnion#13592], EntityKey[j.index.module.apply.resourcesUnion.entity.ResourcesUnion#13593], EntityKey[j.index.module.apply.resourcesUnion.entity.ResourcesUnion#13594], EntityKey[j.index.module.apply.resourcesUnion.entity.ResourcesUnion#13587], EntityKey[j.index.module.apply.resourcesUnion.entity.ResourcesUnion#13588], EntityKey[j.index.module.apply.resourcesUnion.entity.ResourcesUnion#13589], EntityKey[j.index.module.apply.resourcesUnion.entity.ResourcesUnion#13590], EntityKey[j.index.module.apply.resourcesUnion.entity.ResourcesUnion#13634], EntityKey[j.index.module.apply.resourcesUnion.entity.ResourcesUnion#13633], EntityKey[j.index.module.apply.resourcesUnion.entity.ResourcesUnion#13632], EntityKey[j.index.module.apply.resourcesUnion.entity.ResourcesUnion#13631], EntityKey[j.index.module.apply.resourcesUnion.entity.ResourcesUnion#13630], EntityKey[j.index.module.apply.resourcesUnion.entity.ResourcesUnion#13629], EntityKey[j.index.module.apply.resourcesUnion.entity.ResourcesUnion#13628], EntityKey[j.index.module.apply.resourcesUnion.entity.ResourcesUnion#13627], EntityKey[j.index.module.apply.resourcesUnion.entity.ResourcesUnion#13642], EntityKey[j.index.module.apply.resourcesUnion.entity.ResourcesUnion#13641], EntityKey[j.index.module.apply.resourcesUnion.entity.ResourcesUnion#13640], EntityKey[j.index.module.apply.resourcesUnion.entity.ResourcesUnion#13639], EntityKey[j.index.module.apply.resourcesUnion.entity.ResourcesUnion#13638], EntityKey[j.index.module.apply.resourcesUnion.entity.ResourcesUnion#13637], EntityKey[j.index.module.apply.resourcesUnion.entity.ResourcesUnion#13636], EntityKey[j.index.module.apply.resourcesUnion.entity.ResourcesUnion#13635], EntityKey[j.index.module.apply.resourcesUnion.entity.ResourcesUnion#13617], EntityKey[j.index.module.apply.resourcesUnion.entity.ResourcesUnion#13618], EntityKey[j.index.module.apply.resourcesUnion.entity.ResourcesUnion#13615], EntityKey[j.index.module.apply.resourcesUnion.entity.ResourcesUnion#13616], EntityKey[j.index.module.apply.resourcesUnion.entity.ResourcesUnion#13613], EntityKey[j.index.module.apply.resourcesUnion.entity.ResourcesUnion#13614], EntityKey[j.index.module.apply.resourcesUnion.entity.ResourcesUnion#13611], EntityKey[j.index.module.apply.resourcesUnion.entity.ResourcesUnion#13612], EntityKey[j.index.module.apply.resourcesUnion.entity.ResourcesUnion#13625], EntityKey[j.index.module.apply.resourcesUnion.entity.ResourcesUnion#13626], EntityKey[j.index.module.apply.resourcesUnion.entity.ResourcesUnion#13623], EntityKey[j.index.module.apply.resourcesUnion.entity.ResourcesUnion#13624], EntityKey[j.index.module.apply.resourcesUnion.entity.ResourcesUnion#13621], EntityKey[j.index.module.apply.resourcesUnion.entity.ResourcesUnion#13622], EntityKey[j.index.module.apply.resourcesUnion.entity.ResourcesUnion#13619], EntityKey[j.index.module.apply.resourcesUnion.entity.ResourcesUnion#13620], EntityKey[j.index.module.apply.resourcesUnion.entity.ResourcesUnion#13660], EntityKey[j.index.module.apply.resourcesUnion.entity.ResourcesUnion#13659], EntityKey[j.index.module.apply.resourcesUnion.entity.ResourcesUnion#13662], EntityKey[j.index.module.apply.resourcesUnion.entity.ResourcesUnion#13661], EntityKey[j.index.module.apply.resourcesUnion.entity.ResourcesUnion#13664], EntityKey[j.index.module.apply.resourcesUnion.entity.ResourcesUnion#13663], EntityKey[j.index.module.apply.resourcesUnion.entity.ResourcesUnion#13666], EntityKey[j.index.module.apply.resourcesUnion.entity.ResourcesUnion#13665], EntityKey[j.index.module.apply.resourcesUnion.entity.ResourcesUnion#13668], EntityKey[j.index.module.apply.resourcesUnion.entity.ResourcesUnion#13667], EntityKey[j.index.module.apply.resourcesUnion.entity.ResourcesUnion#13670], EntityKey[j.index.module.apply.resourcesUnion.entity.ResourcesUnion#13669], EntityKey[j.index.module.apply.resourcesUnion.entity.ResourcesUnion#13672], EntityKey[j.index.module.apply.resourcesUnion.entity.ResourcesUnion#13671], EntityKey[j.index.module.apply.resourcesUnion.entity.ResourcesUnion#13674], EntityKey[j.index.module.apply.resourcesUnion.entity.ResourcesUnion#13673], EntityKey[j.index.module.apply.resourcesUnion.entity.ResourcesUnion#13643], EntityKey[j.index.module.apply.resourcesUnion.entity.ResourcesUnion#13644], EntityKey[j.index.module.apply.resourcesUnion.entity.ResourcesUnion#13645], EntityKey[j.index.module.apply.resourcesUnion.entity.ResourcesUnion#13646], EntityKey[j.index.module.apply.resourcesUnion.entity.ResourcesUnion#13647], EntityKey[j.index.module.apply.resourcesUnion.entity.ResourcesUnion#13648], EntityKey[j.index.module.apply.resourcesUnion.entity.ResourcesUnion#13649], EntityKey[j.index.module.apply.resourcesUnion.entity.ResourcesUnion#13650], EntityKey[j.index.module.apply.resourcesUnion.entity.ResourcesUnion#13651], EntityKey[j.index.module.apply.resourcesUnion.entity.ResourcesUnion#13652], EntityKey[j.index.module.apply.resourcesUnion.entity.ResourcesUnion#13653], EntityKey[j.index.module.apply.resourcesUnion.entity.ResourcesUnion#13654], EntityKey[j.index.module.apply.resourcesUnion.entity.ResourcesUnion#13655], EntityKey[j.index.module.apply.resourcesUnion.entity.ResourcesUnion#13656], EntityKey[j.index.module.apply.resourcesUnion.entity.ResourcesUnion#13657], EntityKey[j.index.module.apply.resourcesUnion.entity.ResourcesUnion#13658], EntityKey[j.index.module.apply.resourcesUnion.entity.ResourcesUnion#13694], EntityKey[j.index.module.apply.resourcesUnion.entity.ResourcesUnion#13693], EntityKey[j.index.module.apply.resourcesUnion.entity.ResourcesUnion#13692], EntityKey[j.index.module.apply.resourcesUnion.entity.ResourcesUnion#13691], EntityKey[j.index.module.apply.resourcesUnion.entity.ResourcesUnion#13698], EntityKey[j.index.module.apply.resourcesUnion.entity.ResourcesUnion#13697], EntityKey[j.index.module.apply.resourcesUnion.entity.ResourcesUnion#13696], EntityKey[j.index.module.apply.resourcesUnion.entity.ResourcesUnion#13695], EntityKey[j.index.module.apply.resourcesUnion.entity.ResourcesUnion#13702], EntityKey[j.index.module.apply.resourcesUnion.entity.ResourcesUnion#13701], EntityKey[j.index.module.apply.resourcesUnion.entity.ResourcesUnion#13700], EntityKey[j.index.module.apply.resourcesUnion.entity.ResourcesUnion#13699], EntityKey[j.index.module.apply.resourcesUnion.entity.ResourcesUnion#13706], EntityKey[j.index.module.apply.resourcesUnion.entity.ResourcesUnion#13705], EntityKey[j.index.module.apply.resourcesUnion.entity.ResourcesUnion#13704], EntityKey[j.index.module.apply.resourcesUnion.entity.ResourcesUnion#13703], EntityKey[j.index.module.apply.resourcesUnion.entity.ResourcesUnion#13677], EntityKey[j.index.module.apply.resourcesUnion.entity.ResourcesUnion#13678], EntityKey[j.index.module.apply.resourcesUnion.entity.ResourcesUnion#13675], EntityKey[j.index.module.apply.resourcesUnion.entity.ResourcesUnion#13676], EntityKey[j.index.module.apply.resourcesUnion.entity.ResourcesUnion#13681], EntityKey[j.index.module.apply.resourcesUnion.entity.ResourcesUnion#13682], EntityKey[j.index.module.apply.resourcesUnion.entity.ResourcesUnion#13679], EntityKey[j.index.module.apply.resourcesUnion.entity.ResourcesUnion#13680], EntityKey[j.index.module.apply.resourcesUnion.entity.ResourcesUnion#13685], EntityKey[j.index.module.apply.resourcesUnion.entity.ResourcesUnion#13686], EntityKey[j.index.module.apply.resourcesUnion.entity.ResourcesUnion#13683], EntityKey[j.index.module.apply.resourcesUnion.entity.ResourcesUnion#13684], EntityKey[j.index.module.apply.resourcesUnion.entity.ResourcesUnion#13689], EntityKey[j.index.module.apply.resourcesUnion.entity.ResourcesUnion#13690], EntityKey[j.index.module.apply.resourcesUnion.entity.ResourcesUnion#13687], EntityKey[j.index.module.apply.resourcesUnion.entity.ResourcesUnion#13688], EntityKey[j.index.module.apply.resourcesUnion.entity.ResourcesUnion#13210], EntityKey[j.index.module.apply.resourcesUnion.entity.ResourcesUnion#13209], EntityKey[j.index.module.apply.resourcesUnion.entity.ResourcesUnion#13208], EntityKey[j.index.module.apply.resourcesUnion.entity.ResourcesUnion#13207], EntityKey[j.index.module.apply.resourcesUnion.entity.ResourcesUnion#13206], EntityKey[j.index.module.apply.resourcesUnion.entity.ResourcesUnion#13205], EntityKey[j.index.module.apply.resourcesUnion.entity.ResourcesUnion#13204], EntityKey[j.index.module.apply.resourcesUnion.entity.ResourcesUnion#13203], EntityKey[j.index.module.apply.resourcesUnion.entity.ResourcesUnion#13202], EntityKey[j.index.module.apply.resourcesUnion.entity.ResourcesUnion#13201], EntityKey[j.index.module.apply.resourcesUnion.entity.ResourcesUnion#13200], EntityKey[j.index.module.apply.resourcesUnion.entity.ResourcesUnion#13199], EntityKey[j.index.module.apply.resourcesUnion.entity.ResourcesUnion#13198], EntityKey[j.index.module.apply.resourcesUnion.entity.ResourcesUnion#13197], EntityKey[j.index.module.apply.resourcesUnion.entity.ResourcesUnion#13196], EntityKey[j.index.module.apply.resourcesUnion.entity.ResourcesUnion#13195], EntityKey[j.index.module.apply.resourcesUnion.entity.ResourcesUnion#13225], EntityKey[j.index.module.apply.resourcesUnion.entity.ResourcesUnion#13226], EntityKey[j.index.module.apply.resourcesUnion.entity.ResourcesUnion#13223], EntityKey[j.index.module.apply.resourcesUnion.entity.ResourcesUnion#13224], EntityKey[j.index.module.apply.resourcesUnion.entity.ResourcesUnion#13221], EntityKey[j.index.module.apply.resourcesUnion.entity.ResourcesUnion#13222], EntityKey[j.index.module.apply.resourcesUnion.entity.ResourcesUnion#13219], EntityKey[j.index.module.apply.resourcesUnion.entity.ResourcesUnion#13220], EntityKey[j.index.module.apply.resourcesUnion.entity.ResourcesUnion#13217], EntityKey[j.index.module.apply.resourcesUnion.entity.ResourcesUnion#13218], EntityKey[j.index.module.apply.resourcesUnion.entity.ResourcesUnion#13215], EntityKey[j.index.module.apply.resourcesUnion.entity.ResourcesUnion#13216], EntityKey[j.index.module.apply.resourcesUnion.entity.ResourcesUnion#13213], EntityKey[j.index.module.apply.resourcesUnion.entity.ResourcesUnion#13214], EntityKey[j.index.module.apply.resourcesUnion.entity.ResourcesUnion#13211], EntityKey[j.index.module.apply.resourcesUnion.entity.ResourcesUnion#13212], EntityKey[j.index.module.apply.resourcesUnion.entity.ResourcesUnion#13240], EntityKey[j.index.module.apply.resourcesUnion.entity.ResourcesUnion#13239], EntityKey[j.index.module.apply.resourcesUnion.entity.ResourcesUnion#13242], EntityKey[j.index.module.apply.resourcesUnion.entity.ResourcesUnion#13241], EntityKey[j.index.module.apply.resourcesUnion.entity.ResourcesUnion#13236], EntityKey[j.index.module.apply.resourcesUnion.entity.ResourcesUnion#13235], EntityKey[j.index.module.apply.resourcesUnion.entity.ResourcesUnion#13238], EntityKey[j.index.module.apply.resourcesUnion.entity.ResourcesUnion#13237], EntityKey[j.index.module.apply.resourcesUnion.entity.ResourcesUnion#13232], EntityKey[j.index.module.apply.resourcesUnion.entity.ResourcesUnion#13231], EntityKey[j.index.module.apply.resourcesUnion.entity.ResourcesUnion#13234], EntityKey[j.index.module.apply.resourcesUnion.entity.ResourcesUnion#13233], EntityKey[j.index.module.apply.resourcesUnion.entity.ResourcesUnion#13228], EntityKey[j.index.module.apply.resourcesUnion.entity.ResourcesUnion#13227], EntityKey[j.index.module.apply.resourcesUnion.entity.ResourcesUnion#13230], EntityKey[j.index.module.apply.resourcesUnion.entity.ResourcesUnion#13229], EntityKey[j.index.module.apply.resourcesUnion.entity.ResourcesUnion#13255], EntityKey[j.index.module.apply.resourcesUnion.entity.ResourcesUnion#13256], EntityKey[j.index.module.apply.resourcesUnion.entity.ResourcesUnion#13257], EntityKey[j.index.module.apply.resourcesUnion.entity.ResourcesUnion#13258], EntityKey[j.index.module.apply.resourcesUnion.entity.ResourcesUnion#13251], EntityKey[j.index.module.apply.resourcesUnion.entity.ResourcesUnion#13252], EntityKey[j.index.module.apply.resourcesUnion.entity.ResourcesUnion#13253], EntityKey[j.index.module.apply.resourcesUnion.entity.ResourcesUnion#13254], EntityKey[j.index.module.apply.resourcesUnion.entity.ResourcesUnion#13247], EntityKey[j.index.module.apply.resourcesUnion.entity.ResourcesUnion#13248], EntityKey[j.index.module.apply.resourcesUnion.entity.ResourcesUnion#13249], EntityKey[j.index.module.apply.resourcesUnion.entity.ResourcesUnion#13250], EntityKey[j.index.module.apply.resourcesUnion.entity.ResourcesUnion#13243], EntityKey[j.index.module.apply.resourcesUnion.entity.ResourcesUnion#13244], EntityKey[j.index.module.apply.resourcesUnion.entity.ResourcesUnion#13245], EntityKey[j.index.module.apply.resourcesUnion.entity.ResourcesUnion#13246], EntityKey[j.index.module.apply.resourcesUnion.entity.ResourcesUnion#13270], EntityKey[j.index.module.apply.resourcesUnion.entity.ResourcesUnion#13269], EntityKey[j.index.module.apply.resourcesUnion.entity.ResourcesUnion#13268], EntityKey[j.index.module.apply.resourcesUnion.entity.ResourcesUnion#13267], EntityKey[j.index.module.apply.resourcesUnion.entity.ResourcesUnion#13274], EntityKey[j.index.module.apply.resourcesUnion.entity.ResourcesUnion#13273], EntityKey[j.index.module.apply.resourcesUnion.entity.ResourcesUnion#13272], EntityKey[j.index.module.apply.resourcesUnion.entity.ResourcesUnion#13271], EntityKey[j.index.module.apply.resourcesUnion.entity.ResourcesUnion#13262], EntityKey[j.index.module.apply.resourcesUnion.entity.ResourcesUnion#13261], EntityKey[j.index.module.apply.resourcesUnion.entity.ResourcesUnion#13260], EntityKey[j.index.module.apply.resourcesUnion.entity.ResourcesUnion#13259], EntityKey[j.index.module.apply.resourcesUnion.entity.ResourcesUnion#13266], EntityKey[j.index.module.apply.resourcesUnion.entity.ResourcesUnion#13265], EntityKey[j.index.module.apply.resourcesUnion.entity.ResourcesUnion#13264], EntityKey[j.index.module.apply.resourcesUnion.entity.ResourcesUnion#13263], EntityKey[j.index.module.apply.resourcesUnion.entity.ResourcesUnion#13285], EntityKey[j.index.module.apply.resourcesUnion.entity.ResourcesUnion#13286], EntityKey[j.index.module.apply.resourcesUnion.entity.ResourcesUnion#13283], EntityKey[j.index.module.apply.resourcesUnion.entity.ResourcesUnion#13284], EntityKey[j.index.module.apply.resourcesUnion.entity.ResourcesUnion#13289], EntityKey[j.index.module.apply.resourcesUnion.entity.ResourcesUnion#13290], EntityKey[j.index.module.apply.resourcesUnion.entity.ResourcesUnion#13287], EntityKey[j.index.module.apply.resourcesUnion.entity.ResourcesUnion#13288], EntityKey[j.index.module.apply.resourcesUnion.entity.ResourcesUnion#13277], EntityKey[j.index.module.apply.resourcesUnion.entity.ResourcesUnion#13278], EntityKey[j.index.module.apply.resourcesUnion.entity.ResourcesUnion#13275], EntityKey[j.index.module.apply.resourcesUnion.entity.ResourcesUnion#13276], EntityKey[j.index.module.apply.resourcesUnion.entity.ResourcesUnion#13281], EntityKey[j.index.module.apply.resourcesUnion.entity.ResourcesUnion#13282], EntityKey[j.index.module.apply.resourcesUnion.entity.ResourcesUnion#13279], EntityKey[j.index.module.apply.resourcesUnion.entity.ResourcesUnion#13280], EntityKey[j.index.module.apply.resourcesUnion.entity.ResourcesUnion#13300], EntityKey[j.index.module.apply.resourcesUnion.entity.ResourcesUnion#13299], EntityKey[j.index.module.apply.resourcesUnion.entity.ResourcesUnion#13302], EntityKey[j.index.module.apply.resourcesUnion.entity.ResourcesUnion#13301], EntityKey[j.index.module.apply.resourcesUnion.entity.ResourcesUnion#13304], EntityKey[j.index.module.apply.resourcesUnion.entity.ResourcesUnion#13303], EntityKey[j.index.module.apply.resourcesUnion.entity.ResourcesUnion#13306], EntityKey[j.index.module.apply.resourcesUnion.entity.ResourcesUnion#13305], EntityKey[j.index.module.apply.resourcesUnion.entity.ResourcesUnion#13292], EntityKey[j.index.module.apply.resourcesUnion.entity.ResourcesUnion#13291], EntityKey[j.index.module.apply.resourcesUnion.entity.ResourcesUnion#13294], EntityKey[j.index.module.apply.resourcesUnion.entity.ResourcesUnion#13293], EntityKey[j.index.module.apply.resourcesUnion.entity.ResourcesUnion#13296], EntityKey[j.index.module.apply.resourcesUnion.entity.ResourcesUnion#13295], EntityKey[j.index.module.apply.resourcesUnion.entity.ResourcesUnion#13298], EntityKey[j.index.module.apply.resourcesUnion.entity.ResourcesUnion#13297], EntityKey[j.index.module.apply.resourcesUnion.entity.ResourcesUnion#13315], EntityKey[j.index.module.apply.resourcesUnion.entity.ResourcesUnion#13316], EntityKey[j.index.module.apply.resourcesUnion.entity.ResourcesUnion#13317], EntityKey[j.index.module.apply.resourcesUnion.entity.ResourcesUnion#13318], EntityKey[j.index.module.apply.resourcesUnion.entity.ResourcesUnion#13319], EntityKey[j.index.module.apply.resourcesUnion.entity.ResourcesUnion#13320], EntityKey[j.index.module.apply.resourcesUnion.entity.ResourcesUnion#13321], EntityKey[j.index.module.apply.resourcesUnion.entity.ResourcesUnion#13322], EntityKey[j.index.module.apply.resourcesUnion.entity.ResourcesUnion#13307], EntityKey[j.index.module.apply.resourcesUnion.entity.ResourcesUnion#13308], EntityKey[j.index.module.apply.resourcesUnion.entity.ResourcesUnion#13309], EntityKey[j.index.module.apply.resourcesUnion.entity.ResourcesUnion#13310], EntityKey[j.index.module.apply.resourcesUnion.entity.ResourcesUnion#13311], EntityKey[j.index.module.apply.resourcesUnion.entity.ResourcesUnion#13312], EntityKey[j.index.module.apply.resourcesUnion.entity.ResourcesUnion#13313], EntityKey[j.index.module.apply.resourcesUnion.entity.ResourcesUnion#13314], EntityKey[j.index.module.apply.resourcesUnion.entity.ResourcesUnion#13329], EntityKey[j.index.module.apply.resourcesUnion.entity.ResourcesUnion#13330], EntityKey[j.index.module.apply.resourcesUnion.entity.ResourcesUnion#13327], EntityKey[j.index.module.apply.resourcesUnion.entity.ResourcesUnion#13328], EntityKey[j.index.module.apply.resourcesUnion.entity.ResourcesUnion#13325], EntityKey[j.index.module.apply.resourcesUnion.entity.ResourcesUnion#13326], EntityKey[j.index.module.apply.resourcesUnion.entity.ResourcesUnion#13323], EntityKey[j.index.module.apply.resourcesUnion.entity.ResourcesUnion#13324], EntityKey[j.index.module.apply.resourcesUnion.entity.ResourcesUnion#13337], EntityKey[j.index.module.apply.resourcesUnion.entity.ResourcesUnion#13338], EntityKey[j.index.module.apply.resourcesUnion.entity.ResourcesUnion#13335], EntityKey[j.index.module.apply.resourcesUnion.entity.ResourcesUnion#13336], EntityKey[j.index.module.apply.resourcesUnion.entity.ResourcesUnion#13333], EntityKey[j.index.module.apply.resourcesUnion.entity.ResourcesUnion#13334], EntityKey[j.index.module.apply.resourcesUnion.entity.ResourcesUnion#13331], EntityKey[j.index.module.apply.resourcesUnion.entity.ResourcesUnion#13332], EntityKey[j.index.module.apply.resourcesUnion.entity.ResourcesUnion#13346], EntityKey[j.index.module.apply.resourcesUnion.entity.ResourcesUnion#13345], EntityKey[j.index.module.apply.resourcesUnion.entity.ResourcesUnion#13344], EntityKey[j.index.module.apply.resourcesUnion.entity.ResourcesUnion#13343], EntityKey[j.index.module.apply.resourcesUnion.entity.ResourcesUnion#13342], EntityKey[j.index.module.apply.resourcesUnion.entity.ResourcesUnion#13341], EntityKey[j.index.module.apply.resourcesUnion.entity.ResourcesUnion#13340], EntityKey[j.index.module.apply.resourcesUnion.entity.ResourcesUnion#13339], EntityKey[j.index.module.apply.resourcesUnion.entity.ResourcesUnion#13354], EntityKey[j.index.module.apply.resourcesUnion.entity.ResourcesUnion#13353], EntityKey[j.index.module.apply.resourcesUnion.entity.ResourcesUnion#13352], EntityKey[j.index.module.apply.resourcesUnion.entity.ResourcesUnion#13351], EntityKey[j.index.module.apply.resourcesUnion.entity.ResourcesUnion#13350], EntityKey[j.index.module.apply.resourcesUnion.entity.ResourcesUnion#13349], EntityKey[j.index.module.apply.resourcesUnion.entity.ResourcesUnion#13348], EntityKey[j.index.module.apply.resourcesUnion.entity.ResourcesUnion#13347], EntityKey[j.index.module.apply.resourcesUnion.entity.ResourcesUnion#13359], EntityKey[j.index.module.apply.resourcesUnion.entity.ResourcesUnion#13360], EntityKey[j.index.module.apply.resourcesUnion.entity.ResourcesUnion#13361], EntityKey[j.index.module.apply.resourcesUnion.entity.ResourcesUnion#13362], EntityKey[j.index.module.apply.resourcesUnion.entity.ResourcesUnion#13355], EntityKey[j.index.module.apply.resourcesUnion.entity.ResourcesUnion#13356], EntityKey[j.index.module.apply.resourcesUnion.entity.ResourcesUnion#13357], EntityKey[j.index.module.apply.resourcesUnion.entity.ResourcesUnion#13358], EntityKey[j.index.module.apply.resourcesUnion.entity.ResourcesUnion#13367], EntityKey[j.index.module.apply.resourcesUnion.entity.ResourcesUnion#13368], EntityKey[j.index.module.apply.resourcesUnion.entity.ResourcesUnion#13369], EntityKey[j.index.module.apply.resourcesUnion.entity.ResourcesUnion#13370], EntityKey[j.index.module.apply.resourcesUnion.entity.ResourcesUnion#13363], EntityKey[j.index.module.apply.resourcesUnion.entity.ResourcesUnion#13364], EntityKey[j.index.module.apply.resourcesUnion.entity.ResourcesUnion#13365], EntityKey[j.index.module.apply.resourcesUnion.entity.ResourcesUnion#13366], EntityKey[j.index.module.apply.resourcesUnion.entity.ResourcesUnion#13376], EntityKey[j.index.module.apply.resourcesUnion.entity.ResourcesUnion#13375], EntityKey[j.index.module.apply.resourcesUnion.entity.ResourcesUnion#13378], EntityKey[j.index.module.apply.resourcesUnion.entity.ResourcesUnion#13377], EntityKey[j.index.module.apply.resourcesUnion.entity.ResourcesUnion#13372], EntityKey[j.index.module.apply.resourcesUnion.entity.ResourcesUnion#13371], EntityKey[j.index.module.apply.resourcesUnion.entity.ResourcesUnion#13374], EntityKey[j.index.module.apply.resourcesUnion.entity.ResourcesUnion#13373], EntityKey[j.index.module.apply.resourcesUnion.entity.ResourcesUnion#13384], EntityKey[j.index.module.apply.resourcesUnion.entity.ResourcesUnion#13383], EntityKey[j.index.module.apply.resourcesUnion.entity.ResourcesUnion#13386], EntityKey[j.index.module.apply.resourcesUnion.entity.ResourcesUnion#13385], EntityKey[j.index.module.apply.resourcesUnion.entity.ResourcesUnion#13380], EntityKey[j.index.module.apply.resourcesUnion.entity.ResourcesUnion#13379], EntityKey[j.index.module.apply.resourcesUnion.entity.ResourcesUnion#13382], EntityKey[j.index.module.apply.resourcesUnion.entity.ResourcesUnion#13381], EntityKey[j.index.module.apply.resourcesUnion.entity.ResourcesUnion#13389], EntityKey[j.index.module.apply.resourcesUnion.entity.ResourcesUnion#13390], EntityKey[j.index.module.apply.resourcesUnion.entity.ResourcesUnion#13387], EntityKey[j.index.module.apply.resourcesUnion.entity.ResourcesUnion#13388], EntityKey[j.index.module.apply.resourcesUnion.entity.ResourcesUnion#13393], EntityKey[j.index.module.apply.resourcesUnion.entity.ResourcesUnion#13394], EntityKey[j.index.module.apply.resourcesUnion.entity.ResourcesUnion#13391], EntityKey[j.index.module.apply.resourcesUnion.entity.ResourcesUnion#13392], EntityKey[j.index.module.apply.resourcesUnion.entity.ResourcesUnion#13397], EntityKey[j.index.module.apply.resourcesUnion.entity.ResourcesUnion#13398], EntityKey[j.index.module.apply.resourcesUnion.entity.ResourcesUnion#13395], EntityKey[j.index.module.apply.resourcesUnion.entity.ResourcesUnion#13396], EntityKey[j.index.module.apply.resourcesUnion.entity.ResourcesUnion#13401], EntityKey[j.index.module.apply.resourcesUnion.entity.ResourcesUnion#13402], EntityKey[j.index.module.apply.resourcesUnion.entity.ResourcesUnion#13399], EntityKey[j.index.module.apply.resourcesUnion.entity.ResourcesUnion#13400], EntityKey[j.index.module.apply.resourcesUnion.entity.ResourcesUnion#13406], EntityKey[j.index.module.apply.resourcesUnion.entity.ResourcesUnion#13405], EntityKey[j.index.module.apply.resourcesUnion.entity.ResourcesUnion#13404], EntityKey[j.index.module.apply.resourcesUnion.entity.ResourcesUnion#13403], EntityKey[j.index.module.apply.resourcesUnion.entity.ResourcesUnion#13410], EntityKey[j.index.module.apply.resourcesUnion.entity.ResourcesUnion#13409], EntityKey[j.index.module.apply.resourcesUnion.entity.ResourcesUnion#13408], EntityKey[j.index.module.apply.resourcesUnion.entity.ResourcesUnion#13407], EntityKey[j.index.module.apply.resourcesUnion.entity.ResourcesUnion#13414], EntityKey[j.index.module.apply.resourcesUnion.entity.ResourcesUnion#13413], EntityKey[j.index.module.apply.resourcesUnion.entity.ResourcesUnion#13412], EntityKey[j.index.module.apply.resourcesUnion.entity.ResourcesUnion#13411], EntityKey[j.index.module.apply.resourcesUnion.entity.ResourcesUnion#13418], EntityKey[j.index.module.apply.resourcesUnion.entity.ResourcesUnion#13417], EntityKey[j.index.module.apply.resourcesUnion.entity.ResourcesUnion#13416], EntityKey[j.index.module.apply.resourcesUnion.entity.ResourcesUnion#13415], EntityKey[j.index.module.apply.resourcesUnion.entity.ResourcesUnion#13419], EntityKey[j.index.module.apply.resourcesUnion.entity.ResourcesUnion#13420], EntityKey[j.index.module.apply.resourcesUnion.entity.ResourcesUnion#13421], EntityKey[j.index.module.apply.resourcesUnion.entity.ResourcesUnion#13422], EntityKey[j.index.module.apply.resourcesUnion.entity.ResourcesUnion#13423], EntityKey[j.index.module.apply.resourcesUnion.entity.ResourcesUnion#13424], EntityKey[j.index.module.apply.resourcesUnion.entity.ResourcesUnion#13425], EntityKey[j.index.module.apply.resourcesUnion.entity.ResourcesUnion#13426], EntityKey[j.index.module.apply.resourcesUnion.entity.ResourcesUnion#13427], EntityKey[j.index.module.apply.resourcesUnion.entity.ResourcesUnion#13428], EntityKey[j.index.module.apply.resourcesUnion.entity.ResourcesUnion#13429], EntityKey[j.index.module.apply.resourcesUnion.entity.ResourcesUnion#13430], EntityKey[j.index.module.apply.resourcesUnion.entity.ResourcesUnion#13431], EntityKey[j.index.module.apply.resourcesUnion.entity.ResourcesUnion#13432], EntityKey[j.index.module.apply.resourcesUnion.entity.ResourcesUnion#13433], EntityKey[j.index.module.apply.resourcesUnion.entity.ResourcesUnion#13434], EntityKey[j.index.module.apply.resourcesUnion.entity.ResourcesUnion#13436], EntityKey[j.index.module.apply.resourcesUnion.entity.ResourcesUnion#13435], EntityKey[j.index.module.apply.resourcesUnion.entity.ResourcesUnion#13438], EntityKey[j.index.module.apply.resourcesUnion.entity.ResourcesUnion#13437], EntityKey[j.index.module.apply.resourcesUnion.entity.ResourcesUnion#13440], EntityKey[j.index.module.apply.resourcesUnion.entity.ResourcesUnion#13439], EntityKey[j.index.module.apply.resourcesUnion.entity.ResourcesUnion#13442], EntityKey[j.index.module.apply.resourcesUnion.entity.ResourcesUnion#13441], EntityKey[j.index.module.apply.resourcesUnion.entity.ResourcesUnion#13444], EntityKey[j.index.module.apply.resourcesUnion.entity.ResourcesUnion#13443], EntityKey[j.index.module.apply.resourcesUnion.entity.ResourcesUnion#13446], EntityKey[j.index.module.apply.resourcesUnion.entity.ResourcesUnion#13445], EntityKey[j.index.module.apply.resourcesUnion.entity.ResourcesUnion#13448], EntityKey[j.index.module.apply.resourcesUnion.entity.ResourcesUnion#13447], EntityKey[j.index.module.apply.resourcesUnion.entity.ResourcesUnion#13450], EntityKey[j.index.module.apply.resourcesUnion.entity.ResourcesUnion#13449], EntityKey[j.index.module.apply.resourcesUnion.entity.ResourcesUnion#12997], EntityKey[j.index.module.apply.resourcesUnion.entity.ResourcesUnion#12998], EntityKey[j.index.module.apply.resourcesUnion.entity.ResourcesUnion#12995], EntityKey[j.index.module.apply.resourcesUnion.entity.ResourcesUnion#12996], EntityKey[j.index.module.apply.resourcesUnion.entity.ResourcesUnion#13001], EntityKey[j.index.module.apply.resourcesUnion.entity.ResourcesUnion#13002], EntityKey[j.index.module.apply.resourcesUnion.entity.ResourcesUnion#12999], EntityKey[j.index.module.apply.resourcesUnion.entity.ResourcesUnion#13000], EntityKey[j.index.module.apply.resourcesUnion.entity.ResourcesUnion#12989], EntityKey[j.index.module.apply.resourcesUnion.entity.ResourcesUnion#12990], EntityKey[j.index.module.apply.resourcesUnion.entity.ResourcesUnion#12987], EntityKey[j.index.module.apply.resourcesUnion.entity.ResourcesUnion#12988], EntityKey[j.index.module.apply.resourcesUnion.entity.ResourcesUnion#12993], EntityKey[j.index.module.apply.resourcesUnion.entity.ResourcesUnion#12994], EntityKey[j.index.module.apply.resourcesUnion.entity.ResourcesUnion#12991], EntityKey[j.index.module.apply.resourcesUnion.entity.ResourcesUnion#12992], EntityKey[j.index.module.apply.resourcesUnion.entity.ResourcesUnion#12982], EntityKey[j.index.module.apply.resourcesUnion.entity.ResourcesUnion#12981], EntityKey[j.index.module.apply.resourcesUnion.entity.ResourcesUnion#12980], EntityKey[j.index.module.apply.resourcesUnion.entity.ResourcesUnion#12979], EntityKey[j.index.module.apply.resourcesUnion.entity.ResourcesUnion#12986], EntityKey[j.index.module.apply.resourcesUnion.entity.ResourcesUnion#12985], EntityKey[j.index.module.apply.resourcesUnion.entity.ResourcesUnion#12984], EntityKey[j.index.module.apply.resourcesUnion.entity.ResourcesUnion#12983], EntityKey[j.index.module.apply.resourcesUnion.entity.ResourcesUnion#12974], EntityKey[j.index.module.apply.resourcesUnion.entity.ResourcesUnion#12973], EntityKey[j.index.module.apply.resourcesUnion.entity.ResourcesUnion#12972], EntityKey[j.index.module.apply.resourcesUnion.entity.ResourcesUnion#12971], EntityKey[j.index.module.apply.resourcesUnion.entity.ResourcesUnion#12978], EntityKey[j.index.module.apply.resourcesUnion.entity.ResourcesUnion#12977], EntityKey[j.index.module.apply.resourcesUnion.entity.ResourcesUnion#12976], EntityKey[j.index.module.apply.resourcesUnion.entity.ResourcesUnion#12975], EntityKey[j.index.module.apply.resourcesUnion.entity.ResourcesUnion#12963], EntityKey[j.index.module.apply.resourcesUnion.entity.ResourcesUnion#12964], EntityKey[j.index.module.apply.resourcesUnion.entity.ResourcesUnion#12965], EntityKey[j.index.module.apply.resourcesUnion.entity.ResourcesUnion#12966], EntityKey[j.index.module.apply.resourcesUnion.entity.ResourcesUnion#12967], EntityKey[j.index.module.apply.resourcesUnion.entity.ResourcesUnion#12968], EntityKey[j.index.module.apply.resourcesUnion.entity.ResourcesUnion#12969], EntityKey[j.index.module.apply.resourcesUnion.entity.ResourcesUnion#12970], EntityKey[j.index.module.apply.resourcesUnion.entity.ResourcesUnion#12955], EntityKey[j.index.module.apply.resourcesUnion.entity.ResourcesUnion#12956], EntityKey[j.index.module.apply.resourcesUnion.entity.ResourcesUnion#12957], EntityKey[j.index.module.apply.resourcesUnion.entity.ResourcesUnion#12958], EntityKey[j.index.module.apply.resourcesUnion.entity.ResourcesUnion#12959], EntityKey[j.index.module.apply.resourcesUnion.entity.ResourcesUnion#12960], EntityKey[j.index.module.apply.resourcesUnion.entity.ResourcesUnion#12961], EntityKey[j.index.module.apply.resourcesUnion.entity.ResourcesUnion#12962], EntityKey[j.index.module.apply.resourcesUnion.entity.ResourcesUnion#12948], EntityKey[j.index.module.apply.resourcesUnion.entity.ResourcesUnion#12947], EntityKey[j.index.module.apply.resourcesUnion.entity.ResourcesUnion#12950], EntityKey[j.index.module.apply.resourcesUnion.entity.ResourcesUnion#12949], EntityKey[j.index.module.apply.resourcesUnion.entity.ResourcesUnion#12952], EntityKey[j.index.module.apply.resourcesUnion.entity.ResourcesUnion#12951], EntityKey[j.index.module.apply.resourcesUnion.entity.ResourcesUnion#12954], EntityKey[j.index.module.apply.resourcesUnion.entity.ResourcesUnion#12953], EntityKey[j.index.module.apply.resourcesUnion.entity.ResourcesUnion#12940], EntityKey[j.index.module.apply.resourcesUnion.entity.ResourcesUnion#12939], EntityKey[j.index.module.apply.resourcesUnion.entity.ResourcesUnion#12942], EntityKey[j.index.module.apply.resourcesUnion.entity.ResourcesUnion#12941], EntityKey[j.index.module.apply.resourcesUnion.entity.ResourcesUnion#12944], EntityKey[j.index.module.apply.resourcesUnion.entity.ResourcesUnion#12943], EntityKey[j.index.module.apply.resourcesUnion.entity.ResourcesUnion#12946], EntityKey[j.index.module.apply.resourcesUnion.entity.ResourcesUnion#12945], EntityKey[j.index.module.apply.resourcesUnion.entity.ResourcesUnion#13065], EntityKey[j.index.module.apply.resourcesUnion.entity.ResourcesUnion#13066], EntityKey[j.index.module.apply.resourcesUnion.entity.ResourcesUnion#13063], EntityKey[j.index.module.apply.resourcesUnion.entity.ResourcesUnion#13064], EntityKey[j.index.module.apply.resourcesUnion.entity.ResourcesUnion#13061], EntityKey[j.index.module.apply.resourcesUnion.entity.ResourcesUnion#13062], EntityKey[j.index.module.apply.resourcesUnion.entity.ResourcesUnion#13059], EntityKey[j.index.module.apply.resourcesUnion.entity.ResourcesUnion#13060], EntityKey[j.index.module.apply.resourcesUnion.entity.ResourcesUnion#13057], EntityKey[j.index.module.apply.resourcesUnion.entity.ResourcesUnion#13058], EntityKey[j.index.module.apply.resourcesUnion.entity.ResourcesUnion#13055], EntityKey[j.index.module.apply.resourcesUnion.entity.ResourcesUnion#13056], EntityKey[j.index.module.apply.resourcesUnion.entity.ResourcesUnion#13053], EntityKey[j.index.module.apply.resourcesUnion.entity.ResourcesUnion#13054], EntityKey[j.index.module.apply.resourcesUnion.entity.ResourcesUnion#13051], EntityKey[j.index.module.apply.resourcesUnion.entity.ResourcesUnion#13052], EntityKey[j.index.module.apply.resourcesUnion.entity.ResourcesUnion#13050], EntityKey[j.index.module.apply.resourcesUnion.entity.ResourcesUnion#13049], EntityKey[j.index.module.apply.resourcesUnion.entity.ResourcesUnion#13048], EntityKey[j.index.module.apply.resourcesUnion.entity.ResourcesUnion#13047], EntityKey[j.index.module.apply.resourcesUnion.entity.ResourcesUnion#13046], EntityKey[j.index.module.apply.resourcesUnion.entity.ResourcesUnion#13045], EntityKey[j.index.module.apply.resourcesUnion.entity.ResourcesUnion#13044], EntityKey[j.index.module.apply.resourcesUnion.entity.ResourcesUnion#13043], EntityKey[j.index.module.apply.resourcesUnion.entity.ResourcesUnion#13042], EntityKey[j.index.module.apply.resourcesUnion.entity.ResourcesUnion#13041], EntityKey[j.index.module.apply.resourcesUnion.entity.ResourcesUnion#13040], EntityKey[j.index.module.apply.resourcesUnion.entity.ResourcesUnion#13039], EntityKey[j.index.module.apply.resourcesUnion.entity.ResourcesUnion#13038], EntityKey[j.index.module.apply.resourcesUnion.entity.ResourcesUnion#13037], EntityKey[j.index.module.apply.resourcesUnion.entity.ResourcesUnion#13036], EntityKey[j.index.module.apply.resourcesUnion.entity.ResourcesUnion#13035], EntityKey[j.index.module.apply.resourcesUnion.entity.ResourcesUnion#13031], EntityKey[j.index.module.apply.resourcesUnion.entity.ResourcesUnion#13032], EntityKey[j.index.module.apply.resourcesUnion.entity.ResourcesUnion#13033], EntityKey[j.index.module.apply.resourcesUnion.entity.ResourcesUnion#13034], EntityKey[j.index.module.apply.resourcesUnion.entity.ResourcesUnion#13027], EntityKey[j.index.module.apply.resourcesUnion.entity.ResourcesUnion#13028], EntityKey[j.index.module.apply.resourcesUnion.entity.ResourcesUnion#13029], EntityKey[j.index.module.apply.resourcesUnion.entity.ResourcesUnion#13030], EntityKey[j.index.module.apply.resourcesUnion.entity.ResourcesUnion#13023], EntityKey[j.index.module.apply.resourcesUnion.entity.ResourcesUnion#13024], EntityKey[j.index.module.apply.resourcesUnion.entity.ResourcesUnion#13025], EntityKey[j.index.module.apply.resourcesUnion.entity.ResourcesUnion#13026], EntityKey[j.index.module.apply.resourcesUnion.entity.ResourcesUnion#13019], EntityKey[j.index.module.apply.resourcesUnion.entity.ResourcesUnion#13020], EntityKey[j.index.module.apply.resourcesUnion.entity.ResourcesUnion#13021], EntityKey[j.index.module.apply.resourcesUnion.entity.ResourcesUnion#13022], EntityKey[j.index.module.apply.resourcesUnion.entity.ResourcesUnion#13016], EntityKey[j.index.module.apply.resourcesUnion.entity.ResourcesUnion#13015], EntityKey[j.index.module.apply.resourcesUnion.entity.ResourcesUnion#13018], EntityKey[j.index.module.apply.resourcesUnion.entity.ResourcesUnion#13017], EntityKey[j.index.module.apply.resourcesUnion.entity.ResourcesUnion#13012], EntityKey[j.index.module.apply.resourcesUnion.entity.ResourcesUnion#13011], EntityKey[j.index.module.apply.resourcesUnion.entity.ResourcesUnion#13014], EntityKey[j.index.module.apply.resourcesUnion.entity.ResourcesUnion#13013], EntityKey[j.index.module.apply.resourcesUnion.entity.ResourcesUnion#13008], EntityKey[j.index.module.apply.resourcesUnion.entity.ResourcesUnion#13007], EntityKey[j.index.module.apply.resourcesUnion.entity.ResourcesUnion#13010], EntityKey[j.index.module.apply.resourcesUnion.entity.ResourcesUnion#13009], EntityKey[j.index.module.apply.resourcesUnion.entity.ResourcesUnion#13004], EntityKey[j.index.module.apply.resourcesUnion.entity.ResourcesUnion#13003], EntityKey[j.index.module.apply.resourcesUnion.entity.ResourcesUnion#13006], EntityKey[j.index.module.apply.resourcesUnion.entity.ResourcesUnion#13005], EntityKey[j.index.module.apply.resourcesUnion.entity.ResourcesUnion#13118], EntityKey[j.index.module.apply.resourcesUnion.entity.ResourcesUnion#13117], EntityKey[j.index.module.apply.resourcesUnion.entity.ResourcesUnion#13116], EntityKey[j.index.module.apply.resourcesUnion.entity.ResourcesUnion#13115], EntityKey[j.index.module.apply.resourcesUnion.entity.ResourcesUnion#13122], EntityKey[j.index.module.apply.resourcesUnion.entity.ResourcesUnion#13121], EntityKey[j.index.module.apply.resourcesUnion.entity.ResourcesUnion#13120], EntityKey[j.index.module.apply.resourcesUnion.entity.ResourcesUnion#13119], EntityKey[j.index.module.apply.resourcesUnion.entity.ResourcesUnion#13126], EntityKey[j.index.module.apply.resourcesUnion.entity.ResourcesUnion#13125], EntityKey[j.index.module.apply.resourcesUnion.entity.ResourcesUnion#13124], EntityKey[j.index.module.apply.resourcesUnion.entity.ResourcesUnion#13123], EntityKey[j.index.module.apply.resourcesUnion.entity.ResourcesUnion#13130], EntityKey[j.index.module.apply.resourcesUnion.entity.ResourcesUnion#13129], EntityKey[j.index.module.apply.resourcesUnion.entity.ResourcesUnion#13128], EntityKey[j.index.module.apply.resourcesUnion.entity.ResourcesUnion#13127], EntityKey[j.index.module.apply.resourcesUnion.entity.ResourcesUnion#13101], EntityKey[j.index.module.apply.resourcesUnion.entity.ResourcesUnion#13102], EntityKey[j.index.module.apply.resourcesUnion.entity.ResourcesUnion#13099], EntityKey[j.index.module.apply.resourcesUnion.entity.ResourcesUnion#13100], EntityKey[j.index.module.apply.resourcesUnion.entity.ResourcesUnion#13105], EntityKey[j.index.module.apply.resourcesUnion.entity.ResourcesUnion#13106], EntityKey[j.index.module.apply.resourcesUnion.entity.ResourcesUnion#13103], EntityKey[j.index.module.apply.resourcesUnion.entity.ResourcesUnion#13104], EntityKey[j.index.module.apply.resourcesUnion.entity.ResourcesUnion#13109], EntityKey[j.index.module.apply.resourcesUnion.entity.ResourcesUnion#13110], EntityKey[j.index.module.apply.resourcesUnion.entity.ResourcesUnion#13107], EntityKey[j.index.module.apply.resourcesUnion.entity.ResourcesUnion#13108], EntityKey[j.index.module.apply.resourcesUnion.entity.ResourcesUnion#13113], EntityKey[j.index.module.apply.resourcesUnion.entity.ResourcesUnion#13114], EntityKey[j.index.module.apply.resourcesUnion.entity.ResourcesUnion#13111], EntityKey[j.index.module.apply.resourcesUnion.entity.ResourcesUnion#13112], EntityKey[j.index.module.apply.resourcesUnion.entity.ResourcesUnion#13084], EntityKey[j.index.module.apply.resourcesUnion.entity.ResourcesUnion#13083], EntityKey[j.index.module.apply.resourcesUnion.entity.ResourcesUnion#13086], EntityKey[j.index.module.apply.resourcesUnion.entity.ResourcesUnion#13085], EntityKey[j.index.module.apply.resourcesUnion.entity.ResourcesUnion#13088], EntityKey[j.index.module.apply.resourcesUnion.entity.ResourcesUnion#13087], EntityKey[j.index.module.apply.resourcesUnion.entity.ResourcesUnion#13090], EntityKey[j.index.module.apply.resourcesUnion.entity.ResourcesUnion#13089], EntityKey[j.index.module.apply.resourcesUnion.entity.ResourcesUnion#13092], EntityKey[j.index.module.apply.resourcesUnion.entity.ResourcesUnion#13091], EntityKey[j.index.module.apply.resourcesUnion.entity.ResourcesUnion#13094], EntityKey[j.index.module.apply.resourcesUnion.entity.ResourcesUnion#13093], EntityKey[j.index.module.apply.resourcesUnion.entity.ResourcesUnion#13096], EntityKey[j.index.module.apply.resourcesUnion.entity.ResourcesUnion#13095], EntityKey[j.index.module.apply.resourcesUnion.entity.ResourcesUnion#13098], EntityKey[j.index.module.apply.resourcesUnion.entity.ResourcesUnion#13097], EntityKey[j.index.module.apply.resourcesUnion.entity.ResourcesUnion#13067], EntityKey[j.index.module.apply.resourcesUnion.entity.ResourcesUnion#13068], EntityKey[j.index.module.apply.resourcesUnion.entity.ResourcesUnion#13069], EntityKey[j.index.module.apply.resourcesUnion.entity.ResourcesUnion#13070], EntityKey[j.index.module.apply.resourcesUnion.entity.ResourcesUnion#13071], EntityKey[j.index.module.apply.resourcesUnion.entity.ResourcesUnion#13072], EntityKey[j.index.module.apply.resourcesUnion.entity.ResourcesUnion#13073], EntityKey[j.index.module.apply.resourcesUnion.entity.ResourcesUnion#13074], EntityKey[j.index.module.apply.resourcesUnion.entity.ResourcesUnion#13075], EntityKey[j.index.module.apply.resourcesUnion.entity.ResourcesUnion#13076], EntityKey[j.index.module.apply.resourcesUnion.entity.ResourcesUnion#13077], EntityKey[j.index.module.apply.resourcesUnion.entity.ResourcesUnion#13078], EntityKey[j.index.module.apply.resourcesUnion.entity.ResourcesUnion#13079], EntityKey[j.index.module.apply.resourcesUnion.entity.ResourcesUnion#13080], EntityKey[j.index.module.apply.resourcesUnion.entity.ResourcesUnion#13081], EntityKey[j.index.module.apply.resourcesUnion.entity.ResourcesUnion#13082], EntityKey[j.index.module.apply.resourcesUnion.entity.ResourcesUnion#13186], EntityKey[j.index.module.apply.resourcesUnion.entity.ResourcesUnion#13185], EntityKey[j.index.module.apply.resourcesUnion.entity.ResourcesUnion#13184], EntityKey[j.index.module.apply.resourcesUnion.entity.ResourcesUnion#13183], EntityKey[j.index.module.apply.resourcesUnion.entity.ResourcesUnion#13182], EntityKey[j.index.module.apply.resourcesUnion.entity.ResourcesUnion#13181], EntityKey[j.index.module.apply.resourcesUnion.entity.ResourcesUnion#13180], EntityKey[j.index.module.apply.resourcesUnion.entity.ResourcesUnion#13179], EntityKey[j.index.module.apply.resourcesUnion.entity.ResourcesUnion#13194], EntityKey[j.index.module.apply.resourcesUnion.entity.ResourcesUnion#13193], EntityKey[j.index.module.apply.resourcesUnion.entity.ResourcesUnion#13192], EntityKey[j.index.module.apply.resourcesUnion.entity.ResourcesUnion#13191], EntityKey[j.index.module.apply.resourcesUnion.entity.ResourcesUnion#13190], EntityKey[j.index.module.apply.resourcesUnion.entity.ResourcesUnion#13189], EntityKey[j.index.module.apply.resourcesUnion.entity.ResourcesUnion#13188], EntityKey[j.index.module.apply.resourcesUnion.entity.ResourcesUnion#13187], EntityKey[j.index.module.apply.resourcesUnion.entity.ResourcesUnion#13169], EntityKey[j.index.module.apply.resourcesUnion.entity.ResourcesUnion#13170], EntityKey[j.index.module.apply.resourcesUnion.entity.ResourcesUnion#13167], EntityKey[j.index.module.apply.resourcesUnion.entity.ResourcesUnion#13168], EntityKey[j.index.module.apply.resourcesUnion.entity.ResourcesUnion#13165], EntityKey[j.index.module.apply.resourcesUnion.entity.ResourcesUnion#13166], EntityKey[j.index.module.apply.resourcesUnion.entity.ResourcesUnion#13163], EntityKey[j.index.module.apply.resourcesUnion.entity.ResourcesUnion#13164], EntityKey[j.index.module.apply.resourcesUnion.entity.ResourcesUnion#13177], EntityKey[j.index.module.apply.resourcesUnion.entity.ResourcesUnion#13178], EntityKey[j.index.module.apply.resourcesUnion.entity.ResourcesUnion#13175], EntityKey[j.index.module.apply.resourcesUnion.entity.ResourcesUnion#13176], EntityKey[j.index.module.apply.resourcesUnion.entity.ResourcesUnion#13173], EntityKey[j.index.module.apply.resourcesUnion.entity.ResourcesUnion#13174], EntityKey[j.index.module.apply.resourcesUnion.entity.ResourcesUnion#13171], EntityKey[j.index.module.apply.resourcesUnion.entity.ResourcesUnion#13172], EntityKey[j.index.module.apply.resourcesUnion.entity.ResourcesUnion#13152], EntityKey[j.index.module.apply.resourcesUnion.entity.ResourcesUnion#13151], EntityKey[j.index.module.apply.resourcesUnion.entity.ResourcesUnion#13154], EntityKey[j.index.module.apply.resourcesUnion.entity.ResourcesUnion#13153], EntityKey[j.index.module.apply.resourcesUnion.entity.ResourcesUnion#13148], EntityKey[j.index.module.apply.resourcesUnion.entity.ResourcesUnion#13147], EntityKey[j.index.module.apply.resourcesUnion.entity.ResourcesUnion#13150], EntityKey[j.index.module.apply.resourcesUnion.entity.ResourcesUnion#13149], EntityKey[j.index.module.apply.resourcesUnion.entity.ResourcesUnion#13160], EntityKey[j.index.module.apply.resourcesUnion.entity.ResourcesUnion#13159], EntityKey[j.index.module.apply.resourcesUnion.entity.ResourcesUnion#13162], EntityKey[j.index.module.apply.resourcesUnion.entity.ResourcesUnion#13161], EntityKey[j.index.module.apply.resourcesUnion.entity.ResourcesUnion#13156], EntityKey[j.index.module.apply.resourcesUnion.entity.ResourcesUnion#13155], EntityKey[j.index.module.apply.resourcesUnion.entity.ResourcesUnion#13158], EntityKey[j.index.module.apply.resourcesUnion.entity.ResourcesUnion#13157], EntityKey[j.index.module.apply.resourcesUnion.entity.ResourcesUnion#13135], EntityKey[j.index.module.apply.resourcesUnion.entity.ResourcesUnion#13136], EntityKey[j.index.module.apply.resourcesUnion.entity.ResourcesUnion#13137], EntityKey[j.index.module.apply.resourcesUnion.entity.ResourcesUnion#13138], EntityKey[j.index.module.apply.resourcesUnion.entity.ResourcesUnion#13131], EntityKey[j.index.module.apply.resourcesUnion.entity.ResourcesUnion#13132], EntityKey[j.index.module.apply.resourcesUnion.entity.ResourcesUnion#13133], EntityKey[j.index.module.apply.resourcesUnion.entity.ResourcesUnion#13134], EntityKey[j.index.module.apply.resourcesUnion.entity.ResourcesUnion#13143], EntityKey[j.index.module.apply.resourcesUnion.entity.ResourcesUnion#13144], EntityKey[j.index.module.apply.resourcesUnion.entity.ResourcesUnion#13145], EntityKey[j.index.module.apply.resourcesUnion.entity.ResourcesUnion#13146], EntityKey[j.index.module.apply.resourcesUnion.entity.ResourcesUnion#13139], EntityKey[j.index.module.apply.resourcesUnion.entity.ResourcesUnion#13140], EntityKey[j.index.module.apply.resourcesUnion.entity.ResourcesUnion#13141], EntityKey[j.index.module.apply.resourcesUnion.entity.ResourcesUnion#13142], EntityKey[j.index.module.apply.resourcesUnion.entity.ResourcesUnion#12724], EntityKey[j.index.module.apply.resourcesUnion.entity.ResourcesUnion#12723], EntityKey[j.index.module.apply.resourcesUnion.entity.ResourcesUnion#12726], EntityKey[j.index.module.apply.resourcesUnion.entity.ResourcesUnion#12725], EntityKey[j.index.module.apply.resourcesUnion.entity.ResourcesUnion#12728], EntityKey[j.index.module.apply.resourcesUnion.entity.ResourcesUnion#12727], EntityKey[j.index.module.apply.resourcesUnion.entity.ResourcesUnion#12730], EntityKey[j.index.module.apply.resourcesUnion.entity.ResourcesUnion#12729], EntityKey[j.index.module.apply.resourcesUnion.entity.ResourcesUnion#12716], EntityKey[j.index.module.apply.resourcesUnion.entity.ResourcesUnion#12715], EntityKey[j.index.module.apply.resourcesUnion.entity.ResourcesUnion#12718], EntityKey[j.index.module.apply.resourcesUnion.entity.ResourcesUnion#12717], EntityKey[j.index.module.apply.resourcesUnion.entity.ResourcesUnion#12720], EntityKey[j.index.module.apply.resourcesUnion.entity.ResourcesUnion#12719], EntityKey[j.index.module.apply.resourcesUnion.entity.ResourcesUnion#12722], EntityKey[j.index.module.apply.resourcesUnion.entity.ResourcesUnion#12721], EntityKey[j.index.module.apply.resourcesUnion.entity.ResourcesUnion#12739], EntityKey[j.index.module.apply.resourcesUnion.entity.ResourcesUnion#12740], EntityKey[j.index.module.apply.resourcesUnion.entity.ResourcesUnion#12741], EntityKey[j.index.module.apply.resourcesUnion.entity.ResourcesUnion#12742], EntityKey[j.index.module.apply.resourcesUnion.entity.ResourcesUnion#12743], EntityKey[j.index.module.apply.resourcesUnion.entity.ResourcesUnion#12744], EntityKey[j.index.module.apply.resourcesUnion.entity.ResourcesUnion#12745], EntityKey[j.index.module.apply.resourcesUnion.entity.ResourcesUnion#12746], EntityKey[j.index.module.apply.resourcesUnion.entity.ResourcesUnion#12731], EntityKey[j.index.module.apply.resourcesUnion.entity.ResourcesUnion#12732], EntityKey[j.index.module.apply.resourcesUnion.entity.ResourcesUnion#12733], EntityKey[j.index.module.apply.resourcesUnion.entity.ResourcesUnion#12734], EntityKey[j.index.module.apply.resourcesUnion.entity.ResourcesUnion#12735], EntityKey[j.index.module.apply.resourcesUnion.entity.ResourcesUnion#12736], EntityKey[j.index.module.apply.resourcesUnion.entity.ResourcesUnion#12737], EntityKey[j.index.module.apply.resourcesUnion.entity.ResourcesUnion#12738], EntityKey[j.index.module.apply.resourcesUnion.entity.ResourcesUnion#12694], EntityKey[j.index.module.apply.resourcesUnion.entity.ResourcesUnion#12693], EntityKey[j.index.module.apply.resourcesUnion.entity.ResourcesUnion#12692], EntityKey[j.index.module.apply.resourcesUnion.entity.ResourcesUnion#12691], EntityKey[j.index.module.apply.resourcesUnion.entity.ResourcesUnion#12698], EntityKey[j.index.module.apply.resourcesUnion.entity.ResourcesUnion#12697], EntityKey[j.index.module.apply.resourcesUnion.entity.ResourcesUnion#12696], EntityKey[j.index.module.apply.resourcesUnion.entity.ResourcesUnion#12695], EntityKey[j.index.module.apply.resourcesUnion.entity.ResourcesUnion#12686], EntityKey[j.index.module.apply.resourcesUnion.entity.ResourcesUnion#12685], EntityKey[j.index.module.apply.resourcesUnion.entity.ResourcesUnion#12684], EntityKey[j.index.module.apply.resourcesUnion.entity.ResourcesUnion#12683], EntityKey[j.index.module.apply.resourcesUnion.entity.ResourcesUnion#12690], EntityKey[j.index.module.apply.resourcesUnion.entity.ResourcesUnion#12689], EntityKey[j.index.module.apply.resourcesUnion.entity.ResourcesUnion#12688], EntityKey[j.index.module.apply.resourcesUnion.entity.ResourcesUnion#12687], EntityKey[j.index.module.apply.resourcesUnion.entity.ResourcesUnion#12709], EntityKey[j.index.module.apply.resourcesUnion.entity.ResourcesUnion#12710], EntityKey[j.index.module.apply.resourcesUnion.entity.ResourcesUnion#12707], EntityKey[j.index.module.apply.resourcesUnion.entity.ResourcesUnion#12708], EntityKey[j.index.module.apply.resourcesUnion.entity.ResourcesUnion#12713], EntityKey[j.index.module.apply.resourcesUnion.entity.ResourcesUnion#12714], EntityKey[j.index.module.apply.resourcesUnion.entity.ResourcesUnion#12711], EntityKey[j.index.module.apply.resourcesUnion.entity.ResourcesUnion#12712], EntityKey[j.index.module.apply.resourcesUnion.entity.ResourcesUnion#12701], EntityKey[j.index.module.apply.resourcesUnion.entity.ResourcesUnion#12702], EntityKey[j.index.module.apply.resourcesUnion.entity.ResourcesUnion#12699], EntityKey[j.index.module.apply.resourcesUnion.entity.ResourcesUnion#12700], EntityKey[j.index.module.apply.resourcesUnion.entity.ResourcesUnion#12705], EntityKey[j.index.module.apply.resourcesUnion.entity.ResourcesUnion#12706], EntityKey[j.index.module.apply.resourcesUnion.entity.ResourcesUnion#12703], EntityKey[j.index.module.apply.resourcesUnion.entity.ResourcesUnion#12704], EntityKey[j.index.module.apply.resourcesUnion.entity.ResourcesUnion#12792], EntityKey[j.index.module.apply.resourcesUnion.entity.ResourcesUnion#12791], EntityKey[j.index.module.apply.resourcesUnion.entity.ResourcesUnion#12794], EntityKey[j.index.module.apply.resourcesUnion.entity.ResourcesUnion#12793], EntityKey[j.index.module.apply.resourcesUnion.entity.ResourcesUnion#12788], EntityKey[j.index.module.apply.resourcesUnion.entity.ResourcesUnion#12787], EntityKey[j.index.module.apply.resourcesUnion.entity.ResourcesUnion#12790], EntityKey[j.index.module.apply.resourcesUnion.entity.ResourcesUnion#12789], EntityKey[j.index.module.apply.resourcesUnion.entity.ResourcesUnion#12784], EntityKey[j.index.module.apply.resourcesUnion.entity.ResourcesUnion#12783], EntityKey[j.index.module.apply.resourcesUnion.entity.ResourcesUnion#12786], EntityKey[j.index.module.apply.resourcesUnion.entity.ResourcesUnion#12785], EntityKey[j.index.module.apply.resourcesUnion.entity.ResourcesUnion#12780], EntityKey[j.index.module.apply.resourcesUnion.entity.ResourcesUnion#12779], EntityKey[j.index.module.apply.resourcesUnion.entity.ResourcesUnion#12782], EntityKey[j.index.module.apply.resourcesUnion.entity.ResourcesUnion#12781], EntityKey[j.index.module.apply.resourcesUnion.entity.ResourcesUnion#12807], EntityKey[j.index.module.apply.resourcesUnion.entity.ResourcesUnion#12808], EntityKey[j.index.module.apply.resourcesUnion.entity.ResourcesUnion#12809], EntityKey[j.index.module.apply.resourcesUnion.entity.ResourcesUnion#12810], EntityKey[j.index.module.apply.resourcesUnion.entity.ResourcesUnion#12803], EntityKey[j.index.module.apply.resourcesUnion.entity.ResourcesUnion#12804], EntityKey[j.index.module.apply.resourcesUnion.entity.ResourcesUnion#12805], EntityKey[j.index.module.apply.resourcesUnion.entity.ResourcesUnion#12806], EntityKey[j.index.module.apply.resourcesUnion.entity.ResourcesUnion#12799], EntityKey[j.index.module.apply.resourcesUnion.entity.ResourcesUnion#12800], EntityKey[j.index.module.apply.resourcesUnion.entity.ResourcesUnion#12801], EntityKey[j.index.module.apply.resourcesUnion.entity.ResourcesUnion#12802], EntityKey[j.index.module.apply.resourcesUnion.entity.ResourcesUnion#12795], EntityKey[j.index.module.apply.resourcesUnion.entity.ResourcesUnion#12796], EntityKey[j.index.module.apply.resourcesUnion.entity.ResourcesUnion#12797], EntityKey[j.index.module.apply.resourcesUnion.entity.ResourcesUnion#12798], EntityKey[j.index.module.apply.resourcesUnion.entity.ResourcesUnion#12762], EntityKey[j.index.module.apply.resourcesUnion.entity.ResourcesUnion#12761], EntityKey[j.index.module.apply.resourcesUnion.entity.ResourcesUnion#12760], EntityKey[j.index.module.apply.resourcesUnion.entity.ResourcesUnion#12759], EntityKey[j.index.module.apply.resourcesUnion.entity.ResourcesUnion#12758], EntityKey[j.index.module.apply.resourcesUnion.entity.ResourcesUnion#12757], EntityKey[j.index.module.apply.resourcesUnion.entity.ResourcesUnion#12756], EntityKey[j.index.module.apply.resourcesUnion.entity.ResourcesUnion#12755], EntityKey[j.index.module.apply.resourcesUnion.entity.ResourcesUnion#12754], EntityKey[j.index.module.apply.resourcesUnion.entity.ResourcesUnion#12753], EntityKey[j.index.module.apply.resourcesUnion.entity.ResourcesUnion#12752], EntityKey[j.index.module.apply.resourcesUnion.entity.ResourcesUnion#12751], EntityKey[j.index.module.apply.resourcesUnion.entity.ResourcesUnion#12750], EntityKey[j.index.module.apply.resourcesUnion.entity.ResourcesUnion#12749], EntityKey[j.index.module.apply.resourcesUnion.entity.ResourcesUnion#12748], EntityKey[j.index.module.apply.resourcesUnion.entity.ResourcesUnion#12747], EntityKey[j.index.module.apply.resourcesUnion.entity.ResourcesUnion#12777], EntityKey[j.index.module.apply.resourcesUnion.entity.ResourcesUnion#12778], EntityKey[j.index.module.apply.resourcesUnion.entity.ResourcesUnion#12775], EntityKey[j.index.module.apply.resourcesUnion.entity.ResourcesUnion#12776], EntityKey[j.index.module.apply.resourcesUnion.entity.ResourcesUnion#12773], EntityKey[j.index.module.apply.resourcesUnion.entity.ResourcesUnion#12774], EntityKey[j.index.module.apply.resourcesUnion.entity.ResourcesUnion#12771], EntityKey[j.index.module.apply.resourcesUnion.entity.ResourcesUnion#12772], EntityKey[j.index.module.apply.resourcesUnion.entity.ResourcesUnion#12769], EntityKey[j.index.module.apply.resourcesUnion.entity.ResourcesUnion#12770], EntityKey[j.index.module.apply.resourcesUnion.entity.ResourcesUnion#12767], EntityKey[j.index.module.apply.resourcesUnion.entity.ResourcesUnion#12768], EntityKey[j.index.module.apply.resourcesUnion.entity.ResourcesUnion#12765], EntityKey[j.index.module.apply.resourcesUnion.entity.ResourcesUnion#12766], EntityKey[j.index.module.apply.resourcesUnion.entity.ResourcesUnion#12763], EntityKey[j.index.module.apply.resourcesUnion.entity.ResourcesUnion#12764], EntityKey[j.index.module.apply.resourcesUnion.entity.ResourcesUnion#12843], EntityKey[j.index.module.apply.resourcesUnion.entity.ResourcesUnion#12844], EntityKey[j.index.module.apply.resourcesUnion.entity.ResourcesUnion#12845], EntityKey[j.index.module.apply.resourcesUnion.entity.ResourcesUnion#12846], EntityKey[j.index.module.apply.resourcesUnion.entity.ResourcesUnion#12847], EntityKey[j.index.module.apply.resourcesUnion.entity.ResourcesUnion#12848], EntityKey[j.index.module.apply.resourcesUnion.entity.ResourcesUnion#12849], EntityKey[j.index.module.apply.resourcesUnion.entity.ResourcesUnion#12850], EntityKey[j.index.module.apply.resourcesUnion.entity.ResourcesUnion#12851], EntityKey[j.index.module.apply.resourcesUnion.entity.ResourcesUnion#12852], EntityKey[j.index.module.apply.resourcesUnion.entity.ResourcesUnion#12853], EntityKey[j.index.module.apply.resourcesUnion.entity.ResourcesUnion#12854], EntityKey[j.index.module.apply.resourcesUnion.entity.ResourcesUnion#12855], EntityKey[j.index.module.apply.resourcesUnion.entity.ResourcesUnion#12856], EntityKey[j.index.module.apply.resourcesUnion.entity.ResourcesUnion#12857], EntityKey[j.index.module.apply.resourcesUnion.entity.ResourcesUnion#12858], EntityKey[j.index.module.apply.resourcesUnion.entity.ResourcesUnion#12860], EntityKey[j.index.module.apply.resourcesUnion.entity.ResourcesUnion#12859], EntityKey[j.index.module.apply.resourcesUnion.entity.ResourcesUnion#12862], EntityKey[j.index.module.apply.resourcesUnion.entity.ResourcesUnion#12861], EntityKey[j.index.module.apply.resourcesUnion.entity.ResourcesUnion#12864], EntityKey[j.index.module.apply.resourcesUnion.entity.ResourcesUnion#12863], EntityKey[j.index.module.apply.resourcesUnion.entity.ResourcesUnion#12866], EntityKey[j.index.module.apply.resourcesUnion.entity.ResourcesUnion#12865], EntityKey[j.index.module.apply.resourcesUnion.entity.ResourcesUnion#12868], EntityKey[j.index.module.apply.resourcesUnion.entity.ResourcesUnion#12867], EntityKey[j.index.module.apply.resourcesUnion.entity.ResourcesUnion#12870], EntityKey[j.index.module.apply.resourcesUnion.entity.ResourcesUnion#12869], EntityKey[j.index.module.apply.resourcesUnion.entity.ResourcesUnion#12872], EntityKey[j.index.module.apply.resourcesUnion.entity.ResourcesUnion#12871], EntityKey[j.index.module.apply.resourcesUnion.entity.ResourcesUnion#12874], EntityKey[j.index.module.apply.resourcesUnion.entity.ResourcesUnion#12873], EntityKey[j.index.module.apply.resourcesUnion.entity.ResourcesUnion#12813], EntityKey[j.index.module.apply.resourcesUnion.entity.ResourcesUnion#12814], EntityKey[j.index.module.apply.resourcesUnion.entity.ResourcesUnion#12811], EntityKey[j.index.module.apply.resourcesUnion.entity.ResourcesUnion#12812], EntityKey[j.index.module.apply.resourcesUnion.entity.ResourcesUnion#12817], EntityKey[j.index.module.apply.resourcesUnion.entity.ResourcesUnion#12818], EntityKey[j.index.module.apply.resourcesUnion.entity.ResourcesUnion#12815], EntityKey[j.index.module.apply.resourcesUnion.entity.ResourcesUnion#12816], EntityKey[j.index.module.apply.resourcesUnion.entity.ResourcesUnion#12821], EntityKey[j.index.module.apply.resourcesUnion.entity.ResourcesUnion#12822], EntityKey[j.index.module.apply.resourcesUnion.entity.ResourcesUnion#12819], EntityKey[j.index.module.apply.resourcesUnion.entity.ResourcesUnion#12820], EntityKey[j.index.module.apply.resourcesUnion.entity.ResourcesUnion#12825], EntityKey[j.index.module.apply.resourcesUnion.entity.ResourcesUnion#12826], EntityKey[j.index.module.apply.resourcesUnion.entity.ResourcesUnion#12823], EntityKey[j.index.module.apply.resourcesUnion.entity.ResourcesUnion#12824], EntityKey[j.index.module.apply.resourcesUnion.entity.ResourcesUnion#12830], EntityKey[j.index.module.apply.resourcesUnion.entity.ResourcesUnion#12829], EntityKey[j.index.module.apply.resourcesUnion.entity.ResourcesUnion#12828], EntityKey[j.index.module.apply.resourcesUnion.entity.ResourcesUnion#12827], EntityKey[j.index.module.apply.resourcesUnion.entity.ResourcesUnion#12834], EntityKey[j.index.module.apply.resourcesUnion.entity.ResourcesUnion#12833], EntityKey[j.index.module.apply.resourcesUnion.entity.ResourcesUnion#12832], EntityKey[j.index.module.apply.resourcesUnion.entity.ResourcesUnion#12831], EntityKey[j.index.module.apply.resourcesUnion.entity.ResourcesUnion#12838], EntityKey[j.index.module.apply.resourcesUnion.entity.ResourcesUnion#12837], EntityKey[j.index.module.apply.resourcesUnion.entity.ResourcesUnion#12836], EntityKey[j.index.module.apply.resourcesUnion.entity.ResourcesUnion#12835], EntityKey[j.index.module.apply.resourcesUnion.entity.ResourcesUnion#12842], EntityKey[j.index.module.apply.resourcesUnion.entity.ResourcesUnion#12841], EntityKey[j.index.module.apply.resourcesUnion.entity.ResourcesUnion#12840], EntityKey[j.index.module.apply.resourcesUnion.entity.ResourcesUnion#12839], EntityKey[j.index.module.apply.resourcesUnion.entity.ResourcesUnion#12911], EntityKey[j.index.module.apply.resourcesUnion.entity.ResourcesUnion#12912], EntityKey[j.index.module.apply.resourcesUnion.entity.ResourcesUnion#12913], EntityKey[j.index.module.apply.resourcesUnion.entity.ResourcesUnion#12914], EntityKey[j.index.module.apply.resourcesUnion.entity.ResourcesUnion#12907], EntityKey[j.index.module.apply.resourcesUnion.entity.ResourcesUnion#12908], EntityKey[j.index.module.apply.resourcesUnion.entity.ResourcesUnion#12909], EntityKey[j.index.module.apply.resourcesUnion.entity.ResourcesUnion#12910], EntityKey[j.index.module.apply.resourcesUnion.entity.ResourcesUnion#12919], EntityKey[j.index.module.apply.resourcesUnion.entity.ResourcesUnion#12920], EntityKey[j.index.module.apply.resourcesUnion.entity.ResourcesUnion#12921], EntityKey[j.index.module.apply.resourcesUnion.entity.ResourcesUnion#12922], EntityKey[j.index.module.apply.resourcesUnion.entity.ResourcesUnion#12915], EntityKey[j.index.module.apply.resourcesUnion.entity.ResourcesUnion#12916], EntityKey[j.index.module.apply.resourcesUnion.entity.ResourcesUnion#12917], EntityKey[j.index.module.apply.resourcesUnion.entity.ResourcesUnion#12918], EntityKey[j.index.module.apply.resourcesUnion.entity.ResourcesUnion#12928], EntityKey[j.index.module.apply.resourcesUnion.entity.ResourcesUnion#12927], EntityKey[j.index.module.apply.resourcesUnion.entity.ResourcesUnion#12930], EntityKey[j.index.module.apply.resourcesUnion.entity.ResourcesUnion#12929], EntityKey[j.index.module.apply.resourcesUnion.entity.ResourcesUnion#12924], EntityKey[j.index.module.apply.resourcesUnion.entity.ResourcesUnion#12923], EntityKey[j.index.module.apply.resourcesUnion.entity.ResourcesUnion#12926], EntityKey[j.index.module.apply.resourcesUnion.entity.ResourcesUnion#12925], EntityKey[j.index.module.apply.resourcesUnion.entity.ResourcesUnion#12936], EntityKey[j.index.module.apply.resourcesUnion.entity.ResourcesUnion#12935], EntityKey[j.index.module.apply.resourcesUnion.entity.ResourcesUnion#12938], EntityKey[j.index.module.apply.resourcesUnion.entity.ResourcesUnion#12937], EntityKey[j.index.module.apply.resourcesUnion.entity.ResourcesUnion#12932], EntityKey[j.index.module.apply.resourcesUnion.entity.ResourcesUnion#12931], EntityKey[j.index.module.apply.resourcesUnion.entity.ResourcesUnion#12934], EntityKey[j.index.module.apply.resourcesUnion.entity.ResourcesUnion#12933], EntityKey[j.index.module.apply.resourcesUnion.entity.ResourcesUnion#12881], EntityKey[j.index.module.apply.resourcesUnion.entity.ResourcesUnion#12882], EntityKey[j.index.module.apply.resourcesUnion.entity.ResourcesUnion#12879], EntityKey[j.index.module.apply.resourcesUnion.entity.ResourcesUnion#12880], EntityKey[j.index.module.apply.resourcesUnion.entity.ResourcesUnion#12877], EntityKey[j.index.module.apply.resourcesUnion.entity.ResourcesUnion#12878], EntityKey[j.index.module.apply.resourcesUnion.entity.ResourcesUnion#12875], EntityKey[j.index.module.apply.resourcesUnion.entity.ResourcesUnion#12876], EntityKey[j.index.module.apply.resourcesUnion.entity.ResourcesUnion#12889], EntityKey[j.index.module.apply.resourcesUnion.entity.ResourcesUnion#12890], EntityKey[j.index.module.apply.resourcesUnion.entity.ResourcesUnion#12887], EntityKey[j.index.module.apply.resourcesUnion.entity.ResourcesUnion#12888], EntityKey[j.index.module.apply.resourcesUnion.entity.ResourcesUnion#12885], EntityKey[j.index.module.apply.resourcesUnion.entity.ResourcesUnion#12886], EntityKey[j.index.module.apply.resourcesUnion.entity.ResourcesUnion#12883], EntityKey[j.index.module.apply.resourcesUnion.entity.ResourcesUnion#12884], EntityKey[j.index.module.apply.resourcesUnion.entity.ResourcesUnion#12898], EntityKey[j.index.module.apply.resourcesUnion.entity.ResourcesUnion#12897], EntityKey[j.index.module.apply.resourcesUnion.entity.ResourcesUnion#12896], EntityKey[j.index.module.apply.resourcesUnion.entity.ResourcesUnion#12895], EntityKey[j.index.module.apply.resourcesUnion.entity.ResourcesUnion#12894], EntityKey[j.index.module.apply.resourcesUnion.entity.ResourcesUnion#12893], EntityKey[j.index.module.apply.resourcesUnion.entity.ResourcesUnion#12892], EntityKey[j.index.module.apply.resourcesUnion.entity.ResourcesUnion#12891], EntityKey[j.index.module.apply.resourcesUnion.entity.ResourcesUnion#12906], EntityKey[j.index.module.apply.resourcesUnion.entity.ResourcesUnion#12905], EntityKey[j.index.module.apply.resourcesUnion.entity.ResourcesUnion#12904], EntityKey[j.index.module.apply.resourcesUnion.entity.ResourcesUnion#12903], EntityKey[j.index.module.apply.resourcesUnion.entity.ResourcesUnion#12902], EntityKey[j.index.module.apply.resourcesUnion.entity.ResourcesUnion#12901], EntityKey[j.index.module.apply.resourcesUnion.entity.ResourcesUnion#12900], EntityKey[j.index.module.apply.resourcesUnion.entity.ResourcesUnion#12899], EntityKey[j.index.module.apply.resourcesUnion.entity.ResourcesUnion#14378], EntityKey[j.index.module.apply.resourcesUnion.entity.ResourcesUnion#14377], EntityKey[j.index.module.apply.resourcesUnion.entity.ResourcesUnion#14376], EntityKey[j.index.module.apply.resourcesUnion.entity.ResourcesUnion#14375], EntityKey[j.index.module.apply.resourcesUnion.entity.ResourcesUnion#14374], EntityKey[j.index.module.apply.resourcesUnion.entity.ResourcesUnion#14373], EntityKey[j.index.module.apply.resourcesUnion.entity.ResourcesUnion#14372], EntityKey[j.index.module.apply.resourcesUnion.entity.ResourcesUnion#14371], EntityKey[j.index.module.apply.resourcesUnion.entity.ResourcesUnion#14370], EntityKey[j.index.module.apply.resourcesUnion.entity.ResourcesUnion#14369], EntityKey[j.index.module.apply.resourcesUnion.entity.ResourcesUnion#14368], EntityKey[j.index.module.apply.resourcesUnion.entity.ResourcesUnion#14367], EntityKey[j.index.module.apply.resourcesUnion.entity.ResourcesUnion#14366], EntityKey[j.index.module.apply.resourcesUnion.entity.ResourcesUnion#14365], EntityKey[j.index.module.apply.resourcesUnion.entity.ResourcesUnion#14364], EntityKey[j.index.module.apply.resourcesUnion.entity.ResourcesUnion#14363], EntityKey[j.index.module.apply.resourcesUnion.entity.ResourcesUnion#14361], EntityKey[j.index.module.apply.resourcesUnion.entity.ResourcesUnion#14362], EntityKey[j.index.module.apply.resourcesUnion.entity.ResourcesUnion#14359], EntityKey[j.index.module.apply.resourcesUnion.entity.ResourcesUnion#14360], EntityKey[j.index.module.apply.resourcesUnion.entity.ResourcesUnion#14357], EntityKey[j.index.module.apply.resourcesUnion.entity.ResourcesUnion#14358], EntityKey[j.index.module.apply.resourcesUnion.entity.ResourcesUnion#14355], EntityKey[j.index.module.apply.resourcesUnion.entity.ResourcesUnion#14356], EntityKey[j.index.module.apply.resourcesUnion.entity.ResourcesUnion#14353], EntityKey[j.index.module.apply.resourcesUnion.entity.ResourcesUnion#14354], EntityKey[j.index.module.apply.resourcesUnion.entity.ResourcesUnion#14351], EntityKey[j.index.module.apply.resourcesUnion.entity.ResourcesUnion#14352], EntityKey[j.index.module.apply.resourcesUnion.entity.ResourcesUnion#14349], EntityKey[j.index.module.apply.resourcesUnion.entity.ResourcesUnion#14350], EntityKey[j.index.module.apply.resourcesUnion.entity.ResourcesUnion#14347], EntityKey[j.index.module.apply.resourcesUnion.entity.ResourcesUnion#14348], EntityKey[j.index.module.apply.resourcesUnion.entity.ResourcesUnion#14385], EntityKey[j.index.module.apply.resourcesUnion.entity.ResourcesUnion#14386], EntityKey[j.index.module.apply.resourcesUnion.entity.ResourcesUnion#14379], EntityKey[j.index.module.apply.resourcesUnion.entity.ResourcesUnion#14380], EntityKey[j.index.module.apply.resourcesUnion.entity.ResourcesUnion#14381], EntityKey[j.index.module.apply.resourcesUnion.entity.ResourcesUnion#14382], EntityKey[j.index.module.apply.resourcesUnion.entity.ResourcesUnion#14301], EntityKey[j.index.module.apply.resourcesUnion.entity.ResourcesUnion#14302], EntityKey[j.index.module.apply.resourcesUnion.entity.ResourcesUnion#14299], EntityKey[j.index.module.apply.resourcesUnion.entity.ResourcesUnion#14300], EntityKey[j.index.module.apply.resourcesUnion.entity.ResourcesUnion#14305], EntityKey[j.index.module.apply.resourcesUnion.entity.ResourcesUnion#14306], EntityKey[j.index.module.apply.resourcesUnion.entity.ResourcesUnion#14303], EntityKey[j.index.module.apply.resourcesUnion.entity.ResourcesUnion#14304], EntityKey[j.index.module.apply.resourcesUnion.entity.ResourcesUnion#14309], EntityKey[j.index.module.apply.resourcesUnion.entity.ResourcesUnion#14310], EntityKey[j.index.module.apply.resourcesUnion.entity.ResourcesUnion#14307], EntityKey[j.index.module.apply.resourcesUnion.entity.ResourcesUnion#14308], EntityKey[j.index.module.apply.resourcesUnion.entity.ResourcesUnion#14313], EntityKey[j.index.module.apply.resourcesUnion.entity.ResourcesUnion#14314], EntityKey[j.index.module.apply.resourcesUnion.entity.ResourcesUnion#14311], EntityKey[j.index.module.apply.resourcesUnion.entity.ResourcesUnion#14312], EntityKey[j.index.module.apply.resourcesUnion.entity.ResourcesUnion#14286], EntityKey[j.index.module.apply.resourcesUnion.entity.ResourcesUnion#14285], EntityKey[j.index.module.apply.resourcesUnion.entity.ResourcesUnion#14284], EntityKey[j.index.module.apply.resourcesUnion.entity.ResourcesUnion#14283], EntityKey[j.index.module.apply.resourcesUnion.entity.ResourcesUnion#14290], EntityKey[j.index.module.apply.resourcesUnion.entity.ResourcesUnion#14289], EntityKey[j.index.module.apply.resourcesUnion.entity.ResourcesUnion#14288], EntityKey[j.index.module.apply.resourcesUnion.entity.ResourcesUnion#14287], EntityKey[j.index.module.apply.resourcesUnion.entity.ResourcesUnion#14294], EntityKey[j.index.module.apply.resourcesUnion.entity.ResourcesUnion#14293], EntityKey[j.index.module.apply.resourcesUnion.entity.ResourcesUnion#14292], EntityKey[j.index.module.apply.resourcesUnion.entity.ResourcesUnion#14291], EntityKey[j.index.module.apply.resourcesUnion.entity.ResourcesUnion#14298], EntityKey[j.index.module.apply.resourcesUnion.entity.ResourcesUnion#14297], EntityKey[j.index.module.apply.resourcesUnion.entity.ResourcesUnion#14296], EntityKey[j.index.module.apply.resourcesUnion.entity.ResourcesUnion#14295], EntityKey[j.index.module.apply.resourcesUnion.entity.ResourcesUnion#14331], EntityKey[j.index.module.apply.resourcesUnion.entity.ResourcesUnion#14332], EntityKey[j.index.module.apply.resourcesUnion.entity.ResourcesUnion#14333], EntityKey[j.index.module.apply.resourcesUnion.entity.ResourcesUnion#14334], EntityKey[j.index.module.apply.resourcesUnion.entity.ResourcesUnion#14335], EntityKey[j.index.module.apply.resourcesUnion.entity.ResourcesUnion#14336], EntityKey[j.index.module.apply.resourcesUnion.entity.ResourcesUnion#14337], EntityKey[j.index.module.apply.resourcesUnion.entity.ResourcesUnion#14338], EntityKey[j.index.module.apply.resourcesUnion.entity.ResourcesUnion#14339], EntityKey[j.index.module.apply.resourcesUnion.entity.ResourcesUnion#14340], EntityKey[j.index.module.apply.resourcesUnion.entity.ResourcesUnion#14341], EntityKey[j.index.module.apply.resourcesUnion.entity.ResourcesUnion#14342], EntityKey[j.index.module.apply.resourcesUnion.entity.ResourcesUnion#14343], EntityKey[j.index.module.apply.resourcesUnion.entity.ResourcesUnion#14344], EntityKey[j.index.module.apply.resourcesUnion.entity.ResourcesUnion#14345], EntityKey[j.index.module.apply.resourcesUnion.entity.ResourcesUnion#14346], EntityKey[j.index.module.apply.resourcesUnion.entity.ResourcesUnion#14316], EntityKey[j.index.module.apply.resourcesUnion.entity.ResourcesUnion#14315], EntityKey[j.index.module.apply.resourcesUnion.entity.ResourcesUnion#14318], EntityKey[j.index.module.apply.resourcesUnion.entity.ResourcesUnion#14317], EntityKey[j.index.module.apply.resourcesUnion.entity.ResourcesUnion#14320], EntityKey[j.index.module.apply.resourcesUnion.entity.ResourcesUnion#14319], EntityKey[j.index.module.apply.resourcesUnion.entity.ResourcesUnion#14322], EntityKey[j.index.module.apply.resourcesUnion.entity.ResourcesUnion#14321], EntityKey[j.index.module.apply.resourcesUnion.entity.ResourcesUnion#14324], EntityKey[j.index.module.apply.resourcesUnion.entity.ResourcesUnion#14323], EntityKey[j.index.module.apply.resourcesUnion.entity.ResourcesUnion#14326], EntityKey[j.index.module.apply.resourcesUnion.entity.ResourcesUnion#14325], EntityKey[j.index.module.apply.resourcesUnion.entity.ResourcesUnion#14328], EntityKey[j.index.module.apply.resourcesUnion.entity.ResourcesUnion#14327], EntityKey[j.index.module.apply.resourcesUnion.entity.ResourcesUnion#14330], EntityKey[j.index.module.apply.resourcesUnion.entity.ResourcesUnion#14329], EntityKey[j.index.module.apply.resourcesUnion.entity.ResourcesUnion#14241], EntityKey[j.index.module.apply.resourcesUnion.entity.ResourcesUnion#14242], EntityKey[j.index.module.apply.resourcesUnion.entity.ResourcesUnion#14239], EntityKey[j.index.module.apply.resourcesUnion.entity.ResourcesUnion#14240], EntityKey[j.index.module.apply.resourcesUnion.entity.ResourcesUnion#14237], EntityKey[j.index.module.apply.resourcesUnion.entity.ResourcesUnion#14238], EntityKey[j.index.module.apply.resourcesUnion.entity.ResourcesUnion#14235], EntityKey[j.index.module.apply.resourcesUnion.entity.ResourcesUnion#14236], EntityKey[j.index.module.apply.resourcesUnion.entity.ResourcesUnion#14249], EntityKey[j.index.module.apply.resourcesUnion.entity.ResourcesUnion#14250], EntityKey[j.index.module.apply.resourcesUnion.entity.ResourcesUnion#14247], EntityKey[j.index.module.apply.resourcesUnion.entity.ResourcesUnion#14248], EntityKey[j.index.module.apply.resourcesUnion.entity.ResourcesUnion#14245], EntityKey[j.index.module.apply.resourcesUnion.entity.ResourcesUnion#14246], EntityKey[j.index.module.apply.resourcesUnion.entity.ResourcesUnion#14243], EntityKey[j.index.module.apply.resourcesUnion.entity.ResourcesUnion#14244], EntityKey[j.index.module.apply.resourcesUnion.entity.ResourcesUnion#14226], EntityKey[j.index.module.apply.resourcesUnion.entity.ResourcesUnion#14225], EntityKey[j.index.module.apply.resourcesUnion.entity.ResourcesUnion#14224], EntityKey[j.index.module.apply.resourcesUnion.entity.ResourcesUnion#14223], EntityKey[j.index.module.apply.resourcesUnion.entity.ResourcesUnion#14222], EntityKey[j.index.module.apply.resourcesUnion.entity.ResourcesUnion#14221], EntityKey[j.index.module.apply.resourcesUnion.entity.ResourcesUnion#14220], EntityKey[j.index.module.apply.resourcesUnion.entity.ResourcesUnion#14219], EntityKey[j.index.module.apply.resourcesUnion.entity.ResourcesUnion#14234], EntityKey[j.index.module.apply.resourcesUnion.entity.ResourcesUnion#14233], EntityKey[j.index.module.apply.resourcesUnion.entity.ResourcesUnion#14232], EntityKey[j.index.module.apply.resourcesUnion.entity.ResourcesUnion#14231], EntityKey[j.index.module.apply.resourcesUnion.entity.ResourcesUnion#14230], EntityKey[j.index.module.apply.resourcesUnion.entity.ResourcesUnion#14229], EntityKey[j.index.module.apply.resourcesUnion.entity.ResourcesUnion#14228], EntityKey[j.index.module.apply.resourcesUnion.entity.ResourcesUnion#14227], EntityKey[j.index.module.apply.resourcesUnion.entity.ResourcesUnion#14271], EntityKey[j.index.module.apply.resourcesUnion.entity.ResourcesUnion#14272], EntityKey[j.index.module.apply.resourcesUnion.entity.ResourcesUnion#14273], EntityKey[j.index.module.apply.resourcesUnion.entity.ResourcesUnion#14274], EntityKey[j.index.module.apply.resourcesUnion.entity.ResourcesUnion#14267], EntityKey[j.index.module.apply.resourcesUnion.entity.ResourcesUnion#14268], EntityKey[j.index.module.apply.resourcesUnion.entity.ResourcesUnion#14269], EntityKey[j.index.module.apply.resourcesUnion.entity.ResourcesUnion#14270], EntityKey[j.index.module.apply.resourcesUnion.entity.ResourcesUnion#14279], EntityKey[j.index.module.apply.resourcesUnion.entity.ResourcesUnion#14280], EntityKey[j.index.module.apply.resourcesUnion.entity.ResourcesUnion#14281], EntityKey[j.index.module.apply.resourcesUnion.entity.ResourcesUnion#14282], EntityKey[j.index.module.apply.resourcesUnion.entity.ResourcesUnion#14275], EntityKey[j.index.module.apply.resourcesUnion.entity.ResourcesUnion#14276], EntityKey[j.index.module.apply.resourcesUnion.entity.ResourcesUnion#14277], EntityKey[j.index.module.apply.resourcesUnion.entity.ResourcesUnion#14278], EntityKey[j.index.module.apply.resourcesUnion.entity.ResourcesUnion#14256], EntityKey[j.index.module.apply.resourcesUnion.entity.ResourcesUnion#14255], EntityKey[j.index.module.apply.resourcesUnion.entity.ResourcesUnion#14258], EntityKey[j.index.module.apply.resourcesUnion.entity.ResourcesUnion#14257], EntityKey[j.index.module.apply.resourcesUnion.entity.ResourcesUnion#14252], EntityKey[j.index.module.apply.resourcesUnion.entity.ResourcesUnion#14251], EntityKey[j.index.module.apply.resourcesUnion.entity.ResourcesUnion#14254], EntityKey[j.index.module.apply.resourcesUnion.entity.ResourcesUnion#14253], EntityKey[j.index.module.apply.resourcesUnion.entity.ResourcesUnion#14264], EntityKey[j.index.module.apply.resourcesUnion.entity.ResourcesUnion#14263], EntityKey[j.index.module.apply.resourcesUnion.entity.ResourcesUnion#14266], EntityKey[j.index.module.apply.resourcesUnion.entity.ResourcesUnion#14265], EntityKey[j.index.module.apply.resourcesUnion.entity.ResourcesUnion#14260], EntityKey[j.index.module.apply.resourcesUnion.entity.ResourcesUnion#14259], EntityKey[j.index.module.apply.resourcesUnion.entity.ResourcesUnion#14262], EntityKey[j.index.module.apply.resourcesUnion.entity.ResourcesUnion#14261], EntityKey[j.index.module.apply.resourcesUnion.entity.ResourcesUnion#14201], EntityKey[j.index.module.apply.resourcesUnion.entity.ResourcesUnion#14202], EntityKey[j.index.module.apply.resourcesUnion.entity.ResourcesUnion#14199], EntityKey[j.index.module.apply.resourcesUnion.entity.ResourcesUnion#14200], EntityKey[j.index.module.apply.resourcesUnion.entity.ResourcesUnion#14197], EntityKey[j.index.module.apply.resourcesUnion.entity.ResourcesUnion#14198], EntityKey[j.index.module.apply.resourcesUnion.entity.ResourcesUnion#14195], EntityKey[j.index.module.apply.resourcesUnion.entity.ResourcesUnion#14196], EntityKey[j.index.module.apply.resourcesUnion.entity.ResourcesUnion#14193], EntityKey[j.index.module.apply.resourcesUnion.entity.ResourcesUnion#14194], EntityKey[j.index.module.apply.resourcesUnion.entity.ResourcesUnion#14191], EntityKey[j.index.module.apply.resourcesUnion.entity.ResourcesUnion#14192], EntityKey[j.index.module.apply.resourcesUnion.entity.ResourcesUnion#14189], EntityKey[j.index.module.apply.resourcesUnion.entity.ResourcesUnion#14190], EntityKey[j.index.module.apply.resourcesUnion.entity.ResourcesUnion#14187], EntityKey[j.index.module.apply.resourcesUnion.entity.ResourcesUnion#14188], EntityKey[j.index.module.apply.resourcesUnion.entity.ResourcesUnion#14218], EntityKey[j.index.module.apply.resourcesUnion.entity.ResourcesUnion#14217], EntityKey[j.index.module.apply.resourcesUnion.entity.ResourcesUnion#14216], EntityKey[j.index.module.apply.resourcesUnion.entity.ResourcesUnion#14215], EntityKey[j.index.module.apply.resourcesUnion.entity.ResourcesUnion#14214], EntityKey[j.index.module.apply.resourcesUnion.entity.ResourcesUnion#14213], EntityKey[j.index.module.apply.resourcesUnion.entity.ResourcesUnion#14212], EntityKey[j.index.module.apply.resourcesUnion.entity.ResourcesUnion#14211], EntityKey[j.index.module.apply.resourcesUnion.entity.ResourcesUnion#14210], EntityKey[j.index.module.apply.resourcesUnion.entity.ResourcesUnion#14209], EntityKey[j.index.module.apply.resourcesUnion.entity.ResourcesUnion#14208], EntityKey[j.index.module.apply.resourcesUnion.entity.ResourcesUnion#14207], EntityKey[j.index.module.apply.resourcesUnion.entity.ResourcesUnion#14206], EntityKey[j.index.module.apply.resourcesUnion.entity.ResourcesUnion#14205], EntityKey[j.index.module.apply.resourcesUnion.entity.ResourcesUnion#14204], EntityKey[j.index.module.apply.resourcesUnion.entity.ResourcesUnion#14203], EntityKey[j.index.module.apply.resourcesUnion.entity.ResourcesUnion#14167], EntityKey[j.index.module.apply.resourcesUnion.entity.ResourcesUnion#14168], EntityKey[j.index.module.apply.resourcesUnion.entity.ResourcesUnion#14169], EntityKey[j.index.module.apply.resourcesUnion.entity.ResourcesUnion#14170], EntityKey[j.index.module.apply.resourcesUnion.entity.ResourcesUnion#14163], EntityKey[j.index.module.apply.resourcesUnion.entity.ResourcesUnion#14164], EntityKey[j.index.module.apply.resourcesUnion.entity.ResourcesUnion#14165], EntityKey[j.index.module.apply.resourcesUnion.entity.ResourcesUnion#14166], EntityKey[j.index.module.apply.resourcesUnion.entity.ResourcesUnion#14159], EntityKey[j.index.module.apply.resourcesUnion.entity.ResourcesUnion#14160], EntityKey[j.index.module.apply.resourcesUnion.entity.ResourcesUnion#14161], EntityKey[j.index.module.apply.resourcesUnion.entity.ResourcesUnion#14162], EntityKey[j.index.module.apply.resourcesUnion.entity.ResourcesUnion#14155], EntityKey[j.index.module.apply.resourcesUnion.entity.ResourcesUnion#14156], EntityKey[j.index.module.apply.resourcesUnion.entity.ResourcesUnion#14157], EntityKey[j.index.module.apply.resourcesUnion.entity.ResourcesUnion#14158], EntityKey[j.index.module.apply.resourcesUnion.entity.ResourcesUnion#14184], EntityKey[j.index.module.apply.resourcesUnion.entity.ResourcesUnion#14183], EntityKey[j.index.module.apply.resourcesUnion.entity.ResourcesUnion#14186], EntityKey[j.index.module.apply.resourcesUnion.entity.ResourcesUnion#14185], EntityKey[j.index.module.apply.resourcesUnion.entity.ResourcesUnion#14180], EntityKey[j.index.module.apply.resourcesUnion.entity.ResourcesUnion#14179], EntityKey[j.index.module.apply.resourcesUnion.entity.ResourcesUnion#14182], EntityKey[j.index.module.apply.resourcesUnion.entity.ResourcesUnion#14181], EntityKey[j.index.module.apply.resourcesUnion.entity.ResourcesUnion#14176], EntityKey[j.index.module.apply.resourcesUnion.entity.ResourcesUnion#14175], EntityKey[j.index.module.apply.resourcesUnion.entity.ResourcesUnion#14178], EntityKey[j.index.module.apply.resourcesUnion.entity.ResourcesUnion#14177], EntityKey[j.index.module.apply.resourcesUnion.entity.ResourcesUnion#14172], EntityKey[j.index.module.apply.resourcesUnion.entity.ResourcesUnion#14171], EntityKey[j.index.module.apply.resourcesUnion.entity.ResourcesUnion#14174], EntityKey[j.index.module.apply.resourcesUnion.entity.ResourcesUnion#14173], EntityKey[j.index.module.apply.resourcesUnion.entity.ResourcesUnion#14133], EntityKey[j.index.module.apply.resourcesUnion.entity.ResourcesUnion#14134], EntityKey[j.index.module.apply.resourcesUnion.entity.ResourcesUnion#14131], EntityKey[j.index.module.apply.resourcesUnion.entity.ResourcesUnion#14132], EntityKey[j.index.module.apply.resourcesUnion.entity.ResourcesUnion#14137], EntityKey[j.index.module.apply.resourcesUnion.entity.ResourcesUnion#14138], EntityKey[j.index.module.apply.resourcesUnion.entity.ResourcesUnion#14135], EntityKey[j.index.module.apply.resourcesUnion.entity.ResourcesUnion#14136], EntityKey[j.index.module.apply.resourcesUnion.entity.ResourcesUnion#14125], EntityKey[j.index.module.apply.resourcesUnion.entity.ResourcesUnion#14126], EntityKey[j.index.module.apply.resourcesUnion.entity.ResourcesUnion#14123], EntityKey[j.index.module.apply.resourcesUnion.entity.ResourcesUnion#14124], EntityKey[j.index.module.apply.resourcesUnion.entity.ResourcesUnion#14129], EntityKey[j.index.module.apply.resourcesUnion.entity.ResourcesUnion#14130], EntityKey[j.index.module.apply.resourcesUnion.entity.ResourcesUnion#14127], EntityKey[j.index.module.apply.resourcesUnion.entity.ResourcesUnion#14128], EntityKey[j.index.module.apply.resourcesUnion.entity.ResourcesUnion#14150], EntityKey[j.index.module.apply.resourcesUnion.entity.ResourcesUnion#14149], EntityKey[j.index.module.apply.resourcesUnion.entity.ResourcesUnion#14148], EntityKey[j.index.module.apply.resourcesUnion.entity.ResourcesUnion#14147], EntityKey[j.index.module.apply.resourcesUnion.entity.ResourcesUnion#14154], EntityKey[j.index.module.apply.resourcesUnion.entity.ResourcesUnion#14153], EntityKey[j.index.module.apply.resourcesUnion.entity.ResourcesUnion#14152], EntityKey[j.index.module.apply.resourcesUnion.entity.ResourcesUnion#14151], EntityKey[j.index.module.apply.resourcesUnion.entity.ResourcesUnion#14142], EntityKey[j.index.module.apply.resourcesUnion.entity.ResourcesUnion#14141], EntityKey[j.index.module.apply.resourcesUnion.entity.ResourcesUnion#14140], EntityKey[j.index.module.apply.resourcesUnion.entity.ResourcesUnion#14139], EntityKey[j.index.module.apply.resourcesUnion.entity.ResourcesUnion#14146], EntityKey[j.index.module.apply.resourcesUnion.entity.ResourcesUnion#14145], EntityKey[j.index.module.apply.resourcesUnion.entity.ResourcesUnion#14144], EntityKey[j.index.module.apply.resourcesUnion.entity.ResourcesUnion#14143], EntityKey[j.index.module.apply.resourcesUnion.entity.ResourcesUnion#14099], EntityKey[j.index.module.apply.resourcesUnion.entity.ResourcesUnion#14100], EntityKey[j.index.module.apply.resourcesUnion.entity.ResourcesUnion#14101], EntityKey[j.index.module.apply.resourcesUnion.entity.ResourcesUnion#14102], EntityKey[j.index.module.apply.resourcesUnion.entity.ResourcesUnion#14103], EntityKey[j.index.module.apply.resourcesUnion.entity.ResourcesUnion#14104], EntityKey[j.index.module.apply.resourcesUnion.entity.ResourcesUnion#14105], EntityKey[j.index.module.apply.resourcesUnion.entity.ResourcesUnion#14106], EntityKey[j.index.module.apply.resourcesUnion.entity.ResourcesUnion#14091], EntityKey[j.index.module.apply.resourcesUnion.entity.ResourcesUnion#14092], EntityKey[j.index.module.apply.resourcesUnion.entity.ResourcesUnion#14093], EntityKey[j.index.module.apply.resourcesUnion.entity.ResourcesUnion#14094], EntityKey[j.index.module.apply.resourcesUnion.entity.ResourcesUnion#14095], EntityKey[j.index.module.apply.resourcesUnion.entity.ResourcesUnion#14096], EntityKey[j.index.module.apply.resourcesUnion.entity.ResourcesUnion#14097], EntityKey[j.index.module.apply.resourcesUnion.entity.ResourcesUnion#14098], EntityKey[j.index.module.apply.resourcesUnion.entity.ResourcesUnion#14116], EntityKey[j.index.module.apply.resourcesUnion.entity.ResourcesUnion#14115], EntityKey[j.index.module.apply.resourcesUnion.entity.ResourcesUnion#14118], EntityKey[j.index.module.apply.resourcesUnion.entity.ResourcesUnion#14117], EntityKey[j.index.module.apply.resourcesUnion.entity.ResourcesUnion#14120], EntityKey[j.index.module.apply.resourcesUnion.entity.ResourcesUnion#14119], EntityKey[j.index.module.apply.resourcesUnion.entity.ResourcesUnion#14122], EntityKey[j.index.module.apply.resourcesUnion.entity.ResourcesUnion#14121], EntityKey[j.index.module.apply.resourcesUnion.entity.ResourcesUnion#14108], EntityKey[j.index.module.apply.resourcesUnion.entity.ResourcesUnion#14107], EntityKey[j.index.module.apply.resourcesUnion.entity.ResourcesUnion#14110], EntityKey[j.index.module.apply.resourcesUnion.entity.ResourcesUnion#14109], EntityKey[j.index.module.apply.resourcesUnion.entity.ResourcesUnion#14112], EntityKey[j.index.module.apply.resourcesUnion.entity.ResourcesUnion#14111], EntityKey[j.index.module.apply.resourcesUnion.entity.ResourcesUnion#14114], EntityKey[j.index.module.apply.resourcesUnion.entity.ResourcesUnion#14113], EntityKey[j.index.module.apply.resourcesUnion.entity.ResourcesUnion#14066], EntityKey[j.index.module.apply.resourcesUnion.entity.ResourcesUnion#14065], EntityKey[j.index.module.apply.resourcesUnion.entity.ResourcesUnion#14064], EntityKey[j.index.module.apply.resourcesUnion.entity.ResourcesUnion#14063], EntityKey[j.index.module.apply.resourcesUnion.entity.ResourcesUnion#14062], EntityKey[j.index.module.apply.resourcesUnion.entity.ResourcesUnion#14061], EntityKey[j.index.module.apply.resourcesUnion.entity.ResourcesUnion#14060], EntityKey[j.index.module.apply.resourcesUnion.entity.ResourcesUnion#14059], EntityKey[j.index.module.apply.resourcesUnion.entity.ResourcesUnion#14074], EntityKey[j.index.module.apply.resourcesUnion.entity.ResourcesUnion#14073], EntityKey[j.index.module.apply.resourcesUnion.entity.ResourcesUnion#14072], EntityKey[j.index.module.apply.resourcesUnion.entity.ResourcesUnion#14071], EntityKey[j.index.module.apply.resourcesUnion.entity.ResourcesUnion#14070], EntityKey[j.index.module.apply.resourcesUnion.entity.ResourcesUnion#14069], EntityKey[j.index.module.apply.resourcesUnion.entity.ResourcesUnion#14068], EntityKey[j.index.module.apply.resourcesUnion.entity.ResourcesUnion#14067], EntityKey[j.index.module.apply.resourcesUnion.entity.ResourcesUnion#14081], EntityKey[j.index.module.apply.resourcesUnion.entity.ResourcesUnion#14082], EntityKey[j.index.module.apply.resourcesUnion.entity.ResourcesUnion#14079], EntityKey[j.index.module.apply.resourcesUnion.entity.ResourcesUnion#14080], EntityKey[j.index.module.apply.resourcesUnion.entity.ResourcesUnion#14077], EntityKey[j.index.module.apply.resourcesUnion.entity.ResourcesUnion#14078], EntityKey[j.index.module.apply.resourcesUnion.entity.ResourcesUnion#14075], EntityKey[j.index.module.apply.resourcesUnion.entity.ResourcesUnion#14076], EntityKey[j.index.module.apply.resourcesUnion.entity.ResourcesUnion#14089], EntityKey[j.index.module.apply.resourcesUnion.entity.ResourcesUnion#14090], EntityKey[j.index.module.apply.resourcesUnion.entity.ResourcesUnion#14087], EntityKey[j.index.module.apply.resourcesUnion.entity.ResourcesUnion#14088], EntityKey[j.index.module.apply.resourcesUnion.entity.ResourcesUnion#14085], EntityKey[j.index.module.apply.resourcesUnion.entity.ResourcesUnion#14086], EntityKey[j.index.module.apply.resourcesUnion.entity.ResourcesUnion#14083], EntityKey[j.index.module.apply.resourcesUnion.entity.ResourcesUnion#14084], EntityKey[j.index.module.apply.resourcesUnion.entity.ResourcesUnion#14032], EntityKey[j.index.module.apply.resourcesUnion.entity.ResourcesUnion#14031], EntityKey[j.index.module.apply.resourcesUnion.entity.ResourcesUnion#14034], EntityKey[j.index.module.apply.resourcesUnion.entity.ResourcesUnion#14033], EntityKey[j.index.module.apply.resourcesUnion.entity.ResourcesUnion#14028], EntityKey[j.index.module.apply.resourcesUnion.entity.ResourcesUnion#14027], EntityKey[j.index.module.apply.resourcesUnion.entity.ResourcesUnion#14030], EntityKey[j.index.module.apply.resourcesUnion.entity.ResourcesUnion#14029], EntityKey[j.index.module.apply.resourcesUnion.entity.ResourcesUnion#14040], EntityKey[j.index.module.apply.resourcesUnion.entity.ResourcesUnion#14039], EntityKey[j.index.module.apply.resourcesUnion.entity.ResourcesUnion#14042], EntityKey[j.index.module.apply.resourcesUnion.entity.ResourcesUnion#14041], EntityKey[j.index.module.apply.resourcesUnion.entity.ResourcesUnion#14036], EntityKey[j.index.module.apply.resourcesUnion.entity.ResourcesUnion#14035], EntityKey[j.index.module.apply.resourcesUnion.entity.ResourcesUnion#14038], EntityKey[j.index.module.apply.resourcesUnion.entity.ResourcesUnion#14037], EntityKey[j.index.module.apply.resourcesUnion.entity.ResourcesUnion#14047], EntityKey[j.index.module.apply.resourcesUnion.entity.ResourcesUnion#14048], EntityKey[j.index.module.apply.resourcesUnion.entity.ResourcesUnion#14049], EntityKey[j.index.module.apply.resourcesUnion.entity.ResourcesUnion#14050], EntityKey[j.index.module.apply.resourcesUnion.entity.ResourcesUnion#14043], EntityKey[j.index.module.apply.resourcesUnion.entity.ResourcesUnion#14044], EntityKey[j.index.module.apply.resourcesUnion.entity.ResourcesUnion#14045], EntityKey[j.index.module.apply.resourcesUnion.entity.ResourcesUnion#14046], EntityKey[j.index.module.apply.resourcesUnion.entity.ResourcesUnion#14055], EntityKey[j.index.module.apply.resourcesUnion.entity.ResourcesUnion#14056], EntityKey[j.index.module.apply.resourcesUnion.entity.ResourcesUnion#14057], EntityKey[j.index.module.apply.resourcesUnion.entity.ResourcesUnion#14058], EntityKey[j.index.module.apply.resourcesUnion.entity.ResourcesUnion#14051], EntityKey[j.index.module.apply.resourcesUnion.entity.ResourcesUnion#14052], EntityKey[j.index.module.apply.resourcesUnion.entity.ResourcesUnion#14053], EntityKey[j.index.module.apply.resourcesUnion.entity.ResourcesUnion#14054], EntityKey[j.index.module.apply.resourcesUnion.entity.ResourcesUnion#13998], EntityKey[j.index.module.apply.resourcesUnion.entity.ResourcesUnion#13997], EntityKey[j.index.module.apply.resourcesUnion.entity.ResourcesUnion#13996], EntityKey[j.index.module.apply.resourcesUnion.entity.ResourcesUnion#13995], EntityKey[j.index.module.apply.resourcesUnion.entity.ResourcesUnion#14002], EntityKey[j.index.module.apply.resourcesUnion.entity.ResourcesUnion#14001], EntityKey[j.index.module.apply.resourcesUnion.entity.ResourcesUnion#14000], EntityKey[j.index.module.apply.resourcesUnion.entity.ResourcesUnion#13999], EntityKey[j.index.module.apply.resourcesUnion.entity.ResourcesUnion#14006], EntityKey[j.index.module.apply.resourcesUnion.entity.ResourcesUnion#14005], EntityKey[j.index.module.apply.resourcesUnion.entity.ResourcesUnion#14004], EntityKey[j.index.module.apply.resourcesUnion.entity.ResourcesUnion#14003], EntityKey[j.index.module.apply.resourcesUnion.entity.ResourcesUnion#14010], EntityKey[j.index.module.apply.resourcesUnion.entity.ResourcesUnion#14009], EntityKey[j.index.module.apply.resourcesUnion.entity.ResourcesUnion#14008], EntityKey[j.index.module.apply.resourcesUnion.entity.ResourcesUnion#14007], EntityKey[j.index.module.apply.resourcesUnion.entity.ResourcesUnion#14013], EntityKey[j.index.module.apply.resourcesUnion.entity.ResourcesUnion#14014], EntityKey[j.index.module.apply.resourcesUnion.entity.ResourcesUnion#14011], EntityKey[j.index.module.apply.resourcesUnion.entity.ResourcesUnion#14012], EntityKey[j.index.module.apply.resourcesUnion.entity.ResourcesUnion#14017], EntityKey[j.index.module.apply.resourcesUnion.entity.ResourcesUnion#14018], EntityKey[j.index.module.apply.resourcesUnion.entity.ResourcesUnion#14015], EntityKey[j.index.module.apply.resourcesUnion.entity.ResourcesUnion#14016], EntityKey[j.index.module.apply.resourcesUnion.entity.ResourcesUnion#14021], EntityKey[j.index.module.apply.resourcesUnion.entity.ResourcesUnion#14022], EntityKey[j.index.module.apply.resourcesUnion.entity.ResourcesUnion#14019], EntityKey[j.index.module.apply.resourcesUnion.entity.ResourcesUnion#14020], EntityKey[j.index.module.apply.resourcesUnion.entity.ResourcesUnion#14025], EntityKey[j.index.module.apply.resourcesUnion.entity.ResourcesUnion#14026], EntityKey[j.index.module.apply.resourcesUnion.entity.ResourcesUnion#14023], EntityKey[j.index.module.apply.resourcesUnion.entity.ResourcesUnion#14024], EntityKey[j.index.module.apply.resourcesUnion.entity.ResourcesUnion#13964], EntityKey[j.index.module.apply.resourcesUnion.entity.ResourcesUnion#13963], EntityKey[j.index.module.apply.resourcesUnion.entity.ResourcesUnion#13966], EntityKey[j.index.module.apply.resourcesUnion.entity.ResourcesUnion#13965], EntityKey[j.index.module.apply.resourcesUnion.entity.ResourcesUnion#13968], EntityKey[j.index.module.apply.resourcesUnion.entity.ResourcesUnion#13967], EntityKey[j.index.module.apply.resourcesUnion.entity.ResourcesUnion#13970], EntityKey[j.index.module.apply.resourcesUnion.entity.ResourcesUnion#13969], EntityKey[j.index.module.apply.resourcesUnion.entity.ResourcesUnion#13972], EntityKey[j.index.module.apply.resourcesUnion.entity.ResourcesUnion#13971], EntityKey[j.index.module.apply.resourcesUnion.entity.ResourcesUnion#13974], EntityKey[j.index.module.apply.resourcesUnion.entity.ResourcesUnion#13973], EntityKey[j.index.module.apply.resourcesUnion.entity.ResourcesUnion#13976], EntityKey[j.index.module.apply.resourcesUnion.entity.ResourcesUnion#13975], EntityKey[j.index.module.apply.resourcesUnion.entity.ResourcesUnion#13978], EntityKey[j.index.module.apply.resourcesUnion.entity.ResourcesUnion#13977], EntityKey[j.index.module.apply.resourcesUnion.entity.ResourcesUnion#13979], EntityKey[j.index.module.apply.resourcesUnion.entity.ResourcesUnion#13980], EntityKey[j.index.module.apply.resourcesUnion.entity.ResourcesUnion#13981], EntityKey[j.index.module.apply.resourcesUnion.entity.ResourcesUnion#13982], EntityKey[j.index.module.apply.resourcesUnion.entity.ResourcesUnion#13983], EntityKey[j.index.module.apply.resourcesUnion.entity.ResourcesUnion#13984], EntityKey[j.index.module.apply.resourcesUnion.entity.ResourcesUnion#13985], EntityKey[j.index.module.apply.resourcesUnion.entity.ResourcesUnion#13986], EntityKey[j.index.module.apply.resourcesUnion.entity.ResourcesUnion#13987], EntityKey[j.index.module.apply.resourcesUnion.entity.ResourcesUnion#13988], EntityKey[j.index.module.apply.resourcesUnion.entity.ResourcesUnion#13989], EntityKey[j.index.module.apply.resourcesUnion.entity.ResourcesUnion#13990], EntityKey[j.index.module.apply.resourcesUnion.entity.ResourcesUnion#13991], EntityKey[j.index.module.apply.resourcesUnion.entity.ResourcesUnion#13992], EntityKey[j.index.module.apply.resourcesUnion.entity.ResourcesUnion#13993], EntityKey[j.index.module.apply.resourcesUnion.entity.ResourcesUnion#13994], EntityKey[j.index.module.apply.resourcesUnion.entity.ResourcesUnion#13960], EntityKey[j.index.module.apply.resourcesUnion.entity.ResourcesUnion#13959], EntityKey[j.index.module.apply.resourcesUnion.entity.ResourcesUnion#13962], EntityKey[j.index.module.apply.resourcesUnion.entity.ResourcesUnion#13961], EntityKey[j.index.module.apply.resourcesUnion.entity.ResourcesUnion#13956], EntityKey[j.index.module.apply.resourcesUnion.entity.ResourcesUnion#13955], EntityKey[j.index.module.apply.resourcesUnion.entity.ResourcesUnion#13958], EntityKey[j.index.module.apply.resourcesUnion.entity.ResourcesUnion#13957], EntityKey[j.index.module.apply.resourcesUnion.entity.ResourcesUnion#13952], EntityKey[j.index.module.apply.resourcesUnion.entity.ResourcesUnion#13951], EntityKey[j.index.module.apply.resourcesUnion.entity.ResourcesUnion#13954], EntityKey[j.index.module.apply.resourcesUnion.entity.ResourcesUnion#13953], EntityKey[j.index.module.apply.resourcesUnion.entity.ResourcesUnion#13948], EntityKey[j.index.module.apply.resourcesUnion.entity.ResourcesUnion#13947], EntityKey[j.index.module.apply.resourcesUnion.entity.ResourcesUnion#13950], EntityKey[j.index.module.apply.resourcesUnion.entity.ResourcesUnion#13949], EntityKey[j.index.module.apply.resourcesUnion.entity.ResourcesUnion#13943], EntityKey[j.index.module.apply.resourcesUnion.entity.ResourcesUnion#13944], EntityKey[j.index.module.apply.resourcesUnion.entity.ResourcesUnion#13945], EntityKey[j.index.module.apply.resourcesUnion.entity.ResourcesUnion#13946], EntityKey[j.index.module.apply.resourcesUnion.entity.ResourcesUnion#13939], EntityKey[j.index.module.apply.resourcesUnion.entity.ResourcesUnion#13940], EntityKey[j.index.module.apply.resourcesUnion.entity.ResourcesUnion#13941], EntityKey[j.index.module.apply.resourcesUnion.entity.ResourcesUnion#13942], EntityKey[j.index.module.apply.resourcesUnion.entity.ResourcesUnion#13935], EntityKey[j.index.module.apply.resourcesUnion.entity.ResourcesUnion#13936], EntityKey[j.index.module.apply.resourcesUnion.entity.ResourcesUnion#13937], EntityKey[j.index.module.apply.resourcesUnion.entity.ResourcesUnion#13938], EntityKey[j.index.module.apply.resourcesUnion.entity.ResourcesUnion#13931], EntityKey[j.index.module.apply.resourcesUnion.entity.ResourcesUnion#13932], EntityKey[j.index.module.apply.resourcesUnion.entity.ResourcesUnion#13933], EntityKey[j.index.module.apply.resourcesUnion.entity.ResourcesUnion#13934], EntityKey[j.index.module.apply.resourcesUnion.entity.ResourcesUnion#13930], EntityKey[j.index.module.apply.resourcesUnion.entity.ResourcesUnion#13929], EntityKey[j.index.module.apply.resourcesUnion.entity.ResourcesUnion#13928], EntityKey[j.index.module.apply.resourcesUnion.entity.ResourcesUnion#13927], EntityKey[j.index.module.apply.resourcesUnion.entity.ResourcesUnion#13926], EntityKey[j.index.module.apply.resourcesUnion.entity.ResourcesUnion#13925], EntityKey[j.index.module.apply.resourcesUnion.entity.ResourcesUnion#13924], EntityKey[j.index.module.apply.resourcesUnion.entity.ResourcesUnion#13923], EntityKey[j.index.module.apply.resourcesUnion.entity.ResourcesUnion#13922], EntityKey[j.index.module.apply.resourcesUnion.entity.ResourcesUnion#13921], EntityKey[j.index.module.apply.resourcesUnion.entity.ResourcesUnion#13920], EntityKey[j.index.module.apply.resourcesUnion.entity.ResourcesUnion#13919], EntityKey[j.index.module.apply.resourcesUnion.entity.ResourcesUnion#13918], EntityKey[j.index.module.apply.resourcesUnion.entity.ResourcesUnion#13917], EntityKey[j.index.module.apply.resourcesUnion.entity.ResourcesUnion#13916], EntityKey[j.index.module.apply.resourcesUnion.entity.ResourcesUnion#13915], EntityKey[j.index.module.apply.resourcesUnion.entity.ResourcesUnion#13913], EntityKey[j.index.module.apply.resourcesUnion.entity.ResourcesUnion#13914], EntityKey[j.index.module.apply.resourcesUnion.entity.ResourcesUnion#13911], EntityKey[j.index.module.apply.resourcesUnion.entity.ResourcesUnion#13912], EntityKey[j.index.module.apply.resourcesUnion.entity.ResourcesUnion#13909], EntityKey[j.index.module.apply.resourcesUnion.entity.ResourcesUnion#13910], EntityKey[j.index.module.apply.resourcesUnion.entity.ResourcesUnion#13907], EntityKey[j.index.module.apply.resourcesUnion.entity.ResourcesUnion#13908], EntityKey[j.index.module.apply.resourcesUnion.entity.ResourcesUnion#13905], EntityKey[j.index.module.apply.resourcesUnion.entity.ResourcesUnion#13906], EntityKey[j.index.module.apply.resourcesUnion.entity.ResourcesUnion#13903], EntityKey[j.index.module.apply.resourcesUnion.entity.ResourcesUnion#13904], EntityKey[j.index.module.apply.resourcesUnion.entity.ResourcesUnion#13901], EntityKey[j.index.module.apply.resourcesUnion.entity.ResourcesUnion#13902], EntityKey[j.index.module.apply.resourcesUnion.entity.ResourcesUnion#13899], EntityKey[j.index.module.apply.resourcesUnion.entity.ResourcesUnion#13900], EntityKey[j.index.module.apply.resourcesUnion.entity.ResourcesUnion#13892], EntityKey[j.index.module.apply.resourcesUnion.entity.ResourcesUnion#13891], EntityKey[j.index.module.apply.resourcesUnion.entity.ResourcesUnion#13894], EntityKey[j.index.module.apply.resourcesUnion.entity.ResourcesUnion#13893], EntityKey[j.index.module.apply.resourcesUnion.entity.ResourcesUnion#13896], EntityKey[j.index.module.apply.resourcesUnion.entity.ResourcesUnion#13895], EntityKey[j.index.module.apply.resourcesUnion.entity.ResourcesUnion#13898], EntityKey[j.index.module.apply.resourcesUnion.entity.ResourcesUnion#13897], EntityKey[j.index.module.apply.resourcesUnion.entity.ResourcesUnion#13884], EntityKey[j.index.module.apply.resourcesUnion.entity.ResourcesUnion#13883], EntityKey[j.index.module.apply.resourcesUnion.entity.ResourcesUnion#13886], EntityKey[j.index.module.apply.resourcesUnion.entity.ResourcesUnion#13885], EntityKey[j.index.module.apply.resourcesUnion.entity.ResourcesUnion#13888], EntityKey[j.index.module.apply.resourcesUnion.entity.ResourcesUnion#13887], EntityKey[j.index.module.apply.resourcesUnion.entity.ResourcesUnion#13890], EntityKey[j.index.module.apply.resourcesUnion.entity.ResourcesUnion#13889], EntityKey[j.index.module.apply.resourcesUnion.entity.ResourcesUnion#13875], EntityKey[j.index.module.apply.resourcesUnion.entity.ResourcesUnion#13876], EntityKey[j.index.module.apply.resourcesUnion.entity.ResourcesUnion#13877], EntityKey[j.index.module.apply.resourcesUnion.entity.ResourcesUnion#13878], EntityKey[j.index.module.apply.resourcesUnion.entity.ResourcesUnion#13879], EntityKey[j.index.module.apply.resourcesUnion.entity.ResourcesUnion#13880], EntityKey[j.index.module.apply.resourcesUnion.entity.ResourcesUnion#13881], EntityKey[j.index.module.apply.resourcesUnion.entity.ResourcesUnion#13882], EntityKey[j.index.module.apply.resourcesUnion.entity.ResourcesUnion#13867], EntityKey[j.index.module.apply.resourcesUnion.entity.ResourcesUnion#13868], EntityKey[j.index.module.apply.resourcesUnion.entity.ResourcesUnion#13869], EntityKey[j.index.module.apply.resourcesUnion.entity.ResourcesUnion#13870], EntityKey[j.index.module.apply.resourcesUnion.entity.ResourcesUnion#13871], EntityKey[j.index.module.apply.resourcesUnion.entity.ResourcesUnion#13872], EntityKey[j.index.module.apply.resourcesUnion.entity.ResourcesUnion#13873], EntityKey[j.index.module.apply.resourcesUnion.entity.ResourcesUnion#13874], EntityKey[j.index.module.apply.resourcesUnion.entity.ResourcesUnion#13862], EntityKey[j.index.module.apply.resourcesUnion.entity.ResourcesUnion#13861], EntityKey[j.index.module.apply.resourcesUnion.entity.ResourcesUnion#13860], EntityKey[j.index.module.apply.resourcesUnion.entity.ResourcesUnion#13859], EntityKey[j.index.module.apply.resourcesUnion.entity.ResourcesUnion#13866], EntityKey[j.index.module.apply.resourcesUnion.entity.ResourcesUnion#13865], EntityKey[j.index.module.apply.resourcesUnion.entity.ResourcesUnion#13864], EntityKey[j.index.module.apply.resourcesUnion.entity.ResourcesUnion#13863], EntityKey[j.index.module.apply.resourcesUnion.entity.ResourcesUnion#13854], EntityKey[j.index.module.apply.resourcesUnion.entity.ResourcesUnion#13853], EntityKey[j.index.module.apply.resourcesUnion.entity.ResourcesUnion#13852], EntityKey[j.index.module.apply.resourcesUnion.entity.ResourcesUnion#13851], EntityKey[j.index.module.apply.resourcesUnion.entity.ResourcesUnion#13858], EntityKey[j.index.module.apply.resourcesUnion.entity.ResourcesUnion#13857], EntityKey[j.index.module.apply.resourcesUnion.entity.ResourcesUnion#13856], EntityKey[j.index.module.apply.resourcesUnion.entity.ResourcesUnion#13855], EntityKey[j.index.module.apply.resourcesUnion.entity.ResourcesUnion#13845], EntityKey[j.index.module.apply.resourcesUnion.entity.ResourcesUnion#13846], EntityKey[j.index.module.apply.resourcesUnion.entity.ResourcesUnion#13843], EntityKey[j.index.module.apply.resourcesUnion.entity.ResourcesUnion#13844], EntityKey[j.index.module.apply.resourcesUnion.entity.ResourcesUnion#13849], EntityKey[j.index.module.apply.resourcesUnion.entity.ResourcesUnion#13850], EntityKey[j.index.module.apply.resourcesUnion.entity.ResourcesUnion#13847], EntityKey[j.index.module.apply.resourcesUnion.entity.ResourcesUnion#13848], EntityKey[j.index.module.apply.resourcesUnion.entity.ResourcesUnion#13837], EntityKey[j.index.module.apply.resourcesUnion.entity.ResourcesUnion#13838], EntityKey[j.index.module.apply.resourcesUnion.entity.ResourcesUnion#13835], EntityKey[j.index.module.apply.resourcesUnion.entity.ResourcesUnion#13836], EntityKey[j.index.module.apply.resourcesUnion.entity.ResourcesUnion#13841], EntityKey[j.index.module.apply.resourcesUnion.entity.ResourcesUnion#13842], EntityKey[j.index.module.apply.resourcesUnion.entity.ResourcesUnion#13839], EntityKey[j.index.module.apply.resourcesUnion.entity.ResourcesUnion#13840], EntityKey[j.index.module.apply.resourcesUnion.entity.ResourcesUnion#13823], EntityKey[j.index.module.apply.resourcesUnion.entity.ResourcesUnion#13824], EntityKey[j.index.module.apply.resourcesUnion.entity.ResourcesUnion#13825], EntityKey[j.index.module.apply.resourcesUnion.entity.ResourcesUnion#13826], EntityKey[j.index.module.apply.resourcesUnion.entity.ResourcesUnion#13819], EntityKey[j.index.module.apply.resourcesUnion.entity.ResourcesUnion#13820], EntityKey[j.index.module.apply.resourcesUnion.entity.ResourcesUnion#13821], EntityKey[j.index.module.apply.resourcesUnion.entity.ResourcesUnion#13822], EntityKey[j.index.module.apply.resourcesUnion.entity.ResourcesUnion#13831], EntityKey[j.index.module.apply.resourcesUnion.entity.ResourcesUnion#13832], EntityKey[j.index.module.apply.resourcesUnion.entity.ResourcesUnion#13833], EntityKey[j.index.module.apply.resourcesUnion.entity.ResourcesUnion#13834], EntityKey[j.index.module.apply.resourcesUnion.entity.ResourcesUnion#13827], EntityKey[j.index.module.apply.resourcesUnion.entity.ResourcesUnion#13828], EntityKey[j.index.module.apply.resourcesUnion.entity.ResourcesUnion#13829], EntityKey[j.index.module.apply.resourcesUnion.entity.ResourcesUnion#13830], EntityKey[j.index.module.apply.resourcesUnion.entity.ResourcesUnion#13808], EntityKey[j.index.module.apply.resourcesUnion.entity.ResourcesUnion#13807], EntityKey[j.index.module.apply.resourcesUnion.entity.ResourcesUnion#13810], EntityKey[j.index.module.apply.resourcesUnion.entity.ResourcesUnion#13809], EntityKey[j.index.module.apply.resourcesUnion.entity.ResourcesUnion#13804], EntityKey[j.index.module.apply.resourcesUnion.entity.ResourcesUnion#13803], EntityKey[j.index.module.apply.resourcesUnion.entity.ResourcesUnion#13806], EntityKey[j.index.module.apply.resourcesUnion.entity.ResourcesUnion#13805], EntityKey[j.index.module.apply.resourcesUnion.entity.ResourcesUnion#13816], EntityKey[j.index.module.apply.resourcesUnion.entity.ResourcesUnion#13815], EntityKey[j.index.module.apply.resourcesUnion.entity.ResourcesUnion#13818], EntityKey[j.index.module.apply.resourcesUnion.entity.ResourcesUnion#13817], EntityKey[j.index.module.apply.resourcesUnion.entity.ResourcesUnion#13812], EntityKey[j.index.module.apply.resourcesUnion.entity.ResourcesUnion#13811], EntityKey[j.index.module.apply.resourcesUnion.entity.ResourcesUnion#13814], EntityKey[j.index.module.apply.resourcesUnion.entity.ResourcesUnion#13813], EntityKey[j.index.module.apply.resourcesUnion.entity.ResourcesUnion#13793], EntityKey[j.index.module.apply.resourcesUnion.entity.ResourcesUnion#13794], EntityKey[j.index.module.apply.resourcesUnion.entity.ResourcesUnion#13791], EntityKey[j.index.module.apply.resourcesUnion.entity.ResourcesUnion#13792], EntityKey[j.index.module.apply.resourcesUnion.entity.ResourcesUnion#13789], EntityKey[j.index.module.apply.resourcesUnion.entity.ResourcesUnion#13790], EntityKey[j.index.module.apply.resourcesUnion.entity.ResourcesUnion#13787], EntityKey[j.index.module.apply.resourcesUnion.entity.ResourcesUnion#13788], EntityKey[j.index.module.apply.resourcesUnion.entity.ResourcesUnion#13801], EntityKey[j.index.module.apply.resourcesUnion.entity.ResourcesUnion#13802], EntityKey[j.index.module.apply.resourcesUnion.entity.ResourcesUnion#13799], EntityKey[j.index.module.apply.resourcesUnion.entity.ResourcesUnion#13800], EntityKey[j.index.module.apply.resourcesUnion.entity.ResourcesUnion#13797], EntityKey[j.index.module.apply.resourcesUnion.entity.ResourcesUnion#13798], EntityKey[j.index.module.apply.resourcesUnion.entity.ResourcesUnion#13795], EntityKey[j.index.module.apply.resourcesUnion.entity.ResourcesUnion#13796], EntityKey[j.index.module.apply.resourcesUnion.entity.ResourcesUnion#13778], EntityKey[j.index.module.apply.resourcesUnion.entity.ResourcesUnion#13777], EntityKey[j.index.module.apply.resourcesUnion.entity.ResourcesUnion#13776], EntityKey[j.index.module.apply.resourcesUnion.entity.ResourcesUnion#13775], EntityKey[j.index.module.apply.resourcesUnion.entity.ResourcesUnion#13774], EntityKey[j.index.module.apply.resourcesUnion.entity.ResourcesUnion#13773], EntityKey[j.index.module.apply.resourcesUnion.entity.ResourcesUnion#13772], EntityKey[j.index.module.apply.resourcesUnion.entity.ResourcesUnion#13771], EntityKey[j.index.module.apply.resourcesUnion.entity.ResourcesUnion#13786], EntityKey[j.index.module.apply.resourcesUnion.entity.ResourcesUnion#13785], EntityKey[j.index.module.apply.resourcesUnion.entity.ResourcesUnion#13784], EntityKey[j.index.module.apply.resourcesUnion.entity.ResourcesUnion#13783], EntityKey[j.index.module.apply.resourcesUnion.entity.ResourcesUnion#13782], EntityKey[j.index.module.apply.resourcesUnion.entity.ResourcesUnion#13781], EntityKey[j.index.module.apply.resourcesUnion.entity.ResourcesUnion#13780], EntityKey[j.index.module.apply.resourcesUnion.entity.ResourcesUnion#13779], EntityKey[j.index.module.apply.resourcesUnion.entity.ResourcesUnion#13755], EntityKey[j.index.module.apply.resourcesUnion.entity.ResourcesUnion#13756], EntityKey[j.index.module.apply.resourcesUnion.entity.ResourcesUnion#13757], EntityKey[j.index.module.apply.resourcesUnion.entity.ResourcesUnion#13758], EntityKey[j.index.module.apply.resourcesUnion.entity.ResourcesUnion#13759], EntityKey[j.index.module.apply.resourcesUnion.entity.ResourcesUnion#13760], EntityKey[j.index.module.apply.resourcesUnion.entity.ResourcesUnion#13761], EntityKey[j.index.module.apply.resourcesUnion.entity.ResourcesUnion#13762], EntityKey[j.index.module.apply.resourcesUnion.entity.ResourcesUnion#13763], EntityKey[j.index.module.apply.resourcesUnion.entity.ResourcesUnion#13764], EntityKey[j.index.module.apply.resourcesUnion.entity.ResourcesUnion#13765], EntityKey[j.index.module.apply.resourcesUnion.entity.ResourcesUnion#13766], EntityKey[j.index.module.apply.resourcesUnion.entity.ResourcesUnion#13767], EntityKey[j.index.module.apply.resourcesUnion.entity.ResourcesUnion#13768], EntityKey[j.index.module.apply.resourcesUnion.entity.ResourcesUnion#13769], EntityKey[j.index.module.apply.resourcesUnion.entity.ResourcesUnion#13770], EntityKey[j.index.module.apply.resourcesUnion.entity.ResourcesUnion#13740], EntityKey[j.index.module.apply.resourcesUnion.entity.ResourcesUnion#13739], EntityKey[j.index.module.apply.resourcesUnion.entity.ResourcesUnion#13742], EntityKey[j.index.module.apply.resourcesUnion.entity.ResourcesUnion#13741], EntityKey[j.index.module.apply.resourcesUnion.entity.ResourcesUnion#13744], EntityKey[j.index.module.apply.resourcesUnion.entity.ResourcesUnion#13743], EntityKey[j.index.module.apply.resourcesUnion.entity.ResourcesUnion#13746], EntityKey[j.index.module.apply.resourcesUnion.entity.ResourcesUnion#13745], EntityKey[j.index.module.apply.resourcesUnion.entity.ResourcesUnion#13748], EntityKey[j.index.module.apply.resourcesUnion.entity.ResourcesUnion#13747], EntityKey[j.index.module.apply.resourcesUnion.entity.ResourcesUnion#13750], EntityKey[j.index.module.apply.resourcesUnion.entity.ResourcesUnion#13749], EntityKey[j.index.module.apply.resourcesUnion.entity.ResourcesUnion#13752], EntityKey[j.index.module.apply.resourcesUnion.entity.ResourcesUnion#13751], EntityKey[j.index.module.apply.resourcesUnion.entity.ResourcesUnion#13754], EntityKey[j.index.module.apply.resourcesUnion.entity.ResourcesUnion#13753], EntityKey[j.index.module.apply.resourcesUnion.entity.ResourcesUnion#13725], EntityKey[j.index.module.apply.resourcesUnion.entity.ResourcesUnion#13726], EntityKey[j.index.module.apply.resourcesUnion.entity.ResourcesUnion#13723], EntityKey[j.index.module.apply.resourcesUnion.entity.ResourcesUnion#13724], EntityKey[j.index.module.apply.resourcesUnion.entity.ResourcesUnion#13729], EntityKey[j.index.module.apply.resourcesUnion.entity.ResourcesUnion#13730], EntityKey[j.index.module.apply.resourcesUnion.entity.ResourcesUnion#13727], EntityKey[j.index.module.apply.resourcesUnion.entity.ResourcesUnion#13728], EntityKey[j.index.module.apply.resourcesUnion.entity.ResourcesUnion#13733], EntityKey[j.index.module.apply.resourcesUnion.entity.ResourcesUnion#13734], EntityKey[j.index.module.apply.resourcesUnion.entity.ResourcesUnion#13731], EntityKey[j.index.module.apply.resourcesUnion.entity.ResourcesUnion#13732], EntityKey[j.index.module.apply.resourcesUnion.entity.ResourcesUnion#13737], EntityKey[j.index.module.apply.resourcesUnion.entity.ResourcesUnion#13738], EntityKey[j.index.module.apply.resourcesUnion.entity.ResourcesUnion#13735], EntityKey[j.index.module.apply.resourcesUnion.entity.ResourcesUnion#13736], EntityKey[j.index.module.apply.resourcesUnion.entity.ResourcesUnion#13710], EntityKey[j.index.module.apply.resourcesUnion.entity.ResourcesUnion#13709], EntityKey[j.index.module.apply.resourcesUnion.entity.ResourcesUnion#13708], EntityKey[j.index.module.apply.resourcesUnion.entity.ResourcesUnion#13707], EntityKey[j.index.module.apply.resourcesUnion.entity.ResourcesUnion#13714], EntityKey[j.index.module.apply.resourcesUnion.entity.ResourcesUnion#13713], EntityKey[j.index.module.apply.resourcesUnion.entity.ResourcesUnion#13712], EntityKey[j.index.module.apply.resourcesUnion.entity.ResourcesUnion#13711], EntityKey[j.index.module.apply.resourcesUnion.entity.ResourcesUnion#13718], EntityKey[j.index.module.apply.resourcesUnion.entity.ResourcesUnion#13717], EntityKey[j.index.module.apply.resourcesUnion.entity.ResourcesUnion#13716], EntityKey[j.index.module.apply.resourcesUnion.entity.ResourcesUnion#13715], EntityKey[j.index.module.apply.resourcesUnion.entity.ResourcesUnion#13722], EntityKey[j.index.module.apply.resourcesUnion.entity.ResourcesUnion#13721], EntityKey[j.index.module.apply.resourcesUnion.entity.ResourcesUnion#13720], EntityKey[j.index.module.apply.resourcesUnion.entity.ResourcesUnion#13719]],collectionKeys=[]];ActionQueue[insertions=org.hibernate.engine.spi.ExecutableList@16ebd2a updates=org.hibernate.engine.spi.ExecutableList@14550bb deletions=org.hibernate.engine.spi.ExecutableList@1b75f15 orphanRemovals=org.hibernate.engine.spi.ExecutableList@1c39c2e collectionCreations=org.hibernate.engine.spi.ExecutableList@142991e collectionRemovals=org.hibernate.engine.spi.ExecutableList@152a20a collectionUpdates=org.hibernate.engine.spi.ExecutableList@c7dc6 collectionQueuedOps=org.hibernate.engine.spi.ExecutableList@158a9b unresolvedInsertDependencies=UnresolvedEntityInsertActions[]])] after transaction
[2014-11-03 14:14:40,973] INFO  (TransactionalTestExecutionListener.java:298).endTransaction - Committed transaction after test execution for test context [DefaultTestContext@9e9a09 testClass = ResourcesUnionServiceTest, testInstance = j.index.module.setting.resourcesUnion.service.ResourcesUnionServiceTest@92fb8e, testMethod = testCRUD@ResourcesUnionServiceTest, testException = java.lang.AssertionError: expected:&lt;2&gt; but was:&lt;14384&gt;, mergedContextConfiguration = [MergedContextConfiguration@1c151fc testClass = ResourcesUnionServiceTest, locations = &apos;{classpath:config/spring-context.xml, classpath:config/spring-service.xml, classpath:config/spring-database.xml}&apos;, classes = &apos;{}&apos;, contextInitializerClasses = &apos;[]&apos;, activeProfiles = &apos;{dev}&apos;, contextLoader = &apos;org.springframework.test.context.support.DelegatingSmartContextLoader&apos;, parent = [null]]]
[2014-11-03 14:14:40,973] DEBUG (DirtiesContextTestExecutionListener.java:94).afterTestMethod - After test method: context [DefaultTestContext@9e9a09 testClass = ResourcesUnionServiceTest, testInstance = j.index.module.setting.resourcesUnion.service.ResourcesUnionServiceTest@92fb8e, testMethod = testCRUD@ResourcesUnionServiceTest, testException = java.lang.AssertionError: expected:&lt;2&gt; but was:&lt;14384&gt;, mergedContextConfiguration = [MergedContextConfiguration@1c151fc testClass = ResourcesUnionServiceTest, locations = &apos;{classpath:config/spring-context.xml, classpath:config/spring-service.xml, classpath:config/spring-database.xml}&apos;, classes = &apos;{}&apos;, contextInitializerClasses = &apos;[]&apos;, activeProfiles = &apos;{dev}&apos;, contextLoader = &apos;org.springframework.test.context.support.DelegatingSmartContextLoader&apos;, parent = [null]]], class dirties context [false], class mode [null], method dirties context [false].
</system-out>
  </testcase>
</testsuite>